
Xvnc Free Edition 4.1.1 - built Feb 25 2015 23:02:21
Copyright (C) 2002-2005 RealVNC Ltd.
See http://www.realvnc.com for information on VNC.
Underlying X server release 40300000, The XFree86 Project, Inc


Fri Sep 13 08:50:37 2019
 vncext:      VNC extension running!
 vncext:      Listening for VNC connections on port 5955
 vncext:      created VNC server for screen 0
error opening security policy file /etc/X11/xserver/SecurityPolicy
Could not init font path element /usr/X11R6/lib/X11/fonts/Type1/, removing from list!
Could not init font path element /usr/X11R6/lib/X11/fonts/Speedo/, removing from list!
Could not init font path element /usr/X11R6/lib/X11/fonts/misc/, removing from list!
Could not init font path element /usr/X11R6/lib/X11/fonts/75dpi/, removing from list!
Could not init font path element /usr/X11R6/lib/X11/fonts/100dpi/, removing from list!
Could not init font path element /usr/share/fonts/X11/75dpi/, removing from list!
Could not init font path element /usr/share/fonts/X11/100dpi/, removing from list!

(x-window-manager:61856): xfwm4-WARNING **: 08:50:40.255: The display does not support the XRender extension.

(x-window-manager:61856): xfwm4-WARNING **: 08:50:40.255: The display does not support the XComposite extension.

(x-window-manager:61856): xfwm4-WARNING **: 08:50:40.255: The display does not support the XDamage extension.

(x-window-manager:61856): xfwm4-WARNING **: 08:50:40.255: The display does not support the XFixes extension.

(x-window-manager:61856): xfwm4-WARNING **: 08:50:40.255: Compositing manager disabled.
xfwm4-Message: 08:50:40.326: Unsupported keyboard modifier '<Super>Tab'

(x-window-manager:61856): xfwm4-WARNING **: 08:50:40.328: Cannot find visual format on screen 0

(x-window-manager:61856): xfwm4-WARNING **: 08:50:40.333: Failed to connect to session manager: Failed to connect to the session manager: SESSION_MANAGER environment variable not defined
Failed to connect to session manager: Failed to connect to the session manager: SESSION_MANAGER environment variable not defined

Fri Sep 13 08:51:10 2019
 Connections: accepted: 0.0.0.0::59290
 SConnection: Client needs protocol version 3.8
 SConnection: Client requests security type VncAuth(2)
 VNCSConnST:  Server default pixel format depth 16 (16bpp) little-endian rgb565
 VNCSConnST:  Client pixel format depth 8 (8bpp) bgr233

Fri Sep 13 08:55:32 2019
 XserverDesktop: Added unknown keysym 0x6f7 to keycode 255
xfwm4-Message: 08:55:33.009: Unsupported keyboard modifier '<Super>Tab'

Fri Sep 13 08:55:33 2019
 XserverDesktop: Added unknown keysym 0x6c5 to keycode 254
xfwm4-Message: 08:55:33.625: Unsupported keyboard modifier '<Super>Tab'

Fri Sep 13 08:55:36 2019
 XserverDesktop: Added unknown keysym 0x6c4 to keycode 253
xfwm4-Message: 08:55:36.463: Unsupported keyboard modifier '<Super>Tab'
 XserverDesktop: Added unknown keysym 0x6c9 to keycode 252
 XserverDesktop: Added unknown keysym 0x6d4 to keycode 251
xfwm4-Message: 08:55:36.959: Unsupported keyboard modifier '<Super>Tab'

Fri Sep 13 08:55:37 2019
 XserverDesktop: Added unknown keysym 0x6d3 to keycode 250
xfwm4-Message: 08:55:37.436: Unsupported keyboard modifier '<Super>Tab'
 XserverDesktop: Added unknown keysym 0x6cf to keycode 249
 XserverDesktop: Added unknown keysym 0x6ca to keycode 248
xfwm4-Message: 08:55:37.864: Unsupported keyboard modifier '<Super>Tab'

Fri Sep 13 08:55:38 2019
 XserverDesktop: Added unknown keysym 0x6da to keycode 247
xfwm4-Message: 08:55:38.725: Unsupported keyboard modifier '<Super>Tab'
 XserverDesktop: Added unknown keysym 0x6d2 to keycode 246
 XserverDesktop: Added unknown keysym 0x6c1 to keycode 245
xfwm4-Message: 08:55:39.216: Unsupported keyboard modifier '<Super>Tab'

Fri Sep 13 08:55:43 2019
 XserverDesktop: Added unknown keysym 0x6f6 to keycode 244
xfwm4-Message: 08:55:43.853: Unsupported keyboard modifier '<Super>Tab'

Fri Sep 13 08:56:51 2019
 XserverDesktop: Added unknown keysym 0x6c7 to keycode 243
xfwm4-Message: 08:56:51.700: Unsupported keyboard modifier '<Super>Tab'
 XserverDesktop: Added unknown keysym 0x6db to keycode 242
xfwm4-Message: 08:56:52.255: Unsupported keyboard modifier '<Super>Tab'

Fri Sep 13 08:59:41 2019
 XserverDesktop: Added unknown keysym 0x6cb to keycode 241
xfwm4-Message: 08:59:41.293: Unsupported keyboard modifier '<Super>Tab'

Fri Sep 13 08:59:42 2019
 XserverDesktop: Added unknown keysym 0x6ce to keycode 240
xfwm4-Message: 08:59:42.265: Unsupported keyboard modifier '<Super>Tab'
 XserverDesktop: Added unknown keysym 0x6d9 to keycode 239
xfwm4-Message: 08:59:42.715: Unsupported keyboard modifier '<Super>Tab'
 XserverDesktop: Added unknown keysym 0x6d0 to keycode 238
xfwm4-Message: 08:59:43.201: Unsupported keyboard modifier '<Super>Tab'

Fri Sep 13 08:59:44 2019
 XserverDesktop: Added unknown keysym 0x6de to keycode 237
xfwm4-Message: 08:59:44.860: Unsupported keyboard modifier '<Super>Tab'

Fri Sep 13 09:01:50 2019
 XserverDesktop: Added unknown keysym 0x6d1 to keycode 236
xfwm4-Message: 09:01:50.900: Unsupported keyboard modifier '<Super>Tab'

Fri Sep 13 09:01:51 2019
 XserverDesktop: Added unknown keysym 0x6cd to keycode 235
xfwm4-Message: 09:01:51.945: Unsupported keyboard modifier '<Super>Tab'

Fri Sep 13 09:01:52 2019
 XserverDesktop: Added unknown keysym 0x6d5 to keycode 234
xfwm4-Message: 09:01:52.776: Unsupported keyboard modifier '<Super>Tab'

Fri Sep 13 09:01:55 2019
 XserverDesktop: Added unknown keysym 0x6fc to keycode 233
xfwm4-Message: 09:01:55.790: Unsupported keyboard modifier '<Super>Tab'

Fri Sep 13 09:36:34 2019
 Connections: closed: 0.0.0.0::59290 (Clean disconnection)
 SMsgWriter:  framebuffer updates 3015
 SMsgWriter:    copyRect rects 2139, bytes 34224
 SMsgWriter:    ZRLE rects 14527, bytes 3688945
 SMsgWriter:    raw bytes equivalent 65918144, compression ratio 17.869105

Fri Sep 13 09:37:50 2019
 Connections: accepted: 0.0.0.0::59996
 SConnection: Client needs protocol version 3.8
 SConnection: Client requests security type VncAuth(2)
 VNCSConnST:  Server default pixel format depth 16 (16bpp) little-endian rgb565
 VNCSConnST:  Client pixel format depth 8 (8bpp) bgr233

Fri Sep 13 09:38:05 2019
 Connections: closed: 0.0.0.0::59996 (Clean disconnection)
 SMsgWriter:  framebuffer updates 2
 SMsgWriter:    ZRLE rects 3, bytes 254
 SMsgWriter:    raw bytes equivalent 2073956, compression ratio 8165.181102

Fri Sep 13 09:38:09 2019
 Connections: accepted: 0.0.0.0::59998
 SConnection: Client needs protocol version 3.8
 SConnection: Client requests security type VncAuth(2)
 VNCSConnST:  Server default pixel format depth 16 (16bpp) little-endian rgb565
 VNCSConnST:  Client pixel format depth 8 (8bpp) bgr233

Fri Sep 13 09:38:12 2019
 Connections: closed: 0.0.0.0::59998 (Clean disconnection)
 SMsgWriter:  framebuffer updates 2
 SMsgWriter:    ZRLE rects 3, bytes 235
 SMsgWriter:    raw bytes equivalent 2073860, compression ratio 8824.936170

Fri Sep 13 09:38:14 2019
 Connections: accepted: 0.0.0.0::60000
 SConnection: Client needs protocol version 3.8
 SConnection: Client requests security type VncAuth(2)
 VNCSConnST:  Server default pixel format depth 16 (16bpp) little-endian rgb565
 VNCSConnST:  Client pixel format depth 8 (8bpp) bgr233

Fri Sep 13 09:38:18 2019
 Connections: closed: 0.0.0.0::60000 (Clean disconnection)
 SMsgWriter:  framebuffer updates 2
 SMsgWriter:    ZRLE rects 3, bytes 254
 SMsgWriter:    raw bytes equivalent 2073956, compression ratio 8165.181102
x-window-manager: Fatal IO error 4 (Interrupted system call) on X server :55.
