
Xvnc Free Edition 4.1.1 - built Feb 25 2015 23:02:21
Copyright (C) 2002-2005 RealVNC Ltd.
See http://www.realvnc.com for information on VNC.
Underlying X server release 40300000, The XFree86 Project, Inc


Fri Dec  6 11:02:03 2019
 vncext:      VNC extension running!
 vncext:      Listening for VNC connections on port 5920
 vncext:      created VNC server for screen 0
error opening security policy file /etc/X11/xserver/SecurityPolicy
Could not init font path element /usr/X11R6/lib/X11/fonts/Type1/, removing from list!
Could not init font path element /usr/X11R6/lib/X11/fonts/Speedo/, removing from list!
Could not init font path element /usr/X11R6/lib/X11/fonts/misc/, removing from list!
Could not init font path element /usr/X11R6/lib/X11/fonts/75dpi/, removing from list!
Could not init font path element /usr/X11R6/lib/X11/fonts/100dpi/, removing from list!
Could not init font path element /usr/share/fonts/X11/75dpi/, removing from list!
Could not init font path element /usr/share/fonts/X11/100dpi/, removing from list!
xrdb: No such file or directory
xrdb: can't open file '/home/is28/beresnev28/.Xresources'
/usr/bin/startxfce4: X server already running on display :20
gpg-agent[14314]: WARNING: "--write-env-file" is an obsolete option - it has no effect
gpg-agent: a gpg-agent is already running - not starting a new one

(xfce4-session:14307): xfce4-session-WARNING **: 11:02:06.866: gpg-agent returned no PID in the variables

(xfce4-session:14307): xfce4-session-WARNING **: 11:02:06.868: xfsm_manager_load_session: Something wrong with /home/is28/beresnev28/.cache/sessions/xfce4-session-virt-1:20, Does it exist? Permissions issue?

(xfwm4:14318): xfwm4-WARNING **: 11:02:06.903: The display does not support the XRender extension.

(xfwm4:14318): xfwm4-WARNING **: 11:02:06.903: The display does not support the XComposite extension.

(xfwm4:14318): xfwm4-WARNING **: 11:02:06.904: The display does not support the XDamage extension.

(xfwm4:14318): xfwm4-WARNING **: 11:02:06.904: The display does not support the XFixes extension.

(xfwm4:14318): xfwm4-WARNING **: 11:02:06.904: Compositing manager disabled.
(uint32 2,)

(xfsettingsd:14328): xfsettingsd-CRITICAL **: 11:02:06.985: RANDR extension is too old, version 1.1. Display settings won't be applied.
Xlib:  extension "XInputExtension" missing on display ":20.0".

(xfsettingsd:14328): xfsettingsd-CRITICAL **: 11:02:06.985: XI is not present.

(xfsettingsd:14328): xfsettingsd-CRITICAL **: 11:02:06.985: Failed to initialize the Xkb extension.

(xfsettingsd:14328): xfsettingsd-CRITICAL **: 11:02:06.986: Failed to initialize the Accessibility extension.
xfwm4-Message: 11:02:07.027: Unsupported keyboard modifier '<Super>Tab'
xfwm4-Message: 11:02:07.074: Unsupported keyboard modifier '<Super>Tab'

** (light-locker:14327): ERROR **: 11:02:07.246: Environment variable XDG_SESSION_PATH not set. Is LightDM running?

(polkit-gnome-authentication-agent-1:14330): GLib-CRITICAL **: 11:02:07.297: g_variant_new_string: assertion 'string != NULL' failed

(polkit-gnome-authentication-agent-1:14330): polkit-gnome-1-WARNING **: 11:02:07.314: Failed to register client: GDBus.Error:org.freedesktop.DBus.Error.ServiceUnknown: The name org.gnome.SessionManager was not provided by any .service files

(nm-applet:14376): Gtk-WARNING **: 11:02:07.746: Can't set a parent on widget which has a parent

(nm-applet:14376): Gdk-CRITICAL **: 11:02:07.894: gdk_window_thaw_toplevel_updates: assertion 'window->update_and_descendants_freeze_count > 0' failed

(tracker-miner-apps:14360): Tracker-CRITICAL **: 11:02:07.956: Could not request DBus name 'org.freedesktop.Tracker1.Miner.Applications': D-Bus service name:'org.freedesktop.Tracker1.Miner.Applications' is already taken, perhaps the application is already running?

(tracker-miner-fs:14332): Tracker-CRITICAL **: 11:02:07.966: Could not request DBus name 'org.freedesktop.Tracker1.Miner.Files': D-Bus service name:'org.freedesktop.Tracker1.Miner.Files' is already taken, perhaps the application is already running?

(tracker-extract:14342): Tracker-CRITICAL **: 11:02:07.996: Could not request DBus name 'org.freedesktop.Tracker1.Miner.Extract': D-Bus service name:'org.freedesktop.Tracker1.Miner.Extract' is already taken, perhaps the application is already running?

Fri Dec  6 11:02:12 2019
 Connections: accepted: 0.0.0.0::50135
 SConnection: Client needs protocol version 3.8
 SConnection: Client requests security type VncAuth(2)

Fri Dec  6 11:02:16 2019
 VNCSConnST:  Server default pixel format depth 16 (16bpp) little-endian rgb565
 VNCSConnST:  Client pixel format depth 16 (16bpp) little-endian rgb565

(Thunar:14324): Gdk-WARNING **: 11:02:22.409: gdk_window_set_icon_list: icons too large
/usr/lib/python3/dist-packages/blueman/plugins/applet/AppIndicator.py:8: PyGIWarning: AppIndicator3 was imported without specifying a version first. Use gi.require_version('AppIndicator3', '0.1') before import to ensure that the right version gets loaded.
  from gi.repository import AppIndicator3 as girAppIndicator
ERROR:dbus.proxies:Introspect error on org.bluez:/org/bluez: dbus.exceptions.DBusException: org.freedesktop.DBus.Error.AccessDenied: Rejected send message, 2 matched rules; type="method_call", sender=":1.12219" (uid=1266 pid=14367 comm="/usr/bin/python3 /usr/bin/blueman-applet " label="unconfined") interface="org.freedesktop.DBus.Introspectable" member="Introspect" error name="(unset)" requested_reply="0" destination="org.bluez" (bus)
ERROR:dbus.proxies:Introspect error on org.bluez:/: dbus.exceptions.DBusException: org.freedesktop.DBus.Error.AccessDenied: Rejected send message, 2 matched rules; type="method_call", sender=":1.12219" (uid=1266 pid=14367 comm="/usr/bin/python3 /usr/bin/blueman-applet " label="unconfined") interface="org.freedesktop.DBus.Introspectable" member="Introspect" error name="(unset)" requested_reply="0" destination="org.bluez" (bus)
ERROR:dbus.proxies:Introspect error on org.bluez:/: dbus.exceptions.DBusException: org.freedesktop.DBus.Error.AccessDenied: Rejected send message, 2 matched rules; type="method_call", sender=":1.12219" (uid=1266 pid=14367 comm="/usr/bin/python3 /usr/bin/blueman-applet " label="unconfined") interface="org.freedesktop.DBus.Introspectable" member="Introspect" error name="(unset)" requested_reply="0" destination="org.bluez" (bus)

(polkit-gnome-authentication-agent-1:14330): polkit-gnome-1-WARNING **: 11:03:31.130: Couldn't open user icon: Failed to open file '/home/adom/.face': No such file or directory

(polkit-gnome-authentication-agent-1:14330): polkit-gnome-1-WARNING **: 11:03:31.139: Couldn't open user icon: Failed to open file '/home/test/.face': No such file or directory
Gtk-Message: 11:03:31.179: GtkDialog mapped without a transient parent. This is discouraged.

(Thunar:14324): GLib-GIO-CRITICAL **: 11:03:32.473: g_file_hash: assertion 'G_IS_FILE (file)' failed

(Thunar:14324): GLib-GIO-CRITICAL **: 11:03:32.473: g_file_query_info_async: assertion 'G_IS_FILE (file)' failed

(Thunar:14324): GLib-GObject-CRITICAL **: 11:03:32.473: g_object_unref: assertion 'G_IS_OBJECT (object)' failed

(Thunar:14324): Gdk-WARNING **: 11:03:35.081: gdk_window_set_icon_list: icons too large
Xlib:  extension "XINERAMA" missing on display ":20.0".

(soffice:14651): GLib-GObject-WARNING **: 11:04:01.088: ../../../../gobject/gsignal.c:3492: signal name 'selection_changed' is invalid for instance '0x5630a437e6a0' of type 'OOoAtkObjCompTxt'
func=xmlSecCheckVersionExt:file=xmlsec.c:line=188:obj=unknown:subj=unknown:error=19:invalid version:mode=abi compatible;expected minor version=2;real minor version=2;expected subminor version=25;real subminor version=26

Fri Dec  6 11:07:22 2019
 XserverDesktop: Added unknown keysym 0x6d3 to keycode 255
xfwm4-Message: 11:07:22.969: Unsupported keyboard modifier '<Super>Tab'

Fri Dec  6 11:07:23 2019
 XserverDesktop: Added unknown keysym 0x6c1 to keycode 254
 XserverDesktop: Added unknown keysym 0x6d7 to keycode 253
xfwm4-Message: 11:07:23.753: Unsupported keyboard modifier '<Super>Tab'

Fri Dec  6 11:07:32 2019
 XserverDesktop: Added unknown keysym 0x6cf to keycode 252
xfwm4-Message: 11:07:33.025: Unsupported keyboard modifier '<Super>Tab'

Fri Dec  6 11:07:33 2019
 XserverDesktop: Added unknown keysym 0x6cc to keycode 251
xfwm4-Message: 11:07:33.449: Unsupported keyboard modifier '<Super>Tab'

Fri Dec  6 11:07:34 2019
 XserverDesktop: Added unknown keysym 0x6d2 to keycode 250
xfwm4-Message: 11:07:34.641: Unsupported keyboard modifier '<Super>Tab'
 XserverDesktop: Added unknown keysym 0x6a3 to keycode 249
 XserverDesktop: Added unknown keysym 0x6cd to keycode 248
xfwm4-Message: 11:07:35.130: Unsupported keyboard modifier '<Super>Tab'

Fri Dec  6 11:07:43 2019
 XserverDesktop: Added unknown keysym 0x6c6 to keycode 247
xfwm4-Message: 11:07:43.681: Unsupported keyboard modifier '<Super>Tab'

Fri Dec  6 11:07:45 2019
 XserverDesktop: Added unknown keysym 0x6c9 to keycode 246
xfwm4-Message: 11:07:45.697: Unsupported keyboard modifier '<Super>Tab'

Fri Dec  6 11:08:07 2019
 XserverDesktop: Added unknown keysym 0x6c5 to keycode 245
 XserverDesktop: Added unknown keysym 0x6c4 to keycode 244
xfwm4-Message: 11:08:07.684: Unsupported keyboard modifier '<Super>Tab'
 XserverDesktop: Added unknown keysym 0x6d4 to keycode 243
xfwm4-Message: 11:08:08.001: Unsupported keyboard modifier '<Super>Tab'

Fri Dec  6 11:08:08 2019
 XserverDesktop: Added unknown keysym 0x6cb to keycode 242
 XserverDesktop: Added unknown keysym 0xf3 to keycode 241
xfwm4-Message: 11:08:09.250: Unsupported keyboard modifier '<Super>Tab'

Fri Dec  6 11:08:21 2019
 XserverDesktop: Added unknown keysym 0x6d9 to keycode 240
xfwm4-Message: 11:08:22.112: Unsupported keyboard modifier '<Super>Tab'

(Thunar:14324): Gdk-WARNING **: 11:14:18.782: gdk_window_set_icon_list: icons too large
/usr/lib/ubuntu-release-upgrader/check-new-release-gtk:30: PyGIWarning: Gtk was imported without specifying a version first. Use gi.require_version('Gtk', '3.0') before import to ensure that the right version gets loaded.
  from gi.repository import Gtk
WARNING:root:timeout reached, exiting

Fri Dec  6 12:08:05 2019
 VNCSConnST:  Client pixel format depth 16 (16bpp) little-endian rgb565

Fri Dec  6 12:09:13 2019
 VNCSConnST:  Client pixel format depth 16 (16bpp) little-endian rgb565

Fri Dec  6 12:10:23 2019
 VNCSConnST:  Client pixel format depth 16 (16bpp) little-endian rgb565

Fri Dec  6 12:11:42 2019
 VNCSConnST:  Client pixel format depth 16 (16bpp) little-endian rgb565

Fri Dec  6 12:13:00 2019
 VNCSConnST:  Client pixel format depth 16 (16bpp) little-endian rgb565

Fri Dec  6 12:14:00 2019
 VNCSConnST:  Client pixel format depth 16 (16bpp) little-endian rgb565

Fri Dec  6 12:19:15 2019
 Connections: accepted: 0.0.0.0::50093
 SConnection: Client needs protocol version 3.8
 SConnection: Client requests security type VncAuth(2)

Fri Dec  6 12:19:19 2019
 VNCSConnST:  Server default pixel format depth 16 (16bpp) little-endian rgb565
 VNCSConnST:  Client pixel format depth 16 (16bpp) little-endian rgb565

(gedit:26368): Gtk-WARNING **: 12:32:28.084: Calling org.xfce.Session.Manager.Inhibit failed: GDBus.Error:org.freedesktop.DBus.Error.UnknownMethod: Method "Inhibit" with signature "susu" on interface "org.xfce.Session.Manager" doesn't exist


Fri Dec  6 12:39:21 2019
 Connections: closed: 0.0.0.0::50093 (read: Connection reset by peer (104))
 SMsgWriter:  framebuffer updates 4580
 SMsgWriter:    copyRect rects 6433, bytes 102928
 SMsgWriter:    hextile rects 18628, bytes 35164790
 SMsgWriter:    raw bytes equivalent 356076724, compression ratio 10.125945

Fri Dec  6 12:47:15 2019
 Connections: closed: 0.0.0.0::50135 (read: Connection reset by peer (104))
 SMsgWriter:  framebuffer updates 51323
 SMsgWriter:    copyRect rects 14652, bytes 234432
 SMsgWriter:    hextile rects 13638665, bytes 612988216
 SMsgWriter:    ZRLE rects 46424, bytes 20838918
 SMsgWriter:    raw bytes equivalent 837935138, compression ratio 1.322025
xfwm4: Fatal IO error 11 (Resource temporarily unavailable) on X server :20.0.
xfdesktop: Fatal IO error 11 (Resource temporarily unavailable) on X server :20.0.
