
Xvnc Free Edition 4.1.1 - built Feb 25 2015 23:02:21
Copyright (C) 2002-2005 RealVNC Ltd.
See http://www.realvnc.com for information on VNC.
Underlying X server release 40300000, The XFree86 Project, Inc


Fri Sep 20 08:22:01 2019
 vncext:      VNC extension running!
 vncext:      Listening for VNC connections on port 5907
 vncext:      created VNC server for screen 0
error opening security policy file /etc/X11/xserver/SecurityPolicy
Could not init font path element /usr/X11R6/lib/X11/fonts/Type1/, removing from list!
Could not init font path element /usr/X11R6/lib/X11/fonts/Speedo/, removing from list!
Could not init font path element /usr/X11R6/lib/X11/fonts/misc/, removing from list!
Could not init font path element /usr/X11R6/lib/X11/fonts/75dpi/, removing from list!
Could not init font path element /usr/X11R6/lib/X11/fonts/100dpi/, removing from list!
Could not init font path element /usr/share/fonts/X11/75dpi/, removing from list!
Could not init font path element /usr/share/fonts/X11/100dpi/, removing from list!

(x-window-manager:42752): xfwm4-WARNING **: 08:22:04.241: The display does not support the XRender extension.

(x-window-manager:42752): xfwm4-WARNING **: 08:22:04.241: The display does not support the XComposite extension.

(x-window-manager:42752): xfwm4-WARNING **: 08:22:04.241: The display does not support the XDamage extension.

(x-window-manager:42752): xfwm4-WARNING **: 08:22:04.241: The display does not support the XFixes extension.

(x-window-manager:42752): xfwm4-WARNING **: 08:22:04.241: Compositing manager disabled.
xfwm4-Message: 08:22:04.271: Unsupported keyboard modifier '<Super>Tab'
Failed to connect to session manager: Failed to connect to the session manager: SESSION_MANAGER environment variable not defined

(x-window-manager:42752): xfwm4-WARNING **: 08:22:04.278: Failed to connect to session manager: Failed to connect to the session manager: SESSION_MANAGER environment variable not defined

Fri Sep 20 08:22:14 2019
 Connections: accepted: 0.0.0.0::50105
 SConnection: Client needs protocol version 3.8
 SConnection: Client requests security type VncAuth(2)

Fri Sep 20 08:22:32 2019
 VNCSConnST:  Server default pixel format depth 16 (16bpp) little-endian rgb565
 VNCSConnST:  Client pixel format depth 16 (16bpp) little-endian rgb565

Fri Sep 20 08:28:13 2019
 XserverDesktop: Added unknown keysym 0x6f0 to keycode 255

Fri Sep 20 08:28:14 2019
 XserverDesktop: Added unknown keysym 0x6c5 to keycode 254
 XserverDesktop: Added unknown keysym 0x6d2 to keycode 253
xfwm4-Message: 08:28:14.423: Unsupported keyboard modifier '<Super>Tab'

Fri Sep 20 08:28:15 2019
 XserverDesktop: Added unknown keysym 0x6cd to keycode 252
xfwm4-Message: 08:28:15.352: Unsupported keyboard modifier '<Super>Tab'
 XserverDesktop: Added unknown keysym 0x6ce to keycode 251
 XserverDesktop: Added unknown keysym 0x6c1 to keycode 250
 XserverDesktop: Added unknown keysym 0x6d1 to keycode 249
xfwm4-Message: 08:28:15.960: Unsupported keyboard modifier '<Super>Tab'

Fri Sep 20 08:29:25 2019
 XserverDesktop: Added unknown keysym 0x6c4 to keycode 248
xfwm4-Message: 08:29:26.239: Unsupported keyboard modifier '<Super>Tab'

Fri Sep 20 08:29:26 2019
 XserverDesktop: Added unknown keysym 0x6cf to keycode 247
xfwm4-Message: 08:29:26.648: Unsupported keyboard modifier '<Super>Tab'
 XserverDesktop: Added unknown keysym 0x6c2 to keycode 246
xfwm4-Message: 08:29:26.984: Unsupported keyboard modifier '<Super>Tab'

Fri Sep 20 08:29:27 2019
 XserverDesktop: Added unknown keysym 0x6de to keycode 245
xfwm4-Message: 08:29:27.703: Unsupported keyboard modifier '<Super>Tab'
 XserverDesktop: Added unknown keysym 0x6d3 to keycode 244
 XserverDesktop: Added unknown keysym 0x6d4 to keycode 243
 XserverDesktop: Added unknown keysym 0x6d8 to keycode 242
xfwm4-Message: 08:29:28.168: Unsupported keyboard modifier '<Super>Tab'

Fri Sep 20 08:29:46 2019
 XserverDesktop: Added unknown keysym 0x6c3 to keycode 241
xfwm4-Message: 08:29:47.191: Unsupported keyboard modifier '<Super>Tab'

Fri Sep 20 08:29:47 2019
 XserverDesktop: Added unknown keysym 0x6cc to keycode 240
xfwm4-Message: 08:29:47.455: Unsupported keyboard modifier '<Super>Tab'

Fri Sep 20 08:34:56 2019
 XserverDesktop: Added unknown keysym 0x6da to keycode 239
 XserverDesktop: Added unknown keysym 0xf3 to keycode 238
xfwm4-Message: 08:34:57.037: Unsupported keyboard modifier '<Super>Tab'

Fri Sep 20 08:36:29 2019
 XserverDesktop: Added unknown keysym 0x6d7 to keycode 237
xfwm4-Message: 08:36:30.021: Unsupported keyboard modifier '<Super>Tab'

Fri Sep 20 08:36:41 2019
 XserverDesktop: Added unknown keysym 0x6fc to keycode 236
xfwm4-Message: 08:36:42.044: Unsupported keyboard modifier '<Super>Tab'

Fri Sep 20 08:38:52 2019
 XserverDesktop: Added unknown keysym 0x6c9 to keycode 235
xfwm4-Message: 08:38:52.947: Unsupported keyboard modifier '<Super>Tab'

Fri Sep 20 08:54:34 2019
 XserverDesktop: Added unknown keysym 0x6db to keycode 234
xfwm4-Message: 08:54:34.852: Unsupported keyboard modifier '<Super>Tab'
AUDIT: Fri Sep 20 09:00:10 2019: 42744 Xvnc4: client 11 rejected from local host
AUDIT: Fri Sep 20 09:00:12 2019: 42744 Xvnc4: client 11 rejected from local host
AUDIT: Fri Sep 20 09:00:13 2019: 42744 Xvnc4: client 11 rejected from local host
AUDIT: Fri Sep 20 09:00:33 2019: 42744 Xvnc4: client 11 rejected from local host
AUDIT: Fri Sep 20 09:00:34 2019: 42744 Xvnc4: client 11 rejected from local host
AUDIT: Fri Sep 20 09:00:34 2019: 42744 Xvnc4: client 11 rejected from local host
AUDIT: Fri Sep 20 09:00:36 2019: 42744 Xvnc4: client 11 rejected from local host

Fri Sep 20 09:03:40 2019
 Connections: accepted: 0.0.0.0::59238
 SConnection: Client needs protocol version 3.8
 SConnection: Client requests security type VncAuth(2)

Fri Sep 20 09:03:46 2019
 VNCSConnST:  Server default pixel format depth 16 (16bpp) little-endian rgb565
 VNCSConnST:  Client pixel format depth 16 (16bpp) little-endian rgb565

Fri Sep 20 09:04:27 2019
 Connections: closed: 0.0.0.0::59238 (Clean disconnection)
 SMsgWriter:  framebuffer updates 75
 SMsgWriter:    hextile rects 444, bytes 1693910
 SMsgWriter:    raw bytes equivalent 13519042, compression ratio 7.980968

Fri Sep 20 09:24:11 2019
 XserverDesktop: Added unknown keysym 0x6d9 to keycode 233
xfwm4-Message: 09:24:11.286: Unsupported keyboard modifier '<Super>Tab'
AUDIT: Fri Sep 20 12:37:10 2019: 42744 Xvnc4: client 12 rejected from local host

Fri Sep 20 12:43:23 2019
 Connections: closed: 0.0.0.0::50105 (read: Connection reset by peer (104))
 SMsgWriter:  framebuffer updates 12855
 SMsgWriter:    copyRect rects 6987, bytes 111792
 SMsgWriter:    hextile rects 38321, bytes 93649961
 SMsgWriter:    raw bytes equivalent 993498670, compression ratio 10.608639
x-window-manager: Fatal IO error 11 (Resource temporarily unavailable) on X server :7.
