
Xvnc Free Edition 4.1.1 - built Feb 25 2015 23:02:21
Copyright (C) 2002-2005 RealVNC Ltd.
See http://www.realvnc.com for information on VNC.
Underlying X server release 40300000, The XFree86 Project, Inc


Wed Nov 27 11:27:34 2019
 vncext:      VNC extension running!
 vncext:      Listening for VNC connections on port 5921
 vncext:      created VNC server for screen 0
error opening security policy file /etc/X11/xserver/SecurityPolicy
Could not init font path element /usr/X11R6/lib/X11/fonts/Type1/, removing from list!
Could not init font path element /usr/X11R6/lib/X11/fonts/Speedo/, removing from list!
Could not init font path element /usr/X11R6/lib/X11/fonts/misc/, removing from list!
Could not init font path element /usr/X11R6/lib/X11/fonts/75dpi/, removing from list!
Could not init font path element /usr/X11R6/lib/X11/fonts/100dpi/, removing from list!
Could not init font path element /usr/share/fonts/X11/75dpi/, removing from list!
Could not init font path element /usr/share/fonts/X11/100dpi/, removing from list!
xrdb: No such file or directory
xrdb: can't open file '/home/is28/beresnev28/.Xresources'
/usr/bin/startxfce4: X server already running on display :21
gpg-agent[49710]: WARNING: "--write-env-file" is an obsolete option - it has no effect
gpg-agent: a gpg-agent is already running - not starting a new one

(xfce4-session:49700): xfce4-session-WARNING **: 11:27:37.830: gpg-agent returned no PID in the variables

(xfce4-session:49700): xfce4-session-WARNING **: 11:27:37.832: xfsm_manager_load_session: Something wrong with /home/is28/beresnev28/.cache/sessions/xfce4-session-virt-1:21, Does it exist? Permissions issue?

(xfwm4:49714): xfwm4-WARNING **: 11:27:37.884: The display does not support the XRender extension.

(xfwm4:49714): xfwm4-WARNING **: 11:27:37.884: The display does not support the XComposite extension.

(xfwm4:49714): xfwm4-WARNING **: 11:27:37.884: The display does not support the XDamage extension.

(xfwm4:49714): xfwm4-WARNING **: 11:27:37.884: The display does not support the XFixes extension.

(xfwm4:49714): xfwm4-WARNING **: 11:27:37.884: Compositing manager disabled.
xfwm4-Message: 11:27:38.084: Unsupported keyboard modifier '<Super>Tab'

** (light-locker:49727): ERROR **: 11:27:38.105: Environment variable XDG_SESSION_PATH not set. Is LightDM running?

(polkit-gnome-authentication-agent-1:49747): GLib-CRITICAL **: 11:27:38.163: g_variant_new_string: assertion 'string != NULL' failed

(polkit-gnome-authentication-agent-1:49747): polkit-gnome-1-WARNING **: 11:27:38.166: Failed to register client: GDBus.Error:org.freedesktop.DBus.Error.ServiceUnknown: The name org.gnome.SessionManager was not provided by any .service files
(uint32 1,)

(xfsettingsd:49726): xfsettingsd-CRITICAL **: 11:27:38.960: RANDR extension is too old, version 1.1. Display settings won't be applied.
Xlib:  extension "XInputExtension" missing on display ":21.0".

(xfsettingsd:49726): xfsettingsd-CRITICAL **: 11:27:38.960: XI is not present.

(xfsettingsd:49726): xfsettingsd-CRITICAL **: 11:27:38.961: Failed to initialize the Xkb extension.

(xfsettingsd:49726): xfsettingsd-CRITICAL **: 11:27:38.961: Failed to initialize the Accessibility extension.

(nm-applet:49876): Gtk-WARNING **: 11:27:39.253: Can't set a parent on widget which has a parent
xfwm4-Message: 11:27:39.260: Unsupported keyboard modifier '<Super>Tab'

(nm-applet:49876): Gdk-CRITICAL **: 11:27:39.441: gdk_window_thaw_toplevel_updates: assertion 'window->update_and_descendants_freeze_count > 0' failed
/usr/lib/python3/dist-packages/blueman/plugins/applet/AppIndicator.py:8: PyGIWarning: AppIndicator3 was imported without specifying a version first. Use gi.require_version('AppIndicator3', '0.1') before import to ensure that the right version gets loaded.
  from gi.repository import AppIndicator3 as girAppIndicator
ERROR:dbus.proxies:Introspect error on org.bluez:/org/bluez: dbus.exceptions.DBusException: org.freedesktop.DBus.Error.AccessDenied: Rejected send message, 2 matched rules; type="method_call", sender=":1.2094" (uid=1266 pid=49868 comm="/usr/bin/python3 /usr/bin/blueman-applet " label="unconfined") interface="org.freedesktop.DBus.Introspectable" member="Introspect" error name="(unset)" requested_reply="0" destination="org.bluez" (bus)
ERROR:dbus.proxies:Introspect error on org.bluez:/: dbus.exceptions.DBusException: org.freedesktop.DBus.Error.AccessDenied: Rejected send message, 2 matched rules; type="method_call", sender=":1.2094" (uid=1266 pid=49868 comm="/usr/bin/python3 /usr/bin/blueman-applet " label="unconfined") interface="org.freedesktop.DBus.Introspectable" member="Introspect" error name="(unset)" requested_reply="0" destination="org.bluez" (bus)
ERROR:dbus.proxies:Introspect error on org.bluez:/: dbus.exceptions.DBusException: org.freedesktop.DBus.Error.AccessDenied: Rejected send message, 2 matched rules; type="method_call", sender=":1.2094" (uid=1266 pid=49868 comm="/usr/bin/python3 /usr/bin/blueman-applet " label="unconfined") interface="org.freedesktop.DBus.Introspectable" member="Introspect" error name="(unset)" requested_reply="0" destination="org.bluez" (bus)

(wrapper-1.0:49894): Gdk-WARNING **: 11:27:45.341: /build/gtk+2.0-AoeliP/gtk+2.0-2.24.32/gdk/x11/gdkdrawable-x11.c:952 drawable is not a pixmap or window

Wed Nov 27 11:28:00 2019
 Connections: accepted: 0.0.0.0::49261
 SConnection: Client needs protocol version 3.8
 SConnection: Client requests security type VncAuth(2)

Wed Nov 27 11:28:06 2019
 VNCSConnST:  Server default pixel format depth 16 (16bpp) little-endian rgb565
 VNCSConnST:  Client pixel format depth 16 (16bpp) little-endian rgb565

(polkit-gnome-authentication-agent-1:49747): polkit-gnome-1-WARNING **: 11:28:12.470: Couldn't open user icon: Failed to open file '/home/adom/.face': No such file or directory

(polkit-gnome-authentication-agent-1:49747): polkit-gnome-1-WARNING **: 11:28:12.471: Couldn't open user icon: Failed to open file '/home/test/.face': No such file or directory
Gtk-Message: 11:28:12.512: GtkDialog mapped without a transient parent. This is discouraged.
Error: GDBus.Error:org.freedesktop.DBus.Error.AuthFailed: Not authorized.
Gtk-Message: 11:28:16.153: GtkDialog mapped without a transient parent. This is discouraged.

(Thunar:49721): Gdk-WARNING **: 11:28:38.287: gdk_window_set_icon_list: icons too large
Xlib:  extension "XINERAMA" missing on display ":21.0".
func=xmlSecCheckVersionExt:file=xmlsec.c:line=188:obj=unknown:subj=unknown:error=19:invalid version:mode=abi compatible;expected minor version=2;real minor version=2;expected subminor version=25;real subminor version=26

(soffice:50733): GLib-GObject-WARNING **: 11:39:09.360: ../../../../gobject/gsignal.c:3492: signal name 'selection_changed' is invalid for instance '0x55eb80fd36a0' of type 'OOoAtkObjCompTxt'

(polkit-gnome-authentication-agent-1:49747): polkit-gnome-1-WARNING **: 11:46:33.507: Couldn't open user icon: Failed to open file '/home/adom/.face': No such file or directory

(polkit-gnome-authentication-agent-1:49747): polkit-gnome-1-WARNING **: 11:46:33.524: Couldn't open user icon: Failed to open file '/home/test/.face': No such file or directory
Gtk-Message: 11:46:35.512: GtkDialog mapped without a transient parent. This is discouraged.

(Thunar:49721): GLib-GIO-CRITICAL **: 11:47:05.167: g_file_hash: assertion 'G_IS_FILE (file)' failed

(Thunar:49721): GLib-GIO-CRITICAL **: 11:47:05.295: g_file_query_info_async: assertion 'G_IS_FILE (file)' failed

(Thunar:49721): GLib-GObject-CRITICAL **: 11:47:05.310: g_object_unref: assertion 'G_IS_OBJECT (object)' failed

Wed Nov 27 11:48:10 2019
 VNCSConnST:  Client pixel format depth 16 (16bpp) little-endian rgb565

Wed Nov 27 11:49:10 2019
 VNCSConnST:  Client pixel format depth 16 (16bpp) little-endian rgb565
