
Xvnc Free Edition 4.1.1 - built Feb 25 2015 23:02:21
Copyright (C) 2002-2005 RealVNC Ltd.
See http://www.realvnc.com for information on VNC.
Underlying X server release 40300000, The XFree86 Project, Inc


Fri Sep 13 08:33:29 2019
 vncext:      VNC extension running!
 vncext:      Listening for VNC connections on port 5936
 vncext:      created VNC server for screen 0
error opening security policy file /etc/X11/xserver/SecurityPolicy
Could not init font path element /usr/X11R6/lib/X11/fonts/Type1/, removing from list!
Could not init font path element /usr/X11R6/lib/X11/fonts/Speedo/, removing from list!
Could not init font path element /usr/X11R6/lib/X11/fonts/misc/, removing from list!
Could not init font path element /usr/X11R6/lib/X11/fonts/75dpi/, removing from list!
Could not init font path element /usr/X11R6/lib/X11/fonts/100dpi/, removing from list!
Could not init font path element /usr/share/fonts/X11/75dpi/, removing from list!
Could not init font path element /usr/share/fonts/X11/100dpi/, removing from list!

(x-window-manager:56256): xfwm4-WARNING **: 08:33:32.669: The display does not support the XRender extension.

(x-window-manager:56256): xfwm4-WARNING **: 08:33:32.669: The display does not support the XComposite extension.

(x-window-manager:56256): xfwm4-WARNING **: 08:33:32.669: The display does not support the XDamage extension.

(x-window-manager:56256): xfwm4-WARNING **: 08:33:32.669: The display does not support the XFixes extension.

(x-window-manager:56256): xfwm4-WARNING **: 08:33:32.669: Compositing manager disabled.
xfwm4-Message: 08:33:32.705: Unsupported keyboard modifier '<Super>Tab'

(x-window-manager:56256): xfwm4-WARNING **: 08:33:32.712: Failed to connect to session manager: Failed to connect to the session manager: SESSION_MANAGER environment variable not defined
Failed to connect to session manager: Failed to connect to the session manager: SESSION_MANAGER environment variable not defined

Fri Sep 13 08:33:43 2019
 Connections: accepted: 0.0.0.0::50462
 SConnection: Client needs protocol version 3.8
 SConnection: Client requests security type VncAuth(2)

Fri Sep 13 08:33:48 2019
 VNCSConnST:  Server default pixel format depth 16 (16bpp) little-endian rgb565
 VNCSConnST:  Client pixel format depth 16 (16bpp) little-endian rgb565

(x-window-manager:56256): xfwm4-WARNING **: 09:17:38.311: XSync timeout for client "LibreOffice 6.0" (0xe009ff)
AUDIT: Fri Sep 13 09:24:23 2019: 56238 Xvnc4: client 9 rejected from local host
AUDIT: Fri Sep 13 09:24:28 2019: 56238 Xvnc4: client 9 rejected from local host
AUDIT: Fri Sep 13 09:24:29 2019: 56238 Xvnc4: client 9 rejected from local host
AUDIT: Fri Sep 13 09:24:35 2019: 56238 Xvnc4: client 9 rejected from local host

Fri Sep 13 09:34:37 2019
 XserverDesktop: Added unknown keysym 0x6c1 to keycode 255
xfwm4-Message: 09:34:37.390: Unsupported keyboard modifier '<Super>Tab'
 XserverDesktop: Added unknown keysym 0x6d7 to keycode 254
xfwm4-Message: 09:34:37.966: Unsupported keyboard modifier '<Super>Tab'

Fri Sep 13 09:38:43 2019
 Connections: closed: 0.0.0.0::50462 (Clean disconnection)
 SMsgWriter:  framebuffer updates 14545
 SMsgWriter:    copyRect rects 16493, bytes 263888
 SMsgWriter:    hextile rects 58678, bytes 96888140
 SMsgWriter:    raw bytes equivalent 1061657398, compression ratio 10.957558
x-window-manager: Fatal IO error 4 (Interrupted system call) on X server :36.
