
Xvnc Free Edition 4.1.1 - built Feb 25 2015 23:02:21
Copyright (C) 2002-2005 RealVNC Ltd.
See http://www.realvnc.com for information on VNC.
Underlying X server release 40300000, The XFree86 Project, Inc


Fri Nov 22 11:26:41 2019
 vncext:      VNC extension running!
 vncext:      Listening for VNC connections on port 5914
 vncext:      created VNC server for screen 0
error opening security policy file /etc/X11/xserver/SecurityPolicy
Could not init font path element /usr/X11R6/lib/X11/fonts/Type1/, removing from list!
Could not init font path element /usr/X11R6/lib/X11/fonts/Speedo/, removing from list!
Could not init font path element /usr/X11R6/lib/X11/fonts/misc/, removing from list!
Could not init font path element /usr/X11R6/lib/X11/fonts/75dpi/, removing from list!
Could not init font path element /usr/X11R6/lib/X11/fonts/100dpi/, removing from list!
Could not init font path element /usr/share/fonts/X11/75dpi/, removing from list!
Could not init font path element /usr/share/fonts/X11/100dpi/, removing from list!
xrdb: No such file or directory
xrdb: can't open file '/home/is28/beresnev28/.Xresources'
/usr/bin/startxfce4: X server already running on display :14
gpg-agent[10027]: WARNING: "--write-env-file" is an obsolete option - it has no effect
gpg-agent: a gpg-agent is already running - not starting a new one

(xfce4-session:10012): xfce4-session-WARNING **: 11:26:44.698: gpg-agent returned no PID in the variables

(xfce4-session:10012): xfce4-session-WARNING **: 11:26:44.700: xfsm_manager_load_session: Something wrong with /home/is28/beresnev28/.cache/sessions/xfce4-session-virt-1:14, Does it exist? Permissions issue?

(xfwm4:10031): xfwm4-WARNING **: 11:26:44.753: The display does not support the XRender extension.

(xfwm4:10031): xfwm4-WARNING **: 11:26:44.753: The display does not support the XComposite extension.

(xfwm4:10031): xfwm4-WARNING **: 11:26:44.753: The display does not support the XDamage extension.

(xfwm4:10031): xfwm4-WARNING **: 11:26:44.753: The display does not support the XFixes extension.

(xfwm4:10031): xfwm4-WARNING **: 11:26:44.753: Compositing manager disabled.

** (light-locker:10050): ERROR **: 11:26:44.812: Environment variable XDG_SESSION_PATH not set. Is LightDM running?

(polkit-gnome-authentication-agent-1:10052): GLib-CRITICAL **: 11:26:44.851: g_variant_new_string: assertion 'string != NULL' failed

(polkit-gnome-authentication-agent-1:10052): polkit-gnome-1-WARNING **: 11:26:44.853: Failed to register client: GDBus.Error:org.freedesktop.DBus.Error.ServiceUnknown: The name org.gnome.SessionManager was not provided by any .service files

(xfsettingsd:10047): xfsettingsd-CRITICAL **: 11:26:44.882: RANDR extension is too old, version 1.1. Display settings won't be applied.
Xlib:  extension "XInputExtension" missing on display ":14.0".

(xfsettingsd:10047): xfsettingsd-CRITICAL **: 11:26:44.883: XI is not present.
(uint32 1,)

(xfsettingsd:10047): xfsettingsd-CRITICAL **: 11:26:44.885: Failed to initialize the Xkb extension.

(xfsettingsd:10047): xfsettingsd-CRITICAL **: 11:26:44.890: Failed to initialize the Accessibility extension.
xfwm4-Message: 11:26:44.901: Unsupported keyboard modifier '<Super>Tab'
xfwm4-Message: 11:26:45.021: Unsupported keyboard modifier '<Super>Tab'

(nm-applet:10125): Gtk-WARNING **: 11:26:45.486: Can't set a parent on widget which has a parent

(nm-applet:10125): Gdk-CRITICAL **: 11:26:45.656: gdk_window_thaw_toplevel_updates: assertion 'window->update_and_descendants_freeze_count > 0' failed

Fri Nov 22 11:26:47 2019
 Connections: accepted: 0.0.0.0::50284
 SConnection: Client needs protocol version 3.8
 SConnection: Client requests security type VncAuth(2)

Fri Nov 22 11:26:50 2019
 VNCSConnST:  Server default pixel format depth 16 (16bpp) little-endian rgb565
 VNCSConnST:  Client pixel format depth 16 (16bpp) little-endian rgb565
/usr/lib/ubuntu-release-upgrader/check-new-release-gtk:30: PyGIWarning: Gtk was imported without specifying a version first. Use gi.require_version('Gtk', '3.0') before import to ensure that the right version gets loaded.
  from gi.repository import Gtk
WARNING:root:timeout reached, exiting
/usr/lib/python3/dist-packages/blueman/plugins/applet/AppIndicator.py:8: PyGIWarning: AppIndicator3 was imported without specifying a version first. Use gi.require_version('AppIndicator3', '0.1') before import to ensure that the right version gets loaded.
  from gi.repository import AppIndicator3 as girAppIndicator
ERROR:dbus.proxies:Introspect error on org.bluez:/org/bluez: dbus.exceptions.DBusException: org.freedesktop.DBus.Error.AccessDenied: Rejected send message, 2 matched rules; type="method_call", sender=":1.1643" (uid=1266 pid=10119 comm="/usr/bin/python3 /usr/bin/blueman-applet " label="unconfined") interface="org.freedesktop.DBus.Introspectable" member="Introspect" error name="(unset)" requested_reply="0" destination="org.bluez" (bus)
ERROR:dbus.proxies:Introspect error on org.bluez:/: dbus.exceptions.DBusException: org.freedesktop.DBus.Error.AccessDenied: Rejected send message, 2 matched rules; type="method_call", sender=":1.1643" (uid=1266 pid=10119 comm="/usr/bin/python3 /usr/bin/blueman-applet " label="unconfined") interface="org.freedesktop.DBus.Introspectable" member="Introspect" error name="(unset)" requested_reply="0" destination="org.bluez" (bus)
ERROR:dbus.proxies:Introspect error on org.bluez:/: dbus.exceptions.DBusException: org.freedesktop.DBus.Error.AccessDenied: Rejected send message, 2 matched rules; type="method_call", sender=":1.1643" (uid=1266 pid=10119 comm="/usr/bin/python3 /usr/bin/blueman-applet " label="unconfined") interface="org.freedesktop.DBus.Introspectable" member="Introspect" error name="(unset)" requested_reply="0" destination="org.bluez" (bus)

(Thunar:10040): Gdk-WARNING **: 11:27:09.836: gdk_window_set_icon_list: icons too large
Xlib:  extension "XINERAMA" missing on display ":14.0".
func=xmlSecCheckVersionExt:file=xmlsec.c:line=188:obj=unknown:subj=unknown:error=19:invalid version:mode=abi compatible;expected minor version=2;real minor version=2;expected subminor version=25;real subminor version=26
func=xmlSecCheckVersionExt:file=xmlsec.c:line=188:obj=unknown:subj=unknown:error=19:invalid version:mode=abi compatible;expected minor version=2;real minor version=2;expected subminor version=25;real subminor version=26

(soffice:11363): GLib-GObject-WARNING **: 11:27:16.256: ../../../../gobject/gsignal.c:3492: signal name 'selection_changed' is invalid for instance '0x565122f661f0' of type 'OOoAtkObjCompTxt'
func=xmlSecCheckVersionExt:file=xmlsec.c:line=188:obj=unknown:subj=unknown:error=19:invalid version:mode=abi compatible;expected minor version=2;real minor version=2;expected subminor version=25;real subminor version=26
AUDIT: Fri Nov 22 11:42:41 2019: 9744 Xvnc4: client 22 rejected from local host
No protocol specified
Unable to init server: Could not connect: Connection refused
Cannot parse arguments: Cannot open display: 

Fri Nov 22 11:44:20 2019
 XserverDesktop: Added unknown keysym 0x6d7 to keycode 255
xfwm4-Message: 11:44:20.293: Unsupported keyboard modifier '<Super>Tab'
 XserverDesktop: Added unknown keysym 0x6c5 to keycode 254

Fri Nov 22 11:44:21 2019
 XserverDesktop: Added unknown keysym 0x6c4 to keycode 253
 XserverDesktop: Added unknown keysym 0x6c9 to keycode 252
 XserverDesktop: Added unknown keysym 0x6d4 to keycode 251
xfwm4-Message: 11:44:21.772: Unsupported keyboard modifier '<Super>Tab'

Fri Nov 22 11:44:22 2019
 XserverDesktop: Added unknown keysym 0x6cd to keycode 250
 XserverDesktop: Added unknown keysym 0x6d1 to keycode 249
xfwm4-Message: 11:44:22.613: Unsupported keyboard modifier '<Super>Tab'
 XserverDesktop: Added unknown keysym 0x6c6 to keycode 248
 XserverDesktop: Added unknown keysym 0x6c1 to keycode 247
xfwm4-Message: 11:44:23.053: Unsupported keyboard modifier '<Super>Tab'

Fri Nov 22 11:44:23 2019
 XserverDesktop: Added unknown keysym 0x6ca to keycode 246
 XserverDesktop: Added unknown keysym 0x6cc to keycode 245
xfwm4-Message: 11:44:23.846: Unsupported keyboard modifier '<Super>Tab'

Fri Nov 22 11:44:29 2019
 XserverDesktop: Added unknown keysym 0x6da to keycode 244

Fri Nov 22 11:44:30 2019
 XserverDesktop: Added unknown keysym 0x6cb to keycode 243
xfwm4-Message: 11:44:30.365: Unsupported keyboard modifier '<Super>Tab'

Fri Nov 22 11:56:01 2019
 XserverDesktop: Added unknown keysym 0x6e0 to keycode 242
xfwm4-Message: 11:56:01.824: Unsupported keyboard modifier '<Super>Tab'

Fri Nov 22 12:42:37 2019
 Connections: closed: 0.0.0.0::50284 (Clean disconnection)
 SMsgWriter:  framebuffer updates 27541
 SMsgWriter:    copyRect rects 25507, bytes 408112
 SMsgWriter:    hextile rects 642441, bytes 512967808
 SMsgWriter:    raw bytes equivalent 1763610348, compression ratio 3.438053
xfwm4: Fatal IO error 11 (Resource temporarily unavailable) on X server :14.0.
xfdesktop: Fatal IO error 11 (Resource temporarily unavailable) on X server :14.0.
