
Xvnc Free Edition 4.1.1 - built Feb 25 2015 23:02:21
Copyright (C) 2002-2005 RealVNC Ltd.
See http://www.realvnc.com for information on VNC.
Underlying X server release 40300000, The XFree86 Project, Inc


Fri Nov  1 11:04:58 2019
 vncext:      VNC extension running!
 vncext:      Listening for VNC connections on port 5906
 vncext:      created VNC server for screen 0
error opening security policy file /etc/X11/xserver/SecurityPolicy
Could not init font path element /usr/X11R6/lib/X11/fonts/Type1/, removing from list!
Could not init font path element /usr/X11R6/lib/X11/fonts/Speedo/, removing from list!
Could not init font path element /usr/X11R6/lib/X11/fonts/misc/, removing from list!
Could not init font path element /usr/X11R6/lib/X11/fonts/75dpi/, removing from list!
Could not init font path element /usr/X11R6/lib/X11/fonts/100dpi/, removing from list!
Could not init font path element /usr/share/fonts/X11/75dpi/, removing from list!
Could not init font path element /usr/share/fonts/X11/100dpi/, removing from list!

(x-window-manager:56109): xfwm4-WARNING **: 11:05:01.645: The display does not support the XRender extension.

(x-window-manager:56109): xfwm4-WARNING **: 11:05:01.646: The display does not support the XComposite extension.

(x-window-manager:56109): xfwm4-WARNING **: 11:05:01.646: The display does not support the XDamage extension.

(x-window-manager:56109): xfwm4-WARNING **: 11:05:01.646: The display does not support the XFixes extension.

(x-window-manager:56109): xfwm4-WARNING **: 11:05:01.646: Compositing manager disabled.
xfwm4-Message: 11:05:01.728: Unsupported keyboard modifier '<Super>Tab'

(x-window-manager:56109): xfwm4-WARNING **: 11:05:01.731: Failed to connect to session manager: Failed to connect to the session manager: SESSION_MANAGER environment variable not defined
Failed to connect to session manager: Failed to connect to the session manager: SESSION_MANAGER environment variable not defined

Fri Nov  1 11:05:04 2019
 Connections: accepted: 0.0.0.0::50107
 SConnection: Client needs protocol version 3.8
 SConnection: Client requests security type VncAuth(2)

Fri Nov  1 11:05:08 2019
 VNCSConnST:  Server default pixel format depth 16 (16bpp) little-endian rgb565
 VNCSConnST:  Client pixel format depth 16 (16bpp) little-endian rgb565

Fri Nov  1 11:18:06 2019
 XserverDesktop: Added unknown keysym 0x6d0 to keycode 255
 XserverDesktop: Added unknown keysym 0x6d2 to keycode 254
 XserverDesktop: Added unknown keysym 0x6c9 to keycode 253
 XserverDesktop: Added unknown keysym 0x6d7 to keycode 252
 XserverDesktop: Added unknown keysym 0x6c5 to keycode 251
 XserverDesktop: Added unknown keysym 0x6d4 to keycode 250
xfwm4-Message: 11:18:07.088: Unsupported keyboard modifier '<Super>Tab'

Fri Nov  1 11:18:09 2019
 XserverDesktop: Added unknown keysym 0x6cb to keycode 249
 XserverDesktop: Added unknown keysym 0x6c1 to keycode 248
xfwm4-Message: 11:18:09.695: Unsupported keyboard modifier '<Super>Tab'

Fri Nov  1 11:20:49 2019
 XserverDesktop: Added unknown keysym 0xf3 to keycode 247
xfwm4-Message: 11:20:49.902: Unsupported keyboard modifier '<Super>Tab'
AUDIT: Fri Nov  1 11:30:50 2019: 56099 Xvnc4: client 12 rejected from local host

(x-window-manager:56109): xfwm4-WARNING **: 11:32:00.403: XSync timeout for client "disk2 - File Manager" (0x1a00007)

Fri Nov  1 11:32:13 2019
 VNCSConnST:  Client pixel format depth 16 (16bpp) little-endian rgb565

Fri Nov  1 11:33:38 2019
 VNCSConnST:  Client pixel format depth 16 (16bpp) little-endian rgb565

Fri Nov  1 11:34:46 2019
 VNCSConnST:  Client pixel format depth 16 (16bpp) little-endian rgb565

Fri Nov  1 11:36:00 2019
 VNCSConnST:  Client pixel format depth 16 (16bpp) little-endian rgb565

Fri Nov  1 11:37:04 2019
 VNCSConnST:  Client pixel format depth 16 (16bpp) little-endian rgb565

Fri Nov  1 11:38:10 2019
 VNCSConnST:  Client pixel format depth 16 (16bpp) little-endian rgb565

Fri Nov  1 11:39:18 2019
 VNCSConnST:  Client pixel format depth 16 (16bpp) little-endian rgb565
