
Xvnc Free Edition 4.1.1 - built Feb 25 2015 23:02:21
Copyright (C) 2002-2005 RealVNC Ltd.
See http://www.realvnc.com for information on VNC.
Underlying X server release 40300000, The XFree86 Project, Inc


Fri Nov  1 11:42:32 2019
 vncext:      VNC extension running!
 vncext:      Listening for VNC connections on port 5901
 vncext:      created VNC server for screen 0
error opening security policy file /etc/X11/xserver/SecurityPolicy
Could not init font path element /usr/X11R6/lib/X11/fonts/Type1/, removing from list!
Could not init font path element /usr/X11R6/lib/X11/fonts/Speedo/, removing from list!
Could not init font path element /usr/X11R6/lib/X11/fonts/misc/, removing from list!
Could not init font path element /usr/X11R6/lib/X11/fonts/75dpi/, removing from list!
Could not init font path element /usr/X11R6/lib/X11/fonts/100dpi/, removing from list!
Could not init font path element /usr/share/fonts/X11/75dpi/, removing from list!
Could not init font path element /usr/share/fonts/X11/100dpi/, removing from list!
xrdb: No such file or directory
xrdb: can't open file '/home/is28/beresnev28/.Xresources'
/usr/bin/startxfce4: X server already running on display :1
gpg-agent[3112]: WARNING: "--write-env-file" is an obsolete option - it has no effect
gpg-agent: a gpg-agent is already running - not starting a new one

(xfce4-session:3102): xfce4-session-WARNING **: 11:42:35.535: gpg-agent returned no PID in the variables

(xfce4-session:3102): xfce4-session-WARNING **: 11:42:35.536: xfsm_manager_load_session: Something wrong with /home/is28/beresnev28/.cache/sessions/xfce4-session-virt-1:1, Does it exist? Permissions issue?

** (light-locker:3125): ERROR **: 11:42:35.808: Environment variable XDG_SESSION_PATH not set. Is LightDM running?

(xfwm4:3116): xfwm4-WARNING **: 11:42:35.908: The display does not support the XRender extension.

(xfwm4:3116): xfwm4-WARNING **: 11:42:35.909: The display does not support the XComposite extension.

(xfwm4:3116): xfwm4-WARNING **: 11:42:35.909: The display does not support the XDamage extension.

(xfwm4:3116): xfwm4-WARNING **: 11:42:35.909: The display does not support the XFixes extension.

(xfwm4:3116): xfwm4-WARNING **: 11:42:35.909: Compositing manager disabled.

(polkit-gnome-authentication-agent-1:3148): GLib-CRITICAL **: 11:42:35.910: g_variant_new_string: assertion 'string != NULL' failed

(polkit-gnome-authentication-agent-1:3148): polkit-gnome-1-WARNING **: 11:42:35.910: Failed to register client: GDBus.Error:org.freedesktop.DBus.Error.ServiceUnknown: The name org.gnome.SessionManager was not provided by any .service files
xfwm4-Message: 11:42:36.663: Unsupported keyboard modifier '<Super>Tab'

(xfsettingsd:3128): xfsettingsd-CRITICAL **: 11:42:38.316: RANDR extension is too old, version 1.1. Display settings won't be applied.
Xlib:  extension "XInputExtension" missing on display ":1.0".

(xfsettingsd:3128): xfsettingsd-CRITICAL **: 11:42:38.316: XI is not present.

(xfsettingsd:3128): xfsettingsd-CRITICAL **: 11:42:38.316: Failed to initialize the Xkb extension.

(xfsettingsd:3128): xfsettingsd-CRITICAL **: 11:42:38.317: Failed to initialize the Accessibility extension.

(xfsettingsd:3128): GLib-CRITICAL **: 11:42:38.328: g_str_has_prefix: assertion 'prefix != NULL' failed

(xfsettingsd:3128): GLib-GObject-CRITICAL **: 11:42:38.329: g_value_get_string: assertion 'G_VALUE_HOLDS_STRING (value)' failed

(xfsettingsd:3128): GLib-GObject-CRITICAL **: 11:42:38.332: g_value_get_string: assertion 'G_VALUE_HOLDS_STRING (value)' failed

(nm-applet:3275): Gtk-WARNING **: 11:42:38.377: Can't set a parent on widget which has a parent
(uint32 1,)
xfwm4-Message: 11:42:39.069: Unsupported keyboard modifier '<Super>Tab'

(nm-applet:3275): Gdk-CRITICAL **: 11:42:39.533: gdk_window_thaw_toplevel_updates: assertion 'window->update_and_descendants_freeze_count > 0' failed

Fri Nov  1 11:42:42 2019
 Connections: accepted: 0.0.0.0::50587
 SConnection: Client needs protocol version 3.8
 SConnection: Client requests security type VncAuth(2)

Fri Nov  1 11:42:47 2019
 VNCSConnST:  Server default pixel format depth 16 (16bpp) little-endian rgb565
 VNCSConnST:  Client pixel format depth 16 (16bpp) little-endian rgb565
/usr/lib/ubuntu-release-upgrader/check-new-release-gtk:30: PyGIWarning: Gtk was imported without specifying a version first. Use gi.require_version('Gtk', '3.0') before import to ensure that the right version gets loaded.
  from gi.repository import Gtk
WARNING:root:timeout reached, exiting
/usr/lib/python3/dist-packages/blueman/plugins/applet/AppIndicator.py:8: PyGIWarning: AppIndicator3 was imported without specifying a version first. Use gi.require_version('AppIndicator3', '0.1') before import to ensure that the right version gets loaded.
  from gi.repository import AppIndicator3 as girAppIndicator
ERROR:dbus.proxies:Introspect error on org.bluez:/org/bluez: dbus.exceptions.DBusException: org.freedesktop.DBus.Error.AccessDenied: Rejected send message, 2 matched rules; type="method_call", sender=":1.63" (uid=1266 pid=3270 comm="/usr/bin/python3 /usr/bin/blueman-applet " label="unconfined") interface="org.freedesktop.DBus.Introspectable" member="Introspect" error name="(unset)" requested_reply="0" destination="org.bluez" (bus)
ERROR:dbus.proxies:Introspect error on org.bluez:/: dbus.exceptions.DBusException: org.freedesktop.DBus.Error.AccessDenied: Rejected send message, 2 matched rules; type="method_call", sender=":1.63" (uid=1266 pid=3270 comm="/usr/bin/python3 /usr/bin/blueman-applet " label="unconfined") interface="org.freedesktop.DBus.Introspectable" member="Introspect" error name="(unset)" requested_reply="0" destination="org.bluez" (bus)
ERROR:dbus.proxies:Introspect error on org.bluez:/: dbus.exceptions.DBusException: org.freedesktop.DBus.Error.AccessDenied: Rejected send message, 2 matched rules; type="method_call", sender=":1.63" (uid=1266 pid=3270 comm="/usr/bin/python3 /usr/bin/blueman-applet " label="unconfined") interface="org.freedesktop.DBus.Introspectable" member="Introspect" error name="(unset)" requested_reply="0" destination="org.bluez" (bus)

(wrapper-1.0:3323): Gdk-WARNING **: 11:43:04.060: /build/gtk+2.0-AoeliP/gtk+2.0-2.24.32/gdk/x11/gdkdrawable-x11.c:952 drawable is not a pixmap or window

(blueman-applet:3270): Gdk-CRITICAL **: 11:43:04.061: gdk_window_thaw_toplevel_updates: assertion 'window->update_and_descendants_freeze_count > 0' failed
# Error constructing proxy for org.gnome.Terminal:/org/gnome/Terminal/Factory0: Error calling StartServiceByName for org.gnome.Terminal: Timeout was reached

(Thunar:3122): Gdk-WARNING **: 11:43:22.233: gdk_window_set_icon_list: icons too large
Xlib:  extension "XINERAMA" missing on display ":1.0".
func=xmlSecCheckVersionExt:file=xmlsec.c:line=188:obj=unknown:subj=unknown:error=19:invalid version:mode=abi compatible;expected minor version=2;real minor version=2;expected subminor version=25;real subminor version=26

(soffice:8497): GLib-GObject-WARNING **: 11:43:36.413: ../../../../gobject/gsignal.c:3492: signal name 'selection_changed' is invalid for instance '0x56480f3736a0' of type 'OOoAtkObjCompTxt'
AUDIT: Fri Nov  1 11:47:06 2019: 3086 Xvnc4: client 21 rejected from local host
No protocol specified
Unable to init server: Could not connect: Connection refused
Cannot parse arguments: Cannot open display: 
func=xmlSecCheckVersionExt:file=xmlsec.c:line=188:obj=unknown:subj=unknown:error=19:invalid version:mode=abi compatible;expected minor version=2;real minor version=2;expected subminor version=25;real subminor version=26
func=xmlSecCheckVersionExt:file=xmlsec.c:line=188:obj=unknown:subj=unknown:error=19:invalid version:mode=abi compatible;expected minor version=2;real minor version=2;expected subminor version=25;real subminor version=26

Fri Nov  1 11:58:23 2019
 XserverDesktop: Added unknown keysym 0x6d3 to keycode 255
 XserverDesktop: Added unknown keysym 0x6d4 to keycode 254
 XserverDesktop: Added unknown keysym 0x6d2 to keycode 253
 XserverDesktop: Added unknown keysym 0x6cf to keycode 252
 XserverDesktop: Added unknown keysym 0x6cb to keycode 251
 XserverDesktop: Added unknown keysym 0x6c1 to keycode 250
xfwm4-Message: 11:58:23.762: Unsupported keyboard modifier '<Super>Tab'

Fri Nov  1 11:58:28 2019
 XserverDesktop: Added unknown keysym 0x6c2 to keycode 249
xfwm4-Message: 11:58:28.650: Unsupported keyboard modifier '<Super>Tab'

Fri Nov  1 11:58:41 2019
 XserverDesktop: Added unknown keysym 0x6cc to keycode 248
xfwm4-Message: 11:58:41.410: Unsupported keyboard modifier '<Super>Tab'
 XserverDesktop: Added unknown keysym 0x6c5 to keycode 247
xfwm4-Message: 11:58:41.865: Unsupported keyboard modifier '<Super>Tab'
 XserverDesktop: Added unknown keysym 0x6c3 to keycode 246
xfwm4-Message: 11:58:42.122: Unsupported keyboard modifier '<Super>Tab'

Fri Nov  1 12:01:28 2019
 XserverDesktop: Added unknown keysym 0x6ce to keycode 245
 XserverDesktop: Added unknown keysym 0x6c9 to keycode 244
xfwm4-Message: 12:01:28.681: Unsupported keyboard modifier '<Super>Tab'

Fri Nov  1 12:01:30 2019
 XserverDesktop: Added unknown keysym 0x6d8 to keycode 243
xfwm4-Message: 12:01:30.993: Unsupported keyboard modifier '<Super>Tab'

Fri Nov  1 12:01:31 2019
 XserverDesktop: Added unknown keysym 0x6db to keycode 242
xfwm4-Message: 12:01:31.627: Unsupported keyboard modifier '<Super>Tab'

Fri Nov  1 12:01:32 2019
 XserverDesktop: Added unknown keysym 0x6de to keycode 241
xfwm4-Message: 12:01:32.672: Unsupported keyboard modifier '<Super>Tab'

Fri Nov  1 12:22:01 2019
 XserverDesktop: Added unknown keysym 0x6d0 to keycode 240
xfwm4-Message: 12:22:02.031: Unsupported keyboard modifier '<Super>Tab'

Fri Nov  1 12:22:16 2019
 XserverDesktop: Added unknown keysym 0x6d7 to keycode 239
xfwm4-Message: 12:22:16.287: Unsupported keyboard modifier '<Super>Tab'

Fri Nov  1 12:23:31 2019
 XserverDesktop: Added unknown keysym 0xf3 to keycode 238
xfwm4-Message: 12:23:31.414: Unsupported keyboard modifier '<Super>Tab'

(Thunar:3122): Gdk-WARNING **: 12:40:29.350: gdk_window_set_icon_list: icons too large

Fri Nov  1 12:43:50 2019
 Connections: closed: 0.0.0.0::50587 (read: Connection reset by peer (104))
 SMsgWriter:  framebuffer updates 13545
 SMsgWriter:    copyRect rects 12425, bytes 198800
 SMsgWriter:    hextile rects 49896, bytes 113863441
 SMsgWriter:    raw bytes equivalent 918963448, compression ratio 8.070751

Fri Nov  1 12:52:13 2019
 Connections: accepted: 0.0.0.0::51110
 SConnection: Client needs protocol version 3.8
 SConnection: Client requests security type VncAuth(2)
 SConnection: AuthFailureException: Authentication failure
 Connections: closed: 0.0.0.0::51110 (Authentication failure)

Fri Nov  1 13:50:00 2019
 Connections: accepted: 0.0.0.0::63013
 SConnection: Client needs protocol version 3.8
 SConnection: Client requests security type VncAuth(2)
 SConnection: AuthFailureException: Authentication failure
 Connections: closed: 0.0.0.0::63013 (Authentication failure)

Fri Nov  1 13:50:04 2019
 Connections: accepted: 0.0.0.0::63014
 SConnection: Client needs protocol version 3.8
 SConnection: Client requests security type VncAuth(2)
 SConnection: AuthFailureException: Authentication failure
 Connections: closed: 0.0.0.0::63014 (Authentication failure)

Fri Nov  1 13:50:08 2019
 Connections: accepted: 0.0.0.0::63015
 SConnection: Client needs protocol version 3.8
 SConnection: Client requests security type VncAuth(2)
 SConnection: AuthFailureException: Authentication failure
 Connections: closed: 0.0.0.0::63015 (Authentication failure)

Tue Nov  5 11:25:06 2019
 Connections: accepted: 0.0.0.0::49296
 SConnection: Client needs protocol version 3.8
 SConnection: Client requests security type VncAuth(2)

Tue Nov  5 11:25:10 2019
 SConnection: AuthFailureException: Authentication failure
 Connections: closed: 0.0.0.0::49296 (Authentication failure)

(xfdesktop:3124): libxfce4ui-WARNING **: 13:37:11.544: ICE I/O Error

(xfdesktop:3124): libxfce4ui-WARNING **: 13:37:20.537: Disconnected from session manager.
xfwm4: Fatal IO error 4 (Interrupted system call) on X server :1.0.
xfdesktop: Fatal IO error 25 (Inappropriate ioctl for device) on X server :1.0.
