
Xvnc Free Edition 4.1.1 - built Feb 25 2015 23:02:21
Copyright (C) 2002-2005 RealVNC Ltd.
See http://www.realvnc.com for information on VNC.
Underlying X server release 40300000, The XFree86 Project, Inc


Fri Nov  8 11:03:16 2019
 vncext:      VNC extension running!
 vncext:      Listening for VNC connections on port 5902
 vncext:      created VNC server for screen 0
error opening security policy file /etc/X11/xserver/SecurityPolicy
Could not init font path element /usr/X11R6/lib/X11/fonts/Type1/, removing from list!
Could not init font path element /usr/X11R6/lib/X11/fonts/Speedo/, removing from list!
Could not init font path element /usr/X11R6/lib/X11/fonts/misc/, removing from list!
Could not init font path element /usr/X11R6/lib/X11/fonts/75dpi/, removing from list!
Could not init font path element /usr/X11R6/lib/X11/fonts/100dpi/, removing from list!
Could not init font path element /usr/share/fonts/X11/75dpi/, removing from list!
Could not init font path element /usr/share/fonts/X11/100dpi/, removing from list!
xrdb: No such file or directory
xrdb: can't open file '/home/is28/beresnev28/.Xresources'
/usr/bin/startxfce4: X server already running on display :2
gpg-agent[52186]: WARNING: "--write-env-file" is an obsolete option - it has no effect
gpg-agent: a gpg-agent is already running - not starting a new one

(xfce4-session:52176): xfce4-session-WARNING **: 11:03:19.237: gpg-agent returned no PID in the variables

(xfce4-session:52176): xfce4-session-WARNING **: 11:03:19.296: xfsm_manager_load_session: Something wrong with /home/is28/beresnev28/.cache/sessions/xfce4-session-virt-1:2, Does it exist? Permissions issue?

(xfwm4:52190): xfwm4-WARNING **: 11:03:19.321: The display does not support the XRender extension.

(xfwm4:52190): xfwm4-WARNING **: 11:03:19.321: The display does not support the XComposite extension.

(xfwm4:52190): xfwm4-WARNING **: 11:03:19.321: The display does not support the XDamage extension.

(xfwm4:52190): xfwm4-WARNING **: 11:03:19.321: The display does not support the XFixes extension.

(xfwm4:52190): xfwm4-WARNING **: 11:03:19.321: Compositing manager disabled.
(uint32 1,)

** (light-locker:52202): ERROR **: 11:03:19.439: Environment variable XDG_SESSION_PATH not set. Is LightDM running?

(xfsettingsd:52199): xfsettingsd-CRITICAL **: 11:03:19.439: RANDR extension is too old, version 1.1. Display settings won't be applied.
Xlib:  extension "XInputExtension" missing on display ":2.0".

(xfsettingsd:52199): xfsettingsd-CRITICAL **: 11:03:19.439: XI is not present.

(xfsettingsd:52199): xfsettingsd-CRITICAL **: 11:03:19.439: Failed to initialize the Xkb extension.

(xfsettingsd:52199): xfsettingsd-CRITICAL **: 11:03:19.440: Failed to initialize the Accessibility extension.

(polkit-gnome-authentication-agent-1:52204): GLib-CRITICAL **: 11:03:19.471: g_variant_new_string: assertion 'string != NULL' failed

(polkit-gnome-authentication-agent-1:52204): polkit-gnome-1-WARNING **: 11:03:19.472: Failed to register client: GDBus.Error:org.freedesktop.DBus.Error.ServiceUnknown: The name org.gnome.SessionManager was not provided by any .service files
xfwm4-Message: 11:03:19.596: Unsupported keyboard modifier '<Super>Tab'

(nm-applet:52291): Gtk-WARNING **: 11:03:19.626: Can't set a parent on widget which has a parent
xfwm4-Message: 11:03:19.657: Unsupported keyboard modifier '<Super>Tab'

(nm-applet:52291): Gdk-CRITICAL **: 11:03:19.803: gdk_window_thaw_toplevel_updates: assertion 'window->update_and_descendants_freeze_count > 0' failed
/usr/lib/python3/dist-packages/blueman/plugins/applet/AppIndicator.py:8: PyGIWarning: AppIndicator3 was imported without specifying a version first. Use gi.require_version('AppIndicator3', '0.1') before import to ensure that the right version gets loaded.
  from gi.repository import AppIndicator3 as girAppIndicator
ERROR:dbus.proxies:Introspect error on org.bluez:/org/bluez: dbus.exceptions.DBusException: org.freedesktop.DBus.Error.AccessDenied: Rejected send message, 2 matched rules; type="method_call", sender=":1.1732" (uid=1266 pid=52263 comm="/usr/bin/python3 /usr/bin/blueman-applet " label="unconfined") interface="org.freedesktop.DBus.Introspectable" member="Introspect" error name="(unset)" requested_reply="0" destination="org.bluez" (bus)
ERROR:dbus.proxies:Introspect error on org.bluez:/: dbus.exceptions.DBusException: org.freedesktop.DBus.Error.AccessDenied: Rejected send message, 2 matched rules; type="method_call", sender=":1.1732" (uid=1266 pid=52263 comm="/usr/bin/python3 /usr/bin/blueman-applet " label="unconfined") interface="org.freedesktop.DBus.Introspectable" member="Introspect" error name="(unset)" requested_reply="0" destination="org.bluez" (bus)
ERROR:dbus.proxies:Introspect error on org.bluez:/: dbus.exceptions.DBusException: org.freedesktop.DBus.Error.AccessDenied: Rejected send message, 2 matched rules; type="method_call", sender=":1.1732" (uid=1266 pid=52263 comm="/usr/bin/python3 /usr/bin/blueman-applet " label="unconfined") interface="org.freedesktop.DBus.Introspectable" member="Introspect" error name="(unset)" requested_reply="0" destination="org.bluez" (bus)

Fri Nov  8 11:03:57 2019
 Connections: accepted: 0.0.0.0::50251
 SConnection: Client needs protocol version 3.8
 SConnection: Client requests security type VncAuth(2)

Fri Nov  8 11:04:01 2019
 VNCSConnST:  Server default pixel format depth 16 (16bpp) little-endian rgb565
 VNCSConnST:  Client pixel format depth 16 (16bpp) little-endian rgb565
Gtk-Message: 11:04:32.955: GtkDialog mapped without a transient parent. This is discouraged.
# Error constructing proxy for org.gnome.Terminal:/org/gnome/Terminal/Factory0: Error calling StartServiceByName for org.gnome.Terminal: Timeout was reached
# Error constructing proxy for org.gnome.Terminal:/org/gnome/Terminal/Factory0: Error calling StartServiceByName for org.gnome.Terminal: Timeout was reached
# Error constructing proxy for org.gnome.Terminal:/org/gnome/Terminal/Factory0: Error calling StartServiceByName for org.gnome.Terminal: Timeout was reached
# Error constructing proxy for org.gnome.Terminal:/org/gnome/Terminal/Factory0: Error calling StartServiceByName for org.gnome.Terminal: Timeout was reached

(Thunar:52196): Gdk-WARNING **: 11:05:39.127: gdk_window_set_icon_list: icons too large

(gedit:53856): Gtk-WARNING **: 11:10:16.223: Calling org.xfce.Session.Manager.Inhibit failed: GDBus.Error:org.freedesktop.DBus.Error.UnknownMethod: Method "Inhibit" with signature "susu" on interface "org.xfce.Session.Manager" doesn't exist


(Thunar:52196): Gdk-WARNING **: 11:11:08.304: gdk_window_set_icon_list: icons too large

(Thunar:52196): Gdk-WARNING **: 11:16:32.078: gdk_window_set_icon_list: icons too large
Xlib:  extension "XINERAMA" missing on display ":2.0".
func=xmlSecCheckVersionExt:file=xmlsec.c:line=188:obj=unknown:subj=unknown:error=19:invalid version:mode=abi compatible;expected minor version=2;real minor version=2;expected subminor version=25;real subminor version=26
func=xmlSecCheckVersionExt:file=xmlsec.c:line=188:obj=unknown:subj=unknown:error=19:invalid version:mode=abi compatible;expected minor version=2;real minor version=2;expected subminor version=25;real subminor version=26
func=xmlSecCheckVersionExt:file=xmlsec.c:line=188:obj=unknown:subj=unknown:error=19:invalid version:mode=abi compatible;expected minor version=2;real minor version=2;expected subminor version=25;real subminor version=26

(Thunar:52196): Gdk-WARNING **: 11:21:23.788: gdk_window_set_icon_list: icons too large

(Thunar:52196): Gdk-WARNING **: 11:21:51.524: gdk_window_set_icon_list: icons too large
func=xmlSecCheckVersionExt:file=xmlsec.c:line=188:obj=unknown:subj=unknown:error=19:invalid version:mode=abi compatible;expected minor version=2;real minor version=2;expected subminor version=25;real subminor version=26

(Thunar:52196): Gdk-WARNING **: 11:23:20.618: gdk_window_set_icon_list: icons too large
func=xmlSecCheckVersionExt:file=xmlsec.c:line=188:obj=unknown:subj=unknown:error=19:invalid version:mode=abi compatible;expected minor version=2;real minor version=2;expected subminor version=25;real subminor version=26
func=xmlSecCheckVersionExt:file=xmlsec.c:line=188:obj=unknown:subj=unknown:error=19:invalid version:mode=abi compatible;expected minor version=2;real minor version=2;expected subminor version=25;real subminor version=26
func=xmlSecCheckVersionExt:file=xmlsec.c:line=188:obj=unknown:subj=unknown:error=19:invalid version:mode=abi compatible;expected minor version=2;real minor version=2;expected subminor version=25;real subminor version=26

(Thunar:52196): Gdk-WARNING **: 11:27:35.377: gdk_window_set_icon_list: icons too large
func=xmlSecCheckVersionExt:file=xmlsec.c:line=188:obj=unknown:subj=unknown:error=19:invalid version:mode=abi compatible;expected minor version=2;real minor version=2;expected subminor version=25;real subminor version=26

Fri Nov  8 11:32:45 2019
 XserverDesktop: Added unknown keysym 0x6d7 to keycode 255
xfwm4-Message: 11:32:46.200: Unsupported keyboard modifier '<Super>Tab'

Fri Nov  8 11:32:47 2019
 XserverDesktop: Added unknown keysym 0x6c5 to keycode 254
 XserverDesktop: Added unknown keysym 0x6c4 to keycode 253
 XserverDesktop: Added unknown keysym 0x6c9 to keycode 252
 XserverDesktop: Added unknown keysym 0x6d4 to keycode 251
xfwm4-Message: 11:32:48.175: Unsupported keyboard modifier '<Super>Tab'

Fri Nov  8 11:32:48 2019
 XserverDesktop: Added unknown keysym 0x6dc to keycode 250
xfwm4-Message: 11:32:49.184: Unsupported keyboard modifier '<Super>Tab'

Fri Nov  8 11:32:49 2019
 XserverDesktop: Added unknown keysym 0x6cc to keycode 249
xfwm4-Message: 11:32:50.079: Unsupported keyboard modifier '<Super>Tab'

Fri Nov  8 11:32:50 2019
 XserverDesktop: Added unknown keysym 0x6cd to keycode 248
xfwm4-Message: 11:32:50.407: Unsupported keyboard modifier '<Super>Tab'
 XserverDesktop: Added unknown keysym 0x6ce to keycode 247
xfwm4-Message: 11:32:50.679: Unsupported keyboard modifier '<Super>Tab'

Fri Nov  8 11:32:52 2019
 XserverDesktop: Added unknown keysym 0x6c1 to keycode 246
 XserverDesktop: Added unknown keysym 0x6d3 to keycode 245
xfwm4-Message: 11:32:53.159: Unsupported keyboard modifier '<Super>Tab'

Fri Nov  8 12:06:05 2019
 Connections: closed: 0.0.0.0::50251 (read: Connection reset by peer (104))
 SMsgWriter:  framebuffer updates 17719
 SMsgWriter:    copyRect rects 18500, bytes 296000
 SMsgWriter:    hextile rects 76536, bytes 153051013
 SMsgWriter:    raw bytes equivalent 1239803910, compression ratio 8.100593
