
Xvnc Free Edition 4.1.1 - built Feb 25 2015 23:02:21
Copyright (C) 2002-2005 RealVNC Ltd.
See http://www.realvnc.com for information on VNC.
Underlying X server release 40300000, The XFree86 Project, Inc


Wed Dec 11 11:22:40 2019
 vncext:      VNC extension running!
 vncext:      Listening for VNC connections on port 5905
 vncext:      created VNC server for screen 0
error opening security policy file /etc/X11/xserver/SecurityPolicy
Could not init font path element /usr/X11R6/lib/X11/fonts/Type1/, removing from list!
Could not init font path element /usr/X11R6/lib/X11/fonts/Speedo/, removing from list!
Could not init font path element /usr/X11R6/lib/X11/fonts/misc/, removing from list!
Could not init font path element /usr/X11R6/lib/X11/fonts/75dpi/, removing from list!
Could not init font path element /usr/X11R6/lib/X11/fonts/100dpi/, removing from list!
Could not init font path element /usr/share/fonts/X11/75dpi/, removing from list!
Could not init font path element /usr/share/fonts/X11/100dpi/, removing from list!
xrdb: No such file or directory
xrdb: can't open file '/home/is28/beresnev28/.Xresources'
/usr/bin/startxfce4: X server already running on display :5
gpg-agent[20413]: WARNING: "--write-env-file" is an obsolete option - it has no effect
gpg-agent: a gpg-agent is already running - not starting a new one

(xfce4-session:20403): xfce4-session-WARNING **: 11:22:43.571: gpg-agent returned no PID in the variables

(xfce4-session:20403): xfce4-session-WARNING **: 11:22:43.572: xfsm_manager_load_session: Something wrong with /home/is28/beresnev28/.cache/sessions/xfce4-session-virt-1:5, Does it exist? Permissions issue?

(xfwm4:20417): xfwm4-WARNING **: 11:22:43.603: The display does not support the XRender extension.

(xfwm4:20417): xfwm4-WARNING **: 11:22:43.603: The display does not support the XComposite extension.

(xfwm4:20417): xfwm4-WARNING **: 11:22:43.603: The display does not support the XDamage extension.

(xfwm4:20417): xfwm4-WARNING **: 11:22:43.603: The display does not support the XFixes extension.

(xfwm4:20417): xfwm4-WARNING **: 11:22:43.603: Compositing manager disabled.
(uint32 1,)

** (light-locker:20427): ERROR **: 11:22:43.636: Environment variable XDG_SESSION_PATH not set. Is LightDM running?

(polkit-gnome-authentication-agent-1:20429): GLib-CRITICAL **: 11:22:43.650: g_variant_new_string: assertion 'string != NULL' failed

(polkit-gnome-authentication-agent-1:20429): polkit-gnome-1-WARNING **: 11:22:43.650: Failed to register client: GDBus.Error:org.freedesktop.DBus.Error.ServiceUnknown: The name org.gnome.SessionManager was not provided by any .service files

(xfsettingsd:20426): xfsettingsd-CRITICAL **: 11:22:43.698: RANDR extension is too old, version 1.1. Display settings won't be applied.
Xlib:  extension "XInputExtension" missing on display ":5.0".

(xfsettingsd:20426): xfsettingsd-CRITICAL **: 11:22:43.699: XI is not present.

(xfsettingsd:20426): xfsettingsd-CRITICAL **: 11:22:43.699: Failed to initialize the Xkb extension.

(xfsettingsd:20426): xfsettingsd-CRITICAL **: 11:22:43.700: Failed to initialize the Accessibility extension.
xfwm4-Message: 11:22:43.717: Unsupported keyboard modifier '<Super>Tab'
xfwm4-Message: 11:22:43.781: Unsupported keyboard modifier '<Super>Tab'

(nm-applet:20533): Gtk-WARNING **: 11:22:43.837: Can't set a parent on widget which has a parent

(nm-applet:20533): Gdk-CRITICAL **: 11:22:43.982: gdk_window_thaw_toplevel_updates: assertion 'window->update_and_descendants_freeze_count > 0' failed

Wed Dec 11 11:22:59 2019
 Connections: accepted: 0.0.0.0::62532
 SConnection: Client needs protocol version 3.8
 SConnection: Client requests security type VncAuth(2)

Wed Dec 11 11:23:02 2019
 VNCSConnST:  Server default pixel format depth 16 (16bpp) little-endian rgb565
 VNCSConnST:  Client pixel format depth 16 (16bpp) little-endian rgb565
/usr/lib/python3/dist-packages/blueman/plugins/applet/AppIndicator.py:8: PyGIWarning: AppIndicator3 was imported without specifying a version first. Use gi.require_version('AppIndicator3', '0.1') before import to ensure that the right version gets loaded.
  from gi.repository import AppIndicator3 as girAppIndicator
ERROR:dbus.proxies:Introspect error on org.bluez:/org/bluez: dbus.exceptions.DBusException: org.freedesktop.DBus.Error.AccessDenied: Rejected send message, 2 matched rules; type="method_call", sender=":1.564" (uid=1266 pid=20510 comm="/usr/bin/python3 /usr/bin/blueman-applet " label="unconfined") interface="org.freedesktop.DBus.Introspectable" member="Introspect" error name="(unset)" requested_reply="0" destination="org.bluez" (bus)
ERROR:dbus.proxies:Introspect error on org.bluez:/: dbus.exceptions.DBusException: org.freedesktop.DBus.Error.AccessDenied: Rejected send message, 2 matched rules; type="method_call", sender=":1.564" (uid=1266 pid=20510 comm="/usr/bin/python3 /usr/bin/blueman-applet " label="unconfined") interface="org.freedesktop.DBus.Introspectable" member="Introspect" error name="(unset)" requested_reply="0" destination="org.bluez" (bus)
ERROR:dbus.proxies:Introspect error on org.bluez:/: dbus.exceptions.DBusException: org.freedesktop.DBus.Error.AccessDenied: Rejected send message, 2 matched rules; type="method_call", sender=":1.564" (uid=1266 pid=20510 comm="/usr/bin/python3 /usr/bin/blueman-applet " label="unconfined") interface="org.freedesktop.DBus.Introspectable" member="Introspect" error name="(unset)" requested_reply="0" destination="org.bluez" (bus)

(wrapper-1.0:20575): Gdk-WARNING **: 11:23:09.325: /build/gtk+2.0-AoeliP/gtk+2.0-2.24.32/gdk/x11/gdkdrawable-x11.c:952 drawable is not a pixmap or window

(Thunar:20423): Gdk-WARNING **: 11:25:26.623: gdk_window_set_icon_list: icons too large
Xlib:  extension "XINERAMA" missing on display ":5.0".
func=xmlSecCheckVersionExt:file=xmlsec.c:line=188:obj=unknown:subj=unknown:error=19:invalid version:mode=abi compatible;expected minor version=2;real minor version=2;expected subminor version=25;real subminor version=26

(soffice:24744): GLib-GObject-WARNING **: 11:25:36.047: ../../../../gobject/gsignal.c:3492: signal name 'selection_changed' is invalid for instance '0x55adb180f6a0' of type 'OOoAtkObjCompTxt'

Wed Dec 11 12:04:43 2019
 XserverDesktop: Added unknown keysym 0x6c9 to keycode 255
 XserverDesktop: Added unknown keysym 0x6d3 to keycode 254
 XserverDesktop: Added unknown keysym 0x6c8 to keycode 253
 XserverDesktop: Added unknown keysym 0x6cf to keycode 252

Wed Dec 11 12:04:44 2019
 XserverDesktop: Added unknown keysym 0x6c4 to keycode 251
xfwm4-Message: 12:04:44.316: Unsupported keyboard modifier '<Super>Tab'
 XserverDesktop: Added unknown keysym 0x6ce to keycode 250
 XserverDesktop: Added unknown keysym 0x6d9 to keycode 249
 XserverDesktop: Added unknown keysym 0x6cd to keycode 248
xfwm4-Message: 12:04:44.812: Unsupported keyboard modifier '<Super>Tab'

Wed Dec 11 12:05:06 2019
 XserverDesktop: Added unknown keysym 0x6d1 to keycode 247
xfwm4-Message: 12:05:06.860: Unsupported keyboard modifier '<Super>Tab'

Wed Dec 11 12:06:03 2019
 XserverDesktop: Added unknown keysym 0x6c1 to keycode 246
 XserverDesktop: Added unknown keysym 0x6d0 to keycode 245
 XserverDesktop: Added unknown keysym 0x6d7 to keycode 244
xfwm4-Message: 12:06:03.967: Unsupported keyboard modifier '<Super>Tab'

Wed Dec 11 12:06:14 2019
 XserverDesktop: Added unknown keysym 0x6c5 to keycode 243
xfwm4-Message: 12:06:14.576: Unsupported keyboard modifier '<Super>Tab'
 XserverDesktop: Added unknown keysym 0x6d4 to keycode 242
xfwm4-Message: 12:06:15.056: Unsupported keyboard modifier '<Super>Tab'

Wed Dec 11 12:06:16 2019
 XserverDesktop: Added unknown keysym 0x6c6 to keycode 241
xfwm4-Message: 12:06:16.640: Unsupported keyboard modifier '<Super>Tab'

Wed Dec 11 12:06:17 2019
 XserverDesktop: Added unknown keysym 0x6ca to keycode 240
 XserverDesktop: Added unknown keysym 0x6cc to keycode 239
xfwm4-Message: 12:06:17.745: Unsupported keyboard modifier '<Super>Tab'

Wed Dec 11 12:06:26 2019
 XserverDesktop: Added unknown keysym 0x6d2 to keycode 238
xfwm4-Message: 12:06:26.688: Unsupported keyboard modifier '<Super>Tab'

Wed Dec 11 12:45:18 2019
 Connections: closed: 0.0.0.0::62532 (read: Connection reset by peer (104))
 SMsgWriter:  framebuffer updates 8943
 SMsgWriter:    copyRect rects 1327, bytes 21232
 SMsgWriter:    hextile rects 28905, bytes 111874201
 SMsgWriter:    raw bytes equivalent 980292864, compression ratio 8.762457
Thunar: Fatal IO error 11 (Resource temporarily unavailable) on X server :5.0.
xfwm4: Fatal IO error 11 (Resource temporarily unavailable) on X server :5.0.

(xfdesktop:20425): libxfce4ui-WARNING **: 11:14:09.773: ICE I/O Error

(xfdesktop:20425): libxfce4ui-WARNING **: 11:14:09.773: Disconnected from session manager.

(xfsettingsd:20426): libxfce4ui-WARNING **: 11:14:09.774: ICE I/O Error

(xfsettingsd:20426): libxfce4ui-WARNING **: 11:14:09.774: Disconnected from session manager.

(x-terminal-emulator:29939): libxfce4ui-WARNING **: 11:14:09.775: ICE I/O Error

(x-terminal-emulator:29939): libxfce4ui-WARNING **: 11:14:09.775: Disconnected from session manager.

Received signal:15->'Terminated'

(tracker-miner-fs:20433): GLib-GIO-CRITICAL **: 11:14:09.779: Error while sending AddMatch() message: The connection is closed

(tracker-miner-fs:20433): GLib-GIO-CRITICAL **: 11:14:09.779: Error while sending AddMatch() message: The connection is closed

(tracker-miner-fs:20433): GLib-GIO-CRITICAL **: 11:14:09.779: Error while sending AddMatch() message: The connection is closed
wrapper-1.0: Fatal IO error 11 (Resource temporarily unavailable) on X server :5.0.
xfdesktop: Fatal IO error 11 (Resource temporarily unavailable) on X server :5.0.
xfsettingsd: Fatal IO error 11 (Resource temporarily unavailable) on X server :5.0.

OK

Gdk-Message: 11:14:09.790: evolution-alarm-notify: Fatal IO error 11 (Resource temporarily unavailable) on X server :5.0.


Received signal:15->'Terminated'

OK


Received signal:15->'Terminated'
