
Xvnc Free Edition 4.1.1 - built Feb 25 2015 23:02:21
Copyright (C) 2002-2005 RealVNC Ltd.
See http://www.realvnc.com for information on VNC.
Underlying X server release 40300000, The XFree86 Project, Inc


Fri Oct 18 11:53:53 2019
 vncext:      VNC extension running!
 vncext:      Listening for VNC connections on port 5918
 vncext:      created VNC server for screen 0
error opening security policy file /etc/X11/xserver/SecurityPolicy
Could not init font path element /usr/X11R6/lib/X11/fonts/Type1/, removing from list!
Could not init font path element /usr/X11R6/lib/X11/fonts/Speedo/, removing from list!
Could not init font path element /usr/X11R6/lib/X11/fonts/misc/, removing from list!
Could not init font path element /usr/X11R6/lib/X11/fonts/75dpi/, removing from list!
Could not init font path element /usr/X11R6/lib/X11/fonts/100dpi/, removing from list!
Could not init font path element /usr/share/fonts/X11/75dpi/, removing from list!
Could not init font path element /usr/share/fonts/X11/100dpi/, removing from list!

(x-window-manager:8547): xfwm4-WARNING **: 11:53:56.302: The display does not support the XRender extension.

(x-window-manager:8547): xfwm4-WARNING **: 11:53:56.302: The display does not support the XComposite extension.

(x-window-manager:8547): xfwm4-WARNING **: 11:53:56.302: The display does not support the XDamage extension.

(x-window-manager:8547): xfwm4-WARNING **: 11:53:56.302: The display does not support the XFixes extension.

(x-window-manager:8547): xfwm4-WARNING **: 11:53:56.302: Compositing manager disabled.
xfwm4-Message: 11:53:56.331: Unsupported keyboard modifier '<Super>Tab'
Failed to connect to session manager: Failed to connect to the session manager: SESSION_MANAGER environment variable not defined

(x-window-manager:8547): xfwm4-WARNING **: 11:53:56.336: Failed to connect to session manager: Failed to connect to the session manager: SESSION_MANAGER environment variable not defined

Fri Oct 18 11:54:00 2019
 Connections: accepted: 0.0.0.0::50641
 SConnection: Client needs protocol version 3.8
 SConnection: Client requests security type VncAuth(2)

Fri Oct 18 11:54:03 2019
 VNCSConnST:  Server default pixel format depth 16 (16bpp) little-endian rgb565
 VNCSConnST:  Client pixel format depth 16 (16bpp) little-endian rgb565
AUDIT: Fri Oct 18 11:56:18 2019: 8528 Xvnc4: client 6 rejected from local host

Fri Oct 18 11:58:37 2019
 Connections: closed: 0.0.0.0::50641 (Clean disconnection)
 SMsgWriter:  framebuffer updates 1207
 SMsgWriter:    copyRect rects 595, bytes 9520
 SMsgWriter:    hextile rects 15826, bytes 29488870
 SMsgWriter:    raw bytes equivalent 210509952, compression ratio 7.138624
x-window-manager: Fatal IO error 11 (Resource temporarily unavailable) on X server :18.
