
Xvnc Free Edition 4.1.1 - built Feb 25 2015 23:02:21
Copyright (C) 2002-2005 RealVNC Ltd.
See http://www.realvnc.com for information on VNC.
Underlying X server release 40300000, The XFree86 Project, Inc


Fri Oct  4 11:52:35 2019
 vncext:      VNC extension running!
 vncext:      Listening for VNC connections on port 5927
 vncext:      created VNC server for screen 0
error opening security policy file /etc/X11/xserver/SecurityPolicy
Could not init font path element /usr/X11R6/lib/X11/fonts/Type1/, removing from list!
Could not init font path element /usr/X11R6/lib/X11/fonts/Speedo/, removing from list!
Could not init font path element /usr/X11R6/lib/X11/fonts/misc/, removing from list!
Could not init font path element /usr/X11R6/lib/X11/fonts/75dpi/, removing from list!
Could not init font path element /usr/X11R6/lib/X11/fonts/100dpi/, removing from list!
Could not init font path element /usr/share/fonts/X11/75dpi/, removing from list!
Could not init font path element /usr/share/fonts/X11/100dpi/, removing from list!

(x-window-manager:14400): xfwm4-WARNING **: 11:52:38.457: The display does not support the XRender extension.

(x-window-manager:14400): xfwm4-WARNING **: 11:52:38.457: The display does not support the XComposite extension.

(x-window-manager:14400): xfwm4-WARNING **: 11:52:38.457: The display does not support the XDamage extension.

(x-window-manager:14400): xfwm4-WARNING **: 11:52:38.457: The display does not support the XFixes extension.

(x-window-manager:14400): xfwm4-WARNING **: 11:52:38.457: Compositing manager disabled.
xfwm4-Message: 11:52:38.497: Unsupported keyboard modifier '<Super>Tab'

(x-window-manager:14400): xfwm4-WARNING **: 11:52:38.504: Failed to connect to session manager: Failed to connect to the session manager: SESSION_MANAGER environment variable not defined
Failed to connect to session manager: Failed to connect to the session manager: SESSION_MANAGER environment variable not defined

Fri Oct  4 11:52:43 2019
 Connections: accepted: 0.0.0.0::50303
 SConnection: Client needs protocol version 3.8
 SConnection: Client requests security type VncAuth(2)

Fri Oct  4 11:52:46 2019
 VNCSConnST:  Server default pixel format depth 16 (16bpp) little-endian rgb565
 VNCSConnST:  Client pixel format depth 16 (16bpp) little-endian rgb565

Fri Oct  4 11:59:33 2019
 XserverDesktop: Added unknown keysym 0x6da to keycode 255
 XserverDesktop: Added unknown keysym 0x6ce to keycode 254
 XserverDesktop: Added unknown keysym 0x6c5 to keycode 253
 XserverDesktop: Added unknown keysym 0x6d2 to keycode 252
 XserverDesktop: Added unknown keysym 0x6dd to keycode 251
 XserverDesktop: Added unknown keysym 0x6d4 to keycode 250
xfwm4-Message: 11:59:34.220: Unsupported keyboard modifier '<Super>Tab'

Fri Oct  4 12:04:00 2019
 XserverDesktop: Added unknown keysym 0x6f7 to keycode 249
xfwm4-Message: 12:04:00.552: Unsupported keyboard modifier '<Super>Tab'

Fri Oct  4 12:04:02 2019
 XserverDesktop: Added unknown keysym 0x6c4 to keycode 248
 XserverDesktop: Added unknown keysym 0x6c9 to keycode 247
xfwm4-Message: 12:04:02.816: Unsupported keyboard modifier '<Super>Tab'

Fri Oct  4 12:04:03 2019
 XserverDesktop: Added unknown keysym 0x6de to keycode 246
xfwm4-Message: 12:04:03.440: Unsupported keyboard modifier '<Super>Tab'

Fri Oct  4 12:04:04 2019
 XserverDesktop: Added unknown keysym 0x6c3 to keycode 245
xfwm4-Message: 12:04:05.073: Unsupported keyboard modifier '<Super>Tab'

Fri Oct  4 12:04:05 2019
 XserverDesktop: Added unknown keysym 0x6cc to keycode 244
 XserverDesktop: Added unknown keysym 0x6cf to keycode 243
xfwm4-Message: 12:04:05.672: Unsupported keyboard modifier '<Super>Tab'

Fri Oct  4 12:04:07 2019
 XserverDesktop: Added unknown keysym 0x6d3 to keycode 242
xfwm4-Message: 12:04:07.865: Unsupported keyboard modifier '<Super>Tab'

Fri Oct  4 12:08:36 2019
 Connections: closed: 0.0.0.0::50303 (Clean disconnection)
 SMsgWriter:  framebuffer updates 1997
 SMsgWriter:    copyRect rects 322, bytes 5152
 SMsgWriter:    hextile rects 5738, bytes 10847419
 SMsgWriter:    raw bytes equivalent 181969276, compression ratio 16.775352
x-window-manager: Fatal IO error 4 (Interrupted system call) on X server :27.
