
Xvnc Free Edition 4.1.1 - built Feb 25 2015 23:02:21
Copyright (C) 2002-2005 RealVNC Ltd.
See http://www.realvnc.com for information on VNC.
Underlying X server release 40300000, The XFree86 Project, Inc


Fri Dec 13 11:26:50 2019
 vncext:      VNC extension running!
 vncext:      Listening for VNC connections on port 5913
 vncext:      created VNC server for screen 0
error opening security policy file /etc/X11/xserver/SecurityPolicy
Could not init font path element /usr/X11R6/lib/X11/fonts/Type1/, removing from list!
Could not init font path element /usr/X11R6/lib/X11/fonts/Speedo/, removing from list!
Could not init font path element /usr/X11R6/lib/X11/fonts/misc/, removing from list!
Could not init font path element /usr/X11R6/lib/X11/fonts/75dpi/, removing from list!
Could not init font path element /usr/X11R6/lib/X11/fonts/100dpi/, removing from list!
Could not init font path element /usr/share/fonts/X11/75dpi/, removing from list!
Could not init font path element /usr/share/fonts/X11/100dpi/, removing from list!
xrdb: No such file or directory
xrdb: can't open file '/home/is28/zhirnova28/.Xresources'
/usr/bin/startxfce4: X server already running on display :13
gpg-agent[22830]: WARNING: "--write-env-file" is an obsolete option - it has no effect
gpg-agent: a gpg-agent is already running - not starting a new one

(xfce4-session:22820): xfce4-session-WARNING **: 11:26:53.491: gpg-agent returned no PID in the variables

(xfce4-session:22820): xfce4-session-WARNING **: 11:26:53.492: xfsm_manager_load_session: Something wrong with /home/is28/zhirnova28/.cache/sessions/xfce4-session-virt-1:13, Does it exist? Permissions issue?

(xfwm4:22834): xfwm4-WARNING **: 11:26:53.515: The display does not support the XRender extension.

(xfwm4:22834): xfwm4-WARNING **: 11:26:53.516: The display does not support the XComposite extension.

(xfwm4:22834): xfwm4-WARNING **: 11:26:53.516: The display does not support the XDamage extension.

(xfwm4:22834): xfwm4-WARNING **: 11:26:53.516: The display does not support the XFixes extension.

(xfwm4:22834): xfwm4-WARNING **: 11:26:53.516: Compositing manager disabled.

** (light-locker:22843): ERROR **: 11:26:53.565: Environment variable XDG_SESSION_PATH not set. Is LightDM running?
(uint32 1,)

(polkit-gnome-authentication-agent-1:22845): GLib-CRITICAL **: 11:26:53.586: g_variant_new_string: assertion 'string != NULL' failed

(polkit-gnome-authentication-agent-1:22845): polkit-gnome-1-WARNING **: 11:26:53.586: Failed to register client: GDBus.Error:org.freedesktop.DBus.Error.ServiceUnknown: The name org.gnome.SessionManager was not provided by any .service files
xfwm4-Message: 11:26:53.599: Unsupported keyboard modifier '<Super>Tab'

(xfsettingsd:22849): xfsettingsd-CRITICAL **: 11:26:53.642: RANDR extension is too old, version 1.1. Display settings won't be applied.
Xlib:  extension "XInputExtension" missing on display ":13.0".

(xfsettingsd:22849): xfsettingsd-CRITICAL **: 11:26:53.643: XI is not present.

(xfsettingsd:22849): xfsettingsd-CRITICAL **: 11:26:53.644: Failed to initialize the Xkb extension.

(xfsettingsd:22849): xfsettingsd-CRITICAL **: 11:26:53.647: Failed to initialize the Accessibility extension.
xfwm4-Message: 11:26:53.720: Unsupported keyboard modifier '<Super>Tab'

(nm-applet:22954): Gtk-WARNING **: 11:26:53.862: Can't set a parent on widget which has a parent

(nm-applet:22954): Gdk-CRITICAL **: 11:26:54.008: gdk_window_thaw_toplevel_updates: assertion 'window->update_and_descendants_freeze_count > 0' failed

Fri Dec 13 11:27:00 2019
 Connections: accepted: 0.0.0.0::50056
 SConnection: Client needs protocol version 3.8
 SConnection: Client requests security type VncAuth(2)

Fri Dec 13 11:27:02 2019
 SConnection: AuthFailureException: Authentication failure
 Connections: closed: 0.0.0.0::50056 (Authentication failure)

Fri Dec 13 11:27:06 2019
 Connections: accepted: 0.0.0.0::50057
 SConnection: Client needs protocol version 3.8
 SConnection: Client requests security type VncAuth(2)

Fri Dec 13 11:27:10 2019
 VNCSConnST:  Server default pixel format depth 16 (16bpp) little-endian rgb565
 VNCSConnST:  Client pixel format depth 16 (16bpp) little-endian rgb565
/usr/lib/ubuntu-release-upgrader/check-new-release-gtk:30: PyGIWarning: Gtk was imported without specifying a version first. Use gi.require_version('Gtk', '3.0') before import to ensure that the right version gets loaded.
  from gi.repository import Gtk
WARNING:root:timeout reached, exiting
/usr/lib/python3/dist-packages/blueman/plugins/applet/AppIndicator.py:8: PyGIWarning: AppIndicator3 was imported without specifying a version first. Use gi.require_version('AppIndicator3', '0.1') before import to ensure that the right version gets loaded.
  from gi.repository import AppIndicator3 as girAppIndicator
ERROR:dbus.proxies:Introspect error on org.bluez:/org/bluez: dbus.exceptions.DBusException: org.freedesktop.DBus.Error.AccessDenied: Rejected send message, 2 matched rules; type="method_call", sender=":1.2382" (uid=1271 pid=22933 comm="/usr/bin/python3 /usr/bin/blueman-applet " label="unconfined") interface="org.freedesktop.DBus.Introspectable" member="Introspect" error name="(unset)" requested_reply="0" destination="org.bluez" (bus)
ERROR:dbus.proxies:Introspect error on org.bluez:/: dbus.exceptions.DBusException: org.freedesktop.DBus.Error.AccessDenied: Rejected send message, 2 matched rules; type="method_call", sender=":1.2382" (uid=1271 pid=22933 comm="/usr/bin/python3 /usr/bin/blueman-applet " label="unconfined") interface="org.freedesktop.DBus.Introspectable" member="Introspect" error name="(unset)" requested_reply="0" destination="org.bluez" (bus)
ERROR:dbus.proxies:Introspect error on org.bluez:/: dbus.exceptions.DBusException: org.freedesktop.DBus.Error.AccessDenied: Rejected send message, 2 matched rules; type="method_call", sender=":1.2382" (uid=1271 pid=22933 comm="/usr/bin/python3 /usr/bin/blueman-applet " label="unconfined") interface="org.freedesktop.DBus.Introspectable" member="Introspect" error name="(unset)" requested_reply="0" destination="org.bluez" (bus)

(wrapper-1.0:22988): Gdk-WARNING **: 11:27:19.171: /build/gtk+2.0-AoeliP/gtk+2.0-2.24.32/gdk/x11/gdkdrawable-x11.c:952 drawable is not a pixmap or window

(wrapper-1.0:22988): Gdk-WARNING **: 11:27:19.171: /build/gtk+2.0-AoeliP/gtk+2.0-2.24.32/gdk/x11/gdkdrawable-x11.c:952 drawable is not a pixmap or window

(Thunar:22840): Gdk-WARNING **: 11:30:03.193: gdk_window_set_icon_list: icons too large
Xlib:  extension "XINERAMA" missing on display ":13.0".
func=xmlSecCheckVersionExt:file=xmlsec.c:line=188:obj=unknown:subj=unknown:error=19:invalid version:mode=abi compatible;expected minor version=2;real minor version=2;expected subminor version=25;real subminor version=26

(soffice:25020): GLib-GObject-WARNING **: 11:30:12.168: ../../../../gobject/gsignal.c:3492: signal name 'selection_changed' is invalid for instance '0x55863fb65120' of type 'OOoAtkObjCompTxt'

Fri Dec 13 11:32:11 2019
 XserverDesktop: Added unknown keysym 0x6f7 to keycode 255
xfwm4-Message: 11:32:11.993: Unsupported keyboard modifier '<Super>Tab'

Fri Dec 13 11:32:13 2019
 XserverDesktop: Added unknown keysym 0x6c5 to keycode 254

Fri Dec 13 11:32:14 2019
 XserverDesktop: Added unknown keysym 0x6c4 to keycode 253
 XserverDesktop: Added unknown keysym 0x6c9 to keycode 252
 XserverDesktop: Added unknown keysym 0x6d4 to keycode 251
xfwm4-Message: 11:32:14.640: Unsupported keyboard modifier '<Super>Tab'
 XserverDesktop: Added unknown keysym 0x6d3 to keycode 250
xfwm4-Message: 11:32:15.096: Unsupported keyboard modifier '<Super>Tab'

Fri Dec 13 11:32:15 2019
 XserverDesktop: Added unknown keysym 0x6d2 to keycode 249
 XserverDesktop: Added unknown keysym 0x6cf to keycode 248
 XserverDesktop: Added unknown keysym 0x6cb to keycode 247
 XserverDesktop: Added unknown keysym 0xf3 to keycode 246
xfwm4-Message: 11:32:15.729: Unsupported keyboard modifier '<Super>Tab'

Fri Dec 13 11:41:51 2019
 XserverDesktop: Added unknown keysym 0x6fa to keycode 245
xfwm4-Message: 11:41:52.007: Unsupported keyboard modifier '<Super>Tab'

(gedit:27223): Gtk-WARNING **: 11:52:05.858: Calling org.xfce.Session.Manager.Inhibit failed: GDBus.Error:org.freedesktop.DBus.Error.UnknownMethod: Method "Inhibit" with signature "susu" on interface "org.xfce.Session.Manager" doesn't exist


(Thunar:22840): thunar-WARNING **: 11:57:30.765: Content type loading failed for .goutputstream-YG9XC0: Error when getting information for file “/home/is28/zhirnova28/zad6/.goutputstream-YG9XC0”: No such file or directory

(gedit:28121): Gtk-WARNING **: 11:58:20.829: Calling org.xfce.Session.Manager.Inhibit failed: GDBus.Error:org.freedesktop.DBus.Error.UnknownMethod: Method "Inhibit" with signature "susu" on interface "org.xfce.Session.Manager" doesn't exist


Fri Dec 13 12:04:10 2019
 Connections: closed: 0.0.0.0::50057 (Clean disconnection)
 SMsgWriter:  framebuffer updates 6420
 SMsgWriter:    copyRect rects 1695, bytes 27120
 SMsgWriter:    hextile rects 20545, bytes 46174451
 SMsgWriter:    raw bytes equivalent 538033478, compression ratio 11.652190

Fri Dec 13 12:04:14 2019
 Connections: accepted: 0.0.0.0::50131
 SConnection: Client needs protocol version 3.8
 SConnection: Client requests security type VncAuth(2)

Fri Dec 13 12:04:20 2019
 VNCSConnST:  Server default pixel format depth 16 (16bpp) little-endian rgb565
 VNCSConnST:  Client pixel format depth 16 (16bpp) little-endian rgb565

Fri Dec 13 12:04:48 2019
 XserverDesktop: Added unknown keysym 0x6cd to keycode 244
 XserverDesktop: Added unknown keysym 0x6d1 to keycode 243
xfwm4-Message: 12:04:48.760: Unsupported keyboard modifier '<Super>Tab'

Fri Dec 13 12:04:49 2019
 XserverDesktop: Added unknown keysym 0x6f6 to keycode 242
xfwm4-Message: 12:04:49.985: Unsupported keyboard modifier '<Super>Tab'

Fri Dec 13 12:04:52 2019
 XserverDesktop: Added unknown keysym 0x6dc to keycode 241
xfwm4-Message: 12:04:53.216: Unsupported keyboard modifier '<Super>Tab'

Fri Dec 13 12:05:09 2019
 XserverDesktop: Added unknown keysym 0x6c7 to keycode 240
xfwm4-Message: 12:05:09.928: Unsupported keyboard modifier '<Super>Tab'

Fri Dec 13 12:05:10 2019
 XserverDesktop: Added unknown keysym 0x6d0 to keycode 239
xfwm4-Message: 12:05:10.296: Unsupported keyboard modifier '<Super>Tab'

Fri Dec 13 12:05:22 2019
 XserverDesktop: Added unknown keysym 0x6c1 to keycode 238
xfwm4-Message: 12:05:23.208: Unsupported keyboard modifier '<Super>Tab'

Fri Dec 13 12:05:29 2019
 XserverDesktop: Added unknown keysym 0x6db to keycode 237
xfwm4-Message: 12:05:29.711: Unsupported keyboard modifier '<Super>Tab'

Fri Dec 13 12:45:12 2019
 Connections: closed: 0.0.0.0::50131 (Clean disconnection)
 SMsgWriter:  framebuffer updates 5891
 SMsgWriter:    copyRect rects 1582, bytes 25312
 SMsgWriter:    hextile rects 21616, bytes 49988622
 SMsgWriter:    raw bytes equivalent 507033352, compression ratio 10.142975

(tracker-miner-fs:22847): GLib-GObject-WARNING **: 13:57:39.618: g_object_notify: object class 'UpClient' has no property named 'g-name-owner'

(tracker-miner-fs:22847): GLib-GObject-WARNING **: 13:57:39.618: g_object_notify: object class 'UpDevice' has no property named 'g-name-owner'
xfwm4: Fatal IO error 11 (Resource temporarily unavailable) on X server :13.0.
xfdesktop: Fatal IO error 4 (Interrupted system call) on X server :13.0.
