
Xvnc Free Edition 4.1.1 - built Feb 25 2015 23:02:21
Copyright (C) 2002-2005 RealVNC Ltd.
See http://www.realvnc.com for information on VNC.
Underlying X server release 40300000, The XFree86 Project, Inc


Thu Feb 27 09:45:13 2020
 vncext:      VNC extension running!
 vncext:      Listening for VNC connections on port 5906
 vncext:      created VNC server for screen 0
error opening security policy file /etc/X11/xserver/SecurityPolicy
Could not init font path element /usr/X11R6/lib/X11/fonts/Type1/, removing from list!
Could not init font path element /usr/X11R6/lib/X11/fonts/Speedo/, removing from list!
Could not init font path element /usr/X11R6/lib/X11/fonts/misc/, removing from list!
Could not init font path element /usr/X11R6/lib/X11/fonts/75dpi/, removing from list!
Could not init font path element /usr/X11R6/lib/X11/fonts/100dpi/, removing from list!
Could not init font path element /usr/share/fonts/X11/75dpi/, removing from list!
Could not init font path element /usr/share/fonts/X11/100dpi/, removing from list!
xrdb: No such file or directory
xrdb: can't open file '/home/is28/zhirnova28/.Xresources'
/usr/bin/startxfce4: X server already running on display :6
gpg-agent[5751]: WARNING: "--write-env-file" is an obsolete option - it has no effect
gpg-agent: a gpg-agent is already running - not starting a new one

(xfce4-session:5741): xfce4-session-WARNING **: 09:45:16.900: gpg-agent returned no PID in the variables

(xfce4-session:5741): xfce4-session-WARNING **: 09:45:16.901: xfsm_manager_load_session: Something wrong with /home/is28/zhirnova28/.cache/sessions/xfce4-session-virt-1:6, Does it exist? Permissions issue?

(xfwm4:5755): xfwm4-WARNING **: 09:45:16.925: The display does not support the XRender extension.

(xfwm4:5755): xfwm4-WARNING **: 09:45:16.925: The display does not support the XComposite extension.

(xfwm4:5755): xfwm4-WARNING **: 09:45:16.925: The display does not support the XDamage extension.

(xfwm4:5755): xfwm4-WARNING **: 09:45:16.925: The display does not support the XFixes extension.

(xfwm4:5755): xfwm4-WARNING **: 09:45:16.925: Compositing manager disabled.
(uint32 1,)

** (light-locker:5764): ERROR **: 09:45:16.987: Environment variable XDG_SESSION_PATH not set. Is LightDM running?

(polkit-gnome-authentication-agent-1:5767): GLib-CRITICAL **: 09:45:17.003: g_variant_new_string: assertion 'string != NULL' failed

(polkit-gnome-authentication-agent-1:5767): polkit-gnome-1-WARNING **: 09:45:17.004: Failed to register client: GDBus.Error:org.freedesktop.DBus.Error.ServiceUnknown: The name org.gnome.SessionManager was not provided by any .service files
xfwm4-Message: 09:45:17.013: Unsupported keyboard modifier '<Super>Tab'

(xfsettingsd:5766): xfsettingsd-CRITICAL **: 09:45:17.015: RANDR extension is too old, version 1.1. Display settings won't be applied.
Xlib:  extension "XInputExtension" missing on display ":6.0".

(xfsettingsd:5766): xfsettingsd-CRITICAL **: 09:45:17.016: XI is not present.

(xfsettingsd:5766): xfsettingsd-CRITICAL **: 09:45:17.017: Failed to initialize the Xkb extension.

(xfsettingsd:5766): xfsettingsd-CRITICAL **: 09:45:17.018: Failed to initialize the Accessibility extension.
xfwm4-Message: 09:45:17.096: Unsupported keyboard modifier '<Super>Tab'

(nm-applet:5841): Gtk-WARNING **: 09:45:17.158: Can't set a parent on widget which has a parent

(nm-applet:5841): Gdk-CRITICAL **: 09:45:17.304: gdk_window_thaw_toplevel_updates: assertion 'window->update_and_descendants_freeze_count > 0' failed

Thu Feb 27 09:45:31 2020
 Connections: accepted: 0.0.0.0::49339
 SConnection: Client needs protocol version 3.8
 SConnection: Client requests security type VncAuth(2)

Thu Feb 27 09:45:34 2020
 VNCSConnST:  Server default pixel format depth 16 (16bpp) little-endian rgb565
 VNCSConnST:  Client pixel format depth 16 (16bpp) little-endian rgb565
/usr/lib/python3/dist-packages/blueman/plugins/applet/AppIndicator.py:8: PyGIWarning: AppIndicator3 was imported without specifying a version first. Use gi.require_version('AppIndicator3', '0.1') before import to ensure that the right version gets loaded.
  from gi.repository import AppIndicator3 as girAppIndicator
ERROR:dbus.proxies:Introspect error on org.bluez:/org/bluez: dbus.exceptions.DBusException: org.freedesktop.DBus.Error.AccessDenied: Rejected send message, 2 matched rules; type="method_call", sender=":1.232" (uid=1271 pid=5828 comm="/usr/bin/python3 /usr/bin/blueman-applet " label="unconfined") interface="org.freedesktop.DBus.Introspectable" member="Introspect" error name="(unset)" requested_reply="0" destination="org.bluez" (bus)
ERROR:dbus.proxies:Introspect error on org.bluez:/: dbus.exceptions.DBusException: org.freedesktop.DBus.Error.AccessDenied: Rejected send message, 2 matched rules; type="method_call", sender=":1.232" (uid=1271 pid=5828 comm="/usr/bin/python3 /usr/bin/blueman-applet " label="unconfined") interface="org.freedesktop.DBus.Introspectable" member="Introspect" error name="(unset)" requested_reply="0" destination="org.bluez" (bus)
ERROR:dbus.proxies:Introspect error on org.bluez:/: dbus.exceptions.DBusException: org.freedesktop.DBus.Error.AccessDenied: Rejected send message, 2 matched rules; type="method_call", sender=":1.232" (uid=1271 pid=5828 comm="/usr/bin/python3 /usr/bin/blueman-applet " label="unconfined") interface="org.freedesktop.DBus.Introspectable" member="Introspect" error name="(unset)" requested_reply="0" destination="org.bluez" (bus)

Thu Feb 27 09:47:38 2020
 XserverDesktop: Added unknown keysym 0x6d3 to keycode 255
 XserverDesktop: Added unknown keysym 0x6d7 to keycode 254
xfwm4-Message: 09:47:38.623: Unsupported keyboard modifier '<Super>Tab'

(polkit-gnome-authentication-agent-1:5767): polkit-gnome-1-WARNING **: 09:48:56.593: Couldn't open user icon: Failed to open file '/home/adom/.face': No such file or directory

(polkit-gnome-authentication-agent-1:5767): polkit-gnome-1-WARNING **: 09:48:56.595: Couldn't open user icon: Failed to open file '/home/test/.face': No such file or directory
Gtk-Message: 09:48:56.624: GtkDialog mapped without a transient parent. This is discouraged.

(polkit-gnome-authentication-agent-1:5767): polkit-gnome-1-WARNING **: 09:48:58.308: Couldn't open user icon: Failed to open file '/home/adom/.face': No such file or directory

(polkit-gnome-authentication-agent-1:5767): polkit-gnome-1-WARNING **: 09:48:58.309: Couldn't open user icon: Failed to open file '/home/test/.face': No such file or directory
Gtk-Message: 09:48:58.317: GtkDialog mapped without a transient parent. This is discouraged.

Thu Feb 27 10:18:13 2020
 XserverDesktop: Added unknown keysym 0x6da to keycode 253
xfwm4-Message: 10:18:13.868: Unsupported keyboard modifier '<Super>Tab'
 XserverDesktop: Added unknown keysym 0x6ce to keycode 252

Thu Feb 27 10:18:14 2020
 XserverDesktop: Added unknown keysym 0x6c1 to keycode 251
 XserverDesktop: Added unknown keysym 0x6de to keycode 250
 XserverDesktop: Added unknown keysym 0x6c5 to keycode 249
xfwm4-Message: 10:18:14.619: Unsupported keyboard modifier '<Super>Tab'
 XserverDesktop: Added unknown keysym 0x6c9 to keycode 248
xfwm4-Message: 10:18:14.987: Unsupported keyboard modifier '<Super>Tab'

Thu Feb 27 10:19:12 2020
 XserverDesktop: Added unknown keysym 0x6f2 to keycode 247
xfwm4-Message: 10:19:12.436: Unsupported keyboard modifier '<Super>Tab'
 XserverDesktop: Added unknown keysym 0xf3 to keycode 246

Thu Feb 27 10:19:13 2020
 XserverDesktop: Added unknown keysym 0x6cc to keycode 245
 XserverDesktop: Added unknown keysym 0x6d8 to keycode 244
 XserverDesktop: Added unknown keysym 0x6d4 to keycode 243
xfwm4-Message: 10:19:13.659: Unsupported keyboard modifier '<Super>Tab'

Thu Feb 27 10:20:22 2020
 XserverDesktop: Added unknown keysym 0x6c7 to keycode 242
xfwm4-Message: 10:20:22.836: Unsupported keyboard modifier '<Super>Tab'

Thu Feb 27 10:20:23 2020
 XserverDesktop: Added unknown keysym 0x6c6 to keycode 241
 XserverDesktop: Added unknown keysym 0x6cb to keycode 240
xfwm4-Message: 10:20:23.436: Unsupported keyboard modifier '<Super>Tab'

Thu Feb 27 10:23:40 2020
 XserverDesktop: Added unknown keysym 0x6cf to keycode 239
 XserverDesktop: Added unknown keysym 0x6d1 to keycode 238
xfwm4-Message: 10:23:41.085: Unsupported keyboard modifier '<Super>Tab'

(Thunar:5761): Gdk-WARNING **: 10:28:26.556: gdk_window_set_icon_list: icons too large
Xlib:  extension "XINERAMA" missing on display ":6.0".
func=xmlSecCheckVersionExt:file=xmlsec.c:line=188:obj=unknown:subj=unknown:error=19:invalid version:mode=abi compatible;expected minor version=2;real minor version=2;expected subminor version=25;real subminor version=26

(nm-applet:5841): Gtk-CRITICAL **: 10:32:51.313: gtk_widget_destroy: assertion 'GTK_IS_WIDGET (widget)' failed

(nm-applet:5841): Gtk-CRITICAL **: 10:32:51.313: gtk_widget_destroy: assertion 'GTK_IS_WIDGET (widget)' failed

(nm-applet:5841): Gtk-WARNING **: 10:32:51.315: Can't set a parent on widget which has a parent

(nm-applet:5841): Gtk-CRITICAL **: 10:32:56.651: gtk_widget_destroy: assertion 'GTK_IS_WIDGET (widget)' failed

(nm-applet:5841): Gtk-CRITICAL **: 10:32:56.651: gtk_widget_destroy: assertion 'GTK_IS_WIDGET (widget)' failed

(nm-applet:5841): Gtk-WARNING **: 10:32:56.652: Can't set a parent on widget which has a parent

Thu Feb 27 10:39:33 2020
 XserverDesktop: Added unknown keysym 0x6db to keycode 237
xfwm4-Message: 10:39:33.582: Unsupported keyboard modifier '<Super>Tab'

Thu Feb 27 10:40:06 2020
 XserverDesktop: Added unknown keysym 0x6c4 to keycode 236
xfwm4-Message: 10:40:06.511: Unsupported keyboard modifier '<Super>Tab'

Thu Feb 27 10:40:08 2020
 XserverDesktop: Added unknown keysym 0x6c8 to keycode 235
xfwm4-Message: 10:40:08.654: Unsupported keyboard modifier '<Super>Tab'

Thu Feb 27 10:47:30 2020
 XserverDesktop: Added unknown keysym 0x6dd to keycode 234
 XserverDesktop: Added unknown keysym 0x6d9 to keycode 233
xfwm4-Message: 10:47:30.591: Unsupported keyboard modifier '<Super>Tab'

Thu Feb 27 10:52:05 2020
 Connections: closed: 0.0.0.0::49339 (Clean disconnection)
 SMsgWriter:  framebuffer updates 12020
 SMsgWriter:    copyRect rects 2745, bytes 43920
 SMsgWriter:    hextile rects 44771, bytes 118767989
 SMsgWriter:    raw bytes equivalent 1244717680, compression ratio 10.480245
ERROR:dbus.proxies:Introspect error on org.bluez:/: dbus.exceptions.DBusException: org.freedesktop.DBus.Error.AccessDenied: Rejected send message, 2 matched rules; type="method_call", sender=":1.232" (uid=1271 pid=5828 comm="/usr/bin/python3 /usr/bin/blueman-applet " label="unconfined") interface="org.freedesktop.DBus.Introspectable" member="Introspect" error name="(unset)" requested_reply="0" destination="org.bluez" (uid=0 pid=63953 comm="/usr/lib/bluetooth/bluetoothd " label="unconfined")
xfwm4: Fatal IO error 11 (Resource temporarily unavailable) on X server :6.0.

Received signal:15->'Terminated'

Received signal:15->'Terminated'
xfdesktop: Fatal IO error 4 (Interrupted system call) on X server :6.0.
