
Xvnc Free Edition 4.1.1 - built Feb 25 2015 23:02:21
Copyright (C) 2002-2005 RealVNC Ltd.
See http://www.realvnc.com for information on VNC.
Underlying X server release 40300000, The XFree86 Project, Inc


Thu Feb 13 09:48:00 2020
 vncext:      VNC extension running!
 vncext:      Listening for VNC connections on port 5911
 vncext:      created VNC server for screen 0
error opening security policy file /etc/X11/xserver/SecurityPolicy
Could not init font path element /usr/X11R6/lib/X11/fonts/Type1/, removing from list!
Could not init font path element /usr/X11R6/lib/X11/fonts/Speedo/, removing from list!
Could not init font path element /usr/X11R6/lib/X11/fonts/misc/, removing from list!
Could not init font path element /usr/X11R6/lib/X11/fonts/75dpi/, removing from list!
Could not init font path element /usr/X11R6/lib/X11/fonts/100dpi/, removing from list!
Could not init font path element /usr/share/fonts/X11/75dpi/, removing from list!
Could not init font path element /usr/share/fonts/X11/100dpi/, removing from list!
xrdb: No such file or directory
xrdb: can't open file '/home/is28/zhirnova28/.Xresources'
/usr/bin/startxfce4: X server already running on display :11
gpg-agent[8506]: WARNING: "--write-env-file" is an obsolete option - it has no effect
gpg-agent: a gpg-agent is already running - not starting a new one

(xfce4-session:8496): xfce4-session-WARNING **: 09:48:03.363: gpg-agent returned no PID in the variables

(xfce4-session:8496): xfce4-session-WARNING **: 09:48:03.369: xfsm_manager_load_session: Something wrong with /home/is28/zhirnova28/.cache/sessions/xfce4-session-virt-1:11, Does it exist? Permissions issue?

(xfwm4:8510): xfwm4-WARNING **: 09:48:03.398: The display does not support the XRender extension.

(xfwm4:8510): xfwm4-WARNING **: 09:48:03.398: The display does not support the XComposite extension.

(xfwm4:8510): xfwm4-WARNING **: 09:48:03.398: The display does not support the XDamage extension.

(xfwm4:8510): xfwm4-WARNING **: 09:48:03.398: The display does not support the XFixes extension.

(xfwm4:8510): xfwm4-WARNING **: 09:48:03.398: Compositing manager disabled.
(uint32 1,)

** (light-locker:8519): ERROR **: 09:48:03.438: Environment variable XDG_SESSION_PATH not set. Is LightDM running?

(polkit-gnome-authentication-agent-1:8521): GLib-CRITICAL **: 09:48:03.454: g_variant_new_string: assertion 'string != NULL' failed

(polkit-gnome-authentication-agent-1:8521): polkit-gnome-1-WARNING **: 09:48:03.458: Failed to register client: GDBus.Error:org.freedesktop.DBus.Error.ServiceUnknown: The name org.gnome.SessionManager was not provided by any .service files

(xfsettingsd:8524): xfsettingsd-CRITICAL **: 09:48:03.532: RANDR extension is too old, version 1.1. Display settings won't be applied.
Xlib:  extension "XInputExtension" missing on display ":11.0".

(xfsettingsd:8524): xfsettingsd-CRITICAL **: 09:48:03.535: XI is not present.

(xfsettingsd:8524): xfsettingsd-CRITICAL **: 09:48:03.535: Failed to initialize the Xkb extension.

(xfsettingsd:8524): xfsettingsd-CRITICAL **: 09:48:03.537: Failed to initialize the Accessibility extension.
xfwm4-Message: 09:48:03.558: Unsupported keyboard modifier '<Super>Tab'
xfwm4-Message: 09:48:03.647: Unsupported keyboard modifier '<Super>Tab'

(nm-applet:8627): Gtk-WARNING **: 09:48:03.734: Can't set a parent on widget which has a parent

(nm-applet:8627): Gdk-CRITICAL **: 09:48:03.882: gdk_window_thaw_toplevel_updates: assertion 'window->update_and_descendants_freeze_count > 0' failed
/usr/lib/python3/dist-packages/blueman/plugins/applet/AppIndicator.py:8: PyGIWarning: AppIndicator3 was imported without specifying a version first. Use gi.require_version('AppIndicator3', '0.1') before import to ensure that the right version gets loaded.
  from gi.repository import AppIndicator3 as girAppIndicator
ERROR:dbus.proxies:Introspect error on org.bluez:/org/bluez: dbus.exceptions.DBusException: org.freedesktop.DBus.Error.AccessDenied: Rejected send message, 2 matched rules; type="method_call", sender=":1.408" (uid=1271 pid=8594 comm="/usr/bin/python3 /usr/bin/blueman-applet " label="unconfined") interface="org.freedesktop.DBus.Introspectable" member="Introspect" error name="(unset)" requested_reply="0" destination="org.bluez" (bus)
ERROR:dbus.proxies:Introspect error on org.bluez:/: dbus.exceptions.DBusException: org.freedesktop.DBus.Error.AccessDenied: Rejected send message, 2 matched rules; type="method_call", sender=":1.408" (uid=1271 pid=8594 comm="/usr/bin/python3 /usr/bin/blueman-applet " label="unconfined") interface="org.freedesktop.DBus.Introspectable" member="Introspect" error name="(unset)" requested_reply="0" destination="org.bluez" (bus)
ERROR:dbus.proxies:Introspect error on org.bluez:/: dbus.exceptions.DBusException: org.freedesktop.DBus.Error.AccessDenied: Rejected send message, 2 matched rules; type="method_call", sender=":1.408" (uid=1271 pid=8594 comm="/usr/bin/python3 /usr/bin/blueman-applet " label="unconfined") interface="org.freedesktop.DBus.Introspectable" member="Introspect" error name="(unset)" requested_reply="0" destination="org.bluez" (bus)

Thu Feb 13 09:48:16 2020
 Connections: accepted: 0.0.0.0::54074
 SConnection: Client needs protocol version 3.8
 SConnection: Client requests security type VncAuth(2)

Thu Feb 13 09:48:22 2020
 VNCSConnST:  Server default pixel format depth 16 (16bpp) little-endian rgb565
 VNCSConnST:  Client pixel format depth 16 (16bpp) little-endian rgb565

Thu Feb 13 10:25:06 2020
 XserverDesktop: Added unknown keysym 0x6f7 to keycode 255
xfwm4-Message: 10:25:06.368: Unsupported keyboard modifier '<Super>Tab'

Thu Feb 13 10:25:09 2020
 XserverDesktop: Added unknown keysym 0x6c5 to keycode 254
xfwm4-Message: 10:25:09.600: Unsupported keyboard modifier '<Super>Tab'
 XserverDesktop: Added unknown keysym 0x6c4 to keycode 253
 XserverDesktop: Added unknown keysym 0x6c9 to keycode 252
xfwm4-Message: 10:25:10.016: Unsupported keyboard modifier '<Super>Tab'

Thu Feb 13 10:25:10 2020
 XserverDesktop: Added unknown keysym 0x6d4 to keycode 251
xfwm4-Message: 10:25:10.279: Unsupported keyboard modifier '<Super>Tab'

Thu Feb 13 10:25:11 2020
 XserverDesktop: Added unknown keysym 0x6d0 to keycode 250
xfwm4-Message: 10:25:11.328: Unsupported keyboard modifier '<Super>Tab'
 XserverDesktop: Added unknown keysym 0x6d2 to keycode 249
xfwm4-Message: 10:25:11.791: Unsupported keyboard modifier '<Super>Tab'
 XserverDesktop: Added unknown keysym 0xf3 to keycode 248
xfwm4-Message: 10:25:12.159: Unsupported keyboard modifier '<Super>Tab'

Thu Feb 13 10:25:12 2020
 XserverDesktop: Added unknown keysym 0x6c0 to keycode 247
xfwm4-Message: 10:25:12.616: Unsupported keyboard modifier '<Super>Tab'
 XserverDesktop: Added unknown keysym 0x6cb to keycode 246
 XserverDesktop: Added unknown keysym 0x6cf to keycode 245
xfwm4-Message: 10:25:13.095: Unsupported keyboard modifier '<Super>Tab'

Thu Feb 13 10:25:14 2020
 XserverDesktop: Added unknown keysym 0x6ce to keycode 244
 XserverDesktop: Added unknown keysym 0x6c1 to keycode 243
xfwm4-Message: 10:25:14.523: Unsupported keyboard modifier '<Super>Tab'

Thu Feb 13 10:25:15 2020
 XserverDesktop: Added unknown keysym 0x6de to keycode 242
xfwm4-Message: 10:25:15.512: Unsupported keyboard modifier '<Super>Tab'

Thu Feb 13 10:25:27 2020
 XserverDesktop: Added unknown keysym 0x6e8 to keycode 241
xfwm4-Message: 10:25:27.280: Unsupported keyboard modifier '<Super>Tab'

Thu Feb 13 10:27:38 2020
 XserverDesktop: Added unknown keysym 0x6c2 to keycode 240
xfwm4-Message: 10:27:38.359: Unsupported keyboard modifier '<Super>Tab'

Thu Feb 13 10:27:41 2020
 XserverDesktop: Added unknown keysym 0x6dc to keycode 239
xfwm4-Message: 10:27:42.176: Unsupported keyboard modifier '<Super>Tab'

Thu Feb 13 10:46:06 2020
 Connections: closed: 0.0.0.0::54074 (Clean disconnection)
 SMsgWriter:  framebuffer updates 5469
 SMsgWriter:    copyRect rects 1960, bytes 31360
 SMsgWriter:    hextile rects 33075, bytes 83369593
 SMsgWriter:    raw bytes equivalent 722789138, compression ratio 8.669697
xfwm4: Fatal IO error 11 (Resource temporarily unavailable) on X server :11.0.

Received signal:15->'Terminated'

(tracker-miner-fs:8523): GLib-GIO-CRITICAL **: 09:51:29.757: Error while sending AddMatch() message: The connection is closed

(tracker-miner-fs:8523): GLib-GIO-CRITICAL **: 09:51:29.757: Error while sending AddMatch() message: The connection is closed

(tracker-miner-fs:8523): GLib-GIO-CRITICAL **: 09:51:29.757: Error while sending AddMatch() message: The connection is closed
xfdesktop: Fatal IO error 11 (Resource temporarily unavailable) on X server :11.0.
xfsettingsd: Fatal IO error 11 (Resource temporarily unavailable) on X server :11.0.

OK

xfce4-panel: Fatal IO error 4 (Interrupted system call) on X server :11.0.

Received signal:15->'Terminated'

Received signal:15->'Terminated'

OK

