
Xvnc Free Edition 4.1.1 - built Feb 25 2015 23:02:21
Copyright (C) 2002-2005 RealVNC Ltd.
See http://www.realvnc.com for information on VNC.
Underlying X server release 40300000, The XFree86 Project, Inc


Fri Oct 18 11:34:39 2019
 vncext:      VNC extension running!
 vncext:      Listening for VNC connections on port 5934
 vncext:      created VNC server for screen 0
error opening security policy file /etc/X11/xserver/SecurityPolicy
Could not init font path element /usr/X11R6/lib/X11/fonts/Type1/, removing from list!
Could not init font path element /usr/X11R6/lib/X11/fonts/Speedo/, removing from list!
Could not init font path element /usr/X11R6/lib/X11/fonts/misc/, removing from list!
Could not init font path element /usr/X11R6/lib/X11/fonts/75dpi/, removing from list!
Could not init font path element /usr/X11R6/lib/X11/fonts/100dpi/, removing from list!
Could not init font path element /usr/share/fonts/X11/75dpi/, removing from list!
Could not init font path element /usr/share/fonts/X11/100dpi/, removing from list!

Fri Oct 18 11:34:47 2019
 Connections: accepted: 0.0.0.0::50555
 SConnection: Client needs protocol version 3.8
 SConnection: Client requests security type VncAuth(2)

Fri Oct 18 11:34:53 2019
 VNCSConnST:  Server default pixel format depth 16 (16bpp) little-endian rgb565
 VNCSConnST:  Client pixel format depth 16 (16bpp) little-endian rgb565

Fri Oct 18 11:35:14 2019
 Connections: closed: 0.0.0.0::50555 (Clean disconnection)
 SMsgWriter:  framebuffer updates 2
 SMsgWriter:    hextile rects 3, bytes 10900
 SMsgWriter:    raw bytes equivalent 4148260, compression ratio 380.574312
 Connections: accepted: 0.0.0.0::50556
 SConnection: Client needs protocol version 3.8
 SConnection: Client requests security type VncAuth(2)

Fri Oct 18 11:35:18 2019
 VNCSConnST:  Server default pixel format depth 16 (16bpp) little-endian rgb565

Fri Oct 18 11:35:19 2019
 VNCSConnST:  Client pixel format depth 16 (16bpp) little-endian rgb565

Fri Oct 18 11:35:29 2019
 Connections: closed: 0.0.0.0::50556 (Clean disconnection)
 SMsgWriter:  framebuffer updates 7
 SMsgWriter:    hextile rects 13, bytes 13256
 SMsgWriter:    raw bytes equivalent 4166190, compression ratio 314.287115

(x-window-manager:459): xfwm4-WARNING **: 11:35:32.909: The display does not support the XRender extension.

(x-window-manager:459): xfwm4-WARNING **: 11:35:33.140: The display does not support the XComposite extension.

(x-window-manager:459): xfwm4-WARNING **: 11:35:33.152: The display does not support the XDamage extension.

(x-window-manager:459): xfwm4-WARNING **: 11:35:33.152: The display does not support the XFixes extension.

(x-window-manager:459): xfwm4-WARNING **: 11:35:33.152: Compositing manager disabled.
xfwm4-Message: 11:35:40.873: Unsupported keyboard modifier '<Super>Tab'

(x-window-manager:459): xfwm4-WARNING **: 11:35:48.161: Failed to connect to session manager: Failed to connect to the session manager: SESSION_MANAGER environment variable not defined
x-window-manager: Fatal IO error 4 (Interrupted system call) on X server :34.
