
Xvnc Free Edition 4.1.1 - built Feb 25 2015 23:02:21
Copyright (C) 2002-2005 RealVNC Ltd.
See http://www.realvnc.com for information on VNC.
Underlying X server release 40300000, The XFree86 Project, Inc


Thu Feb 20 09:52:13 2020
 vncext:      VNC extension running!
 vncext:      Listening for VNC connections on port 5909
 vncext:      created VNC server for screen 0
error opening security policy file /etc/X11/xserver/SecurityPolicy
Could not init font path element /usr/X11R6/lib/X11/fonts/Type1/, removing from list!
Could not init font path element /usr/X11R6/lib/X11/fonts/Speedo/, removing from list!
Could not init font path element /usr/X11R6/lib/X11/fonts/misc/, removing from list!
Could not init font path element /usr/X11R6/lib/X11/fonts/75dpi/, removing from list!
Could not init font path element /usr/X11R6/lib/X11/fonts/100dpi/, removing from list!
Could not init font path element /usr/share/fonts/X11/75dpi/, removing from list!
Could not init font path element /usr/share/fonts/X11/100dpi/, removing from list!
xrdb: No such file or directory
xrdb: can't open file '/home/is28/zhirnova28/.Xresources'
/usr/bin/startxfce4: X server already running on display :9
gpg-agent[41338]: WARNING: "--write-env-file" is an obsolete option - it has no effect
gpg-agent: a gpg-agent is already running - not starting a new one

(xfce4-session:41328): xfce4-session-WARNING **: 09:52:16.102: gpg-agent returned no PID in the variables

(xfce4-session:41328): xfce4-session-WARNING **: 09:52:16.104: xfsm_manager_load_session: Something wrong with /home/is28/zhirnova28/.cache/sessions/xfce4-session-virt-1:9, Does it exist? Permissions issue?

(xfwm4:41342): xfwm4-WARNING **: 09:52:16.139: The display does not support the XRender extension.

(xfwm4:41342): xfwm4-WARNING **: 09:52:16.139: The display does not support the XComposite extension.

(xfwm4:41342): xfwm4-WARNING **: 09:52:16.139: The display does not support the XDamage extension.

(xfwm4:41342): xfwm4-WARNING **: 09:52:16.139: The display does not support the XFixes extension.

(xfwm4:41342): xfwm4-WARNING **: 09:52:16.139: Compositing manager disabled.

** (light-locker:41351): ERROR **: 09:52:16.186: Environment variable XDG_SESSION_PATH not set. Is LightDM running?
(uint32 1,)
xfwm4-Message: 09:52:16.224: Unsupported keyboard modifier '<Super>Tab'

(polkit-gnome-authentication-agent-1:41353): GLib-CRITICAL **: 09:52:16.232: g_variant_new_string: assertion 'string != NULL' failed

(polkit-gnome-authentication-agent-1:41353): polkit-gnome-1-WARNING **: 09:52:16.233: Failed to register client: GDBus.Error:org.freedesktop.DBus.Error.ServiceUnknown: The name org.gnome.SessionManager was not provided by any .service files

(xfsettingsd:41355): xfsettingsd-CRITICAL **: 09:52:16.321: RANDR extension is too old, version 1.1. Display settings won't be applied.
Xlib:  extension "XInputExtension" missing on display ":9.0".

(xfsettingsd:41355): xfsettingsd-CRITICAL **: 09:52:16.322: XI is not present.

(xfsettingsd:41355): xfsettingsd-CRITICAL **: 09:52:16.326: Failed to initialize the Xkb extension.

(xfsettingsd:41355): xfsettingsd-CRITICAL **: 09:52:16.326: Failed to initialize the Accessibility extension.
xfwm4-Message: 09:52:16.405: Unsupported keyboard modifier '<Super>Tab'

(nm-applet:41458): Gtk-WARNING **: 09:52:16.711: Can't set a parent on widget which has a parent

(nm-applet:41458): Gdk-CRITICAL **: 09:52:16.869: gdk_window_thaw_toplevel_updates: assertion 'window->update_and_descendants_freeze_count > 0' failed

Thu Feb 20 09:52:21 2020
 Connections: accepted: 0.0.0.0::50119
 SConnection: Client needs protocol version 3.8
 SConnection: Client requests security type VncAuth(2)

Thu Feb 20 09:52:24 2020
 VNCSConnST:  Server default pixel format depth 16 (16bpp) little-endian rgb565
 VNCSConnST:  Client pixel format depth 16 (16bpp) little-endian rgb565
/usr/lib/python3/dist-packages/blueman/plugins/applet/AppIndicator.py:8: PyGIWarning: AppIndicator3 was imported without specifying a version first. Use gi.require_version('AppIndicator3', '0.1') before import to ensure that the right version gets loaded.
  from gi.repository import AppIndicator3 as girAppIndicator
ERROR:dbus.proxies:Introspect error on org.bluez:/org/bluez: dbus.exceptions.DBusException: org.freedesktop.DBus.Error.AccessDenied: Rejected send message, 2 matched rules; type="method_call", sender=":1.2522" (uid=1271 pid=41432 comm="/usr/bin/python3 /usr/bin/blueman-applet " label="unconfined") interface="org.freedesktop.DBus.Introspectable" member="Introspect" error name="(unset)" requested_reply="0" destination="org.bluez" (bus)
ERROR:dbus.proxies:Introspect error on org.bluez:/: dbus.exceptions.DBusException: org.freedesktop.DBus.Error.AccessDenied: Rejected send message, 2 matched rules; type="method_call", sender=":1.2522" (uid=1271 pid=41432 comm="/usr/bin/python3 /usr/bin/blueman-applet " label="unconfined") interface="org.freedesktop.DBus.Introspectable" member="Introspect" error name="(unset)" requested_reply="0" destination="org.bluez" (bus)
ERROR:dbus.proxies:Introspect error on org.bluez:/: dbus.exceptions.DBusException: org.freedesktop.DBus.Error.AccessDenied: Rejected send message, 2 matched rules; type="method_call", sender=":1.2522" (uid=1271 pid=41432 comm="/usr/bin/python3 /usr/bin/blueman-applet " label="unconfined") interface="org.freedesktop.DBus.Introspectable" member="Introspect" error name="(unset)" requested_reply="0" destination="org.bluez" (bus)

(wrapper-1.0:41499): Gdk-WARNING **: 09:52:38.024: /build/gtk+2.0-AoeliP/gtk+2.0-2.24.32/gdk/x11/gdkdrawable-x11.c:952 drawable is not a pixmap or window

(wrapper-1.0:41499): Gdk-WARNING **: 09:52:38.025: /build/gtk+2.0-AoeliP/gtk+2.0-2.24.32/gdk/x11/gdkdrawable-x11.c:952 drawable is not a pixmap or window

(polkit-gnome-authentication-agent-1:41353): polkit-gnome-1-WARNING **: 09:53:02.034: Couldn't open user icon: Failed to open file '/home/adom/.face': No such file or directory

(polkit-gnome-authentication-agent-1:41353): polkit-gnome-1-WARNING **: 09:53:02.036: Couldn't open user icon: Failed to open file '/home/test/.face': No such file or directory
Gtk-Message: 09:53:02.065: GtkDialog mapped without a transient parent. This is discouraged.

Thu Feb 20 10:18:28 2020
 XserverDesktop: Added unknown keysym 0x6cb to keycode 255
 XserverDesktop: Added unknown keysym 0x6cf to keycode 254
xfwm4-Message: 10:18:28.411: Unsupported keyboard modifier '<Super>Tab'
 XserverDesktop: Added unknown keysym 0x6d4 to keycode 253
xfwm4-Message: 10:18:28.811: Unsupported keyboard modifier '<Super>Tab'

Thu Feb 20 10:19:07 2020
 XserverDesktop: Added unknown keysym 0x6d3 to keycode 252
xfwm4-Message: 10:19:08.019: Unsupported keyboard modifier '<Super>Tab'

Thu Feb 20 10:19:09 2020
 XserverDesktop: Added unknown keysym 0x6c9 to keycode 251
xfwm4-Message: 10:19:09.861: Unsupported keyboard modifier '<Super>Tab'
 XserverDesktop: Added unknown keysym 0x6d8 to keycode 250
xfwm4-Message: 10:19:10.171: Unsupported keyboard modifier '<Super>Tab'

Thu Feb 20 10:45:26 2020
 Connections: closed: 0.0.0.0::50119 (Clean disconnection)
 SMsgWriter:  framebuffer updates 5332
 SMsgWriter:    copyRect rects 1790, bytes 28640
 SMsgWriter:    hextile rects 16275, bytes 54237130
 SMsgWriter:    raw bytes equivalent 614451258, compression ratio 11.328978

Thu Feb 20 10:45:42 2020
 Connections: accepted: 0.0.0.0::50547
 SConnection: Client needs protocol version 3.8
 SConnection: Client requests security type VncAuth(2)

Thu Feb 20 10:45:45 2020
 VNCSConnST:  Server default pixel format depth 16 (16bpp) little-endian rgb565
 VNCSConnST:  Client pixel format depth 16 (16bpp) little-endian rgb565
QXcbConnection: Failed to initialize XRandr
Qt: XKEYBOARD extension not present on the X server.
Unsupported screen format: depth: 16, red_mask: 3f, blue_mask: f800
Using RGB16 fallback, if this works your X11 server is reporting a bad screen format.

Thu Feb 20 10:48:58 2020
 Connections: closed: 0.0.0.0::50547 (Clean disconnection)
 SMsgWriter:  framebuffer updates 321
 SMsgWriter:    copyRect rects 624, bytes 9984
 SMsgWriter:    hextile rects 1144, bytes 3945563
 SMsgWriter:    raw bytes equivalent 42234612, compression ratio 10.704331
/usr/lib/ubuntu-release-upgrader/check-new-release-gtk:30: PyGIWarning: Gtk was imported without specifying a version first. Use gi.require_version('Gtk', '3.0') before import to ensure that the right version gets loaded.
  from gi.repository import Gtk
WARNING:root:timeout reached, exiting
xfdesktop: Fatal IO error 11 (Resource temporarily unavailable) on X server :9.0.
xfwm4: Fatal IO error 11 (Resource temporarily unavailable) on X server :9.0.
