
Xvnc Free Edition 4.1.1 - built Feb 25 2015 23:02:21
Copyright (C) 2002-2005 RealVNC Ltd.
See http://www.realvnc.com for information on VNC.
Underlying X server release 40300000, The XFree86 Project, Inc


Fri Oct  4 11:28:30 2019
 vncext:      VNC extension running!
 vncext:      Listening for VNC connections on port 5915
 vncext:      created VNC server for screen 0
error opening security policy file /etc/X11/xserver/SecurityPolicy
Could not init font path element /usr/X11R6/lib/X11/fonts/Type1/, removing from list!
Could not init font path element /usr/X11R6/lib/X11/fonts/Speedo/, removing from list!
Could not init font path element /usr/X11R6/lib/X11/fonts/misc/, removing from list!
Could not init font path element /usr/X11R6/lib/X11/fonts/75dpi/, removing from list!
Could not init font path element /usr/X11R6/lib/X11/fonts/100dpi/, removing from list!
Could not init font path element /usr/share/fonts/X11/75dpi/, removing from list!
Could not init font path element /usr/share/fonts/X11/100dpi/, removing from list!

(x-window-manager:7600): xfwm4-WARNING **: 11:28:33.302: The display does not support the XRender extension.

(x-window-manager:7600): xfwm4-WARNING **: 11:28:33.302: The display does not support the XComposite extension.

(x-window-manager:7600): xfwm4-WARNING **: 11:28:33.302: The display does not support the XDamage extension.

(x-window-manager:7600): xfwm4-WARNING **: 11:28:33.302: The display does not support the XFixes extension.

(x-window-manager:7600): xfwm4-WARNING **: 11:28:33.302: Compositing manager disabled.
xfwm4-Message: 11:28:33.339: Unsupported keyboard modifier '<Super>Tab'
Failed to connect to session manager: Failed to connect to the session manager: SESSION_MANAGER environment variable not defined

(x-window-manager:7600): xfwm4-WARNING **: 11:28:33.345: Failed to connect to session manager: Failed to connect to the session manager: SESSION_MANAGER environment variable not defined

Fri Oct  4 11:28:36 2019
 Connections: accepted: 0.0.0.0::50237
 SConnection: Client needs protocol version 3.8
 SConnection: Client requests security type VncAuth(2)

Fri Oct  4 11:28:40 2019
 VNCSConnST:  Server default pixel format depth 16 (16bpp) little-endian rgb565
 VNCSConnST:  Client pixel format depth 16 (16bpp) little-endian rgb565

Fri Oct  4 11:31:11 2019
 XserverDesktop: Added unknown keysym 0x6f7 to keycode 255
xfwm4-Message: 11:31:11.966: Unsupported keyboard modifier '<Super>Tab'

Fri Oct  4 11:31:13 2019
 XserverDesktop: Added unknown keysym 0x6c5 to keycode 254
 XserverDesktop: Added unknown keysym 0x6c4 to keycode 253

Fri Oct  4 11:31:14 2019
 XserverDesktop: Added unknown keysym 0x6c9 to keycode 252
 XserverDesktop: Added unknown keysym 0x6d4 to keycode 251
xfwm4-Message: 11:31:14.510: Unsupported keyboard modifier '<Super>Tab'
 XserverDesktop: Added unknown keysym 0x6ce to keycode 250
 XserverDesktop: Added unknown keysym 0x6cf to keycode 249
 XserverDesktop: Added unknown keysym 0x6cd to keycode 248
xfwm4-Message: 11:31:15.198: Unsupported keyboard modifier '<Super>Tab'

Fri Oct  4 11:31:15 2019
 XserverDesktop: Added unknown keysym 0x6d2 to keycode 247
xfwm4-Message: 11:31:15.495: Unsupported keyboard modifier '<Super>Tab'

Fri Oct  4 11:31:16 2019
 XserverDesktop: Added unknown keysym 0x6d3 to keycode 246
 XserverDesktop: Added unknown keysym 0x6d1 to keycode 245
 XserverDesktop: Added unknown keysym 0x6c3 to keycode 244
 XserverDesktop: Added unknown keysym 0x6c1 to keycode 243
xfwm4-Message: 11:31:17.214: Unsupported keyboard modifier '<Super>Tab'

Fri Oct  4 11:31:22 2019
 XserverDesktop: Added unknown keysym 0x6db to keycode 242
xfwm4-Message: 11:31:22.558: Unsupported keyboard modifier '<Super>Tab'

Fri Oct  4 11:31:52 2019
 XserverDesktop: Added unknown keysym 0x6d8 to keycode 241
xfwm4-Message: 11:31:52.533: Unsupported keyboard modifier '<Super>Tab'

Fri Oct  4 11:33:37 2019
 XserverDesktop: Added unknown keysym 0x6e6 to keycode 240
xfwm4-Message: 11:33:37.908: Unsupported keyboard modifier '<Super>Tab'

Fri Oct  4 11:33:38 2019
 XserverDesktop: Added unknown keysym 0x6cc to keycode 239
xfwm4-Message: 11:33:39.188: Unsupported keyboard modifier '<Super>Tab'

Fri Oct  4 11:33:52 2019
 XserverDesktop: Added unknown keysym 0x6d0 to keycode 238
xfwm4-Message: 11:33:52.963: Unsupported keyboard modifier '<Super>Tab'

Fri Oct  4 11:33:56 2019
 XserverDesktop: Added unknown keysym 0x6ca to keycode 237
xfwm4-Message: 11:33:56.852: Unsupported keyboard modifier '<Super>Tab'

Fri Oct  4 11:33:59 2019
 XserverDesktop: Added unknown keysym 0x6c0 to keycode 236
xfwm4-Message: 11:33:59.597: Unsupported keyboard modifier '<Super>Tab'

Fri Oct  4 11:34:46 2019
 XserverDesktop: Added unknown keysym 0x6c7 to keycode 235
 XserverDesktop: Added unknown keysym 0xf3 to keycode 234
xfwm4-Message: 11:34:46.524: Unsupported keyboard modifier '<Super>Tab'

Fri Oct  4 11:34:54 2019
 XserverDesktop: Added unknown keysym 0x6c2 to keycode 233
xfwm4-Message: 11:34:55.235: Unsupported keyboard modifier '<Super>Tab'

Fri Oct  4 11:34:58 2019
 XserverDesktop: Added unknown keysym 0x6cb to keycode 232
xfwm4-Message: 11:34:58.443: Unsupported keyboard modifier '<Super>Tab'

Fri Oct  4 11:35:13 2019
 XserverDesktop: Added unknown keysym 0x6da to keycode 231
xfwm4-Message: 11:35:13.370: Unsupported keyboard modifier '<Super>Tab'

Fri Oct  4 11:38:01 2019
 Connections: closed: 0.0.0.0::50237 (Clean disconnection)
 SMsgWriter:  framebuffer updates 2056
 SMsgWriter:    copyRect rects 2188, bytes 35008
 SMsgWriter:    hextile rects 8776, bytes 15474674
 SMsgWriter:    raw bytes equivalent 176783386, compression ratio 11.424046
x-window-manager: Fatal IO error 4 (Interrupted system call) on X server :15.
