
Xvnc Free Edition 4.1.1 - built Feb 25 2015 23:02:21
Copyright (C) 2002-2005 RealVNC Ltd.
See http://www.realvnc.com for information on VNC.
Underlying X server release 40300000, The XFree86 Project, Inc


Thu Mar 12 09:47:06 2020
 vncext:      VNC extension running!
 vncext:      Listening for VNC connections on port 5903
 vncext:      created VNC server for screen 0
error opening security policy file /etc/X11/xserver/SecurityPolicy
Could not init font path element /usr/X11R6/lib/X11/fonts/Type1/, removing from list!
Could not init font path element /usr/X11R6/lib/X11/fonts/Speedo/, removing from list!
Could not init font path element /usr/X11R6/lib/X11/fonts/misc/, removing from list!
Could not init font path element /usr/X11R6/lib/X11/fonts/75dpi/, removing from list!
Could not init font path element /usr/X11R6/lib/X11/fonts/100dpi/, removing from list!
Could not init font path element /usr/share/fonts/X11/75dpi/, removing from list!
Could not init font path element /usr/share/fonts/X11/100dpi/, removing from list!
xrdb: No such file or directory
xrdb: can't open file '/home/is28/zhirnova28/.Xresources'
/usr/bin/startxfce4: X server already running on display :3
gpg-agent[4537]: WARNING: "--write-env-file" is an obsolete option - it has no effect
gpg-agent: a gpg-agent is already running - not starting a new one

(xfce4-session:4524): xfce4-session-WARNING **: 09:47:09.189: gpg-agent returned no PID in the variables

(xfce4-session:4524): xfce4-session-WARNING **: 09:47:09.190: xfsm_manager_load_session: Something wrong with /home/is28/zhirnova28/.cache/sessions/xfce4-session-virt-1:3, Does it exist? Permissions issue?

(xfwm4:4544): xfwm4-WARNING **: 09:47:09.221: The display does not support the XRender extension.

(xfwm4:4544): xfwm4-WARNING **: 09:47:09.221: The display does not support the XComposite extension.

(xfwm4:4544): xfwm4-WARNING **: 09:47:09.221: The display does not support the XDamage extension.

(xfwm4:4544): xfwm4-WARNING **: 09:47:09.221: The display does not support the XFixes extension.

(xfwm4:4544): xfwm4-WARNING **: 09:47:09.221: Compositing manager disabled.
(uint32 1,)

** (light-locker:4555): ERROR **: 09:47:09.266: Environment variable XDG_SESSION_PATH not set. Is LightDM running?

(polkit-gnome-authentication-agent-1:4557): GLib-CRITICAL **: 09:47:09.290: g_variant_new_string: assertion 'string != NULL' failed

(polkit-gnome-authentication-agent-1:4557): polkit-gnome-1-WARNING **: 09:47:09.291: Failed to register client: GDBus.Error:org.freedesktop.DBus.Error.ServiceUnknown: The name org.gnome.SessionManager was not provided by any .service files
xfwm4-Message: 09:47:09.309: Unsupported keyboard modifier '<Super>Tab'

(xfsettingsd:4554): xfsettingsd-CRITICAL **: 09:47:09.401: RANDR extension is too old, version 1.1. Display settings won't be applied.
Xlib:  extension "XInputExtension" missing on display ":3.0".

(xfsettingsd:4554): xfsettingsd-CRITICAL **: 09:47:09.403: XI is not present.

(xfsettingsd:4554): xfsettingsd-CRITICAL **: 09:47:09.405: Failed to initialize the Xkb extension.

(xfsettingsd:4554): xfsettingsd-CRITICAL **: 09:47:09.415: Failed to initialize the Accessibility extension.
xfwm4-Message: 09:47:09.439: Unsupported keyboard modifier '<Super>Tab'

(nm-applet:4647): Gtk-WARNING **: 09:47:09.533: Can't set a parent on widget which has a parent

(nm-applet:4647): Gdk-CRITICAL **: 09:47:09.702: gdk_window_thaw_toplevel_updates: assertion 'window->update_and_descendants_freeze_count > 0' failed

Thu Mar 12 09:47:15 2020
 Connections: accepted: 0.0.0.0::49310
 SConnection: Client needs protocol version 3.8
 SConnection: Client requests security type VncAuth(2)

Thu Mar 12 09:47:18 2020
 VNCSConnST:  Server default pixel format depth 16 (16bpp) little-endian rgb565
 VNCSConnST:  Client pixel format depth 16 (16bpp) little-endian rgb565
/usr/lib/python3/dist-packages/blueman/plugins/applet/AppIndicator.py:8: PyGIWarning: AppIndicator3 was imported without specifying a version first. Use gi.require_version('AppIndicator3', '0.1') before import to ensure that the right version gets loaded.
  from gi.repository import AppIndicator3 as girAppIndicator
ERROR:dbus.proxies:Introspect error on org.bluez:/org/bluez: dbus.exceptions.DBusException: org.freedesktop.DBus.Error.AccessDenied: Rejected send message, 2 matched rules; type="method_call", sender=":1.133" (uid=1271 pid=4625 comm="/usr/bin/python3 /usr/bin/blueman-applet " label="unconfined") interface="org.freedesktop.DBus.Introspectable" member="Introspect" error name="(unset)" requested_reply="0" destination="org.bluez" (bus)
ERROR:dbus.proxies:Introspect error on org.bluez:/: dbus.exceptions.DBusException: org.freedesktop.DBus.Error.AccessDenied: Rejected send message, 2 matched rules; type="method_call", sender=":1.133" (uid=1271 pid=4625 comm="/usr/bin/python3 /usr/bin/blueman-applet " label="unconfined") interface="org.freedesktop.DBus.Introspectable" member="Introspect" error name="(unset)" requested_reply="0" destination="org.bluez" (bus)
ERROR:dbus.proxies:Introspect error on org.bluez:/: dbus.exceptions.DBusException: org.freedesktop.DBus.Error.AccessDenied: Rejected send message, 2 matched rules; type="method_call", sender=":1.133" (uid=1271 pid=4625 comm="/usr/bin/python3 /usr/bin/blueman-applet " label="unconfined") interface="org.freedesktop.DBus.Introspectable" member="Introspect" error name="(unset)" requested_reply="0" destination="org.bluez" (bus)

(wrapper-1.0:4718): Gdk-WARNING **: 09:47:28.748: /build/gtk+2.0-AoeliP/gtk+2.0-2.24.32/gdk/x11/gdkdrawable-x11.c:952 drawable is not a pixmap or window

(blueman-applet:4625): Gdk-CRITICAL **: 09:47:28.752: gdk_window_thaw_toplevel_updates: assertion 'window->update_and_descendants_freeze_count > 0' failed

Thu Mar 12 09:48:21 2020
 Connections: closed: 0.0.0.0::49310 (Clean disconnection)
 SMsgWriter:  framebuffer updates 330
 SMsgWriter:    copyRect rects 15, bytes 240
 SMsgWriter:    hextile rects 1257, bytes 2690778
 SMsgWriter:    raw bytes equivalent 28245190, compression ratio 10.497035

Thu Mar 12 09:48:37 2020
 Connections: accepted: 0.0.0.0::49317
 SConnection: Client needs protocol version 3.8
 SConnection: Client requests security type VncAuth(2)

Thu Mar 12 09:48:40 2020
 VNCSConnST:  Server default pixel format depth 16 (16bpp) little-endian rgb565
 VNCSConnST:  Client pixel format depth 16 (16bpp) little-endian rgb565

Thu Mar 12 09:58:53 2020
 XserverDesktop: Added unknown keysym 0x6d4 to keycode 255
xfwm4-Message: 09:58:53.843: Unsupported keyboard modifier '<Super>Tab'
 XserverDesktop: Added unknown keysym 0x6d2 to keycode 254
 XserverDesktop: Added unknown keysym 0x6c5 to keycode 253
xfwm4-Message: 09:58:54.211: Unsupported keyboard modifier '<Super>Tab'

Thu Mar 12 09:58:54 2020
 XserverDesktop: Added unknown keysym 0x6c8 to keycode 252
xfwm4-Message: 09:58:54.490: Unsupported keyboard modifier '<Super>Tab'
 XserverDesktop: Added unknown keysym 0x6da to keycode 251
xfwm4-Message: 09:58:55.067: Unsupported keyboard modifier '<Super>Tab'

Thu Mar 12 09:58:55 2020
 XserverDesktop: Added unknown keysym 0x6ce to keycode 250
 XserverDesktop: Added unknown keysym 0x6c1 to keycode 249
xfwm4-Message: 09:58:55.522: Unsupported keyboard modifier '<Super>Tab'
 XserverDesktop: Added unknown keysym 0x6de to keycode 248
xfwm4-Message: 09:58:55.818: Unsupported keyboard modifier '<Super>Tab'
 XserverDesktop: Added unknown keysym 0x6cc to keycode 247
xfwm4-Message: 09:58:56.130: Unsupported keyboard modifier '<Super>Tab'

Thu Mar 12 09:58:57 2020
 XserverDesktop: Added unknown keysym 0x6cf to keycode 246
xfwm4-Message: 09:58:57.866: Unsupported keyboard modifier '<Super>Tab'

Thu Mar 12 09:59:15 2020
 XserverDesktop: Added unknown keysym 0x6f3 to keycode 245
xfwm4-Message: 09:59:15.411: Unsupported keyboard modifier '<Super>Tab'

Thu Mar 12 09:59:25 2020
 XserverDesktop: Added unknown keysym 0x6c2 to keycode 244
xfwm4-Message: 09:59:26.003: Unsupported keyboard modifier '<Super>Tab'

Thu Mar 12 09:59:28 2020
 XserverDesktop: Added unknown keysym 0x6c0 to keycode 243
xfwm4-Message: 09:59:29.123: Unsupported keyboard modifier '<Super>Tab'

Thu Mar 12 09:59:36 2020
 XserverDesktop: Added unknown keysym 0x6db to keycode 242
xfwm4-Message: 09:59:37.130: Unsupported keyboard modifier '<Super>Tab'

Thu Mar 12 09:59:37 2020
 XserverDesktop: Added unknown keysym 0x6cb to keycode 241
 XserverDesktop: Added unknown keysym 0xf3 to keycode 240
xfwm4-Message: 09:59:38.027: Unsupported keyboard modifier '<Super>Tab'

Thu Mar 12 10:18:23 2020
 XserverDesktop: Added unknown keysym 0x6cd to keycode 239
xfwm4-Message: 10:18:23.540: Unsupported keyboard modifier '<Super>Tab'

Thu Mar 12 10:18:24 2020
 XserverDesktop: Added unknown keysym 0x6c4 to keycode 238
xfwm4-Message: 10:18:24.509: Unsupported keyboard modifier '<Super>Tab'
 XserverDesktop: Added unknown keysym 0x6d1 to keycode 237
xfwm4-Message: 10:18:24.909: Unsupported keyboard modifier '<Super>Tab'
 XserverDesktop: Added unknown keysym 0x6d7 to keycode 236
xfwm4-Message: 10:18:25.181: Unsupported keyboard modifier '<Super>Tab'

Thu Mar 12 10:18:26 2020
 XserverDesktop: Added unknown keysym 0x6c7 to keycode 235
xfwm4-Message: 10:18:26.268: Unsupported keyboard modifier '<Super>Tab'

Thu Mar 12 10:38:23 2020
 XserverDesktop: Added unknown keysym 0x6dd to keycode 234
xfwm4-Message: 10:38:23.927: Unsupported keyboard modifier '<Super>Tab'

Thu Mar 12 10:42:44 2020
 XserverDesktop: Added unknown keysym 0x6d8 to keycode 233
xfwm4-Message: 10:42:44.800: Unsupported keyboard modifier '<Super>Tab'

Thu Mar 12 10:44:05 2020
 XserverDesktop: Added unknown keysym 0x6fc to keycode 232
xfwm4-Message: 10:44:06.256: Unsupported keyboard modifier '<Super>Tab'

Thu Mar 12 10:44:40 2020
 XserverDesktop: Added unknown keysym 0x6d6 to keycode 231
xfwm4-Message: 10:44:40.425: Unsupported keyboard modifier '<Super>Tab'

Thu Mar 12 10:47:31 2020
 XserverDesktop: Added unknown keysym 0x6c6 to keycode 230
xfwm4-Message: 10:47:32.064: Unsupported keyboard modifier '<Super>Tab'

Thu Mar 12 10:51:30 2020
 XserverDesktop: Added unknown keysym 0x6c9 to keycode 229
xfwm4-Message: 10:51:31.002: Unsupported keyboard modifier '<Super>Tab'

Thu Mar 12 10:51:33 2020
 XserverDesktop: Added unknown keysym 0x6c3 to keycode 228
xfwm4-Message: 10:51:33.737: Unsupported keyboard modifier '<Super>Tab'

Thu Mar 12 10:53:31 2020
 XserverDesktop: Added unknown keysym 0x6d0 to keycode 227
xfwm4-Message: 10:53:31.921: Unsupported keyboard modifier '<Super>Tab'

Thu Mar 12 10:53:57 2020
 XserverDesktop: Added unknown keysym 0x6ca to keycode 226
xfwm4-Message: 10:53:57.689: Unsupported keyboard modifier '<Super>Tab'

Thu Mar 12 10:57:48 2020
 Connections: closed: 0.0.0.0::49317 (Clean disconnection)
 SMsgWriter:  framebuffer updates 10050
 SMsgWriter:    copyRect rects 749, bytes 11984
 SMsgWriter:    hextile rects 33430, bytes 95106682
 SMsgWriter:    raw bytes equivalent 1077834722, compression ratio 11.332902

(tracker-miner-fs:4562): Tracker-WARNING **: 22:01:25.171:   Could not create file:'/home/is28/zhirnova28/.cache/tracker/last-crawl.txt' failed, Failed to create file “/home/is28/zhirnova28/.cache/tracker/last-crawl.txt.60CQH0”: No such file or directory

(tracker-miner-fs:4562): Tracker-WARNING **: 22:01:25.171:   Could not create file:'/home/is28/zhirnova28/.cache/tracker/last-crawl.txt' failed, Failed to create file “/home/is28/zhirnova28/.cache/tracker/last-crawl.txt.2VCQH0”: No such file or directory

(tracker-miner-fs:4562): Tracker-WARNING **: 22:01:25.323:   Could not create file:'/home/is28/zhirnova28/.cache/tracker/last-crawl.txt' failed, Failed to create file “/home/is28/zhirnova28/.cache/tracker/last-crawl.txt.DASTH0”: No such file or directory

(tracker-miner-fs:4562): Tracker-WARNING **: 22:01:25.323:   Could not create file:'/home/is28/zhirnova28/.cache/tracker/last-crawl.txt' failed, Failed to create file “/home/is28/zhirnova28/.cache/tracker/last-crawl.txt.X4RTH0”: No such file or directory

(tracker-miner-fs:4562): Tracker-WARNING **: 22:01:25.348:   Could not create file:'/home/is28/zhirnova28/.cache/tracker/last-crawl.txt' failed, Failed to create file “/home/is28/zhirnova28/.cache/tracker/last-crawl.txt.F5HRH0”: No such file or directory

(tracker-miner-fs:4562): Tracker-WARNING **: 22:01:25.348:   Could not create file:'/home/is28/zhirnova28/.cache/tracker/last-crawl.txt' failed, Failed to create file “/home/is28/zhirnova28/.cache/tracker/last-crawl.txt.I6HRH0”: No such file or directory

(tracker-miner-fs:4562): Tracker-WARNING **: 22:01:25.367:   Could not create file:'/home/is28/zhirnova28/.cache/tracker/last-crawl.txt' failed, Failed to create file “/home/is28/zhirnova28/.cache/tracker/last-crawl.txt.WDSRH0”: No such file or directory

(tracker-miner-fs:4562): Tracker-WARNING **: 22:01:25.367:   Could not create file:'/home/is28/zhirnova28/.cache/tracker/last-crawl.txt' failed, Failed to create file “/home/is28/zhirnova28/.cache/tracker/last-crawl.txt.Y7RRH0”: No such file or directory

(tracker-miner-fs:4562): Tracker-WARNING **: 22:03:29.828:   Could not create file:'/home/is28/zhirnova28/.cache/tracker/last-crawl.txt' failed, Failed to create file “/home/is28/zhirnova28/.cache/tracker/last-crawl.txt.INQ4H0”: No such file or directory

(tracker-miner-fs:4562): Tracker-WARNING **: 22:03:29.828:   Could not create file:'/home/is28/zhirnova28/.cache/tracker/last-crawl.txt' failed, Failed to create file “/home/is28/zhirnova28/.cache/tracker/last-crawl.txt.YOQ4H0”: No such file or directory

(tracker-miner-fs:4562): Tracker-WARNING **: 22:03:29.831:   Could not create file:'/home/is28/zhirnova28/.cache/tracker/last-crawl.txt' failed, Failed to create file “/home/is28/zhirnova28/.cache/tracker/last-crawl.txt.AXN4H0”: No such file or directory

(tracker-miner-fs:4562): Tracker-WARNING **: 22:03:29.831:   Could not create file:'/home/is28/zhirnova28/.cache/tracker/last-crawl.txt' failed, Failed to create file “/home/is28/zhirnova28/.cache/tracker/last-crawl.txt.IYN4H0”: No such file or directory

(tracker-miner-fs:4562): Tracker-WARNING **: 22:03:29.833:   Could not create file:'/home/is28/zhirnova28/.cache/tracker/last-crawl.txt' failed, Failed to create file “/home/is28/zhirnova28/.cache/tracker/last-crawl.txt.J9L4H0”: No such file or directory

(tracker-miner-fs:4562): Tracker-WARNING **: 22:03:29.833:   Could not create file:'/home/is28/zhirnova28/.cache/tracker/last-crawl.txt' failed, Failed to create file “/home/is28/zhirnova28/.cache/tracker/last-crawl.txt.OAM4H0”: No such file or directory

(tracker-miner-fs:4562): Tracker-WARNING **: 22:03:29.837:   Could not create file:'/home/is28/zhirnova28/.cache/tracker/last-crawl.txt' failed, Failed to create file “/home/is28/zhirnova28/.cache/tracker/last-crawl.txt.JBW4H0”: No such file or directory

(tracker-miner-fs:4562): Tracker-WARNING **: 22:03:29.837:   Could not create file:'/home/is28/zhirnova28/.cache/tracker/last-crawl.txt' failed, Failed to create file “/home/is28/zhirnova28/.cache/tracker/last-crawl.txt.HYV4H0”: No such file or directory
cat: /home/is28/zhirnova28/.Xauthority: No such file or directory
AUDIT: Tue Mar 17 22:08:13 2020: 4142 Xvnc4: client 9 rejected from local host
AUDIT: Tue Mar 17 22:18:13 2020: 4142 Xvnc4: client 9 rejected from local host
