
Xvnc Free Edition 4.1.1 - built Feb 25 2015 23:02:21
Copyright (C) 2002-2005 RealVNC Ltd.
See http://www.realvnc.com for information on VNC.
Underlying X server release 40300000, The XFree86 Project, Inc


Fri Nov  1 11:20:41 2019
 vncext:      VNC extension running!
 vncext:      Listening for VNC connections on port 5921
 vncext:      created VNC server for screen 0
error opening security policy file /etc/X11/xserver/SecurityPolicy
Could not init font path element /usr/X11R6/lib/X11/fonts/Type1/, removing from list!
Could not init font path element /usr/X11R6/lib/X11/fonts/Speedo/, removing from list!
Could not init font path element /usr/X11R6/lib/X11/fonts/misc/, removing from list!
Could not init font path element /usr/X11R6/lib/X11/fonts/75dpi/, removing from list!
Could not init font path element /usr/X11R6/lib/X11/fonts/100dpi/, removing from list!
Could not init font path element /usr/share/fonts/X11/75dpi/, removing from list!
Could not init font path element /usr/share/fonts/X11/100dpi/, removing from list!
xrdb: No such file or directory
xrdb: can't open file '/home/is28/zhirnova28/.Xresources'
/usr/bin/startxfce4: X server already running on display :21
xfce4-session: Another session manager is already running

Fri Nov  1 11:20:48 2019
 Connections: accepted: 0.0.0.0::50076
 SConnection: Client needs protocol version 3.8
 SConnection: Client requests security type VncAuth(2)

Fri Nov  1 11:20:51 2019
 VNCSConnST:  Server default pixel format depth 16 (16bpp) little-endian rgb565
 VNCSConnST:  Client pixel format depth 16 (16bpp) little-endian rgb565

Fri Nov  1 11:21:03 2019
 Connections: closed: 0.0.0.0::50076 (Clean disconnection)
 SMsgWriter:  framebuffer updates 2
 SMsgWriter:    hextile rects 3, bytes 2090458
 SMsgWriter:    raw bytes equivalent 4148260, compression ratio 1.984379

Fri Nov  1 11:21:06 2019
 Connections: accepted: 0.0.0.0::50077
 SConnection: Client needs protocol version 3.8
 SConnection: Client requests security type VncAuth(2)

Fri Nov  1 11:21:09 2019
 VNCSConnST:  Server default pixel format depth 16 (16bpp) little-endian rgb565
 VNCSConnST:  Client pixel format depth 16 (16bpp) little-endian rgb565

Fri Nov  1 11:21:23 2019
 Connections: closed: 0.0.0.0::50077 (Clean disconnection)
 SMsgWriter:  framebuffer updates 2
 SMsgWriter:    hextile rects 3, bytes 2090450
 SMsgWriter:    raw bytes equivalent 4148260, compression ratio 1.984386

Fri Nov  1 11:21:27 2019
 Connections: accepted: 0.0.0.0::50078
 SConnection: Client needs protocol version 3.8
 SConnection: Client requests security type VncAuth(2)

Fri Nov  1 11:21:30 2019
 VNCSConnST:  Server default pixel format depth 16 (16bpp) little-endian rgb565
 VNCSConnST:  Client pixel format depth 16 (16bpp) little-endian rgb565

Fri Nov  1 11:22:24 2019
 Connections: closed: 0.0.0.0::50078 (Clean disconnection)
 SMsgWriter:  framebuffer updates 4
 SMsgWriter:    hextile rects 5, bytes 6270218
 SMsgWriter:    raw bytes equivalent 12442428, compression ratio 1.984369

Fri Nov  1 11:22:38 2019
 Connections: accepted: 0.0.0.0::50083
 SConnection: Client needs protocol version 3.8
 SConnection: Client requests security type VncAuth(2)

Fri Nov  1 11:22:44 2019
 VNCSConnST:  Server default pixel format depth 16 (16bpp) little-endian rgb565
 VNCSConnST:  Client pixel format depth 16 (16bpp) little-endian rgb565

Fri Nov  1 11:23:59 2019
 Connections: closed: 0.0.0.0::50083 (Clean disconnection)
 SMsgWriter:  framebuffer updates 4
 SMsgWriter:    hextile rects 5, bytes 6270286
 SMsgWriter:    raw bytes equivalent 12442684, compression ratio 1.984389
