
Xvnc Free Edition 4.1.1 - built Feb 25 2015 23:02:21
Copyright (C) 2002-2005 RealVNC Ltd.
See http://www.realvnc.com for information on VNC.
Underlying X server release 40300000, The XFree86 Project, Inc


Fri Dec  6 11:08:31 2019
 vncext:      VNC extension running!
 vncext:      Listening for VNC connections on port 5922
 vncext:      created VNC server for screen 0
error opening security policy file /etc/X11/xserver/SecurityPolicy
Could not init font path element /usr/X11R6/lib/X11/fonts/Type1/, removing from list!
Could not init font path element /usr/X11R6/lib/X11/fonts/Speedo/, removing from list!
Could not init font path element /usr/X11R6/lib/X11/fonts/misc/, removing from list!
Could not init font path element /usr/X11R6/lib/X11/fonts/75dpi/, removing from list!
Could not init font path element /usr/X11R6/lib/X11/fonts/100dpi/, removing from list!
Could not init font path element /usr/share/fonts/X11/75dpi/, removing from list!
Could not init font path element /usr/share/fonts/X11/100dpi/, removing from list!
xrdb: No such file or directory
xrdb: can't open file '/home/is28/zhirnova28/.Xresources'
/usr/bin/startxfce4: X server already running on display :22
gpg-agent[15719]: WARNING: "--write-env-file" is an obsolete option - it has no effect
gpg-agent: a gpg-agent is already running - not starting a new one

(xfce4-session:15712): xfce4-session-WARNING **: 11:08:34.598: gpg-agent returned no PID in the variables

(xfce4-session:15712): xfce4-session-WARNING **: 11:08:34.607: xfsm_manager_load_session: Something wrong with /home/is28/zhirnova28/.cache/sessions/xfce4-session-virt-1:22, Does it exist? Permissions issue?
(uint32 2,)

(xfwm4:15722): xfwm4-WARNING **: 11:08:34.648: The display does not support the XRender extension.

(xfwm4:15722): xfwm4-WARNING **: 11:08:34.649: The display does not support the XComposite extension.

(xfwm4:15722): xfwm4-WARNING **: 11:08:34.649: The display does not support the XDamage extension.

(xfwm4:15722): xfwm4-WARNING **: 11:08:34.649: The display does not support the XFixes extension.

(xfwm4:15722): xfwm4-WARNING **: 11:08:34.649: Compositing manager disabled.

(xfsettingsd:15734): xfsettingsd-CRITICAL **: 11:08:34.774: RANDR extension is too old, version 1.1. Display settings won't be applied.
Xlib:  extension "XInputExtension" missing on display ":22.0".

(xfsettingsd:15734): xfsettingsd-CRITICAL **: 11:08:34.779: XI is not present.

(xfsettingsd:15734): xfsettingsd-CRITICAL **: 11:08:34.779: Failed to initialize the Xkb extension.

(xfsettingsd:15734): xfsettingsd-CRITICAL **: 11:08:34.779: Failed to initialize the Accessibility extension.
xfwm4-Message: 11:08:34.809: Unsupported keyboard modifier '<Super>Tab'
xfwm4-Message: 11:08:34.859: Unsupported keyboard modifier '<Super>Tab'

** (light-locker:15731): ERROR **: 11:08:34.868: Environment variable XDG_SESSION_PATH not set. Is LightDM running?

(polkit-gnome-authentication-agent-1:15733): GLib-CRITICAL **: 11:08:34.985: g_variant_new_string: assertion 'string != NULL' failed

(polkit-gnome-authentication-agent-1:15733): polkit-gnome-1-WARNING **: 11:08:34.986: Failed to register client: GDBus.Error:org.freedesktop.DBus.Error.ServiceUnknown: The name org.gnome.SessionManager was not provided by any .service files

(nm-applet:15769): Gtk-WARNING **: 11:08:35.461: Can't set a parent on widget which has a parent

(nm-applet:15769): Gdk-CRITICAL **: 11:08:35.616: gdk_window_thaw_toplevel_updates: assertion 'window->update_and_descendants_freeze_count > 0' failed

(tracker-miner-apps:15759): Tracker-CRITICAL **: 11:08:35.730: Could not request DBus name 'org.freedesktop.Tracker1.Miner.Applications': D-Bus service name:'org.freedesktop.Tracker1.Miner.Applications' is already taken, perhaps the application is already running?

(tracker-miner-fs:15736): Tracker-CRITICAL **: 11:08:35.760: Could not request DBus name 'org.freedesktop.Tracker1.Miner.Files': D-Bus service name:'org.freedesktop.Tracker1.Miner.Files' is already taken, perhaps the application is already running?

(tracker-extract:15747): Tracker-CRITICAL **: 11:08:35.770: Could not request DBus name 'org.freedesktop.Tracker1.Miner.Extract': D-Bus service name:'org.freedesktop.Tracker1.Miner.Extract' is already taken, perhaps the application is already running?

Fri Dec  6 11:08:40 2019
 Connections: accepted: 0.0.0.0::50181
 SConnection: Client needs protocol version 3.8
 SConnection: Client requests security type VncAuth(2)

Fri Dec  6 11:08:43 2019
 VNCSConnST:  Server default pixel format depth 16 (16bpp) little-endian rgb565
 VNCSConnST:  Client pixel format depth 16 (16bpp) little-endian rgb565
/usr/lib/python3/dist-packages/blueman/plugins/applet/AppIndicator.py:8: PyGIWarning: AppIndicator3 was imported without specifying a version first. Use gi.require_version('AppIndicator3', '0.1') before import to ensure that the right version gets loaded.
  from gi.repository import AppIndicator3 as girAppIndicator
ERROR:dbus.proxies:Introspect error on org.bluez:/org/bluez: dbus.exceptions.DBusException: org.freedesktop.DBus.Error.AccessDenied: Rejected send message, 2 matched rules; type="method_call", sender=":1.12333" (uid=1271 pid=15761 comm="/usr/bin/python3 /usr/bin/blueman-applet " label="unconfined") interface="org.freedesktop.DBus.Introspectable" member="Introspect" error name="(unset)" requested_reply="0" destination="org.bluez" (bus)
ERROR:dbus.proxies:Introspect error on org.bluez:/: dbus.exceptions.DBusException: org.freedesktop.DBus.Error.AccessDenied: Rejected send message, 2 matched rules; type="method_call", sender=":1.12333" (uid=1271 pid=15761 comm="/usr/bin/python3 /usr/bin/blueman-applet " label="unconfined") interface="org.freedesktop.DBus.Introspectable" member="Introspect" error name="(unset)" requested_reply="0" destination="org.bluez" (bus)
ERROR:dbus.proxies:Introspect error on org.bluez:/: dbus.exceptions.DBusException: org.freedesktop.DBus.Error.AccessDenied: Rejected send message, 2 matched rules; type="method_call", sender=":1.12333" (uid=1271 pid=15761 comm="/usr/bin/python3 /usr/bin/blueman-applet " label="unconfined") interface="org.freedesktop.DBus.Introspectable" member="Introspect" error name="(unset)" requested_reply="0" destination="org.bluez" (bus)

(wrapper-1.0:15839): Gdk-WARNING **: 11:09:00.445: /build/gtk+2.0-AoeliP/gtk+2.0-2.24.32/gdk/x11/gdkdrawable-x11.c:952 drawable is not a pixmap or window

(Thunar:15728): Gdk-WARNING **: 11:10:39.430: gdk_window_set_icon_list: icons too large
Xlib:  extension "XINERAMA" missing on display ":22.0".
func=xmlSecCheckVersionExt:file=xmlsec.c:line=188:obj=unknown:subj=unknown:error=19:invalid version:mode=abi compatible;expected minor version=2;real minor version=2;expected subminor version=25;real subminor version=26

(soffice:16325): GLib-GObject-WARNING **: 11:10:47.764: ../../../../gobject/gsignal.c:3492: signal name 'selection_changed' is invalid for instance '0x5647e086a920' of type 'OOoAtkObjCompTxt'
func=xmlSecCheckVersionExt:file=xmlsec.c:line=188:obj=unknown:subj=unknown:error=19:invalid version:mode=abi compatible;expected minor version=2;real minor version=2;expected subminor version=25;real subminor version=26

(Thunar:15728): Gdk-WARNING **: 11:12:05.413: gdk_window_set_icon_list: icons too large
func=xmlSecCheckVersionExt:file=xmlsec.c:line=188:obj=unknown:subj=unknown:error=19:invalid version:mode=abi compatible;expected minor version=2;real minor version=2;expected subminor version=25;real subminor version=26

(gedit:16739): Gtk-WARNING **: 11:14:05.666: Calling org.xfce.Session.Manager.Inhibit failed: GDBus.Error:org.freedesktop.DBus.Error.UnknownMethod: Method "Inhibit" with signature "susu" on interface "org.xfce.Session.Manager" doesn't exist


(gedit:18007): Gtk-WARNING **: 11:15:27.145: Calling org.xfce.Session.Manager.Inhibit failed: GDBus.Error:org.freedesktop.DBus.Error.UnknownMethod: Method "Inhibit" with signature "susu" on interface "org.xfce.Session.Manager" doesn't exist


(Thunar:15728): Gdk-WARNING **: 11:19:35.885: gdk_window_set_icon_list: icons too large
func=xmlSecCheckVersionExt:file=xmlsec.c:line=188:obj=unknown:subj=unknown:error=19:invalid version:mode=abi compatible;expected minor version=2;real minor version=2;expected subminor version=25;real subminor version=26

(gedit:19024): Gtk-WARNING **: 11:21:48.754: Calling org.xfce.Session.Manager.Inhibit failed: GDBus.Error:org.freedesktop.DBus.Error.UnknownMethod: Method "Inhibit" with signature "susu" on interface "org.xfce.Session.Manager" doesn't exist


(Thunar:15728): Gdk-WARNING **: 11:28:51.288: gdk_window_set_icon_list: icons too large
func=xmlSecCheckVersionExt:file=xmlsec.c:line=188:obj=unknown:subj=unknown:error=19:invalid version:mode=abi compatible;expected minor version=2;real minor version=2;expected subminor version=25;real subminor version=26

(gedit:27641): Gtk-WARNING **: 11:32:33.207: Calling org.xfce.Session.Manager.Inhibit failed: GDBus.Error:org.freedesktop.DBus.Error.UnknownMethod: Method "Inhibit" with signature "susu" on interface "org.xfce.Session.Manager" doesn't exist


Fri Dec  6 11:32:40 2019
 XserverDesktop: Added unknown keysym 0x6f7 to keycode 255
xfwm4-Message: 11:32:41.241: Unsupported keyboard modifier '<Super>Tab'

Fri Dec  6 11:32:41 2019
 XserverDesktop: Added unknown keysym 0x6c5 to keycode 254
 XserverDesktop: Added unknown keysym 0x6c4 to keycode 253
 XserverDesktop: Added unknown keysym 0x6c9 to keycode 252
 XserverDesktop: Added unknown keysym 0x6d4 to keycode 251
xfwm4-Message: 11:32:42.176: Unsupported keyboard modifier '<Super>Tab'

Fri Dec  6 11:32:46 2019
 XserverDesktop: Added unknown keysym 0x6dc to keycode 250
xfwm4-Message: 11:32:46.833: Unsupported keyboard modifier '<Super>Tab'
 XserverDesktop: Added unknown keysym 0x6cc to keycode 249
xfwm4-Message: 11:32:47.169: Unsupported keyboard modifier '<Super>Tab'

Fri Dec  6 11:32:48 2019
 XserverDesktop: Added unknown keysym 0x6cd to keycode 248
xfwm4-Message: 11:32:48.873: Unsupported keyboard modifier '<Super>Tab'
 XserverDesktop: Added unknown keysym 0x6ce to keycode 247
xfwm4-Message: 11:32:49.201: Unsupported keyboard modifier '<Super>Tab'

Fri Dec  6 11:32:49 2019
 XserverDesktop: Added unknown keysym 0x6d9 to keycode 246
xfwm4-Message: 11:32:49.648: Unsupported keyboard modifier '<Super>Tab'

Fri Dec  6 11:32:50 2019
 XserverDesktop: Added unknown keysym 0x6c1 to keycode 245
xfwm4-Message: 11:32:50.873: Unsupported keyboard modifier '<Super>Tab'
 XserverDesktop: Added unknown keysym 0x6d2 to keycode 244

Fri Dec  6 11:32:51 2019
 XserverDesktop: Added unknown keysym 0x6c3 to keycode 243
xfwm4-Message: 11:32:51.345: Unsupported keyboard modifier '<Super>Tab'

(gedit:28464): Gtk-WARNING **: 11:37:14.362: Calling org.xfce.Session.Manager.Inhibit failed: GDBus.Error:org.freedesktop.DBus.Error.UnknownMethod: Method "Inhibit" with signature "susu" on interface "org.xfce.Session.Manager" doesn't exist


(Thunar:15728): Gdk-WARNING **: 11:38:41.634: gdk_window_set_icon_list: icons too large
func=xmlSecCheckVersionExt:file=xmlsec.c:line=188:obj=unknown:subj=unknown:error=19:invalid version:mode=abi compatible;expected minor version=2;real minor version=2;expected subminor version=25;real subminor version=26

Fri Dec  6 11:39:59 2019
 XserverDesktop: Added unknown keysym 0x6cb to keycode 242
xfwm4-Message: 11:40:00.011: Unsupported keyboard modifier '<Super>Tab'

Fri Dec  6 11:40:00 2019
 XserverDesktop: Added unknown keysym 0x6cf to keycode 241
xfwm4-Message: 11:40:00.578: Unsupported keyboard modifier '<Super>Tab'

Fri Dec  6 11:40:01 2019
 XserverDesktop: Added unknown keysym 0x6db to keycode 240
xfwm4-Message: 11:40:01.834: Unsupported keyboard modifier '<Super>Tab'

Fri Dec  6 11:40:02 2019
 XserverDesktop: Added unknown keysym 0x6d0 to keycode 239
xfwm4-Message: 11:40:02.354: Unsupported keyboard modifier '<Super>Tab'

Fri Dec  6 11:40:10 2019
 XserverDesktop: Added unknown keysym 0x6c6 to keycode 238
xfwm4-Message: 11:40:10.723: Unsupported keyboard modifier '<Super>Tab'

Fri Dec  6 11:53:29 2019
 XserverDesktop: Added unknown keysym 0x6c0 to keycode 237
xfwm4-Message: 11:53:29.523: Unsupported keyboard modifier '<Super>Tab'

Fri Dec  6 11:53:34 2019
 XserverDesktop: Added unknown keysym 0x6c2 to keycode 236
xfwm4-Message: 11:53:34.501: Unsupported keyboard modifier '<Super>Tab'

(Thunar:15728): GLib-GIO-CRITICAL **: 12:06:56.510: g_file_monitor_emit_event: assertion 'G_IS_FILE_MONITOR (monitor)' failed

Fri Dec  6 12:08:48 2019
 VNCSConnST:  Client pixel format depth 16 (16bpp) little-endian rgb565

Fri Dec  6 12:10:25 2019
 VNCSConnST:  Client pixel format depth 16 (16bpp) little-endian rgb565

Fri Dec  6 12:11:13 2019
 VNCSConnST:  Client pixel format depth 16 (16bpp) little-endian rgb565

Fri Dec  6 12:12:25 2019
 VNCSConnST:  Client pixel format depth 16 (16bpp) little-endian rgb565

(gedit:32618): Gtk-WARNING **: 12:12:38.368: Calling org.xfce.Session.Manager.Inhibit failed: GDBus.Error:org.freedesktop.DBus.Error.UnknownMethod: Method "Inhibit" with signature "susu" on interface "org.xfce.Session.Manager" doesn't exist


(gedit:32662): Gtk-WARNING **: 12:13:21.847: Calling org.xfce.Session.Manager.Inhibit failed: GDBus.Error:org.freedesktop.DBus.Error.UnknownMethod: Method "Inhibit" with signature "susu" on interface "org.xfce.Session.Manager" doesn't exist


Fri Dec  6 12:13:25 2019
 VNCSConnST:  Client pixel format depth 16 (16bpp) little-endian rgb565

(gedit:32716): Gtk-WARNING **: 12:14:14.935: Calling org.xfce.Session.Manager.Inhibit failed: GDBus.Error:org.freedesktop.DBus.Error.UnknownMethod: Method "Inhibit" with signature "susu" on interface "org.xfce.Session.Manager" doesn't exist


Fri Dec  6 12:14:56 2019
 XserverDesktop: Added unknown keysym 0x6da to keycode 235
xfwm4-Message: 12:14:57.144: Unsupported keyboard modifier '<Super>Tab'

(Thunar:15728): Gdk-WARNING **: 12:25:27.853: gdk_window_set_icon_list: icons too large

(gedit:33485): Gtk-WARNING **: 12:26:18.219: Calling org.xfce.Session.Manager.Inhibit failed: GDBus.Error:org.freedesktop.DBus.Error.UnknownMethod: Method "Inhibit" with signature "susu" on interface "org.xfce.Session.Manager" doesn't exist


Fri Dec  6 12:35:23 2019
 Connections: closed: 0.0.0.0::50181 (Clean disconnection)
 SMsgWriter:  framebuffer updates 14630
 SMsgWriter:    copyRect rects 2600, bytes 41600
 SMsgWriter:    hextile rects 54480, bytes 99117251
 SMsgWriter:    ZRLE rects 7189, bytes 6749224
 SMsgWriter:    raw bytes equivalent 1376811652, compression ratio 13.005171
xfdesktop: Fatal IO error 4 (Interrupted system call) on X server :22.0.
xfwm4: Fatal IO error 11 (Resource temporarily unavailable) on X server :22.0.
