
Xvnc Free Edition 4.1.1 - built Feb 25 2015 23:02:21
Copyright (C) 2002-2005 RealVNC Ltd.
See http://www.realvnc.com for information on VNC.
Underlying X server release 40300000, The XFree86 Project, Inc


Fri Nov  8 11:23:37 2019
 vncext:      VNC extension running!
 vncext:      Listening for VNC connections on port 5912
 vncext:      created VNC server for screen 0
error opening security policy file /etc/X11/xserver/SecurityPolicy
Could not init font path element /usr/X11R6/lib/X11/fonts/Type1/, removing from list!
Could not init font path element /usr/X11R6/lib/X11/fonts/Speedo/, removing from list!
Could not init font path element /usr/X11R6/lib/X11/fonts/misc/, removing from list!
Could not init font path element /usr/X11R6/lib/X11/fonts/75dpi/, removing from list!
Could not init font path element /usr/X11R6/lib/X11/fonts/100dpi/, removing from list!
Could not init font path element /usr/share/fonts/X11/75dpi/, removing from list!
Could not init font path element /usr/share/fonts/X11/100dpi/, removing from list!
xrdb: No such file or directory
xrdb: can't open file '/home/is28/ermolaeva28/.Xresources'
/usr/bin/startxfce4: X server already running on display :12
gpg-agent[62250]: WARNING: "--write-env-file" is an obsolete option - it has no effect
gpg-agent: a gpg-agent is already running - not starting a new one

(xfce4-session:62240): xfce4-session-WARNING **: 11:23:40.627: gpg-agent returned no PID in the variables

(xfce4-session:62240): xfce4-session-WARNING **: 11:23:40.636: xfsm_manager_load_session: Something wrong with /home/is28/ermolaeva28/.cache/sessions/xfce4-session-virt-1:12, Does it exist? Permissions issue?

(xfwm4:62254): xfwm4-WARNING **: 11:23:40.672: The display does not support the XRender extension.

(xfwm4:62254): xfwm4-WARNING **: 11:23:40.672: The display does not support the XComposite extension.

(xfwm4:62254): xfwm4-WARNING **: 11:23:40.672: The display does not support the XDamage extension.

(xfwm4:62254): xfwm4-WARNING **: 11:23:40.672: The display does not support the XFixes extension.

(xfwm4:62254): xfwm4-WARNING **: 11:23:40.672: Compositing manager disabled.
(uint32 1,)

** (light-locker:62263): ERROR **: 11:23:40.736: Environment variable XDG_SESSION_PATH not set. Is LightDM running?

(polkit-gnome-authentication-agent-1:62266): GLib-CRITICAL **: 11:23:40.747: g_variant_new_string: assertion 'string != NULL' failed

(polkit-gnome-authentication-agent-1:62266): polkit-gnome-1-WARNING **: 11:23:40.748: Failed to register client: GDBus.Error:org.freedesktop.DBus.Error.ServiceUnknown: The name org.gnome.SessionManager was not provided by any .service files

(xfsettingsd:62265): xfsettingsd-CRITICAL **: 11:23:40.772: RANDR extension is too old, version 1.1. Display settings won't be applied.
Xlib:  extension "XInputExtension" missing on display ":12.0".

(xfsettingsd:62265): xfsettingsd-CRITICAL **: 11:23:40.779: XI is not present.

(xfsettingsd:62265): xfsettingsd-CRITICAL **: 11:23:40.793: Failed to initialize the Xkb extension.

(xfsettingsd:62265): xfsettingsd-CRITICAL **: 11:23:40.796: Failed to initialize the Accessibility extension.

(xfsettingsd:62265): GLib-CRITICAL **: 11:23:40.800: g_str_has_prefix: assertion 'prefix != NULL' failed

(xfsettingsd:62265): GLib-GObject-CRITICAL **: 11:23:40.850: g_value_get_string: assertion 'G_VALUE_HOLDS_STRING (value)' failed
xfwm4-Message: 11:23:40.850: Unsupported keyboard modifier '<Super>Tab'

(xfsettingsd:62265): GLib-GObject-CRITICAL **: 11:23:40.873: g_value_get_string: assertion 'G_VALUE_HOLDS_STRING (value)' failed
xfwm4-Message: 11:23:40.996: Unsupported keyboard modifier '<Super>Tab'

(nm-applet:62339): Gtk-WARNING **: 11:23:41.438: Can't set a parent on widget which has a parent

(nm-applet:62339): Gdk-CRITICAL **: 11:23:41.597: gdk_window_thaw_toplevel_updates: assertion 'window->update_and_descendants_freeze_count > 0' failed

Fri Nov  8 11:23:47 2019
 Connections: accepted: 0.0.0.0::50117
 SConnection: Client needs protocol version 3.8
 SConnection: Client requests security type VncAuth(2)
/usr/lib/python3/dist-packages/blueman/plugins/applet/AppIndicator.py:8: PyGIWarning: AppIndicator3 was imported without specifying a version first. Use gi.require_version('AppIndicator3', '0.1') before import to ensure that the right version gets loaded.
  from gi.repository import AppIndicator3 as girAppIndicator
ERROR:dbus.proxies:Introspect error on org.bluez:/org/bluez: dbus.exceptions.DBusException: org.freedesktop.DBus.Error.AccessDenied: Rejected send message, 2 matched rules; type="method_call", sender=":1.2621" (uid=1270 pid=62320 comm="/usr/bin/python3 /usr/bin/blueman-applet " label="unconfined") interface="org.freedesktop.DBus.Introspectable" member="Introspect" error name="(unset)" requested_reply="0" destination="org.bluez" (bus)
ERROR:dbus.proxies:Introspect error on org.bluez:/: dbus.exceptions.DBusException: org.freedesktop.DBus.Error.AccessDenied: Rejected send message, 2 matched rules; type="method_call", sender=":1.2621" (uid=1270 pid=62320 comm="/usr/bin/python3 /usr/bin/blueman-applet " label="unconfined") interface="org.freedesktop.DBus.Introspectable" member="Introspect" error name="(unset)" requested_reply="0" destination="org.bluez" (bus)
ERROR:dbus.proxies:Introspect error on org.bluez:/: dbus.exceptions.DBusException: org.freedesktop.DBus.Error.AccessDenied: Rejected send message, 2 matched rules; type="method_call", sender=":1.2621" (uid=1270 pid=62320 comm="/usr/bin/python3 /usr/bin/blueman-applet " label="unconfined") interface="org.freedesktop.DBus.Introspectable" member="Introspect" error name="(unset)" requested_reply="0" destination="org.bluez" (bus)

(wrapper-1.0:62413): Gdk-WARNING **: 11:23:50.486: /build/gtk+2.0-AoeliP/gtk+2.0-2.24.32/gdk/x11/gdkdrawable-x11.c:952 drawable is not a pixmap or window

Fri Nov  8 11:23:56 2019
 VNCSConnST:  Server default pixel format depth 16 (16bpp) little-endian rgb565
 VNCSConnST:  Client pixel format depth 16 (16bpp) little-endian rgb565
/usr/lib/ubuntu-release-upgrader/check-new-release-gtk:30: PyGIWarning: Gtk was imported without specifying a version first. Use gi.require_version('Gtk', '3.0') before import to ensure that the right version gets loaded.
  from gi.repository import Gtk
WARNING:root:timeout reached, exiting

(Thunar:62260): Gdk-WARNING **: 11:31:37.121: gdk_window_set_icon_list: icons too large
Xlib:  extension "XINERAMA" missing on display ":12.0".
func=xmlSecCheckVersionExt:file=xmlsec.c:line=188:obj=unknown:subj=unknown:error=19:invalid version:mode=abi compatible;expected minor version=2;real minor version=2;expected subminor version=25;real subminor version=26

Fri Nov  8 11:31:56 2019
 XserverDesktop: Added unknown keysym 0x6db to keycode 255
 XserverDesktop: Added unknown keysym 0x6d9 to keycode 254
xfwm4-Message: 11:31:57.099: Unsupported keyboard modifier '<Super>Tab'

Fri Nov  8 12:05:25 2019
 XserverDesktop: Added unknown keysym 0x6ee to keycode 253

Fri Nov  8 12:05:26 2019
 XserverDesktop: Added unknown keysym 0x6c1 to keycode 252
xfwm4-Message: 12:05:26.427: Unsupported keyboard modifier '<Super>Tab'
 XserverDesktop: Added unknown keysym 0x6c9 to keycode 251
xfwm4-Message: 12:05:26.689: Unsupported keyboard modifier '<Super>Tab'

Fri Nov  8 12:05:27 2019
 XserverDesktop: Added unknown keysym 0x6c2 to keycode 250
xfwm4-Message: 12:05:27.986: Unsupported keyboard modifier '<Super>Tab'

Fri Nov  8 12:05:28 2019
 XserverDesktop: Added unknown keysym 0x6da to keycode 249
xfwm4-Message: 12:05:28.810: Unsupported keyboard modifier '<Super>Tab'
 XserverDesktop: Added unknown keysym 0x6de to keycode 248

Fri Nov  8 12:05:29 2019
 XserverDesktop: Added unknown keysym 0x6c5 to keycode 247
xfwm4-Message: 12:05:29.299: Unsupported keyboard modifier '<Super>Tab'

Fri Nov  8 12:05:34 2019
 XserverDesktop: Added unknown keysym 0x6c0 to keycode 246
xfwm4-Message: 12:05:34.370: Unsupported keyboard modifier '<Super>Tab'

Fri Nov  8 12:06:43 2019
 XserverDesktop: Added unknown keysym 0x6f3 to keycode 245
 XserverDesktop: Added unknown keysym 0x6d4 to keycode 244

Fri Nov  8 12:06:44 2019
 XserverDesktop: Added unknown keysym 0x6d2 to keycode 243
 XserverDesktop: Added unknown keysym 0x6cf to keycode 242
xfwm4-Message: 12:06:44.489: Unsupported keyboard modifier '<Super>Tab'
 XserverDesktop: Added unknown keysym 0x6cb to keycode 241
xfwm4-Message: 12:06:44.977: Unsupported keyboard modifier '<Super>Tab'

Fri Nov  8 12:07:28 2019
 XserverDesktop: Added unknown keysym 0x6cc to keycode 240
xfwm4-Message: 12:07:28.385: Unsupported keyboard modifier '<Super>Tab'
 XserverDesktop: Added unknown keysym 0x6c3 to keycode 239
xfwm4-Message: 12:07:28.897: Unsupported keyboard modifier '<Super>Tab'

Fri Nov  8 12:08:10 2019
 XserverDesktop: Added unknown keysym 0x6d7 to keycode 238
 XserverDesktop: Added unknown keysym 0xf3 to keycode 237
xfwm4-Message: 12:08:10.553: Unsupported keyboard modifier '<Super>Tab'

Fri Nov  8 12:39:56 2019
 Connections: closed: 0.0.0.0::50117 (Clean disconnection)
 SMsgWriter:  framebuffer updates 3897
 SMsgWriter:    copyRect rects 3172, bytes 50752
 SMsgWriter:    hextile rects 27608, bytes 93997917
 SMsgWriter:    raw bytes equivalent 797753084, compression ratio 8.486923
