
Xvnc Free Edition 4.1.1 - built Feb 25 2015 23:02:21
Copyright (C) 2002-2005 RealVNC Ltd.
See http://www.realvnc.com for information on VNC.
Underlying X server release 40300000, The XFree86 Project, Inc


Fri Sep 13 08:38:53 2019
 vncext:      VNC extension running!
 vncext:      Listening for VNC connections on port 5943
 vncext:      created VNC server for screen 0
error opening security policy file /etc/X11/xserver/SecurityPolicy
Could not init font path element /usr/X11R6/lib/X11/fonts/Type1/, removing from list!
Could not init font path element /usr/X11R6/lib/X11/fonts/Speedo/, removing from list!
Could not init font path element /usr/X11R6/lib/X11/fonts/misc/, removing from list!
Could not init font path element /usr/X11R6/lib/X11/fonts/75dpi/, removing from list!
Could not init font path element /usr/X11R6/lib/X11/fonts/100dpi/, removing from list!
Could not init font path element /usr/share/fonts/X11/75dpi/, removing from list!
Could not init font path element /usr/share/fonts/X11/100dpi/, removing from list!

(x-window-manager:58125): xfwm4-WARNING **: 08:38:56.228: The display does not support the XRender extension.

(x-window-manager:58125): xfwm4-WARNING **: 08:38:56.228: The display does not support the XComposite extension.

(x-window-manager:58125): xfwm4-WARNING **: 08:38:56.228: The display does not support the XDamage extension.

(x-window-manager:58125): xfwm4-WARNING **: 08:38:56.228: The display does not support the XFixes extension.

(x-window-manager:58125): xfwm4-WARNING **: 08:38:56.228: Compositing manager disabled.
xfwm4-Message: 08:38:56.260: Unsupported keyboard modifier '<Super>Tab'
Failed to connect to session manager: Failed to connect to the session manager: SESSION_MANAGER environment variable not defined

(x-window-manager:58125): xfwm4-WARNING **: 08:38:56.266: Failed to connect to session manager: Failed to connect to the session manager: SESSION_MANAGER environment variable not defined

Fri Sep 13 08:39:03 2019
 Connections: accepted: 0.0.0.0::50222
 SConnection: Client needs protocol version 3.8
 SConnection: Client requests security type VncAuth(2)

Fri Sep 13 08:39:08 2019
 VNCSConnST:  Server default pixel format depth 16 (16bpp) little-endian rgb565
 VNCSConnST:  Client pixel format depth 16 (16bpp) little-endian rgb565

Fri Sep 13 08:49:27 2019
 XserverDesktop: Added unknown keysym 0x6de to keycode 255
xfwm4-Message: 08:49:27.498: Unsupported keyboard modifier '<Super>Tab'

Fri Sep 13 08:59:17 2019
 XserverDesktop: Added unknown keysym 0x6d7 to keycode 254
 XserverDesktop: Added unknown keysym 0x6c5 to keycode 253
 XserverDesktop: Added unknown keysym 0x6c4 to keycode 252
xfwm4-Message: 08:59:18.235: Unsupported keyboard modifier '<Super>Tab'

Fri Sep 13 08:59:18 2019
 XserverDesktop: Added unknown keysym 0x6c9 to keycode 251
 XserverDesktop: Added unknown keysym 0x6d4 to keycode 250
xfwm4-Message: 08:59:18.659: Unsupported keyboard modifier '<Super>Tab'

Fri Sep 13 08:59:35 2019
 XserverDesktop: Added unknown keysym 0x6fc to keycode 249
xfwm4-Message: 08:59:35.786: Unsupported keyboard modifier '<Super>Tab'

Fri Sep 13 09:03:06 2019
 XserverDesktop: Added unknown keysym 0x6c1 to keycode 248
xfwm4-Message: 09:03:06.289: Unsupported keyboard modifier '<Super>Tab'

Fri Sep 13 09:12:54 2019
 XserverDesktop: Added unknown keysym 0x6d3 to keycode 247
xfwm4-Message: 09:12:54.258: Unsupported keyboard modifier '<Super>Tab'
 XserverDesktop: Added unknown keysym 0x6da to keycode 246
xfwm4-Message: 09:12:55.066: Unsupported keyboard modifier '<Super>Tab'

Fri Sep 13 09:12:55 2019
 XserverDesktop: Added unknown keysym 0x6ce to keycode 245
xfwm4-Message: 09:12:55.354: Unsupported keyboard modifier '<Super>Tab'

Fri Sep 13 09:13:08 2019
 XserverDesktop: Added unknown keysym 0x6d9 to keycode 244
xfwm4-Message: 09:13:08.468: Unsupported keyboard modifier '<Super>Tab'

Fri Sep 13 09:18:49 2019
 XserverDesktop: Added unknown keysym 0x6dd to keycode 243
xfwm4-Message: 09:18:49.326: Unsupported keyboard modifier '<Super>Tab'

Fri Sep 13 09:18:52 2019
 XserverDesktop: Added unknown keysym 0x6cb to keycode 242
xfwm4-Message: 09:18:52.566: Unsupported keyboard modifier '<Super>Tab'

Fri Sep 13 09:23:11 2019
 XserverDesktop: Added unknown keysym 0x6cf to keycode 241
 XserverDesktop: Added unknown keysym 0x6cc to keycode 240

Fri Sep 13 09:23:12 2019
 XserverDesktop: Added unknown keysym 0x6d8 to keycode 239
xfwm4-Message: 09:23:12.403: Unsupported keyboard modifier '<Super>Tab'

Fri Sep 13 09:23:13 2019
 XserverDesktop: Added unknown keysym 0x6cd to keycode 238
xfwm4-Message: 09:23:13.435: Unsupported keyboard modifier '<Super>Tab'

Fri Sep 13 09:23:33 2019
 XserverDesktop: Added unknown keysym 0x6db to keycode 237
xfwm4-Message: 09:23:33.874: Unsupported keyboard modifier '<Super>Tab'

Fri Sep 13 09:23:34 2019
 XserverDesktop: Added unknown keysym 0x6c7 to keycode 236
xfwm4-Message: 09:23:35.251: Unsupported keyboard modifier '<Super>Tab'

Fri Sep 13 09:23:49 2019
 XserverDesktop: Added unknown keysym 0xf3 to keycode 235
 XserverDesktop: Added unknown keysym 0x6d2 to keycode 234
xfwm4-Message: 09:23:49.626: Unsupported keyboard modifier '<Super>Tab'

Fri Sep 13 09:24:52 2019
 XserverDesktop: Added unknown keysym 0x6d1 to keycode 233
xfwm4-Message: 09:24:52.434: Unsupported keyboard modifier '<Super>Tab'
 XserverDesktop: Added unknown keysym 0x6c6 to keycode 232
xfwm4-Message: 09:24:53.009: Unsupported keyboard modifier '<Super>Tab'

Fri Sep 13 09:25:03 2019
 XserverDesktop: Added unknown keysym 0x6c2 to keycode 231
xfwm4-Message: 09:25:03.339: Unsupported keyboard modifier '<Super>Tab'

Fri Sep 13 09:37:02 2019
 Connections: closed: 0.0.0.0::50222 (Clean disconnection)
 SMsgWriter:  framebuffer updates 9524
 SMsgWriter:    copyRect rects 10947, bytes 175152
 SMsgWriter:    hextile rects 42631, bytes 101646372
 SMsgWriter:    raw bytes equivalent 834209720, compression ratio 8.206980
x-window-manager: Fatal IO error 4 (Interrupted system call) on X server :43.
