
Xvnc Free Edition 4.1.1 - built Feb 25 2015 23:02:21
Copyright (C) 2002-2005 RealVNC Ltd.
See http://www.realvnc.com for information on VNC.
Underlying X server release 40300000, The XFree86 Project, Inc


Fri Oct 25 11:24:26 2019
 vncext:      VNC extension running!
 vncext:      Listening for VNC connections on port 5921
 vncext:      created VNC server for screen 0
error opening security policy file /etc/X11/xserver/SecurityPolicy
Could not init font path element /usr/X11R6/lib/X11/fonts/Type1/, removing from list!
Could not init font path element /usr/X11R6/lib/X11/fonts/Speedo/, removing from list!
Could not init font path element /usr/X11R6/lib/X11/fonts/misc/, removing from list!
Could not init font path element /usr/X11R6/lib/X11/fonts/75dpi/, removing from list!
Could not init font path element /usr/X11R6/lib/X11/fonts/100dpi/, removing from list!
Could not init font path element /usr/share/fonts/X11/75dpi/, removing from list!
Could not init font path element /usr/share/fonts/X11/100dpi/, removing from list!

(x-window-manager:17958): xfwm4-WARNING **: 11:24:29.309: The display does not support the XRender extension.

(x-window-manager:17958): xfwm4-WARNING **: 11:24:29.309: The display does not support the XComposite extension.

(x-window-manager:17958): xfwm4-WARNING **: 11:24:29.310: The display does not support the XDamage extension.

(x-window-manager:17958): xfwm4-WARNING **: 11:24:29.310: The display does not support the XFixes extension.

(x-window-manager:17958): xfwm4-WARNING **: 11:24:29.310: Compositing manager disabled.
xfwm4-Message: 11:24:29.358: Unsupported keyboard modifier '<Super>Tab'

(x-window-manager:17958): xfwm4-WARNING **: 11:24:29.364: Failed to connect to session manager: Failed to connect to the session manager: SESSION_MANAGER environment variable not defined
Failed to connect to session manager: Failed to connect to the session manager: SESSION_MANAGER environment variable not defined

Fri Oct 25 11:24:47 2019
 Connections: accepted: 0.0.0.0::54471
 SConnection: Client needs protocol version 3.8
 SConnection: Client requests security type VncAuth(2)

Fri Oct 25 11:25:01 2019
 VNCSConnST:  Server default pixel format depth 16 (16bpp) little-endian rgb565
 VNCSConnST:  Client pixel format depth 16 (16bpp) little-endian rgb565

Fri Oct 25 11:47:59 2019
 XserverDesktop: Added unknown keysym 0x6e4 to keycode 255
xfwm4-Message: 11:48:00.233: Unsupported keyboard modifier '<Super>Tab'

Fri Oct 25 11:48:00 2019
 XserverDesktop: Added unknown keysym 0x6c1 to keycode 254
xfwm4-Message: 11:48:00.594: Unsupported keyboard modifier '<Super>Tab'

Fri Oct 25 11:48:38 2019
 XserverDesktop: Added unknown keysym 0xf3 to keycode 253
xfwm4-Message: 11:48:38.337: Unsupported keyboard modifier '<Super>Tab'

Fri Oct 25 11:48:39 2019
 XserverDesktop: Added unknown keysym 0x6d9 to keycode 252
xfwm4-Message: 11:48:40.170: Unsupported keyboard modifier '<Super>Tab'

Fri Oct 25 11:48:54 2019
 XserverDesktop: Added unknown keysym 0x6dc to keycode 251
xfwm4-Message: 11:48:55.233: Unsupported keyboard modifier '<Super>Tab'

Fri Oct 25 11:48:58 2019
 XserverDesktop: Added unknown keysym 0x6ce to keycode 250

Fri Oct 25 11:48:59 2019
 XserverDesktop: Added unknown keysym 0x6c5 to keycode 249
 XserverDesktop: Added unknown keysym 0x6d4 to keycode 248
xfwm4-Message: 11:48:59.617: Unsupported keyboard modifier '<Super>Tab'

Fri Oct 25 11:53:01 2019
 XserverDesktop: Added unknown keysym 0x6db to keycode 247
xfwm4-Message: 11:53:02.069: Unsupported keyboard modifier '<Super>Tab'

Fri Oct 25 11:54:05 2019
 XserverDesktop: Added unknown keysym 0x6cd to keycode 246
xfwm4-Message: 11:54:05.486: Unsupported keyboard modifier '<Super>Tab'
 XserverDesktop: Added unknown keysym 0x6dd to keycode 245
xfwm4-Message: 11:54:05.805: Unsupported keyboard modifier '<Super>Tab'

Fri Oct 25 11:54:06 2019
 XserverDesktop: Added unknown keysym 0x6d1 to keycode 244
xfwm4-Message: 11:54:06.726: Unsupported keyboard modifier '<Super>Tab'

Fri Oct 25 11:54:07 2019
 XserverDesktop: Added unknown keysym 0x6cb to keycode 243
xfwm4-Message: 11:54:07.293: Unsupported keyboard modifier '<Super>Tab'
 XserverDesktop: Added unknown keysym 0x6c6 to keycode 242
xfwm4-Message: 11:54:07.653: Unsupported keyboard modifier '<Super>Tab'

Fri Oct 25 11:56:34 2019
 XserverDesktop: Added unknown keysym 0x6f7 to keycode 241
xfwm4-Message: 11:56:35.019: Unsupported keyboard modifier '<Super>Tab'

Fri Oct 25 12:00:05 2019
 XserverDesktop: Added unknown keysym 0x6d0 to keycode 240

Fri Oct 25 12:00:06 2019
 XserverDesktop: Added unknown keysym 0x6d2 to keycode 239
xfwm4-Message: 12:00:06.424: Unsupported keyboard modifier '<Super>Tab'

Fri Oct 25 12:00:08 2019
 XserverDesktop: Added unknown keysym 0x6cf to keycode 238
xfwm4-Message: 12:00:08.968: Unsupported keyboard modifier '<Super>Tab'

Fri Oct 25 12:00:09 2019
 XserverDesktop: Added unknown keysym 0x6de to keycode 237
 XserverDesktop: Added unknown keysym 0x6c9 to keycode 236
 XserverDesktop: Added unknown keysym 0x6d3 to keycode 235
 XserverDesktop: Added unknown keysym 0x6cc to keycode 234
xfwm4-Message: 12:00:09.953: Unsupported keyboard modifier '<Super>Tab'

Fri Oct 25 12:00:11 2019
 XserverDesktop: Added unknown keysym 0x6c2 to keycode 233
xfwm4-Message: 12:00:11.264: Unsupported keyboard modifier '<Super>Tab'

Fri Oct 25 12:00:29 2019
 XserverDesktop: Added unknown keysym 0x6f6 to keycode 232
xfwm4-Message: 12:00:29.537: Unsupported keyboard modifier '<Super>Tab'

Fri Oct 25 12:10:43 2019
 XserverDesktop: Added unknown keysym 0x6ca to keycode 231
xfwm4-Message: 12:10:44.152: Unsupported keyboard modifier '<Super>Tab'

Fri Oct 25 12:10:45 2019
 XserverDesktop: Added unknown keysym 0x6c7 to keycode 230
xfwm4-Message: 12:10:46.073: Unsupported keyboard modifier '<Super>Tab'

Fri Oct 25 12:12:23 2019
 XserverDesktop: Added unknown keysym 0x6da to keycode 229
xfwm4-Message: 12:12:24.024: Unsupported keyboard modifier '<Super>Tab'

Fri Oct 25 12:43:18 2019
 Connections: closed: 0.0.0.0::54471 (Clean disconnection)
 SMsgWriter:  framebuffer updates 13274
 SMsgWriter:    copyRect rects 9228, bytes 147648
 SMsgWriter:    hextile rects 39919, bytes 84885576
 SMsgWriter:    raw bytes equivalent 872389660, compression ratio 10.277243

Tue Oct 29 13:26:27 2019
 Connections: accepted: 0.0.0.0::49439
 SConnection: Client needs protocol version 3.8
 SConnection: Client requests security type VncAuth(2)

Tue Oct 29 13:26:32 2019
 SConnection: AuthFailureException: Authentication failure
 Connections: closed: 0.0.0.0::49439 (Authentication failure)
x-window-manager: Fatal IO error 4 (Interrupted system call) on X server :21.
