
Xvnc Free Edition 4.1.1 - built Feb 25 2015 23:02:21
Copyright (C) 2002-2005 RealVNC Ltd.
See http://www.realvnc.com for information on VNC.
Underlying X server release 40300000, The XFree86 Project, Inc


Fri Sep 27 11:25:19 2019
 vncext:      VNC extension running!
 vncext:      Listening for VNC connections on port 5924
 vncext:      created VNC server for screen 0
error opening security policy file /etc/X11/xserver/SecurityPolicy
Could not init font path element /usr/X11R6/lib/X11/fonts/Type1/, removing from list!
Could not init font path element /usr/X11R6/lib/X11/fonts/Speedo/, removing from list!
Could not init font path element /usr/X11R6/lib/X11/fonts/misc/, removing from list!
Could not init font path element /usr/X11R6/lib/X11/fonts/75dpi/, removing from list!
Could not init font path element /usr/X11R6/lib/X11/fonts/100dpi/, removing from list!
Could not init font path element /usr/share/fonts/X11/75dpi/, removing from list!
Could not init font path element /usr/share/fonts/X11/100dpi/, removing from list!

(x-window-manager:36230): xfwm4-WARNING **: 11:25:22.747: The display does not support the XRender extension.

(x-window-manager:36230): xfwm4-WARNING **: 11:25:22.747: The display does not support the XComposite extension.

(x-window-manager:36230): xfwm4-WARNING **: 11:25:22.747: The display does not support the XDamage extension.

(x-window-manager:36230): xfwm4-WARNING **: 11:25:22.747: The display does not support the XFixes extension.

(x-window-manager:36230): xfwm4-WARNING **: 11:25:22.747: Compositing manager disabled.
xfwm4-Message: 11:25:22.857: Unsupported keyboard modifier '<Super>Tab'
Failed to connect to session manager: Failed to connect to the session manager: SESSION_MANAGER environment variable not defined

(x-window-manager:36230): xfwm4-WARNING **: 11:25:22.865: Failed to connect to session manager: Failed to connect to the session manager: SESSION_MANAGER environment variable not defined

Fri Sep 27 11:25:48 2019
 Connections: accepted: 0.0.0.0::50116
 SConnection: Client needs protocol version 3.8
 SConnection: Client requests security type VncAuth(2)

Fri Sep 27 11:25:52 2019
 VNCSConnST:  Server default pixel format depth 16 (16bpp) little-endian rgb565
 VNCSConnST:  Client pixel format depth 16 (16bpp) little-endian rgb565

Fri Sep 27 11:33:21 2019
 XserverDesktop: Added unknown keysym 0x6f7 to keycode 255
xfwm4-Message: 11:33:21.783: Unsupported keyboard modifier '<Super>Tab'

Fri Sep 27 11:33:22 2019
 XserverDesktop: Added unknown keysym 0x6c5 to keycode 254
xfwm4-Message: 11:33:22.576: Unsupported keyboard modifier '<Super>Tab'
 XserverDesktop: Added unknown keysym 0x6c4 to keycode 253
xfwm4-Message: 11:33:22.872: Unsupported keyboard modifier '<Super>Tab'
 XserverDesktop: Added unknown keysym 0x6c9 to keycode 252

Fri Sep 27 11:33:23 2019
 XserverDesktop: Added unknown keysym 0x6d4 to keycode 251
xfwm4-Message: 11:33:23.280: Unsupported keyboard modifier '<Super>Tab'
 XserverDesktop: Added unknown keysym 0x6da to keycode 250
xfwm4-Message: 11:33:23.920: Unsupported keyboard modifier '<Super>Tab'
 XserverDesktop: Added unknown keysym 0x6ce to keycode 249

Fri Sep 27 11:33:24 2019
 XserverDesktop: Added unknown keysym 0x6c1 to keycode 248
xfwm4-Message: 11:33:24.392: Unsupported keyboard modifier '<Super>Tab'
 XserverDesktop: Added unknown keysym 0x6de to keycode 247
xfwm4-Message: 11:33:24.648: Unsupported keyboard modifier '<Super>Tab'

Fri Sep 27 11:43:40 2019
 XserverDesktop: Added unknown keysym 0x6fc to keycode 246
xfwm4-Message: 11:43:40.840: Unsupported keyboard modifier '<Super>Tab'
AUDIT: Fri Sep 27 11:44:23 2019: 36216 Xvnc4: client 6 rejected from local host
AUDIT: Fri Sep 27 11:44:27 2019: 36216 Xvnc4: client 6 rejected from local host

Fri Sep 27 11:46:07 2019
 XserverDesktop: Added unknown keysym 0xd3 to keycode 245
xfwm4-Message: 11:46:08.086: Unsupported keyboard modifier '<Super>Tab'

Fri Sep 27 11:46:40 2019
 XserverDesktop: Added unknown keysym 0x6d9 to keycode 244
xfwm4-Message: 11:46:41.046: Unsupported keyboard modifier '<Super>Tab'

Fri Sep 27 11:51:06 2019
 XserverDesktop: Added unknown keysym 0x6cb to keycode 243
xfwm4-Message: 11:51:07.068: Unsupported keyboard modifier '<Super>Tab'

Fri Sep 27 11:51:07 2019
 XserverDesktop: Added unknown keysym 0x6dd to keycode 242
 XserverDesktop: Added unknown keysym 0x6d0 to keycode 241
xfwm4-Message: 11:51:07.844: Unsupported keyboard modifier '<Super>Tab'

Fri Sep 27 11:54:44 2019
 XserverDesktop: Added unknown keysym 0x6cc to keycode 240
xfwm4-Message: 11:54:44.969: Unsupported keyboard modifier '<Super>Tab'

Fri Sep 27 12:20:16 2019
 XserverDesktop: Added unknown keysym 0x6cf to keycode 239
xfwm4-Message: 12:20:16.486: Unsupported keyboard modifier '<Super>Tab'

Fri Sep 27 12:20:21 2019
 XserverDesktop: Added unknown keysym 0x6d3 to keycode 238
xfwm4-Message: 12:20:22.063: Unsupported keyboard modifier '<Super>Tab'

Fri Sep 27 12:34:55 2019
 Connections: closed: 0.0.0.0::50116 (Clean disconnection)
 SMsgWriter:  framebuffer updates 12685
 SMsgWriter:    copyRect rects 16811, bytes 268976
 SMsgWriter:    hextile rects 43030, bytes 75279736
 SMsgWriter:    raw bytes equivalent 837137164, compression ratio 11.120352
x-window-manager: Fatal IO error 4 (Interrupted system call) on X server :24.
