
Xvnc Free Edition 4.1.1 - built Feb 25 2015 23:02:21
Copyright (C) 2002-2005 RealVNC Ltd.
See http://www.realvnc.com for information on VNC.
Underlying X server release 40300000, The XFree86 Project, Inc


Fri Sep 20 08:36:50 2019
 vncext:      VNC extension running!
 vncext:      Listening for VNC connections on port 5922
 vncext:      created VNC server for screen 0
error opening security policy file /etc/X11/xserver/SecurityPolicy
Could not init font path element /usr/X11R6/lib/X11/fonts/Type1/, removing from list!
Could not init font path element /usr/X11R6/lib/X11/fonts/Speedo/, removing from list!
Could not init font path element /usr/X11R6/lib/X11/fonts/misc/, removing from list!
Could not init font path element /usr/X11R6/lib/X11/fonts/75dpi/, removing from list!
Could not init font path element /usr/X11R6/lib/X11/fonts/100dpi/, removing from list!
Could not init font path element /usr/share/fonts/X11/75dpi/, removing from list!
Could not init font path element /usr/share/fonts/X11/100dpi/, removing from list!

(x-window-manager:48615): xfwm4-WARNING **: 08:36:53.864: The display does not support the XRender extension.

(x-window-manager:48615): xfwm4-WARNING **: 08:36:53.864: The display does not support the XComposite extension.

(x-window-manager:48615): xfwm4-WARNING **: 08:36:53.864: The display does not support the XDamage extension.

(x-window-manager:48615): xfwm4-WARNING **: 08:36:53.864: The display does not support the XFixes extension.

(x-window-manager:48615): xfwm4-WARNING **: 08:36:53.864: Compositing manager disabled.
Failed to connect to session manager: Failed to connect to the session manager: SESSION_MANAGER environment variable not defined
xfwm4-Message: 08:36:53.961: Unsupported keyboard modifier '<Super>Tab'

(x-window-manager:48615): xfwm4-WARNING **: 08:36:53.966: Failed to connect to session manager: Failed to connect to the session manager: SESSION_MANAGER environment variable not defined

Fri Sep 20 08:37:09 2019
 Connections: accepted: 0.0.0.0::49408
 SConnection: Client needs protocol version 3.8
 SConnection: Client requests security type VncAuth(2)

Fri Sep 20 08:37:27 2019
 VNCSConnST:  Server default pixel format depth 16 (16bpp) little-endian rgb565
 VNCSConnST:  Client pixel format depth 16 (16bpp) little-endian rgb565
AUDIT: Fri Sep 20 08:54:22 2019: 48582 Xvnc4: client 10 rejected from local host
AUDIT: Fri Sep 20 08:54:48 2019: 48582 Xvnc4: client 10 rejected from local host
AUDIT: Fri Sep 20 08:54:52 2019: 48582 Xvnc4: client 10 rejected from local host
AUDIT: Fri Sep 20 08:54:54 2019: 48582 Xvnc4: client 10 rejected from local host

Fri Sep 20 09:01:31 2019
 XserverDesktop: Added unknown keysym 0x6f7 to keycode 255
xfwm4-Message: 09:01:31.934: Unsupported keyboard modifier '<Super>Tab'

Fri Sep 20 09:01:35 2019
 XserverDesktop: Added unknown keysym 0x6c5 to keycode 254
xfwm4-Message: 09:01:35.359: Unsupported keyboard modifier '<Super>Tab'
 XserverDesktop: Added unknown keysym 0x6c4 to keycode 253
xfwm4-Message: 09:01:35.670: Unsupported keyboard modifier '<Super>Tab'

Fri Sep 20 09:01:36 2019
 XserverDesktop: Added unknown keysym 0x6d4 to keycode 252
xfwm4-Message: 09:01:36.518: Unsupported keyboard modifier '<Super>Tab'

Fri Sep 20 09:01:37 2019
 XserverDesktop: Added unknown keysym 0x6da to keycode 251
xfwm4-Message: 09:01:37.983: Unsupported keyboard modifier '<Super>Tab'

Fri Sep 20 09:01:38 2019
 XserverDesktop: Added unknown keysym 0x6ce to keycode 250
 XserverDesktop: Added unknown keysym 0x6c1 to keycode 249
xfwm4-Message: 09:01:38.630: Unsupported keyboard modifier '<Super>Tab'
 XserverDesktop: Added unknown keysym 0x6de to keycode 248
xfwm4-Message: 09:01:39.031: Unsupported keyboard modifier '<Super>Tab'

Fri Sep 20 09:01:39 2019
 XserverDesktop: Added unknown keysym 0x6c9 to keycode 247
xfwm4-Message: 09:01:39.671: Unsupported keyboard modifier '<Super>Tab'

Fri Sep 20 09:04:14 2019
 XserverDesktop: Added unknown keysym 0x6c3 to keycode 246
xfwm4-Message: 09:04:15.068: Unsupported keyboard modifier '<Super>Tab'

Fri Sep 20 09:04:15 2019
 XserverDesktop: Added unknown keysym 0x6cc to keycode 245
xfwm4-Message: 09:04:16.012: Unsupported keyboard modifier '<Super>Tab'

Fri Sep 20 09:04:16 2019
 XserverDesktop: Added unknown keysym 0x6d1 to keycode 244
xfwm4-Message: 09:04:16.548: Unsupported keyboard modifier '<Super>Tab'

Fri Sep 20 09:04:17 2019
 XserverDesktop: Added unknown keysym 0x6d3 to keycode 243
xfwm4-Message: 09:04:17.300: Unsupported keyboard modifier '<Super>Tab'
 XserverDesktop: Added unknown keysym 0x6d8 to keycode 242
xfwm4-Message: 09:04:17.677: Unsupported keyboard modifier '<Super>Tab'

Fri Sep 20 09:04:18 2019
 XserverDesktop: Added unknown keysym 0x6d2 to keycode 241
xfwm4-Message: 09:04:18.652: Unsupported keyboard modifier '<Super>Tab'

Fri Sep 20 09:05:20 2019
 XserverDesktop: Added unknown keysym 0x6cf to keycode 240
xfwm4-Message: 09:05:21.123: Unsupported keyboard modifier '<Super>Tab'

Fri Sep 20 09:05:21 2019
 XserverDesktop: Added unknown keysym 0x6c2 to keycode 239
xfwm4-Message: 09:05:21.523: Unsupported keyboard modifier '<Super>Tab'

Fri Sep 20 12:41:41 2019
 XserverDesktop: Added unknown keysym 0x6c8 to keycode 238
xfwm4-Message: 12:41:41.781: Unsupported keyboard modifier '<Super>Tab'

Fri Sep 20 12:44:26 2019
 Connections: closed: 0.0.0.0::49408 (read: Connection reset by peer (104))
 SMsgWriter:  framebuffer updates 8915
 SMsgWriter:    copyRect rects 8159, bytes 130544
 SMsgWriter:    hextile rects 25656, bytes 63593988
 SMsgWriter:    raw bytes equivalent 702289110, compression ratio 11.043326
x-window-manager: Fatal IO error 4 (Interrupted system call) on X server :22.
