
Xvnc Free Edition 4.1.1 - built Feb 25 2015 23:02:21
Copyright (C) 2002-2005 RealVNC Ltd.
See http://www.realvnc.com for information on VNC.
Underlying X server release 40300000, The XFree86 Project, Inc


Fri Oct  4 11:28:45 2019
 vncext:      VNC extension running!
 vncext:      Listening for VNC connections on port 5916
 vncext:      created VNC server for screen 0
error opening security policy file /etc/X11/xserver/SecurityPolicy
Could not init font path element /usr/X11R6/lib/X11/fonts/Type1/, removing from list!
Could not init font path element /usr/X11R6/lib/X11/fonts/Speedo/, removing from list!
Could not init font path element /usr/X11R6/lib/X11/fonts/misc/, removing from list!
Could not init font path element /usr/X11R6/lib/X11/fonts/75dpi/, removing from list!
Could not init font path element /usr/X11R6/lib/X11/fonts/100dpi/, removing from list!
Could not init font path element /usr/share/fonts/X11/75dpi/, removing from list!
Could not init font path element /usr/share/fonts/X11/100dpi/, removing from list!

(x-window-manager:7695): xfwm4-WARNING **: 11:28:48.072: The display does not support the XRender extension.

(x-window-manager:7695): xfwm4-WARNING **: 11:28:48.072: The display does not support the XComposite extension.

(x-window-manager:7695): xfwm4-WARNING **: 11:28:48.072: The display does not support the XDamage extension.

(x-window-manager:7695): xfwm4-WARNING **: 11:28:48.072: The display does not support the XFixes extension.

(x-window-manager:7695): xfwm4-WARNING **: 11:28:48.072: Compositing manager disabled.
xfwm4-Message: 11:28:48.161: Unsupported keyboard modifier '<Super>Tab'

(x-window-manager:7695): xfwm4-WARNING **: 11:28:48.170: Failed to connect to session manager: Failed to connect to the session manager: SESSION_MANAGER environment variable not defined
Failed to connect to session manager: Failed to connect to the session manager: SESSION_MANAGER environment variable not defined

Fri Oct  4 11:29:01 2019
 Connections: accepted: 0.0.0.0::50166
 SConnection: Client needs protocol version 3.8
 SConnection: Client requests security type VncAuth(2)

Fri Oct  4 11:29:14 2019
 VNCSConnST:  Server default pixel format depth 16 (16bpp) little-endian rgb565
 VNCSConnST:  Client pixel format depth 16 (16bpp) little-endian rgb565

Fri Oct  4 11:40:08 2019
 XserverDesktop: Added unknown keysym 0x1002116 to keycode 255
xfwm4-Message: 11:40:08.754: Unsupported keyboard modifier '<Super>Tab'

Fri Oct  4 11:40:14 2019
 XserverDesktop: Added unknown keysym 0x6c0 to keycode 254
xfwm4-Message: 11:40:15.170: Unsupported keyboard modifier '<Super>Tab'

Fri Oct  4 11:45:12 2019
 Connections: accepted: 0.0.0.0::56211
 SConnection: Client needs protocol version 3.8
 SConnection: Client requests security type VncAuth(2)

Fri Oct  4 11:45:22 2019
 VNCSConnST:  Server default pixel format depth 16 (16bpp) little-endian rgb565
 VNCSConnST:  Client pixel format depth 16 (16bpp) little-endian rgb565

Fri Oct  4 12:07:00 2019
 XserverDesktop: Added unknown keysym 0x6c6 to keycode 253
xfwm4-Message: 12:07:00.926: Unsupported keyboard modifier '<Super>Tab'

Fri Oct  4 12:43:05 2019
 Connections: closed: 0.0.0.0::50166 (read: Connection reset by peer (104))
 SMsgWriter:  framebuffer updates 19493
 SMsgWriter:    copyRect rects 20159, bytes 322544
 SMsgWriter:    hextile rects 96429, bytes 130545187
 SMsgWriter:    raw bytes equivalent 1092106968, compression ratio 8.365739

Fri Oct  4 12:47:33 2019
 Connections: closed: 0.0.0.0::56211 (read: Connection reset by peer (104))
 SMsgWriter:  framebuffer updates 729
 SMsgWriter:    copyRect rects 826, bytes 13216
 SMsgWriter:    hextile rects 2136, bytes 49828105
 SMsgWriter:    raw bytes equivalent 528474752, compression ratio 10.605957
x-window-manager: Fatal IO error 4 (Interrupted system call) on X server :16.
