
Xvnc Free Edition 4.1.1 - built Feb 25 2015 23:02:21
Copyright (C) 2002-2005 RealVNC Ltd.
See http://www.realvnc.com for information on VNC.
Underlying X server release 40300000, The XFree86 Project, Inc


Fri Oct 11 11:26:08 2019
 vncext:      VNC extension running!
 vncext:      Listening for VNC connections on port 5934
 vncext:      created VNC server for screen 0
error opening security policy file /etc/X11/xserver/SecurityPolicy
Could not init font path element /usr/X11R6/lib/X11/fonts/Type1/, removing from list!
Could not init font path element /usr/X11R6/lib/X11/fonts/Speedo/, removing from list!
Could not init font path element /usr/X11R6/lib/X11/fonts/misc/, removing from list!
Could not init font path element /usr/X11R6/lib/X11/fonts/75dpi/, removing from list!
Could not init font path element /usr/X11R6/lib/X11/fonts/100dpi/, removing from list!
Could not init font path element /usr/share/fonts/X11/75dpi/, removing from list!
Could not init font path element /usr/share/fonts/X11/100dpi/, removing from list!

(x-window-manager:16460): xfwm4-WARNING **: 11:26:11.462: The display does not support the XRender extension.

(x-window-manager:16460): xfwm4-WARNING **: 11:26:11.462: The display does not support the XComposite extension.

(x-window-manager:16460): xfwm4-WARNING **: 11:26:11.462: The display does not support the XDamage extension.

(x-window-manager:16460): xfwm4-WARNING **: 11:26:11.462: The display does not support the XFixes extension.

(x-window-manager:16460): xfwm4-WARNING **: 11:26:11.462: Compositing manager disabled.
xfwm4-Message: 11:26:11.528: Unsupported keyboard modifier '<Super>Tab'

(x-window-manager:16460): xfwm4-WARNING **: 11:26:11.541: Failed to connect to session manager: Failed to connect to the session manager: SESSION_MANAGER environment variable not defined
Failed to connect to session manager: Failed to connect to the session manager: SESSION_MANAGER environment variable not defined

Fri Oct 11 11:26:25 2019
 Connections: accepted: 0.0.0.0::50043
 SConnection: Client needs protocol version 3.8
 SConnection: Client requests security type VncAuth(2)

Fri Oct 11 11:26:33 2019
 VNCSConnST:  Server default pixel format depth 16 (16bpp) little-endian rgb565
 VNCSConnST:  Client pixel format depth 16 (16bpp) little-endian rgb565

Fri Oct 11 11:35:04 2019
 XserverDesktop: Added unknown keysym 0x6f3 to keycode 255
xfwm4-Message: 11:35:04.555: Unsupported keyboard modifier '<Super>Tab'

Fri Oct 11 11:35:05 2019
 XserverDesktop: Added unknown keysym 0x6d4 to keycode 254
 XserverDesktop: Added unknown keysym 0x6d2 to keycode 253
 XserverDesktop: Added unknown keysym 0x6cf to keycode 252
 XserverDesktop: Added unknown keysym 0x6cb to keycode 251

Fri Oct 11 11:35:06 2019
 XserverDesktop: Added unknown keysym 0x6c1 to keycode 250
xfwm4-Message: 11:35:06.436: Unsupported keyboard modifier '<Super>Tab'

Fri Oct 11 11:35:28 2019
 XserverDesktop: Added unknown keysym 0x6cc to keycode 249
xfwm4-Message: 11:35:29.019: Unsupported keyboard modifier '<Super>Tab'

Fri Oct 11 11:35:29 2019
 XserverDesktop: Added unknown keysym 0x6c2 to keycode 248
xfwm4-Message: 11:35:29.363: Unsupported keyboard modifier '<Super>Tab'
 XserverDesktop: Added unknown keysym 0x6c5 to keycode 247
xfwm4-Message: 11:35:29.860: Unsupported keyboard modifier '<Super>Tab'

Fri Oct 11 11:35:30 2019
 XserverDesktop: Added unknown keysym 0x6c3 to keycode 246
xfwm4-Message: 11:35:30.619: Unsupported keyboard modifier '<Super>Tab'

Fri Oct 11 11:35:49 2019
 XserverDesktop: Added unknown keysym 0x6db to keycode 245
xfwm4-Message: 11:35:50.117: Unsupported keyboard modifier '<Super>Tab'

Fri Oct 11 11:42:14 2019
 XserverDesktop: Added unknown keysym 0x1002116 to keycode 244
xfwm4-Message: 11:42:15.063: Unsupported keyboard modifier '<Super>Tab'

Fri Oct 11 11:42:40 2019
 XserverDesktop: Added unknown keysym 0x6de to keycode 243
xfwm4-Message: 11:42:41.003: Unsupported keyboard modifier '<Super>Tab'

Fri Oct 11 12:46:16 2019
 Connections: closed: 0.0.0.0::50043 (Clean disconnection)
 SMsgWriter:  framebuffer updates 9371
 SMsgWriter:    copyRect rects 3940, bytes 63040
 SMsgWriter:    hextile rects 28674, bytes 71367753
 SMsgWriter:    raw bytes equivalent 800761250, compression ratio 11.220211
x-window-manager: Fatal IO error 4 (Interrupted system call) on X server :34.
