
Xvnc Free Edition 4.1.1 - built Feb 25 2015 23:02:21
Copyright (C) 2002-2005 RealVNC Ltd.
See http://www.realvnc.com for information on VNC.
Underlying X server release 40300000, The XFree86 Project, Inc


Fri Sep 13 08:32:29 2019
 vncext:      VNC extension running!
 vncext:      Listening for VNC connections on port 5933
 vncext:      created VNC server for screen 0
error opening security policy file /etc/X11/xserver/SecurityPolicy
Could not init font path element /usr/X11R6/lib/X11/fonts/Type1/, removing from list!
Could not init font path element /usr/X11R6/lib/X11/fonts/Speedo/, removing from list!
Could not init font path element /usr/X11R6/lib/X11/fonts/misc/, removing from list!
Could not init font path element /usr/X11R6/lib/X11/fonts/75dpi/, removing from list!
Could not init font path element /usr/X11R6/lib/X11/fonts/100dpi/, removing from list!
Could not init font path element /usr/share/fonts/X11/75dpi/, removing from list!
Could not init font path element /usr/share/fonts/X11/100dpi/, removing from list!

(x-window-manager:56075): xfwm4-WARNING **: 08:32:32.088: The display does not support the XRender extension.

(x-window-manager:56075): xfwm4-WARNING **: 08:32:32.088: The display does not support the XComposite extension.

(x-window-manager:56075): xfwm4-WARNING **: 08:32:32.088: The display does not support the XDamage extension.

(x-window-manager:56075): xfwm4-WARNING **: 08:32:32.088: The display does not support the XFixes extension.

(x-window-manager:56075): xfwm4-WARNING **: 08:32:32.088: Compositing manager disabled.
Failed to connect to session manager: Failed to connect to the session manager: SESSION_MANAGER environment variable not defined
xfwm4-Message: 08:32:32.177: Unsupported keyboard modifier '<Super>Tab'
xfwm4-Message: 08:32:32.207: Unsupported keyboard modifier '<Super>Tab'

(x-window-manager:56075): xfwm4-WARNING **: 08:32:32.216: Failed to connect to session manager: Failed to connect to the session manager: SESSION_MANAGER environment variable not defined

Fri Sep 13 08:32:38 2019
 Connections: accepted: 0.0.0.0::50207
 SConnection: Client needs protocol version 3.8
 SConnection: Client requests security type VncAuth(2)

Fri Sep 13 08:32:57 2019
 SConnection: AuthFailureException: Authentication failure
 Connections: closed: 0.0.0.0::50207 (Authentication failure)

Fri Sep 13 08:33:34 2019
 Connections: accepted: 0.0.0.0::50211
 SConnection: Client needs protocol version 3.8
 SConnection: Client requests security type VncAuth(2)

Fri Sep 13 08:34:53 2019
 Connections: closed: 0.0.0.0::50211 (read: Connection reset by peer (104))

Fri Sep 13 08:43:54 2019
 Connections: accepted: 0.0.0.0::50230
 SConnection: Client needs protocol version 3.8
 SConnection: Client requests security type VncAuth(2)

Fri Sep 13 08:44:06 2019
 VNCSConnST:  Server default pixel format depth 16 (16bpp) little-endian rgb565
 VNCSConnST:  Client pixel format depth 16 (16bpp) little-endian rgb565

Fri Sep 13 09:37:52 2019
 Connections: closed: 0.0.0.0::50230 (Clean disconnection)
 SMsgWriter:  framebuffer updates 6740
 SMsgWriter:    copyRect rects 3966, bytes 63456
 SMsgWriter:    hextile rects 24035, bytes 84128741
 SMsgWriter:    raw bytes equivalent 693069256, compression ratio 8.238198
x-window-manager: Fatal IO error 4 (Interrupted system call) on X server :33.
