
Xvnc Free Edition 4.1.1 - built Feb 25 2015 23:02:21
Copyright (C) 2002-2005 RealVNC Ltd.
See http://www.realvnc.com for information on VNC.
Underlying X server release 40300000, The XFree86 Project, Inc


Fri Sep 27 11:29:25 2019
 vncext:      VNC extension running!
 vncext:      Listening for VNC connections on port 5928
 vncext:      created VNC server for screen 0
error opening security policy file /etc/X11/xserver/SecurityPolicy
Could not init font path element /usr/X11R6/lib/X11/fonts/Type1/, removing from list!
Could not init font path element /usr/X11R6/lib/X11/fonts/Speedo/, removing from list!
Could not init font path element /usr/X11R6/lib/X11/fonts/misc/, removing from list!
Could not init font path element /usr/X11R6/lib/X11/fonts/75dpi/, removing from list!
Could not init font path element /usr/X11R6/lib/X11/fonts/100dpi/, removing from list!
Could not init font path element /usr/share/fonts/X11/75dpi/, removing from list!
Could not init font path element /usr/share/fonts/X11/100dpi/, removing from list!

(x-window-manager:38871): xfwm4-WARNING **: 11:29:28.628: The display does not support the XRender extension.

(x-window-manager:38871): xfwm4-WARNING **: 11:29:28.629: The display does not support the XComposite extension.

(x-window-manager:38871): xfwm4-WARNING **: 11:29:28.629: The display does not support the XDamage extension.

(x-window-manager:38871): xfwm4-WARNING **: 11:29:28.629: The display does not support the XFixes extension.

(x-window-manager:38871): xfwm4-WARNING **: 11:29:28.629: Compositing manager disabled.
Failed to connect to session manager: Failed to connect to the session manager: SESSION_MANAGER environment variable not defined
xfwm4-Message: 11:29:28.747: Unsupported keyboard modifier '<Super>Tab'

(x-window-manager:38871): xfwm4-WARNING **: 11:29:28.753: Failed to connect to session manager: Failed to connect to the session manager: SESSION_MANAGER environment variable not defined

Fri Sep 27 11:29:46 2019
 Connections: accepted: 0.0.0.0::50283
 SConnection: Client needs protocol version 3.8
 SConnection: Client requests security type VncAuth(2)

Fri Sep 27 11:29:56 2019
 VNCSConnST:  Server default pixel format depth 16 (16bpp) little-endian rgb565
 VNCSConnST:  Client pixel format depth 16 (16bpp) little-endian rgb565

Fri Sep 27 11:33:22 2019
 XserverDesktop: Added unknown keysym 0x6fa to keycode 255
xfwm4-Message: 11:33:22.453: Unsupported keyboard modifier '<Super>Tab'

Fri Sep 27 11:33:23 2019
 XserverDesktop: Added unknown keysym 0x6c1 to keycode 254
xfwm4-Message: 11:33:23.830: Unsupported keyboard modifier '<Super>Tab'

Fri Sep 27 11:33:27 2019
 XserverDesktop: Added unknown keysym 0x6c4 to keycode 253
xfwm4-Message: 11:33:27.565: Unsupported keyboard modifier '<Super>Tab'
 XserverDesktop: Added unknown keysym 0x6ce to keycode 252
 XserverDesktop: Added unknown keysym 0x6c9 to keycode 251

Fri Sep 27 11:33:28 2019
 XserverDesktop: Added unknown keysym 0x6c5 to keycode 250
xfwm4-Message: 11:33:28.406: Unsupported keyboard modifier '<Super>Tab'

Fri Sep 27 11:36:19 2019
 XserverDesktop: Added unknown keysym 0x1002116 to keycode 249
xfwm4-Message: 11:36:19.795: Unsupported keyboard modifier '<Super>Tab'

Fri Sep 27 11:37:32 2019
 XserverDesktop: Added unknown keysym 0x6e8 to keycode 248
xfwm4-Message: 11:37:33.162: Unsupported keyboard modifier '<Super>Tab'

Fri Sep 27 11:37:36 2019
 XserverDesktop: Added unknown keysym 0x6db to keycode 247
xfwm4-Message: 11:37:36.643: Unsupported keyboard modifier '<Super>Tab'
 XserverDesktop: Added unknown keysym 0x6d4 to keycode 246
xfwm4-Message: 11:37:37.242: Unsupported keyboard modifier '<Super>Tab'

Fri Sep 27 11:38:54 2019
 XserverDesktop: Added unknown keysym 0x6f7 to keycode 245
xfwm4-Message: 11:38:54.289: Unsupported keyboard modifier '<Super>Tab'

Fri Sep 27 11:38:56 2019
 XserverDesktop: Added unknown keysym 0x6d9 to keycode 244
xfwm4-Message: 11:38:56.906: Unsupported keyboard modifier '<Super>Tab'

Fri Sep 27 11:39:07 2019
 XserverDesktop: Added unknown keysym 0x6cf to keycode 243
 XserverDesktop: Added unknown keysym 0x6cd to keycode 242
xfwm4-Message: 11:39:07.665: Unsupported keyboard modifier '<Super>Tab'
 XserverDesktop: Added unknown keysym 0x6d2 to keycode 241
xfwm4-Message: 11:39:08.009: Unsupported keyboard modifier '<Super>Tab'

Fri Sep 27 11:39:09 2019
 XserverDesktop: Added unknown keysym 0x6d3 to keycode 240
xfwm4-Message: 11:39:09.881: Unsupported keyboard modifier '<Super>Tab'

Fri Sep 27 11:39:10 2019
 XserverDesktop: Added unknown keysym 0x6d1 to keycode 239
xfwm4-Message: 11:39:10.293: Unsupported keyboard modifier '<Super>Tab'
 XserverDesktop: Added unknown keysym 0x6c3 to keycode 238
xfwm4-Message: 11:39:10.882: Unsupported keyboard modifier '<Super>Tab'

Fri Sep 27 11:42:15 2019
 XserverDesktop: Added unknown keysym 0x6d8 to keycode 237
xfwm4-Message: 11:42:15.791: Unsupported keyboard modifier '<Super>Tab'

Fri Sep 27 11:42:37 2019
 XserverDesktop: Added unknown keysym 0xf3 to keycode 236
xfwm4-Message: 11:42:37.263: Unsupported keyboard modifier '<Super>Tab'
AUDIT: Fri Sep 27 11:44:00 2019: 38855 Xvnc4: client 8 rejected from local host
AUDIT: Fri Sep 27 11:44:08 2019: 38855 Xvnc4: client 8 rejected from local host

Fri Sep 27 11:44:44 2019
 Connections: closed: 0.0.0.0::50283 (Clean disconnection)
 SMsgWriter:  framebuffer updates 3043
 SMsgWriter:    copyRect rects 3212, bytes 51392
 SMsgWriter:    hextile rects 11077, bytes 17725206
 SMsgWriter:    raw bytes equivalent 196223086, compression ratio 11.070285

Fri Sep 27 11:44:49 2019
 Connections: accepted: 0.0.0.0::50346
 SConnection: Client needs protocol version 3.8
 SConnection: Client requests security type VncAuth(2)

Fri Sep 27 11:44:58 2019
 SConnection: AuthFailureException: Authentication failure
 Connections: closed: 0.0.0.0::50346 (Authentication failure)

Fri Sep 27 11:45:05 2019
 Connections: accepted: 0.0.0.0::50357
 SConnection: Client needs protocol version 3.8
 SConnection: Client requests security type VncAuth(2)

Fri Sep 27 11:45:21 2019
 VNCSConnST:  Server default pixel format depth 16 (16bpp) little-endian rgb565
 VNCSConnST:  Client pixel format depth 16 (16bpp) little-endian rgb565

Fri Sep 27 11:48:32 2019
 XserverDesktop: Added unknown keysym 0x6ec to keycode 235
xfwm4-Message: 11:48:32.275: Unsupported keyboard modifier '<Super>Tab'

Fri Sep 27 11:59:46 2019
 Connections: accepted: 0.0.0.0::49445
 SConnection: Client needs protocol version 3.8
 SConnection: Client requests security type VncAuth(2)

Fri Sep 27 11:59:53 2019
 VNCSConnST:  Server default pixel format depth 16 (16bpp) little-endian rgb565
 VNCSConnST:  Client pixel format depth 16 (16bpp) little-endian rgb565

Fri Sep 27 12:02:15 2019
 Connections: closed: 0.0.0.0::49445 (Clean disconnection)
 SMsgWriter:  framebuffer updates 532
 SMsgWriter:    hextile rects 1847, bytes 4666011
 SMsgWriter:    raw bytes equivalent 38450288, compression ratio 8.240505

Fri Sep 27 12:04:44 2019
 XserverDesktop: Added unknown keysym 0x6c0 to keycode 234
xfwm4-Message: 12:04:45.158: Unsupported keyboard modifier '<Super>Tab'

Fri Sep 27 12:13:23 2019
 XserverDesktop: Added unknown keysym 0x6e6 to keycode 233
xfwm4-Message: 12:13:23.303: Unsupported keyboard modifier '<Super>Tab'

Fri Sep 27 12:13:43 2019
 XserverDesktop: Added unknown keysym 0x6d0 to keycode 232
xfwm4-Message: 12:13:44.183: Unsupported keyboard modifier '<Super>Tab'

Fri Sep 27 12:13:54 2019
 XserverDesktop: Added unknown keysym 0x6ca to keycode 231
xfwm4-Message: 12:13:54.366: Unsupported keyboard modifier '<Super>Tab'

Fri Sep 27 12:14:21 2019
 XserverDesktop: Added unknown keysym 0x6c7 to keycode 230
xfwm4-Message: 12:14:21.406: Unsupported keyboard modifier '<Super>Tab'

Fri Sep 27 12:14:36 2019
 XserverDesktop: Added unknown keysym 0x6c2 to keycode 229
xfwm4-Message: 12:14:36.963: Unsupported keyboard modifier '<Super>Tab'

Fri Sep 27 12:15:22 2019
 XserverDesktop: Added unknown keysym 0x6cb to keycode 228
xfwm4-Message: 12:15:22.429: Unsupported keyboard modifier '<Super>Tab'

Fri Sep 27 12:19:16 2019
 XserverDesktop: Added unknown keysym 0x6de to keycode 227
xfwm4-Message: 12:19:17.131: Unsupported keyboard modifier '<Super>Tab'

Fri Sep 27 12:46:42 2019
 Connections: closed: 0.0.0.0::50357 (read: Connection reset by peer (104))
 SMsgWriter:  framebuffer updates 14029
 SMsgWriter:    copyRect rects 3611, bytes 57776
 SMsgWriter:    hextile rects 50709, bytes 88212545
 SMsgWriter:    raw bytes equivalent 819176534, compression ratio 9.286395
x-window-manager: Fatal IO error 11 (Resource temporarily unavailable) on X server :28.
