
Xvnc Free Edition 4.1.1 - built Feb 25 2015 23:02:21
Copyright (C) 2002-2005 RealVNC Ltd.
See http://www.realvnc.com for information on VNC.
Underlying X server release 40300000, The XFree86 Project, Inc


Fri Nov  1 11:28:29 2019
 vncext:      VNC extension running!
 vncext:      Listening for VNC connections on port 5926
 vncext:      created VNC server for screen 0
error opening security policy file /etc/X11/xserver/SecurityPolicy
Could not init font path element /usr/X11R6/lib/X11/fonts/Type1/, removing from list!
Could not init font path element /usr/X11R6/lib/X11/fonts/Speedo/, removing from list!
Could not init font path element /usr/X11R6/lib/X11/fonts/misc/, removing from list!
Could not init font path element /usr/X11R6/lib/X11/fonts/75dpi/, removing from list!
Could not init font path element /usr/X11R6/lib/X11/fonts/100dpi/, removing from list!
Could not init font path element /usr/share/fonts/X11/75dpi/, removing from list!
Could not init font path element /usr/share/fonts/X11/100dpi/, removing from list!
xrdb: No such file or directory
xrdb: can't open file '/home/is28/yablokova28/.Xresources'
/usr/bin/startxfce4: X server already running on display :26
gpg-agent[5944]: WARNING: "--write-env-file" is an obsolete option - it has no effect
gpg-agent: a gpg-agent is already running - not starting a new one

(xfce4-session:5929): xfce4-session-WARNING **: 11:28:33.145: gpg-agent returned no PID in the variables

(xfce4-session:5929): xfce4-session-WARNING **: 11:28:33.147: xfsm_manager_load_session: Something wrong with /home/is28/yablokova28/.cache/sessions/xfce4-session-virt-1:26, Does it exist? Permissions issue?

(xfwm4:5948): xfwm4-WARNING **: 11:28:33.196: The display does not support the XRender extension.

(xfwm4:5948): xfwm4-WARNING **: 11:28:33.196: The display does not support the XComposite extension.

(xfwm4:5948): xfwm4-WARNING **: 11:28:33.197: The display does not support the XDamage extension.

(xfwm4:5948): xfwm4-WARNING **: 11:28:33.197: The display does not support the XFixes extension.

(xfwm4:5948): xfwm4-WARNING **: 11:28:33.197: Compositing manager disabled.
xfwm4-Message: 11:28:33.390: Unsupported keyboard modifier '<Super>Tab'

** (light-locker:5957): ERROR **: 11:28:33.529: Environment variable XDG_SESSION_PATH not set. Is LightDM running?

(polkit-gnome-authentication-agent-1:5975): GLib-CRITICAL **: 11:28:33.544: g_variant_new_string: assertion 'string != NULL' failed

(polkit-gnome-authentication-agent-1:5975): polkit-gnome-1-WARNING **: 11:28:33.545: Failed to register client: GDBus.Error:org.freedesktop.DBus.Error.ServiceUnknown: The name org.gnome.SessionManager was not provided by any .service files
(uint32 1,)

(xfsettingsd:5960): xfsettingsd-CRITICAL **: 11:28:35.266: RANDR extension is too old, version 1.1. Display settings won't be applied.
Xlib:  extension "XInputExtension" missing on display ":26.0".

(xfsettingsd:5960): xfsettingsd-CRITICAL **: 11:28:35.267: XI is not present.

(xfsettingsd:5960): xfsettingsd-CRITICAL **: 11:28:35.267: Failed to initialize the Xkb extension.

(xfsettingsd:5960): xfsettingsd-CRITICAL **: 11:28:35.267: Failed to initialize the Accessibility extension.

(xfsettingsd:5960): GLib-CRITICAL **: 11:28:35.269: g_str_has_prefix: assertion 'prefix != NULL' failed

(xfsettingsd:5960): GLib-GObject-CRITICAL **: 11:28:35.271: g_value_get_string: assertion 'G_VALUE_HOLDS_STRING (value)' failed

(xfsettingsd:5960): GLib-GObject-CRITICAL **: 11:28:35.276: g_value_get_string: assertion 'G_VALUE_HOLDS_STRING (value)' failed
xfwm4-Message: 11:28:36.027: Unsupported keyboard modifier '<Super>Tab'

(nm-applet:6102): Gtk-WARNING **: 11:28:36.107: Can't set a parent on widget which has a parent

(nm-applet:6102): Gdk-CRITICAL **: 11:28:36.636: gdk_window_thaw_toplevel_updates: assertion 'window->update_and_descendants_freeze_count > 0' failed
/usr/lib/ubuntu-release-upgrader/check-new-release-gtk:30: PyGIWarning: Gtk was imported without specifying a version first. Use gi.require_version('Gtk', '3.0') before import to ensure that the right version gets loaded.
  from gi.repository import Gtk
WARNING:root:timeout reached, exiting
/usr/lib/python3/dist-packages/blueman/plugins/applet/AppIndicator.py:8: PyGIWarning: AppIndicator3 was imported without specifying a version first. Use gi.require_version('AppIndicator3', '0.1') before import to ensure that the right version gets loaded.
  from gi.repository import AppIndicator3 as girAppIndicator
ERROR:dbus.proxies:Introspect error on org.bluez:/org/bluez: dbus.exceptions.DBusException: org.freedesktop.DBus.Error.AccessDenied: Rejected send message, 2 matched rules; type="method_call", sender=":1.1460" (uid=1290 pid=6088 comm="/usr/bin/python3 /usr/bin/blueman-applet " label="unconfined") interface="org.freedesktop.DBus.Introspectable" member="Introspect" error name="(unset)" requested_reply="0" destination="org.bluez" (bus)
ERROR:dbus.proxies:Introspect error on org.bluez:/: dbus.exceptions.DBusException: org.freedesktop.DBus.Error.AccessDenied: Rejected send message, 2 matched rules; type="method_call", sender=":1.1460" (uid=1290 pid=6088 comm="/usr/bin/python3 /usr/bin/blueman-applet " label="unconfined") interface="org.freedesktop.DBus.Introspectable" member="Introspect" error name="(unset)" requested_reply="0" destination="org.bluez" (bus)
ERROR:dbus.proxies:Introspect error on org.bluez:/: dbus.exceptions.DBusException: org.freedesktop.DBus.Error.AccessDenied: Rejected send message, 2 matched rules; type="method_call", sender=":1.1460" (uid=1290 pid=6088 comm="/usr/bin/python3 /usr/bin/blueman-applet " label="unconfined") interface="org.freedesktop.DBus.Introspectable" member="Introspect" error name="(unset)" requested_reply="0" destination="org.bluez" (bus)

(wrapper-1.0:6141): Gdk-WARNING **: 11:29:02.662: /build/gtk+2.0-AoeliP/gtk+2.0-2.24.32/gdk/x11/gdkdrawable-x11.c:952 drawable is not a pixmap or window

(wrapper-1.0:6141): Gdk-WARNING **: 11:29:02.663: /build/gtk+2.0-AoeliP/gtk+2.0-2.24.32/gdk/x11/gdkdrawable-x11.c:952 drawable is not a pixmap or window

Fri Nov  1 11:29:53 2019
 Connections: accepted: 0.0.0.0::61291
 SConnection: Client needs protocol version 3.8
 SConnection: Client requests security type VncAuth(2)

Fri Nov  1 11:30:08 2019
 VNCSConnST:  Server default pixel format depth 16 (16bpp) little-endian rgb565
 VNCSConnST:  Client pixel format depth 16 (16bpp) little-endian rgb565

Fri Nov  1 11:33:03 2019
 VNCSConnST:  Client pixel format depth 16 (16bpp) little-endian rgb565

Fri Nov  1 11:34:38 2019
 VNCSConnST:  Client pixel format depth 16 (16bpp) little-endian rgb565

Fri Nov  1 11:35:49 2019
 VNCSConnST:  Client pixel format depth 16 (16bpp) little-endian rgb565

Fri Nov  1 11:36:57 2019
 VNCSConnST:  Client pixel format depth 16 (16bpp) little-endian rgb565

Fri Nov  1 11:38:02 2019
 VNCSConnST:  Client pixel format depth 16 (16bpp) little-endian rgb565

Fri Nov  1 11:39:41 2019
 VNCSConnST:  Client pixel format depth 16 (16bpp) little-endian rgb565
