
Xvnc Free Edition 4.1.1 - built Feb 25 2015 23:02:21
Copyright (C) 2002-2005 RealVNC Ltd.
See http://www.realvnc.com for information on VNC.
Underlying X server release 40300000, The XFree86 Project, Inc


Fri Dec  6 11:29:38 2019
 vncext:      VNC extension running!
 vncext:      Listening for VNC connections on port 5914
 vncext:      created VNC server for screen 0
error opening security policy file /etc/X11/xserver/SecurityPolicy
Could not init font path element /usr/X11R6/lib/X11/fonts/Type1/, removing from list!
Could not init font path element /usr/X11R6/lib/X11/fonts/Speedo/, removing from list!
Could not init font path element /usr/X11R6/lib/X11/fonts/misc/, removing from list!
Could not init font path element /usr/X11R6/lib/X11/fonts/75dpi/, removing from list!
Could not init font path element /usr/X11R6/lib/X11/fonts/100dpi/, removing from list!
Could not init font path element /usr/share/fonts/X11/75dpi/, removing from list!
Could not init font path element /usr/share/fonts/X11/100dpi/, removing from list!
xrdb: No such file or directory
xrdb: can't open file '/home/is28/yablokova28/.Xresources'
/usr/bin/startxfce4: X server already running on display :14
gpg-agent[25906]: WARNING: "--write-env-file" is an obsolete option - it has no effect
gpg-agent: a gpg-agent is already running - not starting a new one

(xfce4-session:25899): xfce4-session-WARNING **: 11:29:41.260: gpg-agent returned no PID in the variables

(xfce4-session:25899): xfce4-session-WARNING **: 11:29:41.267: xfsm_manager_load_session: Something wrong with /home/is28/yablokova28/.cache/sessions/xfce4-session-virt-1:14, Does it exist? Permissions issue?

(xfwm4:25909): xfwm4-WARNING **: 11:29:41.293: The display does not support the XRender extension.

(xfwm4:25909): xfwm4-WARNING **: 11:29:41.293: The display does not support the XComposite extension.

(xfwm4:25909): xfwm4-WARNING **: 11:29:41.293: The display does not support the XDamage extension.

(xfwm4:25909): xfwm4-WARNING **: 11:29:41.293: The display does not support the XFixes extension.

(xfwm4:25909): xfwm4-WARNING **: 11:29:41.293: Compositing manager disabled.
(uint32 2,)
xfwm4-Message: 11:29:41.363: Unsupported keyboard modifier '<Super>Tab'

(xfsettingsd:25920): xfsettingsd-CRITICAL **: 11:29:41.379: RANDR extension is too old, version 1.1. Display settings won't be applied.
Xlib:  extension "XInputExtension" missing on display ":14.0".

(xfsettingsd:25920): xfsettingsd-CRITICAL **: 11:29:41.380: XI is not present.

(xfsettingsd:25920): xfsettingsd-CRITICAL **: 11:29:41.380: Failed to initialize the Xkb extension.

(xfsettingsd:25920): xfsettingsd-CRITICAL **: 11:29:41.381: Failed to initialize the Accessibility extension.
xfwm4-Message: 11:29:41.413: Unsupported keyboard modifier '<Super>Tab'

** (light-locker:25918): ERROR **: 11:29:41.640: Environment variable XDG_SESSION_PATH not set. Is LightDM running?

(polkit-gnome-authentication-agent-1:25921): GLib-CRITICAL **: 11:29:41.694: g_variant_new_string: assertion 'string != NULL' failed

(polkit-gnome-authentication-agent-1:25921): polkit-gnome-1-WARNING **: 11:29:41.698: Failed to register client: GDBus.Error:org.freedesktop.DBus.Error.ServiceUnknown: The name org.gnome.SessionManager was not provided by any .service files

(nm-applet:25968): Gtk-WARNING **: 11:29:42.224: Can't set a parent on widget which has a parent

(nm-applet:25968): Gdk-CRITICAL **: 11:29:42.371: gdk_window_thaw_toplevel_updates: assertion 'window->update_and_descendants_freeze_count > 0' failed

(tracker-miner-apps:25952): Tracker-CRITICAL **: 11:29:42.389: Could not request DBus name 'org.freedesktop.Tracker1.Miner.Applications': D-Bus service name:'org.freedesktop.Tracker1.Miner.Applications' is already taken, perhaps the application is already running?

(tracker-miner-fs:25923): Tracker-CRITICAL **: 11:29:42.412: Could not request DBus name 'org.freedesktop.Tracker1.Miner.Files': D-Bus service name:'org.freedesktop.Tracker1.Miner.Files' is already taken, perhaps the application is already running?

(tracker-extract:25932): Tracker-CRITICAL **: 11:29:42.466: Could not request DBus name 'org.freedesktop.Tracker1.Miner.Extract': D-Bus service name:'org.freedesktop.Tracker1.Miner.Extract' is already taken, perhaps the application is already running?

Fri Dec  6 11:30:01 2019
 Connections: accepted: 0.0.0.0::50081
 SConnection: Client needs protocol version 3.8
 SConnection: Client requests security type VncAuth(2)

Fri Dec  6 11:30:05 2019
 VNCSConnST:  Server default pixel format depth 16 (16bpp) little-endian rgb565
 VNCSConnST:  Client pixel format depth 16 (16bpp) little-endian rgb565
/usr/lib/python3/dist-packages/blueman/plugins/applet/AppIndicator.py:8: PyGIWarning: AppIndicator3 was imported without specifying a version first. Use gi.require_version('AppIndicator3', '0.1') before import to ensure that the right version gets loaded.
  from gi.repository import AppIndicator3 as girAppIndicator
ERROR:dbus.proxies:Introspect error on org.bluez:/org/bluez: dbus.exceptions.DBusException: org.freedesktop.DBus.Error.AccessDenied: Rejected send message, 2 matched rules; type="method_call", sender=":1.12897" (uid=1290 pid=25958 comm="/usr/bin/python3 /usr/bin/blueman-applet " label="unconfined") interface="org.freedesktop.DBus.Introspectable" member="Introspect" error name="(unset)" requested_reply="0" destination="org.bluez" (bus)
ERROR:dbus.proxies:Introspect error on org.bluez:/: dbus.exceptions.DBusException: org.freedesktop.DBus.Error.AccessDenied: Rejected send message, 2 matched rules; type="method_call", sender=":1.12897" (uid=1290 pid=25958 comm="/usr/bin/python3 /usr/bin/blueman-applet " label="unconfined") interface="org.freedesktop.DBus.Introspectable" member="Introspect" error name="(unset)" requested_reply="0" destination="org.bluez" (bus)
ERROR:dbus.proxies:Introspect error on org.bluez:/: dbus.exceptions.DBusException: org.freedesktop.DBus.Error.AccessDenied: Rejected send message, 2 matched rules; type="method_call", sender=":1.12897" (uid=1290 pid=25958 comm="/usr/bin/python3 /usr/bin/blueman-applet " label="unconfined") interface="org.freedesktop.DBus.Introspectable" member="Introspect" error name="(unset)" requested_reply="0" destination="org.bluez" (bus)

(wrapper-1.0:25998): Gdk-WARNING **: 11:30:07.098: /build/gtk+2.0-AoeliP/gtk+2.0-2.24.32/gdk/x11/gdkdrawable-x11.c:952 drawable is not a pixmap or window

(wrapper-1.0:25998): Gdk-WARNING **: 11:30:07.098: /build/gtk+2.0-AoeliP/gtk+2.0-2.24.32/gdk/x11/gdkdrawable-x11.c:952 drawable is not a pixmap or window

(Thunar:25915): Gdk-WARNING **: 11:30:16.106: gdk_window_set_icon_list: icons too large
/usr/lib/ubuntu-release-upgrader/check-new-release-gtk:30: PyGIWarning: Gtk was imported without specifying a version first. Use gi.require_version('Gtk', '3.0') before import to ensure that the right version gets loaded.
  from gi.repository import Gtk
WARNING:root:timeout reached, exiting

Fri Dec  6 12:08:39 2019
 VNCSConnST:  Client pixel format depth 16 (16bpp) little-endian rgb565

Fri Dec  6 12:10:05 2019
 VNCSConnST:  Client pixel format depth 16 (16bpp) little-endian rgb565

Fri Dec  6 12:11:05 2019
 VNCSConnST:  Client pixel format depth 16 (16bpp) little-endian rgb565

Fri Dec  6 12:12:07 2019
 VNCSConnST:  Client pixel format depth 16 (16bpp) little-endian rgb565

Fri Dec  6 12:13:08 2019
 Connections: accepted: 0.0.0.0::55169
 SConnection: Client needs protocol version 3.8
 SConnection: Client requests security type VncAuth(2)

Fri Dec  6 12:13:13 2019
 VNCSConnST:  Server default pixel format depth 16 (16bpp) little-endian rgb565
 VNCSConnST:  Client pixel format depth 16 (16bpp) little-endian rgb565

Fri Dec  6 12:22:28 2019
 Connections: closed: 0.0.0.0::55169 (Clean disconnection)
 SMsgWriter:  framebuffer updates 1334
 SMsgWriter:    copyRect rects 115, bytes 1840
 SMsgWriter:    hextile rects 29548, bytes 42714150
 SMsgWriter:    raw bytes equivalent 179367792, compression ratio 4.199259

(Thunar:25915): Gdk-WARNING **: 12:27:10.270: gdk_window_set_icon_list: icons too large
Xlib:  extension "XINERAMA" missing on display ":14.0".
func=xmlSecCheckVersionExt:file=xmlsec.c:line=188:obj=unknown:subj=unknown:error=19:invalid version:mode=abi compatible;expected minor version=2;real minor version=2;expected subminor version=25;real subminor version=26

(gedit:34307): Gtk-WARNING **: 12:34:48.345: Calling org.xfce.Session.Manager.Inhibit failed: GDBus.Error:org.freedesktop.DBus.Error.UnknownMethod: Method "Inhibit" with signature "susu" on interface "org.xfce.Session.Manager" doesn't exist


Fri Dec  6 12:42:11 2019
 XserverDesktop: Added unknown keysym 0x6d7 to keycode 255
xfwm4-Message: 12:42:12.164: Unsupported keyboard modifier '<Super>Tab'

Fri Dec  6 12:42:12 2019
 XserverDesktop: Added unknown keysym 0x6cf to keycode 254
xfwm4-Message: 12:42:12.660: Unsupported keyboard modifier '<Super>Tab'
 XserverDesktop: Added unknown keysym 0x6c4 to keycode 253
xfwm4-Message: 12:42:12.956: Unsupported keyboard modifier '<Super>Tab'

Fri Dec  6 12:42:13 2019
 XserverDesktop: Added unknown keysym 0x6c9 to keycode 252
 XserverDesktop: Added unknown keysym 0x6cd to keycode 251
 XserverDesktop: Added unknown keysym 0x6c5 to keycode 250
 XserverDesktop: Added unknown keysym 0x6ce to keycode 249
xfwm4-Message: 12:42:13.932: Unsupported keyboard modifier '<Super>Tab'

Fri Dec  6 12:42:14 2019
 XserverDesktop: Added unknown keysym 0x6c6 to keycode 248
 XserverDesktop: Added unknown keysym 0x6c1 to keycode 247
 XserverDesktop: Added unknown keysym 0x6ca to keycode 246
 XserverDesktop: Added unknown keysym 0x6cc to keycode 245
xfwm4-Message: 12:42:14.948: Unsupported keyboard modifier '<Super>Tab'

Fri Dec  6 12:42:25 2019
 XserverDesktop: Added unknown keysym 0x6d8 to keycode 244
xfwm4-Message: 12:42:25.940: Unsupported keyboard modifier '<Super>Tab'

Fri Dec  6 12:47:07 2019
 Connections: closed: 0.0.0.0::50081 (read: Connection reset by peer (104))
 SMsgWriter:  framebuffer updates 17742
 SMsgWriter:    copyRect rects 3048, bytes 48768
 SMsgWriter:    hextile rects 10252, bytes 33714619
 SMsgWriter:    ZRLE rects 59111, bytes 32300126
 SMsgWriter:    raw bytes equivalent 931898846, compression ratio 14.116526
xfwm4: Fatal IO error 11 (Resource temporarily unavailable) on X server :14.0.

(xfdesktop:25917): libxfce4ui-WARNING **: 11:06:16.691: ICE I/O Error

(xfdesktop:25917): libxfce4ui-WARNING **: 11:06:16.691: Disconnected from session manager.
xfdesktop: Fatal IO error 11 (Resource temporarily unavailable) on X server :14.0.
