
Xvnc Free Edition 4.1.1 - built Feb 25 2015 23:02:21
Copyright (C) 2002-2005 RealVNC Ltd.
See http://www.realvnc.com for information on VNC.
Underlying X server release 40300000, The XFree86 Project, Inc


Fri Nov  8 11:25:52 2019
 vncext:      VNC extension running!
 vncext:      Listening for VNC connections on port 5923
 vncext:      created VNC server for screen 0
error opening security policy file /etc/X11/xserver/SecurityPolicy
Could not init font path element /usr/X11R6/lib/X11/fonts/Type1/, removing from list!
Could not init font path element /usr/X11R6/lib/X11/fonts/Speedo/, removing from list!
Could not init font path element /usr/X11R6/lib/X11/fonts/misc/, removing from list!
Could not init font path element /usr/X11R6/lib/X11/fonts/75dpi/, removing from list!
Could not init font path element /usr/X11R6/lib/X11/fonts/100dpi/, removing from list!
Could not init font path element /usr/share/fonts/X11/75dpi/, removing from list!
Could not init font path element /usr/share/fonts/X11/100dpi/, removing from list!
xrdb: No such file or directory
xrdb: can't open file '/home/is28/fedin28/.Xresources'
/usr/bin/startxfce4: X server already running on display :23
gpg-agent[547]: WARNING: "--write-env-file" is an obsolete option - it has no effect
gpg-agent: a gpg-agent is already running - not starting a new one

(xfce4-session:537): xfce4-session-WARNING **: 11:25:55.573: gpg-agent returned no PID in the variables

(xfce4-session:537): xfce4-session-WARNING **: 11:25:55.601: xfsm_manager_load_session: Something wrong with /home/is28/fedin28/.cache/sessions/xfce4-session-virt-1:23, Does it exist? Permissions issue?

(xfwm4:551): xfwm4-WARNING **: 11:25:55.628: The display does not support the XRender extension.

(xfwm4:551): xfwm4-WARNING **: 11:25:55.628: The display does not support the XComposite extension.

(xfwm4:551): xfwm4-WARNING **: 11:25:55.628: The display does not support the XDamage extension.

(xfwm4:551): xfwm4-WARNING **: 11:25:55.628: The display does not support the XFixes extension.

(xfwm4:551): xfwm4-WARNING **: 11:25:55.628: Compositing manager disabled.
(uint32 1,)

(xfsettingsd:561): xfsettingsd-CRITICAL **: 11:25:55.725: RANDR extension is too old, version 1.1. Display settings won't be applied.
Xlib:  extension "XInputExtension" missing on display ":23.0".

(xfsettingsd:561): xfsettingsd-CRITICAL **: 11:25:55.729: XI is not present.

(xfsettingsd:561): xfsettingsd-CRITICAL **: 11:25:55.730: Failed to initialize the Xkb extension.

(xfsettingsd:561): xfsettingsd-CRITICAL **: 11:25:55.730: Failed to initialize the Accessibility extension.

** (light-locker:562): ERROR **: 11:25:55.773: Environment variable XDG_SESSION_PATH not set. Is LightDM running?

(polkit-gnome-authentication-agent-1:564): GLib-CRITICAL **: 11:25:55.799: g_variant_new_string: assertion 'string != NULL' failed

(polkit-gnome-authentication-agent-1:564): polkit-gnome-1-WARNING **: 11:25:55.800: Failed to register client: GDBus.Error:org.freedesktop.DBus.Error.ServiceUnknown: The name org.gnome.SessionManager was not provided by any .service files

(xfsettingsd:561): xfsettingsd-WARNING **: 11:25:55.827: Failed to get the _NET_NUMBER_OF_DESKTOPS property.
xfwm4-Message: 11:25:55.874: Unsupported keyboard modifier '<Super>Tab'
xfwm4-Message: 11:25:55.983: Unsupported keyboard modifier '<Super>Tab'

(nm-applet:615): Gtk-WARNING **: 11:25:56.376: Can't set a parent on widget which has a parent

(nm-applet:615): Gdk-CRITICAL **: 11:25:56.528: gdk_window_thaw_toplevel_updates: assertion 'window->update_and_descendants_freeze_count > 0' failed
/usr/lib/python3/dist-packages/blueman/plugins/applet/AppIndicator.py:8: PyGIWarning: AppIndicator3 was imported without specifying a version first. Use gi.require_version('AppIndicator3', '0.1') before import to ensure that the right version gets loaded.
  from gi.repository import AppIndicator3 as girAppIndicator
ERROR:dbus.proxies:Introspect error on org.bluez:/org/bluez: dbus.exceptions.DBusException: org.freedesktop.DBus.Error.AccessDenied: Rejected send message, 2 matched rules; type="method_call", sender=":1.2978" (uid=1285 pid=601 comm="/usr/bin/python3 /usr/bin/blueman-applet " label="unconfined") interface="org.freedesktop.DBus.Introspectable" member="Introspect" error name="(unset)" requested_reply="0" destination="org.bluez" (bus)
ERROR:dbus.proxies:Introspect error on org.bluez:/: dbus.exceptions.DBusException: org.freedesktop.DBus.Error.AccessDenied: Rejected send message, 2 matched rules; type="method_call", sender=":1.2978" (uid=1285 pid=601 comm="/usr/bin/python3 /usr/bin/blueman-applet " label="unconfined") interface="org.freedesktop.DBus.Introspectable" member="Introspect" error name="(unset)" requested_reply="0" destination="org.bluez" (bus)
ERROR:dbus.proxies:Introspect error on org.bluez:/: dbus.exceptions.DBusException: org.freedesktop.DBus.Error.AccessDenied: Rejected send message, 2 matched rules; type="method_call", sender=":1.2978" (uid=1285 pid=601 comm="/usr/bin/python3 /usr/bin/blueman-applet " label="unconfined") interface="org.freedesktop.DBus.Introspectable" member="Introspect" error name="(unset)" requested_reply="0" destination="org.bluez" (bus)

(wrapper-1.0:717): Gdk-WARNING **: 11:26:21.258: /build/gtk+2.0-AoeliP/gtk+2.0-2.24.32/gdk/x11/gdkdrawable-x11.c:952 drawable is not a pixmap or window

(wrapper-1.0:717): Gdk-WARNING **: 11:26:21.259: /build/gtk+2.0-AoeliP/gtk+2.0-2.24.32/gdk/x11/gdkdrawable-x11.c:952 drawable is not a pixmap or window
xfwm4: Fatal IO error 11 (Resource temporarily unavailable) on X server :23.0.

Received signal:15->'Terminated'
xfce4-panel: Fatal IO error 4 (Interrupted system call) on X server :23.0.

(xfdesktop:560): libxfce4ui-WARNING **: 11:32:24.946: ICE I/O Error

(xfdesktop:560): libxfce4ui-WARNING **: 11:32:24.946: Disconnected from session manager.
xfdesktop: Fatal IO error 11 (Resource temporarily unavailable) on X server :23.0.
wrapper-1.0: Fatal IO error 11 (Resource temporarily unavailable) on X server :23.0.
Gdk-Message: 11:32:24.950: apport-gtk: Fatal IO error 11 (Resource temporarily unavailable) on X server :23.0.

wrapper-1.0: Fatal IO error 11 (Resource temporarily unavailable) on X server :23.0.

(xfsettingsd:561): libxfce4ui-WARNING **: 11:32:24.953: ICE I/O Error

(xfsettingsd:561): libxfce4ui-WARNING **: 11:32:24.953: Disconnected from session manager.
xfsettingsd: Fatal IO error 25 (Inappropriate ioctl for device) on X server :23.0.
Gdk-Message: 11:32:24.963: evolution-alarm-notify: Fatal IO error 11 (Resource temporarily unavailable) on X server :23.0.


Received signal:15->'Terminated'

Received signal:15->'Terminated'

OK


(tracker-miner-fs:569): GLib-GIO-CRITICAL **: 11:32:25.017: Error while sending AddMatch() message: The connection is closed

(tracker-miner-fs:569): GLib-GIO-CRITICAL **: 11:32:25.017: Error while sending AddMatch() message: The connection is closed

(tracker-miner-fs:569): GLib-GIO-CRITICAL **: 11:32:25.017: Error while sending AddMatch() message: The connection is closed

OK

