
Xvnc Free Edition 4.1.1 - built Feb 25 2015 23:02:21
Copyright (C) 2002-2005 RealVNC Ltd.
See http://www.realvnc.com for information on VNC.
Underlying X server release 40300000, The XFree86 Project, Inc


Fri Sep 13 09:26:06 2019
 vncext:      VNC extension running!
 vncext:      Listening for VNC connections on port 5962
 vncext:      created VNC server for screen 0
error opening security policy file /etc/X11/xserver/SecurityPolicy
Could not init font path element /usr/X11R6/lib/X11/fonts/Type1/, removing from list!
Could not init font path element /usr/X11R6/lib/X11/fonts/Speedo/, removing from list!
Could not init font path element /usr/X11R6/lib/X11/fonts/misc/, removing from list!
Could not init font path element /usr/X11R6/lib/X11/fonts/75dpi/, removing from list!
Could not init font path element /usr/X11R6/lib/X11/fonts/100dpi/, removing from list!
Could not init font path element /usr/share/fonts/X11/75dpi/, removing from list!
Could not init font path element /usr/share/fonts/X11/100dpi/, removing from list!

(x-window-manager:2313): xfwm4-WARNING **: 09:26:09.487: The display does not support the XRender extension.

(x-window-manager:2313): xfwm4-WARNING **: 09:26:09.488: The display does not support the XComposite extension.

(x-window-manager:2313): xfwm4-WARNING **: 09:26:09.488: The display does not support the XDamage extension.

(x-window-manager:2313): xfwm4-WARNING **: 09:26:09.488: The display does not support the XFixes extension.

(x-window-manager:2313): xfwm4-WARNING **: 09:26:09.488: Compositing manager disabled.
Failed to connect to session manager: Failed to connect to the session manager: SESSION_MANAGER environment variable not defined
xfwm4-Message: 09:26:09.521: Unsupported keyboard modifier '<Super>Tab'

(x-window-manager:2313): xfwm4-WARNING **: 09:26:09.527: Failed to connect to session manager: Failed to connect to the session manager: SESSION_MANAGER environment variable not defined

Fri Sep 13 09:26:18 2019
 Connections: accepted: 0.0.0.0::50402
 SConnection: Client needs protocol version 3.8
 SConnection: Client requests security type VncAuth(2)

Fri Sep 13 09:26:32 2019
 VNCSConnST:  Server default pixel format depth 16 (16bpp) little-endian rgb565
 VNCSConnST:  Client pixel format depth 16 (16bpp) little-endian rgb565

Fri Sep 13 09:28:39 2019
 XserverDesktop: Added unknown keysym 0x6d7 to keycode 255
xfwm4-Message: 09:28:39.275: Unsupported keyboard modifier '<Super>Tab'

Fri Sep 13 09:28:41 2019
 XserverDesktop: Added unknown keysym 0x6c5 to keycode 254
xfwm4-Message: 09:28:41.435: Unsupported keyboard modifier '<Super>Tab'
 XserverDesktop: Added unknown keysym 0x6c4 to keycode 253
 XserverDesktop: Added unknown keysym 0x6c9 to keycode 252
 XserverDesktop: Added unknown keysym 0x6d4 to keycode 251
xfwm4-Message: 09:28:42.027: Unsupported keyboard modifier '<Super>Tab'

Fri Sep 13 09:28:45 2019
 XserverDesktop: Added unknown keysym 0x6de to keycode 250
xfwm4-Message: 09:28:45.667: Unsupported keyboard modifier '<Super>Tab'
 XserverDesktop: Added unknown keysym 0x6d3 to keycode 249
xfwm4-Message: 09:28:46.059: Unsupported keyboard modifier '<Super>Tab'

Fri Sep 13 09:28:47 2019
 XserverDesktop: Added unknown keysym 0x6cc to keycode 248
 XserverDesktop: Added unknown keysym 0x6cf to keycode 247
xfwm4-Message: 09:28:48.107: Unsupported keyboard modifier '<Super>Tab'

Fri Sep 13 09:29:18 2019
 XserverDesktop: Added unknown keysym 0x6d2 to keycode 246
xfwm4-Message: 09:29:19.091: Unsupported keyboard modifier '<Super>Tab'

Fri Sep 13 09:29:19 2019
 XserverDesktop: Added unknown keysym 0x6c2 to keycode 245
xfwm4-Message: 09:29:19.451: Unsupported keyboard modifier '<Super>Tab'
 XserverDesktop: Added unknown keysym 0x6ce to keycode 244
xfwm4-Message: 09:29:19.771: Unsupported keyboard modifier '<Super>Tab'

Fri Sep 13 09:29:52 2019
 XserverDesktop: Added unknown keysym 0x6da to keycode 243

Fri Sep 13 09:29:53 2019
 XserverDesktop: Added unknown keysym 0x6cb to keycode 242
xfwm4-Message: 09:29:53.282: Unsupported keyboard modifier '<Super>Tab'
 XserverDesktop: Added unknown keysym 0x6db to keycode 241
xfwm4-Message: 09:29:53.738: Unsupported keyboard modifier '<Super>Tab'

Fri Sep 13 09:30:03 2019
 XserverDesktop: Added unknown keysym 0x6e3 to keycode 240
xfwm4-Message: 09:30:03.586: Unsupported keyboard modifier '<Super>Tab'

Fri Sep 13 09:30:04 2019
 XserverDesktop: Added unknown keysym 0x6c1 to keycode 239
xfwm4-Message: 09:30:04.322: Unsupported keyboard modifier '<Super>Tab'
 XserverDesktop: Added unknown keysym 0x6d1 to keycode 238
xfwm4-Message: 09:30:04.634: Unsupported keyboard modifier '<Super>Tab'

Fri Sep 13 09:30:05 2019
 XserverDesktop: Added unknown keysym 0x6d8 to keycode 237
xfwm4-Message: 09:30:05.658: Unsupported keyboard modifier '<Super>Tab'

Fri Sep 13 09:30:29 2019
 XserverDesktop: Added unknown keysym 0x6c0 to keycode 236
xfwm4-Message: 09:30:29.578: Unsupported keyboard modifier '<Super>Tab'

Fri Sep 13 09:31:42 2019
 XserverDesktop: Added unknown keysym 0x6c7 to keycode 235
xfwm4-Message: 09:31:42.577: Unsupported keyboard modifier '<Super>Tab'

Fri Sep 13 09:39:18 2019
 Connections: closed: 0.0.0.0::50402 (Clean disconnection)
 SMsgWriter:  framebuffer updates 1352
 SMsgWriter:    copyRect rects 120, bytes 1920
 SMsgWriter:    hextile rects 3199, bytes 5359809
 SMsgWriter:    raw bytes equivalent 146129774, compression ratio 27.263989
x-window-manager: Fatal IO error 4 (Interrupted system call) on X server :62.
