
Xvnc Free Edition 4.1.1 - built Feb 25 2015 23:02:21
Copyright (C) 2002-2005 RealVNC Ltd.
See http://www.realvnc.com for information on VNC.
Underlying X server release 40300000, The XFree86 Project, Inc


Fri Sep 13 08:27:39 2019
 vncext:      VNC extension running!
 vncext:      Listening for VNC connections on port 5921
 vncext:      created VNC server for screen 0
error opening security policy file /etc/X11/xserver/SecurityPolicy
Could not init font path element /usr/X11R6/lib/X11/fonts/Type1/, removing from list!
Could not init font path element /usr/X11R6/lib/X11/fonts/Speedo/, removing from list!
Could not init font path element /usr/X11R6/lib/X11/fonts/misc/, removing from list!
Could not init font path element /usr/X11R6/lib/X11/fonts/75dpi/, removing from list!
Could not init font path element /usr/X11R6/lib/X11/fonts/100dpi/, removing from list!
Could not init font path element /usr/share/fonts/X11/75dpi/, removing from list!
Could not init font path element /usr/share/fonts/X11/100dpi/, removing from list!

(x-window-manager:53209): xfwm4-WARNING **: 08:27:42.165: The display does not support the XRender extension.

(x-window-manager:53209): xfwm4-WARNING **: 08:27:42.165: The display does not support the XComposite extension.

(x-window-manager:53209): xfwm4-WARNING **: 08:27:42.165: The display does not support the XDamage extension.

(x-window-manager:53209): xfwm4-WARNING **: 08:27:42.165: The display does not support the XFixes extension.

(x-window-manager:53209): xfwm4-WARNING **: 08:27:42.165: Compositing manager disabled.
xfwm4-Message: 08:27:42.215: Unsupported keyboard modifier '<Super>Tab'
xfwm4-Message: 08:27:42.239: Unsupported keyboard modifier '<Super>Tab'

(x-window-manager:53209): xfwm4-WARNING **: 08:27:42.244: Failed to connect to session manager: Failed to connect to the session manager: SESSION_MANAGER environment variable not defined
Failed to connect to session manager: Failed to connect to the session manager: SESSION_MANAGER environment variable not defined

Fri Sep 13 08:28:33 2019
 Connections: accepted: 0.0.0.0::50245
 SConnection: Client needs protocol version 3.8
 SConnection: Client requests security type VncAuth(2)

Fri Sep 13 08:28:43 2019
 VNCSConnST:  Server default pixel format depth 16 (16bpp) little-endian rgb565
 VNCSConnST:  Client pixel format depth 16 (16bpp) little-endian rgb565

(xfce4-terminal:53208): Gdk-CRITICAL **: 08:30:33.785: gdk_window_get_window_type: assertion 'GDK_IS_WINDOW (window)' failed

Fri Sep 13 08:35:12 2019
 Connections: accepted: 0.0.0.0::50805
 SConnection: Client needs protocol version 3.8
 SConnection: Client requests security type VncAuth(2)

Fri Sep 13 08:35:13 2019
 Connections: closed: 0.0.0.0::50805 (read: Connection reset by peer (104))

Fri Sep 13 08:46:03 2019
 Connections: accepted: 0.0.0.0::50415
 SConnection: Client needs protocol version 3.8
 SConnection: Client requests security type VncAuth(2)

Fri Sep 13 08:46:07 2019
 SConnection: AuthFailureException: Authentication failure
 Connections: closed: 0.0.0.0::50415 (Authentication failure)

Fri Sep 13 09:39:22 2019
 Connections: closed: 0.0.0.0::50245 (Clean disconnection)
 SMsgWriter:  framebuffer updates 1555
 SMsgWriter:    copyRect rects 57, bytes 912
 SMsgWriter:    hextile rects 26038, bytes 61807416
 SMsgWriter:    raw bytes equivalent 842047890, compression ratio 13.623736
x-window-manager: Fatal IO error 4 (Interrupted system call) on X server :21.
