
Xvnc Free Edition 4.1.1 - built Feb 25 2015 23:02:21
Copyright (C) 2002-2005 RealVNC Ltd.
See http://www.realvnc.com for information on VNC.
Underlying X server release 40300000, The XFree86 Project, Inc


Fri Oct 11 11:27:31 2019
 vncext:      VNC extension running!
 vncext:      Listening for VNC connections on port 5936
 vncext:      created VNC server for screen 0
error opening security policy file /etc/X11/xserver/SecurityPolicy
Could not init font path element /usr/X11R6/lib/X11/fonts/Type1/, removing from list!
Could not init font path element /usr/X11R6/lib/X11/fonts/Speedo/, removing from list!
Could not init font path element /usr/X11R6/lib/X11/fonts/misc/, removing from list!
Could not init font path element /usr/X11R6/lib/X11/fonts/75dpi/, removing from list!
Could not init font path element /usr/X11R6/lib/X11/fonts/100dpi/, removing from list!
Could not init font path element /usr/share/fonts/X11/75dpi/, removing from list!
Could not init font path element /usr/share/fonts/X11/100dpi/, removing from list!

(x-window-manager:17722): xfwm4-WARNING **: 11:27:34.230: The display does not support the XRender extension.

(x-window-manager:17722): xfwm4-WARNING **: 11:27:34.230: The display does not support the XComposite extension.

(x-window-manager:17722): xfwm4-WARNING **: 11:27:34.230: The display does not support the XDamage extension.

(x-window-manager:17722): xfwm4-WARNING **: 11:27:34.230: The display does not support the XFixes extension.

(x-window-manager:17722): xfwm4-WARNING **: 11:27:34.230: Compositing manager disabled.
xfwm4-Message: 11:27:34.505: Unsupported keyboard modifier '<Super>Tab'

(x-window-manager:17722): xfwm4-WARNING **: 11:27:34.512: Failed to connect to session manager: Failed to connect to the session manager: SESSION_MANAGER environment variable not defined
Failed to connect to session manager: Failed to connect to the session manager: SESSION_MANAGER environment variable not defined

Fri Oct 11 11:27:45 2019
 Connections: accepted: 0.0.0.0::56371
 SConnection: Client needs protocol version 3.8
 SConnection: Client requests security type VncAuth(2)

Fri Oct 11 11:27:53 2019
 VNCSConnST:  Server default pixel format depth 16 (16bpp) little-endian rgb565
 VNCSConnST:  Client pixel format depth 16 (16bpp) little-endian rgb565

Fri Oct 11 11:36:09 2019
 XserverDesktop: Added unknown keysym 0x6da to keycode 255
xfwm4-Message: 11:36:09.405: Unsupported keyboard modifier '<Super>Tab'
 XserverDesktop: Added unknown keysym 0x6cb to keycode 254
xfwm4-Message: 11:36:09.804: Unsupported keyboard modifier '<Super>Tab'

Fri Oct 11 11:36:10 2019
 XserverDesktop: Added unknown keysym 0x6db to keycode 253
xfwm4-Message: 11:36:10.340: Unsupported keyboard modifier '<Super>Tab'
 XserverDesktop: Added unknown keysym 0x6d4 to keycode 252
xfwm4-Message: 11:36:10.780: Unsupported keyboard modifier '<Super>Tab'

Fri Oct 11 11:52:29 2019
 Connections: closed: 0.0.0.0::56371 (Clean disconnection)
 SMsgWriter:  framebuffer updates 3141
 SMsgWriter:    copyRect rects 2571, bytes 41136
 SMsgWriter:    hextile rects 11088, bytes 20246051
 SMsgWriter:    raw bytes equivalent 289605264, compression ratio 14.304284
x-window-manager: Fatal IO error 4 (Interrupted system call) on X server :36.
