
Xvnc Free Edition 4.1.1 - built Feb 25 2015 23:02:21
Copyright (C) 2002-2005 RealVNC Ltd.
See http://www.realvnc.com for information on VNC.
Underlying X server release 40300000, The XFree86 Project, Inc


Thu Mar  5 09:46:00 2020
 vncext:      VNC extension running!
 vncext:      Listening for VNC connections on port 5911
 vncext:      created VNC server for screen 0
error opening security policy file /etc/X11/xserver/SecurityPolicy
Could not init font path element /usr/X11R6/lib/X11/fonts/Type1/, removing from list!
Could not init font path element /usr/X11R6/lib/X11/fonts/Speedo/, removing from list!
Could not init font path element /usr/X11R6/lib/X11/fonts/misc/, removing from list!
Could not init font path element /usr/X11R6/lib/X11/fonts/75dpi/, removing from list!
Could not init font path element /usr/X11R6/lib/X11/fonts/100dpi/, removing from list!
Could not init font path element /usr/share/fonts/X11/75dpi/, removing from list!
Could not init font path element /usr/share/fonts/X11/100dpi/, removing from list!
xrdb: No such file or directory
xrdb: can't open file '/home/is28/fedin28/.Xresources'
/usr/bin/startxfce4: X server already running on display :11
gpg-agent[10805]: WARNING: "--write-env-file" is an obsolete option - it has no effect
gpg-agent: a gpg-agent is already running - not starting a new one

(xfce4-session:10765): xfce4-session-WARNING **: 09:46:04.017: gpg-agent returned no PID in the variables

(xfce4-session:10765): xfce4-session-WARNING **: 09:46:04.024: xfsm_manager_load_session: Something wrong with /home/is28/fedin28/.cache/sessions/xfce4-session-virt-1:11, Does it exist? Permissions issue?

(xfwm4:10813): xfwm4-WARNING **: 09:46:04.054: The display does not support the XRender extension.

(xfwm4:10813): xfwm4-WARNING **: 09:46:04.054: The display does not support the XComposite extension.

(xfwm4:10813): xfwm4-WARNING **: 09:46:04.054: The display does not support the XDamage extension.

(xfwm4:10813): xfwm4-WARNING **: 09:46:04.054: The display does not support the XFixes extension.

(xfwm4:10813): xfwm4-WARNING **: 09:46:04.054: Compositing manager disabled.

** (light-locker:10828): ERROR **: 09:46:04.102: Environment variable XDG_SESSION_PATH not set. Is LightDM running?
(uint32 1,)

(polkit-gnome-authentication-agent-1:10831): GLib-CRITICAL **: 09:46:04.125: g_variant_new_string: assertion 'string != NULL' failed

(polkit-gnome-authentication-agent-1:10831): polkit-gnome-1-WARNING **: 09:46:04.127: Failed to register client: GDBus.Error:org.freedesktop.DBus.Error.ServiceUnknown: The name org.gnome.SessionManager was not provided by any .service files

(xfsettingsd:10827): xfsettingsd-CRITICAL **: 09:46:04.186: RANDR extension is too old, version 1.1. Display settings won't be applied.
Xlib:  extension "XInputExtension" missing on display ":11.0".

(xfsettingsd:10827): xfsettingsd-CRITICAL **: 09:46:04.186: XI is not present.

(xfsettingsd:10827): xfsettingsd-CRITICAL **: 09:46:04.187: Failed to initialize the Xkb extension.

(xfsettingsd:10827): xfsettingsd-CRITICAL **: 09:46:04.187: Failed to initialize the Accessibility extension.
xfwm4-Message: 09:46:04.241: Unsupported keyboard modifier '<Super>Tab'
xfwm4-Message: 09:46:04.311: Unsupported keyboard modifier '<Super>Tab'

(nm-applet:10910): Gtk-WARNING **: 09:46:04.407: Can't set a parent on widget which has a parent

(nm-applet:10910): Gdk-CRITICAL **: 09:46:04.563: gdk_window_thaw_toplevel_updates: assertion 'window->update_and_descendants_freeze_count > 0' failed

Thu Mar  5 09:46:11 2020
 Connections: accepted: 0.0.0.0::49315
 SConnection: Client needs protocol version 3.8
 SConnection: Client requests security type VncAuth(2)

Thu Mar  5 09:46:18 2020
 VNCSConnST:  Server default pixel format depth 16 (16bpp) little-endian rgb565
 VNCSConnST:  Client pixel format depth 16 (16bpp) little-endian rgb565
/usr/lib/python3/dist-packages/blueman/plugins/applet/AppIndicator.py:8: PyGIWarning: AppIndicator3 was imported without specifying a version first. Use gi.require_version('AppIndicator3', '0.1') before import to ensure that the right version gets loaded.
  from gi.repository import AppIndicator3 as girAppIndicator
ERROR:dbus.proxies:Introspect error on org.bluez:/org/bluez: dbus.exceptions.DBusException: org.freedesktop.DBus.Error.AccessDenied: Rejected send message, 2 matched rules; type="method_call", sender=":1.423" (uid=1285 pid=10897 comm="/usr/bin/python3 /usr/bin/blueman-applet " label="unconfined") interface="org.freedesktop.DBus.Introspectable" member="Introspect" error name="(unset)" requested_reply="0" destination="org.bluez" (bus)
ERROR:dbus.proxies:Introspect error on org.bluez:/: dbus.exceptions.DBusException: org.freedesktop.DBus.Error.AccessDenied: Rejected send message, 2 matched rules; type="method_call", sender=":1.423" (uid=1285 pid=10897 comm="/usr/bin/python3 /usr/bin/blueman-applet " label="unconfined") interface="org.freedesktop.DBus.Introspectable" member="Introspect" error name="(unset)" requested_reply="0" destination="org.bluez" (bus)
ERROR:dbus.proxies:Introspect error on org.bluez:/: dbus.exceptions.DBusException: org.freedesktop.DBus.Error.AccessDenied: Rejected send message, 2 matched rules; type="method_call", sender=":1.423" (uid=1285 pid=10897 comm="/usr/bin/python3 /usr/bin/blueman-applet " label="unconfined") interface="org.freedesktop.DBus.Introspectable" member="Introspect" error name="(unset)" requested_reply="0" destination="org.bluez" (bus)

(wrapper-1.0:10983): Gdk-WARNING **: 09:46:29.731: /build/gtk+2.0-AoeliP/gtk+2.0-2.24.32/gdk/x11/gdkdrawable-x11.c:952 drawable is not a pixmap or window

(gedit:15074): Gtk-WARNING **: 09:52:05.830: Calling org.xfce.Session.Manager.Inhibit failed: GDBus.Error:org.freedesktop.DBus.Error.UnknownMethod: Method "Inhibit" with signature "susu" on interface "org.xfce.Session.Manager" doesn't exist


Thu Mar  5 09:53:29 2020
 XserverDesktop: Added unknown keysym 0x6e2 to keycode 255
xfwm4-Message: 09:53:29.911: Unsupported keyboard modifier '<Super>Tab'

Thu Mar  5 09:53:30 2020
 XserverDesktop: Added unknown keysym 0x6e0 to keycode 254
xfwm4-Message: 09:53:30.863: Unsupported keyboard modifier '<Super>Tab'

Thu Mar  5 10:50:31 2020
 Connections: closed: 0.0.0.0::49315 (Clean disconnection)
 SMsgWriter:  framebuffer updates 3352
 SMsgWriter:    copyRect rects 981, bytes 15696
 SMsgWriter:    hextile rects 207869, bytes 49132290
 SMsgWriter:    raw bytes equivalent 620060018, compression ratio 12.620214
/usr/lib/ubuntu-release-upgrader/check-new-release-gtk:30: PyGIWarning: Gtk was imported without specifying a version first. Use gi.require_version('Gtk', '3.0') before import to ensure that the right version gets loaded.
  from gi.repository import Gtk
WARNING:root:timeout reached, exiting
xfwm4: Fatal IO error 4 (Interrupted system call) on X server :11.0.
xfdesktop: Fatal IO error 11 (Resource temporarily unavailable) on X server :11.0.
