
Xvnc Free Edition 4.1.1 - built Feb 25 2015 23:02:21
Copyright (C) 2002-2005 RealVNC Ltd.
See http://www.realvnc.com for information on VNC.
Underlying X server release 40300000, The XFree86 Project, Inc


Fri Dec 13 11:23:00 2019
 vncext:      VNC extension running!
 vncext:      Listening for VNC connections on port 5910
 vncext:      created VNC server for screen 0
error opening security policy file /etc/X11/xserver/SecurityPolicy
Could not init font path element /usr/X11R6/lib/X11/fonts/Type1/, removing from list!
Could not init font path element /usr/X11R6/lib/X11/fonts/Speedo/, removing from list!
Could not init font path element /usr/X11R6/lib/X11/fonts/misc/, removing from list!
Could not init font path element /usr/X11R6/lib/X11/fonts/75dpi/, removing from list!
Could not init font path element /usr/X11R6/lib/X11/fonts/100dpi/, removing from list!
Could not init font path element /usr/share/fonts/X11/75dpi/, removing from list!
Could not init font path element /usr/share/fonts/X11/100dpi/, removing from list!
xrdb: No such file or directory
xrdb: can't open file '/home/is28/fedin28/.Xresources'
/usr/bin/startxfce4: X server already running on display :10
gpg-agent[18970]: WARNING: "--write-env-file" is an obsolete option - it has no effect
gpg-agent: a gpg-agent is already running - not starting a new one

(xfce4-session:18960): xfce4-session-WARNING **: 11:23:03.926: gpg-agent returned no PID in the variables

(xfce4-session:18960): xfce4-session-WARNING **: 11:23:03.927: xfsm_manager_load_session: Something wrong with /home/is28/fedin28/.cache/sessions/xfce4-session-virt-1:10, Does it exist? Permissions issue?

(xfwm4:18974): xfwm4-WARNING **: 11:23:03.951: The display does not support the XRender extension.

(xfwm4:18974): xfwm4-WARNING **: 11:23:03.951: The display does not support the XComposite extension.

(xfwm4:18974): xfwm4-WARNING **: 11:23:03.951: The display does not support the XDamage extension.

(xfwm4:18974): xfwm4-WARNING **: 11:23:03.951: The display does not support the XFixes extension.

(xfwm4:18974): xfwm4-WARNING **: 11:23:03.951: Compositing manager disabled.
(uint32 1,)

** (light-locker:18983): ERROR **: 11:23:03.991: Environment variable XDG_SESSION_PATH not set. Is LightDM running?

(polkit-gnome-authentication-agent-1:18985): GLib-CRITICAL **: 11:23:04.012: g_variant_new_string: assertion 'string != NULL' failed

(polkit-gnome-authentication-agent-1:18985): polkit-gnome-1-WARNING **: 11:23:04.021: Failed to register client: GDBus.Error:org.freedesktop.DBus.Error.ServiceUnknown: The name org.gnome.SessionManager was not provided by any .service files
xfwm4-Message: 11:23:04.057: Unsupported keyboard modifier '<Super>Tab'

(xfsettingsd:18986): xfsettingsd-CRITICAL **: 11:23:04.100: RANDR extension is too old, version 1.1. Display settings won't be applied.
Xlib:  extension "XInputExtension" missing on display ":10.0".

(xfsettingsd:18986): xfsettingsd-CRITICAL **: 11:23:04.100: XI is not present.

(xfsettingsd:18986): xfsettingsd-CRITICAL **: 11:23:04.100: Failed to initialize the Xkb extension.

(xfsettingsd:18986): xfsettingsd-CRITICAL **: 11:23:04.101: Failed to initialize the Accessibility extension.
xfwm4-Message: 11:23:04.188: Unsupported keyboard modifier '<Super>Tab'

(nm-applet:19100): Gtk-WARNING **: 11:23:04.291: Can't set a parent on widget which has a parent

(nm-applet:19100): Gdk-CRITICAL **: 11:23:04.441: gdk_window_thaw_toplevel_updates: assertion 'window->update_and_descendants_freeze_count > 0' failed

Fri Dec 13 11:23:09 2019
 Connections: accepted: 0.0.0.0::50114
 SConnection: Client needs protocol version 3.8
 SConnection: Client requests security type VncAuth(2)

Fri Dec 13 11:23:16 2019
 VNCSConnST:  Server default pixel format depth 16 (16bpp) little-endian rgb565
 VNCSConnST:  Client pixel format depth 16 (16bpp) little-endian rgb565
/usr/lib/python3/dist-packages/blueman/plugins/applet/AppIndicator.py:8: PyGIWarning: AppIndicator3 was imported without specifying a version first. Use gi.require_version('AppIndicator3', '0.1') before import to ensure that the right version gets loaded.
  from gi.repository import AppIndicator3 as girAppIndicator
ERROR:dbus.proxies:Introspect error on org.bluez:/org/bluez: dbus.exceptions.DBusException: org.freedesktop.DBus.Error.AccessDenied: Rejected send message, 2 matched rules; type="method_call", sender=":1.2188" (uid=1285 pid=19085 comm="/usr/bin/python3 /usr/bin/blueman-applet " label="unconfined") interface="org.freedesktop.DBus.Introspectable" member="Introspect" error name="(unset)" requested_reply="0" destination="org.bluez" (bus)
ERROR:dbus.proxies:Introspect error on org.bluez:/: dbus.exceptions.DBusException: org.freedesktop.DBus.Error.AccessDenied: Rejected send message, 2 matched rules; type="method_call", sender=":1.2188" (uid=1285 pid=19085 comm="/usr/bin/python3 /usr/bin/blueman-applet " label="unconfined") interface="org.freedesktop.DBus.Introspectable" member="Introspect" error name="(unset)" requested_reply="0" destination="org.bluez" (bus)
ERROR:dbus.proxies:Introspect error on org.bluez:/: dbus.exceptions.DBusException: org.freedesktop.DBus.Error.AccessDenied: Rejected send message, 2 matched rules; type="method_call", sender=":1.2188" (uid=1285 pid=19085 comm="/usr/bin/python3 /usr/bin/blueman-applet " label="unconfined") interface="org.freedesktop.DBus.Introspectable" member="Introspect" error name="(unset)" requested_reply="0" destination="org.bluez" (bus)

(wrapper-1.0:19140): Gdk-WARNING **: 11:23:20.573: /build/gtk+2.0-AoeliP/gtk+2.0-2.24.32/gdk/x11/gdkdrawable-x11.c:952 drawable is not a pixmap or window
/usr/lib/ubuntu-release-upgrader/check-new-release-gtk:30: PyGIWarning: Gtk was imported without specifying a version first. Use gi.require_version('Gtk', '3.0') before import to ensure that the right version gets loaded.
  from gi.repository import Gtk
WARNING:root:timeout reached, exiting

Fri Dec 13 12:38:59 2019
 Connections: closed: 0.0.0.0::50114 (Clean disconnection)
 SMsgWriter:  framebuffer updates 18863
 SMsgWriter:    copyRect rects 1846, bytes 29536
 SMsgWriter:    hextile rects 940853, bytes -1831108678
 SMsgWriter:    raw bytes equivalent 379202226, compression ratio -0.207089

(tracker-miner-fs:18988): GLib-GObject-WARNING **: 13:57:39.617: g_object_notify: object class 'UpClient' has no property named 'g-name-owner'

(xfdesktop:18982): libxfce4ui-WARNING **: 13:57:39.775: ICE I/O Error

(xfdesktop:18982): libxfce4ui-WARNING **: 13:57:39.775: Disconnected from session manager.
xfwm4: Fatal IO error 4 (Interrupted system call) on X server :10.0.
xfdesktop: Fatal IO error 25 (Inappropriate ioctl for device) on X server :10.0.
