
Xvnc Free Edition 4.1.1 - built Feb 25 2015 23:02:21
Copyright (C) 2002-2005 RealVNC Ltd.
See http://www.realvnc.com for information on VNC.
Underlying X server release 40300000, The XFree86 Project, Inc


Fri Dec  6 11:47:25 2019
 vncext:      VNC extension running!
 vncext:      Listening for VNC connections on port 5902
 vncext:      created VNC server for screen 0
error opening security policy file /etc/X11/xserver/SecurityPolicy
Could not init font path element /usr/X11R6/lib/X11/fonts/Type1/, removing from list!
Could not init font path element /usr/X11R6/lib/X11/fonts/Speedo/, removing from list!
Could not init font path element /usr/X11R6/lib/X11/fonts/misc/, removing from list!
Could not init font path element /usr/X11R6/lib/X11/fonts/75dpi/, removing from list!
Could not init font path element /usr/X11R6/lib/X11/fonts/100dpi/, removing from list!
Could not init font path element /usr/share/fonts/X11/75dpi/, removing from list!
Could not init font path element /usr/share/fonts/X11/100dpi/, removing from list!
xrdb: No such file or directory
xrdb: can't open file '/home/is28/fedin28/.Xresources'
/usr/bin/startxfce4: X server already running on display :2
gpg-agent[29905]: WARNING: "--write-env-file" is an obsolete option - it has no effect
gpg-agent: a gpg-agent is already running - not starting a new one

(xfce4-session:29894): xfce4-session-WARNING **: 11:47:29.172: gpg-agent returned no PID in the variables

(xfce4-session:29894): xfce4-session-WARNING **: 11:47:29.173: xfsm_manager_load_session: Something wrong with /home/is28/fedin28/.cache/sessions/xfce4-session-virt-1:2, Does it exist? Permissions issue?

(xfwm4:29909): xfwm4-WARNING **: 11:47:29.197: The display does not support the XRender extension.

(xfwm4:29909): xfwm4-WARNING **: 11:47:29.198: The display does not support the XComposite extension.

(xfwm4:29909): xfwm4-WARNING **: 11:47:29.198: The display does not support the XDamage extension.

(xfwm4:29909): xfwm4-WARNING **: 11:47:29.198: The display does not support the XFixes extension.

(xfwm4:29909): xfwm4-WARNING **: 11:47:29.198: Compositing manager disabled.

(xfsettingsd:29920): xfsettingsd-CRITICAL **: 11:47:29.273: RANDR extension is too old, version 1.1. Display settings won't be applied.
Xlib:  extension "XInputExtension" missing on display ":2.0".

(xfsettingsd:29920): xfsettingsd-CRITICAL **: 11:47:29.273: XI is not present.

(xfsettingsd:29920): xfsettingsd-CRITICAL **: 11:47:29.273: Failed to initialize the Xkb extension.

(xfsettingsd:29920): xfsettingsd-CRITICAL **: 11:47:29.274: Failed to initialize the Accessibility extension.
xfwm4-Message: 11:47:29.274: Unsupported keyboard modifier '<Super>Tab'

** (light-locker:29918): ERROR **: 11:47:29.290: Environment variable XDG_SESSION_PATH not set. Is LightDM running?

(polkit-gnome-authentication-agent-1:29921): GLib-CRITICAL **: 11:47:29.311: g_variant_new_string: assertion 'string != NULL' failed

(polkit-gnome-authentication-agent-1:29921): polkit-gnome-1-WARNING **: 11:47:29.313: Failed to register client: GDBus.Error:org.freedesktop.DBus.Error.ServiceUnknown: The name org.gnome.SessionManager was not provided by any .service files
(uint32 1,)
xfwm4-Message: 11:47:29.420: Unsupported keyboard modifier '<Super>Tab'

(nm-applet:29979): Gtk-WARNING **: 11:47:29.764: Can't set a parent on widget which has a parent

(nm-applet:29979): Gdk-CRITICAL **: 11:47:29.915: gdk_window_thaw_toplevel_updates: assertion 'window->update_and_descendants_freeze_count > 0' failed

Fri Dec  6 11:47:34 2019
 Connections: accepted: 0.0.0.0::50234
 SConnection: Client needs protocol version 3.8
 SConnection: Client requests security type VncAuth(2)

Fri Dec  6 11:47:39 2019
 VNCSConnST:  Server default pixel format depth 16 (16bpp) little-endian rgb565
 VNCSConnST:  Client pixel format depth 16 (16bpp) little-endian rgb565
/usr/lib/python3/dist-packages/blueman/plugins/applet/AppIndicator.py:8: PyGIWarning: AppIndicator3 was imported without specifying a version first. Use gi.require_version('AppIndicator3', '0.1') before import to ensure that the right version gets loaded.
  from gi.repository import AppIndicator3 as girAppIndicator
ERROR:dbus.proxies:Introspect error on org.bluez:/org/bluez: dbus.exceptions.DBusException: org.freedesktop.DBus.Error.AccessDenied: Rejected send message, 2 matched rules; type="method_call", sender=":1.13332" (uid=1285 pid=29966 comm="/usr/bin/python3 /usr/bin/blueman-applet " label="unconfined") interface="org.freedesktop.DBus.Introspectable" member="Introspect" error name="(unset)" requested_reply="0" destination="org.bluez" (bus)
ERROR:dbus.proxies:Introspect error on org.bluez:/: dbus.exceptions.DBusException: org.freedesktop.DBus.Error.AccessDenied: Rejected send message, 2 matched rules; type="method_call", sender=":1.13332" (uid=1285 pid=29966 comm="/usr/bin/python3 /usr/bin/blueman-applet " label="unconfined") interface="org.freedesktop.DBus.Introspectable" member="Introspect" error name="(unset)" requested_reply="0" destination="org.bluez" (bus)
ERROR:dbus.proxies:Introspect error on org.bluez:/: dbus.exceptions.DBusException: org.freedesktop.DBus.Error.AccessDenied: Rejected send message, 2 matched rules; type="method_call", sender=":1.13332" (uid=1285 pid=29966 comm="/usr/bin/python3 /usr/bin/blueman-applet " label="unconfined") interface="org.freedesktop.DBus.Introspectable" member="Introspect" error name="(unset)" requested_reply="0" destination="org.bluez" (bus)

(wrapper-1.0:30069): Gdk-WARNING **: 11:47:54.791: /build/gtk+2.0-AoeliP/gtk+2.0-2.24.32/gdk/x11/gdkdrawable-x11.c:952 drawable is not a pixmap or window

(Thunar:29915): Gdk-WARNING **: 11:51:00.960: gdk_window_set_icon_list: icons too large

(Thunar:29915): Gdk-WARNING **: 11:51:59.827: gdk_window_set_icon_list: icons too large
Xlib:  extension "XINERAMA" missing on display ":2.0".
func=xmlSecCheckVersionExt:file=xmlsec.c:line=188:obj=unknown:subj=unknown:error=19:invalid version:mode=abi compatible;expected minor version=2;real minor version=2;expected subminor version=25;real subminor version=26

Fri Dec  6 12:08:10 2019
 VNCSConnST:  Client pixel format depth 16 (16bpp) little-endian rgb565

Fri Dec  6 12:09:15 2019
 VNCSConnST:  Client pixel format depth 16 (16bpp) little-endian rgb565

Fri Dec  6 12:10:22 2019
 VNCSConnST:  Client pixel format depth 16 (16bpp) little-endian rgb565

Fri Dec  6 12:11:34 2019
 VNCSConnST:  Client pixel format depth 16 (16bpp) little-endian rgb565

Fri Dec  6 12:46:10 2019
 Connections: closed: 0.0.0.0::50234 (Clean disconnection)
 SMsgWriter:  framebuffer updates 2287
 SMsgWriter:    copyRect rects 5336, bytes 85376
 SMsgWriter:    hextile rects 2439, bytes 18571977
 SMsgWriter:    ZRLE rects 137186, bytes 20531293
 SMsgWriter:    raw bytes equivalent 637918478, compression ratio 16.313686
PolicyKit daemon disconnected from the bus.
We are no longer a registered authentication agent.
xfwm4: Fatal IO error 4 (Interrupted system call) on X server :2.0.
xfdesktop: Fatal IO error 11 (Resource temporarily unavailable) on X server :2.0.
