
Xvnc Free Edition 4.1.1 - built Feb 25 2015 23:02:21
Copyright (C) 2002-2005 RealVNC Ltd.
See http://www.realvnc.com for information on VNC.
Underlying X server release 40300000, The XFree86 Project, Inc


Fri Nov 15 11:25:26 2019
 vncext:      VNC extension running!
 vncext:      Listening for VNC connections on port 5907
 vncext:      created VNC server for screen 0
error opening security policy file /etc/X11/xserver/SecurityPolicy
Could not init font path element /usr/X11R6/lib/X11/fonts/Type1/, removing from list!
Could not init font path element /usr/X11R6/lib/X11/fonts/Speedo/, removing from list!
Could not init font path element /usr/X11R6/lib/X11/fonts/misc/, removing from list!
Could not init font path element /usr/X11R6/lib/X11/fonts/75dpi/, removing from list!
Could not init font path element /usr/X11R6/lib/X11/fonts/100dpi/, removing from list!
Could not init font path element /usr/share/fonts/X11/75dpi/, removing from list!
Could not init font path element /usr/share/fonts/X11/100dpi/, removing from list!
xrdb: No such file or directory
xrdb: can't open file '/home/is28/fedin28/.Xresources'
/usr/bin/startxfce4: X server already running on display :7
gpg-agent[31917]: WARNING: "--write-env-file" is an obsolete option - it has no effect
gpg-agent: a gpg-agent is already running - not starting a new one

(xfce4-session:31907): xfce4-session-WARNING **: 11:25:29.603: gpg-agent returned no PID in the variables

(xfce4-session:31907): xfce4-session-WARNING **: 11:25:29.613: xfsm_manager_load_session: Something wrong with /home/is28/fedin28/.cache/sessions/xfce4-session-virt-1:7, Does it exist? Permissions issue?

(xfwm4:31921): xfwm4-WARNING **: 11:25:29.651: The display does not support the XRender extension.

(xfwm4:31921): xfwm4-WARNING **: 11:25:29.651: The display does not support the XComposite extension.

(xfwm4:31921): xfwm4-WARNING **: 11:25:29.651: The display does not support the XDamage extension.

(xfwm4:31921): xfwm4-WARNING **: 11:25:29.651: The display does not support the XFixes extension.

(xfwm4:31921): xfwm4-WARNING **: 11:25:29.651: Compositing manager disabled.

** (light-locker:31933): ERROR **: 11:25:29.729: Environment variable XDG_SESSION_PATH not set. Is LightDM running?
(uint32 1,)

(polkit-gnome-authentication-agent-1:31935): GLib-CRITICAL **: 11:25:29.752: g_variant_new_string: assertion 'string != NULL' failed

(polkit-gnome-authentication-agent-1:31935): polkit-gnome-1-WARNING **: 11:25:29.753: Failed to register client: GDBus.Error:org.freedesktop.DBus.Error.ServiceUnknown: The name org.gnome.SessionManager was not provided by any .service files

(xfsettingsd:31930): xfsettingsd-CRITICAL **: 11:25:29.820: RANDR extension is too old, version 1.1. Display settings won't be applied.
Xlib:  extension "XInputExtension" missing on display ":7.0".

(xfsettingsd:31930): xfsettingsd-CRITICAL **: 11:25:29.820: XI is not present.

(xfsettingsd:31930): xfsettingsd-CRITICAL **: 11:25:29.820: Failed to initialize the Xkb extension.

(xfsettingsd:31930): xfsettingsd-CRITICAL **: 11:25:29.820: Failed to initialize the Accessibility extension.
xfwm4-Message: 11:25:29.875: Unsupported keyboard modifier '<Super>Tab'
xfwm4-Message: 11:25:30.014: Unsupported keyboard modifier '<Super>Tab'

(nm-applet:32025): Gtk-WARNING **: 11:25:30.216: Can't set a parent on widget which has a parent

(nm-applet:32025): Gdk-CRITICAL **: 11:25:30.363: gdk_window_thaw_toplevel_updates: assertion 'window->update_and_descendants_freeze_count > 0' failed

Fri Nov 15 11:25:39 2019
 Connections: accepted: 0.0.0.0::49275
 SConnection: Client needs protocol version 3.8
 SConnection: Client requests security type VncAuth(2)

Fri Nov 15 11:25:48 2019
 VNCSConnST:  Server default pixel format depth 16 (16bpp) little-endian rgb565
 VNCSConnST:  Client pixel format depth 16 (16bpp) little-endian rgb565
/usr/lib/python3/dist-packages/blueman/plugins/applet/AppIndicator.py:8: PyGIWarning: AppIndicator3 was imported without specifying a version first. Use gi.require_version('AppIndicator3', '0.1') before import to ensure that the right version gets loaded.
  from gi.repository import AppIndicator3 as girAppIndicator
ERROR:dbus.proxies:Introspect error on org.bluez:/org/bluez: dbus.exceptions.DBusException: org.freedesktop.DBus.Error.AccessDenied: Rejected send message, 2 matched rules; type="method_call", sender=":1.3940" (uid=1285 pid=31995 comm="/usr/bin/python3 /usr/bin/blueman-applet " label="unconfined") interface="org.freedesktop.DBus.Introspectable" member="Introspect" error name="(unset)" requested_reply="0" destination="org.bluez" (bus)
ERROR:dbus.proxies:Introspect error on org.bluez:/: dbus.exceptions.DBusException: org.freedesktop.DBus.Error.AccessDenied: Rejected send message, 2 matched rules; type="method_call", sender=":1.3940" (uid=1285 pid=31995 comm="/usr/bin/python3 /usr/bin/blueman-applet " label="unconfined") interface="org.freedesktop.DBus.Introspectable" member="Introspect" error name="(unset)" requested_reply="0" destination="org.bluez" (bus)
ERROR:dbus.proxies:Introspect error on org.bluez:/: dbus.exceptions.DBusException: org.freedesktop.DBus.Error.AccessDenied: Rejected send message, 2 matched rules; type="method_call", sender=":1.3940" (uid=1285 pid=31995 comm="/usr/bin/python3 /usr/bin/blueman-applet " label="unconfined") interface="org.freedesktop.DBus.Introspectable" member="Introspect" error name="(unset)" requested_reply="0" destination="org.bluez" (bus)

(wrapper-1.0:32072): Gdk-WARNING **: 11:25:55.409: /build/gtk+2.0-AoeliP/gtk+2.0-2.24.32/gdk/x11/gdkdrawable-x11.c:952 drawable is not a pixmap or window

(wrapper-1.0:32072): Gdk-WARNING **: 11:25:55.411: /build/gtk+2.0-AoeliP/gtk+2.0-2.24.32/gdk/x11/gdkdrawable-x11.c:952 drawable is not a pixmap or window

(Thunar:31927): Gdk-WARNING **: 11:28:00.937: gdk_window_set_icon_list: icons too large

(Thunar:31927): Gdk-WARNING **: 11:30:07.031: gdk_window_set_icon_list: icons too large

(Thunar:31927): Gdk-WARNING **: 11:30:12.542: gdk_window_set_icon_list: icons too large
Xlib:  extension "XINERAMA" missing on display ":7.0".
func=xmlSecCheckVersionExt:file=xmlsec.c:line=188:obj=unknown:subj=unknown:error=19:invalid version:mode=abi compatible;expected minor version=2;real minor version=2;expected subminor version=25;real subminor version=26

(soffice:35187): GLib-GObject-WARNING **: 11:30:22.794: ../../../../gobject/gsignal.c:3492: signal name 'selection_changed' is invalid for instance '0x56061711a6a0' of type 'OOoAtkObjCompTxt'
func=xmlSecCheckVersionExt:file=xmlsec.c:line=188:obj=unknown:subj=unknown:error=19:invalid version:mode=abi compatible;expected minor version=2;real minor version=2;expected subminor version=25;real subminor version=26
Xlib:  extension "XINERAMA" missing on display ":7.0".
func=xmlSecCheckVersionExt:file=xmlsec.c:line=188:obj=unknown:subj=unknown:error=19:invalid version:mode=abi compatible;expected minor version=2;real minor version=2;expected subminor version=25;real subminor version=26
/usr/lib/ubuntu-release-upgrader/check-new-release-gtk:30: PyGIWarning: Gtk was imported without specifying a version first. Use gi.require_version('Gtk', '3.0') before import to ensure that the right version gets loaded.
  from gi.repository import Gtk
WARNING:root:timeout reached, exiting

(Thunar:31927): Gdk-WARNING **: 11:42:10.170: gdk_window_set_icon_list: icons too large
func=xmlSecCheckVersionExt:file=xmlsec.c:line=188:obj=unknown:subj=unknown:error=19:invalid version:mode=abi compatible;expected minor version=2;real minor version=2;expected subminor version=25;real subminor version=26

Fri Nov 15 11:47:31 2019
 Connections: closed: 0.0.0.0::49275 (Clean disconnection)
 SMsgWriter:  framebuffer updates 4736
 SMsgWriter:    copyRect rects 8196, bytes 131136
 SMsgWriter:    hextile rects 21053, bytes 30879471
 SMsgWriter:    raw bytes equivalent 295401454, compression ratio 9.566273
xscreensaver: 13:43:40: SIGHUP received: restarting...

(xfwm4:31921): libxfce4ui-WARNING **: 13:43:43.402: ICE I/O Error

(xfwm4:31921): libxfce4ui-WARNING **: 13:43:43.402: Disconnected from session manager.

(xfdesktop:31929): libxfce4ui-WARNING **: 13:43:43.403: ICE I/O Error

(xfdesktop:31929): libxfce4ui-WARNING **: 13:43:43.403: Disconnected from session manager.
xscreensaver: 13:43:45: running as fedin28/??? (1285/1288)

xfwm4: Fatal IO error 25 (Inappropriate ioctl for device) on X server :7.0.
xfdesktop: Fatal IO error 11 (Resource temporarily unavailable) on X server :7.0.
xscreensaver: 13:43:59: Can't open display: :7.0
xscreensaver: 13:43:59: running as fedin28/??? (1285/1288)

xscreensaver: 13:43:59: Errors at startup are usually authorization problems.
              But you're not logging in as root (good!) so something
              else must be wrong.  Did you read the manual and the FAQ?

              https://www.jwz.org/xscreensaver/faq.html
              https://www.jwz.org/xscreensaver/man.html

