
Xvnc Free Edition 4.1.1 - built Feb 25 2015 23:02:21
Copyright (C) 2002-2005 RealVNC Ltd.
See http://www.realvnc.com for information on VNC.
Underlying X server release 40300000, The XFree86 Project, Inc


Fri Sep 13 09:18:22 2019
 vncext:      VNC extension running!
 vncext:      Listening for VNC connections on port 5960
 vncext:      created VNC server for screen 0
error opening security policy file /etc/X11/xserver/SecurityPolicy
Could not init font path element /usr/X11R6/lib/X11/fonts/Type1/, removing from list!
Could not init font path element /usr/X11R6/lib/X11/fonts/Speedo/, removing from list!
Could not init font path element /usr/X11R6/lib/X11/fonts/misc/, removing from list!
Could not init font path element /usr/X11R6/lib/X11/fonts/75dpi/, removing from list!
Could not init font path element /usr/X11R6/lib/X11/fonts/100dpi/, removing from list!
Could not init font path element /usr/share/fonts/X11/75dpi/, removing from list!
Could not init font path element /usr/share/fonts/X11/100dpi/, removing from list!

(x-window-manager:1618): xfwm4-WARNING **: 09:18:25.634: The display does not support the XRender extension.

(x-window-manager:1618): xfwm4-WARNING **: 09:18:25.635: The display does not support the XComposite extension.

(x-window-manager:1618): xfwm4-WARNING **: 09:18:25.635: The display does not support the XDamage extension.

(x-window-manager:1618): xfwm4-WARNING **: 09:18:25.635: The display does not support the XFixes extension.

(x-window-manager:1618): xfwm4-WARNING **: 09:18:25.635: Compositing manager disabled.
xfwm4-Message: 09:18:25.675: Unsupported keyboard modifier '<Super>Tab'
Failed to connect to session manager: Failed to connect to the session manager: SESSION_MANAGER environment variable not defined

(x-window-manager:1618): xfwm4-WARNING **: 09:18:25.683: Failed to connect to session manager: Failed to connect to the session manager: SESSION_MANAGER environment variable not defined

Fri Sep 13 09:18:38 2019
 Connections: accepted: 0.0.0.0::50382
 SConnection: Client needs protocol version 3.8
 SConnection: Client requests security type VncAuth(2)

Fri Sep 13 09:18:45 2019
 SConnection: AuthFailureException: Authentication failure
 Connections: closed: 0.0.0.0::50382 (Authentication failure)
x-window-manager: Fatal IO error 4 (Interrupted system call) on X server :60.
