
Xvnc Free Edition 4.1.1 - built Feb 25 2015 23:02:21
Copyright (C) 2002-2005 RealVNC Ltd.
See http://www.realvnc.com for information on VNC.
Underlying X server release 40300000, The XFree86 Project, Inc


Wed Dec 11 11:23:52 2019
 vncext:      VNC extension running!
 vncext:      Listening for VNC connections on port 5909
 vncext:      created VNC server for screen 0
error opening security policy file /etc/X11/xserver/SecurityPolicy
Could not init font path element /usr/X11R6/lib/X11/fonts/Type1/, removing from list!
Could not init font path element /usr/X11R6/lib/X11/fonts/Speedo/, removing from list!
Could not init font path element /usr/X11R6/lib/X11/fonts/misc/, removing from list!
Could not init font path element /usr/X11R6/lib/X11/fonts/75dpi/, removing from list!
Could not init font path element /usr/X11R6/lib/X11/fonts/100dpi/, removing from list!
Could not init font path element /usr/share/fonts/X11/75dpi/, removing from list!
Could not init font path element /usr/share/fonts/X11/100dpi/, removing from list!
xrdb: No such file or directory
xrdb: can't open file '/home/is28/fedin28/.Xresources'
/usr/bin/startxfce4: X server already running on display :9
gpg-agent[22566]: WARNING: "--write-env-file" is an obsolete option - it has no effect
gpg-agent: a gpg-agent is already running - not starting a new one

(xfce4-session:22556): xfce4-session-WARNING **: 11:23:55.212: gpg-agent returned no PID in the variables

(xfce4-session:22556): xfce4-session-WARNING **: 11:23:55.216: xfsm_manager_load_session: Something wrong with /home/is28/fedin28/.cache/sessions/xfce4-session-virt-1:9, Does it exist? Permissions issue?

(xfwm4:22570): xfwm4-WARNING **: 11:23:55.239: The display does not support the XRender extension.

(xfwm4:22570): xfwm4-WARNING **: 11:23:55.239: The display does not support the XComposite extension.

(xfwm4:22570): xfwm4-WARNING **: 11:23:55.239: The display does not support the XDamage extension.

(xfwm4:22570): xfwm4-WARNING **: 11:23:55.239: The display does not support the XFixes extension.

(xfwm4:22570): xfwm4-WARNING **: 11:23:55.239: Compositing manager disabled.

** (light-locker:22582): ERROR **: 11:23:55.319: Environment variable XDG_SESSION_PATH not set. Is LightDM running?
(uint32 1,)

(polkit-gnome-authentication-agent-1:22584): GLib-CRITICAL **: 11:23:55.341: g_variant_new_string: assertion 'string != NULL' failed

(polkit-gnome-authentication-agent-1:22584): polkit-gnome-1-WARNING **: 11:23:55.342: Failed to register client: GDBus.Error:org.freedesktop.DBus.Error.ServiceUnknown: The name org.gnome.SessionManager was not provided by any .service files
xfwm4-Message: 11:23:55.353: Unsupported keyboard modifier '<Super>Tab'

(xfsettingsd:22579): xfsettingsd-CRITICAL **: 11:23:55.411: RANDR extension is too old, version 1.1. Display settings won't be applied.
Xlib:  extension "XInputExtension" missing on display ":9.0".

(xfsettingsd:22579): xfsettingsd-CRITICAL **: 11:23:55.412: XI is not present.

(xfsettingsd:22579): xfsettingsd-CRITICAL **: 11:23:55.414: Failed to initialize the Xkb extension.

(xfsettingsd:22579): xfsettingsd-CRITICAL **: 11:23:55.416: Failed to initialize the Accessibility extension.
xfwm4-Message: 11:23:55.518: Unsupported keyboard modifier '<Super>Tab'

(nm-applet:22683): Gtk-WARNING **: 11:23:55.570: Can't set a parent on widget which has a parent

(nm-applet:22683): Gdk-CRITICAL **: 11:23:55.716: gdk_window_thaw_toplevel_updates: assertion 'window->update_and_descendants_freeze_count > 0' failed

Wed Dec 11 11:24:00 2019
 Connections: accepted: 0.0.0.0::62576
 SConnection: Client needs protocol version 3.8
 SConnection: Client requests security type VncAuth(2)

Wed Dec 11 11:24:07 2019
 VNCSConnST:  Server default pixel format depth 16 (16bpp) little-endian rgb565
 VNCSConnST:  Client pixel format depth 16 (16bpp) little-endian rgb565
/usr/lib/python3/dist-packages/blueman/plugins/applet/AppIndicator.py:8: PyGIWarning: AppIndicator3 was imported without specifying a version first. Use gi.require_version('AppIndicator3', '0.1') before import to ensure that the right version gets loaded.
  from gi.repository import AppIndicator3 as girAppIndicator
ERROR:dbus.proxies:Introspect error on org.bluez:/org/bluez: dbus.exceptions.DBusException: org.freedesktop.DBus.Error.AccessDenied: Rejected send message, 2 matched rules; type="method_call", sender=":1.791" (uid=1285 pid=22632 comm="/usr/bin/python3 /usr/bin/blueman-applet " label="unconfined") interface="org.freedesktop.DBus.Introspectable" member="Introspect" error name="(unset)" requested_reply="0" destination="org.bluez" (bus)
ERROR:dbus.proxies:Introspect error on org.bluez:/: dbus.exceptions.DBusException: org.freedesktop.DBus.Error.AccessDenied: Rejected send message, 2 matched rules; type="method_call", sender=":1.791" (uid=1285 pid=22632 comm="/usr/bin/python3 /usr/bin/blueman-applet " label="unconfined") interface="org.freedesktop.DBus.Introspectable" member="Introspect" error name="(unset)" requested_reply="0" destination="org.bluez" (bus)
ERROR:dbus.proxies:Introspect error on org.bluez:/: dbus.exceptions.DBusException: org.freedesktop.DBus.Error.AccessDenied: Rejected send message, 2 matched rules; type="method_call", sender=":1.791" (uid=1285 pid=22632 comm="/usr/bin/python3 /usr/bin/blueman-applet " label="unconfined") interface="org.freedesktop.DBus.Introspectable" member="Introspect" error name="(unset)" requested_reply="0" destination="org.bluez" (bus)

(wrapper-1.0:22740): Gdk-WARNING **: 11:24:20.795: /build/gtk+2.0-AoeliP/gtk+2.0-2.24.32/gdk/x11/gdkdrawable-x11.c:952 drawable is not a pixmap or window

(wrapper-1.0:22740): Gdk-WARNING **: 11:24:20.797: /build/gtk+2.0-AoeliP/gtk+2.0-2.24.32/gdk/x11/gdkdrawable-x11.c:952 drawable is not a pixmap or window

Wed Dec 11 12:42:12 2019
 Connections: closed: 0.0.0.0::62576 (Clean disconnection)
 SMsgWriter:  framebuffer updates 7136
 SMsgWriter:    copyRect rects 459, bytes 7344
 SMsgWriter:    hextile rects 143176, bytes 73486308
 SMsgWriter:    raw bytes equivalent 908732508, compression ratio 12.366011
xfwm4: Fatal IO error 11 (Resource temporarily unavailable) on X server :9.0.

(xfce4-terminal:29306): libxfce4ui-WARNING **: 11:14:10.558: ICE I/O Error

(xfce4-terminal:29306): libxfce4ui-WARNING **: 11:14:10.558: Disconnected from session manager.

Received signal:15->'Terminated'
xfce4-panel: Fatal IO error 4 (Interrupted system call) on X server :9.0.
xfsettingsd: Fatal IO error 11 (Resource temporarily unavailable) on X server :9.0.

Received signal:15->'Terminated'
xfdesktop: Fatal IO error 11 (Resource temporarily unavailable) on X server :9.0.

(tracker-miner-fs:22586): GLib-GIO-CRITICAL **: 11:14:10.569: Error while sending AddMatch() message: The connection is closed

(tracker-miner-fs:22586): GLib-GIO-CRITICAL **: 11:14:10.569: Error while sending AddMatch() message: The connection is closed

(tracker-miner-fs:22586): GLib-GIO-CRITICAL **: 11:14:10.569: Error while sending AddMatch() message: The connection is closed

Received signal:15->'Terminated'

OK


OK

