
Xvnc Free Edition 4.1.1 - built Feb 25 2015 23:02:21
Copyright (C) 2002-2005 RealVNC Ltd.
See http://www.realvnc.com for information on VNC.
Underlying X server release 40300000, The XFree86 Project, Inc


Thu Mar  5 09:44:00 2020
 vncext:      VNC extension running!
 vncext:      Listening for VNC connections on port 5901
 vncext:      created VNC server for screen 0
error opening security policy file /etc/X11/xserver/SecurityPolicy
Could not init font path element /usr/X11R6/lib/X11/fonts/Type1/, removing from list!
Could not init font path element /usr/X11R6/lib/X11/fonts/Speedo/, removing from list!
Could not init font path element /usr/X11R6/lib/X11/fonts/misc/, removing from list!
Could not init font path element /usr/X11R6/lib/X11/fonts/75dpi/, removing from list!
Could not init font path element /usr/X11R6/lib/X11/fonts/100dpi/, removing from list!
Could not init font path element /usr/share/fonts/X11/75dpi/, removing from list!
Could not init font path element /usr/share/fonts/X11/100dpi/, removing from list!
xrdb: No such file or directory
xrdb: can't open file '/home/is28/garaev28/.Xresources'
/usr/bin/startxfce4: X server already running on display :1
gpg-agent[3416]: WARNING: "--write-env-file" is an obsolete option - it has no effect
gpg-agent: a gpg-agent is already running - not starting a new one

(xfce4-session:3392): xfce4-session-WARNING **: 09:44:04.128: gpg-agent returned no PID in the variables

(xfce4-session:3392): xfce4-session-WARNING **: 09:44:04.135: xfsm_manager_load_session: Something wrong with /home/is28/garaev28/.cache/sessions/xfce4-session-virt-1:1, Does it exist? Permissions issue?

** (light-locker:3429): ERROR **: 09:44:04.527: Environment variable XDG_SESSION_PATH not set. Is LightDM running?

(xfwm4:3420): xfwm4-WARNING **: 09:44:04.588: The display does not support the XRender extension.

(xfwm4:3420): xfwm4-WARNING **: 09:44:04.589: The display does not support the XComposite extension.

(xfwm4:3420): xfwm4-WARNING **: 09:44:04.589: The display does not support the XDamage extension.

(xfwm4:3420): xfwm4-WARNING **: 09:44:04.589: The display does not support the XFixes extension.

(xfwm4:3420): xfwm4-WARNING **: 09:44:04.589: Compositing manager disabled.

(polkit-gnome-authentication-agent-1:3452): GLib-CRITICAL **: 09:44:04.756: g_variant_new_string: assertion 'string != NULL' failed

(polkit-gnome-authentication-agent-1:3452): polkit-gnome-1-WARNING **: 09:44:04.757: Failed to register client: GDBus.Error:org.freedesktop.DBus.Error.ServiceUnknown: The name org.gnome.SessionManager was not provided by any .service files
xfwm4-Message: 09:44:05.053: Unsupported keyboard modifier '<Super>Tab'

Thu Mar  5 09:44:06 2020
 Connections: accepted: 0.0.0.0::49311
 SConnection: Client needs protocol version 3.8
 SConnection: Client requests security type VncAuth(2)

(xfsettingsd:3441): xfsettingsd-CRITICAL **: 09:44:07.306: RANDR extension is too old, version 1.1. Display settings won't be applied.
Xlib:  extension "XInputExtension" missing on display ":1.0".

(xfsettingsd:3441): xfsettingsd-CRITICAL **: 09:44:07.306: XI is not present.

(xfsettingsd:3441): xfsettingsd-CRITICAL **: 09:44:07.306: Failed to initialize the Xkb extension.

(xfsettingsd:3441): xfsettingsd-CRITICAL **: 09:44:07.307: Failed to initialize the Accessibility extension.

(nm-applet:3617): Gtk-WARNING **: 09:44:07.402: Can't set a parent on widget which has a parent
(uint32 1,)
xfwm4-Message: 09:44:07.891: Unsupported keyboard modifier '<Super>Tab'

(nm-applet:3617): Gdk-CRITICAL **: 09:44:08.554: gdk_window_thaw_toplevel_updates: assertion 'window->update_and_descendants_freeze_count > 0' failed

Thu Mar  5 09:44:10 2020
 VNCSConnST:  Server default pixel format depth 16 (16bpp) little-endian rgb565
 VNCSConnST:  Client pixel format depth 16 (16bpp) little-endian rgb565
/usr/lib/ubuntu-release-upgrader/check-new-release-gtk:30: PyGIWarning: Gtk was imported without specifying a version first. Use gi.require_version('Gtk', '3.0') before import to ensure that the right version gets loaded.
  from gi.repository import Gtk
WARNING:root:timeout reached, exiting
/usr/lib/python3/dist-packages/blueman/plugins/applet/AppIndicator.py:8: PyGIWarning: AppIndicator3 was imported without specifying a version first. Use gi.require_version('AppIndicator3', '0.1') before import to ensure that the right version gets loaded.
  from gi.repository import AppIndicator3 as girAppIndicator
ERROR:dbus.proxies:Introspect error on org.bluez:/org/bluez: dbus.exceptions.DBusException: org.freedesktop.DBus.Error.AccessDenied: Rejected send message, 2 matched rules; type="method_call", sender=":1.68" (uid=1269 pid=3580 comm="/usr/bin/python3 /usr/bin/blueman-applet " label="unconfined") interface="org.freedesktop.DBus.Introspectable" member="Introspect" error name="(unset)" requested_reply="0" destination="org.bluez" (bus)
ERROR:dbus.proxies:Introspect error on org.bluez:/: dbus.exceptions.DBusException: org.freedesktop.DBus.Error.AccessDenied: Rejected send message, 2 matched rules; type="method_call", sender=":1.68" (uid=1269 pid=3580 comm="/usr/bin/python3 /usr/bin/blueman-applet " label="unconfined") interface="org.freedesktop.DBus.Introspectable" member="Introspect" error name="(unset)" requested_reply="0" destination="org.bluez" (bus)
ERROR:dbus.proxies:Introspect error on org.bluez:/: dbus.exceptions.DBusException: org.freedesktop.DBus.Error.AccessDenied: Rejected send message, 2 matched rules; type="method_call", sender=":1.68" (uid=1269 pid=3580 comm="/usr/bin/python3 /usr/bin/blueman-applet " label="unconfined") interface="org.freedesktop.DBus.Introspectable" member="Introspect" error name="(unset)" requested_reply="0" destination="org.bluez" (bus)

(wrapper-1.0:3693): Gdk-WARNING **: 09:44:33.720: /build/gtk+2.0-AoeliP/gtk+2.0-2.24.32/gdk/x11/gdkdrawable-x11.c:952 drawable is not a pixmap or window
Xlib:  extension "XInputExtension" missing on display ":1.0".
Xlib:  extension "XInputExtension" missing on display ":1.0".
Xlib:  extension "XInputExtension" missing on display ":1.0".
Xlib:  extension "XInputExtension" missing on display ":1.0".
[5312:5312:0305/094435.115937:ERROR:gl_surface_glx.cc(458)] GLX 1.3 or later is required.
[5312:5312:0305/094435.115993:ERROR:gl_initializer_x11.cc(148)] GLSurfaceGLX::InitializeOneOff failed.
[5312:5312:0305/094435.117718:ERROR:viz_main_impl.cc(161)] Exiting GPU process due to errors during initialization
Xlib:  extension "XInputExtension" missing on display ":1.0".
** Message: 09:44:35.732: Remote error from secret service: org.freedesktop.DBus.Error.UnknownMethod: No such interface 'org.freedesktop.Secret.Collection' on object at path /org/freedesktop/secrets/collection/login
** Message: 09:44:35.748: Remote error from secret service: org.freedesktop.DBus.Error.UnknownMethod: No such interface 'org.freedesktop.Secret.Collection' on object at path /org/freedesktop/secrets/collection/login
Xlib:  extension "XInputExtension" missing on display ":1.0".
Xlib:  extension "XInputExtension" missing on display ":1.0".
** Message: 09:44:35.943: Remote error from secret service: org.freedesktop.DBus.Error.UnknownMethod: No such interface 'org.freedesktop.Secret.Collection' on object at path /org/freedesktop/secrets/collection/login
** Message: 09:44:35.961: Remote error from secret service: org.freedesktop.DBus.Error.UnknownMethod: No such interface 'org.freedesktop.Secret.Collection' on object at path /org/freedesktop/secrets/collection/login
[2020-03-05T06:45:12Z ERROR audio_thread_priority::rt_linux] setrlimit64: 1

(xfce4-session:3392): Gtk-CRITICAL **: 10:52:49.201: IA__gtk_widget_set_visible: assertion 'GTK_IS_WIDGET (widget)' failed

(xfsettingsd:3441): xfconf-CRITICAL **: 10:52:50.844: IA__xfconf_channel_set_bool: assertion 'XFCONF_IS_CHANNEL(channel) && property' failed

(xfce4-panel:3424): GLib-WARNING **: 10:52:50.854: GChildWatchSource: Exit status of a child process was requested but ECHILD was received by waitpid(). See the documentation of g_child_watch_source_new() for possible causes.

(polkit-gnome-authentication-agent-1:3452): polkit-gnome-1-WARNING **: 10:52:50.871: Couldn't open user icon: Failed to open file '/home/adom/.face': No such file or directory

(polkit-gnome-authentication-agent-1:3452): polkit-gnome-1-WARNING **: 10:52:50.888: Couldn't open user icon: Failed to open file '/home/test/.face': No such file or directory
Gtk-Message: 10:52:50.915: GtkDialog mapped without a transient parent. This is discouraged.

(xfce4-session:3392): xfce4-session-WARNING **: 10:52:56.760: Failed to shutdown/restart: Error not set

(xfce4-session:3392): GLib-GObject-CRITICAL **: 10:52:56.761: g_object_unref: assertion 'G_IS_OBJECT (object)' failed

Thu Mar  5 10:52:57 2020
 Connections: closed: 0.0.0.0::49311 (Clean disconnection)
 SMsgWriter:  framebuffer updates 17730
 SMsgWriter:    copyRect rects 587, bytes 9392
 SMsgWriter:    hextile rects 261861, bytes 1277909150
 SMsgWriter:    raw bytes equivalent 710384200, compression ratio 0.555896

Received signal:15->'Terminated'
