
Xvnc Free Edition 4.1.1 - built Feb 25 2015 23:02:21
Copyright (C) 2002-2005 RealVNC Ltd.
See http://www.realvnc.com for information on VNC.
Underlying X server release 40300000, The XFree86 Project, Inc


Fri Sep 13 08:27:33 2019
 vncext:      VNC extension running!
 vncext:      Listening for VNC connections on port 5919
 vncext:      created VNC server for screen 0
error opening security policy file /etc/X11/xserver/SecurityPolicy
Could not init font path element /usr/X11R6/lib/X11/fonts/Type1/, removing from list!
Could not init font path element /usr/X11R6/lib/X11/fonts/Speedo/, removing from list!
Could not init font path element /usr/X11R6/lib/X11/fonts/misc/, removing from list!
Could not init font path element /usr/X11R6/lib/X11/fonts/75dpi/, removing from list!
Could not init font path element /usr/X11R6/lib/X11/fonts/100dpi/, removing from list!
Could not init font path element /usr/share/fonts/X11/75dpi/, removing from list!
Could not init font path element /usr/share/fonts/X11/100dpi/, removing from list!

(x-window-manager:53090): xfwm4-WARNING **: 08:27:36.559: The display does not support the XRender extension.

(x-window-manager:53090): xfwm4-WARNING **: 08:27:36.559: The display does not support the XComposite extension.

(x-window-manager:53090): xfwm4-WARNING **: 08:27:36.560: The display does not support the XDamage extension.

(x-window-manager:53090): xfwm4-WARNING **: 08:27:36.560: The display does not support the XFixes extension.

(x-window-manager:53090): xfwm4-WARNING **: 08:27:36.560: Compositing manager disabled.
xfwm4-Message: 08:27:36.598: Unsupported keyboard modifier '<Super>Tab'

(x-window-manager:53090): xfwm4-WARNING **: 08:27:36.611: Failed to connect to session manager: Failed to connect to the session manager: SESSION_MANAGER environment variable not defined
Failed to connect to session manager: Failed to connect to the session manager: SESSION_MANAGER environment variable not defined

Fri Sep 13 08:27:39 2019
 Connections: accepted: 0.0.0.0::50182
 SConnection: Client needs protocol version 3.8
 SConnection: Client requests security type VncAuth(2)

Fri Sep 13 08:27:42 2019
 VNCSConnST:  Server default pixel format depth 16 (16bpp) little-endian rgb565
 VNCSConnST:  Client pixel format depth 16 (16bpp) little-endian rgb565

Fri Sep 13 08:30:18 2019
 Connections: accepted: 0.0.0.0::50172
 SConnection: Client needs protocol version 3.8
 SConnection: Client requests security type VncAuth(2)

Fri Sep 13 08:30:22 2019
 SConnection: AuthFailureException: Authentication failure
 Connections: closed: 0.0.0.0::50172 (Authentication failure)

Fri Sep 13 08:30:45 2019
 Connections: accepted: 0.0.0.0::50173
 SConnection: Client needs protocol version 3.8
 SConnection: Client requests security type VncAuth(2)

Fri Sep 13 08:30:48 2019
 SConnection: AuthFailureException: Authentication failure
 Connections: closed: 0.0.0.0::50173 (Authentication failure)

Fri Sep 13 09:24:54 2019
 XserverDesktop: Added unknown keysym 0x6f7 to keycode 255
xfwm4-Message: 09:24:54.709: Unsupported keyboard modifier '<Super>Tab'

Fri Sep 13 09:24:57 2019
 XserverDesktop: Added unknown keysym 0x6cf to keycode 254
 XserverDesktop: Added unknown keysym 0x6d3 to keycode 253
xfwm4-Message: 09:24:57.510: Unsupported keyboard modifier '<Super>Tab'
 XserverDesktop: Added unknown keysym 0x6cb to keycode 252
 XserverDesktop: Added unknown keysym 0x6d2 to keycode 251
 XserverDesktop: Added unknown keysym 0x6c5 to keycode 250
xfwm4-Message: 09:24:57.974: Unsupported keyboard modifier '<Super>Tab'

Fri Sep 13 09:24:58 2019
 XserverDesktop: Added unknown keysym 0x6ce to keycode 249
xfwm4-Message: 09:24:59.110: Unsupported keyboard modifier '<Super>Tab'

Fri Sep 13 09:24:59 2019
 XserverDesktop: Added unknown keysym 0x6d8 to keycode 248
xfwm4-Message: 09:24:59.653: Unsupported keyboard modifier '<Super>Tab'
 XserverDesktop: Added unknown keysym 0x6dc to keycode 247
xfwm4-Message: 09:25:00.214: Unsupported keyboard modifier '<Super>Tab'

Fri Sep 13 09:25:34 2019
 XserverDesktop: Added unknown keysym 0x6d0 to keycode 246
xfwm4-Message: 09:25:34.317: Unsupported keyboard modifier '<Super>Tab'

Fri Sep 13 09:25:50 2019
 XserverDesktop: Added unknown keysym 0x6f4 to keycode 245
xfwm4-Message: 09:25:51.093: Unsupported keyboard modifier '<Super>Tab'

Fri Sep 13 09:25:57 2019
 XserverDesktop: Added unknown keysym 0xf3 to keycode 244
 XserverDesktop: Added unknown keysym 0x6c4 to keycode 243
 XserverDesktop: Added unknown keysym 0x6db to keycode 242
 XserverDesktop: Added unknown keysym 0x6c1 to keycode 241
xfwm4-Message: 09:25:57.821: Unsupported keyboard modifier '<Super>Tab'

Fri Sep 13 09:26:12 2019
 XserverDesktop: Added unknown keysym 0x6cd to keycode 240
xfwm4-Message: 09:26:12.900: Unsupported keyboard modifier '<Super>Tab'

Fri Sep 13 09:26:24 2019
 XserverDesktop: Added unknown keysym 0x6fe to keycode 239
xfwm4-Message: 09:26:24.916: Unsupported keyboard modifier '<Super>Tab'

Fri Sep 13 09:27:08 2019
 XserverDesktop: Added unknown keysym 0x6c2 to keycode 238
xfwm4-Message: 09:27:08.604: Unsupported keyboard modifier '<Super>Tab'

Fri Sep 13 09:36:45 2019
 Connections: closed: 0.0.0.0::50182 (Clean disconnection)
 SMsgWriter:  framebuffer updates 9503
 SMsgWriter:    copyRect rects 5351, bytes 85616
 SMsgWriter:    hextile rects 34729, bytes 56092668
 SMsgWriter:    raw bytes equivalent 849497456, compression ratio 15.144536
x-window-manager: Fatal IO error 4 (Interrupted system call) on X server :19.
