
Xvnc Free Edition 4.1.1 - built Feb 25 2015 23:02:21
Copyright (C) 2002-2005 RealVNC Ltd.
See http://www.realvnc.com for information on VNC.
Underlying X server release 40300000, The XFree86 Project, Inc


Fri Dec 13 11:22:51 2019
 vncext:      VNC extension running!
 vncext:      Listening for VNC connections on port 5909
 vncext:      created VNC server for screen 0
error opening security policy file /etc/X11/xserver/SecurityPolicy
Could not init font path element /usr/X11R6/lib/X11/fonts/Type1/, removing from list!
Could not init font path element /usr/X11R6/lib/X11/fonts/Speedo/, removing from list!
Could not init font path element /usr/X11R6/lib/X11/fonts/misc/, removing from list!
Could not init font path element /usr/X11R6/lib/X11/fonts/75dpi/, removing from list!
Could not init font path element /usr/X11R6/lib/X11/fonts/100dpi/, removing from list!
Could not init font path element /usr/share/fonts/X11/75dpi/, removing from list!
Could not init font path element /usr/share/fonts/X11/100dpi/, removing from list!
xrdb: No such file or directory
xrdb: can't open file '/home/is28/garaev28/.Xresources'
/usr/bin/startxfce4: X server already running on display :9
gpg-agent[18635]: WARNING: "--write-env-file" is an obsolete option - it has no effect
gpg-agent: a gpg-agent is already running - not starting a new one

(xfce4-session:18625): xfce4-session-WARNING **: 11:22:54.935: gpg-agent returned no PID in the variables

(xfce4-session:18625): xfce4-session-WARNING **: 11:22:54.936: xfsm_manager_load_session: Something wrong with /home/is28/garaev28/.cache/sessions/xfce4-session-virt-1:9, Does it exist? Permissions issue?

(xfwm4:18639): xfwm4-WARNING **: 11:22:54.966: The display does not support the XRender extension.

(xfwm4:18639): xfwm4-WARNING **: 11:22:54.966: The display does not support the XComposite extension.

(xfwm4:18639): xfwm4-WARNING **: 11:22:54.966: The display does not support the XDamage extension.

(xfwm4:18639): xfwm4-WARNING **: 11:22:54.966: The display does not support the XFixes extension.

(xfwm4:18639): xfwm4-WARNING **: 11:22:54.966: Compositing manager disabled.
(uint32 1,)

** (light-locker:18648): ERROR **: 11:22:55.017: Environment variable XDG_SESSION_PATH not set. Is LightDM running?
xfwm4-Message: 11:22:55.019: Unsupported keyboard modifier '<Super>Tab'

(polkit-gnome-authentication-agent-1:18650): GLib-CRITICAL **: 11:22:55.043: g_variant_new_string: assertion 'string != NULL' failed

(polkit-gnome-authentication-agent-1:18650): polkit-gnome-1-WARNING **: 11:22:55.043: Failed to register client: GDBus.Error:org.freedesktop.DBus.Error.ServiceUnknown: The name org.gnome.SessionManager was not provided by any .service files

(xfsettingsd:18651): xfsettingsd-CRITICAL **: 11:22:55.100: RANDR extension is too old, version 1.1. Display settings won't be applied.
Xlib:  extension "XInputExtension" missing on display ":9.0".

(xfsettingsd:18651): xfsettingsd-CRITICAL **: 11:22:55.100: XI is not present.

(xfsettingsd:18651): xfsettingsd-CRITICAL **: 11:22:55.100: Failed to initialize the Xkb extension.

(xfsettingsd:18651): xfsettingsd-CRITICAL **: 11:22:55.100: Failed to initialize the Accessibility extension.
xfwm4-Message: 11:22:55.148: Unsupported keyboard modifier '<Super>Tab'

(nm-applet:18761): Gtk-WARNING **: 11:22:55.283: Can't set a parent on widget which has a parent

(nm-applet:18761): Gdk-CRITICAL **: 11:22:55.426: gdk_window_thaw_toplevel_updates: assertion 'window->update_and_descendants_freeze_count > 0' failed
/usr/lib/python3/dist-packages/blueman/plugins/applet/AppIndicator.py:8: PyGIWarning: AppIndicator3 was imported without specifying a version first. Use gi.require_version('AppIndicator3', '0.1') before import to ensure that the right version gets loaded.
  from gi.repository import AppIndicator3 as girAppIndicator
ERROR:dbus.proxies:Introspect error on org.bluez:/org/bluez: dbus.exceptions.DBusException: org.freedesktop.DBus.Error.AccessDenied: Rejected send message, 2 matched rules; type="method_call", sender=":1.2158" (uid=1269 pid=18741 comm="/usr/bin/python3 /usr/bin/blueman-applet " label="unconfined") interface="org.freedesktop.DBus.Introspectable" member="Introspect" error name="(unset)" requested_reply="0" destination="org.bluez" (bus)
ERROR:dbus.proxies:Introspect error on org.bluez:/: dbus.exceptions.DBusException: org.freedesktop.DBus.Error.AccessDenied: Rejected send message, 2 matched rules; type="method_call", sender=":1.2158" (uid=1269 pid=18741 comm="/usr/bin/python3 /usr/bin/blueman-applet " label="unconfined") interface="org.freedesktop.DBus.Introspectable" member="Introspect" error name="(unset)" requested_reply="0" destination="org.bluez" (bus)
ERROR:dbus.proxies:Introspect error on org.bluez:/: dbus.exceptions.DBusException: org.freedesktop.DBus.Error.AccessDenied: Rejected send message, 2 matched rules; type="method_call", sender=":1.2158" (uid=1269 pid=18741 comm="/usr/bin/python3 /usr/bin/blueman-applet " label="unconfined") interface="org.freedesktop.DBus.Introspectable" member="Introspect" error name="(unset)" requested_reply="0" destination="org.bluez" (bus)

(wrapper-1.0:18811): Gdk-WARNING **: 11:23:20.576: /build/gtk+2.0-AoeliP/gtk+2.0-2.24.32/gdk/x11/gdkdrawable-x11.c:952 drawable is not a pixmap or window

Fri Dec 13 11:23:55 2019
 Connections: accepted: 0.0.0.0::50798
 SConnection: Client needs protocol version 3.8
 SConnection: Client requests security type VncAuth(2)

Fri Dec 13 11:23:58 2019
 VNCSConnST:  Server default pixel format depth 16 (16bpp) little-endian rgb565
 VNCSConnST:  Client pixel format depth 16 (16bpp) little-endian rgb565
/usr/lib/ubuntu-release-upgrader/check-new-release-gtk:30: PyGIWarning: Gtk was imported without specifying a version first. Use gi.require_version('Gtk', '3.0') before import to ensure that the right version gets loaded.
  from gi.repository import Gtk
WARNING:root:timeout reached, exiting

Fri Dec 13 11:34:59 2019
 Connections: closed: 0.0.0.0::50798 (Clean disconnection)
 SMsgWriter:  framebuffer updates 347
 SMsgWriter:    copyRect rects 4, bytes 64
 SMsgWriter:    hextile rects 1446, bytes 3816910
 SMsgWriter:    raw bytes equivalent 108078938, compression ratio 28.315820

(tracker-miner-fs:18653): GLib-GObject-WARNING **: 13:57:39.617: g_object_notify: object class 'UpClient' has no property named 'g-name-owner'

(tracker-miner-fs:18653): GLib-GObject-WARNING **: 13:57:39.617: g_object_notify: object class 'UpDevice' has no property named 'g-name-owner'
xfce4-session-Message: 13:57:39.672: Got disconnected from D-Bus.  Unless this happened during session shutdown, this is probably a bad thing.

Received signal:15->'Terminated'

(tracker-miner-fs:18653): GLib-GIO-CRITICAL **: 13:57:39.673: Error while sending AddMatch() message: The connection is closed

(tracker-miner-fs:18653): GLib-GIO-CRITICAL **: 13:57:39.674: Error while sending AddMatch() message: The connection is closed

(tracker-miner-fs:18653): GLib-GIO-CRITICAL **: 13:57:39.674: Error while sending AddMatch() message: The connection is closed

OK


** (xfsettingsd:18651): CRITICAL **: 13:57:39.733: dbus_g_proxy_disconnect_signal: assertion '!DBUS_G_PROXY_DESTROYED (proxy)' failed

** (xfsettingsd:18651): CRITICAL **: 13:57:39.733: dbus_g_proxy_disconnect_signal: assertion '!DBUS_G_PROXY_DESTROYED (proxy)' failed

(xfsettingsd:18651): xfconf-CRITICAL **: 13:57:39.734: IA__xfconf_channel_set_bool: assertion 'XFCONF_IS_CHANNEL(channel) && property' failed

** (xfsettingsd:18651): CRITICAL **: 13:57:39.734: dbus_g_proxy_disconnect_signal: assertion '!DBUS_G_PROXY_DESTROYED (proxy)' failed

** (xfsettingsd:18651): CRITICAL **: 13:57:39.734: dbus_g_proxy_disconnect_signal: assertion '!DBUS_G_PROXY_DESTROYED (proxy)' failed

** (xfsettingsd:18651): CRITICAL **: 13:57:39.739: dbus_g_proxy_disconnect_signal: assertion '!DBUS_G_PROXY_DESTROYED (proxy)' failed

** (xfsettingsd:18651): CRITICAL **: 13:57:39.739: dbus_g_proxy_disconnect_signal: assertion '!DBUS_G_PROXY_DESTROYED (proxy)' failed

** (xfsettingsd:18651): CRITICAL **: 13:57:39.739: dbus_g_proxy_disconnect_signal: assertion '!DBUS_G_PROXY_DESTROYED (proxy)' failed

** (xfsettingsd:18651): CRITICAL **: 13:57:39.739: dbus_g_proxy_disconnect_signal: assertion '!DBUS_G_PROXY_DESTROYED (proxy)' failed

** (xfsettingsd:18651): CRITICAL **: 13:57:39.739: dbus_g_proxy_disconnect_signal: assertion '!DBUS_G_PROXY_DESTROYED (proxy)' failed

** (xfsettingsd:18651): CRITICAL **: 13:57:39.739: dbus_g_proxy_disconnect_signal: assertion '!DBUS_G_PROXY_DESTROYED (proxy)' failed
