
Xvnc Free Edition 4.1.1 - built Feb 25 2015 23:02:21
Copyright (C) 2002-2005 RealVNC Ltd.
See http://www.realvnc.com for information on VNC.
Underlying X server release 40300000, The XFree86 Project, Inc


Fri Sep 13 08:24:16 2019
 vncext:      VNC extension running!
 vncext:      Listening for VNC connections on port 5906
 vncext:      created VNC server for screen 0
error opening security policy file /etc/X11/xserver/SecurityPolicy
Could not init font path element /usr/X11R6/lib/X11/fonts/Type1/, removing from list!
Could not init font path element /usr/X11R6/lib/X11/fonts/Speedo/, removing from list!
Could not init font path element /usr/X11R6/lib/X11/fonts/misc/, removing from list!
Could not init font path element /usr/X11R6/lib/X11/fonts/75dpi/, removing from list!
Could not init font path element /usr/X11R6/lib/X11/fonts/100dpi/, removing from list!
Could not init font path element /usr/share/fonts/X11/75dpi/, removing from list!
Could not init font path element /usr/share/fonts/X11/100dpi/, removing from list!

(x-window-manager:51239): xfwm4-WARNING **: 08:24:19.639: The display does not support the XRender extension.

(x-window-manager:51239): xfwm4-WARNING **: 08:24:19.639: The display does not support the XComposite extension.

(x-window-manager:51239): xfwm4-WARNING **: 08:24:19.639: The display does not support the XDamage extension.

(x-window-manager:51239): xfwm4-WARNING **: 08:24:19.639: The display does not support the XFixes extension.

(x-window-manager:51239): xfwm4-WARNING **: 08:24:19.639: Compositing manager disabled.
xfwm4-Message: 08:24:19.689: Unsupported keyboard modifier '<Super>Tab'
xfwm4-Message: 08:24:19.709: Unsupported keyboard modifier '<Super>Tab'

(x-window-manager:51239): xfwm4-WARNING **: 08:24:19.714: Failed to connect to session manager: Failed to connect to the session manager: SESSION_MANAGER environment variable not defined
# Failed to parse arguments: Unknown option --login

Fri Sep 13 08:25:02 2019
 Connections: accepted: 0.0.0.0::50166
 SConnection: Client needs protocol version 3.8
 SConnection: Client requests security type VncAuth(2)

Fri Sep 13 08:25:05 2019
 VNCSConnST:  Server default pixel format depth 16 (16bpp) little-endian rgb565
 VNCSConnST:  Client pixel format depth 16 (16bpp) little-endian rgb565
 VNCSConnST:  Client pixel format depth 16 (16bpp) little-endian rgb565

Fri Sep 13 08:25:39 2019
 Connections: closed: 0.0.0.0::50166 (Clean disconnection)
 SMsgWriter:  framebuffer updates 5
 SMsgWriter:    hextile rects 2, bytes 8298
 SMsgWriter:    ZRLE rects 5, bytes 562
 SMsgWriter:    raw bytes equivalent 16589844, compression ratio 1872.442889

Tue Sep 17 10:14:19 2019
 Connections: accepted: 0.0.0.0::49295
 SConnection: Client needs protocol version 3.8
 SConnection: Client requests security type VncAuth(2)

Tue Sep 17 10:14:28 2019
 SConnection: AuthFailureException: Authentication failure
 Connections: closed: 0.0.0.0::49295 (Authentication failure)
x-window-manager: Fatal IO error 4 (Interrupted system call) on X server :6.
