
Xvnc Free Edition 4.1.1 - built Feb 25 2015 23:02:21
Copyright (C) 2002-2005 RealVNC Ltd.
See http://www.realvnc.com for information on VNC.
Underlying X server release 40300000, The XFree86 Project, Inc


Fri Oct 25 11:24:07 2019
 vncext:      VNC extension running!
 vncext:      Listening for VNC connections on port 5920
 vncext:      created VNC server for screen 0
error opening security policy file /etc/X11/xserver/SecurityPolicy
Could not init font path element /usr/X11R6/lib/X11/fonts/Type1/, removing from list!
Could not init font path element /usr/X11R6/lib/X11/fonts/Speedo/, removing from list!
Could not init font path element /usr/X11R6/lib/X11/fonts/misc/, removing from list!
Could not init font path element /usr/X11R6/lib/X11/fonts/75dpi/, removing from list!
Could not init font path element /usr/X11R6/lib/X11/fonts/100dpi/, removing from list!
Could not init font path element /usr/share/fonts/X11/75dpi/, removing from list!
Could not init font path element /usr/share/fonts/X11/100dpi/, removing from list!

(x-window-manager:17735): xfwm4-WARNING **: 11:24:10.552: The display does not support the XRender extension.

(x-window-manager:17735): xfwm4-WARNING **: 11:24:10.552: The display does not support the XComposite extension.

(x-window-manager:17735): xfwm4-WARNING **: 11:24:10.552: The display does not support the XDamage extension.

(x-window-manager:17735): xfwm4-WARNING **: 11:24:10.552: The display does not support the XFixes extension.

(x-window-manager:17735): xfwm4-WARNING **: 11:24:10.552: Compositing manager disabled.
Failed to connect to session manager: Failed to connect to the session manager: SESSION_MANAGER environment variable not defined
xfwm4-Message: 11:24:10.645: Unsupported keyboard modifier '<Super>Tab'

(x-window-manager:17735): xfwm4-WARNING **: 11:24:10.652: Failed to connect to session manager: Failed to connect to the session manager: SESSION_MANAGER environment variable not defined

Fri Oct 25 11:24:21 2019
 Connections: accepted: 0.0.0.0::50063
 SConnection: Client needs protocol version 3.8
 SConnection: Client requests security type VncAuth(2)

Fri Oct 25 11:24:24 2019
 VNCSConnST:  Server default pixel format depth 16 (16bpp) little-endian rgb565
 VNCSConnST:  Client pixel format depth 16 (16bpp) little-endian rgb565

Fri Oct 25 12:39:19 2019
 Connections: closed: 0.0.0.0::50063 (Clean disconnection)
 SMsgWriter:  framebuffer updates 7517
 SMsgWriter:    copyRect rects 514, bytes 8224
 SMsgWriter:    hextile rects 39695, bytes 76190197
 SMsgWriter:    raw bytes equivalent 908928954, compression ratio 11.929736
x-window-manager: Fatal IO error 4 (Interrupted system call) on X server :20.
