
Xvnc Free Edition 4.1.1 - built Feb 25 2015 23:02:21
Copyright (C) 2002-2005 RealVNC Ltd.
See http://www.realvnc.com for information on VNC.
Underlying X server release 40300000, The XFree86 Project, Inc


Wed Nov 27 11:25:03 2019
 vncext:      VNC extension running!
 vncext:      Listening for VNC connections on port 5916
 vncext:      created VNC server for screen 0
error opening security policy file /etc/X11/xserver/SecurityPolicy
Could not init font path element /usr/X11R6/lib/X11/fonts/Type1/, removing from list!
Could not init font path element /usr/X11R6/lib/X11/fonts/Speedo/, removing from list!
Could not init font path element /usr/X11R6/lib/X11/fonts/misc/, removing from list!
Could not init font path element /usr/X11R6/lib/X11/fonts/75dpi/, removing from list!
Could not init font path element /usr/X11R6/lib/X11/fonts/100dpi/, removing from list!
Could not init font path element /usr/share/fonts/X11/75dpi/, removing from list!
Could not init font path element /usr/share/fonts/X11/100dpi/, removing from list!
xrdb: No such file or directory
xrdb: can't open file '/home/is28/garaev28/.Xresources'
/usr/bin/startxfce4: X server already running on display :16
gpg-agent[47493]: WARNING: "--write-env-file" is an obsolete option - it has no effect
gpg-agent: a gpg-agent is already running - not starting a new one

(xfce4-session:47483): xfce4-session-WARNING **: 11:25:06.984: gpg-agent returned no PID in the variables

(xfce4-session:47483): xfce4-session-WARNING **: 11:25:06.991: xfsm_manager_load_session: Something wrong with /home/is28/garaev28/.cache/sessions/xfce4-session-virt-1:16, Does it exist? Permissions issue?

(xfwm4:47497): xfwm4-WARNING **: 11:25:07.019: The display does not support the XRender extension.

(xfwm4:47497): xfwm4-WARNING **: 11:25:07.019: The display does not support the XComposite extension.

(xfwm4:47497): xfwm4-WARNING **: 11:25:07.019: The display does not support the XDamage extension.

(xfwm4:47497): xfwm4-WARNING **: 11:25:07.019: The display does not support the XFixes extension.

(xfwm4:47497): xfwm4-WARNING **: 11:25:07.019: Compositing manager disabled.
xfwm4-Message: 11:25:07.394: Unsupported keyboard modifier '<Super>Tab'

** (light-locker:47509): ERROR **: 11:25:07.408: Environment variable XDG_SESSION_PATH not set. Is LightDM running?

(polkit-gnome-authentication-agent-1:47529): GLib-CRITICAL **: 11:25:07.485: g_variant_new_string: assertion 'string != NULL' failed

(polkit-gnome-authentication-agent-1:47529): polkit-gnome-1-WARNING **: 11:25:07.486: Failed to register client: GDBus.Error:org.freedesktop.DBus.Error.ServiceUnknown: The name org.gnome.SessionManager was not provided by any .service files
(uint32 1,)

(xfsettingsd:47506): xfsettingsd-CRITICAL **: 11:25:08.586: RANDR extension is too old, version 1.1. Display settings won't be applied.
Xlib:  extension "XInputExtension" missing on display ":16.0".

(xfsettingsd:47506): xfsettingsd-CRITICAL **: 11:25:08.586: XI is not present.

(xfsettingsd:47506): xfsettingsd-CRITICAL **: 11:25:08.587: Failed to initialize the Xkb extension.

(xfsettingsd:47506): xfsettingsd-CRITICAL **: 11:25:08.587: Failed to initialize the Accessibility extension.
xfwm4-Message: 11:25:08.848: Unsupported keyboard modifier '<Super>Tab'

(nm-applet:47658): Gtk-WARNING **: 11:25:08.949: Can't set a parent on widget which has a parent

(nm-applet:47658): Gdk-CRITICAL **: 11:25:09.343: gdk_window_thaw_toplevel_updates: assertion 'window->update_and_descendants_freeze_count > 0' failed

Wed Nov 27 11:25:14 2019
 Connections: accepted: 0.0.0.0::50019
 SConnection: Client needs protocol version 3.8
 SConnection: Client requests security type VncAuth(2)

Wed Nov 27 11:25:16 2019
 VNCSConnST:  Server default pixel format depth 16 (16bpp) little-endian rgb565
 VNCSConnST:  Client pixel format depth 16 (16bpp) little-endian rgb565
/usr/lib/python3/dist-packages/blueman/plugins/applet/AppIndicator.py:8: PyGIWarning: AppIndicator3 was imported without specifying a version first. Use gi.require_version('AppIndicator3', '0.1') before import to ensure that the right version gets loaded.
  from gi.repository import AppIndicator3 as girAppIndicator
ERROR:dbus.proxies:Introspect error on org.bluez:/org/bluez: dbus.exceptions.DBusException: org.freedesktop.DBus.Error.AccessDenied: Rejected send message, 2 matched rules; type="method_call", sender=":1.1790" (uid=1269 pid=47650 comm="/usr/bin/python3 /usr/bin/blueman-applet " label="unconfined") interface="org.freedesktop.DBus.Introspectable" member="Introspect" error name="(unset)" requested_reply="0" destination="org.bluez" (bus)
ERROR:dbus.proxies:Introspect error on org.bluez:/: dbus.exceptions.DBusException: org.freedesktop.DBus.Error.AccessDenied: Rejected send message, 2 matched rules; type="method_call", sender=":1.1790" (uid=1269 pid=47650 comm="/usr/bin/python3 /usr/bin/blueman-applet " label="unconfined") interface="org.freedesktop.DBus.Introspectable" member="Introspect" error name="(unset)" requested_reply="0" destination="org.bluez" (bus)
ERROR:dbus.proxies:Introspect error on org.bluez:/: dbus.exceptions.DBusException: org.freedesktop.DBus.Error.AccessDenied: Rejected send message, 2 matched rules; type="method_call", sender=":1.1790" (uid=1269 pid=47650 comm="/usr/bin/python3 /usr/bin/blueman-applet " label="unconfined") interface="org.freedesktop.DBus.Introspectable" member="Introspect" error name="(unset)" requested_reply="0" destination="org.bluez" (bus)

(wrapper-1.0:47687): Gdk-WARNING **: 11:25:34.603: /build/gtk+2.0-AoeliP/gtk+2.0-2.24.32/gdk/x11/gdkdrawable-x11.c:952 drawable is not a pixmap or window

(Thunar:47503): Gdk-WARNING **: 11:28:03.544: gdk_window_set_icon_list: icons too large
Xlib:  extension "XINERAMA" missing on display ":16.0".
func=xmlSecCheckVersionExt:file=xmlsec.c:line=188:obj=unknown:subj=unknown:error=19:invalid version:mode=abi compatible;expected minor version=2;real minor version=2;expected subminor version=25;real subminor version=26

(gedit:50124): Gtk-WARNING **: 11:28:30.858: Calling org.xfce.Session.Manager.Inhibit failed: GDBus.Error:org.freedesktop.DBus.Error.UnknownMethod: Method "Inhibit" with signature "susu" on interface "org.xfce.Session.Manager" doesn't exist


Wed Nov 27 11:48:42 2019
 VNCSConnST:  Client pixel format depth 16 (16bpp) little-endian rgb565
