
Xvnc Free Edition 4.1.1 - built Feb 25 2015 23:02:21
Copyright (C) 2002-2005 RealVNC Ltd.
See http://www.realvnc.com for information on VNC.
Underlying X server release 40300000, The XFree86 Project, Inc


Thu Feb 13 09:33:32 2020
 vncext:      VNC extension running!
 vncext:      Listening for VNC connections on port 5936
 vncext:      created VNC server for screen 0
error opening security policy file /etc/X11/xserver/SecurityPolicy
Could not init font path element /usr/X11R6/lib/X11/fonts/Type1/, removing from list!
Could not init font path element /usr/X11R6/lib/X11/fonts/Speedo/, removing from list!
Could not init font path element /usr/X11R6/lib/X11/fonts/misc/, removing from list!
Could not init font path element /usr/X11R6/lib/X11/fonts/75dpi/, removing from list!
Could not init font path element /usr/X11R6/lib/X11/fonts/100dpi/, removing from list!
Could not init font path element /usr/share/fonts/X11/75dpi/, removing from list!
Could not init font path element /usr/share/fonts/X11/100dpi/, removing from list!

Thu Feb 13 09:33:38 2020
 Connections: accepted: 0.0.0.0::49313
 SConnection: Client needs protocol version 3.8
 SConnection: Client requests security type VncAuth(2)
xrdb: No such file or directory
xrdb: can't open file '/home/is28/garaev28/.Xresources'

Thu Feb 13 09:33:41 2020
 Connections: closed: 0.0.0.0::49313 (write: Connection reset by peer (104))
/usr/bin/startxfce4: X server already running on display virt-1:36

Thu Feb 13 09:33:48 2020
 Connections: accepted: 0.0.0.0::49314
 SConnection: Client needs protocol version 3.8
 SConnection: Client requests security type VncAuth(2)

Thu Feb 13 09:33:53 2020
 Connections: closed: 0.0.0.0::49314 (read: Connection reset by peer (104))

Thu Feb 13 09:34:00 2020
 Connections: accepted: 0.0.0.0::49315

Thu Feb 13 09:34:01 2020
 SConnection: Client needs protocol version 3.8

Thu Feb 13 09:34:02 2020
 SConnection: Client requests security type VncAuth(2)

Thu Feb 13 09:34:07 2020
 VNCSConnST:  Server default pixel format depth 16 (16bpp) little-endian rgb565
 VNCSConnST:  Client pixel format depth 16 (16bpp) little-endian rgb565

Thu Feb 13 09:34:29 2020
 Connections: closed: 0.0.0.0::49315 (Clean disconnection)
 SMsgWriter:  framebuffer updates 2
 SMsgWriter:    hextile rects 3, bytes 2090458
 SMsgWriter:    raw bytes equivalent 4148260, compression ratio 1.984379
xfce4-session: Another session manager is already running
