
Xvnc Free Edition 4.1.1 - built Feb 25 2015 23:02:21
Copyright (C) 2002-2005 RealVNC Ltd.
See http://www.realvnc.com for information on VNC.
Underlying X server release 40300000, The XFree86 Project, Inc


Fri Oct 11 11:24:11 2019
 vncext:      VNC extension running!
 vncext:      Listening for VNC connections on port 5923
 vncext:      created VNC server for screen 0
error opening security policy file /etc/X11/xserver/SecurityPolicy
Could not init font path element /usr/X11R6/lib/X11/fonts/Type1/, removing from list!
Could not init font path element /usr/X11R6/lib/X11/fonts/Speedo/, removing from list!
Could not init font path element /usr/X11R6/lib/X11/fonts/misc/, removing from list!
Could not init font path element /usr/X11R6/lib/X11/fonts/75dpi/, removing from list!
Could not init font path element /usr/X11R6/lib/X11/fonts/100dpi/, removing from list!
Could not init font path element /usr/share/fonts/X11/75dpi/, removing from list!
Could not init font path element /usr/share/fonts/X11/100dpi/, removing from list!

(x-window-manager:14042): xfwm4-WARNING **: 11:24:14.091: The display does not support the XRender extension.

(x-window-manager:14042): xfwm4-WARNING **: 11:24:14.092: The display does not support the XComposite extension.

(x-window-manager:14042): xfwm4-WARNING **: 11:24:14.092: The display does not support the XDamage extension.

(x-window-manager:14042): xfwm4-WARNING **: 11:24:14.092: The display does not support the XFixes extension.

(x-window-manager:14042): xfwm4-WARNING **: 11:24:14.092: Compositing manager disabled.
Failed to connect to session manager: Failed to connect to the session manager: SESSION_MANAGER environment variable not defined
xfwm4-Message: 11:24:14.305: Unsupported keyboard modifier '<Super>Tab'

(x-window-manager:14042): xfwm4-WARNING **: 11:24:14.319: Failed to connect to session manager: Failed to connect to the session manager: SESSION_MANAGER environment variable not defined

Fri Oct 11 11:24:25 2019
 Connections: accepted: 0.0.0.0::49790
 SConnection: Client needs protocol version 3.8
 SConnection: Client requests security type VncAuth(2)

Fri Oct 11 11:24:27 2019
 VNCSConnST:  Server default pixel format depth 16 (16bpp) little-endian rgb565
 VNCSConnST:  Client pixel format depth 16 (16bpp) little-endian rgb565
AUDIT: Fri Oct 11 11:29:02 2019: 14034 Xvnc4: client 11 rejected from local host
AUDIT: Fri Oct 11 11:29:12 2019: 14034 Xvnc4: client 11 rejected from local host

Fri Oct 11 11:46:15 2019
 XserverDesktop: Added unknown keysym 0x6e9 to keycode 255
xfwm4-Message: 11:46:15.972: Unsupported keyboard modifier '<Super>Tab'

Fri Oct 11 11:46:16 2019
 XserverDesktop: Added unknown keysym 0x6cd to keycode 254
xfwm4-Message: 11:46:16.843: Unsupported keyboard modifier '<Super>Tab'

Fri Oct 11 11:46:17 2019
 XserverDesktop: Added unknown keysym 0x6c5 to keycode 253
 XserverDesktop: Added unknown keysym 0x6c0 to keycode 252
xfwm4-Message: 11:46:17.905: Unsupported keyboard modifier '<Super>Tab'
 XserverDesktop: Added unknown keysym 0x6d4 to keycode 251
 XserverDesktop: Added unknown keysym 0x6d3 to keycode 250

Fri Oct 11 11:46:18 2019
 XserverDesktop: Added unknown keysym 0x6d1 to keycode 249
xfwm4-Message: 11:46:18.315: Unsupported keyboard modifier '<Super>Tab'
 XserverDesktop: Added unknown keysym 0x6d0 to keycode 248
 XserverDesktop: Added unknown keysym 0x6cf to keycode 247
 XserverDesktop: Added unknown keysym 0x6d7 to keycode 246
xfwm4-Message: 11:46:19.208: Unsupported keyboard modifier '<Super>Tab'

Fri Oct 11 11:46:19 2019
 XserverDesktop: Added unknown keysym 0x6d2 to keycode 245
 XserverDesktop: Added unknown keysym 0x6d9 to keycode 244
xfwm4-Message: 11:46:19.832: Unsupported keyboard modifier '<Super>Tab'

Fri Oct 11 11:46:32 2019
 XserverDesktop: Added unknown keysym 0x6c1 to keycode 243
xfwm4-Message: 11:46:32.937: Unsupported keyboard modifier '<Super>Tab'

Fri Oct 11 11:46:33 2019
 XserverDesktop: Added unknown keysym 0x6ce to keycode 242
xfwm4-Message: 11:46:34.249: Unsupported keyboard modifier '<Super>Tab'

Fri Oct 11 11:46:35 2019
 XserverDesktop: Added unknown keysym 0x6dc to keycode 241
xfwm4-Message: 11:46:35.401: Unsupported keyboard modifier '<Super>Tab'

Fri Oct 11 11:56:34 2019
 XserverDesktop: Added unknown keysym 0x6c4 to keycode 240
xfwm4-Message: 11:56:34.647: Unsupported keyboard modifier '<Super>Tab'

Fri Oct 11 11:56:36 2019
 XserverDesktop: Added unknown keysym 0x6cb to keycode 239
xfwm4-Message: 11:56:36.288: Unsupported keyboard modifier '<Super>Tab'

Fri Oct 11 11:57:19 2019
 XserverDesktop: Added unknown keysym 0x6ca to keycode 238
xfwm4-Message: 11:57:20.170: Unsupported keyboard modifier '<Super>Tab'

Fri Oct 11 11:57:21 2019
 XserverDesktop: Added unknown keysym 0x6cc to keycode 237
 XserverDesktop: Added unknown keysym 0x6c2 to keycode 236
xfwm4-Message: 11:57:22.034: Unsupported keyboard modifier '<Super>Tab'

Fri Oct 11 11:57:22 2019
 XserverDesktop: Added unknown keysym 0x6c3 to keycode 235
xfwm4-Message: 11:57:22.577: Unsupported keyboard modifier '<Super>Tab'

Fri Oct 11 11:57:23 2019
 XserverDesktop: Added unknown keysym 0x6c8 to keycode 234
xfwm4-Message: 11:57:23.960: Unsupported keyboard modifier '<Super>Tab'

Fri Oct 11 11:57:25 2019
 XserverDesktop: Added unknown keysym 0x6da to keycode 233
xfwm4-Message: 11:57:26.063: Unsupported keyboard modifier '<Super>Tab'

Fri Oct 11 11:57:28 2019
 XserverDesktop: Added unknown keysym 0x6d8 to keycode 232
xfwm4-Message: 11:57:29.056: Unsupported keyboard modifier '<Super>Tab'

Fri Oct 11 11:58:26 2019
 XserverDesktop: Added unknown keysym 0x6fe to keycode 231
xfwm4-Message: 11:58:26.657: Unsupported keyboard modifier '<Super>Tab'

Fri Oct 11 11:58:31 2019
 XserverDesktop: Added unknown keysym 0x6c7 to keycode 230
xfwm4-Message: 11:58:31.354: Unsupported keyboard modifier '<Super>Tab'

Fri Oct 11 11:58:45 2019
 XserverDesktop: Added unknown keysym 0xf3 to keycode 229
xfwm4-Message: 11:58:46.238: Unsupported keyboard modifier '<Super>Tab'

Fri Oct 11 12:33:28 2019
 Connections: closed: 0.0.0.0::49790 (Clean disconnection)
 SMsgWriter:  framebuffer updates 9891
 SMsgWriter:    copyRect rects 2010, bytes 32160
 SMsgWriter:    hextile rects 41152, bytes 87029672
 SMsgWriter:    raw bytes equivalent 877034440, compression ratio 10.077419

Fri Oct 11 12:34:02 2019
 Connections: accepted: 0.0.0.0::49923
 SConnection: Client needs protocol version 3.8
 SConnection: Client requests security type VncAuth(2)

Fri Oct 11 12:34:06 2019
 VNCSConnST:  Server default pixel format depth 16 (16bpp) little-endian rgb565
 VNCSConnST:  Client pixel format depth 16 (16bpp) little-endian rgb565
 VNCSConnST:  Client pixel format depth 16 (16bpp) little-endian rgb565

Fri Oct 11 12:34:10 2019
 Connections: closed: 0.0.0.0::49923 (Clean disconnection)
 SMsgWriter:  framebuffer updates 2
 SMsgWriter:    hextile rects 2, bytes 8298
 SMsgWriter:    ZRLE rects 1, bytes 158
 SMsgWriter:    raw bytes equivalent 8294756, compression ratio 980.931410
x-window-manager: Fatal IO error 11 (Resource temporarily unavailable) on X server :23.
