
Xvnc Free Edition 4.1.1 - built Feb 25 2015 23:02:21
Copyright (C) 2002-2005 RealVNC Ltd.
See http://www.realvnc.com for information on VNC.
Underlying X server release 40300000, The XFree86 Project, Inc


Fri Nov 15 11:19:43 2019
 vncext:      VNC extension running!
 vncext:      Listening for VNC connections on port 5910
 vncext:      created VNC server for screen 0
error opening security policy file /etc/X11/xserver/SecurityPolicy
Could not init font path element /usr/X11R6/lib/X11/fonts/Type1/, removing from list!
Could not init font path element /usr/X11R6/lib/X11/fonts/Speedo/, removing from list!
Could not init font path element /usr/X11R6/lib/X11/fonts/misc/, removing from list!
Could not init font path element /usr/X11R6/lib/X11/fonts/75dpi/, removing from list!
Could not init font path element /usr/X11R6/lib/X11/fonts/100dpi/, removing from list!
Could not init font path element /usr/share/fonts/X11/75dpi/, removing from list!
Could not init font path element /usr/share/fonts/X11/100dpi/, removing from list!
xrdb: No such file or directory
xrdb: can't open file '/home/is28/garaev28/.Xresources'
/usr/bin/startxfce4: X server already running on display :10
gpg-agent[28065]: WARNING: "--write-env-file" is an obsolete option - it has no effect
gpg-agent: a gpg-agent is already running - not starting a new one

(xfce4-session:28019): xfce4-session-WARNING **: 11:19:47.194: gpg-agent returned no PID in the variables

(xfce4-session:28019): xfce4-session-WARNING **: 11:19:47.202: xfsm_manager_load_session: Something wrong with /home/is28/garaev28/.cache/sessions/xfce4-session-virt-1:10, Does it exist? Permissions issue?

(xfwm4:28078): xfwm4-WARNING **: 11:19:47.245: The display does not support the XRender extension.

(xfwm4:28078): xfwm4-WARNING **: 11:19:47.245: The display does not support the XComposite extension.

(xfwm4:28078): xfwm4-WARNING **: 11:19:47.245: The display does not support the XDamage extension.

(xfwm4:28078): xfwm4-WARNING **: 11:19:47.245: The display does not support the XFixes extension.

(xfwm4:28078): xfwm4-WARNING **: 11:19:47.245: Compositing manager disabled.
xfwm4-Message: 11:19:47.410: Unsupported keyboard modifier '<Super>Tab'

(xfsettingsd:28090): xfsettingsd-CRITICAL **: 11:19:47.417: RANDR extension is too old, version 1.1. Display settings won't be applied.
(uint32 1,)
Xlib:  extension "XInputExtension" missing on display ":10.0".

(xfsettingsd:28090): xfsettingsd-CRITICAL **: 11:19:47.421: XI is not present.

(xfsettingsd:28090): xfsettingsd-CRITICAL **: 11:19:47.421: Failed to initialize the Xkb extension.

(xfsettingsd:28090): xfsettingsd-CRITICAL **: 11:19:47.421: Failed to initialize the Accessibility extension.

** (light-locker:28089): ERROR **: 11:19:47.425: Environment variable XDG_SESSION_PATH not set. Is LightDM running?

(polkit-gnome-authentication-agent-1:28092): GLib-CRITICAL **: 11:19:47.471: g_variant_new_string: assertion 'string != NULL' failed

(polkit-gnome-authentication-agent-1:28092): polkit-gnome-1-WARNING **: 11:19:47.473: Failed to register client: GDBus.Error:org.freedesktop.DBus.Error.ServiceUnknown: The name org.gnome.SessionManager was not provided by any .service files
xfwm4-Message: 11:19:47.685: Unsupported keyboard modifier '<Super>Tab'

(nm-applet:28152): Gtk-WARNING **: 11:19:47.903: Can't set a parent on widget which has a parent

(nm-applet:28152): Gdk-CRITICAL **: 11:19:48.087: gdk_window_thaw_toplevel_updates: assertion 'window->update_and_descendants_freeze_count > 0' failed

Fri Nov 15 11:19:53 2019
 Connections: accepted: 0.0.0.0::59536
 SConnection: Client needs protocol version 3.8
 SConnection: Client requests security type VncAuth(2)

Fri Nov 15 11:19:55 2019
 VNCSConnST:  Server default pixel format depth 16 (16bpp) little-endian rgb565
 VNCSConnST:  Client pixel format depth 16 (16bpp) little-endian rgb565
/usr/lib/ubuntu-release-upgrader/check-new-release-gtk:30: PyGIWarning: Gtk was imported without specifying a version first. Use gi.require_version('Gtk', '3.0') before import to ensure that the right version gets loaded.
  from gi.repository import Gtk
WARNING:root:timeout reached, exiting
/usr/lib/python3/dist-packages/blueman/plugins/applet/AppIndicator.py:8: PyGIWarning: AppIndicator3 was imported without specifying a version first. Use gi.require_version('AppIndicator3', '0.1') before import to ensure that the right version gets loaded.
  from gi.repository import AppIndicator3 as girAppIndicator
ERROR:dbus.proxies:Introspect error on org.bluez:/org/bluez: dbus.exceptions.DBusException: org.freedesktop.DBus.Error.AccessDenied: Rejected send message, 2 matched rules; type="method_call", sender=":1.3465" (uid=1269 pid=28141 comm="/usr/bin/python3 /usr/bin/blueman-applet " label="unconfined") interface="org.freedesktop.DBus.Introspectable" member="Introspect" error name="(unset)" requested_reply="0" destination="org.bluez" (bus)
ERROR:dbus.proxies:Introspect error on org.bluez:/: dbus.exceptions.DBusException: org.freedesktop.DBus.Error.AccessDenied: Rejected send message, 2 matched rules; type="method_call", sender=":1.3465" (uid=1269 pid=28141 comm="/usr/bin/python3 /usr/bin/blueman-applet " label="unconfined") interface="org.freedesktop.DBus.Introspectable" member="Introspect" error name="(unset)" requested_reply="0" destination="org.bluez" (bus)
ERROR:dbus.proxies:Introspect error on org.bluez:/: dbus.exceptions.DBusException: org.freedesktop.DBus.Error.AccessDenied: Rejected send message, 2 matched rules; type="method_call", sender=":1.3465" (uid=1269 pid=28141 comm="/usr/bin/python3 /usr/bin/blueman-applet " label="unconfined") interface="org.freedesktop.DBus.Introspectable" member="Introspect" error name="(unset)" requested_reply="0" destination="org.bluez" (bus)

(wrapper-1.0:28256): Gdk-WARNING **: 11:20:12.203: /build/gtk+2.0-AoeliP/gtk+2.0-2.24.32/gdk/x11/gdkdrawable-x11.c:952 drawable is not a pixmap or window

(wrapper-1.0:28256): Gdk-WARNING **: 11:20:12.204: /build/gtk+2.0-AoeliP/gtk+2.0-2.24.32/gdk/x11/gdkdrawable-x11.c:952 drawable is not a pixmap or window

(gnome-nibbles:29839): Gdk-ERROR **: 11:22:56.180: The program 'gnome-nibbles' received an X Window System error.
This probably reflects a bug in the program.
The error was 'BadRequest (invalid request code or no such operation)'.
  (Details: serial 108 error_code 1 request_code 149 (RANDR) minor_code 8)
  (Note to programmers: normally, X errors are reported asynchronously;
   that is, you will receive the error a while after causing it.
   To debug your program, run it with the GDK_SYNCHRONIZE environment
   variable to change this behavior. You can then get a meaningful
   backtrace from your debugger if you break on the gdk_x_error() function.)

(quadrapassel:29855): Gdk-ERROR **: 11:23:04.170: The program 'quadrapassel' received an X Window System error.
This probably reflects a bug in the program.
The error was 'BadRequest (invalid request code or no such operation)'.
  (Details: serial 99 error_code 1 request_code 149 (RANDR) minor_code 8)
  (Note to programmers: normally, X errors are reported asynchronously;
   that is, you will receive the error a while after causing it.
   To debug your program, run it with the GDK_SYNCHRONIZE environment
   variable to change this behavior. You can then get a meaningful
   backtrace from your debugger if you break on the gdk_x_error() function.)

(Thunar:28086): Gdk-WARNING **: 11:32:50.369: gdk_window_set_icon_list: icons too large

(swell-foop:37998): Gdk-ERROR **: 11:40:11.675: The program 'swell-foop' received an X Window System error.
This probably reflects a bug in the program.
The error was 'BadRequest (invalid request code or no such operation)'.
  (Details: serial 99 error_code 1 request_code 149 (RANDR) minor_code 8)
  (Note to programmers: normally, X errors are reported asynchronously;
   that is, you will receive the error a while after causing it.
   To debug your program, run it with the GDK_SYNCHRONIZE environment
   variable to change this behavior. You can then get a meaningful
   backtrace from your debugger if you break on the gdk_x_error() function.)

(Thunar:28086): Gdk-WARNING **: 11:40:22.699: gdk_window_set_icon_list: icons too large
Xlib:  extension "XINERAMA" missing on display ":10.0".
func=xmlSecCheckVersionExt:file=xmlsec.c:line=188:obj=unknown:subj=unknown:error=19:invalid version:mode=abi compatible;expected minor version=2;real minor version=2;expected subminor version=25;real subminor version=26

(Thunar:28086): Gdk-WARNING **: 11:43:21.721: gdk_window_set_icon_list: icons too large
AUDIT: Fri Nov 15 11:43:24 2019: 27808 Xvnc4: client 20 rejected from local host
No protocol specified
Unable to init server: Could not connect: Connection refused
Cannot parse arguments: Cannot open display: 
func=xmlSecCheckVersionExt:file=xmlsec.c:line=188:obj=unknown:subj=unknown:error=19:invalid version:mode=abi compatible;expected minor version=2;real minor version=2;expected subminor version=25;real subminor version=26
func=xmlSecCheckVersionExt:file=xmlsec.c:line=188:obj=unknown:subj=unknown:error=19:invalid version:mode=abi compatible;expected minor version=2;real minor version=2;expected subminor version=25;real subminor version=26

Fri Nov 15 12:02:38 2019
 XserverDesktop: Added unknown keysym 0x6cd to keycode 255
 XserverDesktop: Added unknown keysym 0x6c1 to keycode 254
xfwm4-Message: 12:02:39.165: Unsupported keyboard modifier '<Super>Tab'

Fri Nov 15 12:02:40 2019
 XserverDesktop: Added unknown keysym 0x6d9 to keycode 253
xfwm4-Message: 12:02:40.741: Unsupported keyboard modifier '<Super>Tab'

Fri Nov 15 12:02:42 2019
 XserverDesktop: Added unknown keysym 0x6cc to keycode 252
xfwm4-Message: 12:02:42.382: Unsupported keyboard modifier '<Super>Tab'

Fri Nov 15 12:02:44 2019
 XserverDesktop: Added unknown keysym 0x6d2 to keycode 251
xfwm4-Message: 12:02:44.540: Unsupported keyboard modifier '<Super>Tab'

Fri Nov 15 12:02:45 2019
 XserverDesktop: Added unknown keysym 0xf3 to keycode 250
xfwm4-Message: 12:02:46.140: Unsupported keyboard modifier '<Super>Tab'

Fri Nov 15 12:03:08 2019
 XserverDesktop: Added unknown keysym 0x6c6 to keycode 249
xfwm4-Message: 12:03:09.109: Unsupported keyboard modifier '<Super>Tab'

Fri Nov 15 12:04:49 2019
 XserverDesktop: Added unknown keysym 0x6c2 to keycode 248
xfwm4-Message: 12:04:49.699: Unsupported keyboard modifier '<Super>Tab'

Fri Nov 15 12:08:42 2019
 XserverDesktop: Added unknown keysym 0x6d7 to keycode 247
xfwm4-Message: 12:08:42.776: Unsupported keyboard modifier '<Super>Tab'

Fri Nov 15 12:09:53 2019
 XserverDesktop: Added unknown keysym 0x6da to keycode 246
xfwm4-Message: 12:09:53.511: Unsupported keyboard modifier '<Super>Tab'
 XserverDesktop: Added unknown keysym 0x6cb to keycode 245
 XserverDesktop: Added unknown keysym 0x6db to keycode 244
 XserverDesktop: Added unknown keysym 0x6c9 to keycode 243
 XserverDesktop: Added unknown keysym 0x6d4 to keycode 242
 XserverDesktop: Added unknown keysym 0x6c5 to keycode 241
xfwm4-Message: 12:09:54.103: Unsupported keyboard modifier '<Super>Tab'

Fri Nov 15 12:10:38 2019
 XserverDesktop: Added unknown keysym 0x6c8 to keycode 240
xfwm4-Message: 12:10:38.271: Unsupported keyboard modifier '<Super>Tab'

Fri Nov 15 12:13:01 2019
 XserverDesktop: Added unknown keysym 0x6c4 to keycode 239
xfwm4-Message: 12:13:01.461: Unsupported keyboard modifier '<Super>Tab'

Fri Nov 15 12:14:43 2019
 XserverDesktop: Added unknown keysym 0x6cf to keycode 238
 XserverDesktop: Added unknown keysym 0x6d0 to keycode 237
xfwm4-Message: 12:14:43.683: Unsupported keyboard modifier '<Super>Tab'

(gedit:42674): Gtk-WARNING **: 12:18:11.149: Calling org.xfce.Session.Manager.Inhibit failed: GDBus.Error:org.freedesktop.DBus.Error.UnknownMethod: Method "Inhibit" with signature "susu" on interface "org.xfce.Session.Manager" doesn't exist


Fri Nov 15 12:18:41 2019
 XserverDesktop: Added unknown keysym 0x6d8 to keycode 236
xfwm4-Message: 12:18:41.279: Unsupported keyboard modifier '<Super>Tab'

Fri Nov 15 12:18:43 2019
 XserverDesktop: Added unknown keysym 0x6dc to keycode 235
xfwm4-Message: 12:18:43.287: Unsupported keyboard modifier '<Super>Tab'
 XserverDesktop: Added unknown keysym 0x6c0 to keycode 234
 XserverDesktop: Added unknown keysym 0x6d1 to keycode 233
xfwm4-Message: 12:18:43.856: Unsupported keyboard modifier '<Super>Tab'

Fri Nov 15 12:19:16 2019
 XserverDesktop: Added unknown keysym 0x6d3 to keycode 232
 XserverDesktop: Added unknown keysym 0x6dd to keycode 231
xfwm4-Message: 12:19:16.896: Unsupported keyboard modifier '<Super>Tab'

(atril:40295): GLib-CRITICAL **: 12:22:28.368: Source ID 1477 was not found when attempting to remove it

(atril:40295): GLib-CRITICAL **: 12:22:28.368: Source ID 1522 was not found when attempting to remove it
Xlib:  extension "XINERAMA" missing on display ":10.0".
func=xmlSecCheckVersionExt:file=xmlsec.c:line=188:obj=unknown:subj=unknown:error=19:invalid version:mode=abi compatible;expected minor version=2;real minor version=2;expected subminor version=25;real subminor version=26

Fri Nov 15 12:43:20 2019
 Connections: closed: 0.0.0.0::59536 (Clean disconnection)
 SMsgWriter:  framebuffer updates 37390
 SMsgWriter:    copyRect rects 3507, bytes 56112
 SMsgWriter:    hextile rects 117866, bytes 208155210
 SMsgWriter:    raw bytes equivalent 1547885902, compression ratio 7.436210

(xfdesktop:28088): libxfce4ui-WARNING **: 13:43:45.521: ICE I/O Error

(xfdesktop:28088): libxfce4ui-WARNING **: 13:43:47.357: Disconnected from session manager.
xfwm4: Fatal IO error 4 (Interrupted system call) on X server :10.0.
xfdesktop: Fatal IO error 25 (Inappropriate ioctl for device) on X server :10.0.
