
Xvnc Free Edition 4.1.1 - built Feb 25 2015 23:02:21
Copyright (C) 2002-2005 RealVNC Ltd.
See http://www.realvnc.com for information on VNC.
Underlying X server release 40300000, The XFree86 Project, Inc


Thu Feb 27 09:44:37 2020
 vncext:      VNC extension running!
 vncext:      Listening for VNC connections on port 5902
 vncext:      created VNC server for screen 0
error opening security policy file /etc/X11/xserver/SecurityPolicy
Could not init font path element /usr/X11R6/lib/X11/fonts/Type1/, removing from list!
Could not init font path element /usr/X11R6/lib/X11/fonts/Speedo/, removing from list!
Could not init font path element /usr/X11R6/lib/X11/fonts/misc/, removing from list!
Could not init font path element /usr/X11R6/lib/X11/fonts/75dpi/, removing from list!
Could not init font path element /usr/X11R6/lib/X11/fonts/100dpi/, removing from list!
Could not init font path element /usr/share/fonts/X11/75dpi/, removing from list!
Could not init font path element /usr/share/fonts/X11/100dpi/, removing from list!
xrdb: No such file or directory
xrdb: can't open file '/home/is28/garaev28/.Xresources'
/usr/bin/startxfce4: X server already running on display :2
gpg-agent[3593]: WARNING: "--write-env-file" is an obsolete option - it has no effect
gpg-agent: a gpg-agent is already running - not starting a new one

(xfce4-session:3582): xfce4-session-WARNING **: 09:44:41.116: gpg-agent returned no PID in the variables

(xfce4-session:3582): xfce4-session-WARNING **: 09:44:41.117: xfsm_manager_load_session: Something wrong with /home/is28/garaev28/.cache/sessions/xfce4-session-virt-1:2, Does it exist? Permissions issue?

(xfwm4:3597): xfwm4-WARNING **: 09:44:41.143: The display does not support the XRender extension.

(xfwm4:3597): xfwm4-WARNING **: 09:44:41.143: The display does not support the XComposite extension.

(xfwm4:3597): xfwm4-WARNING **: 09:44:41.143: The display does not support the XDamage extension.

(xfwm4:3597): xfwm4-WARNING **: 09:44:41.143: The display does not support the XFixes extension.

(xfwm4:3597): xfwm4-WARNING **: 09:44:41.143: Compositing manager disabled.

** (light-locker:3607): ERROR **: 09:44:41.178: Environment variable XDG_SESSION_PATH not set. Is LightDM running?

(polkit-gnome-authentication-agent-1:3609): GLib-CRITICAL **: 09:44:41.184: g_variant_new_string: assertion 'string != NULL' failed

(polkit-gnome-authentication-agent-1:3609): polkit-gnome-1-WARNING **: 09:44:41.185: Failed to register client: GDBus.Error:org.freedesktop.DBus.Error.ServiceUnknown: The name org.gnome.SessionManager was not provided by any .service files
(uint32 1,)

(xfsettingsd:3603): xfsettingsd-CRITICAL **: 09:44:41.247: RANDR extension is too old, version 1.1. Display settings won't be applied.
Xlib:  extension "XInputExtension" missing on display ":2.0".

(xfsettingsd:3603): xfsettingsd-CRITICAL **: 09:44:41.247: XI is not present.

(xfsettingsd:3603): xfsettingsd-CRITICAL **: 09:44:41.248: Failed to initialize the Xkb extension.

(xfsettingsd:3603): xfsettingsd-CRITICAL **: 09:44:41.248: Failed to initialize the Accessibility extension.
xfwm4-Message: 09:44:41.291: Unsupported keyboard modifier '<Super>Tab'
xfwm4-Message: 09:44:41.339: Unsupported keyboard modifier '<Super>Tab'

(nm-applet:3707): Gtk-WARNING **: 09:44:41.394: Can't set a parent on widget which has a parent

(nm-applet:3707): Gdk-CRITICAL **: 09:44:41.544: gdk_window_thaw_toplevel_updates: assertion 'window->update_and_descendants_freeze_count > 0' failed
/usr/lib/python3/dist-packages/blueman/plugins/applet/AppIndicator.py:8: PyGIWarning: AppIndicator3 was imported without specifying a version first. Use gi.require_version('AppIndicator3', '0.1') before import to ensure that the right version gets loaded.
  from gi.repository import AppIndicator3 as girAppIndicator
ERROR:dbus.proxies:Introspect error on org.bluez:/org/bluez: dbus.exceptions.DBusException: org.freedesktop.DBus.Error.AccessDenied: Rejected send message, 2 matched rules; type="method_call", sender=":1.96" (uid=1269 pid=3679 comm="/usr/bin/python3 /usr/bin/blueman-applet " label="unconfined") interface="org.freedesktop.DBus.Introspectable" member="Introspect" error name="(unset)" requested_reply="0" destination="org.bluez" (bus)
ERROR:dbus.proxies:Introspect error on org.bluez:/: dbus.exceptions.DBusException: org.freedesktop.DBus.Error.AccessDenied: Rejected send message, 2 matched rules; type="method_call", sender=":1.96" (uid=1269 pid=3679 comm="/usr/bin/python3 /usr/bin/blueman-applet " label="unconfined") interface="org.freedesktop.DBus.Introspectable" member="Introspect" error name="(unset)" requested_reply="0" destination="org.bluez" (bus)
ERROR:dbus.proxies:Introspect error on org.bluez:/: dbus.exceptions.DBusException: org.freedesktop.DBus.Error.AccessDenied: Rejected send message, 2 matched rules; type="method_call", sender=":1.96" (uid=1269 pid=3679 comm="/usr/bin/python3 /usr/bin/blueman-applet " label="unconfined") interface="org.freedesktop.DBus.Introspectable" member="Introspect" error name="(unset)" requested_reply="0" destination="org.bluez" (bus)

(wrapper-1.0:3776): Gdk-WARNING **: 09:44:45.668: /build/gtk+2.0-AoeliP/gtk+2.0-2.24.32/gdk/x11/gdkdrawable-x11.c:952 drawable is not a pixmap or window

Thu Feb 27 09:44:45 2020
 Connections: accepted: 0.0.0.0::49296
 SConnection: Client needs protocol version 3.8
 SConnection: Client requests security type VncAuth(2)

Thu Feb 27 09:44:49 2020
 SConnection: AuthFailureException: Authentication failure
 Connections: closed: 0.0.0.0::49296 (Authentication failure)

Thu Feb 27 09:44:53 2020
 Connections: accepted: 0.0.0.0::49297
 SConnection: Client needs protocol version 3.8
 SConnection: Client requests security type VncAuth(2)

Thu Feb 27 09:44:57 2020
 VNCSConnST:  Server default pixel format depth 16 (16bpp) little-endian rgb565
 VNCSConnST:  Client pixel format depth 16 (16bpp) little-endian rgb565

Thu Feb 27 09:45:03 2020
 Connections: closed: 0.0.0.0::49297 (Clean disconnection)
 SMsgWriter:  framebuffer updates 33
 SMsgWriter:    hextile rects 34, bytes 407031
 SMsgWriter:    raw bytes equivalent 4578842, compression ratio 11.249369

Thu Feb 27 09:45:07 2020
 Connections: accepted: 0.0.0.0::49300
 SConnection: Client needs protocol version 3.8
 SConnection: Client requests security type VncAuth(2)

Thu Feb 27 09:45:10 2020
 VNCSConnST:  Server default pixel format depth 16 (16bpp) little-endian rgb565
 VNCSConnST:  Client pixel format depth 16 (16bpp) little-endian rgb565
Xlib:  extension "XInputExtension" missing on display ":2.0".
Xlib:  extension "XInputExtension" missing on display ":2.0".
Xlib:  extension "XInputExtension" missing on display ":2.0".
Xlib:  extension "XInputExtension" missing on display ":2.0".
[9749:9749:0227/094640.108383:ERROR:gl_surface_glx.cc(458)] GLX 1.3 or later is required.
[9749:9749:0227/094640.108464:ERROR:gl_initializer_x11.cc(148)] GLSurfaceGLX::InitializeOneOff failed.
[9749:9749:0227/094640.111124:ERROR:viz_main_impl.cc(161)] Exiting GPU process due to errors during initialization
Xlib:  extension "XInputExtension" missing on display ":2.0".
Xlib:  extension "XInputExtension" missing on display ":2.0".
Xlib:  extension "XInputExtension" missing on display ":2.0".
** Message: 09:46:58.500: Remote error from secret service: org.freedesktop.DBus.Error.UnknownMethod: No such interface 'org.freedesktop.Secret.Collection' on object at path /org/freedesktop/secrets/collection/login
** Message: 09:46:58.519: Remote error from secret service: org.freedesktop.DBus.Error.UnknownMethod: No such interface 'org.freedesktop.Secret.Collection' on object at path /org/freedesktop/secrets/collection/login
[10593:1:0227/094702.065223:ERROR:child_process_sandbox_support_impl_linux.cc(79)] FontService unique font name matching request did not receive a response.
[10593:1:0227/094702.066066:ERROR:child_process_sandbox_support_impl_linux.cc(79)] FontService unique font name matching request did not receive a response.
** Message: 09:47:24.811: Remote error from secret service: org.freedesktop.DBus.Error.UnknownMethod: No such interface 'org.freedesktop.Secret.Collection' on object at path /org/freedesktop/secrets/collection/login
** Message: 09:47:24.827: Remote error from secret service: org.freedesktop.DBus.Error.UnknownMethod: No such interface 'org.freedesktop.Secret.Collection' on object at path /org/freedesktop/secrets/collection/login

(Thunar:3604): Gdk-WARNING **: 09:48:22.642: gdk_window_set_icon_list: icons too large
Xlib:  extension "XINERAMA" missing on display ":2.0".
func=xmlSecCheckVersionExt:file=xmlsec.c:line=188:obj=unknown:subj=unknown:error=19:invalid version:mode=abi compatible;expected minor version=2;real minor version=2;expected subminor version=25;real subminor version=26

(Thunar:3604): thunar-WARNING **: 09:51:36.981: Content type loading failed for Zad1_N8: Error when getting information for file “/home/is28/garaev28/C++/Lab1/Zad1_N8”: No such file or directory

(nm-applet:3707): Gtk-CRITICAL **: 10:32:51.319: gtk_widget_destroy: assertion 'GTK_IS_WIDGET (widget)' failed

(nm-applet:3707): Gtk-CRITICAL **: 10:32:51.319: gtk_widget_destroy: assertion 'GTK_IS_WIDGET (widget)' failed

(nm-applet:3707): Gtk-WARNING **: 10:32:51.321: Can't set a parent on widget which has a parent

(nm-applet:3707): Gtk-CRITICAL **: 10:32:56.650: gtk_widget_destroy: assertion 'GTK_IS_WIDGET (widget)' failed

(nm-applet:3707): Gtk-CRITICAL **: 10:32:56.650: gtk_widget_destroy: assertion 'GTK_IS_WIDGET (widget)' failed

(nm-applet:3707): Gtk-WARNING **: 10:32:56.651: Can't set a parent on widget which has a parent

Thu Feb 27 10:37:09 2020
 XserverDesktop: Added unknown keysym 0x6c0 to keycode 255
xfwm4-Message: 10:37:09.352: Unsupported keyboard modifier '<Super>Tab'

Thu Feb 27 10:37:22 2020
 XserverDesktop: Added unknown keysym 0x6f7 to keycode 254
xfwm4-Message: 10:37:22.362: Unsupported keyboard modifier '<Super>Tab'
 XserverDesktop: Added unknown keysym 0x6f3 to keycode 253
xfwm4-Message: 10:37:22.656: Unsupported keyboard modifier '<Super>Tab'

Thu Feb 27 10:38:02 2020
 XserverDesktop: Added unknown keysym 0x6f0 to keycode 252
xfwm4-Message: 10:38:02.390: Unsupported keyboard modifier '<Super>Tab'

Thu Feb 27 10:38:04 2020
 XserverDesktop: Added unknown keysym 0x6ce to keycode 251
xfwm4-Message: 10:38:04.783: Unsupported keyboard modifier '<Super>Tab'

Thu Feb 27 10:38:13 2020
 XserverDesktop: Added unknown keysym 0xf3 to keycode 250
 XserverDesktop: Added unknown keysym 0x6c4 to keycode 249
 XserverDesktop: Added unknown keysym 0x6d9 to keycode 248
xfwm4-Message: 10:38:13.703: Unsupported keyboard modifier '<Super>Tab'

Thu Feb 27 10:38:24 2020
 XserverDesktop: Added unknown keysym 0x6d4 to keycode 247
xfwm4-Message: 10:38:24.782: Unsupported keyboard modifier '<Super>Tab'

Thu Feb 27 10:38:32 2020
 XserverDesktop: Added unknown keysym 0x6d2 to keycode 246
xfwm4-Message: 10:38:33.142: Unsupported keyboard modifier '<Super>Tab'

Thu Feb 27 10:38:41 2020
 XserverDesktop: Added unknown keysym 0x6fe to keycode 245
xfwm4-Message: 10:38:41.358: Unsupported keyboard modifier '<Super>Tab'

Thu Feb 27 10:38:51 2020
 XserverDesktop: Added unknown keysym 0x6e1 to keycode 244
xfwm4-Message: 10:38:51.990: Unsupported keyboard modifier '<Super>Tab'

Thu Feb 27 10:39:01 2020
 XserverDesktop: Added unknown keysym 0x6c2 to keycode 243
xfwm4-Message: 10:39:01.381: Unsupported keyboard modifier '<Super>Tab'

Thu Feb 27 10:39:56 2020
 XserverDesktop: Added unknown keysym 0x6cb to keycode 242
xfwm4-Message: 10:39:56.590: Unsupported keyboard modifier '<Super>Tab'

Thu Feb 27 10:53:46 2020
 Connections: closed: 0.0.0.0::49300 (Clean disconnection)
 SMsgWriter:  framebuffer updates 12947
 SMsgWriter:    copyRect rects 2578, bytes 41248
 SMsgWriter:    hextile rects 46524, bytes 89057007
 SMsgWriter:    raw bytes equivalent 982750898, compression ratio 11.035077
ERROR:dbus.proxies:Introspect error on org.bluez:/: dbus.exceptions.DBusException: org.freedesktop.DBus.Error.AccessDenied: Rejected send message, 2 matched rules; type="method_call", sender=":1.96" (uid=1269 pid=3679 comm="/usr/bin/python3 /usr/bin/blueman-applet " label="unconfined") interface="org.freedesktop.DBus.Introspectable" member="Introspect" error name="(unset)" requested_reply="0" destination="org.bluez" (uid=0 pid=63953 comm="/usr/lib/bluetooth/bluetoothd " label="unconfined")
xfwm4: Fatal IO error 4 (Interrupted system call) on X server :2.0.
xfdesktop: Fatal IO error 11 (Resource temporarily unavailable) on X server :2.0.
