
Xvnc Free Edition 4.1.1 - built Jul 31 2015 19:10:31
Copyright (C) 2002-2005 RealVNC Ltd.
See http://www.realvnc.com for information on VNC.
Underlying X server release 40300000, The XFree86 Project, Inc


Fri Sep  6 11:41:27 2019
 vncext:      VNC extension running!
 vncext:      Listening for VNC connections on port 5936
 vncext:      created VNC server for screen 0
error opening security policy file /etc/X11/xserver/SecurityPolicy
Could not init font path element /usr/X11R6/lib/X11/fonts/Type1/, removing from list!
Could not init font path element /usr/X11R6/lib/X11/fonts/Speedo/, removing from list!
Could not init font path element /usr/X11R6/lib/X11/fonts/misc/, removing from list!
Could not init font path element /usr/X11R6/lib/X11/fonts/75dpi/, removing from list!
Could not init font path element /usr/X11R6/lib/X11/fonts/100dpi/, removing from list!
Could not init font path element /usr/share/fonts/X11/75dpi/, removing from list!
Could not init font path element /usr/share/fonts/X11/100dpi/, removing from list!
Option "--login" is no longer supported in this version of gnome-terminal; you might want to create a profile with the desired setting, and use the new '--profile' option

(gnome-terminal:16568): GLib-GIO-CRITICAL **: g_settings_get: the format string may not contain '&' (key 'monospace-font-name' from schema 'org.gnome.desktop.interface'). This call will probably stop working with a future version of glib.

(gnome-terminal:16568): Vte-2.90-WARNING **: Unable to convert characters from текущая to X-VTE-GUNICHAR.
Unhandled value type TerminalEncoding of pspec encoding

(x-window-manager:16569): xfwm4-WARNING **: The display does not support the XRender extension.

(x-window-manager:16569): xfwm4-WARNING **: The display does not support the XComposite extension.

(x-window-manager:16569): xfwm4-WARNING **: The display does not support the XDamage extension.

(x-window-manager:16569): xfwm4-WARNING **: The display does not support the XFixes extension.

(x-window-manager:16569): xfwm4-WARNING **: Compositing manager disabled.

(x-window-manager:16569): xfwm4-WARNING **: Failed to connect to session manager: Не удалось подключиться к менеджеру сеансов: SESSION_MANAGER environment variable not defined

Fri Sep  6 11:41:36 2019
 Connections: accepted: 0.0.0.0::49409
 SConnection: Client needs protocol version 3.8
 SConnection: Client requests security type VncAuth(2)

Fri Sep  6 11:41:42 2019
 VNCSConnST:  Server default pixel format depth 16 (16bpp) little-endian rgb565
 VNCSConnST:  Client pixel format depth 16 (16bpp) little-endian rgb565

Fri Sep  6 11:49:58 2019
 XserverDesktop: Added unknown keysym 0x6eb to keycode 255
 XserverDesktop: Added unknown keysym 0x6c1 to keycode 254

Fri Sep  6 11:50:01 2019
 XserverDesktop: Added unknown keysym 0x6d7 to keycode 253
 XserverDesktop: Added unknown keysym 0x6d3 to keycode 252
 XserverDesktop: Added unknown keysym 0x6da to keycode 251

Fri Sep  6 11:50:02 2019
 XserverDesktop: Added unknown keysym 0x6cf to keycode 250
 XserverDesktop: Added unknown keysym 0x6d4 to keycode 249

Fri Sep  6 11:50:03 2019
 XserverDesktop: Added unknown keysym 0xf3 to keycode 248

Fri Sep  6 11:50:12 2019
 XserverDesktop: Added unknown keysym 0x6fc to keycode 247

Fri Sep  6 11:50:35 2019
 XserverDesktop: Added unknown keysym 0x6f0 to keycode 246
 XserverDesktop: Added unknown keysym 0x6f2 to keycode 245
 XserverDesktop: Added unknown keysym 0x6c9 to keycode 244
 XserverDesktop: Added unknown keysym 0x6c5 to keycode 243

Fri Sep  6 11:50:43 2019
 XserverDesktop: Added unknown keysym 0x6c0 to keycode 242

Fri Sep  6 11:50:44 2019
 XserverDesktop: Added unknown keysym 0x6c2 to keycode 241

Fri Sep  6 11:50:50 2019
 XserverDesktop: Added unknown keysym 0x6c6 to keycode 240

Fri Sep  6 11:52:14 2019
 XserverDesktop: Added unknown keysym 0x6cc to keycode 239
 XserverDesktop: Added unknown keysym 0x6d8 to keycode 238

Fri Sep  6 11:52:17 2019
 XserverDesktop: Added unknown keysym 0x6cd to keycode 237

Fri Sep  6 11:52:32 2019
 XserverDesktop: Added unknown keysym 0x6fe to keycode 236

Fri Sep  6 11:52:36 2019
 XserverDesktop: Added unknown keysym 0x6c4 to keycode 235

Fri Sep  6 11:52:39 2019
 XserverDesktop: Added unknown keysym 0x6d9 to keycode 234

Fri Sep  6 11:53:08 2019
 XserverDesktop: Added unknown keysym 0x6c7 to keycode 233

Fri Sep  6 11:53:11 2019
 XserverDesktop: Added unknown keysym 0x6ce to keycode 232

Fri Sep  6 11:53:12 2019
 XserverDesktop: Added unknown keysym 0x6d1 to keycode 231

Fri Sep  6 12:00:37 2019
 Connections: closed: 0.0.0.0::49409 (Clean disconnection)
 SMsgWriter:  framebuffer updates 3438
 SMsgWriter:    copyRect rects 2501, bytes 40016
 SMsgWriter:    hextile rects 18551, bytes 25258221
 SMsgWriter:    raw bytes equivalent 323038502, compression ratio 12.789440

Fri Sep  6 12:00:39 2019
 Connections: accepted: 0.0.0.0::49460
 SConnection: Client needs protocol version 3.8
 SConnection: Client requests security type VncAuth(2)

Fri Sep  6 12:00:43 2019
 VNCSConnST:  Server default pixel format depth 16 (16bpp) little-endian rgb565
 VNCSConnST:  Client pixel format depth 16 (16bpp) little-endian rgb565

Fri Sep  6 12:37:25 2019
 Connections: closed: 0.0.0.0::49460 (Clean disconnection)
 SMsgWriter:  framebuffer updates 6247
 SMsgWriter:    copyRect rects 4614, bytes 73824
 SMsgWriter:    hextile rects 46557, bytes 99176623
 SMsgWriter:    raw bytes equivalent 812794628, compression ratio 8.195426
