
Xvnc Free Edition 4.1.1 - built Jul 31 2015 19:10:31
Copyright (C) 2002-2005 RealVNC Ltd.
See http://www.realvnc.com for information on VNC.
Underlying X server release 40300000, The XFree86 Project, Inc


Fri Sep  6 11:29:40 2019
 vncext:      VNC extension running!
 vncext:      Listening for VNC connections on port 5906
 vncext:      created VNC server for screen 0
error opening security policy file /etc/X11/xserver/SecurityPolicy
Could not init font path element /usr/X11R6/lib/X11/fonts/Type1/, removing from list!
Could not init font path element /usr/X11R6/lib/X11/fonts/Speedo/, removing from list!
Could not init font path element /usr/X11R6/lib/X11/fonts/misc/, removing from list!
Could not init font path element /usr/X11R6/lib/X11/fonts/75dpi/, removing from list!
Could not init font path element /usr/X11R6/lib/X11/fonts/100dpi/, removing from list!
Could not init font path element /usr/share/fonts/X11/75dpi/, removing from list!
Could not init font path element /usr/share/fonts/X11/100dpi/, removing from list!
Option "--login" is no longer supported in this version of gnome-terminal; you might want to create a profile with the desired setting, and use the new '--profile' option

(gnome-terminal:10056): GLib-GIO-CRITICAL **: g_settings_get: the format string may not contain '&' (key 'monospace-font-name' from schema 'org.gnome.desktop.interface'). This call will probably stop working with a future version of glib.

(gnome-terminal:10056): Vte-2.90-WARNING **: Unable to convert characters from текущая to X-VTE-GUNICHAR.
Unhandled value type TerminalEncoding of pspec encoding

(x-window-manager:10057): xfwm4-WARNING **: The display does not support the XRender extension.

(x-window-manager:10057): xfwm4-WARNING **: The display does not support the XComposite extension.

(x-window-manager:10057): xfwm4-WARNING **: The display does not support the XDamage extension.

(x-window-manager:10057): xfwm4-WARNING **: The display does not support the XFixes extension.

(x-window-manager:10057): xfwm4-WARNING **: Compositing manager disabled.

(x-window-manager:10057): xfwm4-WARNING **: Failed to connect to session manager: Не удалось подключиться к менеджеру сеансов: SESSION_MANAGER environment variable not defined

Fri Sep  6 11:30:32 2019
 Connections: accepted: 0.0.0.0::49390
 SConnection: Client needs protocol version 3.8
 SConnection: Client requests security type VncAuth(2)

Fri Sep  6 11:30:36 2019
 VNCSConnST:  Server default pixel format depth 16 (16bpp) little-endian rgb565
 VNCSConnST:  Client pixel format depth 16 (16bpp) little-endian rgb565

Fri Sep  6 11:30:40 2019
 Connections: accepted: 0.0.0.0::49397
 SConnection: Client needs protocol version 3.8
 SConnection: Client requests security type VncAuth(2)

Fri Sep  6 11:30:45 2019
 SConnection: AuthFailureException: Authentication failure
 Connections: closed: 0.0.0.0::49397 (Authentication failure)

Fri Sep  6 11:31:03 2019
 Connections: accepted: 0.0.0.0::49398
 SConnection: Client needs protocol version 3.8
 SConnection: Client requests security type VncAuth(2)

Fri Sep  6 11:31:05 2019
 Connections: closed: 0.0.0.0::49398 (read: Connection reset by peer (104))

Fri Sep  6 11:41:02 2019
 Connections: closed: 0.0.0.0::49390 (Clean disconnection)
 SMsgWriter:  framebuffer updates 1582
 SMsgWriter:    copyRect rects 2514, bytes 40224
 SMsgWriter:    hextile rects 6479, bytes 5790729
 SMsgWriter:    raw bytes equivalent 184423336, compression ratio 31.848034
