
Xvnc Free Edition 4.1.1 - built Feb 25 2015 23:02:21
Copyright (C) 2002-2005 RealVNC Ltd.
See http://www.realvnc.com for information on VNC.
Underlying X server release 40300000, The XFree86 Project, Inc


Fri Dec 13 11:28:43 2019
 vncext:      VNC extension running!
 vncext:      Listening for VNC connections on port 5917
 vncext:      created VNC server for screen 0
error opening security policy file /etc/X11/xserver/SecurityPolicy
Could not init font path element /usr/X11R6/lib/X11/fonts/Type1/, removing from list!
Could not init font path element /usr/X11R6/lib/X11/fonts/Speedo/, removing from list!
Could not init font path element /usr/X11R6/lib/X11/fonts/misc/, removing from list!
Could not init font path element /usr/X11R6/lib/X11/fonts/75dpi/, removing from list!
Could not init font path element /usr/X11R6/lib/X11/fonts/100dpi/, removing from list!
Could not init font path element /usr/share/fonts/X11/75dpi/, removing from list!
Could not init font path element /usr/share/fonts/X11/100dpi/, removing from list!
xrdb: No such file or directory
xrdb: can't open file '/home/is28/shishmakova28/.Xresources'
/usr/bin/startxfce4: X server already running on display :17
gpg-agent[24602]: WARNING: "--write-env-file" is an obsolete option - it has no effect
gpg-agent: a gpg-agent is already running - not starting a new one

(xfce4-session:24592): xfce4-session-WARNING **: 11:28:46.573: gpg-agent returned no PID in the variables

(xfce4-session:24592): xfce4-session-WARNING **: 11:28:46.574: xfsm_manager_load_session: Something wrong with /home/is28/shishmakova28/.cache/sessions/xfce4-session-virt-1:17, Does it exist? Permissions issue?

(xfwm4:24606): xfwm4-WARNING **: 11:28:46.598: The display does not support the XRender extension.

(xfwm4:24606): xfwm4-WARNING **: 11:28:46.598: The display does not support the XComposite extension.

(xfwm4:24606): xfwm4-WARNING **: 11:28:46.598: The display does not support the XDamage extension.

(xfwm4:24606): xfwm4-WARNING **: 11:28:46.598: The display does not support the XFixes extension.

(xfwm4:24606): xfwm4-WARNING **: 11:28:46.598: Compositing manager disabled.

** (light-locker:24615): ERROR **: 11:28:46.632: Environment variable XDG_SESSION_PATH not set. Is LightDM running?
xfwm4-Message: 11:28:46.644: Unsupported keyboard modifier '<Super>Tab'

(polkit-gnome-authentication-agent-1:24617): GLib-CRITICAL **: 11:28:46.649: g_variant_new_string: assertion 'string != NULL' failed

(polkit-gnome-authentication-agent-1:24617): polkit-gnome-1-WARNING **: 11:28:46.650: Failed to register client: GDBus.Error:org.freedesktop.DBus.Error.ServiceUnknown: The name org.gnome.SessionManager was not provided by any .service files
(uint32 1,)

(xfsettingsd:24625): xfsettingsd-CRITICAL **: 11:28:46.719: RANDR extension is too old, version 1.1. Display settings won't be applied.
Xlib:  extension "XInputExtension" missing on display ":17.0".

(xfsettingsd:24625): xfsettingsd-CRITICAL **: 11:28:46.720: XI is not present.

(xfsettingsd:24625): xfsettingsd-CRITICAL **: 11:28:46.720: Failed to initialize the Xkb extension.

(xfsettingsd:24625): xfsettingsd-CRITICAL **: 11:28:46.721: Failed to initialize the Accessibility extension.
xfwm4-Message: 11:28:46.779: Unsupported keyboard modifier '<Super>Tab'

(nm-applet:24702): Gtk-WARNING **: 11:28:47.039: Can't set a parent on widget which has a parent

(nm-applet:24702): Gdk-CRITICAL **: 11:28:47.179: gdk_window_thaw_toplevel_updates: assertion 'window->update_and_descendants_freeze_count > 0' failed

Fri Dec 13 11:28:55 2019
 Connections: accepted: 0.0.0.0::50131
 SConnection: Client needs protocol version 3.8
 SConnection: Client requests security type VncAuth(2)
/usr/lib/ubuntu-release-upgrader/check-new-release-gtk:30: PyGIWarning: Gtk was imported without specifying a version first. Use gi.require_version('Gtk', '3.0') before import to ensure that the right version gets loaded.
  from gi.repository import Gtk
WARNING:root:timeout reached, exiting
/usr/lib/python3/dist-packages/blueman/plugins/applet/AppIndicator.py:8: PyGIWarning: AppIndicator3 was imported without specifying a version first. Use gi.require_version('AppIndicator3', '0.1') before import to ensure that the right version gets loaded.
  from gi.repository import AppIndicator3 as girAppIndicator
ERROR:dbus.proxies:Introspect error on org.bluez:/org/bluez: dbus.exceptions.DBusException: org.freedesktop.DBus.Error.AccessDenied: Rejected send message, 2 matched rules; type="method_call", sender=":1.2552" (uid=1289 pid=24681 comm="/usr/bin/python3 /usr/bin/blueman-applet " label="unconfined") interface="org.freedesktop.DBus.Introspectable" member="Introspect" error name="(unset)" requested_reply="0" destination="org.bluez" (bus)
ERROR:dbus.proxies:Introspect error on org.bluez:/: dbus.exceptions.DBusException: org.freedesktop.DBus.Error.AccessDenied: Rejected send message, 2 matched rules; type="method_call", sender=":1.2552" (uid=1289 pid=24681 comm="/usr/bin/python3 /usr/bin/blueman-applet " label="unconfined") interface="org.freedesktop.DBus.Introspectable" member="Introspect" error name="(unset)" requested_reply="0" destination="org.bluez" (bus)
ERROR:dbus.proxies:Introspect error on org.bluez:/: dbus.exceptions.DBusException: org.freedesktop.DBus.Error.AccessDenied: Rejected send message, 2 matched rules; type="method_call", sender=":1.2552" (uid=1289 pid=24681 comm="/usr/bin/python3 /usr/bin/blueman-applet " label="unconfined") interface="org.freedesktop.DBus.Introspectable" member="Introspect" error name="(unset)" requested_reply="0" destination="org.bluez" (bus)

(wrapper-1.0:24760): Gdk-WARNING **: 11:29:12.176: /build/gtk+2.0-AoeliP/gtk+2.0-2.24.32/gdk/x11/gdkdrawable-x11.c:952 drawable is not a pixmap or window

Fri Dec 13 11:29:22 2019
 VNCSConnST:  Server default pixel format depth 16 (16bpp) little-endian rgb565
 VNCSConnST:  Client pixel format depth 16 (16bpp) little-endian rgb565

(Thunar:24612): Gdk-WARNING **: 11:30:14.967: gdk_window_set_icon_list: icons too large
Xlib:  extension "XINERAMA" missing on display ":17.0".
func=xmlSecCheckVersionExt:file=xmlsec.c:line=188:obj=unknown:subj=unknown:error=19:invalid version:mode=abi compatible;expected minor version=2;real minor version=2;expected subminor version=25;real subminor version=26

Fri Dec 13 11:45:16 2019
 XserverDesktop: Added unknown keysym 0x6c9 to keycode 255
xfwm4-Message: 11:45:16.763: Unsupported keyboard modifier '<Super>Tab'
 XserverDesktop: Added unknown keysym 0x6cd to keycode 254
 XserverDesktop: Added unknown keysym 0x6d1 to keycode 253
xfwm4-Message: 11:45:17.258: Unsupported keyboard modifier '<Super>Tab'

Fri Dec 13 11:45:25 2019
 XserverDesktop: Added unknown keysym 0x6c6 to keycode 252
 XserverDesktop: Added unknown keysym 0x6c1 to keycode 251
xfwm4-Message: 11:45:25.946: Unsupported keyboard modifier '<Super>Tab'

Fri Dec 13 11:45:26 2019
 XserverDesktop: Added unknown keysym 0x6cc to keycode 250
xfwm4-Message: 11:45:26.706: Unsupported keyboard modifier '<Super>Tab'

Fri Dec 13 11:45:29 2019
 XserverDesktop: Added unknown keysym 0x6d7 to keycode 249
 XserverDesktop: Added unknown keysym 0x6cf to keycode 248

Fri Dec 13 11:45:30 2019
 XserverDesktop: Added unknown keysym 0x6da to keycode 247
xfwm4-Message: 11:45:30.474: Unsupported keyboard modifier '<Super>Tab'
 XserverDesktop: Added unknown keysym 0x6d2 to keycode 246
xfwm4-Message: 11:45:30.802: Unsupported keyboard modifier '<Super>Tab'
 XserverDesktop: Added unknown keysym 0x6d3 to keycode 245
 XserverDesktop: Added unknown keysym 0x6d4 to keycode 244
xfwm4-Message: 11:45:31.194: Unsupported keyboard modifier '<Super>Tab'

(Thunar:24612): Gdk-WARNING **: 11:50:26.779: gdk_window_set_icon_list: icons too large

Fri Dec 13 12:29:13 2019
 Connections: accepted: 0.0.0.0::52583
 SConnection: Client needs protocol version 3.8
 SConnection: Client requests security type VncAuth(2)

Fri Dec 13 12:29:18 2019
 VNCSConnST:  Server default pixel format depth 16 (16bpp) little-endian rgb565
 VNCSConnST:  Client pixel format depth 16 (16bpp) little-endian rgb565

Fri Dec 13 12:45:29 2019
 Connections: closed: 0.0.0.0::50131 (Clean disconnection)
 SMsgWriter:  framebuffer updates 16220
 SMsgWriter:    copyRect rects 6249, bytes 99984
 SMsgWriter:    hextile rects 48702, bytes 89108433
 SMsgWriter:    raw bytes equivalent 890707540, compression ratio 9.995772

Fri Dec 13 12:46:40 2019
 Connections: closed: 0.0.0.0::52583 (read: Connection reset by peer (104))
 SMsgWriter:  framebuffer updates 1356
 SMsgWriter:    copyRect rects 410, bytes 6560
 SMsgWriter:    hextile rects 12042, bytes 18209454
 SMsgWriter:    raw bytes equivalent 210614452, compression ratio 11.566215
xfwm4: Fatal IO error 11 (Resource temporarily unavailable) on X server :17.0.
xfce4-panel: Fatal IO error 11 (Resource temporarily unavailable) on X server :17.0.

(xfce4-terminal:24938): libxfce4ui-WARNING **: 13:57:39.727: ICE I/O Error

(xfce4-terminal:24938): libxfce4ui-WARNING **: 13:57:39.727: Disconnected from session manager.

(xfdesktop:24614): libxfce4ui-WARNING **: 13:57:39.727: ICE I/O Error

(xfdesktop:24614): libxfce4ui-WARNING **: 13:57:39.727: Disconnected from session manager.

(xfsettingsd:24625): libxfce4ui-WARNING **: 13:57:39.727: ICE I/O Error

(xfsettingsd:24625): libxfce4ui-WARNING **: 13:57:39.727: Disconnected from session manager.
xfdesktop: Fatal IO error 11 (Resource temporarily unavailable) on X server :17.0.
Gdk-Message: 13:57:39.767: xfce4-terminal: Fatal IO error 11 (Resource temporarily unavailable) on X server :17.0.

Gdk-Message: 13:57:39.768: update-notifier: Fatal IO error 11 (Resource temporarily unavailable) on X server :17.0.

Gdk-Message: 13:57:39.768: blueman-applet: Fatal IO error 11 (Resource temporarily unavailable) on X server :17.0.

wrapper-1.0: Fatal IO error 11 (Resource temporarily unavailable) on X server :17.0.
Thunar: Fatal IO error 11 (Resource temporarily unavailable) on X server :17.0.
wrapper-1.0: Fatal IO error 11 (Resource temporarily unavailable) on X server :17.0.
Gdk-Message: 13:57:39.769: evolution-alarm-notify: Fatal IO error 11 (Resource temporarily unavailable) on X server :17.0.

X IO Error
Gdk-Message: 13:57:39.770: nm-applet: Fatal IO error 11 (Resource temporarily unavailable) on X server :17.0.


(xfce4-panel:24610): libxfce4ui-WARNING **: 13:57:39.770: ICE I/O Error
Gdk-Message: 13:57:39.770: polkit-gnome-authentication-agent-1: Fatal IO error 11 (Resource temporarily unavailable) on X server :17.0.

Gdk-Message: 13:57:39.770: gedit: Fatal IO error 11 (Resource temporarily unavailable) on X server :17.0.

xfsettingsd: Fatal IO error 11 (Resource temporarily unavailable) on X server :17.0.

Received signal:15->'Terminated'

(tracker-miner-fs:24619): GLib-GObject-WARNING **: 13:57:39.847: g_object_notify: object class 'UpClient' has no property named 'g-name-owner'

(tracker-miner-fs:24619): GLib-GObject-WARNING **: 13:57:39.847: g_object_notify: object class 'UpDevice' has no property named 'g-name-owner'

(tracker-miner-fs:24619): GVFS-RemoteVolumeMonitor-WARNING **: 13:57:39.847: Owner of volume monitor org.gtk.vfs.GoaVolumeMonitor disconnected from the bus; removing drives/volumes/mounts
