
Xvnc Free Edition 4.1.1 - built Feb 25 2015 23:02:21
Copyright (C) 2002-2005 RealVNC Ltd.
See http://www.realvnc.com for information on VNC.
Underlying X server release 40300000, The XFree86 Project, Inc


Fri Nov 15 11:44:39 2019
 vncext:      VNC extension running!
 vncext:      Listening for VNC connections on port 5902
 vncext:      created VNC server for screen 0
error opening security policy file /etc/X11/xserver/SecurityPolicy
Could not init font path element /usr/X11R6/lib/X11/fonts/Type1/, removing from list!
Could not init font path element /usr/X11R6/lib/X11/fonts/Speedo/, removing from list!
Could not init font path element /usr/X11R6/lib/X11/fonts/misc/, removing from list!
Could not init font path element /usr/X11R6/lib/X11/fonts/75dpi/, removing from list!
Could not init font path element /usr/X11R6/lib/X11/fonts/100dpi/, removing from list!
Could not init font path element /usr/share/fonts/X11/75dpi/, removing from list!
Could not init font path element /usr/share/fonts/X11/100dpi/, removing from list!
xrdb: No such file or directory
xrdb: can't open file '/home/is28/shishmakova28/.Xresources'
/usr/bin/startxfce4: X server already running on display :2
gpg-agent[39642]: WARNING: "--write-env-file" is an obsolete option - it has no effect
gpg-agent: a gpg-agent is already running - not starting a new one

(xfce4-session:39632): xfce4-session-WARNING **: 11:44:42.367: gpg-agent returned no PID in the variables

(xfce4-session:39632): xfce4-session-WARNING **: 11:44:42.369: xfsm_manager_load_session: Something wrong with /home/is28/shishmakova28/.cache/sessions/xfce4-session-virt-1:2, Does it exist? Permissions issue?

(xfwm4:39646): xfwm4-WARNING **: 11:44:42.425: The display does not support the XRender extension.

(xfwm4:39646): xfwm4-WARNING **: 11:44:42.425: The display does not support the XComposite extension.

(xfwm4:39646): xfwm4-WARNING **: 11:44:42.425: The display does not support the XDamage extension.

(xfwm4:39646): xfwm4-WARNING **: 11:44:42.425: The display does not support the XFixes extension.

(xfwm4:39646): xfwm4-WARNING **: 11:44:42.425: Compositing manager disabled.

** (light-locker:39658): ERROR **: 11:44:42.528: Environment variable XDG_SESSION_PATH not set. Is LightDM running?

(polkit-gnome-authentication-agent-1:39676): GLib-CRITICAL **: 11:44:42.601: g_variant_new_string: assertion 'string != NULL' failed

(polkit-gnome-authentication-agent-1:39676): polkit-gnome-1-WARNING **: 11:44:42.602: Failed to register client: GDBus.Error:org.freedesktop.DBus.Error.ServiceUnknown: The name org.gnome.SessionManager was not provided by any .service files
xfwm4-Message: 11:44:42.849: Unsupported keyboard modifier '<Super>Tab'

(xfsettingsd:39655): xfsettingsd-CRITICAL **: 11:44:43.333: RANDR extension is too old, version 1.1. Display settings won't be applied.
Xlib:  extension "XInputExtension" missing on display ":2.0".

(xfsettingsd:39655): xfsettingsd-CRITICAL **: 11:44:43.334: XI is not present.

(xfsettingsd:39655): xfsettingsd-CRITICAL **: 11:44:43.343: Failed to initialize the Xkb extension.

(xfsettingsd:39655): xfsettingsd-CRITICAL **: 11:44:43.343: Failed to initialize the Accessibility extension.
xfwm4-Message: 11:44:43.394: Unsupported keyboard modifier '<Super>Tab'

(nm-applet:39778): Gtk-WARNING **: 11:44:43.460: Can't set a parent on widget which has a parent

(nm-applet:39778): Gdk-CRITICAL **: 11:44:43.625: gdk_window_thaw_toplevel_updates: assertion 'window->update_and_descendants_freeze_count > 0' failed
(uint32 1,)

Fri Nov 15 11:44:50 2019
 Connections: accepted: 0.0.0.0::50191
 SConnection: Client needs protocol version 3.8
 SConnection: Client requests security type VncAuth(2)

Fri Nov 15 11:44:55 2019
 VNCSConnST:  Server default pixel format depth 16 (16bpp) little-endian rgb565
 VNCSConnST:  Client pixel format depth 16 (16bpp) little-endian rgb565
/usr/lib/python3/dist-packages/blueman/plugins/applet/AppIndicator.py:8: PyGIWarning: AppIndicator3 was imported without specifying a version first. Use gi.require_version('AppIndicator3', '0.1') before import to ensure that the right version gets loaded.
  from gi.repository import AppIndicator3 as girAppIndicator
ERROR:dbus.proxies:Introspect error on org.bluez:/org/bluez: dbus.exceptions.DBusException: org.freedesktop.DBus.Error.AccessDenied: Rejected send message, 2 matched rules; type="method_call", sender=":1.4774" (uid=1289 pid=39769 comm="/usr/bin/python3 /usr/bin/blueman-applet " label="unconfined") interface="org.freedesktop.DBus.Introspectable" member="Introspect" error name="(unset)" requested_reply="0" destination="org.bluez" (bus)
ERROR:dbus.proxies:Introspect error on org.bluez:/: dbus.exceptions.DBusException: org.freedesktop.DBus.Error.AccessDenied: Rejected send message, 2 matched rules; type="method_call", sender=":1.4774" (uid=1289 pid=39769 comm="/usr/bin/python3 /usr/bin/blueman-applet " label="unconfined") interface="org.freedesktop.DBus.Introspectable" member="Introspect" error name="(unset)" requested_reply="0" destination="org.bluez" (bus)
ERROR:dbus.proxies:Introspect error on org.bluez:/: dbus.exceptions.DBusException: org.freedesktop.DBus.Error.AccessDenied: Rejected send message, 2 matched rules; type="method_call", sender=":1.4774" (uid=1289 pid=39769 comm="/usr/bin/python3 /usr/bin/blueman-applet " label="unconfined") interface="org.freedesktop.DBus.Introspectable" member="Introspect" error name="(unset)" requested_reply="0" destination="org.bluez" (bus)

(blueman-applet:39769): Gdk-CRITICAL **: 11:45:09.139: gdk_window_thaw_toplevel_updates: assertion 'window->update_and_descendants_freeze_count > 0' failed

Fri Nov 15 11:47:59 2019
 XserverDesktop: Added unknown keysym 0x6cf to keycode 255
 XserverDesktop: Added unknown keysym 0x6d2 to keycode 254
xfwm4-Message: 11:47:59.622: Unsupported keyboard modifier '<Super>Tab'
 XserverDesktop: Added unknown keysym 0x6d7 to keycode 253

Fri Nov 15 11:48:00 2019
 XserverDesktop: Added unknown keysym 0x6c1 to keycode 252
 XserverDesktop: Added unknown keysym 0x6d0 to keycode 251
xfwm4-Message: 11:48:00.334: Unsupported keyboard modifier '<Super>Tab'
 XserverDesktop: Added unknown keysym 0x6cc to keycode 250
xfwm4-Message: 11:48:00.965: Unsupported keyboard modifier '<Super>Tab'
 XserverDesktop: Added unknown keysym 0x6c4 to keycode 249
xfwm4-Message: 11:48:01.244: Unsupported keyboard modifier '<Super>Tab'

Fri Nov 15 11:48:02 2019
 XserverDesktop: Added unknown keysym 0x6d9 to keycode 248
xfwm4-Message: 11:48:02.502: Unsupported keyboard modifier '<Super>Tab'

Fri Nov 15 11:48:16 2019
 XserverDesktop: Added unknown keysym 0x6d3 to keycode 247
xfwm4-Message: 11:48:17.022: Unsupported keyboard modifier '<Super>Tab'

Fri Nov 15 11:48:42 2019
 XserverDesktop: Added unknown keysym 0x6cb to keycode 246
xfwm4-Message: 11:48:42.500: Unsupported keyboard modifier '<Super>Tab'

Fri Nov 15 11:48:43 2019
 XserverDesktop: Added unknown keysym 0x6cd to keycode 245
xfwm4-Message: 11:48:44.253: Unsupported keyboard modifier '<Super>Tab'

Fri Nov 15 11:48:44 2019
 XserverDesktop: Added unknown keysym 0x6d1 to keycode 244
xfwm4-Message: 11:48:44.677: Unsupported keyboard modifier '<Super>Tab'

Fri Nov 15 11:48:49 2019
 XserverDesktop: Added unknown keysym 0x6c9 to keycode 243
xfwm4-Message: 11:48:49.644: Unsupported keyboard modifier '<Super>Tab'
 XserverDesktop: Added unknown keysym 0x6c5 to keycode 242
xfwm4-Message: 11:48:49.965: Unsupported keyboard modifier '<Super>Tab'

Fri Nov 15 11:48:50 2019
 XserverDesktop: Added unknown keysym 0x6d4 to keycode 241
xfwm4-Message: 11:48:50.276: Unsupported keyboard modifier '<Super>Tab'

Fri Nov 15 11:48:52 2019
 XserverDesktop: Added unknown keysym 0xf3 to keycode 240
 XserverDesktop: Added unknown keysym 0x6c6 to keycode 239
xfwm4-Message: 11:48:52.438: Unsupported keyboard modifier '<Super>Tab'

Fri Nov 15 11:51:30 2019
 XserverDesktop: Added unknown keysym 0x6da to keycode 238
xfwm4-Message: 11:51:30.923: Unsupported keyboard modifier '<Super>Tab'

Fri Nov 15 11:51:31 2019
 XserverDesktop: Added unknown keysym 0x6ce to keycode 237
xfwm4-Message: 11:51:31.274: Unsupported keyboard modifier '<Super>Tab'
 XserverDesktop: Added unknown keysym 0x6dd to keycode 236
xfwm4-Message: 11:51:31.938: Unsupported keyboard modifier '<Super>Tab'

Fri Nov 15 11:51:33 2019
 XserverDesktop: Added unknown keysym 0x6df to keycode 235
xfwm4-Message: 11:51:33.777: Unsupported keyboard modifier '<Super>Tab'

(Thunar:39652): Gdk-WARNING **: 11:57:50.931: gdk_window_set_icon_list: icons too large

(Thunar:39652): Gdk-WARNING **: 12:18:20.159: gdk_window_set_icon_list: icons too large
Xlib:  extension "XINERAMA" missing on display ":2.0".
func=xmlSecCheckVersionExt:file=xmlsec.c:line=188:obj=unknown:subj=unknown:error=19:invalid version:mode=abi compatible;expected minor version=2;real minor version=2;expected subminor version=25;real subminor version=26

Fri Nov 15 12:29:57 2019
 Connections: accepted: 0.0.0.0::50977
 SConnection: Client needs protocol version 3.8
 SConnection: Client requests security type VncAuth(2)

Fri Nov 15 12:30:03 2019
 VNCSConnST:  Server default pixel format depth 16 (16bpp) little-endian rgb565
 VNCSConnST:  Client pixel format depth 16 (16bpp) little-endian rgb565

Fri Nov 15 12:38:22 2019
 Connections: closed: 0.0.0.0::50977 (Clean disconnection)
 SMsgWriter:  framebuffer updates 1316
 SMsgWriter:    copyRect rects 247, bytes 3952
 SMsgWriter:    hextile rects 4997, bytes 13877401
 SMsgWriter:    raw bytes equivalent 106126298, compression ratio 7.647419

Fri Nov 15 12:43:29 2019
 Connections: closed: 0.0.0.0::50191 (Clean disconnection)
 SMsgWriter:  framebuffer updates 16289
 SMsgWriter:    copyRect rects 2106, bytes 33696
 SMsgWriter:    hextile rects 39847, bytes 79085193
 SMsgWriter:    raw bytes equivalent 667893256, compression ratio 8.445238

(xfdesktop:39654): libxfce4ui-WARNING **: 13:43:43.402: ICE I/O Error

(xfdesktop:39654): libxfce4ui-WARNING **: 13:43:43.419: Disconnected from session manager.
xfdesktop: Fatal IO error 25 (Inappropriate ioctl for device) on X server :2.0.
xfwm4: Fatal IO error 4 (Interrupted system call) on X server :2.0.
