
Xvnc Free Edition 4.1.1 - built Feb 25 2015 23:02:21
Copyright (C) 2002-2005 RealVNC Ltd.
See http://www.realvnc.com for information on VNC.
Underlying X server release 40300000, The XFree86 Project, Inc


Fri Oct  4 11:25:49 2019
 vncext:      VNC extension running!
 vncext:      Listening for VNC connections on port 5912
 vncext:      created VNC server for screen 0
error opening security policy file /etc/X11/xserver/SecurityPolicy
Could not init font path element /usr/X11R6/lib/X11/fonts/Type1/, removing from list!
Could not init font path element /usr/X11R6/lib/X11/fonts/Speedo/, removing from list!
Could not init font path element /usr/X11R6/lib/X11/fonts/misc/, removing from list!
Could not init font path element /usr/X11R6/lib/X11/fonts/75dpi/, removing from list!
Could not init font path element /usr/X11R6/lib/X11/fonts/100dpi/, removing from list!
Could not init font path element /usr/share/fonts/X11/75dpi/, removing from list!
Could not init font path element /usr/share/fonts/X11/100dpi/, removing from list!

(x-window-manager:6890): xfwm4-WARNING **: 11:25:52.469: The display does not support the XRender extension.

(x-window-manager:6890): xfwm4-WARNING **: 11:25:52.469: The display does not support the XComposite extension.

(x-window-manager:6890): xfwm4-WARNING **: 11:25:52.469: The display does not support the XDamage extension.

(x-window-manager:6890): xfwm4-WARNING **: 11:25:52.469: The display does not support the XFixes extension.

(x-window-manager:6890): xfwm4-WARNING **: 11:25:52.469: Compositing manager disabled.
xfwm4-Message: 11:25:52.540: Unsupported keyboard modifier '<Super>Tab'

(x-window-manager:6890): xfwm4-WARNING **: 11:25:52.548: Failed to connect to session manager: Failed to connect to the session manager: SESSION_MANAGER environment variable not defined
Failed to connect to session manager: Failed to connect to the session manager: SESSION_MANAGER environment variable not defined

Fri Oct  4 11:26:36 2019
 Connections: accepted: 0.0.0.0::58462
 SConnection: Client needs protocol version 3.8
 SConnection: Client requests security type VncAuth(2)

Fri Oct  4 11:26:43 2019
 VNCSConnST:  Server default pixel format depth 16 (16bpp) little-endian rgb565
 VNCSConnST:  Client pixel format depth 16 (16bpp) little-endian rgb565

Fri Oct  4 11:31:24 2019
 XserverDesktop: Added unknown keysym 0x6f7 to keycode 255
xfwm4-Message: 11:31:25.181: Unsupported keyboard modifier '<Super>Tab'

Fri Oct  4 11:31:27 2019
 XserverDesktop: Added unknown keysym 0x6c5 to keycode 254
xfwm4-Message: 11:31:27.293: Unsupported keyboard modifier '<Super>Tab'
 XserverDesktop: Added unknown keysym 0x6c4 to keycode 253
 XserverDesktop: Added unknown keysym 0x6c9 to keycode 252
 XserverDesktop: Added unknown keysym 0x6d4 to keycode 251
xfwm4-Message: 11:31:28.092: Unsupported keyboard modifier '<Super>Tab'

Fri Oct  4 11:31:28 2019
 XserverDesktop: Added unknown keysym 0x6c3 to keycode 250
 XserverDesktop: Added unknown keysym 0x6ce to keycode 249
xfwm4-Message: 11:31:28.781: Unsupported keyboard modifier '<Super>Tab'

Fri Oct  4 11:31:29 2019
 XserverDesktop: Added unknown keysym 0x6cc to keycode 248
 XserverDesktop: Added unknown keysym 0x6cf to keycode 247
xfwm4-Message: 11:31:30.078: Unsupported keyboard modifier '<Super>Tab'

Fri Oct  4 11:31:30 2019
 XserverDesktop: Added unknown keysym 0x6de to keycode 246
xfwm4-Message: 11:31:30.644: Unsupported keyboard modifier '<Super>Tab'
 XserverDesktop: Added unknown keysym 0x6d3 to keycode 245
xfwm4-Message: 11:31:30.972: Unsupported keyboard modifier '<Super>Tab'

Fri Oct  4 11:31:35 2019
 XserverDesktop: Added unknown keysym 0x6e6 to keycode 244
xfwm4-Message: 11:31:35.997: Unsupported keyboard modifier '<Super>Tab'

Fri Oct  4 11:36:15 2019
 XserverDesktop: Added unknown keysym 0x6da to keycode 243
xfwm4-Message: 11:36:15.649: Unsupported keyboard modifier '<Super>Tab'
 XserverDesktop: Added unknown keysym 0x6c1 to keycode 242
xfwm4-Message: 11:36:16.017: Unsupported keyboard modifier '<Super>Tab'

Fri Oct  4 11:56:01 2019
 XserverDesktop: Added unknown keysym 0x6cd to keycode 241
xfwm4-Message: 11:56:01.824: Unsupported keyboard modifier '<Super>Tab'

Fri Oct  4 11:56:46 2019
 XserverDesktop: Added unknown keysym 0x6dc to keycode 240
xfwm4-Message: 11:56:47.087: Unsupported keyboard modifier '<Super>Tab'

Fri Oct  4 12:12:45 2019
 Connections: closed: 0.0.0.0::58462 (Clean disconnection)
 SMsgWriter:  framebuffer updates 10460
 SMsgWriter:    copyRect rects 21603, bytes 345648
 SMsgWriter:    hextile rects 40128, bytes 57167115
 SMsgWriter:    raw bytes equivalent 612797364, compression ratio 10.719403
x-window-manager: Fatal IO error 4 (Interrupted system call) on X server :12.
