
Xvnc Free Edition 4.1.1 - built Feb 25 2015 23:02:21
Copyright (C) 2002-2005 RealVNC Ltd.
See http://www.realvnc.com for information on VNC.
Underlying X server release 40300000, The XFree86 Project, Inc


Wed Dec 11 11:23:04 2019
 vncext:      VNC extension running!
 vncext:      Listening for VNC connections on port 5907
 vncext:      created VNC server for screen 0
error opening security policy file /etc/X11/xserver/SecurityPolicy
Could not init font path element /usr/X11R6/lib/X11/fonts/Type1/, removing from list!
Could not init font path element /usr/X11R6/lib/X11/fonts/Speedo/, removing from list!
Could not init font path element /usr/X11R6/lib/X11/fonts/misc/, removing from list!
Could not init font path element /usr/X11R6/lib/X11/fonts/75dpi/, removing from list!
Could not init font path element /usr/X11R6/lib/X11/fonts/100dpi/, removing from list!
Could not init font path element /usr/share/fonts/X11/75dpi/, removing from list!
Could not init font path element /usr/share/fonts/X11/100dpi/, removing from list!
xrdb: No such file or directory
xrdb: can't open file '/home/is28/shishmakova28/.Xresources'
/usr/bin/startxfce4: X server already running on display :7
gpg-agent[21404]: WARNING: "--write-env-file" is an obsolete option - it has no effect
gpg-agent: a gpg-agent is already running - not starting a new one

(xfce4-session:21394): xfce4-session-WARNING **: 11:23:07.529: gpg-agent returned no PID in the variables

(xfce4-session:21394): xfce4-session-WARNING **: 11:23:07.532: xfsm_manager_load_session: Something wrong with /home/is28/shishmakova28/.cache/sessions/xfce4-session-virt-1:7, Does it exist? Permissions issue?

(xfwm4:21408): xfwm4-WARNING **: 11:23:07.555: The display does not support the XRender extension.

(xfwm4:21408): xfwm4-WARNING **: 11:23:07.555: The display does not support the XComposite extension.

(xfwm4:21408): xfwm4-WARNING **: 11:23:07.555: The display does not support the XDamage extension.

(xfwm4:21408): xfwm4-WARNING **: 11:23:07.555: The display does not support the XFixes extension.

(xfwm4:21408): xfwm4-WARNING **: 11:23:07.555: Compositing manager disabled.

** (light-locker:21417): ERROR **: 11:23:07.582: Environment variable XDG_SESSION_PATH not set. Is LightDM running?
(uint32 1,)

(polkit-gnome-authentication-agent-1:21420): GLib-CRITICAL **: 11:23:07.604: g_variant_new_string: assertion 'string != NULL' failed

(polkit-gnome-authentication-agent-1:21420): polkit-gnome-1-WARNING **: 11:23:07.605: Failed to register client: GDBus.Error:org.freedesktop.DBus.Error.ServiceUnknown: The name org.gnome.SessionManager was not provided by any .service files

(xfsettingsd:21418): xfsettingsd-CRITICAL **: 11:23:07.659: RANDR extension is too old, version 1.1. Display settings won't be applied.
Xlib:  extension "XInputExtension" missing on display ":7.0".

(xfsettingsd:21418): xfsettingsd-CRITICAL **: 11:23:07.660: XI is not present.

(xfsettingsd:21418): xfsettingsd-CRITICAL **: 11:23:07.660: Failed to initialize the Xkb extension.

(xfsettingsd:21418): xfsettingsd-CRITICAL **: 11:23:07.663: Failed to initialize the Accessibility extension.
xfwm4-Message: 11:23:07.687: Unsupported keyboard modifier '<Super>Tab'
xfwm4-Message: 11:23:07.739: Unsupported keyboard modifier '<Super>Tab'

(nm-applet:21524): Gtk-WARNING **: 11:23:07.792: Can't set a parent on widget which has a parent

(nm-applet:21524): Gdk-CRITICAL **: 11:23:07.936: gdk_window_thaw_toplevel_updates: assertion 'window->update_and_descendants_freeze_count > 0' failed
/usr/lib/python3/dist-packages/blueman/plugins/applet/AppIndicator.py:8: PyGIWarning: AppIndicator3 was imported without specifying a version first. Use gi.require_version('AppIndicator3', '0.1') before import to ensure that the right version gets loaded.
  from gi.repository import AppIndicator3 as girAppIndicator
ERROR:dbus.proxies:Introspect error on org.bluez:/org/bluez: dbus.exceptions.DBusException: org.freedesktop.DBus.Error.AccessDenied: Rejected send message, 2 matched rules; type="method_call", sender=":1.682" (uid=1289 pid=21485 comm="/usr/bin/python3 /usr/bin/blueman-applet " label="unconfined") interface="org.freedesktop.DBus.Introspectable" member="Introspect" error name="(unset)" requested_reply="0" destination="org.bluez" (bus)
ERROR:dbus.proxies:Introspect error on org.bluez:/: dbus.exceptions.DBusException: org.freedesktop.DBus.Error.AccessDenied: Rejected send message, 2 matched rules; type="method_call", sender=":1.682" (uid=1289 pid=21485 comm="/usr/bin/python3 /usr/bin/blueman-applet " label="unconfined") interface="org.freedesktop.DBus.Introspectable" member="Introspect" error name="(unset)" requested_reply="0" destination="org.bluez" (bus)
ERROR:dbus.proxies:Introspect error on org.bluez:/: dbus.exceptions.DBusException: org.freedesktop.DBus.Error.AccessDenied: Rejected send message, 2 matched rules; type="method_call", sender=":1.682" (uid=1289 pid=21485 comm="/usr/bin/python3 /usr/bin/blueman-applet " label="unconfined") interface="org.freedesktop.DBus.Introspectable" member="Introspect" error name="(unset)" requested_reply="0" destination="org.bluez" (bus)

(wrapper-1.0:21566): Gdk-WARNING **: 11:23:09.302: /build/gtk+2.0-AoeliP/gtk+2.0-2.24.32/gdk/x11/gdkdrawable-x11.c:952 drawable is not a pixmap or window

Wed Dec 11 11:23:24 2019
 Connections: accepted: 0.0.0.0::62546
 SConnection: Client needs protocol version 3.8
 SConnection: Client requests security type VncAuth(2)

Wed Dec 11 11:23:33 2019
 VNCSConnST:  Server default pixel format depth 16 (16bpp) little-endian rgb565
 VNCSConnST:  Client pixel format depth 16 (16bpp) little-endian rgb565

(Thunar:21414): Gdk-WARNING **: 11:25:22.616: gdk_window_set_icon_list: icons too large
Xlib:  extension "XINERAMA" missing on display ":7.0".
func=xmlSecCheckVersionExt:file=xmlsec.c:line=188:obj=unknown:subj=unknown:error=19:invalid version:mode=abi compatible;expected minor version=2;real minor version=2;expected subminor version=25;real subminor version=26

Wed Dec 11 11:32:57 2019
 XserverDesktop: Added unknown keysym 0x6f7 to keycode 255
xfwm4-Message: 11:32:58.158: Unsupported keyboard modifier '<Super>Tab'

Wed Dec 11 11:32:58 2019
 XserverDesktop: Added unknown keysym 0x6c5 to keycode 254
xfwm4-Message: 11:32:59.182: Unsupported keyboard modifier '<Super>Tab'

Wed Dec 11 11:33:03 2019
 XserverDesktop: Added unknown keysym 0x6c4 to keycode 253
xfwm4-Message: 11:33:04.253: Unsupported keyboard modifier '<Super>Tab'

Wed Dec 11 11:33:04 2019
 XserverDesktop: Added unknown keysym 0x6c9 to keycode 252
 XserverDesktop: Added unknown keysym 0x6d4 to keycode 251
xfwm4-Message: 11:33:04.862: Unsupported keyboard modifier '<Super>Tab'

Wed Dec 11 11:33:05 2019
 XserverDesktop: Added unknown keysym 0x6d3 to keycode 250

Wed Dec 11 11:33:06 2019
 XserverDesktop: Added unknown keysym 0x6cf to keycode 249
 XserverDesktop: Added unknown keysym 0x6d2 to keycode 248
xfwm4-Message: 11:33:06.670: Unsupported keyboard modifier '<Super>Tab'

Wed Dec 11 11:33:07 2019
 XserverDesktop: Added unknown keysym 0x6cb to keycode 247
 XserverDesktop: Added unknown keysym 0xf3 to keycode 246
xfwm4-Message: 11:33:08.198: Unsupported keyboard modifier '<Super>Tab'

Wed Dec 11 11:33:26 2019
 XserverDesktop: Added unknown keysym 0x6da to keycode 245
xfwm4-Message: 11:33:26.479: Unsupported keyboard modifier '<Super>Tab'
 XserverDesktop: Added unknown keysym 0x6ce to keycode 244
xfwm4-Message: 11:33:27.063: Unsupported keyboard modifier '<Super>Tab'

Wed Dec 11 11:33:27 2019
 XserverDesktop: Added unknown keysym 0x6dd to keycode 243
xfwm4-Message: 11:33:27.687: Unsupported keyboard modifier '<Super>Tab'

(gedit:29298): Gtk-WARNING **: 11:50:20.539: Calling org.xfce.Session.Manager.Inhibit failed: GDBus.Error:org.freedesktop.DBus.Error.UnknownMethod: Method "Inhibit" with signature "susu" on interface "org.xfce.Session.Manager" doesn't exist


(Thunar:21414): Gdk-WARNING **: 11:52:37.588: gdk_window_set_icon_list: icons too large

(gedit:29463): Gtk-WARNING **: 11:54:52.832: Calling org.xfce.Session.Manager.Inhibit failed: GDBus.Error:org.freedesktop.DBus.Error.UnknownMethod: Method "Inhibit" with signature "susu" on interface "org.xfce.Session.Manager" doesn't exist


Wed Dec 11 11:58:01 2019
 Connections: accepted: 0.0.0.0::55094
 SConnection: Client needs protocol version 3.8
 SConnection: Client requests security type VncAuth(2)

Wed Dec 11 11:58:08 2019
 VNCSConnST:  Server default pixel format depth 16 (16bpp) little-endian rgb565
 VNCSConnST:  Client pixel format depth 24 (32bpp) little-endian rgb888

(Thunar:21414): thunar-WARNING **: 12:04:33.987: Content type loading failed for prog1.py~: Error when getting information for file “/home/is28/shishmakova28/zad6/prog1.py~”: No such file or directory

(Thunar:21414): thunar-WARNING **: 12:07:21.683: Content type loading failed for prog1.py~: Error when getting information for file “/home/is28/shishmakova28/zad6/prog1.py~”: No such file or directory

(Thunar:21414): thunar-WARNING **: 12:09:13.186: Content type loading failed for prog1.py~: Error when getting information for file “/home/is28/shishmakova28/zad6/prog1.py~”: No such file or directory

Wed Dec 11 12:09:18 2019
 Connections: closed: 0.0.0.0::55094 (Clean disconnection)
 SMsgWriter:  framebuffer updates 745
 SMsgWriter:    copyRect rects 262, bytes 4192
 SMsgWriter:    hextile rects 4666, bytes 4694684
 SMsgWriter:    raw bytes equivalent 38802308, compression ratio 8.265159

Wed Dec 11 12:42:13 2019
 Connections: accepted: 0.0.0.0::55177
 SConnection: Client needs protocol version 3.8
 SConnection: Client requests security type VncAuth(2)

Wed Dec 11 12:42:19 2019
 VNCSConnST:  Server default pixel format depth 16 (16bpp) little-endian rgb565
 VNCSConnST:  Client pixel format depth 24 (32bpp) little-endian rgb888

(Thunar:21414): thunar-WARNING **: 12:44:27.140: Content type loading failed for prog2.py~: Error when getting information for file “/home/is28/shishmakova28/zad6/prog2.py~”: No such file or directory

(Thunar:21414): thunar-WARNING **: 12:44:46.513: Content type loading failed for prog2.py~: Error when getting information for file “/home/is28/shishmakova28/zad6/prog2.py~”: No such file or directory

(Thunar:21414): thunar-WARNING **: 12:51:45.105: Content type loading failed for prog2.py~: Error when getting information for file “/home/is28/shishmakova28/zad6/prog2.py~”: No such file or directory

Wed Dec 11 12:52:03 2019
 Connections: closed: 0.0.0.0::55177 (Clean disconnection)
 SMsgWriter:  framebuffer updates 708
 SMsgWriter:    copyRect rects 216, bytes 3456
 SMsgWriter:    hextile rects 5459, bytes 9052940
 SMsgWriter:    raw bytes equivalent 74465032, compression ratio 8.225508

Wed Dec 11 12:53:40 2019
 Connections: closed: 0.0.0.0::62546 (Clean disconnection)
 SMsgWriter:  framebuffer updates 10757
 SMsgWriter:    copyRect rects 1964, bytes 31424
 SMsgWriter:    hextile rects 37584, bytes 94674435
 SMsgWriter:    raw bytes equivalent 1004896768, compression ratio 10.614236
xfwm4: Fatal IO error 11 (Resource temporarily unavailable) on X server :7.0.

Received signal:15->'Terminated'

(tracker-miner-fs:21423): GLib-GIO-CRITICAL **: 11:14:10.696: Error while sending AddMatch() message: The connection is closed

Received signal:15->'Terminated'

Received signal:15->'Terminated'

OK


OK

xfsettingsd: Fatal IO error 11 (Resource temporarily unavailable) on X server :7.0.
xfce4-panel: Fatal IO error 4 (Interrupted system call) on X server :7.0.
xfdesktop: Fatal IO error 11 (Resource temporarily unavailable) on X server :7.0.
