
Xvnc Free Edition 4.1.1 - built Feb 25 2015 23:02:21
Copyright (C) 2002-2005 RealVNC Ltd.
See http://www.realvnc.com for information on VNC.
Underlying X server release 40300000, The XFree86 Project, Inc


Fri Oct  4 12:12:59 2019
 vncext:      VNC extension running!
 vncext:      Listening for VNC connections on port 5933
 vncext:      created VNC server for screen 0
error opening security policy file /etc/X11/xserver/SecurityPolicy
Could not init font path element /usr/X11R6/lib/X11/fonts/Type1/, removing from list!
Could not init font path element /usr/X11R6/lib/X11/fonts/Speedo/, removing from list!
Could not init font path element /usr/X11R6/lib/X11/fonts/misc/, removing from list!
Could not init font path element /usr/X11R6/lib/X11/fonts/75dpi/, removing from list!
Could not init font path element /usr/X11R6/lib/X11/fonts/100dpi/, removing from list!
Could not init font path element /usr/share/fonts/X11/75dpi/, removing from list!
Could not init font path element /usr/share/fonts/X11/100dpi/, removing from list!

(x-window-manager:17611): xfwm4-WARNING **: 12:13:02.854: The display does not support the XRender extension.

(x-window-manager:17611): xfwm4-WARNING **: 12:13:02.855: The display does not support the XComposite extension.

(x-window-manager:17611): xfwm4-WARNING **: 12:13:02.855: The display does not support the XDamage extension.

(x-window-manager:17611): xfwm4-WARNING **: 12:13:02.855: The display does not support the XFixes extension.

(x-window-manager:17611): xfwm4-WARNING **: 12:13:02.855: Compositing manager disabled.
Failed to connect to session manager: Failed to connect to the session manager: SESSION_MANAGER environment variable not defined
xfwm4-Message: 12:13:02.902: Unsupported keyboard modifier '<Super>Tab'

(x-window-manager:17611): xfwm4-WARNING **: 12:13:02.910: Failed to connect to session manager: Failed to connect to the session manager: SESSION_MANAGER environment variable not defined

Fri Oct  4 12:13:14 2019
 Connections: accepted: 0.0.0.0::58555
 SConnection: Client needs protocol version 3.8
 SConnection: Client requests security type VncAuth(2)

Fri Oct  4 12:13:19 2019
 VNCSConnST:  Server default pixel format depth 16 (16bpp) little-endian rgb565
 VNCSConnST:  Client pixel format depth 16 (16bpp) little-endian rgb565

Fri Oct  4 12:30:48 2019
 XserverDesktop: Added unknown keysym 0x6f7 to keycode 255
xfwm4-Message: 12:30:48.435: Unsupported keyboard modifier '<Super>Tab'

Fri Oct  4 12:30:50 2019
 XserverDesktop: Added unknown keysym 0x6c5 to keycode 254
 XserverDesktop: Added unknown keysym 0x6c4 to keycode 253
 XserverDesktop: Added unknown keysym 0x6c9 to keycode 252
 XserverDesktop: Added unknown keysym 0x6d4 to keycode 251
xfwm4-Message: 12:30:50.994: Unsupported keyboard modifier '<Super>Tab'

Fri Oct  4 12:30:51 2019
 XserverDesktop: Added unknown keysym 0x6cd to keycode 250
 XserverDesktop: Added unknown keysym 0x6c1 to keycode 249
 XserverDesktop: Added unknown keysym 0x6d3 to keycode 248
xfwm4-Message: 12:30:52.178: Unsupported keyboard modifier '<Super>Tab'

Fri Oct  4 12:31:13 2019
 XserverDesktop: Added unknown keysym 0x6c6 to keycode 247
xfwm4-Message: 12:31:13.858: Unsupported keyboard modifier '<Super>Tab'

Fri Oct  4 12:44:02 2019
 Connections: closed: 0.0.0.0::58555 (Clean disconnection)
 SMsgWriter:  framebuffer updates 5612
 SMsgWriter:    copyRect rects 5561, bytes 88976
 SMsgWriter:    hextile rects 18295, bytes 39574763
 SMsgWriter:    raw bytes equivalent 398170966, compression ratio 10.061234
x-window-manager: Fatal IO error 11 (Resource temporarily unavailable) on X server :33.
