
Xvnc Free Edition 4.1.1 - built Feb 25 2015 23:02:21
Copyright (C) 2002-2005 RealVNC Ltd.
See http://www.realvnc.com for information on VNC.
Underlying X server release 40300000, The XFree86 Project, Inc


Fri Sep 13 08:29:58 2019
 vncext:      VNC extension running!
 vncext:      Listening for VNC connections on port 5927
 vncext:      created VNC server for screen 0
error opening security policy file /etc/X11/xserver/SecurityPolicy
Could not init font path element /usr/X11R6/lib/X11/fonts/Type1/, removing from list!
Could not init font path element /usr/X11R6/lib/X11/fonts/Speedo/, removing from list!
Could not init font path element /usr/X11R6/lib/X11/fonts/misc/, removing from list!
Could not init font path element /usr/X11R6/lib/X11/fonts/75dpi/, removing from list!
Could not init font path element /usr/X11R6/lib/X11/fonts/100dpi/, removing from list!
Could not init font path element /usr/share/fonts/X11/75dpi/, removing from list!
Could not init font path element /usr/share/fonts/X11/100dpi/, removing from list!

(x-window-manager:54426): xfwm4-WARNING **: 08:30:01.426: The display does not support the XRender extension.

(x-window-manager:54426): xfwm4-WARNING **: 08:30:01.426: The display does not support the XComposite extension.

(x-window-manager:54426): xfwm4-WARNING **: 08:30:01.426: The display does not support the XDamage extension.

(x-window-manager:54426): xfwm4-WARNING **: 08:30:01.426: The display does not support the XFixes extension.

(x-window-manager:54426): xfwm4-WARNING **: 08:30:01.426: Compositing manager disabled.
xfwm4-Message: 08:30:01.482: Unsupported keyboard modifier '<Super>Tab'
xfwm4-Message: 08:30:01.514: Unsupported keyboard modifier '<Super>Tab'
Failed to connect to session manager: Failed to connect to the session manager: SESSION_MANAGER environment variable not defined

(x-window-manager:54426): xfwm4-WARNING **: 08:30:01.521: Failed to connect to session manager: Failed to connect to the session manager: SESSION_MANAGER environment variable not defined

Fri Sep 13 08:30:13 2019
 Connections: accepted: 0.0.0.0::50288
 SConnection: Client needs protocol version 3.8
 SConnection: Client requests security type VncAuth(2)

Fri Sep 13 08:30:20 2019
 VNCSConnST:  Server default pixel format depth 16 (16bpp) little-endian rgb565
 VNCSConnST:  Client pixel format depth 16 (16bpp) little-endian rgb565

Fri Sep 13 08:43:59 2019
 XserverDesktop: Added unknown keysym 0x6f7 to keycode 255
xfwm4-Message: 08:43:59.843: Unsupported keyboard modifier '<Super>Tab'

Fri Sep 13 08:44:02 2019
 XserverDesktop: Added unknown keysym 0x6c5 to keycode 254
 XserverDesktop: Added unknown keysym 0x6c4 to keycode 253
xfwm4-Message: 08:44:02.404: Unsupported keyboard modifier '<Super>Tab'
 XserverDesktop: Added unknown keysym 0x6c9 to keycode 252
 XserverDesktop: Added unknown keysym 0x6d4 to keycode 251
xfwm4-Message: 08:44:02.795: Unsupported keyboard modifier '<Super>Tab'

Fri Sep 13 08:44:29 2019
 XserverDesktop: Added unknown keysym 0x6cb to keycode 250
xfwm4-Message: 08:44:29.834: Unsupported keyboard modifier '<Super>Tab'
 XserverDesktop: Added unknown keysym 0x6cf to keycode 249
xfwm4-Message: 08:44:30.170: Unsupported keyboard modifier '<Super>Tab'

Fri Sep 13 08:44:30 2019
 XserverDesktop: Added unknown keysym 0x6d2 to keycode 248
xfwm4-Message: 08:44:30.554: Unsupported keyboard modifier '<Super>Tab'

Fri Sep 13 08:44:33 2019
 XserverDesktop: Added unknown keysym 0x6ce to keycode 247
 XserverDesktop: Added unknown keysym 0x6c1 to keycode 246
xfwm4-Message: 08:44:34.058: Unsupported keyboard modifier '<Super>Tab'

Fri Sep 13 08:44:34 2019
 XserverDesktop: Added unknown keysym 0x6d9 to keycode 245
xfwm4-Message: 08:44:34.370: Unsupported keyboard modifier '<Super>Tab'
 XserverDesktop: Added unknown keysym 0x6de to keycode 244
xfwm4-Message: 08:44:35.043: Unsupported keyboard modifier '<Super>Tab'

Fri Sep 13 08:45:35 2019
 XserverDesktop: Added unknown keysym 0x6db to keycode 243
xfwm4-Message: 08:45:35.794: Unsupported keyboard modifier '<Super>Tab'

Fri Sep 13 08:45:43 2019
 XserverDesktop: Added unknown keysym 0x6da to keycode 242
xfwm4-Message: 08:45:43.482: Unsupported keyboard modifier '<Super>Tab'

Fri Sep 13 08:45:44 2019
 XserverDesktop: Added unknown keysym 0x6c7 to keycode 241
xfwm4-Message: 08:45:44.586: Unsupported keyboard modifier '<Super>Tab'

Fri Sep 13 08:47:46 2019
 XserverDesktop: Added unknown keysym 0x6d0 to keycode 240
xfwm4-Message: 08:47:46.791: Unsupported keyboard modifier '<Super>Tab'

Fri Sep 13 08:47:47 2019
 XserverDesktop: Added unknown keysym 0x6ca to keycode 239
xfwm4-Message: 08:47:47.624: Unsupported keyboard modifier '<Super>Tab'

Fri Sep 13 09:24:45 2019
 XserverDesktop: Added unknown keysym 0x6d3 to keycode 238
 XserverDesktop: Added unknown keysym 0x6cc to keycode 237
xfwm4-Message: 09:24:45.904: Unsupported keyboard modifier '<Super>Tab'

Fri Sep 13 09:39:56 2019
 Connections: closed: 0.0.0.0::50288 (Clean disconnection)
 SMsgWriter:  framebuffer updates 11351
 SMsgWriter:    copyRect rects 13774, bytes 220384
 SMsgWriter:    hextile rects 50734, bytes 111500814
 SMsgWriter:    raw bytes equivalent 1043840996, compression ratio 9.361734
x-window-manager: Fatal IO error 4 (Interrupted system call) on X server :27.
