
Xvnc Free Edition 4.1.1 - built Feb 25 2015 23:02:21
Copyright (C) 2002-2005 RealVNC Ltd.
See http://www.realvnc.com for information on VNC.
Underlying X server release 40300000, The XFree86 Project, Inc


Thu Feb 13 09:47:41 2020
 vncext:      VNC extension running!
 vncext:      Listening for VNC connections on port 5910
 vncext:      created VNC server for screen 0
error opening security policy file /etc/X11/xserver/SecurityPolicy
Could not init font path element /usr/X11R6/lib/X11/fonts/Type1/, removing from list!
Could not init font path element /usr/X11R6/lib/X11/fonts/Speedo/, removing from list!
Could not init font path element /usr/X11R6/lib/X11/fonts/misc/, removing from list!
Could not init font path element /usr/X11R6/lib/X11/fonts/75dpi/, removing from list!
Could not init font path element /usr/X11R6/lib/X11/fonts/100dpi/, removing from list!
Could not init font path element /usr/share/fonts/X11/75dpi/, removing from list!
Could not init font path element /usr/share/fonts/X11/100dpi/, removing from list!
xrdb: No such file or directory
xrdb: can't open file '/home/is28/shishmakova28/.Xresources'
/usr/bin/startxfce4: X server already running on display :10
gpg-agent[7797]: WARNING: "--write-env-file" is an obsolete option - it has no effect
gpg-agent: a gpg-agent is already running - not starting a new one

(xfce4-session:7786): xfce4-session-WARNING **: 09:47:44.186: gpg-agent returned no PID in the variables

(xfce4-session:7786): xfce4-session-WARNING **: 09:47:44.197: xfsm_manager_load_session: Something wrong with /home/is28/shishmakova28/.cache/sessions/xfce4-session-virt-1:10, Does it exist? Permissions issue?

(xfwm4:7801): xfwm4-WARNING **: 09:47:44.233: The display does not support the XRender extension.

(xfwm4:7801): xfwm4-WARNING **: 09:47:44.234: The display does not support the XComposite extension.

(xfwm4:7801): xfwm4-WARNING **: 09:47:44.234: The display does not support the XDamage extension.

(xfwm4:7801): xfwm4-WARNING **: 09:47:44.234: The display does not support the XFixes extension.

(xfwm4:7801): xfwm4-WARNING **: 09:47:44.234: Compositing manager disabled.

** (light-locker:7810): ERROR **: 09:47:44.265: Environment variable XDG_SESSION_PATH not set. Is LightDM running?
(uint32 1,)

(polkit-gnome-authentication-agent-1:7813): GLib-CRITICAL **: 09:47:44.284: g_variant_new_string: assertion 'string != NULL' failed

(polkit-gnome-authentication-agent-1:7813): polkit-gnome-1-WARNING **: 09:47:44.285: Failed to register client: GDBus.Error:org.freedesktop.DBus.Error.ServiceUnknown: The name org.gnome.SessionManager was not provided by any .service files

(xfsettingsd:7812): xfsettingsd-CRITICAL **: 09:47:44.309: RANDR extension is too old, version 1.1. Display settings won't be applied.
Xlib:  extension "XInputExtension" missing on display ":10.0".

(xfsettingsd:7812): xfsettingsd-CRITICAL **: 09:47:44.311: XI is not present.

(xfsettingsd:7812): xfsettingsd-CRITICAL **: 09:47:44.311: Failed to initialize the Xkb extension.

(xfsettingsd:7812): xfsettingsd-CRITICAL **: 09:47:44.311: Failed to initialize the Accessibility extension.
xfwm4-Message: 09:47:44.384: Unsupported keyboard modifier '<Super>Tab'
xfwm4-Message: 09:47:44.454: Unsupported keyboard modifier '<Super>Tab'

(nm-applet:7902): Gtk-WARNING **: 09:47:44.567: Can't set a parent on widget which has a parent

(nm-applet:7902): Gdk-CRITICAL **: 09:47:44.713: gdk_window_thaw_toplevel_updates: assertion 'window->update_and_descendants_freeze_count > 0' failed

Thu Feb 13 09:47:55 2020
 Connections: accepted: 0.0.0.0::59268
 SConnection: Client needs protocol version 3.8
 SConnection: Client requests security type VncAuth(2)

Thu Feb 13 09:48:01 2020
 VNCSConnST:  Server default pixel format depth 16 (16bpp) little-endian rgb565
 VNCSConnST:  Client pixel format depth 16 (16bpp) little-endian rgb565
/usr/lib/python3/dist-packages/blueman/plugins/applet/AppIndicator.py:8: PyGIWarning: AppIndicator3 was imported without specifying a version first. Use gi.require_version('AppIndicator3', '0.1') before import to ensure that the right version gets loaded.
  from gi.repository import AppIndicator3 as girAppIndicator
ERROR:dbus.proxies:Introspect error on org.bluez:/org/bluez: dbus.exceptions.DBusException: org.freedesktop.DBus.Error.AccessDenied: Rejected send message, 2 matched rules; type="method_call", sender=":1.366" (uid=1289 pid=7874 comm="/usr/bin/python3 /usr/bin/blueman-applet " label="unconfined") interface="org.freedesktop.DBus.Introspectable" member="Introspect" error name="(unset)" requested_reply="0" destination="org.bluez" (bus)
ERROR:dbus.proxies:Introspect error on org.bluez:/: dbus.exceptions.DBusException: org.freedesktop.DBus.Error.AccessDenied: Rejected send message, 2 matched rules; type="method_call", sender=":1.366" (uid=1289 pid=7874 comm="/usr/bin/python3 /usr/bin/blueman-applet " label="unconfined") interface="org.freedesktop.DBus.Introspectable" member="Introspect" error name="(unset)" requested_reply="0" destination="org.bluez" (bus)
ERROR:dbus.proxies:Introspect error on org.bluez:/: dbus.exceptions.DBusException: org.freedesktop.DBus.Error.AccessDenied: Rejected send message, 2 matched rules; type="method_call", sender=":1.366" (uid=1289 pid=7874 comm="/usr/bin/python3 /usr/bin/blueman-applet " label="unconfined") interface="org.freedesktop.DBus.Introspectable" member="Introspect" error name="(unset)" requested_reply="0" destination="org.bluez" (bus)

Thu Feb 13 10:10:12 2020
 XserverDesktop: Added unknown keysym 0x6f7 to keycode 255
xfwm4-Message: 10:10:12.813: Unsupported keyboard modifier '<Super>Tab'

Thu Feb 13 10:10:17 2020
 XserverDesktop: Added unknown keysym 0x6c5 to keycode 254
 XserverDesktop: Added unknown keysym 0x6c4 to keycode 253
xfwm4-Message: 10:10:17.557: Unsupported keyboard modifier '<Super>Tab'
 XserverDesktop: Added unknown keysym 0x6c9 to keycode 252
 XserverDesktop: Added unknown keysym 0x6d4 to keycode 251
xfwm4-Message: 10:10:18.061: Unsupported keyboard modifier '<Super>Tab'

Thu Feb 13 10:10:19 2020
 XserverDesktop: Added unknown keysym 0x6de to keycode 250
 XserverDesktop: Added unknown keysym 0x6d3 to keycode 249
 XserverDesktop: Added unknown keysym 0x6cc to keycode 248
 XserverDesktop: Added unknown keysym 0x6cf to keycode 247
xfwm4-Message: 10:10:19.949: Unsupported keyboard modifier '<Super>Tab'

Thu Feb 13 10:10:27 2020
 XserverDesktop: Added unknown keysym 0x6d2 to keycode 246
xfwm4-Message: 10:10:27.805: Unsupported keyboard modifier '<Super>Tab'

(Thunar:7807): Gdk-WARNING **: 10:16:16.133: gdk_window_set_icon_list: icons too large
Xlib:  extension "XINERAMA" missing on display ":10.0".
func=xmlSecCheckVersionExt:file=xmlsec.c:line=188:obj=unknown:subj=unknown:error=19:invalid version:mode=abi compatible;expected minor version=2;real minor version=2;expected subminor version=25;real subminor version=26

Thu Feb 13 10:22:18 2020
 XserverDesktop: Added unknown keysym 0xd3 to keycode 245

Thu Feb 13 10:22:19 2020
 XserverDesktop: Added unknown keysym 0x6c7 to keycode 244
xfwm4-Message: 10:22:19.384: Unsupported keyboard modifier '<Super>Tab'

Thu Feb 13 10:22:24 2020
 XserverDesktop: Added unknown keysym 0x6c1 to keycode 243
xfwm4-Message: 10:22:25.241: Unsupported keyboard modifier '<Super>Tab'

Thu Feb 13 10:22:26 2020
 XserverDesktop: Added unknown keysym 0x6c8 to keycode 242
xfwm4-Message: 10:22:26.449: Unsupported keyboard modifier '<Super>Tab'

Thu Feb 13 10:22:37 2020
 XserverDesktop: Added unknown keysym 0x6ce to keycode 241
xfwm4-Message: 10:22:37.791: Unsupported keyboard modifier '<Super>Tab'

Thu Feb 13 10:22:54 2020
 XserverDesktop: Added unknown keysym 0x6cd to keycode 240
xfwm4-Message: 10:22:55.048: Unsupported keyboard modifier '<Super>Tab'

Thu Feb 13 10:22:58 2020
 XserverDesktop: Added unknown keysym 0x6dd to keycode 239
xfwm4-Message: 10:22:58.264: Unsupported keyboard modifier '<Super>Tab'

Thu Feb 13 10:25:14 2020
 XserverDesktop: Added unknown keysym 0x6c2 to keycode 238
xfwm4-Message: 10:25:14.345: Unsupported keyboard modifier '<Super>Tab'

Thu Feb 13 10:25:15 2020
 XserverDesktop: Added unknown keysym 0x6c0 to keycode 237
xfwm4-Message: 10:25:15.529: Unsupported keyboard modifier '<Super>Tab'

Thu Feb 13 10:44:57 2020
 Connections: closed: 0.0.0.0::59268 (Clean disconnection)
 SMsgWriter:  framebuffer updates 8245
 SMsgWriter:    copyRect rects 6851, bytes 109616
 SMsgWriter:    hextile rects 22701, bytes 82969357
 SMsgWriter:    raw bytes equivalent 726804378, compression ratio 8.759913
xfwm4: Fatal IO error 11 (Resource temporarily unavailable) on X server :10.0.

(tracker-miner-fs:7815): GVFS-RemoteVolumeMonitor-WARNING **: 09:51:21.978: Owner of volume monitor org.gtk.vfs.GoaVolumeMonitor disconnected from the bus; removing drives/volumes/mounts

(Thunar:7807): GVFS-RemoteVolumeMonitor-WARNING **: 09:51:21.978: Owner of volume monitor org.gtk.vfs.GoaVolumeMonitor disconnected from the bus; removing drives/volumes/mounts

(xfdesktop:7809): GVFS-RemoteVolumeMonitor-WARNING **: 09:51:21.980: Owner of volume monitor org.gtk.vfs.GoaVolumeMonitor disconnected from the bus; removing drives/volumes/mounts

Received signal:15->'Terminated'

(xfsettingsd:7812): libxfce4ui-WARNING **: 09:51:21.984: ICE I/O Error

(xfsettingsd:7812): libxfce4ui-WARNING **: 09:51:21.984: Disconnected from session manager.

(xfce4-terminal:9510): libxfce4ui-WARNING **: 09:51:21.984: ICE I/O Error

(xfce4-terminal:9510): libxfce4ui-WARNING **: 09:51:21.984: Disconnected from session manager.
xfsettingsd: Fatal IO error 11 (Resource temporarily unavailable) on X server :10.0.
Gdk-Message: 09:51:21.986: polkit-gnome-authentication-agent-1: Fatal IO error 11 (Resource temporarily unavailable) on X server :10.0.

xfdesktop: Fatal IO error 11 (Resource temporarily unavailable) on X server :10.0.
Gdk-Message: 09:51:21.989: xfce4-terminal: Fatal IO error 11 (Resource temporarily unavailable) on X server :10.0.


(tracker-miner-fs:7815): GLib-GIO-CRITICAL **: 09:51:21.990: Error while sending AddMatch() message: The connection is closed

(tracker-miner-fs:7815): GLib-GIO-CRITICAL **: 09:51:21.990: Error while sending AddMatch() message: The connection is closed

(tracker-miner-fs:7815): GLib-GIO-CRITICAL **: 09:51:21.990: Error while sending AddMatch() message: The connection is closed

(nm-applet:7902): Gdk-WARNING **: 09:51:21.990: GdkWindow 0x1c0000a unexpectedly destroyed
Gdk-Message: 09:51:21.992: evolution-alarm-notify: Fatal IO error 11 (Resource temporarily unavailable) on X server :10.0.

wrapper-1.0: Fatal IO error 11 (Resource temporarily unavailable) on X server :10.0.
wrapper-1.0: Fatal IO error 11 (Resource temporarily unavailable) on X server :10.0.
Gdk-Message: 09:51:21.996: blueman-applet: Fatal IO error 11 (Resource temporarily unavailable) on X server :10.0.


OK

Gdk-Message: 09:51:22.002: nm-applet: Fatal IO error 25 (Inappropriate ioctl for device) on X server :10.0.


Received signal:15->'Terminated'

(tracker-extract:7821): GVFS-RemoteVolumeMonitor-WARNING **: 09:51:21.977: Owner of volume monitor org.gtk.vfs.GoaVolumeMonitor disconnected from the bus; removing drives/volumes/mounts

Received signal:15->'Terminated'

OK

