
Xvnc Free Edition 4.1.1 - built Feb 25 2015 23:02:21
Copyright (C) 2002-2005 RealVNC Ltd.
See http://www.realvnc.com for information on VNC.
Underlying X server release 40300000, The XFree86 Project, Inc


Thu Feb 20 09:52:08 2020
 vncext:      VNC extension running!
 vncext:      Listening for VNC connections on port 5908
 vncext:      created VNC server for screen 0
error opening security policy file /etc/X11/xserver/SecurityPolicy
Could not init font path element /usr/X11R6/lib/X11/fonts/Type1/, removing from list!
Could not init font path element /usr/X11R6/lib/X11/fonts/Speedo/, removing from list!
Could not init font path element /usr/X11R6/lib/X11/fonts/misc/, removing from list!
Could not init font path element /usr/X11R6/lib/X11/fonts/75dpi/, removing from list!
Could not init font path element /usr/X11R6/lib/X11/fonts/100dpi/, removing from list!
Could not init font path element /usr/share/fonts/X11/75dpi/, removing from list!
Could not init font path element /usr/share/fonts/X11/100dpi/, removing from list!
xrdb: No such file or directory
xrdb: can't open file '/home/is28/shishmakova28/.Xresources'
/usr/bin/startxfce4: X server already running on display :8
gpg-agent[40963]: WARNING: "--write-env-file" is an obsolete option - it has no effect
gpg-agent: a gpg-agent is already running - not starting a new one

(xfce4-session:40953): xfce4-session-WARNING **: 09:52:12.113: gpg-agent returned no PID in the variables

(xfce4-session:40953): xfce4-session-WARNING **: 09:52:12.114: xfsm_manager_load_session: Something wrong with /home/is28/shishmakova28/.cache/sessions/xfce4-session-virt-1:8, Does it exist? Permissions issue?

(xfwm4:40967): xfwm4-WARNING **: 09:52:12.144: The display does not support the XRender extension.

(xfwm4:40967): xfwm4-WARNING **: 09:52:12.144: The display does not support the XComposite extension.

(xfwm4:40967): xfwm4-WARNING **: 09:52:12.145: The display does not support the XDamage extension.

(xfwm4:40967): xfwm4-WARNING **: 09:52:12.145: The display does not support the XFixes extension.

(xfwm4:40967): xfwm4-WARNING **: 09:52:12.145: Compositing manager disabled.

** (light-locker:40976): ERROR **: 09:52:12.173: Environment variable XDG_SESSION_PATH not set. Is LightDM running?
xfwm4-Message: 09:52:12.188: Unsupported keyboard modifier '<Super>Tab'

(polkit-gnome-authentication-agent-1:40978): GLib-CRITICAL **: 09:52:12.196: g_variant_new_string: assertion 'string != NULL' failed

(polkit-gnome-authentication-agent-1:40978): polkit-gnome-1-WARNING **: 09:52:12.199: Failed to register client: GDBus.Error:org.freedesktop.DBus.Error.ServiceUnknown: The name org.gnome.SessionManager was not provided by any .service files
(uint32 1,)

(xfsettingsd:40980): xfsettingsd-CRITICAL **: 09:52:12.393: RANDR extension is too old, version 1.1. Display settings won't be applied.
Xlib:  extension "XInputExtension" missing on display ":8.0".

(xfsettingsd:40980): xfsettingsd-CRITICAL **: 09:52:12.394: XI is not present.

(xfsettingsd:40980): xfsettingsd-CRITICAL **: 09:52:12.396: Failed to initialize the Xkb extension.

(xfsettingsd:40980): xfsettingsd-CRITICAL **: 09:52:12.405: Failed to initialize the Accessibility extension.
xfwm4-Message: 09:52:12.565: Unsupported keyboard modifier '<Super>Tab'

(nm-applet:41062): Gtk-WARNING **: 09:52:12.724: Can't set a parent on widget which has a parent

(nm-applet:41062): Gdk-CRITICAL **: 09:52:12.885: gdk_window_thaw_toplevel_updates: assertion 'window->update_and_descendants_freeze_count > 0' failed

Thu Feb 20 09:52:21 2020
 Connections: accepted: 0.0.0.0::49997
 SConnection: Client needs protocol version 3.8
 SConnection: Client requests security type VncAuth(2)

Thu Feb 20 09:52:27 2020
 VNCSConnST:  Server default pixel format depth 16 (16bpp) little-endian rgb565
 VNCSConnST:  Client pixel format depth 16 (16bpp) little-endian rgb565
/usr/lib/python3/dist-packages/blueman/plugins/applet/AppIndicator.py:8: PyGIWarning: AppIndicator3 was imported without specifying a version first. Use gi.require_version('AppIndicator3', '0.1') before import to ensure that the right version gets loaded.
  from gi.repository import AppIndicator3 as girAppIndicator
ERROR:dbus.proxies:Introspect error on org.bluez:/org/bluez: dbus.exceptions.DBusException: org.freedesktop.DBus.Error.AccessDenied: Rejected send message, 2 matched rules; type="method_call", sender=":1.2490" (uid=1289 pid=41055 comm="/usr/bin/python3 /usr/bin/blueman-applet " label="unconfined") interface="org.freedesktop.DBus.Introspectable" member="Introspect" error name="(unset)" requested_reply="0" destination="org.bluez" (bus)
ERROR:dbus.proxies:Introspect error on org.bluez:/: dbus.exceptions.DBusException: org.freedesktop.DBus.Error.AccessDenied: Rejected send message, 2 matched rules; type="method_call", sender=":1.2490" (uid=1289 pid=41055 comm="/usr/bin/python3 /usr/bin/blueman-applet " label="unconfined") interface="org.freedesktop.DBus.Introspectable" member="Introspect" error name="(unset)" requested_reply="0" destination="org.bluez" (bus)
ERROR:dbus.proxies:Introspect error on org.bluez:/: dbus.exceptions.DBusException: org.freedesktop.DBus.Error.AccessDenied: Rejected send message, 2 matched rules; type="method_call", sender=":1.2490" (uid=1289 pid=41055 comm="/usr/bin/python3 /usr/bin/blueman-applet " label="unconfined") interface="org.freedesktop.DBus.Introspectable" member="Introspect" error name="(unset)" requested_reply="0" destination="org.bluez" (bus)

(wrapper-1.0:41127): Gdk-WARNING **: 09:52:38.027: /build/gtk+2.0-AoeliP/gtk+2.0-2.24.32/gdk/x11/gdkdrawable-x11.c:952 drawable is not a pixmap or window

Thu Feb 20 09:54:51 2020
 XserverDesktop: Added unknown keysym 0xf3 to keycode 255
xfwm4-Message: 09:54:51.965: Unsupported keyboard modifier '<Super>Tab'

Thu Feb 20 09:54:52 2020
 XserverDesktop: Added unknown keysym 0x6c7 to keycode 254
 XserverDesktop: Added unknown keysym 0x6cf to keycode 253
xfwm4-Message: 09:54:52.693: Unsupported keyboard modifier '<Super>Tab'
 XserverDesktop: Added unknown keysym 0x6cc to keycode 252
xfwm4-Message: 09:54:52.974: Unsupported keyboard modifier '<Super>Tab'

Thu Feb 20 09:55:00 2020
 XserverDesktop: Added unknown keysym 0x6d7 to keycode 251
xfwm4-Message: 09:55:00.558: Unsupported keyboard modifier '<Super>Tab'

Thu Feb 20 09:56:03 2020
 XserverDesktop: Added unknown keysym 0x6d2 to keycode 250

Thu Feb 20 09:56:04 2020
 XserverDesktop: Added unknown keysym 0x6c1 to keycode 249
xfwm4-Message: 09:56:04.287: Unsupported keyboard modifier '<Super>Tab'
 XserverDesktop: Added unknown keysym 0x6c4 to keycode 248
xfwm4-Message: 09:56:04.861: Unsupported keyboard modifier '<Super>Tab'

Thu Feb 20 09:56:05 2020
 XserverDesktop: Added unknown keysym 0x6d3 to keycode 247
xfwm4-Message: 09:56:05.485: Unsupported keyboard modifier '<Super>Tab'
 XserverDesktop: Added unknown keysym 0x6da to keycode 246
xfwm4-Message: 09:56:06.237: Unsupported keyboard modifier '<Super>Tab'

Thu Feb 20 09:56:08 2020
 XserverDesktop: Added unknown keysym 0x6c8 to keycode 245
xfwm4-Message: 09:56:08.997: Unsupported keyboard modifier '<Super>Tab'

Thu Feb 20 09:58:27 2020
 XserverDesktop: Added unknown keysym 0x6ce to keycode 244
xfwm4-Message: 09:58:28.095: Unsupported keyboard modifier '<Super>Tab'

Thu Feb 20 09:58:28 2020
 XserverDesktop: Added unknown keysym 0x6d0 to keycode 243
xfwm4-Message: 09:58:29.110: Unsupported keyboard modifier '<Super>Tab'

Thu Feb 20 09:58:29 2020
 XserverDesktop: Added unknown keysym 0x6dd to keycode 242
xfwm4-Message: 09:58:29.782: Unsupported keyboard modifier '<Super>Tab'

Thu Feb 20 10:09:23 2020
 XserverDesktop: Added unknown keysym 0x6cb to keycode 241
xfwm4-Message: 10:09:23.767: Unsupported keyboard modifier '<Super>Tab'
 XserverDesktop: Added unknown keysym 0x6c9 to keycode 240
xfwm4-Message: 10:09:24.241: Unsupported keyboard modifier '<Super>Tab'

Thu Feb 20 10:10:14 2020
 XserverDesktop: Added unknown keysym 0x6d4 to keycode 239
xfwm4-Message: 10:10:14.457: Unsupported keyboard modifier '<Super>Tab'

Thu Feb 20 10:23:43 2020
 XserverDesktop: Added unknown keysym 0x6c6 to keycode 238
xfwm4-Message: 10:23:43.805: Unsupported keyboard modifier '<Super>Tab'

Thu Feb 20 10:34:23 2020
 Connections: accepted: 0.0.0.0::49941
 SConnection: Client needs protocol version 3.8
 SConnection: Client requests security type VncAuth(2)

Thu Feb 20 10:34:44 2020
 VNCSConnST:  Server default pixel format depth 16 (16bpp) little-endian rgb565
 VNCSConnST:  Client pixel format depth 16 (16bpp) little-endian rgb565

Thu Feb 20 10:34:55 2020
 Connections: closed: 0.0.0.0::49941 (Clean disconnection)
 SMsgWriter:  framebuffer updates 63
 SMsgWriter:    copyRect rects 98, bytes 1568
 SMsgWriter:    hextile rects 335, bytes 1186083
 SMsgWriter:    raw bytes equivalent 10610392, compression ratio 8.945742

Thu Feb 20 10:35:50 2020
 Connections: accepted: 0.0.0.0::49944
 SConnection: Client needs protocol version 3.8
 SConnection: Client requests security type VncAuth(2)

Thu Feb 20 10:36:02 2020
 SConnection: AuthFailureException: Authentication failure
 Connections: closed: 0.0.0.0::49944 (Authentication failure)

Thu Feb 20 10:36:07 2020
 Connections: accepted: 0.0.0.0::49952
 SConnection: Client needs protocol version 3.8
 SConnection: Client requests security type VncAuth(2)

Thu Feb 20 10:36:19 2020
 Connections: closed: 0.0.0.0::49952 (read: Connection reset by peer (104))

Thu Feb 20 10:36:22 2020
 Connections: accepted: 0.0.0.0::49953
 SConnection: Client needs protocol version 3.8
 SConnection: Client requests security type VncAuth(2)

Thu Feb 20 10:36:30 2020
 VNCSConnST:  Server default pixel format depth 16 (16bpp) little-endian rgb565
 VNCSConnST:  Client pixel format depth 16 (16bpp) little-endian rgb565

(Thunar:40973): Gdk-WARNING **: 10:39:28.373: gdk_window_set_icon_list: icons too large

Thu Feb 20 10:40:08 2020
 Connections: closed: 0.0.0.0::49953 (Clean disconnection)
 SMsgWriter:  framebuffer updates 2491
 SMsgWriter:    copyRect rects 1914, bytes 30624
 SMsgWriter:    hextile rects 6893, bytes 10002793
 SMsgWriter:    raw bytes equivalent 92464494, compression ratio 9.243868
QXcbConnection: Failed to initialize XRandr
Qt: XKEYBOARD extension not present on the X server.
Unsupported screen format: depth: 16, red_mask: 3f, blue_mask: f800
Using RGB16 fallback, if this works your X11 server is reporting a bad screen format.

Thu Feb 20 10:48:34 2020
 Connections: closed: 0.0.0.0::49997 (Clean disconnection)
 SMsgWriter:  framebuffer updates 14068
 SMsgWriter:    copyRect rects 6393, bytes 102288
 SMsgWriter:    hextile rects 39252, bytes 80139370
 SMsgWriter:    raw bytes equivalent 675629916, compression ratio 8.430687
/usr/lib/ubuntu-release-upgrader/check-new-release-gtk:30: PyGIWarning: Gtk was imported without specifying a version first. Use gi.require_version('Gtk', '3.0') before import to ensure that the right version gets loaded.
  from gi.repository import Gtk
WARNING:root:timeout reached, exiting

(xfdesktop:40975): libxfce4ui-WARNING **: 09:42:15.201: ICE I/O Error

(xfdesktop:40975): libxfce4ui-WARNING **: 09:42:15.244: Disconnected from session manager.
xfdesktop: Fatal IO error 25 (Inappropriate ioctl for device) on X server :8.0.
xfwm4: Fatal IO error 4 (Interrupted system call) on X server :8.0.
