
Xvnc Free Edition 4.1.1 - built Feb 25 2015 23:02:21
Copyright (C) 2002-2005 RealVNC Ltd.
See http://www.realvnc.com for information on VNC.
Underlying X server release 40300000, The XFree86 Project, Inc


Thu Mar 12 09:47:10 2020
 vncext:      VNC extension running!
 vncext:      Listening for VNC connections on port 5904
 vncext:      created VNC server for screen 0
error opening security policy file /etc/X11/xserver/SecurityPolicy
Could not init font path element /usr/X11R6/lib/X11/fonts/Type1/, removing from list!
Could not init font path element /usr/X11R6/lib/X11/fonts/Speedo/, removing from list!
Could not init font path element /usr/X11R6/lib/X11/fonts/misc/, removing from list!
Could not init font path element /usr/X11R6/lib/X11/fonts/75dpi/, removing from list!
Could not init font path element /usr/X11R6/lib/X11/fonts/100dpi/, removing from list!
Could not init font path element /usr/share/fonts/X11/75dpi/, removing from list!
Could not init font path element /usr/share/fonts/X11/100dpi/, removing from list!
xrdb: No such file or directory
xrdb: can't open file '/home/is28/shishmakova28/.Xresources'
/usr/bin/startxfce4: X server already running on display :4
gpg-agent[5138]: WARNING: "--write-env-file" is an obsolete option - it has no effect
gpg-agent: a gpg-agent is already running - not starting a new one

(xfce4-session:5124): xfce4-session-WARNING **: 09:47:13.435: gpg-agent returned no PID in the variables

(xfce4-session:5124): xfce4-session-WARNING **: 09:47:13.442: xfsm_manager_load_session: Something wrong with /home/is28/shishmakova28/.cache/sessions/xfce4-session-virt-1:4, Does it exist? Permissions issue?

(xfwm4:5143): xfwm4-WARNING **: 09:47:13.475: The display does not support the XRender extension.

(xfwm4:5143): xfwm4-WARNING **: 09:47:13.475: The display does not support the XComposite extension.

(xfwm4:5143): xfwm4-WARNING **: 09:47:13.475: The display does not support the XDamage extension.

(xfwm4:5143): xfwm4-WARNING **: 09:47:13.475: The display does not support the XFixes extension.

(xfwm4:5143): xfwm4-WARNING **: 09:47:13.475: Compositing manager disabled.

** (light-locker:5153): ERROR **: 09:47:13.522: Environment variable XDG_SESSION_PATH not set. Is LightDM running?
(uint32 1,)

(polkit-gnome-authentication-agent-1:5156): GLib-CRITICAL **: 09:47:13.537: g_variant_new_string: assertion 'string != NULL' failed

(polkit-gnome-authentication-agent-1:5156): polkit-gnome-1-WARNING **: 09:47:13.538: Failed to register client: GDBus.Error:org.freedesktop.DBus.Error.ServiceUnknown: The name org.gnome.SessionManager was not provided by any .service files
xfwm4-Message: 09:47:13.604: Unsupported keyboard modifier '<Super>Tab'

(xfsettingsd:5152): xfsettingsd-CRITICAL **: 09:47:13.632: RANDR extension is too old, version 1.1. Display settings won't be applied.
Xlib:  extension "XInputExtension" missing on display ":4.0".

(xfsettingsd:5152): xfsettingsd-CRITICAL **: 09:47:13.636: XI is not present.

(xfsettingsd:5152): xfsettingsd-CRITICAL **: 09:47:13.640: Failed to initialize the Xkb extension.

(xfsettingsd:5152): xfsettingsd-CRITICAL **: 09:47:13.640: Failed to initialize the Accessibility extension.
xfwm4-Message: 09:47:13.679: Unsupported keyboard modifier '<Super>Tab'

(nm-applet:5249): Gtk-WARNING **: 09:47:13.748: Can't set a parent on widget which has a parent

(nm-applet:5249): Gdk-CRITICAL **: 09:47:13.895: gdk_window_thaw_toplevel_updates: assertion 'window->update_and_descendants_freeze_count > 0' failed

Thu Mar 12 09:47:24 2020
 Connections: accepted: 0.0.0.0::49318
 SConnection: Client needs protocol version 3.8
 SConnection: Client requests security type VncAuth(2)
/usr/lib/python3/dist-packages/blueman/plugins/applet/AppIndicator.py:8: PyGIWarning: AppIndicator3 was imported without specifying a version first. Use gi.require_version('AppIndicator3', '0.1') before import to ensure that the right version gets loaded.
  from gi.repository import AppIndicator3 as girAppIndicator
ERROR:dbus.proxies:Introspect error on org.bluez:/org/bluez: dbus.exceptions.DBusException: org.freedesktop.DBus.Error.AccessDenied: Rejected send message, 2 matched rules; type="method_call", sender=":1.173" (uid=1289 pid=5222 comm="/usr/bin/python3 /usr/bin/blueman-applet " label="unconfined") interface="org.freedesktop.DBus.Introspectable" member="Introspect" error name="(unset)" requested_reply="0" destination="org.bluez" (bus)
ERROR:dbus.proxies:Introspect error on org.bluez:/: dbus.exceptions.DBusException: org.freedesktop.DBus.Error.AccessDenied: Rejected send message, 2 matched rules; type="method_call", sender=":1.173" (uid=1289 pid=5222 comm="/usr/bin/python3 /usr/bin/blueman-applet " label="unconfined") interface="org.freedesktop.DBus.Introspectable" member="Introspect" error name="(unset)" requested_reply="0" destination="org.bluez" (bus)
ERROR:dbus.proxies:Introspect error on org.bluez:/: dbus.exceptions.DBusException: org.freedesktop.DBus.Error.AccessDenied: Rejected send message, 2 matched rules; type="method_call", sender=":1.173" (uid=1289 pid=5222 comm="/usr/bin/python3 /usr/bin/blueman-applet " label="unconfined") interface="org.freedesktop.DBus.Introspectable" member="Introspect" error name="(unset)" requested_reply="0" destination="org.bluez" (bus)

Thu Mar 12 09:47:30 2020
 VNCSConnST:  Server default pixel format depth 16 (16bpp) little-endian rgb565
 VNCSConnST:  Client pixel format depth 16 (16bpp) little-endian rgb565

Thu Mar 12 10:26:05 2020
 XserverDesktop: Added unknown keysym 0x6c4 to keycode 255
xfwm4-Message: 10:26:05.921: Unsupported keyboard modifier '<Super>Tab'

Thu Mar 12 10:26:06 2020
 XserverDesktop: Added unknown keysym 0x6c5 to keycode 254
 XserverDesktop: Added unknown keysym 0x6ce to keycode 253
xfwm4-Message: 10:26:06.464: Unsupported keyboard modifier '<Super>Tab'
 XserverDesktop: Added unknown keysym 0x6d8 to keycode 252
xfwm4-Message: 10:26:06.888: Unsupported keyboard modifier '<Super>Tab'

Thu Mar 12 10:26:08 2020
 XserverDesktop: Added unknown keysym 0x6cc to keycode 251
 XserverDesktop: Added unknown keysym 0x6c9 to keycode 250
xfwm4-Message: 10:26:08.953: Unsupported keyboard modifier '<Super>Tab'

Thu Mar 12 10:29:01 2020
 XserverDesktop: Added unknown keysym 0x6d1 to keycode 249
 XserverDesktop: Added unknown keysym 0x6c6 to keycode 248
xfwm4-Message: 10:29:01.681: Unsupported keyboard modifier '<Super>Tab'
 XserverDesktop: Added unknown keysym 0x6d7 to keycode 247
xfwm4-Message: 10:29:02.057: Unsupported keyboard modifier '<Super>Tab'

(Thunar:5149): Gdk-WARNING **: 10:29:58.561: gdk_window_set_icon_list: icons too large
Xlib:  extension "XINERAMA" missing on display ":4.0".
func=xmlSecCheckVersionExt:file=xmlsec.c:line=188:obj=unknown:subj=unknown:error=19:invalid version:mode=abi compatible;expected minor version=2;real minor version=2;expected subminor version=25;real subminor version=26

Thu Mar 12 10:31:42 2020
 XserverDesktop: Added unknown keysym 0x6f0 to keycode 246
xfwm4-Message: 10:31:42.617: Unsupported keyboard modifier '<Super>Tab'

Thu Mar 12 10:31:46 2020
 XserverDesktop: Added unknown keysym 0x6d2 to keycode 245
xfwm4-Message: 10:31:46.553: Unsupported keyboard modifier '<Super>Tab'
 XserverDesktop: Added unknown keysym 0x6cf to keycode 244
xfwm4-Message: 10:31:46.842: Unsupported keyboard modifier '<Super>Tab'

Thu Mar 12 10:31:47 2020
 XserverDesktop: Added unknown keysym 0x6de to keycode 243
xfwm4-Message: 10:31:47.553: Unsupported keyboard modifier '<Super>Tab'
 XserverDesktop: Added unknown keysym 0x6d3 to keycode 242
xfwm4-Message: 10:31:47.882: Unsupported keyboard modifier '<Super>Tab'

Thu Mar 12 10:31:51 2020
 XserverDesktop: Added unknown keysym 0x6f6 to keycode 241
xfwm4-Message: 10:31:52.186: Unsupported keyboard modifier '<Super>Tab'

Thu Mar 12 10:32:10 2020
 XserverDesktop: Added unknown keysym 0x6d4 to keycode 240
xfwm4-Message: 10:32:11.226: Unsupported keyboard modifier '<Super>Tab'

Thu Mar 12 10:32:37 2020
 XserverDesktop: Added unknown keysym 0x6c1 to keycode 239
xfwm4-Message: 10:32:37.546: Unsupported keyboard modifier '<Super>Tab'

Thu Mar 12 10:44:32 2020
 XserverDesktop: Added unknown keysym 0x6c3 to keycode 238
xfwm4-Message: 10:44:32.917: Unsupported keyboard modifier '<Super>Tab'

Thu Mar 12 10:44:50 2020
 XserverDesktop: Added unknown keysym 0xf3 to keycode 237
xfwm4-Message: 10:44:50.341: Unsupported keyboard modifier '<Super>Tab'

Thu Mar 12 10:44:52 2020
 XserverDesktop: Added unknown keysym 0x6db to keycode 236
xfwm4-Message: 10:44:52.366: Unsupported keyboard modifier '<Super>Tab'

Thu Mar 12 10:58:30 2020
 Connections: closed: 0.0.0.0::49318 (Clean disconnection)
 SMsgWriter:  framebuffer updates 9703
 SMsgWriter:    copyRect rects 3285, bytes 52560
 SMsgWriter:    hextile rects 26480, bytes 96102068
 SMsgWriter:    raw bytes equivalent 846628480, compression ratio 8.809680
cat: /home/is28/shishmakova28/.Xauthority: No such file or directory
AUDIT: Tue Mar 17 21:58:53 2020: 4884 Xvnc4: client 9 rejected from local host

(tracker-miner-fs:5158): Tracker-WARNING **: 22:01:26.325:   Could not create file:'/home/is28/shishmakova28/.cache/tracker/last-crawl.txt' failed, Failed to create file “/home/is28/shishmakova28/.cache/tracker/last-crawl.txt.M9PTH0”: No such file or directory

(tracker-miner-fs:5158): Tracker-WARNING **: 22:01:26.325:   Could not create file:'/home/is28/shishmakova28/.cache/tracker/last-crawl.txt' failed, Failed to create file “/home/is28/shishmakova28/.cache/tracker/last-crawl.txt.36PTH0”: No such file or directory

(tracker-miner-fs:5158): Tracker-WARNING **: 22:01:26.327:   Could not create file:'/home/is28/shishmakova28/.cache/tracker/last-crawl.txt' failed, Failed to create file “/home/is28/shishmakova28/.cache/tracker/last-crawl.txt.W6OTH0”: No such file or directory

(tracker-miner-fs:5158): Tracker-WARNING **: 22:01:26.327:   Could not create file:'/home/is28/shishmakova28/.cache/tracker/last-crawl.txt' failed, Failed to create file “/home/is28/shishmakova28/.cache/tracker/last-crawl.txt.27OTH0”: No such file or directory

(Thunar:5149): thunar-WARNING **: 22:01:26.399: Failed to create bookmarks folder: Error creating directory /home/is28: Permission denied

(Thunar:5149): GLib-CRITICAL **: 22:01:26.399: g_file_set_contents: assertion 'error == NULL || *error == NULL' failed

(Thunar:5149): thunar-WARNING **: 22:01:26.399: Failed to write "/home/is28/shishmakova28/.config/gtk-3.0/bookmarks": (null)

(tracker-miner-fs:5158): Tracker-WARNING **: 22:01:26.404:   Could not create file:'/home/is28/shishmakova28/.cache/tracker/last-crawl.txt' failed, Failed to create file “/home/is28/shishmakova28/.cache/tracker/last-crawl.txt.FQJVH0”: No such file or directory

(tracker-miner-fs:5158): Tracker-WARNING **: 22:01:26.404:   Could not create file:'/home/is28/shishmakova28/.cache/tracker/last-crawl.txt' failed, Failed to create file “/home/is28/shishmakova28/.cache/tracker/last-crawl.txt.OSJVH0”: No such file or directory

(tracker-miner-fs:5158): Tracker-WARNING **: 22:01:26.426:   Could not create file:'/home/is28/shishmakova28/.cache/tracker/last-crawl.txt' failed, Failed to create file “/home/is28/shishmakova28/.cache/tracker/last-crawl.txt.K74VH0”: No such file or directory

(tracker-miner-fs:5158): Tracker-WARNING **: 22:01:26.426:   Could not create file:'/home/is28/shishmakova28/.cache/tracker/last-crawl.txt' failed, Failed to create file “/home/is28/shishmakova28/.cache/tracker/last-crawl.txt.X84VH0”: No such file or directory

(tracker-miner-fs:5158): Tracker-WARNING **: 22:01:26.457:   Could not create file:'/home/is28/shishmakova28/.cache/tracker/last-crawl.txt' failed, Failed to create file “/home/is28/shishmakova28/.cache/tracker/last-crawl.txt.3IJWH0”: No such file or directory

(tracker-miner-fs:5158): Tracker-WARNING **: 22:01:26.457:   Could not create file:'/home/is28/shishmakova28/.cache/tracker/last-crawl.txt' failed, Failed to create file “/home/is28/shishmakova28/.cache/tracker/last-crawl.txt.DKJWH0”: No such file or directory

(tracker-miner-fs:5158): Tracker-WARNING **: 22:01:26.461:   Could not create file:'/home/is28/shishmakova28/.cache/tracker/last-crawl.txt' failed, Failed to create file “/home/is28/shishmakova28/.cache/tracker/last-crawl.txt.WKZTH0”: No such file or directory

(tracker-miner-fs:5158): Tracker-WARNING **: 22:01:26.461:   Could not create file:'/home/is28/shishmakova28/.cache/tracker/last-crawl.txt' failed, Failed to create file “/home/is28/shishmakova28/.cache/tracker/last-crawl.txt.AMZTH0”: No such file or directory
AUDIT: Tue Mar 17 22:02:13 2020: 4884 Xvnc4: client 4 rejected from local host
No protocol specified
Unable to init server: Could not connect: Connection refused
AUDIT: Tue Mar 17 22:02:13 2020: 4884 Xvnc4: client 4 rejected from local host
No protocol specified
Unable to init server: Could not connect: Connection refused

(tracker-miner-fs:5158): Tracker-WARNING **: 22:03:29.964:   Could not create file:'/home/is28/shishmakova28/.cache/tracker/last-crawl.txt' failed, Failed to create file “/home/is28/shishmakova28/.cache/tracker/last-crawl.txt.M3F7H0”: No such file or directory

(tracker-miner-fs:5158): Tracker-WARNING **: 22:03:29.964:   Could not create file:'/home/is28/shishmakova28/.cache/tracker/last-crawl.txt' failed, Failed to create file “/home/is28/shishmakova28/.cache/tracker/last-crawl.txt.04F7H0”: No such file or directory

(tracker-miner-fs:5158): Tracker-WARNING **: 22:03:29.966:   Could not create file:'/home/is28/shishmakova28/.cache/tracker/last-crawl.txt' failed, Failed to create file “/home/is28/shishmakova28/.cache/tracker/last-crawl.txt.T5D7H0”: No such file or directory

(tracker-miner-fs:5158): Tracker-WARNING **: 22:03:29.966:   Could not create file:'/home/is28/shishmakova28/.cache/tracker/last-crawl.txt' failed, Failed to create file “/home/is28/shishmakova28/.cache/tracker/last-crawl.txt.T6D7H0”: No such file or directory

(tracker-miner-fs:5158): Tracker-WARNING **: 22:03:29.975:   Could not create file:'/home/is28/shishmakova28/.cache/tracker/last-crawl.txt' failed, Failed to create file “/home/is28/shishmakova28/.cache/tracker/last-crawl.txt.KOW7H0”: No such file or directory

(tracker-miner-fs:5158): Tracker-WARNING **: 22:03:29.975:   Could not create file:'/home/is28/shishmakova28/.cache/tracker/last-crawl.txt' failed, Failed to create file “/home/is28/shishmakova28/.cache/tracker/last-crawl.txt.QPW7H0”: No such file or directory
