
Xvnc Free Edition 4.1.1 - built Feb 25 2015 23:02:21
Copyright (C) 2002-2005 RealVNC Ltd.
See http://www.realvnc.com for information on VNC.
Underlying X server release 40300000, The XFree86 Project, Inc


Thu Feb  6 09:29:21 2020
 vncext:      VNC extension running!
 vncext:      Listening for VNC connections on port 5906
 vncext:      created VNC server for screen 0
error opening security policy file /etc/X11/xserver/SecurityPolicy
Could not init font path element /usr/X11R6/lib/X11/fonts/Type1/, removing from list!
Could not init font path element /usr/X11R6/lib/X11/fonts/Speedo/, removing from list!
Could not init font path element /usr/X11R6/lib/X11/fonts/misc/, removing from list!
Could not init font path element /usr/X11R6/lib/X11/fonts/75dpi/, removing from list!
Could not init font path element /usr/X11R6/lib/X11/fonts/100dpi/, removing from list!
Could not init font path element /usr/share/fonts/X11/75dpi/, removing from list!
Could not init font path element /usr/share/fonts/X11/100dpi/, removing from list!
xrdb: No such file or directory
xrdb: can't open file '/home/is28/shishmakova28/.Xresources'
/usr/bin/startxfce4: X server already running on display :6
gpg-agent[44983]: WARNING: "--write-env-file" is an obsolete option - it has no effect
gpg-agent: a gpg-agent is already running - not starting a new one

(xfce4-session:44973): xfce4-session-WARNING **: 09:29:24.998: gpg-agent returned no PID in the variables

(xfce4-session:44973): xfce4-session-WARNING **: 09:29:25.001: xfsm_manager_load_session: Something wrong with /home/is28/shishmakova28/.cache/sessions/xfce4-session-virt-1:6, Does it exist? Permissions issue?

(xfwm4:44987): xfwm4-WARNING **: 09:29:25.025: The display does not support the XRender extension.

(xfwm4:44987): xfwm4-WARNING **: 09:29:25.025: The display does not support the XComposite extension.

(xfwm4:44987): xfwm4-WARNING **: 09:29:25.025: The display does not support the XDamage extension.

(xfwm4:44987): xfwm4-WARNING **: 09:29:25.025: The display does not support the XFixes extension.

(xfwm4:44987): xfwm4-WARNING **: 09:29:25.025: Compositing manager disabled.
(uint32 1,)

** (light-locker:44996): ERROR **: 09:29:25.100: Environment variable XDG_SESSION_PATH not set. Is LightDM running?

(polkit-gnome-authentication-agent-1:44999): GLib-CRITICAL **: 09:29:25.118: g_variant_new_string: assertion 'string != NULL' failed

(polkit-gnome-authentication-agent-1:44999): polkit-gnome-1-WARNING **: 09:29:25.118: Failed to register client: GDBus.Error:org.freedesktop.DBus.Error.ServiceUnknown: The name org.gnome.SessionManager was not provided by any .service files

(xfsettingsd:44997): xfsettingsd-CRITICAL **: 09:29:25.123: RANDR extension is too old, version 1.1. Display settings won't be applied.
Xlib:  extension "XInputExtension" missing on display ":6.0".

(xfsettingsd:44997): xfsettingsd-CRITICAL **: 09:29:25.123: XI is not present.

(xfsettingsd:44997): xfsettingsd-CRITICAL **: 09:29:25.123: Failed to initialize the Xkb extension.

(xfsettingsd:44997): xfsettingsd-CRITICAL **: 09:29:25.124: Failed to initialize the Accessibility extension.

(xfsettingsd:44997): xfsettingsd-WARNING **: 09:29:25.192: Failed to get the _NET_NUMBER_OF_DESKTOPS property.
xfwm4-Message: 09:29:25.212: Unsupported keyboard modifier '<Super>Tab'
xfwm4-Message: 09:29:25.266: Unsupported keyboard modifier '<Super>Tab'

(nm-applet:45091): Gtk-WARNING **: 09:29:25.335: Can't set a parent on widget which has a parent

(nm-applet:45091): Gdk-CRITICAL **: 09:29:25.471: gdk_window_thaw_toplevel_updates: assertion 'window->update_and_descendants_freeze_count > 0' failed
/usr/lib/python3/dist-packages/blueman/plugins/applet/AppIndicator.py:8: PyGIWarning: AppIndicator3 was imported without specifying a version first. Use gi.require_version('AppIndicator3', '0.1') before import to ensure that the right version gets loaded.
  from gi.repository import AppIndicator3 as girAppIndicator
ERROR:dbus.proxies:Introspect error on org.bluez:/org/bluez: dbus.exceptions.DBusException: org.freedesktop.DBus.Error.AccessDenied: Rejected send message, 2 matched rules; type="method_call", sender=":1.473" (uid=1289 pid=45063 comm="/usr/bin/python3 /usr/bin/blueman-applet " label="unconfined") interface="org.freedesktop.DBus.Introspectable" member="Introspect" error name="(unset)" requested_reply="0" destination="org.bluez" (bus)
ERROR:dbus.proxies:Introspect error on org.bluez:/: dbus.exceptions.DBusException: org.freedesktop.DBus.Error.AccessDenied: Rejected send message, 2 matched rules; type="method_call", sender=":1.473" (uid=1289 pid=45063 comm="/usr/bin/python3 /usr/bin/blueman-applet " label="unconfined") interface="org.freedesktop.DBus.Introspectable" member="Introspect" error name="(unset)" requested_reply="0" destination="org.bluez" (bus)
ERROR:dbus.proxies:Introspect error on org.bluez:/: dbus.exceptions.DBusException: org.freedesktop.DBus.Error.AccessDenied: Rejected send message, 2 matched rules; type="method_call", sender=":1.473" (uid=1289 pid=45063 comm="/usr/bin/python3 /usr/bin/blueman-applet " label="unconfined") interface="org.freedesktop.DBus.Introspectable" member="Introspect" error name="(unset)" requested_reply="0" destination="org.bluez" (bus)

(wrapper-1.0:45139): Gdk-WARNING **: 09:29:37.177: /build/gtk+2.0-AoeliP/gtk+2.0-2.24.32/gdk/x11/gdkdrawable-x11.c:952 drawable is not a pixmap or window

Thu Feb  6 09:29:52 2020
 Connections: accepted: 0.0.0.0::49336
 SConnection: Client needs protocol version 3.8
 SConnection: Client requests security type VncAuth(2)

Thu Feb  6 09:30:00 2020
 VNCSConnST:  Server default pixel format depth 16 (16bpp) little-endian rgb565
 VNCSConnST:  Client pixel format depth 16 (16bpp) little-endian rgb565

(polkit-gnome-authentication-agent-1:44999): polkit-gnome-1-WARNING **: 09:36:27.469: Couldn't open user icon: Failed to open file '/home/adom/.face': No such file or directory

(polkit-gnome-authentication-agent-1:44999): polkit-gnome-1-WARNING **: 09:36:27.470: Couldn't open user icon: Failed to open file '/home/test/.face': No such file or directory
Gtk-Message: 09:36:27.496: GtkDialog mapped without a transient parent. This is discouraged.

Thu Feb  6 09:45:53 2020
 XserverDesktop: Added unknown keysym 0x6f3 to keycode 255
xfwm4-Message: 09:45:53.871: Unsupported keyboard modifier '<Super>Tab'
 XserverDesktop: Added unknown keysym 0x6cb to keycode 254

Thu Feb  6 09:45:54 2020
 XserverDesktop: Added unknown keysym 0x6cf to keycode 253
 XserverDesktop: Added unknown keysym 0x6cc to keycode 252
 XserverDesktop: Added unknown keysym 0x6d8 to keycode 251
xfwm4-Message: 09:45:54.639: Unsupported keyboard modifier '<Super>Tab'

Thu Feb  6 09:45:56 2020
 XserverDesktop: Added unknown keysym 0x6d7 to keycode 250
 XserverDesktop: Added unknown keysym 0x6c1 to keycode 249
 XserverDesktop: Added unknown keysym 0x6cd to keycode 248
xfwm4-Message: 09:45:56.935: Unsupported keyboard modifier '<Super>Tab'

Thu Feb  6 09:45:58 2020
 XserverDesktop: Added unknown keysym 0x6c5 to keycode 247
xfwm4-Message: 09:45:58.742: Unsupported keyboard modifier '<Super>Tab'
 XserverDesktop: Added unknown keysym 0x6d4 to keycode 246
xfwm4-Message: 09:45:59.047: Unsupported keyboard modifier '<Super>Tab'

Thu Feb  6 09:46:05 2020
 XserverDesktop: Added unknown keysym 0x6fc to keycode 245
xfwm4-Message: 09:46:05.847: Unsupported keyboard modifier '<Super>Tab'

Thu Feb  6 09:49:52 2020
 XserverDesktop: Added unknown keysym 0x6ee to keycode 244
xfwm4-Message: 09:49:52.567: Unsupported keyboard modifier '<Super>Tab'

Thu Feb  6 09:49:55 2020
 XserverDesktop: Added unknown keysym 0x6d9 to keycode 243
xfwm4-Message: 09:49:55.783: Unsupported keyboard modifier '<Super>Tab'

Thu Feb  6 09:49:56 2020
 XserverDesktop: Added unknown keysym 0xf3 to keycode 242
xfwm4-Message: 09:49:56.960: Unsupported keyboard modifier '<Super>Tab'
 XserverDesktop: Added unknown keysym 0x6d2 to keycode 241
xfwm4-Message: 09:49:57.240: Unsupported keyboard modifier '<Super>Tab'

Thu Feb  6 09:52:31 2020
 XserverDesktop: Added unknown keysym 0x6db to keycode 240
xfwm4-Message: 09:52:31.360: Unsupported keyboard modifier '<Super>Tab'

Thu Feb  6 09:52:32 2020
 XserverDesktop: Added unknown keysym 0x6da to keycode 239
xfwm4-Message: 09:52:32.840: Unsupported keyboard modifier '<Super>Tab'

Thu Feb  6 09:52:36 2020
 XserverDesktop: Added unknown keysym 0x6c7 to keycode 238
xfwm4-Message: 09:52:37.072: Unsupported keyboard modifier '<Super>Tab'

Thu Feb  6 09:52:37 2020
 XserverDesktop: Added unknown keysym 0x6c4 to keycode 237
xfwm4-Message: 09:52:37.392: Unsupported keyboard modifier '<Super>Tab'

Thu Feb  6 09:52:40 2020
 XserverDesktop: Added unknown keysym 0x6de to keycode 236
 XserverDesktop: Added unknown keysym 0x6c9 to keycode 235
xfwm4-Message: 09:52:41.144: Unsupported keyboard modifier '<Super>Tab'

(xfce4-terminal:46584): Gdk-CRITICAL **: 10:09:29.006: gdk_window_get_window_type: assertion 'GDK_IS_WINDOW (window)' failed

Thu Feb  6 10:32:46 2020
 XserverDesktop: Added unknown keysym 0x6dd to keycode 234
xfwm4-Message: 10:32:46.635: Unsupported keyboard modifier '<Super>Tab'

Thu Feb  6 10:33:23 2020
 XserverDesktop: Added unknown keysym 0x6ca to keycode 233
xfwm4-Message: 10:33:23.947: Unsupported keyboard modifier '<Super>Tab'

Thu Feb  6 10:55:39 2020
 Connections: closed: 0.0.0.0::49336 (Clean disconnection)
 SMsgWriter:  framebuffer updates 12930
 SMsgWriter:    copyRect rects 6167, bytes 98672
 SMsgWriter:    hextile rects 34154, bytes 110265047
 SMsgWriter:    raw bytes equivalent 1056093034, compression ratio 9.577768
/usr/lib/ubuntu-release-upgrader/check-new-release-gtk:30: PyGIWarning: Gtk was imported without specifying a version first. Use gi.require_version('Gtk', '3.0') before import to ensure that the right version gets loaded.
  from gi.repository import Gtk
WARNING:root:timeout reached, exiting

** (xfdesktop:44995): WARNING **: 20:30:16.730: Attempt to remove icon 0x559f2312c770 from XfdesktopIconView 0x559f2312c190, but it's not in there.
/usr/share/system-config-printer/applet.py:45: PyGIWarning: Notify was imported without specifying a version first. Use gi.require_version('Notify', '0.7') before import to ensure that the right version gets loaded.
  from gi.repository import Notify
system-config-printer-applet: failed to start NewPrinterNotification service
system-config-printer-applet: failed to start PrinterDriversInstaller service: org.freedesktop.DBus.Error.AccessDenied: Connection ":1.472" is not allowed to own the service "com.redhat.PrinterDriversInstaller" due to security policies in the configuration file
/usr/share/system-config-printer/applet.py:358: Warning: Source ID 10 was not found when attempting to remove it
  GLib.source_remove (self.timer)
/usr/share/system-config-printer/applet.py:358: Warning: Source ID 14 was not found when attempting to remove it
  GLib.source_remove (self.timer)
/usr/share/system-config-printer/applet.py:358: Warning: Source ID 16 was not found when attempting to remove it
  GLib.source_remove (self.timer)
/usr/share/system-config-printer/applet.py:358: Warning: Source ID 17 was not found when attempting to remove it
  GLib.source_remove (self.timer)
/usr/share/system-config-printer/applet.py:358: Warning: Source ID 21 was not found when attempting to remove it
  GLib.source_remove (self.timer)
/usr/share/system-config-printer/applet.py:358: Warning: Source ID 23 was not found when attempting to remove it
  GLib.source_remove (self.timer)
/usr/share/system-config-printer/applet.py:358: Warning: Source ID 24 was not found when attempting to remove it
  GLib.source_remove (self.timer)
/usr/share/system-config-printer/applet.py:358: Warning: Source ID 28 was not found when attempting to remove it
  GLib.source_remove (self.timer)
/usr/share/system-config-printer/applet.py:358: Warning: Source ID 30 was not found when attempting to remove it
  GLib.source_remove (self.timer)
/usr/share/system-config-printer/applet.py:358: Warning: Source ID 31 was not found when attempting to remove it
  GLib.source_remove (self.timer)
/usr/share/system-config-printer/applet.py:358: Warning: Source ID 35 was not found when attempting to remove it
  GLib.source_remove (self.timer)
/usr/share/system-config-printer/applet.py:358: Warning: Source ID 37 was not found when attempting to remove it
  GLib.source_remove (self.timer)
/usr/share/system-config-printer/applet.py:358: Warning: Source ID 38 was not found when attempting to remove it
  GLib.source_remove (self.timer)
/usr/share/system-config-printer/applet.py:358: Warning: Source ID 42 was not found when attempting to remove it
  GLib.source_remove (self.timer)
/usr/share/system-config-printer/applet.py:358: Warning: Source ID 44 was not found when attempting to remove it
  GLib.source_remove (self.timer)
/usr/share/system-config-printer/applet.py:358: Warning: Source ID 45 was not found when attempting to remove it
  GLib.source_remove (self.timer)
/usr/share/system-config-printer/applet.py:358: Warning: Source ID 49 was not found when attempting to remove it
  GLib.source_remove (self.timer)
/usr/share/system-config-printer/applet.py:358: Warning: Source ID 51 was not found when attempting to remove it
  GLib.source_remove (self.timer)
/usr/share/system-config-printer/applet.py:358: Warning: Source ID 52 was not found when attempting to remove it
  GLib.source_remove (self.timer)
/usr/share/system-config-printer/applet.py:358: Warning: Source ID 56 was not found when attempting to remove it
  GLib.source_remove (self.timer)
/usr/share/system-config-printer/applet.py:358: Warning: Source ID 58 was not found when attempting to remove it
  GLib.source_remove (self.timer)
/usr/share/system-config-printer/applet.py:358: Warning: Source ID 59 was not found when attempting to remove it
  GLib.source_remove (self.timer)
/usr/share/system-config-printer/applet.py:358: Warning: Source ID 63 was not found when attempting to remove it
  GLib.source_remove (self.timer)
/usr/share/system-config-printer/applet.py:358: Warning: Source ID 65 was not found when attempting to remove it
  GLib.source_remove (self.timer)
/usr/share/system-config-printer/applet.py:358: Warning: Source ID 66 was not found when attempting to remove it
  GLib.source_remove (self.timer)
/usr/share/system-config-printer/applet.py:358: Warning: Source ID 70 was not found when attempting to remove it
  GLib.source_remove (self.timer)
/usr/share/system-config-printer/applet.py:358: Warning: Source ID 72 was not found when attempting to remove it
  GLib.source_remove (self.timer)
/usr/share/system-config-printer/applet.py:358: Warning: Source ID 73 was not found when attempting to remove it
  GLib.source_remove (self.timer)
/usr/share/system-config-printer/applet.py:358: Warning: Source ID 77 was not found when attempting to remove it
  GLib.source_remove (self.timer)
/usr/share/system-config-printer/applet.py:358: Warning: Source ID 79 was not found when attempting to remove it
  GLib.source_remove (self.timer)
/usr/share/system-config-printer/applet.py:358: Warning: Source ID 80 was not found when attempting to remove it
  GLib.source_remove (self.timer)
/usr/share/system-config-printer/applet.py:358: Warning: Source ID 84 was not found when attempting to remove it
  GLib.source_remove (self.timer)
/usr/share/system-config-printer/applet.py:358: Warning: Source ID 86 was not found when attempting to remove it
  GLib.source_remove (self.timer)
/usr/share/system-config-printer/applet.py:358: Warning: Source ID 87 was not found when attempting to remove it
  GLib.source_remove (self.timer)
/usr/share/system-config-printer/applet.py:358: Warning: Source ID 91 was not found when attempting to remove it
  GLib.source_remove (self.timer)
/usr/share/system-config-printer/applet.py:358: Warning: Source ID 93 was not found when attempting to remove it
  GLib.source_remove (self.timer)
/usr/share/system-config-printer/applet.py:358: Warning: Source ID 94 was not found when attempting to remove it
  GLib.source_remove (self.timer)
/usr/share/system-config-printer/applet.py:358: Warning: Source ID 98 was not found when attempting to remove it
  GLib.source_remove (self.timer)
/usr/share/system-config-printer/applet.py:358: Warning: Source ID 100 was not found when attempting to remove it
  GLib.source_remove (self.timer)
/usr/share/system-config-printer/applet.py:358: Warning: Source ID 101 was not found when attempting to remove it
  GLib.source_remove (self.timer)
/usr/share/system-config-printer/applet.py:358: Warning: Source ID 105 was not found when attempting to remove it
  GLib.source_remove (self.timer)
/usr/share/system-config-printer/applet.py:358: Warning: Source ID 106 was not found when attempting to remove it
  GLib.source_remove (self.timer)
/usr/share/system-config-printer/applet.py:358: Warning: Source ID 108 was not found when attempting to remove it
  GLib.source_remove (self.timer)
/usr/share/system-config-printer/applet.py:358: Warning: Source ID 109 was not found when attempting to remove it
  GLib.source_remove (self.timer)
/usr/share/system-config-printer/applet.py:358: Warning: Source ID 113 was not found when attempting to remove it
  GLib.source_remove (self.timer)
/usr/share/system-config-printer/applet.py:358: Warning: Source ID 115 was not found when attempting to remove it
  GLib.source_remove (self.timer)
/usr/share/system-config-printer/applet.py:358: Warning: Source ID 117 was not found when attempting to remove it
  GLib.source_remove (self.timer)
/usr/share/system-config-printer/applet.py:358: Warning: Source ID 118 was not found when attempting to remove it
  GLib.source_remove (self.timer)
/usr/share/system-config-printer/applet.py:358: Warning: Source ID 122 was not found when attempting to remove it
  GLib.source_remove (self.timer)
/usr/share/system-config-printer/applet.py:358: Warning: Source ID 124 was not found when attempting to remove it
  GLib.source_remove (self.timer)
/usr/share/system-config-printer/applet.py:358: Warning: Source ID 125 was not found when attempting to remove it
  GLib.source_remove (self.timer)
/usr/share/system-config-printer/applet.py:358: Warning: Source ID 129 was not found when attempting to remove it
  GLib.source_remove (self.timer)

(xfdesktop:44995): libxfce4ui-WARNING **: 09:42:56.715: ICE I/O Error

(xfdesktop:44995): libxfce4ui-WARNING **: 09:42:57.493: Disconnected from session manager.
xfdesktop: Fatal IO error 11 (Resource temporarily unavailable) on X server :6.0.
xfwm4: Fatal IO error 4 (Interrupted system call) on X server :6.0.
