
Xvnc Free Edition 4.1.1 - built Feb 25 2015 23:02:21
Copyright (C) 2002-2005 RealVNC Ltd.
See http://www.realvnc.com for information on VNC.
Underlying X server release 40300000, The XFree86 Project, Inc


Fri Sep 20 08:34:35 2019
 vncext:      VNC extension running!
 vncext:      Listening for VNC connections on port 5916
 vncext:      created VNC server for screen 0
error opening security policy file /etc/X11/xserver/SecurityPolicy
Could not init font path element /usr/X11R6/lib/X11/fonts/Type1/, removing from list!
Could not init font path element /usr/X11R6/lib/X11/fonts/Speedo/, removing from list!
Could not init font path element /usr/X11R6/lib/X11/fonts/misc/, removing from list!
Could not init font path element /usr/X11R6/lib/X11/fonts/75dpi/, removing from list!
Could not init font path element /usr/X11R6/lib/X11/fonts/100dpi/, removing from list!
Could not init font path element /usr/share/fonts/X11/75dpi/, removing from list!
Could not init font path element /usr/share/fonts/X11/100dpi/, removing from list!

(x-window-manager:46869): xfwm4-WARNING **: 08:34:39.039: The display does not support the XRender extension.

(x-window-manager:46869): xfwm4-WARNING **: 08:34:39.039: The display does not support the XComposite extension.

(x-window-manager:46869): xfwm4-WARNING **: 08:34:39.039: The display does not support the XDamage extension.

(x-window-manager:46869): xfwm4-WARNING **: 08:34:39.039: The display does not support the XFixes extension.

(x-window-manager:46869): xfwm4-WARNING **: 08:34:39.039: Compositing manager disabled.
xfwm4-Message: 08:34:39.141: Unsupported keyboard modifier '<Super>Tab'
Failed to connect to session manager: Failed to connect to the session manager: SESSION_MANAGER environment variable not defined

(x-window-manager:46869): xfwm4-WARNING **: 08:34:39.151: Failed to connect to session manager: Failed to connect to the session manager: SESSION_MANAGER environment variable not defined

Fri Sep 20 08:34:56 2019
 Connections: accepted: 0.0.0.0::49425
 SConnection: Client needs protocol version 3.8
 SConnection: Client requests security type VncAuth(2)

Fri Sep 20 08:35:04 2019
 VNCSConnST:  Server default pixel format depth 16 (16bpp) little-endian rgb565
 VNCSConnST:  Client pixel format depth 16 (16bpp) little-endian rgb565

Fri Sep 20 08:45:27 2019
 XserverDesktop: Added unknown keysym 0x6f7 to keycode 255
xfwm4-Message: 08:45:27.336: Unsupported keyboard modifier '<Super>Tab'
 XserverDesktop: Added unknown keysym 0x6c5 to keycode 254
xfwm4-Message: 08:45:27.833: Unsupported keyboard modifier '<Super>Tab'

Fri Sep 20 08:45:28 2019
 XserverDesktop: Added unknown keysym 0x6c4 to keycode 253
 XserverDesktop: Added unknown keysym 0x6c9 to keycode 252
 XserverDesktop: Added unknown keysym 0x6d4 to keycode 251
xfwm4-Message: 08:45:28.729: Unsupported keyboard modifier '<Super>Tab'

Fri Sep 20 08:45:30 2019
 XserverDesktop: Added unknown keysym 0xf3 to keycode 250
 XserverDesktop: Added unknown keysym 0x6c7 to keycode 249
 XserverDesktop: Added unknown keysym 0x6cf to keycode 248
 XserverDesktop: Added unknown keysym 0x6cc to keycode 247
xfwm4-Message: 08:45:30.913: Unsupported keyboard modifier '<Super>Tab'

Fri Sep 20 08:45:31 2019
 XserverDesktop: Added unknown keysym 0x6d2 to keycode 246
 XserverDesktop: Added unknown keysym 0x6c1 to keycode 245
xfwm4-Message: 08:45:31.873: Unsupported keyboard modifier '<Super>Tab'

Fri Sep 20 08:45:32 2019
 XserverDesktop: Added unknown keysym 0x6d3 to keycode 244
xfwm4-Message: 08:45:32.712: Unsupported keyboard modifier '<Super>Tab'
 XserverDesktop: Added unknown keysym 0x6c8 to keycode 243
xfwm4-Message: 08:45:33.113: Unsupported keyboard modifier '<Super>Tab'

Fri Sep 20 09:05:09 2019
 XserverDesktop: Added unknown keysym 0x6de to keycode 242
xfwm4-Message: 09:05:09.343: Unsupported keyboard modifier '<Super>Tab'

Fri Sep 20 09:05:15 2019
 XserverDesktop: Added unknown keysym 0x6e6 to keycode 241
xfwm4-Message: 09:05:15.759: Unsupported keyboard modifier '<Super>Tab'

Fri Sep 20 09:14:12 2019
 XserverDesktop: Added unknown keysym 0x6da to keycode 240
xfwm4-Message: 09:14:12.424: Unsupported keyboard modifier '<Super>Tab'
 XserverDesktop: Added unknown keysym 0x6ce to keycode 239
xfwm4-Message: 09:14:13.192: Unsupported keyboard modifier '<Super>Tab'

Fri Sep 20 09:16:37 2019
 XserverDesktop: Added unknown keysym 0x6cd to keycode 238
xfwm4-Message: 09:16:37.782: Unsupported keyboard modifier '<Super>Tab'

Fri Sep 20 09:16:38 2019
 XserverDesktop: Added unknown keysym 0x6d1 to keycode 237
xfwm4-Message: 09:16:38.925: Unsupported keyboard modifier '<Super>Tab'

Fri Sep 20 12:44:13 2019
 Connections: closed: 0.0.0.0::49425 (Clean disconnection)
 SMsgWriter:  framebuffer updates 9878
 SMsgWriter:    copyRect rects 12436, bytes 198976
 SMsgWriter:    hextile rects 28209, bytes 55648549
 SMsgWriter:    raw bytes equivalent 808322054, compression ratio 14.525483
x-window-manager: Fatal IO error 11 (Resource temporarily unavailable) on X server :16.
