
Xvnc Free Edition 4.1.1 - built Feb 25 2015 23:02:21
Copyright (C) 2002-2005 RealVNC Ltd.
See http://www.realvnc.com for information on VNC.
Underlying X server release 40300000, The XFree86 Project, Inc


Thu Mar  5 09:46:21 2020
 vncext:      VNC extension running!
 vncext:      Listening for VNC connections on port 5913
 vncext:      created VNC server for screen 0
error opening security policy file /etc/X11/xserver/SecurityPolicy
Could not init font path element /usr/X11R6/lib/X11/fonts/Type1/, removing from list!
Could not init font path element /usr/X11R6/lib/X11/fonts/Speedo/, removing from list!
Could not init font path element /usr/X11R6/lib/X11/fonts/misc/, removing from list!
Could not init font path element /usr/X11R6/lib/X11/fonts/75dpi/, removing from list!
Could not init font path element /usr/X11R6/lib/X11/fonts/100dpi/, removing from list!
Could not init font path element /usr/share/fonts/X11/75dpi/, removing from list!
Could not init font path element /usr/share/fonts/X11/100dpi/, removing from list!
xrdb: No such file or directory
xrdb: can't open file '/home/is28/shishmakova28/.Xresources'
/usr/bin/startxfce4: X server already running on display :13
gpg-agent[11792]: WARNING: "--write-env-file" is an obsolete option - it has no effect
gpg-agent: a gpg-agent is already running - not starting a new one

(xfce4-session:11782): xfce4-session-WARNING **: 09:46:24.789: gpg-agent returned no PID in the variables

(xfce4-session:11782): xfce4-session-WARNING **: 09:46:24.790: xfsm_manager_load_session: Something wrong with /home/is28/shishmakova28/.cache/sessions/xfce4-session-virt-1:13, Does it exist? Permissions issue?

(xfwm4:11796): xfwm4-WARNING **: 09:46:24.821: The display does not support the XRender extension.

(xfwm4:11796): xfwm4-WARNING **: 09:46:24.821: The display does not support the XComposite extension.

(xfwm4:11796): xfwm4-WARNING **: 09:46:24.822: The display does not support the XDamage extension.

(xfwm4:11796): xfwm4-WARNING **: 09:46:24.822: The display does not support the XFixes extension.

(xfwm4:11796): xfwm4-WARNING **: 09:46:24.822: Compositing manager disabled.
(uint32 1,)

** (light-locker:11805): ERROR **: 09:46:24.851: Environment variable XDG_SESSION_PATH not set. Is LightDM running?

(polkit-gnome-authentication-agent-1:11808): GLib-CRITICAL **: 09:46:24.914: g_variant_new_string: assertion 'string != NULL' failed

(polkit-gnome-authentication-agent-1:11808): polkit-gnome-1-WARNING **: 09:46:24.915: Failed to register client: GDBus.Error:org.freedesktop.DBus.Error.ServiceUnknown: The name org.gnome.SessionManager was not provided by any .service files

(xfsettingsd:11806): xfsettingsd-CRITICAL **: 09:46:24.933: RANDR extension is too old, version 1.1. Display settings won't be applied.
Xlib:  extension "XInputExtension" missing on display ":13.0".

(xfsettingsd:11806): xfsettingsd-CRITICAL **: 09:46:24.934: XI is not present.

(xfsettingsd:11806): xfsettingsd-CRITICAL **: 09:46:24.935: Failed to initialize the Xkb extension.

(xfsettingsd:11806): xfsettingsd-CRITICAL **: 09:46:24.935: Failed to initialize the Accessibility extension.
xfwm4-Message: 09:46:25.000: Unsupported keyboard modifier '<Super>Tab'
xfwm4-Message: 09:46:25.056: Unsupported keyboard modifier '<Super>Tab'

(nm-applet:11911): Gtk-WARNING **: 09:46:25.197: Can't set a parent on widget which has a parent

(nm-applet:11911): Gdk-CRITICAL **: 09:46:25.336: gdk_window_thaw_toplevel_updates: assertion 'window->update_and_descendants_freeze_count > 0' failed
/usr/lib/python3/dist-packages/blueman/plugins/applet/AppIndicator.py:8: PyGIWarning: AppIndicator3 was imported without specifying a version first. Use gi.require_version('AppIndicator3', '0.1') before import to ensure that the right version gets loaded.
  from gi.repository import AppIndicator3 as girAppIndicator
ERROR:dbus.proxies:Introspect error on org.bluez:/org/bluez: dbus.exceptions.DBusException: org.freedesktop.DBus.Error.AccessDenied: Rejected send message, 2 matched rules; type="method_call", sender=":1.479" (uid=1289 pid=11887 comm="/usr/bin/python3 /usr/bin/blueman-applet " label="unconfined") interface="org.freedesktop.DBus.Introspectable" member="Introspect" error name="(unset)" requested_reply="0" destination="org.bluez" (bus)
ERROR:dbus.proxies:Introspect error on org.bluez:/: dbus.exceptions.DBusException: org.freedesktop.DBus.Error.AccessDenied: Rejected send message, 2 matched rules; type="method_call", sender=":1.479" (uid=1289 pid=11887 comm="/usr/bin/python3 /usr/bin/blueman-applet " label="unconfined") interface="org.freedesktop.DBus.Introspectable" member="Introspect" error name="(unset)" requested_reply="0" destination="org.bluez" (bus)
ERROR:dbus.proxies:Introspect error on org.bluez:/: dbus.exceptions.DBusException: org.freedesktop.DBus.Error.AccessDenied: Rejected send message, 2 matched rules; type="method_call", sender=":1.479" (uid=1289 pid=11887 comm="/usr/bin/python3 /usr/bin/blueman-applet " label="unconfined") interface="org.freedesktop.DBus.Introspectable" member="Introspect" error name="(unset)" requested_reply="0" destination="org.bluez" (bus)

(wrapper-1.0:11954): Gdk-WARNING **: 09:46:29.727: /build/gtk+2.0-AoeliP/gtk+2.0-2.24.32/gdk/x11/gdkdrawable-x11.c:952 drawable is not a pixmap or window

(wrapper-1.0:11954): Gdk-WARNING **: 09:46:29.727: /build/gtk+2.0-AoeliP/gtk+2.0-2.24.32/gdk/x11/gdkdrawable-x11.c:952 drawable is not a pixmap or window

Thu Mar  5 09:46:33 2020
 Connections: accepted: 0.0.0.0::49847
 SConnection: Client needs protocol version 3.8
 SConnection: Client requests security type VncAuth(2)

Thu Mar  5 09:46:38 2020
 VNCSConnST:  Server default pixel format depth 16 (16bpp) little-endian rgb565
 VNCSConnST:  Client pixel format depth 16 (16bpp) little-endian rgb565

Thu Mar  5 10:13:30 2020
 XserverDesktop: Added unknown keysym 0x6d3 to keycode 255
xfwm4-Message: 10:13:31.116: Unsupported keyboard modifier '<Super>Tab'

Thu Mar  5 10:13:31 2020
 XserverDesktop: Added unknown keysym 0xf3 to keycode 254
xfwm4-Message: 10:13:31.451: Unsupported keyboard modifier '<Super>Tab'

Thu Mar  5 10:13:32 2020
 XserverDesktop: Added unknown keysym 0x6cd to keycode 253
 XserverDesktop: Added unknown keysym 0x6d9 to keycode 252
xfwm4-Message: 10:13:32.652: Unsupported keyboard modifier '<Super>Tab'

Thu Mar  5 10:13:34 2020
 XserverDesktop: Added unknown keysym 0x6c6 to keycode 251
xfwm4-Message: 10:13:34.908: Unsupported keyboard modifier '<Super>Tab'

Thu Mar  5 10:13:36 2020
 XserverDesktop: Added unknown keysym 0x6c1 to keycode 250
xfwm4-Message: 10:13:37.092: Unsupported keyboard modifier '<Super>Tab'

Thu Mar  5 10:13:48 2020
 XserverDesktop: Added unknown keysym 0x6c3 to keycode 249
 XserverDesktop: Added unknown keysym 0x6c9 to keycode 248
xfwm4-Message: 10:13:48.796: Unsupported keyboard modifier '<Super>Tab'

Thu Mar  5 10:13:49 2020
 XserverDesktop: Added unknown keysym 0x6d2 to keycode 247
xfwm4-Message: 10:13:49.515: Unsupported keyboard modifier '<Super>Tab'

Thu Mar  5 10:14:37 2020
 XserverDesktop: Added unknown keysym 0x6da to keycode 246
 XserverDesktop: Added unknown keysym 0x6dd to keycode 245
xfwm4-Message: 10:14:37.476: Unsupported keyboard modifier '<Super>Tab'
 XserverDesktop: Added unknown keysym 0x6d4 to keycode 244
xfwm4-Message: 10:14:38.116: Unsupported keyboard modifier '<Super>Tab'

Thu Mar  5 10:16:04 2020
 XserverDesktop: Added unknown keysym 0x6ce to keycode 243
 XserverDesktop: Added unknown keysym 0x6cf to keycode 242
xfwm4-Message: 10:16:05.004: Unsupported keyboard modifier '<Super>Tab'

Thu Mar  5 10:16:05 2020
 XserverDesktop: Added unknown keysym 0x6c5 to keycode 241
xfwm4-Message: 10:16:05.917: Unsupported keyboard modifier '<Super>Tab'

Thu Mar  5 10:16:06 2020
 XserverDesktop: Added unknown keysym 0x6d7 to keycode 240
xfwm4-Message: 10:16:06.524: Unsupported keyboard modifier '<Super>Tab'
 XserverDesktop: Added unknown keysym 0x6c4 to keycode 239
xfwm4-Message: 10:16:06.980: Unsupported keyboard modifier '<Super>Tab'

Thu Mar  5 10:16:07 2020
 XserverDesktop: Added unknown keysym 0x6d1 to keycode 238
xfwm4-Message: 10:16:07.452: Unsupported keyboard modifier '<Super>Tab'

Thu Mar  5 10:16:11 2020
 XserverDesktop: Added unknown keysym 0x6c7 to keycode 237
xfwm4-Message: 10:16:12.244: Unsupported keyboard modifier '<Super>Tab'

Thu Mar  5 10:19:34 2020
 XserverDesktop: Added unknown keysym 0xff0b to keycode 236
xfwm4-Message: 10:19:34.373: Unsupported keyboard modifier '<Super>Tab'

Thu Mar  5 10:29:15 2020
 XserverDesktop: Added unknown keysym 0x6d0 to keycode 235
xfwm4-Message: 10:29:15.904: Unsupported keyboard modifier '<Super>Tab'

Thu Mar  5 10:29:18 2020
 XserverDesktop: Added unknown keysym 0x6d8 to keycode 234
xfwm4-Message: 10:29:18.256: Unsupported keyboard modifier '<Super>Tab'
 XserverDesktop: Added unknown keysym 0x6cb to keycode 233
xfwm4-Message: 10:29:18.929: Unsupported keyboard modifier '<Super>Tab'

Thu Mar  5 10:30:40 2020
 XserverDesktop: Added unknown keysym 0x6cc to keycode 232
xfwm4-Message: 10:30:40.657: Unsupported keyboard modifier '<Super>Tab'

Thu Mar  5 10:30:57 2020
 XserverDesktop: Added unknown keysym 0x6de to keycode 231
xfwm4-Message: 10:30:57.434: Unsupported keyboard modifier '<Super>Tab'

Thu Mar  5 10:31:10 2020
 XserverDesktop: Added unknown keysym 0x6c2 to keycode 230
xfwm4-Message: 10:31:10.521: Unsupported keyboard modifier '<Super>Tab'

Thu Mar  5 10:34:36 2020
 XserverDesktop: Added unknown keysym 0x6fc to keycode 229
xfwm4-Message: 10:34:36.266: Unsupported keyboard modifier '<Super>Tab'

Thu Mar  5 10:50:15 2020
 XserverDesktop: Added unknown keysym 0x6c8 to keycode 228
xfwm4-Message: 10:50:15.342: Unsupported keyboard modifier '<Super>Tab'

Thu Mar  5 10:54:01 2020
 Connections: closed: 0.0.0.0::49847 (Clean disconnection)
 SMsgWriter:  framebuffer updates 8401
 SMsgWriter:    copyRect rects 179, bytes 2864
 SMsgWriter:    hextile rects 20828, bytes 94238440
 SMsgWriter:    raw bytes equivalent 739659446, compression ratio 7.848808
/usr/lib/ubuntu-release-upgrader/check-new-release-gtk:30: PyGIWarning: Gtk was imported without specifying a version first. Use gi.require_version('Gtk', '3.0') before import to ensure that the right version gets loaded.
  from gi.repository import Gtk
WARNING:root:timeout reached, exiting
xfwm4: Fatal IO error 4 (Interrupted system call) on X server :13.0.
xfdesktop: Fatal IO error 11 (Resource temporarily unavailable) on X server :13.0.
