
Xvnc Free Edition 4.1.1 - built Feb 25 2015 23:02:21
Copyright (C) 2002-2005 RealVNC Ltd.
See http://www.realvnc.com for information on VNC.
Underlying X server release 40300000, The XFree86 Project, Inc


Sat Sep  7 13:00:51 2019
 vncext:      VNC extension running!
 vncext:      Listening for VNC connections on port 5903
 vncext:      created VNC server for screen 0
error opening security policy file /etc/X11/xserver/SecurityPolicy
Could not init font path element /usr/X11R6/lib/X11/fonts/Type1/, removing from list!
Could not init font path element /usr/X11R6/lib/X11/fonts/Speedo/, removing from list!
Could not init font path element /usr/X11R6/lib/X11/fonts/misc/, removing from list!
Could not init font path element /usr/X11R6/lib/X11/fonts/75dpi/, removing from list!
Could not init font path element /usr/X11R6/lib/X11/fonts/100dpi/, removing from list!
Could not init font path element /usr/share/fonts/X11/75dpi/, removing from list!
Could not init font path element /usr/share/fonts/X11/100dpi/, removing from list!

(x-window-manager:35534): xfwm4-WARNING **: 13:00:55.011: The display does not support the XRender extension.

(x-window-manager:35534): xfwm4-WARNING **: 13:00:55.011: The display does not support the XComposite extension.

(x-window-manager:35534): xfwm4-WARNING **: 13:00:55.011: The display does not support the XDamage extension.

(x-window-manager:35534): xfwm4-WARNING **: 13:00:55.011: The display does not support the XFixes extension.

(x-window-manager:35534): xfwm4-WARNING **: 13:00:55.011: Compositing manager disabled.
xfwm4-Message: 13:00:55.046: Unsupported keyboard modifier '<Super>Tab'

(x-window-manager:35534): xfwm4-WARNING **: 13:00:55.052: Failed to connect to session manager: Failed to connect to the session manager: SESSION_MANAGER environment variable not defined
# Failed to parse arguments: Unknown option --login

Sat Sep  7 13:01:06 2019
 Connections: accepted: 0.0.0.0::51757
 SConnection: Client needs protocol version 3.8
 SConnection: Client requests security type VncAuth(2)

Sat Sep  7 13:01:09 2019
 VNCSConnST:  Server default pixel format depth 16 (16bpp) little-endian rgb565
 VNCSConnST:  Client pixel format depth 24 (32bpp) little-endian rgb888

Sat Sep  7 13:01:23 2019
 Connections: closed: 0.0.0.0::51757 (Clean disconnection)
 SMsgWriter:  framebuffer updates 2
 SMsgWriter:    ZRLE rects 3, bytes 261
 SMsgWriter:    raw bytes equivalent 8295716, compression ratio 31784.352490
XIO:  fatal IO error 11 (Resource temporarily unavailable) on X server ":3"
      after 148 requests (148 known processed) with 0 events remaining.
x-window-manager: Fatal IO error 11 (Resource temporarily unavailable) on X server :3.
