
Xvnc Free Edition 4.1.1 - built Feb 25 2015 23:02:21
Copyright (C) 2002-2005 RealVNC Ltd.
See http://www.realvnc.com for information on VNC.
Underlying X server release 40300000, The XFree86 Project, Inc


Wed Sep 18 18:52:30 2019
 vncext:      VNC extension running!
 vncext:      Listening for VNC connections on port 5902
 vncext:      created VNC server for screen 0
error opening security policy file /etc/X11/xserver/SecurityPolicy
Could not init font path element /usr/X11R6/lib/X11/fonts/Type1/, removing from list!
Could not init font path element /usr/X11R6/lib/X11/fonts/Speedo/, removing from list!
Could not init font path element /usr/X11R6/lib/X11/fonts/misc/, removing from list!
Could not init font path element /usr/X11R6/lib/X11/fonts/75dpi/, removing from list!
Could not init font path element /usr/X11R6/lib/X11/fonts/100dpi/, removing from list!
Could not init font path element /usr/share/fonts/X11/75dpi/, removing from list!
Could not init font path element /usr/share/fonts/X11/100dpi/, removing from list!

(x-window-manager:13367): xfwm4-WARNING **: 18:52:33.828: The display does not support the XRender extension.

(x-window-manager:13367): xfwm4-WARNING **: 18:52:33.828: The display does not support the XComposite extension.

(x-window-manager:13367): xfwm4-WARNING **: 18:52:33.828: The display does not support the XDamage extension.

(x-window-manager:13367): xfwm4-WARNING **: 18:52:33.828: The display does not support the XFixes extension.

(x-window-manager:13367): xfwm4-WARNING **: 18:52:33.828: Compositing manager disabled.
Failed to connect to session manager: Failed to connect to the session manager: SESSION_MANAGER environment variable not defined
xfwm4-Message: 18:52:33.867: Unsupported keyboard modifier '<Super>Tab'

(x-window-manager:13367): xfwm4-WARNING **: 18:52:33.875: Failed to connect to session manager: Failed to connect to the session manager: SESSION_MANAGER environment variable not defined

Wed Sep 18 18:52:36 2019
 Connections: accepted: 0.0.0.0::58458
 SConnection: Client needs protocol version 3.8
 SConnection: Client requests security type VncAuth(2)
 VNCSConnST:  Server default pixel format depth 16 (16bpp) little-endian rgb565
 VNCSConnST:  Client pixel format depth 24 (32bpp) little-endian rgb888
xfwm4-Message: 18:53:51.502: Unsupported keyboard modifier '<Super>Tab'

Wed Sep 18 18:56:28 2019
 Connections: closed: 0.0.0.0::58458 (Clean disconnection)
 SMsgWriter:  framebuffer updates 224
 SMsgWriter:    copyRect rects 148, bytes 2368
 SMsgWriter:    hextile rects 1272, bytes 5570682
 SMsgWriter:    raw bytes equivalent 53340540, compression ratio 9.575226
XIO:  fatal IO error 11 (Resource temporarily unavailable) on X server ":2"
      after 184 requests (184 known processed) with 0 events remaining.
x-window-manager: Fatal IO error 11 (Resource temporarily unavailable) on X server :2.
Gdk-Message: 18:56:34.886: xfce4-terminal: Fatal IO error 11 (Resource temporarily unavailable) on X server :2.

