
Xvnc Free Edition 4.1.1 - built Feb 25 2015 23:02:21
Copyright (C) 2002-2005 RealVNC Ltd.
See http://www.realvnc.com for information on VNC.
Underlying X server release 40300000, The XFree86 Project, Inc


Fri Sep 20 08:37:11 2019
 vncext:      VNC extension running!
 vncext:      Listening for VNC connections on port 5926
 vncext:      created VNC server for screen 0
error opening security policy file /etc/X11/xserver/SecurityPolicy
Could not init font path element /usr/X11R6/lib/X11/fonts/Type1/, removing from list!
Could not init font path element /usr/X11R6/lib/X11/fonts/Speedo/, removing from list!
Could not init font path element /usr/X11R6/lib/X11/fonts/misc/, removing from list!
Could not init font path element /usr/X11R6/lib/X11/fonts/75dpi/, removing from list!
Could not init font path element /usr/X11R6/lib/X11/fonts/100dpi/, removing from list!
Could not init font path element /usr/share/fonts/X11/75dpi/, removing from list!
Could not init font path element /usr/share/fonts/X11/100dpi/, removing from list!

(x-window-manager:48926): xfwm4-WARNING **: 08:37:14.937: The display does not support the XRender extension.

(x-window-manager:48926): xfwm4-WARNING **: 08:37:14.938: The display does not support the XComposite extension.

(x-window-manager:48926): xfwm4-WARNING **: 08:37:14.938: The display does not support the XDamage extension.

(x-window-manager:48926): xfwm4-WARNING **: 08:37:14.938: The display does not support the XFixes extension.

(x-window-manager:48926): xfwm4-WARNING **: 08:37:14.938: Compositing manager disabled.
Failed to connect to session manager: Failed to connect to the session manager: SESSION_MANAGER environment variable not defined
xfwm4-Message: 08:37:14.975: Unsupported keyboard modifier '<Super>Tab'

(x-window-manager:48926): xfwm4-WARNING **: 08:37:14.983: Failed to connect to session manager: Failed to connect to the session manager: SESSION_MANAGER environment variable not defined

Fri Sep 20 08:37:28 2019
 Connections: accepted: 0.0.0.0::49321
 SConnection: Client needs protocol version 3.8
 SConnection: Client requests security type VncAuth(2)

Fri Sep 20 08:37:33 2019
 VNCSConnST:  Server default pixel format depth 16 (16bpp) little-endian rgb565
 VNCSConnST:  Client pixel format depth 16 (16bpp) little-endian rgb565

Fri Sep 20 08:39:05 2019
 Connections: closed: 0.0.0.0::49321 (Clean disconnection)
 SMsgWriter:  framebuffer updates 302
 SMsgWriter:    copyRect rects 85, bytes 1360
 SMsgWriter:    hextile rects 1781, bytes 1231902
 SMsgWriter:    raw bytes equivalent 24337194, compression ratio 19.755787

Fri Sep 20 08:39:12 2019
 Connections: accepted: 0.0.0.0::49324
 SConnection: Client needs protocol version 3.8
 SConnection: Client requests security type VncAuth(2)

Fri Sep 20 08:39:16 2019
 VNCSConnST:  Server default pixel format depth 16 (16bpp) little-endian rgb565
 VNCSConnST:  Client pixel format depth 16 (16bpp) little-endian rgb565
 VNCSConnST:  Client pixel format depth 16 (16bpp) little-endian rgb565

Fri Sep 20 08:40:10 2019
 Connections: closed: 0.0.0.0::49324 (Clean disconnection)
 SMsgWriter:  framebuffer updates 3
 SMsgWriter:    hextile rects 2, bytes 8298
 SMsgWriter:    ZRLE rects 2, bytes 310
 SMsgWriter:    raw bytes equivalent 12441968, compression ratio 1445.395911
x-window-manager: Fatal IO error 11 (Resource temporarily unavailable) on X server :26.
