
Xvnc Free Edition 4.1.1 - built Feb 25 2015 23:02:21
Copyright (C) 2002-2005 RealVNC Ltd.
See http://www.realvnc.com for information on VNC.
Underlying X server release 40300000, The XFree86 Project, Inc


Fri Sep 20 08:42:55 2019
 vncext:      VNC extension running!
 vncext:      Listening for VNC connections on port 5930
 vncext:      created VNC server for screen 0
error opening security policy file /etc/X11/xserver/SecurityPolicy
Could not init font path element /usr/X11R6/lib/X11/fonts/Type1/, removing from list!
Could not init font path element /usr/X11R6/lib/X11/fonts/Speedo/, removing from list!
Could not init font path element /usr/X11R6/lib/X11/fonts/misc/, removing from list!
Could not init font path element /usr/X11R6/lib/X11/fonts/75dpi/, removing from list!
Could not init font path element /usr/X11R6/lib/X11/fonts/100dpi/, removing from list!
Could not init font path element /usr/share/fonts/X11/75dpi/, removing from list!
Could not init font path element /usr/share/fonts/X11/100dpi/, removing from list!

(x-window-manager:51036): xfwm4-WARNING **: 08:42:58.116: The display does not support the XRender extension.

(x-window-manager:51036): xfwm4-WARNING **: 08:42:58.116: The display does not support the XComposite extension.

(x-window-manager:51036): xfwm4-WARNING **: 08:42:58.116: The display does not support the XDamage extension.

(x-window-manager:51036): xfwm4-WARNING **: 08:42:58.116: The display does not support the XFixes extension.

(x-window-manager:51036): xfwm4-WARNING **: 08:42:58.116: Compositing manager disabled.
xfwm4-Message: 08:42:58.147: Unsupported keyboard modifier '<Super>Tab'
Failed to connect to session manager: Failed to connect to the session manager: SESSION_MANAGER environment variable not defined

(x-window-manager:51036): xfwm4-WARNING **: 08:42:58.153: Failed to connect to session manager: Failed to connect to the session manager: SESSION_MANAGER environment variable not defined

Fri Sep 20 08:43:39 2019
 Connections: accepted: 0.0.0.0::49296
 SConnection: Client needs protocol version 3.8
 SConnection: Client requests security type VncAuth(2)

Fri Sep 20 08:43:46 2019
 VNCSConnST:  Server default pixel format depth 16 (16bpp) little-endian rgb565
 VNCSConnST:  Client pixel format depth 16 (16bpp) little-endian rgb565

Fri Sep 20 12:41:21 2019
 Connections: closed: 0.0.0.0::49296 (Clean disconnection)
 SMsgWriter:  framebuffer updates 2968
 SMsgWriter:    copyRect rects 1041, bytes 16656
 SMsgWriter:    hextile rects 6547, bytes 26424960
 SMsgWriter:    raw bytes equivalent 516437200, compression ratio 19.543538
x-window-manager: Fatal IO error 11 (Resource temporarily unavailable) on X server :30.
