
Xvnc Free Edition 4.1.1 - built Feb 25 2015 23:02:21
Copyright (C) 2002-2005 RealVNC Ltd.
See http://www.realvnc.com for information on VNC.
Underlying X server release 40300000, The XFree86 Project, Inc


Sat Sep  7 18:46:00 2019
 vncext:      VNC extension running!
 vncext:      Listening for VNC connections on port 5901
 vncext:      created VNC server for screen 0
error opening security policy file /etc/X11/xserver/SecurityPolicy
Could not init font path element /usr/X11R6/lib/X11/fonts/Type1/, removing from list!
Could not init font path element /usr/X11R6/lib/X11/fonts/Speedo/, removing from list!
Could not init font path element /usr/X11R6/lib/X11/fonts/misc/, removing from list!
Could not init font path element /usr/X11R6/lib/X11/fonts/75dpi/, removing from list!
Could not init font path element /usr/X11R6/lib/X11/fonts/100dpi/, removing from list!
Could not init font path element /usr/share/fonts/X11/75dpi/, removing from list!
Could not init font path element /usr/share/fonts/X11/100dpi/, removing from list!

(x-window-manager:40844): xfwm4-WARNING **: 18:46:03.552: The display does not support the XRender extension.

(x-window-manager:40844): xfwm4-WARNING **: 18:46:03.552: The display does not support the XComposite extension.

(x-window-manager:40844): xfwm4-WARNING **: 18:46:03.552: The display does not support the XDamage extension.

(x-window-manager:40844): xfwm4-WARNING **: 18:46:03.552: The display does not support the XFixes extension.

(x-window-manager:40844): xfwm4-WARNING **: 18:46:03.552: Compositing manager disabled.
xfwm4-Message: 18:46:03.581: Unsupported keyboard modifier '<Super>Tab'

(x-window-manager:40844): xfwm4-WARNING **: 18:46:03.587: Failed to connect to session manager: Failed to connect to the session manager: SESSION_MANAGER environment variable not defined
Failed to connect to session manager: Failed to connect to the session manager: SESSION_MANAGER environment variable not defined

Sat Sep  7 18:46:09 2019
 Connections: accepted: 0.0.0.0::58822

Sat Sep  7 18:46:10 2019
 SConnection: Client needs protocol version 3.8
 SConnection: Client requests security type VncAuth(2)
 VNCSConnST:  Server default pixel format depth 16 (16bpp) little-endian rgb565
 VNCSConnST:  Client pixel format depth 24 (32bpp) little-endian rgb888
AUDIT: Sat Sep  7 18:46:46 2019: 40836 Xvnc4: client 5 rejected from local host
AUDIT: Sat Sep  7 18:47:19 2019: 40836 Xvnc4: client 5 rejected from local host

Sat Sep  7 18:50:12 2019
 Connections: closed: 0.0.0.0::58822 (Clean disconnection)
 SMsgWriter:  framebuffer updates 592
 SMsgWriter:    copyRect rects 1166, bytes 18656
 SMsgWriter:    hextile rects 4004, bytes 4946327
 SMsgWriter:    raw bytes equivalent 71793584, compression ratio 14.514524

Sun Sep  8 11:14:38 2019
 Connections: accepted: 0.0.0.0::60528
 SConnection: Client needs protocol version 3.8
 SConnection: Client requests security type VncAuth(2)

Sun Sep  8 11:14:44 2019
 SConnection: AuthFailureException: Authentication failure
 Connections: closed: 0.0.0.0::60528 (Authentication failure)

Sun Sep  8 11:14:53 2019
 Connections: accepted: 0.0.0.0::60530
 SConnection: Client needs protocol version 3.8
 SConnection: Client requests security type VncAuth(2)

Sun Sep  8 11:14:56 2019
 VNCSConnST:  Server default pixel format depth 16 (16bpp) little-endian rgb565
 VNCSConnST:  Client pixel format depth 16 (16bpp) little-endian rgb565

Sun Sep  8 11:15:07 2019
 Connections: closed: 0.0.0.0::60530 (Clean disconnection)
 SMsgWriter:  framebuffer updates 2
 SMsgWriter:    hextile rects 3, bytes 5153
 SMsgWriter:    raw bytes equivalent 2560676, compression ratio 496.929167
XIO:  fatal IO error 11 (Resource temporarily unavailable) on X server ":1"
      after 149 requests (149 known processed) with 0 events remaining.
x-window-manager: Fatal IO error 11 (Resource temporarily unavailable) on X server :1.
