
Xvnc Free Edition 4.1.1 - built Feb 25 2015 23:02:21
Copyright (C) 2002-2005 RealVNC Ltd.
See http://www.realvnc.com for information on VNC.
Underlying X server release 40300000, The XFree86 Project, Inc


Fri Sep 13 08:32:50 2019
 vncext:      VNC extension running!
 vncext:      Listening for VNC connections on port 5935
 vncext:      created VNC server for screen 0
error opening security policy file /etc/X11/xserver/SecurityPolicy
Could not init font path element /usr/X11R6/lib/X11/fonts/Type1/, removing from list!
Could not init font path element /usr/X11R6/lib/X11/fonts/Speedo/, removing from list!
Could not init font path element /usr/X11R6/lib/X11/fonts/misc/, removing from list!
Could not init font path element /usr/X11R6/lib/X11/fonts/75dpi/, removing from list!
Could not init font path element /usr/X11R6/lib/X11/fonts/100dpi/, removing from list!
Could not init font path element /usr/share/fonts/X11/75dpi/, removing from list!
Could not init font path element /usr/share/fonts/X11/100dpi/, removing from list!

(x-window-manager:56185): xfwm4-WARNING **: 08:32:53.252: The display does not support the XRender extension.

(x-window-manager:56185): xfwm4-WARNING **: 08:32:53.252: The display does not support the XComposite extension.

(x-window-manager:56185): xfwm4-WARNING **: 08:32:53.252: The display does not support the XDamage extension.

(x-window-manager:56185): xfwm4-WARNING **: 08:32:53.252: The display does not support the XFixes extension.

(x-window-manager:56185): xfwm4-WARNING **: 08:32:53.252: Compositing manager disabled.
Failed to connect to session manager: Failed to connect to the session manager: SESSION_MANAGER environment variable not defined
xfwm4-Message: 08:32:53.290: Unsupported keyboard modifier '<Super>Tab'

(x-window-manager:56185): xfwm4-WARNING **: 08:32:53.297: Failed to connect to session manager: Failed to connect to the session manager: SESSION_MANAGER environment variable not defined

Fri Sep 13 08:33:41 2019
 Connections: accepted: 0.0.0.0::49431
 SConnection: Client needs protocol version 3.8
 SConnection: Client requests security type VncAuth(2)

Fri Sep 13 08:33:45 2019
 VNCSConnST:  Server default pixel format depth 16 (16bpp) little-endian rgb565

Fri Sep 13 08:33:46 2019
 VNCSConnST:  Client pixel format depth 16 (16bpp) little-endian rgb565
 VNCSConnST:  Client pixel format depth 16 (16bpp) little-endian rgb565

Fri Sep 13 08:42:39 2019
 Connections: closed: 0.0.0.0::49431 (Clean disconnection)
 SMsgWriter:  framebuffer updates 377
 SMsgWriter:    hextile rects 649, bytes 1814049
 SMsgWriter:    ZRLE rects 2, bytes 8700
 SMsgWriter:    raw bytes equivalent 84009388, compression ratio 46.089389

Fri Sep 13 08:42:59 2019
 Connections: accepted: 0.0.0.0::49461
 SConnection: Client needs protocol version 3.8
 SConnection: Client requests security type VncAuth(2)

Fri Sep 13 08:43:05 2019
 VNCSConnST:  Server default pixel format depth 16 (16bpp) little-endian rgb565
 VNCSConnST:  Client pixel format depth 16 (16bpp) little-endian rgb565
 VNCSConnST:  Client pixel format depth 16 (16bpp) little-endian rgb565

Fri Sep 13 08:43:21 2019
 Connections: closed: 0.0.0.0::49461 (Clean disconnection)
 SMsgWriter:  framebuffer updates 2
 SMsgWriter:    hextile rects 2, bytes 8294
 SMsgWriter:    ZRLE rects 1, bytes 158
 SMsgWriter:    raw bytes equivalent 8294736, compression ratio 981.393280
x-window-manager: Fatal IO error 4 (Interrupted system call) on X server :35.
