
Xvnc Free Edition 4.1.1 - built Feb 25 2015 23:02:21
Copyright (C) 2002-2005 RealVNC Ltd.
See http://www.realvnc.com for information on VNC.
Underlying X server release 40300000, The XFree86 Project, Inc


Fri Oct 11 11:07:21 2019
 vncext:      VNC extension running!
 vncext:      Listening for VNC connections on port 5919
 vncext:      created VNC server for screen 0
error opening security policy file /etc/X11/xserver/SecurityPolicy
Could not init font path element /usr/X11R6/lib/X11/fonts/Type1/, removing from list!
Could not init font path element /usr/X11R6/lib/X11/fonts/Speedo/, removing from list!
Could not init font path element /usr/X11R6/lib/X11/fonts/misc/, removing from list!
Could not init font path element /usr/X11R6/lib/X11/fonts/75dpi/, removing from list!
Could not init font path element /usr/X11R6/lib/X11/fonts/100dpi/, removing from list!
Could not init font path element /usr/share/fonts/X11/75dpi/, removing from list!
Could not init font path element /usr/share/fonts/X11/100dpi/, removing from list!

(x-window-manager:12589): xfwm4-WARNING **: 11:07:24.967: The display does not support the XRender extension.

(x-window-manager:12589): xfwm4-WARNING **: 11:07:24.967: The display does not support the XComposite extension.

(x-window-manager:12589): xfwm4-WARNING **: 11:07:24.967: The display does not support the XDamage extension.

(x-window-manager:12589): xfwm4-WARNING **: 11:07:24.967: The display does not support the XFixes extension.

(x-window-manager:12589): xfwm4-WARNING **: 11:07:24.967: Compositing manager disabled.
Failed to connect to session manager: Failed to connect to the session manager: SESSION_MANAGER environment variable not defined
xfwm4-Message: 11:07:25.129: Unsupported keyboard modifier '<Super>Tab'

(x-window-manager:12589): xfwm4-WARNING **: 11:07:25.138: Failed to connect to session manager: Failed to connect to the session manager: SESSION_MANAGER environment variable not defined

Fri Oct 11 11:07:40 2019
 Connections: accepted: 0.0.0.0::49720
 SConnection: Client needs protocol version 3.8
 SConnection: Client requests security type VncAuth(2)

Fri Oct 11 11:07:44 2019
 VNCSConnST:  Server default pixel format depth 16 (16bpp) little-endian rgb565
 VNCSConnST:  Client pixel format depth 16 (16bpp) little-endian rgb565
AUDIT: Fri Oct 11 11:31:54 2019: 12581 Xvnc4: client 6 rejected from local host
AUDIT: Fri Oct 11 11:32:02 2019: 12581 Xvnc4: client 6 rejected from local host

Fri Oct 11 11:39:26 2019
 Connections: accepted: 0.0.0.0::61341
 SConnection: Client needs protocol version 3.8
 SConnection: Client requests security type VncAuth(2)

Fri Oct 11 11:39:31 2019
 VNCSConnST:  Server default pixel format depth 16 (16bpp) little-endian rgb565
 VNCSConnST:  Client pixel format depth 16 (16bpp) little-endian rgb565

Fri Oct 11 11:46:50 2019
 Connections: closed: 0.0.0.0::61341 (Clean disconnection)
 SMsgWriter:  framebuffer updates 2004
 SMsgWriter:    copyRect rects 3909, bytes 62544
 SMsgWriter:    hextile rects 9280, bytes 12642044
 SMsgWriter:    raw bytes equivalent 111690738, compression ratio 8.834864

Fri Oct 11 12:02:39 2019
 XserverDesktop: Added unknown keysym 0x6cd to keycode 255
xfwm4-Message: 12:02:39.593: Unsupported keyboard modifier '<Super>Tab'
 XserverDesktop: Added unknown keysym 0x6c1 to keycode 254
xfwm4-Message: 12:02:39.980: Unsupported keyboard modifier '<Super>Tab'

Fri Oct 11 12:02:40 2019
 XserverDesktop: Added unknown keysym 0x6d3 to keycode 253
xfwm4-Message: 12:02:40.276: Unsupported keyboard modifier '<Super>Tab'
 XserverDesktop: Added unknown keysym 0x6c9 to keycode 252
xfwm4-Message: 12:02:40.591: Unsupported keyboard modifier '<Super>Tab'

Fri Oct 11 12:02:42 2019
 XserverDesktop: Added unknown keysym 0x6d7 to keycode 251
xfwm4-Message: 12:02:42.430: Unsupported keyboard modifier '<Super>Tab'

Fri Oct 11 12:22:21 2019
 Connections: accepted: 0.0.0.0::61452
 SConnection: Client needs protocol version 3.8
 SConnection: Client requests security type VncAuth(2)

Fri Oct 11 12:22:25 2019
 VNCSConnST:  Server default pixel format depth 16 (16bpp) little-endian rgb565
 VNCSConnST:  Client pixel format depth 16 (16bpp) little-endian rgb565

Fri Oct 11 12:28:27 2019
 Connections: closed: 0.0.0.0::61452 (Clean disconnection)
 SMsgWriter:  framebuffer updates 883
 SMsgWriter:    hextile rects 3367, bytes 7395067
 SMsgWriter:    raw bytes equivalent 80998214, compression ratio 10.953006

Fri Oct 11 12:35:35 2019
 Connections: closed: 0.0.0.0::49720 (Clean disconnection)
 SMsgWriter:  framebuffer updates 25749
 SMsgWriter:    copyRect rects 9740, bytes 155840
 SMsgWriter:    hextile rects 77549, bytes 86592294
 SMsgWriter:    raw bytes equivalent 1182498706, compression ratio 13.655935
x-window-manager: Fatal IO error 4 (Interrupted system call) on X server :19.
