
Xvnc Free Edition 4.1.1 - built Feb 25 2015 23:02:21
Copyright (C) 2002-2005 RealVNC Ltd.
See http://www.realvnc.com for information on VNC.
Underlying X server release 40300000, The XFree86 Project, Inc


Thu Mar  5 09:44:36 2020
 vncext:      VNC extension running!
 vncext:      Listening for VNC connections on port 5905
 vncext:      created VNC server for screen 0
error opening security policy file /etc/X11/xserver/SecurityPolicy
Could not init font path element /usr/X11R6/lib/X11/fonts/Type1/, removing from list!
Could not init font path element /usr/X11R6/lib/X11/fonts/Speedo/, removing from list!
Could not init font path element /usr/X11R6/lib/X11/fonts/misc/, removing from list!
Could not init font path element /usr/X11R6/lib/X11/fonts/75dpi/, removing from list!
Could not init font path element /usr/X11R6/lib/X11/fonts/100dpi/, removing from list!
Could not init font path element /usr/share/fonts/X11/75dpi/, removing from list!
Could not init font path element /usr/share/fonts/X11/100dpi/, removing from list!
xrdb: No such file or directory
xrdb: can't open file '/home/is28/stanislavchuk28/.Xresources'
/usr/bin/startxfce4: X server already running on display :5
gpg-agent[5528]: WARNING: "--write-env-file" is an obsolete option - it has no effect
gpg-agent: a gpg-agent is already running - not starting a new one

(xfce4-session:5505): xfce4-session-WARNING **: 09:44:40.044: gpg-agent returned no PID in the variables

(xfce4-session:5505): xfce4-session-WARNING **: 09:44:40.049: xfsm_manager_load_session: Something wrong with /home/is28/stanislavchuk28/.cache/sessions/xfce4-session-virt-1:5, Does it exist? Permissions issue?

(xfwm4:5532): xfwm4-WARNING **: 09:44:40.078: The display does not support the XRender extension.

(xfwm4:5532): xfwm4-WARNING **: 09:44:40.078: The display does not support the XComposite extension.

(xfwm4:5532): xfwm4-WARNING **: 09:44:40.078: The display does not support the XDamage extension.

(xfwm4:5532): xfwm4-WARNING **: 09:44:40.078: The display does not support the XFixes extension.

(xfwm4:5532): xfwm4-WARNING **: 09:44:40.078: Compositing manager disabled.
(uint32 1,)

** (light-locker:5541): ERROR **: 09:44:40.121: Environment variable XDG_SESSION_PATH not set. Is LightDM running?

(polkit-gnome-authentication-agent-1:5544): GLib-CRITICAL **: 09:44:40.147: g_variant_new_string: assertion 'string != NULL' failed

(polkit-gnome-authentication-agent-1:5544): polkit-gnome-1-WARNING **: 09:44:40.148: Failed to register client: GDBus.Error:org.freedesktop.DBus.Error.ServiceUnknown: The name org.gnome.SessionManager was not provided by any .service files

(xfsettingsd:5542): xfsettingsd-CRITICAL **: 09:44:40.172: RANDR extension is too old, version 1.1. Display settings won't be applied.
Xlib:  extension "XInputExtension" missing on display ":5.0".

(xfsettingsd:5542): xfsettingsd-CRITICAL **: 09:44:40.172: XI is not present.

(xfsettingsd:5542): xfsettingsd-CRITICAL **: 09:44:40.175: Failed to initialize the Xkb extension.

(xfsettingsd:5542): xfsettingsd-CRITICAL **: 09:44:40.175: Failed to initialize the Accessibility extension.
xfwm4-Message: 09:44:40.228: Unsupported keyboard modifier '<Super>Tab'
xfwm4-Message: 09:44:40.294: Unsupported keyboard modifier '<Super>Tab'

(nm-applet:5649): Gtk-WARNING **: 09:44:40.323: Can't set a parent on widget which has a parent

(nm-applet:5649): Gdk-CRITICAL **: 09:44:40.474: gdk_window_thaw_toplevel_updates: assertion 'window->update_and_descendants_freeze_count > 0' failed

Thu Mar  5 09:44:47 2020
 Connections: accepted: 0.0.0.0::49321
 SConnection: Client needs protocol version 3.8
 SConnection: Client requests security type VncAuth(2)

Thu Mar  5 09:44:55 2020
 VNCSConnST:  Server default pixel format depth 16 (16bpp) little-endian rgb565
 VNCSConnST:  Client pixel format depth 16 (16bpp) little-endian rgb565
/usr/lib/ubuntu-release-upgrader/check-new-release-gtk:30: PyGIWarning: Gtk was imported without specifying a version first. Use gi.require_version('Gtk', '3.0') before import to ensure that the right version gets loaded.
  from gi.repository import Gtk
WARNING:root:timeout reached, exiting
Gtk-Message: 09:45:05.588: GtkDialog mapped without a transient parent. This is discouraged.
/usr/lib/python3/dist-packages/blueman/plugins/applet/AppIndicator.py:8: PyGIWarning: AppIndicator3 was imported without specifying a version first. Use gi.require_version('AppIndicator3', '0.1') before import to ensure that the right version gets loaded.
  from gi.repository import AppIndicator3 as girAppIndicator
ERROR:dbus.proxies:Introspect error on org.bluez:/org/bluez: dbus.exceptions.DBusException: org.freedesktop.DBus.Error.AccessDenied: Rejected send message, 2 matched rules; type="method_call", sender=":1.211" (uid=1282 pid=5646 comm="/usr/bin/python3 /usr/bin/blueman-applet " label="unconfined") interface="org.freedesktop.DBus.Introspectable" member="Introspect" error name="(unset)" requested_reply="0" destination="org.bluez" (bus)
ERROR:dbus.proxies:Introspect error on org.bluez:/: dbus.exceptions.DBusException: org.freedesktop.DBus.Error.AccessDenied: Rejected send message, 2 matched rules; type="method_call", sender=":1.211" (uid=1282 pid=5646 comm="/usr/bin/python3 /usr/bin/blueman-applet " label="unconfined") interface="org.freedesktop.DBus.Introspectable" member="Introspect" error name="(unset)" requested_reply="0" destination="org.bluez" (bus)
ERROR:dbus.proxies:Introspect error on org.bluez:/: dbus.exceptions.DBusException: org.freedesktop.DBus.Error.AccessDenied: Rejected send message, 2 matched rules; type="method_call", sender=":1.211" (uid=1282 pid=5646 comm="/usr/bin/python3 /usr/bin/blueman-applet " label="unconfined") interface="org.freedesktop.DBus.Introspectable" member="Introspect" error name="(unset)" requested_reply="0" destination="org.bluez" (bus)

(wrapper-1.0:5693): Gdk-WARNING **: 09:45:08.607: /build/gtk+2.0-AoeliP/gtk+2.0-2.24.32/gdk/x11/gdkdrawable-x11.c:952 drawable is not a pixmap or window

(wrapper-1.0:5693): Gdk-WARNING **: 09:45:08.607: /build/gtk+2.0-AoeliP/gtk+2.0-2.24.32/gdk/x11/gdkdrawable-x11.c:952 drawable is not a pixmap or window

Thu Mar  5 09:45:25 2020
 XserverDesktop: Added unknown keysym 0x6ec to keycode 255
xfwm4-Message: 09:45:25.550: Unsupported keyboard modifier '<Super>Tab'
 XserverDesktop: Added unknown keysym 0x6c1 to keycode 254
xfwm4-Message: 09:45:25.910: Unsupported keyboard modifier '<Super>Tab'

Thu Mar  5 09:45:30 2020
 XserverDesktop: Added unknown keysym 0x6c2 to keycode 253
xfwm4-Message: 09:45:31.143: Unsupported keyboard modifier '<Super>Tab'

Thu Mar  5 09:45:31 2020
 XserverDesktop: Added unknown keysym 0x6cf to keycode 252
xfwm4-Message: 09:45:31.855: Unsupported keyboard modifier '<Super>Tab'

Thu Mar  5 09:45:32 2020
 XserverDesktop: Added unknown keysym 0x6d2 to keycode 251
xfwm4-Message: 09:45:32.481: Unsupported keyboard modifier '<Super>Tab'
 XserverDesktop: Added unknown keysym 0x6d4 to keycode 250
xfwm4-Message: 09:45:32.854: Unsupported keyboard modifier '<Super>Tab'

Thu Mar  5 09:45:33 2020
 XserverDesktop: Added unknown keysym 0x6ce to keycode 249
xfwm4-Message: 09:45:33.350: Unsupported keyboard modifier '<Super>Tab'
 XserverDesktop: Added unknown keysym 0x6d1 to keycode 248
xfwm4-Message: 09:45:33.766: Unsupported keyboard modifier '<Super>Tab'

Thu Mar  5 09:45:36 2020
 XserverDesktop: Added unknown keysym 0x1002116 to keycode 247
xfwm4-Message: 09:45:37.134: Unsupported keyboard modifier '<Super>Tab'

Thu Mar  5 09:46:30 2020
 XserverDesktop: Added unknown keysym 0x6c0 to keycode 246
xfwm4-Message: 09:46:30.471: Unsupported keyboard modifier '<Super>Tab'
 XserverDesktop: Added unknown keysym 0x6d3 to keycode 245
xfwm4-Message: 09:46:30.943: Unsupported keyboard modifier '<Super>Tab'

Thu Mar  5 09:46:31 2020
 XserverDesktop: Added unknown keysym 0x6da to keycode 244
xfwm4-Message: 09:46:31.414: Unsupported keyboard modifier '<Super>Tab'

(gedit:12132): Gtk-WARNING **: 09:48:15.158: Calling org.xfce.Session.Manager.Inhibit failed: GDBus.Error:org.freedesktop.DBus.Error.UnknownMethod: Method "Inhibit" with signature "susu" on interface "org.xfce.Session.Manager" doesn't exist


Thu Mar  5 09:53:27 2020
 XserverDesktop: Added unknown keysym 0x6f7 to keycode 243
xfwm4-Message: 09:53:27.424: Unsupported keyboard modifier '<Super>Tab'
 XserverDesktop: Added unknown keysym 0x6c5 to keycode 242
xfwm4-Message: 09:53:28.079: Unsupported keyboard modifier '<Super>Tab'

Thu Mar  5 09:53:28 2020
 XserverDesktop: Added unknown keysym 0x6c4 to keycode 241
xfwm4-Message: 09:53:28.672: Unsupported keyboard modifier '<Super>Tab'
 XserverDesktop: Added unknown keysym 0x6c9 to keycode 240
xfwm4-Message: 09:53:28.928: Unsupported keyboard modifier '<Super>Tab'

Thu Mar  5 09:53:30 2020
 XserverDesktop: Added unknown keysym 0x6cd to keycode 239
xfwm4-Message: 09:53:30.440: Unsupported keyboard modifier '<Super>Tab'

Thu Mar  5 09:53:35 2020
 XserverDesktop: Added unknown keysym 0x6c7 to keycode 238
xfwm4-Message: 09:53:35.975: Unsupported keyboard modifier '<Super>Tab'

Thu Mar  5 09:53:36 2020
 XserverDesktop: Added unknown keysym 0xf3 to keycode 237
xfwm4-Message: 09:53:36.783: Unsupported keyboard modifier '<Super>Tab'

Thu Mar  5 09:53:54 2020
 XserverDesktop: Added unknown keysym 0x6d8 to keycode 236
xfwm4-Message: 09:53:55.008: Unsupported keyboard modifier '<Super>Tab'

Thu Mar  5 09:53:57 2020
 XserverDesktop: Added unknown keysym 0x6f6 to keycode 235
xfwm4-Message: 09:53:57.816: Unsupported keyboard modifier '<Super>Tab'

(tracker-miner-fs:5546): Tracker-CRITICAL **: 09:54:46.568:   (Sparql buffer) Error in task 0 (file:///home/is28/stanislavchuk28/0.cpp) of the array-update: UNIQUE constraint failed: nie:DataObject.nie:url

(tracker-miner-fs:5546): Tracker-CRITICAL **: 09:54:46.568: Could not execute sparql: UNIQUE constraint failed: nie:DataObject.nie:url

(tracker-miner-fs:5546): Tracker-CRITICAL **: 09:55:07.740:   (Sparql buffer) Error in task 0 (file:///home/is28/stanislavchuk28/0.cpp) of the array-update: UNIQUE constraint failed: nie:DataObject.nie:url

(tracker-miner-fs:5546): Tracker-CRITICAL **: 09:55:07.740: Could not execute sparql: UNIQUE constraint failed: nie:DataObject.nie:url

(tracker-miner-fs:5546): Tracker-CRITICAL **: 09:56:38.828:   (Sparql buffer) Error in task 0 (file:///home/is28/stanislavchuk28/0.cpp) of the array-update: UNIQUE constraint failed: nie:DataObject.nie:url

(tracker-miner-fs:5546): Tracker-CRITICAL **: 09:56:38.828: Could not execute sparql: UNIQUE constraint failed: nie:DataObject.nie:url

Thu Mar  5 10:04:27 2020
 XserverDesktop: Added unknown keysym 0xff67 to keycode 234
xfwm4-Message: 10:04:27.961: Unsupported keyboard modifier '<Super>Tab'

(tracker-miner-fs:5546): Tracker-CRITICAL **: 10:17:59.670:   (Sparql buffer) Error in task 0 (file:///home/is28/stanislavchuk28/0.cpp) of the array-update: UNIQUE constraint failed: nie:DataObject.nie:url

(tracker-miner-fs:5546): Tracker-CRITICAL **: 10:17:59.670: Could not execute sparql: UNIQUE constraint failed: nie:DataObject.nie:url

Thu Mar  5 10:20:32 2020
 XserverDesktop: Added unknown keysym 0x6de to keycode 233
xfwm4-Message: 10:20:33.148: Unsupported keyboard modifier '<Super>Tab'

Thu Mar  5 10:20:36 2020
 XserverDesktop: Added unknown keysym 0x6d0 to keycode 232
xfwm4-Message: 10:20:37.028: Unsupported keyboard modifier '<Super>Tab'

Thu Mar  5 10:20:55 2020
 XserverDesktop: Added unknown keysym 0x6db to keycode 231
xfwm4-Message: 10:20:55.916: Unsupported keyboard modifier '<Super>Tab'

Thu Mar  5 10:20:57 2020
 XserverDesktop: Added unknown keysym 0x6cb to keycode 230
xfwm4-Message: 10:20:58.148: Unsupported keyboard modifier '<Super>Tab'

Thu Mar  5 10:21:08 2020
 XserverDesktop: Added unknown keysym 0x6d9 to keycode 229

Thu Mar  5 10:21:09 2020
 XserverDesktop: Added unknown keysym 0x6ca to keycode 228
xfwm4-Message: 10:21:09.476: Unsupported keyboard modifier '<Super>Tab'

(tracker-miner-fs:5546): Tracker-CRITICAL **: 10:22:53.238:   (Sparql buffer) Error in task 0 (file:///home/is28/stanislavchuk28/0.cpp) of the array-update: UNIQUE constraint failed: nie:DataObject.nie:url

(tracker-miner-fs:5546): Tracker-CRITICAL **: 10:22:53.238: Could not execute sparql: UNIQUE constraint failed: nie:DataObject.nie:url

(tracker-miner-fs:5546): Tracker-CRITICAL **: 10:27:05.696:   (Sparql buffer) Error in task 0 (file:///home/is28/stanislavchuk28/0.cpp) of the array-update: UNIQUE constraint failed: nie:DataObject.nie:url

(tracker-miner-fs:5546): Tracker-CRITICAL **: 10:27:05.696: Could not execute sparql: UNIQUE constraint failed: nie:DataObject.nie:url

(tracker-miner-fs:5546): Tracker-CRITICAL **: 10:27:24.472:   (Sparql buffer) Error in task 0 (file:///home/is28/stanislavchuk28/0.cpp) of the array-update: UNIQUE constraint failed: nie:DataObject.nie:url

(tracker-miner-fs:5546): Tracker-CRITICAL **: 10:27:24.472: Could not execute sparql: UNIQUE constraint failed: nie:DataObject.nie:url

(tracker-miner-fs:5546): Tracker-CRITICAL **: 10:28:05.946:   (Sparql buffer) Error in task 0 (file:///home/is28/stanislavchuk28/0.cpp) of the array-update: UNIQUE constraint failed: nie:DataObject.nie:url

(tracker-miner-fs:5546): Tracker-CRITICAL **: 10:28:05.946: Could not execute sparql: UNIQUE constraint failed: nie:DataObject.nie:url

(tracker-miner-fs:5546): Tracker-CRITICAL **: 10:29:18.824:   (Sparql buffer) Error in task 0 (file:///home/is28/stanislavchuk28/0.cpp) of the array-update: UNIQUE constraint failed: nie:DataObject.nie:url

(tracker-miner-fs:5546): Tracker-CRITICAL **: 10:29:18.824: Could not execute sparql: UNIQUE constraint failed: nie:DataObject.nie:url

(tracker-miner-fs:5546): Tracker-CRITICAL **: 10:30:01.262:   (Sparql buffer) Error in task 0 (file:///home/is28/stanislavchuk28/0.cpp) of the array-update: UNIQUE constraint failed: nie:DataObject.nie:url

(tracker-miner-fs:5546): Tracker-CRITICAL **: 10:30:01.262: Could not execute sparql: UNIQUE constraint failed: nie:DataObject.nie:url

(tracker-miner-fs:5546): Tracker-CRITICAL **: 10:33:00.014:   (Sparql buffer) Error in task 0 (file:///home/is28/stanislavchuk28/0.cpp) of the array-update: UNIQUE constraint failed: nie:DataObject.nie:url

(tracker-miner-fs:5546): Tracker-CRITICAL **: 10:33:00.014: Could not execute sparql: UNIQUE constraint failed: nie:DataObject.nie:url

(tracker-miner-fs:5546): Tracker-CRITICAL **: 10:36:42.599:   (Sparql buffer) Error in task 0 (file:///home/is28/stanislavchuk28/0.cpp) of the array-update: UNIQUE constraint failed: nie:DataObject.nie:url

(tracker-miner-fs:5546): Tracker-CRITICAL **: 10:36:42.599: Could not execute sparql: UNIQUE constraint failed: nie:DataObject.nie:url

(tracker-miner-fs:5546): Tracker-CRITICAL **: 10:39:12.769:   (Sparql buffer) Error in task 0 (file:///home/is28/stanislavchuk28/0.cpp) of the array-update: UNIQUE constraint failed: nie:DataObject.nie:url

(tracker-miner-fs:5546): Tracker-CRITICAL **: 10:39:12.769: Could not execute sparql: UNIQUE constraint failed: nie:DataObject.nie:url

(tracker-miner-fs:5546): Tracker-CRITICAL **: 10:39:22.833:   (Sparql buffer) Error in task 0 (file:///home/is28/stanislavchuk28/0.cpp) of the array-update: UNIQUE constraint failed: nie:DataObject.nie:url

(tracker-miner-fs:5546): Tracker-CRITICAL **: 10:39:22.833: Could not execute sparql: UNIQUE constraint failed: nie:DataObject.nie:url

(tracker-miner-fs:5546): Tracker-CRITICAL **: 10:39:46.991:   (Sparql buffer) Error in task 0 (file:///home/is28/stanislavchuk28/0.cpp) of the array-update: UNIQUE constraint failed: nie:DataObject.nie:url

(tracker-miner-fs:5546): Tracker-CRITICAL **: 10:39:46.992: Could not execute sparql: UNIQUE constraint failed: nie:DataObject.nie:url

(tracker-miner-fs:5546): Tracker-CRITICAL **: 10:39:47.491:   (Sparql buffer) Error in task 0 (file:///home/is28/stanislavchuk28/0.cpp) of the array-update: UNIQUE constraint failed: nie:DataObject.nie:url

(tracker-miner-fs:5546): Tracker-CRITICAL **: 10:39:47.491: Could not execute sparql: UNIQUE constraint failed: nie:DataObject.nie:url

(tracker-miner-fs:5546): Tracker-CRITICAL **: 10:39:47.995:   (Sparql buffer) Error in task 0 (file:///home/is28/stanislavchuk28/0.cpp) of the array-update: UNIQUE constraint failed: nie:DataObject.nie:url

(tracker-miner-fs:5546): Tracker-CRITICAL **: 10:39:47.995: Could not execute sparql: UNIQUE constraint failed: nie:DataObject.nie:url

(tracker-miner-fs:5546): Tracker-CRITICAL **: 10:39:48.179:   (Sparql buffer) Error in task 0 (file:///home/is28/stanislavchuk28/0.cpp) of the array-update: UNIQUE constraint failed: nie:DataObject.nie:url

(tracker-miner-fs:5546): Tracker-CRITICAL **: 10:39:48.179: Could not execute sparql: UNIQUE constraint failed: nie:DataObject.nie:url

(tracker-miner-fs:5546): Tracker-CRITICAL **: 10:39:54.698:   (Sparql buffer) Error in task 0 (file:///home/is28/stanislavchuk28/0.cpp) of the array-update: UNIQUE constraint failed: nie:DataObject.nie:url

(tracker-miner-fs:5546): Tracker-CRITICAL **: 10:39:54.698: Could not execute sparql: UNIQUE constraint failed: nie:DataObject.nie:url

(tracker-miner-fs:5546): Tracker-CRITICAL **: 10:40:41.641:   (Sparql buffer) Error in task 0 (file:///home/is28/stanislavchuk28/0.cpp) of the array-update: UNIQUE constraint failed: nie:DataObject.nie:url

(tracker-miner-fs:5546): Tracker-CRITICAL **: 10:40:41.642: Could not execute sparql: UNIQUE constraint failed: nie:DataObject.nie:url

(tracker-miner-fs:5546): Tracker-CRITICAL **: 10:47:26.865:   (Sparql buffer) Error in task 0 (file:///home/is28/stanislavchuk28/0.cpp) of the array-update: UNIQUE constraint failed: nie:DataObject.nie:url

(tracker-miner-fs:5546): Tracker-CRITICAL **: 10:47:26.865: Could not execute sparql: UNIQUE constraint failed: nie:DataObject.nie:url

(tracker-miner-fs:5546): Tracker-CRITICAL **: 10:49:15.018:   (Sparql buffer) Error in task 0 (file:///home/is28/stanislavchuk28/0.cpp) of the array-update: UNIQUE constraint failed: nie:DataObject.nie:url

(tracker-miner-fs:5546): Tracker-CRITICAL **: 10:49:15.018: Could not execute sparql: UNIQUE constraint failed: nie:DataObject.nie:url

(tracker-miner-fs:5546): Tracker-CRITICAL **: 10:53:13.179:   (Sparql buffer) Error in task 0 (file:///home/is28/stanislavchuk28/0.cpp) of the array-update: UNIQUE constraint failed: nie:DataObject.nie:url

(tracker-miner-fs:5546): Tracker-CRITICAL **: 10:53:13.180: Could not execute sparql: UNIQUE constraint failed: nie:DataObject.nie:url

Thu Mar  5 10:53:22 2020
 Connections: closed: 0.0.0.0::49321 (Clean disconnection)
 SMsgWriter:  framebuffer updates 9973
 SMsgWriter:    copyRect rects 5751, bytes 92016
 SMsgWriter:    hextile rects 55416, bytes 145807056
 SMsgWriter:    raw bytes equivalent 1348455618, compression ratio 9.248219
xfwm4: Fatal IO error 4 (Interrupted system call) on X server :5.0.
xfdesktop: Fatal IO error 11 (Resource temporarily unavailable) on X server :5.0.
