
Xvnc Free Edition 4.1.1 - built Feb 25 2015 23:02:21
Copyright (C) 2002-2005 RealVNC Ltd.
See http://www.realvnc.com for information on VNC.
Underlying X server release 40300000, The XFree86 Project, Inc


Thu Feb 20 09:50:54 2020
 vncext:      VNC extension running!
 vncext:      Listening for VNC connections on port 5928
 vncext:      created VNC server for screen 0
error opening security policy file /etc/X11/xserver/SecurityPolicy
Could not init font path element /usr/X11R6/lib/X11/fonts/Type1/, removing from list!
Could not init font path element /usr/X11R6/lib/X11/fonts/Speedo/, removing from list!
Could not init font path element /usr/X11R6/lib/X11/fonts/misc/, removing from list!
Could not init font path element /usr/X11R6/lib/X11/fonts/75dpi/, removing from list!
Could not init font path element /usr/X11R6/lib/X11/fonts/100dpi/, removing from list!
Could not init font path element /usr/share/fonts/X11/75dpi/, removing from list!
Could not init font path element /usr/share/fonts/X11/100dpi/, removing from list!
xrdb: No such file or directory
xrdb: can't open file '/home/is28/stanislavchuk28/.Xresources'
/usr/bin/startxfce4: X server already running on display :28
gpg-agent[39612]: WARNING: "--write-env-file" is an obsolete option - it has no effect
gpg-agent: a gpg-agent is already running - not starting a new one

(xfce4-session:39602): xfce4-session-WARNING **: 09:50:57.090: gpg-agent returned no PID in the variables

(xfce4-session:39602): xfce4-session-WARNING **: 09:50:57.091: xfsm_manager_load_session: Something wrong with /home/is28/stanislavchuk28/.cache/sessions/xfce4-session-virt-1:28, Does it exist? Permissions issue?

(xfwm4:39616): xfwm4-WARNING **: 09:50:57.150: The display does not support the XRender extension.

(xfwm4:39616): xfwm4-WARNING **: 09:50:57.151: The display does not support the XComposite extension.

(xfwm4:39616): xfwm4-WARNING **: 09:50:57.151: The display does not support the XDamage extension.

(xfwm4:39616): xfwm4-WARNING **: 09:50:57.151: The display does not support the XFixes extension.

(xfwm4:39616): xfwm4-WARNING **: 09:50:57.151: Compositing manager disabled.

** (light-locker:39625): ERROR **: 09:50:57.158: Environment variable XDG_SESSION_PATH not set. Is LightDM running?
(uint32 1,)

(polkit-gnome-authentication-agent-1:39627): GLib-CRITICAL **: 09:50:57.189: g_variant_new_string: assertion 'string != NULL' failed

(polkit-gnome-authentication-agent-1:39627): polkit-gnome-1-WARNING **: 09:50:57.195: Failed to register client: GDBus.Error:org.freedesktop.DBus.Error.ServiceUnknown: The name org.gnome.SessionManager was not provided by any .service files

(xfsettingsd:39710): xfsettingsd-CRITICAL **: 09:50:57.251: RANDR extension is too old, version 1.1. Display settings won't be applied.
Xlib:  extension "XInputExtension" missing on display ":28.0".

(xfsettingsd:39710): xfsettingsd-CRITICAL **: 09:50:57.257: XI is not present.

(xfsettingsd:39710): xfsettingsd-CRITICAL **: 09:50:57.257: Failed to initialize the Xkb extension.

(xfsettingsd:39710): xfsettingsd-CRITICAL **: 09:50:57.260: Failed to initialize the Accessibility extension.
xfwm4-Message: 09:50:57.299: Unsupported keyboard modifier '<Super>Tab'
xfwm4-Message: 09:50:57.366: Unsupported keyboard modifier '<Super>Tab'

(nm-applet:39711): Gtk-WARNING **: 09:50:57.711: Can't set a parent on widget which has a parent

(nm-applet:39711): Gdk-CRITICAL **: 09:50:57.898: gdk_window_thaw_toplevel_updates: assertion 'window->update_and_descendants_freeze_count > 0' failed

Thu Feb 20 09:51:03 2020
 Connections: accepted: 0.0.0.0::49879
 SConnection: Client needs protocol version 3.8
 SConnection: Client requests security type VncAuth(2)
Gtk-Message: 09:51:22.636: GtkDialog mapped without a transient parent. This is discouraged.

Thu Feb 20 09:51:35 2020
 VNCSConnST:  Server default pixel format depth 16 (16bpp) little-endian rgb565
 VNCSConnST:  Client pixel format depth 16 (16bpp) little-endian rgb565
/usr/lib/python3/dist-packages/blueman/plugins/applet/AppIndicator.py:8: PyGIWarning: AppIndicator3 was imported without specifying a version first. Use gi.require_version('AppIndicator3', '0.1') before import to ensure that the right version gets loaded.
  from gi.repository import AppIndicator3 as girAppIndicator
ERROR:dbus.proxies:Introspect error on org.bluez:/org/bluez: dbus.exceptions.DBusException: org.freedesktop.DBus.Error.AccessDenied: Rejected send message, 2 matched rules; type="method_call", sender=":1.2419" (uid=1282 pid=39676 comm="/usr/bin/python3 /usr/bin/blueman-applet " label="unconfined") interface="org.freedesktop.DBus.Introspectable" member="Introspect" error name="(unset)" requested_reply="0" destination="org.bluez" (bus)
ERROR:dbus.proxies:Introspect error on org.bluez:/: dbus.exceptions.DBusException: org.freedesktop.DBus.Error.AccessDenied: Rejected send message, 2 matched rules; type="method_call", sender=":1.2419" (uid=1282 pid=39676 comm="/usr/bin/python3 /usr/bin/blueman-applet " label="unconfined") interface="org.freedesktop.DBus.Introspectable" member="Introspect" error name="(unset)" requested_reply="0" destination="org.bluez" (bus)
ERROR:dbus.proxies:Introspect error on org.bluez:/: dbus.exceptions.DBusException: org.freedesktop.DBus.Error.AccessDenied: Rejected send message, 2 matched rules; type="method_call", sender=":1.2419" (uid=1282 pid=39676 comm="/usr/bin/python3 /usr/bin/blueman-applet " label="unconfined") interface="org.freedesktop.DBus.Introspectable" member="Introspect" error name="(unset)" requested_reply="0" destination="org.bluez" (bus)

(wrapper-1.0:39761): Gdk-WARNING **: 09:51:38.425: /build/gtk+2.0-AoeliP/gtk+2.0-2.24.32/gdk/x11/gdkdrawable-x11.c:952 drawable is not a pixmap or window

(polkit-gnome-authentication-agent-1:39627): polkit-gnome-1-WARNING **: 09:51:48.722: Couldn't open user icon: Failed to open file '/home/adom/.face': No such file or directory

(polkit-gnome-authentication-agent-1:39627): polkit-gnome-1-WARNING **: 09:51:48.724: Couldn't open user icon: Failed to open file '/home/test/.face': No such file or directory
Gtk-Message: 09:51:48.759: GtkDialog mapped without a transient parent. This is discouraged.

(Thunar:39622): GLib-GIO-CRITICAL **: 09:51:50.069: g_file_hash: assertion 'G_IS_FILE (file)' failed

(Thunar:39622): GLib-GIO-CRITICAL **: 09:51:50.069: g_file_query_info_async: assertion 'G_IS_FILE (file)' failed

(Thunar:39622): GLib-GObject-CRITICAL **: 09:51:50.069: g_object_unref: assertion 'G_IS_OBJECT (object)' failed

(Thunar:39622): Gdk-WARNING **: 09:51:50.867: gdk_window_set_icon_list: icons too large

(Thunar:39622): Gdk-WARNING **: 10:13:36.634: gdk_window_set_icon_list: icons too large

(gedit:53891): Gtk-WARNING **: 10:14:25.220: Calling org.xfce.Session.Manager.Inhibit failed: GDBus.Error:org.freedesktop.DBus.Error.UnknownMethod: Method "Inhibit" with signature "susu" on interface "org.xfce.Session.Manager" doesn't exist


(tracker-miner-fs:39629): Tracker-CRITICAL **: 10:14:53.549:   (Sparql buffer) Error in task 0 (file:///home/is28/stanislavchuk28/0.cpp) of the array-update: UNIQUE constraint failed: nie:DataObject.nie:url

(tracker-miner-fs:39629): Tracker-CRITICAL **: 10:14:53.549: Could not execute sparql: UNIQUE constraint failed: nie:DataObject.nie:url

(tracker-miner-fs:39629): Tracker-CRITICAL **: 10:16:04.140:   (Sparql buffer) Error in task 0 (file:///home/is28/stanislavchuk28/0.cpp) of the array-update: UNIQUE constraint failed: nie:DataObject.nie:url

(tracker-miner-fs:39629): Tracker-CRITICAL **: 10:16:04.141: Could not execute sparql: UNIQUE constraint failed: nie:DataObject.nie:url

(tracker-miner-fs:39629): Tracker-CRITICAL **: 10:17:43.240:   (Sparql buffer) Error in task 0 (file:///home/is28/stanislavchuk28/0.cpp) of the array-update: UNIQUE constraint failed: nie:DataObject.nie:url

(tracker-miner-fs:39629): Tracker-CRITICAL **: 10:17:43.240: Could not execute sparql: UNIQUE constraint failed: nie:DataObject.nie:url

(tracker-miner-fs:39629): Tracker-CRITICAL **: 10:18:09.896:   (Sparql buffer) Error in task 0 (file:///home/is28/stanislavchuk28/0.cpp) of the array-update: UNIQUE constraint failed: nie:DataObject.nie:url

(tracker-miner-fs:39629): Tracker-CRITICAL **: 10:18:09.896: Could not execute sparql: UNIQUE constraint failed: nie:DataObject.nie:url

(tracker-miner-fs:39629): Tracker-CRITICAL **: 10:29:27.718:   (Sparql buffer) Error in task 0 (file:///home/is28/stanislavchuk28/0.cpp) of the array-update: UNIQUE constraint failed: nie:DataObject.nie:url

(tracker-miner-fs:39629): Tracker-CRITICAL **: 10:29:27.718: Could not execute sparql: UNIQUE constraint failed: nie:DataObject.nie:url

Thu Feb 20 10:33:54 2020
 Connections: closed: 0.0.0.0::49879 (Clean disconnection)
 SMsgWriter:  framebuffer updates 8005
 SMsgWriter:    copyRect rects 432, bytes 6912
 SMsgWriter:    hextile rects 40035, bytes 154870927
 SMsgWriter:    raw bytes equivalent -92433430, compression ratio -0.596842

Thu Feb 20 10:35:02 2020
 Connections: accepted: 0.0.0.0::49942
 SConnection: Client needs protocol version 3.8
 SConnection: Client requests security type VncAuth(2)

Thu Feb 20 10:35:08 2020
 SConnection: AuthFailureException: Authentication failure
 Connections: closed: 0.0.0.0::49942 (Authentication failure)

Thu Feb 20 10:35:11 2020
 Connections: accepted: 0.0.0.0::49943
 SConnection: Client needs protocol version 3.8
 SConnection: Client requests security type VncAuth(2)

Thu Feb 20 10:35:14 2020
 VNCSConnST:  Server default pixel format depth 16 (16bpp) little-endian rgb565
 VNCSConnST:  Client pixel format depth 16 (16bpp) little-endian rgb565

Thu Feb 20 10:35:44 2020
 Connections: closed: 0.0.0.0::49943 (Clean disconnection)
 SMsgWriter:  framebuffer updates 400
 SMsgWriter:    copyRect rects 7, bytes 112
 SMsgWriter:    hextile rects 2364, bytes 3143307
 SMsgWriter:    raw bytes equivalent 20483100, compression ratio 6.516417

Thu Feb 20 10:40:26 2020
 Connections: accepted: 0.0.0.0::49964
 SConnection: Client needs protocol version 3.8
 SConnection: Client requests security type VncAuth(2)

Thu Feb 20 10:40:41 2020
 VNCSConnST:  Server default pixel format depth 16 (16bpp) little-endian rgb565
 VNCSConnST:  Client pixel format depth 16 (16bpp) little-endian rgb565

(tracker-miner-fs:39629): Tracker-CRITICAL **: 10:43:02.192:   (Sparql buffer) Error in task 0 (file:///home/is28/stanislavchuk28/0.cpp) of the array-update: UNIQUE constraint failed: nie:DataObject.nie:url

(tracker-miner-fs:39629): Tracker-CRITICAL **: 10:43:02.192: Could not execute sparql: UNIQUE constraint failed: nie:DataObject.nie:url

(tracker-miner-fs:39629): Tracker-CRITICAL **: 10:43:39.035:   (Sparql buffer) Error in task 0 (file:///home/is28/stanislavchuk28/0.cpp) of the array-update: UNIQUE constraint failed: nie:DataObject.nie:url

(tracker-miner-fs:39629): Tracker-CRITICAL **: 10:43:39.036: Could not execute sparql: UNIQUE constraint failed: nie:DataObject.nie:url

(tracker-miner-fs:39629): Tracker-CRITICAL **: 10:44:08.354:   (Sparql buffer) Error in task 0 (file:///home/is28/stanislavchuk28/0.cpp) of the array-update: UNIQUE constraint failed: nie:DataObject.nie:url

(tracker-miner-fs:39629): Tracker-CRITICAL **: 10:44:08.354: Could not execute sparql: UNIQUE constraint failed: nie:DataObject.nie:url

(tracker-miner-fs:39629): Tracker-CRITICAL **: 10:44:32.545:   (Sparql buffer) Error in task 0 (file:///home/is28/stanislavchuk28/0.cpp) of the array-update: UNIQUE constraint failed: nie:DataObject.nie:url

(tracker-miner-fs:39629): Tracker-CRITICAL **: 10:44:32.545: Could not execute sparql: UNIQUE constraint failed: nie:DataObject.nie:url
QXcbConnection: Failed to initialize XRandr
Qt: XKEYBOARD extension not present on the X server.
Unsupported screen format: depth: 16, red_mask: 3f, blue_mask: f800
Using RGB16 fallback, if this works your X11 server is reporting a bad screen format.
Unsupported screen format: depth: 16, red_mask: 3f, blue_mask: f800
Using RGB16 fallback, if this works your X11 server is reporting a bad screen format.

Thu Feb 20 10:49:31 2020
 Connections: closed: 0.0.0.0::49964 (Clean disconnection)
 SMsgWriter:  framebuffer updates 2184
 SMsgWriter:    copyRect rects 740, bytes 11840
 SMsgWriter:    hextile rects 8325, bytes 14891044
 SMsgWriter:    raw bytes equivalent 141786518, compression ratio 9.521597

(xfdesktop:39624): libxfce4ui-WARNING **: 09:42:15.201: ICE I/O Error

(xfdesktop:39624): libxfce4ui-WARNING **: 09:42:15.215: Disconnected from session manager.
xfdesktop: Fatal IO error 25 (Inappropriate ioctl for device) on X server :28.0.
xfwm4: Fatal IO error 4 (Interrupted system call) on X server :28.0.
