
Xvnc Free Edition 4.1.1 - built Feb 25 2015 23:02:21
Copyright (C) 2002-2005 RealVNC Ltd.
See http://www.realvnc.com for information on VNC.
Underlying X server release 40300000, The XFree86 Project, Inc


Fri Nov 22 11:22:40 2019
 vncext:      VNC extension running!
 vncext:      Listening for VNC connections on port 5906
 vncext:      created VNC server for screen 0
error opening security policy file /etc/X11/xserver/SecurityPolicy
Could not init font path element /usr/X11R6/lib/X11/fonts/Type1/, removing from list!
Could not init font path element /usr/X11R6/lib/X11/fonts/Speedo/, removing from list!
Could not init font path element /usr/X11R6/lib/X11/fonts/misc/, removing from list!
Could not init font path element /usr/X11R6/lib/X11/fonts/75dpi/, removing from list!
Could not init font path element /usr/X11R6/lib/X11/fonts/100dpi/, removing from list!
Could not init font path element /usr/share/fonts/X11/75dpi/, removing from list!
Could not init font path element /usr/share/fonts/X11/100dpi/, removing from list!
xrdb: No such file or directory
xrdb: can't open file '/home/is28/stanislavchuk28/.Xresources'
/usr/bin/startxfce4: X server already running on display :6
gpg-agent[5855]: WARNING: "--write-env-file" is an obsolete option - it has no effect
gpg-agent: a gpg-agent is already running - not starting a new one

(xfce4-session:5845): xfce4-session-WARNING **: 11:22:43.667: gpg-agent returned no PID in the variables

(xfce4-session:5845): xfce4-session-WARNING **: 11:22:43.668: xfsm_manager_load_session: Something wrong with /home/is28/stanislavchuk28/.cache/sessions/xfce4-session-virt-1:6, Does it exist? Permissions issue?

(xfwm4:5859): xfwm4-WARNING **: 11:22:43.700: The display does not support the XRender extension.

(xfwm4:5859): xfwm4-WARNING **: 11:22:43.700: The display does not support the XComposite extension.

(xfwm4:5859): xfwm4-WARNING **: 11:22:43.700: The display does not support the XDamage extension.

(xfwm4:5859): xfwm4-WARNING **: 11:22:43.700: The display does not support the XFixes extension.

(xfwm4:5859): xfwm4-WARNING **: 11:22:43.700: Compositing manager disabled.

** (light-locker:5869): ERROR **: 11:22:43.746: Environment variable XDG_SESSION_PATH not set. Is LightDM running?
xfwm4-Message: 11:22:43.765: Unsupported keyboard modifier '<Super>Tab'

(polkit-gnome-authentication-agent-1:5871): GLib-CRITICAL **: 11:22:43.765: g_variant_new_string: assertion 'string != NULL' failed

(polkit-gnome-authentication-agent-1:5871): polkit-gnome-1-WARNING **: 11:22:43.768: Failed to register client: GDBus.Error:org.freedesktop.DBus.Error.ServiceUnknown: The name org.gnome.SessionManager was not provided by any .service files
(uint32 1,)

(xfsettingsd:5864): xfsettingsd-CRITICAL **: 11:22:43.843: RANDR extension is too old, version 1.1. Display settings won't be applied.
Xlib:  extension "XInputExtension" missing on display ":6.0".

(xfsettingsd:5864): xfsettingsd-CRITICAL **: 11:22:43.844: XI is not present.

(xfsettingsd:5864): xfsettingsd-CRITICAL **: 11:22:43.844: Failed to initialize the Xkb extension.

(xfsettingsd:5864): xfsettingsd-CRITICAL **: 11:22:43.844: Failed to initialize the Accessibility extension.
xfwm4-Message: 11:22:43.954: Unsupported keyboard modifier '<Super>Tab'

(nm-applet:5957): Gtk-WARNING **: 11:22:44.024: Can't set a parent on widget which has a parent

(nm-applet:5957): Gdk-CRITICAL **: 11:22:44.197: gdk_window_thaw_toplevel_updates: assertion 'window->update_and_descendants_freeze_count > 0' failed
/usr/lib/python3/dist-packages/blueman/plugins/applet/AppIndicator.py:8: PyGIWarning: AppIndicator3 was imported without specifying a version first. Use gi.require_version('AppIndicator3', '0.1') before import to ensure that the right version gets loaded.
  from gi.repository import AppIndicator3 as girAppIndicator
ERROR:dbus.proxies:Introspect error on org.bluez:/org/bluez: dbus.exceptions.DBusException: org.freedesktop.DBus.Error.AccessDenied: Rejected send message, 2 matched rules; type="method_call", sender=":1.834" (uid=1282 pid=5934 comm="/usr/bin/python3 /usr/bin/blueman-applet " label="unconfined") interface="org.freedesktop.DBus.Introspectable" member="Introspect" error name="(unset)" requested_reply="0" destination="org.bluez" (bus)
ERROR:dbus.proxies:Introspect error on org.bluez:/: dbus.exceptions.DBusException: org.freedesktop.DBus.Error.AccessDenied: Rejected send message, 2 matched rules; type="method_call", sender=":1.834" (uid=1282 pid=5934 comm="/usr/bin/python3 /usr/bin/blueman-applet " label="unconfined") interface="org.freedesktop.DBus.Introspectable" member="Introspect" error name="(unset)" requested_reply="0" destination="org.bluez" (bus)
ERROR:dbus.proxies:Introspect error on org.bluez:/: dbus.exceptions.DBusException: org.freedesktop.DBus.Error.AccessDenied: Rejected send message, 2 matched rules; type="method_call", sender=":1.834" (uid=1282 pid=5934 comm="/usr/bin/python3 /usr/bin/blueman-applet " label="unconfined") interface="org.freedesktop.DBus.Introspectable" member="Introspect" error name="(unset)" requested_reply="0" destination="org.bluez" (bus)

(wrapper-1.0:6022): Gdk-WARNING **: 11:23:09.432: /build/gtk+2.0-AoeliP/gtk+2.0-2.24.32/gdk/x11/gdkdrawable-x11.c:952 drawable is not a pixmap or window

Fri Nov 22 11:23:49 2019
 Connections: accepted: 0.0.0.0::50135
 SConnection: Client needs protocol version 3.8
 SConnection: Client requests security type VncAuth(2)

Fri Nov 22 11:23:52 2019
 VNCSConnST:  Server default pixel format depth 16 (16bpp) little-endian rgb565
 VNCSConnST:  Client pixel format depth 16 (16bpp) little-endian rgb565

Fri Nov 22 11:35:30 2019
 XserverDesktop: Added unknown keysym 0x6f7 to keycode 255
xfwm4-Message: 11:35:31.091: Unsupported keyboard modifier '<Super>Tab'

Fri Nov 22 11:35:31 2019
 XserverDesktop: Added unknown keysym 0x6c5 to keycode 254
xfwm4-Message: 11:35:31.955: Unsupported keyboard modifier '<Super>Tab'

Fri Nov 22 11:35:37 2019
 XserverDesktop: Added unknown keysym 0x6c4 to keycode 253
xfwm4-Message: 11:35:37.603: Unsupported keyboard modifier '<Super>Tab'

Fri Nov 22 11:35:38 2019
 XserverDesktop: Added unknown keysym 0x6c9 to keycode 252
 XserverDesktop: Added unknown keysym 0x6d4 to keycode 251
xfwm4-Message: 11:35:39.050: Unsupported keyboard modifier '<Super>Tab'

Fri Nov 22 11:35:39 2019
 XserverDesktop: Added unknown keysym 0x6ce to keycode 250
 XserverDesktop: Added unknown keysym 0x6cf to keycode 249

Fri Nov 22 11:35:40 2019
 XserverDesktop: Added unknown keysym 0x6cd to keycode 248
xfwm4-Message: 11:35:40.386: Unsupported keyboard modifier '<Super>Tab'
 XserverDesktop: Added unknown keysym 0x6d2 to keycode 247
xfwm4-Message: 11:35:40.730: Unsupported keyboard modifier '<Super>Tab'

Fri Nov 22 11:35:41 2019
 XserverDesktop: Added unknown keysym 0x6d3 to keycode 246

Fri Nov 22 11:35:42 2019
 XserverDesktop: Added unknown keysym 0x6d1 to keycode 245
xfwm4-Message: 11:35:42.275: Unsupported keyboard modifier '<Super>Tab'
 XserverDesktop: Added unknown keysym 0x6c3 to keycode 244
 XserverDesktop: Added unknown keysym 0x6c1 to keycode 243
xfwm4-Message: 11:35:42.931: Unsupported keyboard modifier '<Super>Tab'

Fri Nov 22 11:35:43 2019
 XserverDesktop: Added unknown keysym 0x6f6 to keycode 242
xfwm4-Message: 11:35:44.210: Unsupported keyboard modifier '<Super>Tab'

(tracker-miner-fs:5873): Tracker-CRITICAL **: 11:39:11.772:   (Sparql buffer) Error in task 0 (file:///home/is28/stanislavchuk28/0.py) of the array-update: UNIQUE constraint failed: nie:DataObject.nie:url

(tracker-miner-fs:5873): Tracker-CRITICAL **: 11:39:11.772: Could not execute sparql: UNIQUE constraint failed: nie:DataObject.nie:url

(tracker-miner-fs:5873): Tracker-CRITICAL **: 11:44:17.261:   (Sparql buffer) Error in task 0 (file:///home/is28/stanislavchuk28/0.py) of the array-update: UNIQUE constraint failed: nie:DataObject.nie:url

(tracker-miner-fs:5873): Tracker-CRITICAL **: 11:44:17.261: Could not execute sparql: UNIQUE constraint failed: nie:DataObject.nie:url

(tracker-miner-fs:5873): Tracker-CRITICAL **: 11:44:35.909:   (Sparql buffer) Error in task 0 (file:///home/is28/stanislavchuk28/0.py) of the array-update: UNIQUE constraint failed: nie:DataObject.nie:url

(tracker-miner-fs:5873): Tracker-CRITICAL **: 11:44:35.909: Could not execute sparql: UNIQUE constraint failed: nie:DataObject.nie:url

(gedit:18279): Gtk-WARNING **: 11:46:12.026: Calling org.xfce.Session.Manager.Inhibit failed: GDBus.Error:org.freedesktop.DBus.Error.UnknownMethod: Method "Inhibit" with signature "susu" on interface "org.xfce.Session.Manager" doesn't exist


(tracker-miner-fs:5873): Tracker-CRITICAL **: 11:46:19.153:   (Sparql buffer) Error in task 0 (file:///home/is28/stanislavchuk28/pxp.txt) of the array-update: UNIQUE constraint failed: nie:DataObject.nie:url

(tracker-miner-fs:5873): Tracker-CRITICAL **: 11:46:19.153: Could not execute sparql: UNIQUE constraint failed: nie:DataObject.nie:url

(tracker-miner-fs:5873): Tracker-CRITICAL **: 11:46:54.437:   (Sparql buffer) Error in task 0 (file:///home/is28/stanislavchuk28/0.py) of the array-update: UNIQUE constraint failed: nie:DataObject.nie:url

(tracker-miner-fs:5873): Tracker-CRITICAL **: 11:46:54.437: Could not execute sparql: UNIQUE constraint failed: nie:DataObject.nie:url
/usr/lib/ubuntu-release-upgrader/check-new-release-gtk:30: PyGIWarning: Gtk was imported without specifying a version first. Use gi.require_version('Gtk', '3.0') before import to ensure that the right version gets loaded.
  from gi.repository import Gtk
WARNING:root:timeout reached, exiting

Fri Nov 22 12:45:09 2019
 Connections: closed: 0.0.0.0::50135 (Clean disconnection)
 SMsgWriter:  framebuffer updates 15406
 SMsgWriter:    copyRect rects 798, bytes 12768
 SMsgWriter:    hextile rects 4235622, bytes 444540484
 SMsgWriter:    raw bytes equivalent 1814777870, compression ratio 4.082368
xfwm4: Fatal IO error 4 (Interrupted system call) on X server :6.0.
xfdesktop: Fatal IO error 4 (Interrupted system call) on X server :6.0.
