
Xvnc Free Edition 4.1.1 - built Feb 25 2015 23:02:21
Copyright (C) 2002-2005 RealVNC Ltd.
See http://www.realvnc.com for information on VNC.
Underlying X server release 40300000, The XFree86 Project, Inc


Fri Dec  6 11:06:04 2019
 vncext:      VNC extension running!
 vncext:      Listening for VNC connections on port 5921
 vncext:      created VNC server for screen 0
error opening security policy file /etc/X11/xserver/SecurityPolicy
Could not init font path element /usr/X11R6/lib/X11/fonts/Type1/, removing from list!
Could not init font path element /usr/X11R6/lib/X11/fonts/Speedo/, removing from list!
Could not init font path element /usr/X11R6/lib/X11/fonts/misc/, removing from list!
Could not init font path element /usr/X11R6/lib/X11/fonts/75dpi/, removing from list!
Could not init font path element /usr/X11R6/lib/X11/fonts/100dpi/, removing from list!
Could not init font path element /usr/share/fonts/X11/75dpi/, removing from list!
Could not init font path element /usr/share/fonts/X11/100dpi/, removing from list!
xrdb: No such file or directory
xrdb: can't open file '/home/is28/stanislavchuk28/.Xresources'
/usr/bin/startxfce4: X server already running on display :21
gpg-agent[15081]: WARNING: "--write-env-file" is an obsolete option - it has no effect
gpg-agent: a gpg-agent is already running - not starting a new one

(xfce4-session:15072): xfce4-session-WARNING **: 11:06:08.098: gpg-agent returned no PID in the variables

(xfce4-session:15072): xfce4-session-WARNING **: 11:06:08.102: xfsm_manager_load_session: Something wrong with /home/is28/stanislavchuk28/.cache/sessions/xfce4-session-virt-1:21, Does it exist? Permissions issue?

(xfwm4:15084): xfwm4-WARNING **: 11:06:08.135: The display does not support the XRender extension.

(xfwm4:15084): xfwm4-WARNING **: 11:06:08.135: The display does not support the XComposite extension.

(xfwm4:15084): xfwm4-WARNING **: 11:06:08.135: The display does not support the XDamage extension.

(xfwm4:15084): xfwm4-WARNING **: 11:06:08.135: The display does not support the XFixes extension.

(xfwm4:15084): xfwm4-WARNING **: 11:06:08.135: Compositing manager disabled.
(uint32 2,)

(xfsettingsd:15095): xfsettingsd-CRITICAL **: 11:06:08.193: RANDR extension is too old, version 1.1. Display settings won't be applied.
Xlib:  extension "XInputExtension" missing on display ":21.0".

(xfsettingsd:15095): xfsettingsd-CRITICAL **: 11:06:08.193: XI is not present.

(xfsettingsd:15095): xfsettingsd-CRITICAL **: 11:06:08.194: Failed to initialize the Xkb extension.

(xfsettingsd:15095): xfsettingsd-CRITICAL **: 11:06:08.194: Failed to initialize the Accessibility extension.
xfwm4-Message: 11:06:08.254: Unsupported keyboard modifier '<Super>Tab'
xfwm4-Message: 11:06:08.309: Unsupported keyboard modifier '<Super>Tab'

** (light-locker:15093): ERROR **: 11:06:08.403: Environment variable XDG_SESSION_PATH not set. Is LightDM running?

(polkit-gnome-authentication-agent-1:15096): GLib-CRITICAL **: 11:06:08.492: g_variant_new_string: assertion 'string != NULL' failed

(polkit-gnome-authentication-agent-1:15096): polkit-gnome-1-WARNING **: 11:06:08.495: Failed to register client: GDBus.Error:org.freedesktop.DBus.Error.ServiceUnknown: The name org.gnome.SessionManager was not provided by any .service files

(nm-applet:15142): Gtk-WARNING **: 11:06:08.908: Can't set a parent on widget which has a parent

(nm-applet:15142): Gdk-CRITICAL **: 11:06:09.067: gdk_window_thaw_toplevel_updates: assertion 'window->update_and_descendants_freeze_count > 0' failed

(tracker-miner-fs:15100): Tracker-CRITICAL **: 11:06:09.232: Could not request DBus name 'org.freedesktop.Tracker1.Miner.Files': D-Bus service name:'org.freedesktop.Tracker1.Miner.Files' is already taken, perhaps the application is already running?

(tracker-miner-apps:15127): Tracker-CRITICAL **: 11:06:09.292: Could not request DBus name 'org.freedesktop.Tracker1.Miner.Applications': D-Bus service name:'org.freedesktop.Tracker1.Miner.Applications' is already taken, perhaps the application is already running?

(tracker-extract:15108): Tracker-CRITICAL **: 11:06:09.325: Could not request DBus name 'org.freedesktop.Tracker1.Miner.Extract': D-Bus service name:'org.freedesktop.Tracker1.Miner.Extract' is already taken, perhaps the application is already running?

Fri Dec  6 11:06:16 2019
 Connections: accepted: 0.0.0.0::50020
 SConnection: Client needs protocol version 3.8
 SConnection: Client requests security type VncAuth(2)

Fri Dec  6 11:06:19 2019
 VNCSConnST:  Server default pixel format depth 16 (16bpp) little-endian rgb565
 VNCSConnST:  Client pixel format depth 16 (16bpp) little-endian rgb565
/usr/lib/python3/dist-packages/blueman/plugins/applet/AppIndicator.py:8: PyGIWarning: AppIndicator3 was imported without specifying a version first. Use gi.require_version('AppIndicator3', '0.1') before import to ensure that the right version gets loaded.
  from gi.repository import AppIndicator3 as girAppIndicator
ERROR:dbus.proxies:Introspect error on org.bluez:/org/bluez: dbus.exceptions.DBusException: org.freedesktop.DBus.Error.AccessDenied: Rejected send message, 2 matched rules; type="method_call", sender=":1.12271" (uid=1282 pid=15129 comm="/usr/bin/python3 /usr/bin/blueman-applet " label="unconfined") interface="org.freedesktop.DBus.Introspectable" member="Introspect" error name="(unset)" requested_reply="0" destination="org.bluez" (bus)
ERROR:dbus.proxies:Introspect error on org.bluez:/: dbus.exceptions.DBusException: org.freedesktop.DBus.Error.AccessDenied: Rejected send message, 2 matched rules; type="method_call", sender=":1.12271" (uid=1282 pid=15129 comm="/usr/bin/python3 /usr/bin/blueman-applet " label="unconfined") interface="org.freedesktop.DBus.Introspectable" member="Introspect" error name="(unset)" requested_reply="0" destination="org.bluez" (bus)
ERROR:dbus.proxies:Introspect error on org.bluez:/: dbus.exceptions.DBusException: org.freedesktop.DBus.Error.AccessDenied: Rejected send message, 2 matched rules; type="method_call", sender=":1.12271" (uid=1282 pid=15129 comm="/usr/bin/python3 /usr/bin/blueman-applet " label="unconfined") interface="org.freedesktop.DBus.Introspectable" member="Introspect" error name="(unset)" requested_reply="0" destination="org.bluez" (bus)

(wrapper-1.0:15172): Gdk-WARNING **: 11:06:33.902: /build/gtk+2.0-AoeliP/gtk+2.0-2.24.32/gdk/x11/gdkdrawable-x11.c:952 drawable is not a pixmap or window

(wrapper-1.0:15172): Gdk-WARNING **: 11:06:33.902: /build/gtk+2.0-AoeliP/gtk+2.0-2.24.32/gdk/x11/gdkdrawable-x11.c:952 drawable is not a pixmap or window

(gedit:28791): Gtk-WARNING **: 11:42:13.439: Calling org.xfce.Session.Manager.Inhibit failed: GDBus.Error:org.freedesktop.DBus.Error.UnknownMethod: Method "Inhibit" with signature "susu" on interface "org.xfce.Session.Manager" doesn't exist


(Thunar:15090): Gdk-WARNING **: 11:47:14.130: gdk_window_set_icon_list: icons too large
Xlib:  extension "XINERAMA" missing on display ":21.0".
func=xmlSecCheckVersionExt:file=xmlsec.c:line=188:obj=unknown:subj=unknown:error=19:invalid version:mode=abi compatible;expected minor version=2;real minor version=2;expected subminor version=25;real subminor version=26

(polkit-gnome-authentication-agent-1:15096): polkit-gnome-1-WARNING **: 11:51:22.913: Couldn't open user icon: Failed to open file '/home/adom/.face': No such file or directory

(polkit-gnome-authentication-agent-1:15096): polkit-gnome-1-WARNING **: 11:51:22.918: Couldn't open user icon: Failed to open file '/home/test/.face': No such file or directory
Gtk-Message: 11:51:22.947: GtkDialog mapped without a transient parent. This is discouraged.

Fri Dec  6 11:51:48 2019
 Connections: closed: 0.0.0.0::50020 (Clean disconnection)
 SMsgWriter:  framebuffer updates 10427
 SMsgWriter:    copyRect rects 520, bytes 8320
 SMsgWriter:    hextile rects 29606, bytes 92743724
 SMsgWriter:    raw bytes equivalent 626311204, compression ratio 6.753138

Fri Dec  6 11:51:55 2019
 Connections: accepted: 0.0.0.0::50154
 SConnection: Client needs protocol version 3.8
 SConnection: Client requests security type VncAuth(2)

Fri Dec  6 11:51:58 2019
 VNCSConnST:  Server default pixel format depth 16 (16bpp) little-endian rgb565
 VNCSConnST:  Client pixel format depth 16 (16bpp) little-endian rgb565

Fri Dec  6 12:08:28 2019
 VNCSConnST:  Client pixel format depth 16 (16bpp) little-endian rgb565

Fri Dec  6 12:09:00 2019
 Connections: accepted: 252.127.0.0::52676

Fri Dec  6 12:09:50 2019
 Connections: closed: 252.127.0.0::52676 (write: Connection reset by peer
              (104))

Fri Dec  6 12:10:04 2019
 Connections: closed: 0.0.0.0::50154 (Clean disconnection)

Fri Dec  6 12:10:13 2019
 SMsgWriter:  framebuffer updates 1334

Fri Dec  6 12:10:14 2019
 SMsgWriter:    copyRect rects 954, bytes 15264

Fri Dec  6 12:10:19 2019
 SMsgWriter:    hextile rects 7893, bytes 27037968

Fri Dec  6 12:10:22 2019
 SMsgWriter:    ZRLE rects 1, bytes 157351

Fri Dec  6 12:10:25 2019
 SMsgWriter:    raw bytes equivalent 219390762, compression ratio 8.067225

Fri Dec  6 12:10:30 2019
 Connections: accepted: 0.0.0.0::39681

Fri Dec  6 12:11:02 2019
 Connections: closed: 0.0.0.0::39681 (write: Connection reset by peer (104))

Fri Dec  6 12:11:03 2019
 Connections: accepted: 0.0.0.0::39681
 Connections: closed: 0.0.0.0::39681 (write: Connection reset by peer (104))

Fri Dec  6 12:11:44 2019
 Connections: accepted: 0.0.0.0::50181
 SConnection: Client needs protocol version 3.8
 SConnection: Client requests security type VncAuth(2)

Fri Dec  6 12:11:45 2019
 Connections: closed: 0.0.0.0::50181 (read: Connection reset by peer (104))

Fri Dec  6 12:11:53 2019
 Connections: accepted: 0.0.0.0::50182
 SConnection: Client needs protocol version 3.8
 SConnection: Client requests security type VncAuth(2)

Fri Dec  6 12:11:58 2019
 VNCSConnST:  Server default pixel format depth 16 (16bpp) little-endian rgb565
 VNCSConnST:  Client pixel format depth 16 (16bpp) little-endian rgb565
/usr/lib/ubuntu-release-upgrader/check-new-release-gtk:30: PyGIWarning: Gtk was imported without specifying a version first. Use gi.require_version('Gtk', '3.0') before import to ensure that the right version gets loaded.
  from gi.repository import Gtk
WARNING:root:timeout reached, exiting

Fri Dec  6 12:42:40 2019
 Connections: closed: 0.0.0.0::50182 (Clean disconnection)
 SMsgWriter:  framebuffer updates 1815
 SMsgWriter:    copyRect rects 103, bytes 1648
 SMsgWriter:    hextile rects 5127, bytes 149222896
 SMsgWriter:    raw bytes equivalent 638902268, compression ratio 4.281530
xfwm4: Fatal IO error 11 (Resource temporarily unavailable) on X server :21.0.
xfdesktop: Fatal IO error 11 (Resource temporarily unavailable) on X server :21.0.
