
Xvnc Free Edition 4.1.1 - built Feb 25 2015 23:02:21
Copyright (C) 2002-2005 RealVNC Ltd.
See http://www.realvnc.com for information on VNC.
Underlying X server release 40300000, The XFree86 Project, Inc


Thu Feb 20 09:47:55 2020
 vncext:      VNC extension running!
 vncext:      Listening for VNC connections on port 5925
 vncext:      created VNC server for screen 0
error opening security policy file /etc/X11/xserver/SecurityPolicy
Could not init font path element /usr/X11R6/lib/X11/fonts/Type1/, removing from list!
Could not init font path element /usr/X11R6/lib/X11/fonts/Speedo/, removing from list!
Could not init font path element /usr/X11R6/lib/X11/fonts/misc/, removing from list!
Could not init font path element /usr/X11R6/lib/X11/fonts/75dpi/, removing from list!
Could not init font path element /usr/X11R6/lib/X11/fonts/100dpi/, removing from list!
Could not init font path element /usr/share/fonts/X11/75dpi/, removing from list!
Could not init font path element /usr/share/fonts/X11/100dpi/, removing from list!
xrdb: No such file or directory
xrdb: can't open file '/home/is28/stanislavchuk28/.Xresources'
/usr/bin/startxfce4: X server already running on display :25
xfce4-session: Another session manager is already running

Thu Feb 20 09:48:04 2020
 Connections: accepted: 0.0.0.0::49849
 SConnection: Client needs protocol version 3.8
 SConnection: Client requests security type VncAuth(2)

Thu Feb 20 09:48:07 2020
 VNCSConnST:  Server default pixel format depth 16 (16bpp) little-endian rgb565
 VNCSConnST:  Client pixel format depth 16 (16bpp) little-endian rgb565

Thu Feb 20 09:48:42 2020
 Connections: closed: 0.0.0.0::49849 (Clean disconnection)
 SMsgWriter:  framebuffer updates 3
 SMsgWriter:    hextile rects 4, bytes 4180392
 SMsgWriter:    raw bytes equivalent 8295472, compression ratio 1.984377

Thu Feb 20 09:48:46 2020
 Connections: accepted: 0.0.0.0::49867
 SConnection: Client needs protocol version 3.8
 SConnection: Client requests security type VncAuth(2)

Thu Feb 20 09:48:49 2020
 VNCSConnST:  Server default pixel format depth 16 (16bpp) little-endian rgb565
 VNCSConnST:  Client pixel format depth 16 (16bpp) little-endian rgb565

Thu Feb 20 09:49:08 2020
 Connections: closed: 0.0.0.0::49867 (Clean disconnection)
 SMsgWriter:  framebuffer updates 5
 SMsgWriter:    hextile rects 6, bytes 8360020
 SMsgWriter:    raw bytes equivalent 16589448, compression ratio 1.984379

Thu Feb 20 09:49:19 2020
 Connections: accepted: 0.0.0.0::49869
 SConnection: Client needs protocol version 3.8
 SConnection: Client requests security type VncAuth(2)

Thu Feb 20 09:49:23 2020
 VNCSConnST:  Server default pixel format depth 16 (16bpp) little-endian rgb565
 VNCSConnST:  Client pixel format depth 16 (16bpp) little-endian rgb565
