
Xvnc Free Edition 4.1.1 - built Feb 25 2015 23:02:21
Copyright (C) 2002-2005 RealVNC Ltd.
See http://www.realvnc.com for information on VNC.
Underlying X server release 40300000, The XFree86 Project, Inc


Thu Mar 12 09:47:48 2020
 vncext:      VNC extension running!
 vncext:      Listening for VNC connections on port 5910
 vncext:      created VNC server for screen 0
error opening security policy file /etc/X11/xserver/SecurityPolicy
Could not init font path element /usr/X11R6/lib/X11/fonts/Type1/, removing from list!
Could not init font path element /usr/X11R6/lib/X11/fonts/Speedo/, removing from list!
Could not init font path element /usr/X11R6/lib/X11/fonts/misc/, removing from list!
Could not init font path element /usr/X11R6/lib/X11/fonts/75dpi/, removing from list!
Could not init font path element /usr/X11R6/lib/X11/fonts/100dpi/, removing from list!
Could not init font path element /usr/share/fonts/X11/75dpi/, removing from list!
Could not init font path element /usr/share/fonts/X11/100dpi/, removing from list!
xrdb: No such file or directory
xrdb: can't open file '/home/is28/stanislavchuk28/.Xresources'
/usr/bin/startxfce4: X server already running on display :10
gpg-agent[7961]: WARNING: "--write-env-file" is an obsolete option - it has no effect
gpg-agent: a gpg-agent is already running - not starting a new one

(xfce4-session:7951): xfce4-session-WARNING **: 09:47:51.546: gpg-agent returned no PID in the variables

(xfce4-session:7951): xfce4-session-WARNING **: 09:47:51.548: xfsm_manager_load_session: Something wrong with /home/is28/stanislavchuk28/.cache/sessions/xfce4-session-virt-1:10, Does it exist? Permissions issue?

(xfwm4:7965): xfwm4-WARNING **: 09:47:51.574: The display does not support the XRender extension.

(xfwm4:7965): xfwm4-WARNING **: 09:47:51.574: The display does not support the XComposite extension.

(xfwm4:7965): xfwm4-WARNING **: 09:47:51.574: The display does not support the XDamage extension.

(xfwm4:7965): xfwm4-WARNING **: 09:47:51.574: The display does not support the XFixes extension.

(xfwm4:7965): xfwm4-WARNING **: 09:47:51.574: Compositing manager disabled.
(uint32 1,)

** (light-locker:7975): ERROR **: 09:47:51.611: Environment variable XDG_SESSION_PATH not set. Is LightDM running?

(polkit-gnome-authentication-agent-1:7977): GLib-CRITICAL **: 09:47:51.674: g_variant_new_string: assertion 'string != NULL' failed

(polkit-gnome-authentication-agent-1:7977): polkit-gnome-1-WARNING **: 09:47:51.674: Failed to register client: GDBus.Error:org.freedesktop.DBus.Error.ServiceUnknown: The name org.gnome.SessionManager was not provided by any .service files
xfwm4-Message: 09:47:51.693: Unsupported keyboard modifier '<Super>Tab'

(xfsettingsd:7974): xfsettingsd-CRITICAL **: 09:47:51.714: RANDR extension is too old, version 1.1. Display settings won't be applied.
Xlib:  extension "XInputExtension" missing on display ":10.0".

(xfsettingsd:7974): xfsettingsd-CRITICAL **: 09:47:51.716: XI is not present.

(xfsettingsd:7974): xfsettingsd-CRITICAL **: 09:47:51.717: Failed to initialize the Xkb extension.

(xfsettingsd:7974): xfsettingsd-CRITICAL **: 09:47:51.717: Failed to initialize the Accessibility extension.
xfwm4-Message: 09:47:51.774: Unsupported keyboard modifier '<Super>Tab'

(nm-applet:8061): Gtk-WARNING **: 09:47:52.163: Can't set a parent on widget which has a parent

(nm-applet:8061): Gdk-CRITICAL **: 09:47:52.284: gdk_window_thaw_toplevel_updates: assertion 'window->update_and_descendants_freeze_count > 0' failed

Thu Mar 12 09:48:02 2020
 Connections: accepted: 0.0.0.0::49281
 SConnection: Client needs protocol version 3.8
 SConnection: Client requests security type VncAuth(2)

Thu Mar 12 09:48:05 2020
 VNCSConnST:  Server default pixel format depth 16 (16bpp) little-endian rgb565
 VNCSConnST:  Client pixel format depth 16 (16bpp) little-endian rgb565
Gtk-Message: 09:48:12.772: GtkDialog mapped without a transient parent. This is discouraged.
/usr/lib/python3/dist-packages/blueman/plugins/applet/AppIndicator.py:8: PyGIWarning: AppIndicator3 was imported without specifying a version first. Use gi.require_version('AppIndicator3', '0.1') before import to ensure that the right version gets loaded.
  from gi.repository import AppIndicator3 as girAppIndicator
ERROR:dbus.proxies:Introspect error on org.bluez:/org/bluez: dbus.exceptions.DBusException: org.freedesktop.DBus.Error.AccessDenied: Rejected send message, 2 matched rules; type="method_call", sender=":1.370" (uid=1282 pid=8030 comm="/usr/bin/python3 /usr/bin/blueman-applet " label="unconfined") interface="org.freedesktop.DBus.Introspectable" member="Introspect" error name="(unset)" requested_reply="0" destination="org.bluez" (bus)
ERROR:dbus.proxies:Introspect error on org.bluez:/: dbus.exceptions.DBusException: org.freedesktop.DBus.Error.AccessDenied: Rejected send message, 2 matched rules; type="method_call", sender=":1.370" (uid=1282 pid=8030 comm="/usr/bin/python3 /usr/bin/blueman-applet " label="unconfined") interface="org.freedesktop.DBus.Introspectable" member="Introspect" error name="(unset)" requested_reply="0" destination="org.bluez" (bus)
ERROR:dbus.proxies:Introspect error on org.bluez:/: dbus.exceptions.DBusException: org.freedesktop.DBus.Error.AccessDenied: Rejected send message, 2 matched rules; type="method_call", sender=":1.370" (uid=1282 pid=8030 comm="/usr/bin/python3 /usr/bin/blueman-applet " label="unconfined") interface="org.freedesktop.DBus.Introspectable" member="Introspect" error name="(unset)" requested_reply="0" destination="org.bluez" (bus)

(wrapper-1.0:8146): Gdk-WARNING **: 09:51:53.668: /build/gtk+2.0-AoeliP/gtk+2.0-2.24.32/gdk/x11/gdkdrawable-x11.c:952 drawable is not a pixmap or window

(wrapper-1.0:8146): Gdk-WARNING **: 09:51:53.668: /build/gtk+2.0-AoeliP/gtk+2.0-2.24.32/gdk/x11/gdkdrawable-x11.c:952 drawable is not a pixmap or window

Thu Mar 12 09:55:32 2020
 XserverDesktop: Added unknown keysym 0x6ce to keycode 255
 XserverDesktop: Added unknown keysym 0x6cf to keycode 254
xfwm4-Message: 09:55:33.046: Unsupported keyboard modifier '<Super>Tab'

Thu Mar 12 09:55:33 2020
 XserverDesktop: Added unknown keysym 0x6cd to keycode 253
 XserverDesktop: Added unknown keysym 0x6c5 to keycode 252
xfwm4-Message: 09:55:33.486: Unsupported keyboard modifier '<Super>Tab'
 XserverDesktop: Added unknown keysym 0x6d2 to keycode 251
xfwm4-Message: 09:55:33.822: Unsupported keyboard modifier '<Super>Tab'

Thu Mar 12 09:55:34 2020
 XserverDesktop: Added unknown keysym 0x6d3 to keycode 250
xfwm4-Message: 09:55:35.142: Unsupported keyboard modifier '<Super>Tab'

Thu Mar 12 09:55:35 2020
 XserverDesktop: Added unknown keysym 0x6d1 to keycode 249
xfwm4-Message: 09:55:35.422: Unsupported keyboard modifier '<Super>Tab'
 XserverDesktop: Added unknown keysym 0x6c3 to keycode 248
xfwm4-Message: 09:55:35.909: Unsupported keyboard modifier '<Super>Tab'

Thu Mar 12 09:55:36 2020
 XserverDesktop: Added unknown keysym 0x6c1 to keycode 247
xfwm4-Message: 09:55:37.246: Unsupported keyboard modifier '<Super>Tab'

Thu Mar 12 09:55:37 2020
 XserverDesktop: Added unknown keysym 0x6d7 to keycode 246
xfwm4-Message: 09:55:37.734: Unsupported keyboard modifier '<Super>Tab'

Thu Mar 12 09:55:41 2020
 XserverDesktop: Added unknown keysym 0x6c7 to keycode 245
xfwm4-Message: 09:55:41.758: Unsupported keyboard modifier '<Super>Tab'

Thu Mar 12 09:55:42 2020
 XserverDesktop: Added unknown keysym 0x6c4 to keycode 244
xfwm4-Message: 09:55:42.318: Unsupported keyboard modifier '<Super>Tab'

(tracker-miner-fs:7979): Tracker-CRITICAL **: 09:56:32.988:   (Sparql buffer) Error in task 0 (file:///home/is28/stanislavchuk28/0.cpp) of the array-update: UNIQUE constraint failed: nie:DataObject.nie:url

(tracker-miner-fs:7979): Tracker-CRITICAL **: 09:56:32.988: Could not execute sparql: UNIQUE constraint failed: nie:DataObject.nie:url

(tracker-miner-fs:7979): Tracker-CRITICAL **: 09:56:57.395:   (Sparql buffer) Error in task 0 (file:///home/is28/stanislavchuk28/0.cpp) of the array-update: UNIQUE constraint failed: nie:DataObject.nie:url

(tracker-miner-fs:7979): Tracker-CRITICAL **: 09:56:57.395: Could not execute sparql: UNIQUE constraint failed: nie:DataObject.nie:url

(tracker-miner-fs:7979): Tracker-CRITICAL **: 09:56:57.879:   (Sparql buffer) Error in task 0 (file:///home/is28/stanislavchuk28/0.cpp) of the array-update: UNIQUE constraint failed: nie:DataObject.nie:url

(tracker-miner-fs:7979): Tracker-CRITICAL **: 09:56:57.879: Could not execute sparql: UNIQUE constraint failed: nie:DataObject.nie:url

(tracker-miner-fs:7979): Tracker-CRITICAL **: 09:56:58.055:   (Sparql buffer) Error in task 0 (file:///home/is28/stanislavchuk28/0.cpp) of the array-update: UNIQUE constraint failed: nie:DataObject.nie:url

(tracker-miner-fs:7979): Tracker-CRITICAL **: 09:56:58.055: Could not execute sparql: UNIQUE constraint failed: nie:DataObject.nie:url

(tracker-miner-fs:7979): Tracker-CRITICAL **: 09:58:19.441:   (Sparql buffer) Error in task 0 (file:///home/is28/stanislavchuk28/0.cpp) of the array-update: UNIQUE constraint failed: nie:DataObject.nie:url

(tracker-miner-fs:7979): Tracker-CRITICAL **: 09:58:19.441: Could not execute sparql: UNIQUE constraint failed: nie:DataObject.nie:url

(tracker-miner-fs:7979): Tracker-CRITICAL **: 09:58:38.552:   (Sparql buffer) Error in task 0 (file:///home/is28/stanislavchuk28/0.cpp) of the array-update: UNIQUE constraint failed: nie:DataObject.nie:url

(tracker-miner-fs:7979): Tracker-CRITICAL **: 09:58:38.552: Could not execute sparql: UNIQUE constraint failed: nie:DataObject.nie:url

(tracker-miner-fs:7979): Tracker-CRITICAL **: 09:59:06.470:   (Sparql buffer) Error in task 0 (file:///home/is28/stanislavchuk28/0.cpp) of the array-update: UNIQUE constraint failed: nie:DataObject.nie:url

(tracker-miner-fs:7979): Tracker-CRITICAL **: 09:59:06.470: Could not execute sparql: UNIQUE constraint failed: nie:DataObject.nie:url

Thu Mar 12 10:00:35 2020
 XserverDesktop: Added unknown keysym 0x6cc to keycode 243
xfwm4-Message: 10:00:35.407: Unsupported keyboard modifier '<Super>Tab'
 XserverDesktop: Added unknown keysym 0x6d6 to keycode 242
xfwm4-Message: 10:00:35.782: Unsupported keyboard modifier '<Super>Tab'

Thu Mar 12 10:00:44 2020
 XserverDesktop: Added unknown keysym 0x6d4 to keycode 241
xfwm4-Message: 10:00:44.559: Unsupported keyboard modifier '<Super>Tab'
 XserverDesktop: Added unknown keysym 0x6c2 to keycode 240
xfwm4-Message: 10:00:45.199: Unsupported keyboard modifier '<Super>Tab'

Thu Mar 12 10:00:45 2020
 XserverDesktop: Added unknown keysym 0x6d9 to keycode 239
xfwm4-Message: 10:00:45.798: Unsupported keyboard modifier '<Super>Tab'

Thu Mar 12 10:00:46 2020
 XserverDesktop: Added unknown keysym 0x6d8 to keycode 238
xfwm4-Message: 10:00:46.783: Unsupported keyboard modifier '<Super>Tab'

Thu Mar 12 10:00:49 2020
 XserverDesktop: Added unknown keysym 0x6cb to keycode 237
xfwm4-Message: 10:00:49.552: Unsupported keyboard modifier '<Super>Tab'

Thu Mar 12 10:00:56 2020
 XserverDesktop: Added unknown keysym 0x6c0 to keycode 236
xfwm4-Message: 10:00:56.399: Unsupported keyboard modifier '<Super>Tab'

Thu Mar 12 10:01:00 2020
 XserverDesktop: Added unknown keysym 0x6c9 to keycode 235
xfwm4-Message: 10:01:00.751: Unsupported keyboard modifier '<Super>Tab'

(tracker-miner-fs:7979): Tracker-CRITICAL **: 10:01:17.362:   (Sparql buffer) Error in task 0 (file:///home/is28/stanislavchuk28/0.cpp) of the array-update: UNIQUE constraint failed: nie:DataObject.nie:url

(tracker-miner-fs:7979): Tracker-CRITICAL **: 10:01:17.362: Could not execute sparql: UNIQUE constraint failed: nie:DataObject.nie:url

Thu Mar 12 10:06:47 2020
 XserverDesktop: Added unknown keysym 0x6db to keycode 234
xfwm4-Message: 10:06:47.383: Unsupported keyboard modifier '<Super>Tab'

Thu Mar 12 10:06:48 2020
 XserverDesktop: Added unknown keysym 0x6dd to keycode 233
xfwm4-Message: 10:06:48.577: Unsupported keyboard modifier '<Super>Tab'

(tracker-miner-fs:7979): Tracker-CRITICAL **: 10:22:02.724:   (Sparql buffer) Error in task 0 (file:///home/is28/stanislavchuk28/0.cpp) of the array-update: UNIQUE constraint failed: nie:DataObject.nie:url

(tracker-miner-fs:7979): Tracker-CRITICAL **: 10:22:02.724: Could not execute sparql: UNIQUE constraint failed: nie:DataObject.nie:url

(tracker-miner-fs:7979): Tracker-CRITICAL **: 10:22:54.888:   (Sparql buffer) Error in task 0 (file:///home/is28/stanislavchuk28/0.cpp) of the array-update: UNIQUE constraint failed: nie:DataObject.nie:url

(tracker-miner-fs:7979): Tracker-CRITICAL **: 10:22:54.888: Could not execute sparql: UNIQUE constraint failed: nie:DataObject.nie:url

(tracker-miner-fs:7979): Tracker-CRITICAL **: 10:28:33.475:   (Sparql buffer) Error in task 0 (file:///home/is28/stanislavchuk28/0.cpp) of the array-update: UNIQUE constraint failed: nie:DataObject.nie:url

(tracker-miner-fs:7979): Tracker-CRITICAL **: 10:28:33.475: Could not execute sparql: UNIQUE constraint failed: nie:DataObject.nie:url

Thu Mar 12 10:44:13 2020
 XserverDesktop: Added unknown keysym 0x6dc to keycode 232
xfwm4-Message: 10:44:13.509: Unsupported keyboard modifier '<Super>Tab'

Thu Mar 12 10:54:53 2020
 XserverDesktop: Added unknown keysym 0x6da to keycode 231
 XserverDesktop: Added unknown keysym 0xf3 to keycode 230
xfwm4-Message: 10:54:54.079: Unsupported keyboard modifier '<Super>Tab'

Thu Mar 12 10:55:40 2020
 XserverDesktop: Added unknown keysym 0x6d0 to keycode 229
xfwm4-Message: 10:55:40.439: Unsupported keyboard modifier '<Super>Tab'

Thu Mar 12 10:56:14 2020
 XserverDesktop: Added unknown keysym 0x6ff to keycode 228
xfwm4-Message: 10:56:15.007: Unsupported keyboard modifier '<Super>Tab'

(tracker-miner-fs:7979): Tracker-CRITICAL **: 10:56:52.314:   (Sparql buffer) Error in task 0 (file:///home/is28/stanislavchuk28/0.cpp) of the array-update: UNIQUE constraint failed: nie:DataObject.nie:url

(tracker-miner-fs:7979): Tracker-CRITICAL **: 10:56:52.314: Could not execute sparql: UNIQUE constraint failed: nie:DataObject.nie:url

(tracker-miner-fs:7979): Tracker-CRITICAL **: 10:57:09.141:   (Sparql buffer) Error in task 0 (file:///home/is28/stanislavchuk28/0.cpp) of the array-update: UNIQUE constraint failed: nie:DataObject.nie:url

(tracker-miner-fs:7979): Tracker-CRITICAL **: 10:57:09.141: Could not execute sparql: UNIQUE constraint failed: nie:DataObject.nie:url

Thu Mar 12 10:57:51 2020
 Connections: closed: 0.0.0.0::49281 (Clean disconnection)
 SMsgWriter:  framebuffer updates 8088
 SMsgWriter:    copyRect rects 1322, bytes 21152
 SMsgWriter:    hextile rects 17913, bytes 77970086
 SMsgWriter:    raw bytes equivalent 851475658, compression ratio 10.920543

(tracker-miner-fs:7979): Tracker-WARNING **: 22:01:27.287:   Could not create file:'/home/is28/stanislavchuk28/.cache/tracker/last-crawl.txt' failed, Failed to create file “/home/is28/stanislavchuk28/.cache/tracker/last-crawl.txt.XD5SH0”: No such file or directory

(tracker-miner-fs:7979): Tracker-WARNING **: 22:01:27.287:   Could not create file:'/home/is28/stanislavchuk28/.cache/tracker/last-crawl.txt' failed, Failed to create file “/home/is28/stanislavchuk28/.cache/tracker/last-crawl.txt.B84SH0”: No such file or directory

(tracker-miner-fs:7979): Tracker-WARNING **: 22:01:27.294:   Could not create file:'/home/is28/stanislavchuk28/.cache/tracker/last-crawl.txt' failed, Failed to create file “/home/is28/stanislavchuk28/.cache/tracker/last-crawl.txt.LE0SH0”: No such file or directory

(tracker-miner-fs:7979): Tracker-WARNING **: 22:01:27.294:   Could not create file:'/home/is28/stanislavchuk28/.cache/tracker/last-crawl.txt' failed, Failed to create file “/home/is28/stanislavchuk28/.cache/tracker/last-crawl.txt.SF0SH0”: No such file or directory

(tracker-miner-fs:7979): Tracker-WARNING **: 22:01:27.294:   Could not create file:'/home/is28/stanislavchuk28/.cache/tracker/last-crawl.txt' failed, Failed to create file “/home/is28/stanislavchuk28/.cache/tracker/last-crawl.txt.01ZSH0”: No such file or directory

(tracker-miner-fs:7979): Tracker-WARNING **: 22:01:27.294:   Could not create file:'/home/is28/stanislavchuk28/.cache/tracker/last-crawl.txt' failed, Failed to create file “/home/is28/stanislavchuk28/.cache/tracker/last-crawl.txt.3VZSH0”: No such file or directory

(tracker-miner-fs:7979): Tracker-WARNING **: 22:01:27.388:   Could not create file:'/home/is28/stanislavchuk28/.cache/tracker/last-crawl.txt' failed, Failed to create file “/home/is28/stanislavchuk28/.cache/tracker/last-crawl.txt.9ODSH0”: No such file or directory

(tracker-miner-fs:7979): Tracker-WARNING **: 22:01:27.388:   Could not create file:'/home/is28/stanislavchuk28/.cache/tracker/last-crawl.txt' failed, Failed to create file “/home/is28/stanislavchuk28/.cache/tracker/last-crawl.txt.TQDSH0”: No such file or directory

(Thunar:7971): thunarx-CRITICAL **: 22:01:27.395: thunarx_menu_provider_get_folder_actions: assertion 'thunarx_file_info_is_directory (folder)' failed

(Thunar:7971): thunarx-CRITICAL **: 22:01:27.395: thunarx_menu_provider_get_folder_actions: assertion 'thunarx_file_info_is_directory (folder)' failed

(Thunar:7971): thunarx-CRITICAL **: 22:01:27.395: thunarx_menu_provider_get_folder_actions: assertion 'thunarx_file_info_is_directory (folder)' failed

(tracker-miner-fs:7979): Tracker-WARNING **: 22:01:27.412:   Could not create file:'/home/is28/stanislavchuk28/.cache/tracker/last-crawl.txt' failed, Failed to create file “/home/is28/stanislavchuk28/.cache/tracker/last-crawl.txt.7JQVH0”: No such file or directory

(tracker-miner-fs:7979): Tracker-WARNING **: 22:01:27.412:   Could not create file:'/home/is28/stanislavchuk28/.cache/tracker/last-crawl.txt' failed, Failed to create file “/home/is28/stanislavchuk28/.cache/tracker/last-crawl.txt.CLQVH0”: No such file or directory

(tracker-miner-fs:7979): Tracker-WARNING **: 22:03:30.045:   Could not create file:'/home/is28/stanislavchuk28/.cache/tracker/last-crawl.txt' failed, Failed to create file “/home/is28/stanislavchuk28/.cache/tracker/last-crawl.txt.G5SNH0”: No such file or directory

(tracker-miner-fs:7979): Tracker-WARNING **: 22:03:30.045:   Could not create file:'/home/is28/stanislavchuk28/.cache/tracker/last-crawl.txt' failed, Failed to create file “/home/is28/stanislavchuk28/.cache/tracker/last-crawl.txt.W6SNH0”: No such file or directory

(tracker-miner-fs:7979): Tracker-WARNING **: 22:03:30.048:   Could not create file:'/home/is28/stanislavchuk28/.cache/tracker/last-crawl.txt' failed, Failed to create file “/home/is28/stanislavchuk28/.cache/tracker/last-crawl.txt.LEQNH0”: No such file or directory

(tracker-miner-fs:7979): Tracker-WARNING **: 22:03:30.048:   Could not create file:'/home/is28/stanislavchuk28/.cache/tracker/last-crawl.txt' failed, Failed to create file “/home/is28/stanislavchuk28/.cache/tracker/last-crawl.txt.63PNH0”: No such file or directory

(tracker-miner-fs:7979): Tracker-WARNING **: 22:03:30.050:   Could not create file:'/home/is28/stanislavchuk28/.cache/tracker/last-crawl.txt' failed, Failed to create file “/home/is28/stanislavchuk28/.cache/tracker/last-crawl.txt.TU1NH0”: No such file or directory

(tracker-miner-fs:7979): Tracker-WARNING **: 22:03:30.050:   Could not create file:'/home/is28/stanislavchuk28/.cache/tracker/last-crawl.txt' failed, Failed to create file “/home/is28/stanislavchuk28/.cache/tracker/last-crawl.txt.YV1NH0”: No such file or directory

(tracker-miner-fs:7979): Tracker-WARNING **: 22:03:30.053:   Could not create file:'/home/is28/stanislavchuk28/.cache/tracker/last-crawl.txt' failed, Failed to create file “/home/is28/stanislavchuk28/.cache/tracker/last-crawl.txt.7PZNH0”: No such file or directory

(tracker-miner-fs:7979): Tracker-WARNING **: 22:03:30.053:   Could not create file:'/home/is28/stanislavchuk28/.cache/tracker/last-crawl.txt' failed, Failed to create file “/home/is28/stanislavchuk28/.cache/tracker/last-crawl.txt.ADZNH0”: No such file or directory
