
Xvnc Free Edition 4.1.1 - built Feb 25 2015 23:02:21
Copyright (C) 2002-2005 RealVNC Ltd.
See http://www.realvnc.com for information on VNC.
Underlying X server release 40300000, The XFree86 Project, Inc


Fri Nov 15 10:16:13 2019
 vncext:      VNC extension running!
 vncext:      Listening for VNC connections on port 5903
 vncext:      created VNC server for screen 0
error opening security policy file /etc/X11/xserver/SecurityPolicy
Could not init font path element /usr/X11R6/lib/X11/fonts/Type1/, removing from list!
Could not init font path element /usr/X11R6/lib/X11/fonts/Speedo/, removing from list!
Could not init font path element /usr/X11R6/lib/X11/fonts/misc/, removing from list!
Could not init font path element /usr/X11R6/lib/X11/fonts/75dpi/, removing from list!
Could not init font path element /usr/X11R6/lib/X11/fonts/100dpi/, removing from list!
Could not init font path element /usr/share/fonts/X11/75dpi/, removing from list!
Could not init font path element /usr/share/fonts/X11/100dpi/, removing from list!
xrdb: No such file or directory
xrdb: can't open file '/home/is28/stanislavchuk28/.Xresources'
/usr/bin/startxfce4: X server already running on display :3
gpg-agent[24786]: WARNING: "--write-env-file" is an obsolete option - it has no effect
gpg-agent: a gpg-agent is already running - not starting a new one

(xfce4-session:24776): xfce4-session-WARNING **: 10:16:16.794: gpg-agent returned no PID in the variables

(xfce4-session:24776): xfce4-session-WARNING **: 10:16:16.826: xfsm_manager_load_session: Something wrong with /home/is28/stanislavchuk28/.cache/sessions/xfce4-session-virt-1:3, Does it exist? Permissions issue?

(xfwm4:24790): xfwm4-WARNING **: 10:16:16.853: The display does not support the XRender extension.

(xfwm4:24790): xfwm4-WARNING **: 10:16:16.853: The display does not support the XComposite extension.

(xfwm4:24790): xfwm4-WARNING **: 10:16:16.853: The display does not support the XDamage extension.

(xfwm4:24790): xfwm4-WARNING **: 10:16:16.853: The display does not support the XFixes extension.

(xfwm4:24790): xfwm4-WARNING **: 10:16:16.853: Compositing manager disabled.

** (light-locker:24799): ERROR **: 10:16:16.921: Environment variable XDG_SESSION_PATH not set. Is LightDM running?

(xfsettingsd:24800): xfsettingsd-CRITICAL **: 10:16:16.933: RANDR extension is too old, version 1.1. Display settings won't be applied.
Xlib:  extension "XInputExtension" missing on display ":3.0".

(xfsettingsd:24800): xfsettingsd-CRITICAL **: 10:16:16.934: XI is not present.

(xfsettingsd:24800): xfsettingsd-CRITICAL **: 10:16:16.934: Failed to initialize the Xkb extension.

(xfsettingsd:24800): xfsettingsd-CRITICAL **: 10:16:16.939: Failed to initialize the Accessibility extension.
(uint32 1,)

(polkit-gnome-authentication-agent-1:24802): GLib-CRITICAL **: 10:16:16.984: g_variant_new_string: assertion 'string != NULL' failed

(polkit-gnome-authentication-agent-1:24802): polkit-gnome-1-WARNING **: 10:16:16.994: Failed to register client: GDBus.Error:org.freedesktop.DBus.Error.ServiceUnknown: The name org.gnome.SessionManager was not provided by any .service files

(xfsettingsd:24800): xfsettingsd-WARNING **: 10:16:17.008: Failed to get the _NET_NUMBER_OF_DESKTOPS property.
xfwm4-Message: 10:16:17.065: Unsupported keyboard modifier '<Super>Tab'
xfwm4-Message: 10:16:17.133: Unsupported keyboard modifier '<Super>Tab'

(nm-applet:24859): Gtk-WARNING **: 10:16:17.227: Can't set a parent on widget which has a parent

(nm-applet:24859): Gdk-CRITICAL **: 10:16:17.377: gdk_window_thaw_toplevel_updates: assertion 'window->update_and_descendants_freeze_count > 0' failed

Fri Nov 15 10:16:26 2019
 Connections: accepted: 0.0.0.0::49893
 SConnection: Client needs protocol version 3.8
 SConnection: Client requests security type VncAuth(2)

Fri Nov 15 10:16:29 2019
 VNCSConnST:  Server default pixel format depth 16 (16bpp) little-endian rgb565
 VNCSConnST:  Client pixel format depth 16 (16bpp) little-endian rgb565
/usr/lib/python3/dist-packages/blueman/plugins/applet/AppIndicator.py:8: PyGIWarning: AppIndicator3 was imported without specifying a version first. Use gi.require_version('AppIndicator3', '0.1') before import to ensure that the right version gets loaded.
  from gi.repository import AppIndicator3 as girAppIndicator
ERROR:dbus.proxies:Introspect error on org.bluez:/org/bluez: dbus.exceptions.DBusException: org.freedesktop.DBus.Error.AccessDenied: Rejected send message, 2 matched rules; type="method_call", sender=":1.3062" (uid=1282 pid=24841 comm="/usr/bin/python3 /usr/bin/blueman-applet " label="unconfined") interface="org.freedesktop.DBus.Introspectable" member="Introspect" error name="(unset)" requested_reply="0" destination="org.bluez" (bus)
ERROR:dbus.proxies:Introspect error on org.bluez:/: dbus.exceptions.DBusException: org.freedesktop.DBus.Error.AccessDenied: Rejected send message, 2 matched rules; type="method_call", sender=":1.3062" (uid=1282 pid=24841 comm="/usr/bin/python3 /usr/bin/blueman-applet " label="unconfined") interface="org.freedesktop.DBus.Introspectable" member="Introspect" error name="(unset)" requested_reply="0" destination="org.bluez" (bus)
ERROR:dbus.proxies:Introspect error on org.bluez:/: dbus.exceptions.DBusException: org.freedesktop.DBus.Error.AccessDenied: Rejected send message, 2 matched rules; type="method_call", sender=":1.3062" (uid=1282 pid=24841 comm="/usr/bin/python3 /usr/bin/blueman-applet " label="unconfined") interface="org.freedesktop.DBus.Introspectable" member="Introspect" error name="(unset)" requested_reply="0" destination="org.bluez" (bus)

(Thunar:24796): Gdk-WARNING **: 10:16:56.798: gdk_window_set_icon_list: icons too large

(Thunar:24796): Gdk-WARNING **: 11:00:57.068: gdk_window_set_icon_list: icons too large

(polkit-gnome-authentication-agent-1:24802): polkit-gnome-1-WARNING **: 11:06:13.056: Couldn't open user icon: Failed to open file '/home/adom/.face': No such file or directory

(polkit-gnome-authentication-agent-1:24802): polkit-gnome-1-WARNING **: 11:06:13.057: Couldn't open user icon: Failed to open file '/home/test/.face': No such file or directory
Gtk-Message: 11:06:13.089: GtkDialog mapped without a transient parent. This is discouraged.

(Thunar:24796): Gdk-WARNING **: 11:24:15.681: gdk_window_set_icon_list: icons too large

(polkit-gnome-authentication-agent-1:24802): polkit-gnome-1-WARNING **: 11:24:19.653: Couldn't open user icon: Failed to open file '/home/adom/.face': No such file or directory

(polkit-gnome-authentication-agent-1:24802): polkit-gnome-1-WARNING **: 11:24:19.654: Couldn't open user icon: Failed to open file '/home/test/.face': No such file or directory
Gtk-Message: 11:24:19.660: GtkDialog mapped without a transient parent. This is discouraged.

(Thunar:24796): GLib-GIO-CRITICAL **: 11:24:21.183: g_file_hash: assertion 'G_IS_FILE (file)' failed

(Thunar:24796): GLib-GIO-CRITICAL **: 11:24:21.183: g_file_query_info_async: assertion 'G_IS_FILE (file)' failed

(Thunar:24796): GLib-GObject-CRITICAL **: 11:24:21.183: g_object_unref: assertion 'G_IS_OBJECT (object)' failed

(polkit-gnome-authentication-agent-1:24802): polkit-gnome-1-WARNING **: 11:24:22.177: Couldn't open user icon: Failed to open file '/home/adom/.face': No such file or directory

(polkit-gnome-authentication-agent-1:24802): polkit-gnome-1-WARNING **: 11:24:22.178: Couldn't open user icon: Failed to open file '/home/test/.face': No such file or directory
Gtk-Message: 11:24:22.185: GtkDialog mapped without a transient parent. This is discouraged.

(Thunar:24796): GLib-GIO-CRITICAL **: 11:24:23.710: g_file_hash: assertion 'G_IS_FILE (file)' failed

(Thunar:24796): GLib-GIO-CRITICAL **: 11:24:23.710: g_file_query_info_async: assertion 'G_IS_FILE (file)' failed

(Thunar:24796): GLib-GObject-CRITICAL **: 11:24:23.710: g_object_unref: assertion 'G_IS_OBJECT (object)' failed
AUDIT: Fri Nov 15 11:24:35 2019: 24760 Xvnc4: client 19 rejected from local host
No protocol specified
Unable to init server: Could not connect: Connection refused
Cannot parse arguments: Cannot open display: 
AUDIT: Fri Nov 15 11:25:20 2019: 24760 Xvnc4: client 19 rejected from local host
No protocol specified
Unable to init server: Could not connect: Connection refused
Cannot parse arguments: Cannot open display: 

(polkit-gnome-authentication-agent-1:24802): polkit-gnome-1-WARNING **: 11:25:27.410: Couldn't open user icon: Failed to open file '/home/adom/.face': No such file or directory

(polkit-gnome-authentication-agent-1:24802): polkit-gnome-1-WARNING **: 11:25:27.411: Couldn't open user icon: Failed to open file '/home/test/.face': No such file or directory
Gtk-Message: 11:25:27.418: GtkDialog mapped without a transient parent. This is discouraged.

(Thunar:24796): Gdk-WARNING **: 11:25:30.991: gdk_window_set_icon_list: icons too large
AUDIT: Fri Nov 15 11:25:57 2019: 24760 Xvnc4: client 19 rejected from local host
No protocol specified
Unable to init server: Could not connect: Connection refused
Cannot parse arguments: Cannot open display: 
AUDIT: Fri Nov 15 11:26:15 2019: 24760 Xvnc4: client 19 rejected from local host
No protocol specified
Unable to init server: Could not connect: Connection refused
Cannot parse arguments: Cannot open display: 
AUDIT: Fri Nov 15 11:26:20 2019: 24760 Xvnc4: client 19 rejected from local host
No protocol specified
Unable to init server: Could not connect: Connection refused
Cannot parse arguments: Cannot open display: 
AUDIT: Fri Nov 15 11:26:34 2019: 24760 Xvnc4: client 19 rejected from local host
No protocol specified
Unable to init server: Could not connect: Connection refused
Cannot parse arguments: Cannot open display: 
AUDIT: Fri Nov 15 11:27:05 2019: 24760 Xvnc4: client 19 rejected from local host
No protocol specified
Unable to init server: Could not connect: Connection refused
Cannot parse arguments: Cannot open display: 
AUDIT: Fri Nov 15 11:27:08 2019: 24760 Xvnc4: client 19 rejected from local host
No protocol specified
Unable to init server: Could not connect: Connection refused
Cannot parse arguments: Cannot open display: 
AUDIT: Fri Nov 15 11:27:29 2019: 24760 Xvnc4: client 19 rejected from local host
No protocol specified
Unable to init server: Could not connect: Connection refused
Cannot parse arguments: Cannot open display: 
AUDIT: Fri Nov 15 11:27:40 2019: 24760 Xvnc4: client 19 rejected from local host
No protocol specified
Unable to init server: Could not connect: Connection refused
Cannot parse arguments: Cannot open display: 
AUDIT: Fri Nov 15 11:27:50 2019: 24760 Xvnc4: client 19 rejected from local host
No protocol specified
Unable to init server: Could not connect: Connection refused
Cannot parse arguments: Cannot open display: 
AUDIT: Fri Nov 15 11:27:52 2019: 24760 Xvnc4: client 19 rejected from local host
No protocol specified
Unable to init server: Could not connect: Connection refused
Cannot parse arguments: Cannot open display: 
AUDIT: Fri Nov 15 11:27:57 2019: 24760 Xvnc4: client 19 rejected from local host
No protocol specified
Unable to init server: Could not connect: Connection refused
Cannot parse arguments: Cannot open display: 
AUDIT: Fri Nov 15 11:27:57 2019: 24760 Xvnc4: client 19 rejected from local host
No protocol specified
Unable to init server: Could not connect: Connection refused
Cannot parse arguments: Cannot open display: 
AUDIT: Fri Nov 15 11:28:03 2019: 24760 Xvnc4: client 19 rejected from local host
No protocol specified
Unable to init server: Could not connect: Connection refused
Cannot parse arguments: Cannot open display: 
AUDIT: Fri Nov 15 11:28:12 2019: 24760 Xvnc4: client 19 rejected from local host
No protocol specified
Unable to init server: Could not connect: Connection refused
Cannot parse arguments: Cannot open display: 
AUDIT: Fri Nov 15 11:28:16 2019: 24760 Xvnc4: client 19 rejected from local host
No protocol specified
Unable to init server: Could not connect: Connection refused
Cannot parse arguments: Cannot open display: 
AUDIT: Fri Nov 15 11:28:17 2019: 24760 Xvnc4: client 19 rejected from local host
No protocol specified
Unable to init server: Could not connect: Connection refused
Cannot parse arguments: Cannot open display: 
AUDIT: Fri Nov 15 11:28:27 2019: 24760 Xvnc4: client 19 rejected from local host
No protocol specified
Unable to init server: Could not connect: Connection refused
Cannot parse arguments: Cannot open display: 
AUDIT: Fri Nov 15 11:28:27 2019: 24760 Xvnc4: client 19 rejected from local host
No protocol specified
Unable to init server: Could not connect: Connection refused
Cannot parse arguments: Cannot open display: 
AUDIT: Fri Nov 15 11:28:30 2019: 24760 Xvnc4: client 19 rejected from local host
No protocol specified
Unable to init server: Could not connect: Connection refused
Cannot parse arguments: Cannot open display: 
AUDIT: Fri Nov 15 11:29:07 2019: 24760 Xvnc4: client 19 rejected from local host
No protocol specified
Unable to init server: Could not connect: Connection refused
Cannot parse arguments: Cannot open display: 
AUDIT: Fri Nov 15 11:29:08 2019: 24760 Xvnc4: client 19 rejected from local host
No protocol specified
Unable to init server: Could not connect: Connection refused
Cannot parse arguments: Cannot open display: 
AUDIT: Fri Nov 15 11:29:16 2019: 24760 Xvnc4: client 19 rejected from local host
No protocol specified
Unable to init server: Could not connect: Connection refused
Cannot parse arguments: Cannot open display: 
AUDIT: Fri Nov 15 11:30:32 2019: 24760 Xvnc4: client 19 rejected from local host
No protocol specified
Unable to init server: Could not connect: Connection refused
Cannot parse arguments: Cannot open display: 
Xlib:  extension "XINERAMA" missing on display ":3.0".
func=xmlSecCheckVersionExt:file=xmlsec.c:line=188:obj=unknown:subj=unknown:error=19:invalid version:mode=abi compatible;expected minor version=2;real minor version=2;expected subminor version=25;real subminor version=26
AUDIT: Fri Nov 15 11:30:48 2019: 24760 Xvnc4: client 19 rejected from local host
No protocol specified
Unable to init server: Could not connect: Connection refused
Cannot parse arguments: Cannot open display: 

(Thunar:24796): Gdk-WARNING **: 11:34:20.019: gdk_window_set_icon_list: icons too large
Xlib:  extension "XINERAMA" missing on display ":3.0".
func=xmlSecCheckVersionExt:file=xmlsec.c:line=188:obj=unknown:subj=unknown:error=19:invalid version:mode=abi compatible;expected minor version=2;real minor version=2;expected subminor version=25;real subminor version=26

Fri Nov 15 11:35:04 2019
 Connections: closed: 0.0.0.0::49893 (Clean disconnection)
 SMsgWriter:  framebuffer updates 22610
 SMsgWriter:    copyRect rects 5757, bytes 92112
 SMsgWriter:    hextile rects 169713, bytes 97418958
 SMsgWriter:    raw bytes equivalent -1944803258, compression ratio -19.963294

Fri Nov 15 11:35:23 2019
 Connections: accepted: 0.0.0.0::50142
 SConnection: Client needs protocol version 3.8
 SConnection: Client requests security type VncAuth(2)

Fri Nov 15 11:35:27 2019
 VNCSConnST:  Server default pixel format depth 16 (16bpp) little-endian rgb565
 VNCSConnST:  Client pixel format depth 16 (16bpp) little-endian rgb565

(Thunar:24796): Gdk-WARNING **: 11:38:31.513: gdk_window_set_icon_list: icons too large

(Thunar:24796): Gdk-WARNING **: 11:39:09.412: gdk_window_set_icon_list: icons too large

(Thunar:24796): Gdk-WARNING **: 11:40:30.139: gdk_window_set_icon_list: icons too large
Xlib:  extension "XINERAMA" missing on display ":3.0".
func=xmlSecCheckVersionExt:file=xmlsec.c:line=188:obj=unknown:subj=unknown:error=19:invalid version:mode=abi compatible;expected minor version=2;real minor version=2;expected subminor version=25;real subminor version=26
Xlib:  extension "XINERAMA" missing on display ":3.0".
func=xmlSecCheckVersionExt:file=xmlsec.c:line=188:obj=unknown:subj=unknown:error=19:invalid version:mode=abi compatible;expected minor version=2;real minor version=2;expected subminor version=25;real subminor version=26

(Thunar:24796): Gdk-WARNING **: 12:14:24.174: gdk_window_set_icon_list: icons too large
func=xmlSecCheckVersionExt:file=xmlsec.c:line=188:obj=unknown:subj=unknown:error=19:invalid version:mode=abi compatible;expected minor version=2;real minor version=2;expected subminor version=25;real subminor version=26

Fri Nov 15 12:37:30 2019
 Connections: closed: 0.0.0.0::50142 (Clean disconnection)
 SMsgWriter:  framebuffer updates 5301
 SMsgWriter:    copyRect rects 2830, bytes 45280
 SMsgWriter:    hextile rects 611079, bytes 104934287
 SMsgWriter:    raw bytes equivalent 973642016, compression ratio 9.278588

(xfdesktop:24798): libxfce4ui-WARNING **: 13:43:48.249: ICE I/O Error

(xfdesktop:24798): libxfce4ui-WARNING **: 13:43:56.446: Disconnected from session manager.
xfwm4: Fatal IO error 4 (Interrupted system call) on X server :3.0.
xfdesktop: Fatal IO error 25 (Inappropriate ioctl for device) on X server :3.0.
