
Xvnc Free Edition 4.1.1 - built Jul 31 2015 19:10:31
Copyright (C) 2002-2005 RealVNC Ltd.
See http://www.realvnc.com for information on VNC.
Underlying X server release 40300000, The XFree86 Project, Inc


Fri Sep  6 12:24:45 2019
 vncext:      VNC extension running!
 vncext:      Listening for VNC connections on port 5920
 vncext:      created VNC server for screen 0
error opening security policy file /etc/X11/xserver/SecurityPolicy
Could not init font path element /usr/X11R6/lib/X11/fonts/Type1/, removing from list!
Could not init font path element /usr/X11R6/lib/X11/fonts/Speedo/, removing from list!
Could not init font path element /usr/X11R6/lib/X11/fonts/misc/, removing from list!
Could not init font path element /usr/X11R6/lib/X11/fonts/75dpi/, removing from list!
Could not init font path element /usr/X11R6/lib/X11/fonts/100dpi/, removing from list!
Could not init font path element /usr/share/fonts/X11/75dpi/, removing from list!
Could not init font path element /usr/share/fonts/X11/100dpi/, removing from list!
Option "--login" is no longer supported in this version of gnome-terminal; you might want to create a profile with the desired setting, and use the new '--profile' option

(gnome-terminal:34337): GLib-GIO-CRITICAL **: g_settings_get: the format string may not contain '&' (key 'monospace-font-name' from schema 'org.gnome.desktop.interface'). This call will probably stop working with a future version of glib.

(gnome-terminal:34337): Vte-2.90-WARNING **: Unable to convert characters from текущая to X-VTE-GUNICHAR.
Unhandled value type TerminalEncoding of pspec encoding

Fri Sep  6 12:24:50 2019
 Connections: accepted: 0.0.0.0::50292
 SConnection: Client needs protocol version 3.8
 SConnection: Client requests security type VncAuth(2)

(x-window-manager:34338): xfwm4-WARNING **: The display does not support the XRender extension.

(x-window-manager:34338): xfwm4-WARNING **: The display does not support the XComposite extension.

(x-window-manager:34338): xfwm4-WARNING **: The display does not support the XDamage extension.

(x-window-manager:34338): xfwm4-WARNING **: The display does not support the XFixes extension.

(x-window-manager:34338): xfwm4-WARNING **: Compositing manager disabled.

(x-window-manager:34338): xfwm4-WARNING **: Failed to connect to session manager: Не удалось подключиться к менеджеру сеансов: SESSION_MANAGER environment variable not defined

Fri Sep  6 12:24:53 2019
 VNCSConnST:  Server default pixel format depth 16 (16bpp) little-endian rgb565
 VNCSConnST:  Client pixel format depth 16 (16bpp) little-endian rgb565

Fri Sep  6 12:26:51 2019
 XserverDesktop: Added unknown keysym 0x6f7 to keycode 255
 XserverDesktop: Added unknown keysym 0x6c1 to keycode 254

Fri Sep  6 12:26:52 2019
 XserverDesktop: Added unknown keysym 0x6cc to keycode 253
 XserverDesktop: Added unknown keysym 0x6d1 to keycode 252

Fri Sep  6 12:26:55 2019
 XserverDesktop: Added unknown keysym 0x6c4 to keycode 251

Fri Sep  6 12:27:10 2019
 XserverDesktop: Added unknown keysym 0x6c9 to keycode 250
 XserverDesktop: Added unknown keysym 0x6d0 to keycode 249
 XserverDesktop: Added unknown keysym 0x6c7 to keycode 248
 XserverDesktop: Added unknown keysym 0x6d2 to keycode 247
 XserverDesktop: Added unknown keysym 0x6d9 to keycode 246

Fri Sep  6 12:27:28 2019
 XserverDesktop: Added unknown keysym 0x6c5 to keycode 245

Fri Sep  6 12:27:30 2019
 XserverDesktop: Added unknown keysym 0x6d4 to keycode 244
 XserverDesktop: Added unknown keysym 0x6c6 to keycode 243

Fri Sep  6 12:27:31 2019
 XserverDesktop: Added unknown keysym 0x6cb to keycode 242

Fri Sep  6 12:37:50 2019
 Connections: closed: 0.0.0.0::50292 (read: Connection reset by peer (104))

Fri Sep  6 12:37:51 2019
 SMsgWriter:  framebuffer updates 1683
 SMsgWriter:    copyRect rects 213, bytes 3408
 SMsgWriter:    hextile rects 13729, bytes 24900692
 SMsgWriter:    raw bytes equivalent 282661708, compression ratio 11.351560
