
Xvnc Free Edition 4.1.1 - built Feb 25 2015 23:02:21
Copyright (C) 2002-2005 RealVNC Ltd.
See http://www.realvnc.com for information on VNC.
Underlying X server release 40300000, The XFree86 Project, Inc


Fri Oct 18 12:13:22 2019
 vncext:      VNC extension running!
 vncext:      Listening for VNC connections on port 5921
 vncext:      created VNC server for screen 0
error opening security policy file /etc/X11/xserver/SecurityPolicy
Could not init font path element /usr/X11R6/lib/X11/fonts/Type1/, removing from list!
Could not init font path element /usr/X11R6/lib/X11/fonts/Speedo/, removing from list!
Could not init font path element /usr/X11R6/lib/X11/fonts/misc/, removing from list!
Could not init font path element /usr/X11R6/lib/X11/fonts/75dpi/, removing from list!
Could not init font path element /usr/X11R6/lib/X11/fonts/100dpi/, removing from list!
Could not init font path element /usr/share/fonts/X11/75dpi/, removing from list!
Could not init font path element /usr/share/fonts/X11/100dpi/, removing from list!

(x-window-manager:12184): xfwm4-WARNING **: 12:13:25.038: The display does not support the XRender extension.

(x-window-manager:12184): xfwm4-WARNING **: 12:13:25.038: The display does not support the XComposite extension.

(x-window-manager:12184): xfwm4-WARNING **: 12:13:25.038: The display does not support the XDamage extension.

(x-window-manager:12184): xfwm4-WARNING **: 12:13:25.038: The display does not support the XFixes extension.

(x-window-manager:12184): xfwm4-WARNING **: 12:13:25.038: Compositing manager disabled.
xfwm4-Message: 12:13:25.065: Unsupported keyboard modifier '<Super>Tab'

(x-window-manager:12184): xfwm4-WARNING **: 12:13:25.071: Failed to connect to session manager: Failed to connect to the session manager: SESSION_MANAGER environment variable not defined
Failed to connect to session manager: Failed to connect to the session manager: SESSION_MANAGER environment variable not defined

Fri Oct 18 12:13:31 2019
 Connections: accepted: 0.0.0.0::50756
 SConnection: Client needs protocol version 3.8
 SConnection: Client requests security type VncAuth(2)

Fri Oct 18 12:13:38 2019
 VNCSConnST:  Server default pixel format depth 16 (16bpp) little-endian rgb565
 VNCSConnST:  Client pixel format depth 16 (16bpp) little-endian rgb565

Fri Oct 18 12:25:20 2019
 Connections: accepted: 0.0.0.0::49432
 SConnection: Client needs protocol version 3.8
 SConnection: Client requests security type VncAuth(2)

Fri Oct 18 12:25:29 2019
 VNCSConnST:  Server default pixel format depth 16 (16bpp) little-endian rgb565
 VNCSConnST:  Client pixel format depth 16 (16bpp) little-endian rgb565

Fri Oct 18 12:29:26 2019
 Connections: closed: 0.0.0.0::49432 (Clean disconnection)
 SMsgWriter:  framebuffer updates 431
 SMsgWriter:    copyRect rects 11, bytes 176
 SMsgWriter:    hextile rects 2208, bytes 2876794
 SMsgWriter:    raw bytes equivalent 56913556, compression ratio 19.783674

Fri Oct 18 12:39:19 2019
 Connections: accepted: 0.0.0.0::49449
 SConnection: Client needs protocol version 3.8
 SConnection: Client requests security type VncAuth(2)

Fri Oct 18 12:39:26 2019
 VNCSConnST:  Server default pixel format depth 16 (16bpp) little-endian rgb565
 VNCSConnST:  Client pixel format depth 16 (16bpp) little-endian rgb565

Fri Oct 18 12:41:05 2019
 Connections: closed: 0.0.0.0::49449 (Clean disconnection)
 SMsgWriter:  framebuffer updates 262
 SMsgWriter:    hextile rects 800, bytes 2278045
 SMsgWriter:    raw bytes equivalent 22186500, compression ratio 9.739272

Fri Oct 18 12:43:42 2019
 Connections: closed: 0.0.0.0::50756 (read: Connection reset by peer (104))
 SMsgWriter:  framebuffer updates 9181
 SMsgWriter:    copyRect rects 3101, bytes 49616
 SMsgWriter:    hextile rects 30561, bytes 33624498
 SMsgWriter:    raw bytes equivalent 386644578, compression ratio 11.498895
x-window-manager: Fatal IO error 4 (Interrupted system call) on X server :21.
