
Xvnc Free Edition 4.1.1 - built Feb 25 2015 23:02:21
Copyright (C) 2002-2005 RealVNC Ltd.
See http://www.realvnc.com for information on VNC.
Underlying X server release 40300000, The XFree86 Project, Inc


Wed Nov 27 11:42:19 2019
 vncext:      VNC extension running!
 vncext:      Listening for VNC connections on port 5925
 vncext:      created VNC server for screen 0
error opening security policy file /etc/X11/xserver/SecurityPolicy
Could not init font path element /usr/X11R6/lib/X11/fonts/Type1/, removing from list!
Could not init font path element /usr/X11R6/lib/X11/fonts/Speedo/, removing from list!
Could not init font path element /usr/X11R6/lib/X11/fonts/misc/, removing from list!
Could not init font path element /usr/X11R6/lib/X11/fonts/75dpi/, removing from list!
Could not init font path element /usr/X11R6/lib/X11/fonts/100dpi/, removing from list!
Could not init font path element /usr/share/fonts/X11/75dpi/, removing from list!
Could not init font path element /usr/share/fonts/X11/100dpi/, removing from list!
xrdb: No such file or directory
xrdb: can't open file '/home/is28/vyacheslavleva28/.Xresources'
/usr/bin/startxfce4: X server already running on display :25
gpg-agent[52385]: WARNING: "--write-env-file" is an obsolete option - it has no effect
gpg-agent: a gpg-agent is already running - not starting a new one

(xfce4-session:52375): xfce4-session-WARNING **: 11:42:23.349: gpg-agent returned no PID in the variables

(xfce4-session:52375): xfce4-session-WARNING **: 11:42:23.360: xfsm_manager_load_session: Something wrong with /home/is28/vyacheslavleva28/.cache/sessions/xfce4-session-virt-1:25, Does it exist? Permissions issue?

(xfwm4:52389): xfwm4-WARNING **: 11:42:23.428: The display does not support the XRender extension.

(xfwm4:52389): xfwm4-WARNING **: 11:42:23.428: The display does not support the XComposite extension.

(xfwm4:52389): xfwm4-WARNING **: 11:42:23.428: The display does not support the XDamage extension.

(xfwm4:52389): xfwm4-WARNING **: 11:42:23.428: The display does not support the XFixes extension.

(xfwm4:52389): xfwm4-WARNING **: 11:42:23.428: Compositing manager disabled.

** (light-locker:52400): ERROR **: 11:42:23.594: Environment variable XDG_SESSION_PATH not set. Is LightDM running?

(polkit-gnome-authentication-agent-1:52417): GLib-CRITICAL **: 11:42:23.626: g_variant_new_string: assertion 'string != NULL' failed

(polkit-gnome-authentication-agent-1:52417): polkit-gnome-1-WARNING **: 11:42:23.627: Failed to register client: GDBus.Error:org.freedesktop.DBus.Error.ServiceUnknown: The name org.gnome.SessionManager was not provided by any .service files
xfwm4-Message: 11:42:23.906: Unsupported keyboard modifier '<Super>Tab'
(uint32 1,)

(xfsettingsd:52401): xfsettingsd-CRITICAL **: 11:42:24.883: RANDR extension is too old, version 1.1. Display settings won't be applied.
Xlib:  extension "XInputExtension" missing on display ":25.0".

(xfsettingsd:52401): xfsettingsd-CRITICAL **: 11:42:24.884: XI is not present.

(xfsettingsd:52401): xfsettingsd-CRITICAL **: 11:42:24.885: Failed to initialize the Xkb extension.

(xfsettingsd:52401): xfsettingsd-CRITICAL **: 11:42:24.885: Failed to initialize the Accessibility extension.
xfwm4-Message: 11:42:25.006: Unsupported keyboard modifier '<Super>Tab'

(nm-applet:52554): Gtk-WARNING **: 11:42:25.327: Can't set a parent on widget which has a parent

(nm-applet:52554): Gdk-CRITICAL **: 11:42:26.006: gdk_window_thaw_toplevel_updates: assertion 'window->update_and_descendants_freeze_count > 0' failed

Wed Nov 27 11:42:31 2019
 Connections: accepted: 0.0.0.0::50058
 SConnection: Client needs protocol version 3.8
 SConnection: Client requests security type VncAuth(2)

Wed Nov 27 11:42:38 2019
 VNCSConnST:  Server default pixel format depth 16 (16bpp) little-endian rgb565
 VNCSConnST:  Client pixel format depth 16 (16bpp) little-endian rgb565
/usr/lib/python3/dist-packages/blueman/plugins/applet/AppIndicator.py:8: PyGIWarning: AppIndicator3 was imported without specifying a version first. Use gi.require_version('AppIndicator3', '0.1') before import to ensure that the right version gets loaded.
  from gi.repository import AppIndicator3 as girAppIndicator
ERROR:dbus.proxies:Introspect error on org.bluez:/org/bluez: dbus.exceptions.DBusException: org.freedesktop.DBus.Error.AccessDenied: Rejected send message, 2 matched rules; type="method_call", sender=":1.2425" (uid=1268 pid=52544 comm="/usr/bin/python3 /usr/bin/blueman-applet " label="unconfined") interface="org.freedesktop.DBus.Introspectable" member="Introspect" error name="(unset)" requested_reply="0" destination="org.bluez" (bus)
ERROR:dbus.proxies:Introspect error on org.bluez:/: dbus.exceptions.DBusException: org.freedesktop.DBus.Error.AccessDenied: Rejected send message, 2 matched rules; type="method_call", sender=":1.2425" (uid=1268 pid=52544 comm="/usr/bin/python3 /usr/bin/blueman-applet " label="unconfined") interface="org.freedesktop.DBus.Introspectable" member="Introspect" error name="(unset)" requested_reply="0" destination="org.bluez" (bus)
ERROR:dbus.proxies:Introspect error on org.bluez:/: dbus.exceptions.DBusException: org.freedesktop.DBus.Error.AccessDenied: Rejected send message, 2 matched rules; type="method_call", sender=":1.2425" (uid=1268 pid=52544 comm="/usr/bin/python3 /usr/bin/blueman-applet " label="unconfined") interface="org.freedesktop.DBus.Introspectable" member="Introspect" error name="(unset)" requested_reply="0" destination="org.bluez" (bus)

(blueman-applet:52544): Gdk-CRITICAL **: 11:42:40.672: gdk_window_thaw_toplevel_updates: assertion 'window->update_and_descendants_freeze_count > 0' failed

Wed Nov 27 11:47:51 2019
 VNCSConnST:  Client pixel format depth 16 (16bpp) little-endian rgb565

Wed Nov 27 11:49:10 2019
 VNCSConnST:  Client pixel format depth 16 (16bpp) little-endian rgb565
