
Xvnc Free Edition 4.1.1 - built Feb 25 2015 23:02:21
Copyright (C) 2002-2005 RealVNC Ltd.
See http://www.realvnc.com for information on VNC.
Underlying X server release 40300000, The XFree86 Project, Inc


Fri Nov  1 11:25:02 2019
 vncext:      VNC extension running!
 vncext:      Listening for VNC connections on port 5924
 vncext:      created VNC server for screen 0
error opening security policy file /etc/X11/xserver/SecurityPolicy
Could not init font path element /usr/X11R6/lib/X11/fonts/Type1/, removing from list!
Could not init font path element /usr/X11R6/lib/X11/fonts/Speedo/, removing from list!
Could not init font path element /usr/X11R6/lib/X11/fonts/misc/, removing from list!
Could not init font path element /usr/X11R6/lib/X11/fonts/75dpi/, removing from list!
Could not init font path element /usr/X11R6/lib/X11/fonts/100dpi/, removing from list!
Could not init font path element /usr/share/fonts/X11/75dpi/, removing from list!
Could not init font path element /usr/share/fonts/X11/100dpi/, removing from list!
xrdb: No such file or directory
xrdb: can't open file '/home/is28/vyacheslavleva28/.Xresources'
/usr/bin/startxfce4: X server already running on display :24
gpg-agent[3359]: WARNING: "--write-env-file" is an obsolete option - it has no effect
gpg-agent: a gpg-agent is already running - not starting a new one

(xfce4-session:3349): xfce4-session-WARNING **: 11:25:06.030: gpg-agent returned no PID in the variables

(xfce4-session:3349): xfce4-session-WARNING **: 11:25:06.036: xfsm_manager_load_session: Something wrong with /home/is28/vyacheslavleva28/.cache/sessions/xfce4-session-virt-1:24, Does it exist? Permissions issue?

(xfwm4:3363): xfwm4-WARNING **: 11:25:06.195: The display does not support the XRender extension.

(xfwm4:3363): xfwm4-WARNING **: 11:25:06.195: The display does not support the XComposite extension.

(xfwm4:3363): xfwm4-WARNING **: 11:25:06.195: The display does not support the XDamage extension.

(xfwm4:3363): xfwm4-WARNING **: 11:25:06.195: The display does not support the XFixes extension.

(xfwm4:3363): xfwm4-WARNING **: 11:25:06.195: Compositing manager disabled.

** (light-locker:3376): ERROR **: 11:25:06.431: Environment variable XDG_SESSION_PATH not set. Is LightDM running?

(polkit-gnome-authentication-agent-1:3383): GLib-CRITICAL **: 11:25:06.451: g_variant_new_string: assertion 'string != NULL' failed

(polkit-gnome-authentication-agent-1:3383): polkit-gnome-1-WARNING **: 11:25:06.452: Failed to register client: GDBus.Error:org.freedesktop.DBus.Error.ServiceUnknown: The name org.gnome.SessionManager was not provided by any .service files
xfwm4-Message: 11:25:07.049: Unsupported keyboard modifier '<Super>Tab'
(uint32 1,)

(xfsettingsd:3372): xfsettingsd-CRITICAL **: 11:25:09.447: RANDR extension is too old, version 1.1. Display settings won't be applied.
Xlib:  extension "XInputExtension" missing on display ":24.0".

(xfsettingsd:3372): xfsettingsd-CRITICAL **: 11:25:09.447: XI is not present.

(xfsettingsd:3372): xfsettingsd-CRITICAL **: 11:25:09.448: Failed to initialize the Xkb extension.

(xfsettingsd:3372): xfsettingsd-CRITICAL **: 11:25:09.448: Failed to initialize the Accessibility extension.
xfwm4-Message: 11:25:09.823: Unsupported keyboard modifier '<Super>Tab'

(nm-applet:3641): Gtk-WARNING **: 11:25:10.671: Can't set a parent on widget which has a parent

(nm-applet:3641): Gdk-CRITICAL **: 11:25:11.650: gdk_window_thaw_toplevel_updates: assertion 'window->update_and_descendants_freeze_count > 0' failed

Fri Nov  1 11:25:19 2019
 Connections: accepted: 0.0.0.0::50111
 SConnection: Client needs protocol version 3.8
 SConnection: Client requests security type VncAuth(2)

Fri Nov  1 11:25:26 2019
 VNCSConnST:  Server default pixel format depth 16 (16bpp) little-endian rgb565
 VNCSConnST:  Client pixel format depth 16 (16bpp) little-endian rgb565
/usr/lib/python3/dist-packages/blueman/plugins/applet/AppIndicator.py:8: PyGIWarning: AppIndicator3 was imported without specifying a version first. Use gi.require_version('AppIndicator3', '0.1') before import to ensure that the right version gets loaded.
  from gi.repository import AppIndicator3 as girAppIndicator
ERROR:dbus.proxies:Introspect error on org.bluez:/org/bluez: dbus.exceptions.DBusException: org.freedesktop.DBus.Error.AccessDenied: Rejected send message, 2 matched rules; type="method_call", sender=":1.1316" (uid=1268 pid=3628 comm="/usr/bin/python3 /usr/bin/blueman-applet " label="unconfined") interface="org.freedesktop.DBus.Introspectable" member="Introspect" error name="(unset)" requested_reply="0" destination="org.bluez" (bus)
ERROR:dbus.proxies:Introspect error on org.bluez:/: dbus.exceptions.DBusException: org.freedesktop.DBus.Error.AccessDenied: Rejected send message, 2 matched rules; type="method_call", sender=":1.1316" (uid=1268 pid=3628 comm="/usr/bin/python3 /usr/bin/blueman-applet " label="unconfined") interface="org.freedesktop.DBus.Introspectable" member="Introspect" error name="(unset)" requested_reply="0" destination="org.bluez" (bus)
ERROR:dbus.proxies:Introspect error on org.bluez:/: dbus.exceptions.DBusException: org.freedesktop.DBus.Error.AccessDenied: Rejected send message, 2 matched rules; type="method_call", sender=":1.1316" (uid=1268 pid=3628 comm="/usr/bin/python3 /usr/bin/blueman-applet " label="unconfined") interface="org.freedesktop.DBus.Introspectable" member="Introspect" error name="(unset)" requested_reply="0" destination="org.bluez" (bus)

(wrapper-1.0:3694): Gdk-WARNING **: 11:25:39.016: /build/gtk+2.0-AoeliP/gtk+2.0-2.24.32/gdk/x11/gdkdrawable-x11.c:952 drawable is not a pixmap or window

(blueman-applet:3628): Gdk-CRITICAL **: 11:25:39.032: gdk_window_thaw_toplevel_updates: assertion 'window->update_and_descendants_freeze_count > 0' failed

(Thunar:3369): Gdk-WARNING **: 11:26:14.005: gdk_window_set_icon_list: icons too large
Xlib:  extension "XINERAMA" missing on display ":24.0".
func=xmlSecCheckVersionExt:file=xmlsec.c:line=188:obj=unknown:subj=unknown:error=19:invalid version:mode=abi compatible;expected minor version=2;real minor version=2;expected subminor version=25;real subminor version=26

(soffice:4655): GLib-GObject-WARNING **: 11:26:26.020: ../../../../gobject/gsignal.c:3492: signal name 'selection_changed' is invalid for instance '0x5573c522d6a0' of type 'OOoAtkObjCompTxt'
func=xmlSecCheckVersionExt:file=xmlsec.c:line=188:obj=unknown:subj=unknown:error=19:invalid version:mode=abi compatible;expected minor version=2;real minor version=2;expected subminor version=25;real subminor version=26

Fri Nov  1 11:34:44 2019
 VNCSConnST:  Client pixel format depth 16 (16bpp) little-endian rgb565

Fri Nov  1 11:35:53 2019
 VNCSConnST:  Client pixel format depth 16 (16bpp) little-endian rgb565

Fri Nov  1 11:37:22 2019
 VNCSConnST:  Client pixel format depth 16 (16bpp) little-endian rgb565

Fri Nov  1 11:38:30 2019
 VNCSConnST:  Client pixel format depth 16 (16bpp) little-endian rgb565
