
Xvnc Free Edition 4.1.1 - built Feb 25 2015 23:02:21
Copyright (C) 2002-2005 RealVNC Ltd.
See http://www.realvnc.com for information on VNC.
Underlying X server release 40300000, The XFree86 Project, Inc


Fri Nov  1 11:44:15 2019
 vncext:      VNC extension running!
 vncext:      Listening for VNC connections on port 5915
 vncext:      created VNC server for screen 0
error opening security policy file /etc/X11/xserver/SecurityPolicy
Could not init font path element /usr/X11R6/lib/X11/fonts/Type1/, removing from list!
Could not init font path element /usr/X11R6/lib/X11/fonts/Speedo/, removing from list!
Could not init font path element /usr/X11R6/lib/X11/fonts/misc/, removing from list!
Could not init font path element /usr/X11R6/lib/X11/fonts/75dpi/, removing from list!
Could not init font path element /usr/X11R6/lib/X11/fonts/100dpi/, removing from list!
Could not init font path element /usr/share/fonts/X11/75dpi/, removing from list!
Could not init font path element /usr/share/fonts/X11/100dpi/, removing from list!
xrdb: No such file or directory
xrdb: can't open file '/home/is28/vyacheslavleva28/.Xresources'
/usr/bin/startxfce4: X server already running on display :15
gpg-agent[11774]: WARNING: "--write-env-file" is an obsolete option - it has no effect
gpg-agent: a gpg-agent is already running - not starting a new one

(xfce4-session:11764): xfce4-session-WARNING **: 11:44:18.561: gpg-agent returned no PID in the variables

(xfce4-session:11764): xfce4-session-WARNING **: 11:44:18.563: xfsm_manager_load_session: Something wrong with /home/is28/vyacheslavleva28/.cache/sessions/xfce4-session-virt-1:15, Does it exist? Permissions issue?

(xfwm4:11778): xfwm4-WARNING **: 11:44:18.591: The display does not support the XRender extension.

(xfwm4:11778): xfwm4-WARNING **: 11:44:18.591: The display does not support the XComposite extension.

(xfwm4:11778): xfwm4-WARNING **: 11:44:18.591: The display does not support the XDamage extension.

(xfwm4:11778): xfwm4-WARNING **: 11:44:18.591: The display does not support the XFixes extension.

(xfwm4:11778): xfwm4-WARNING **: 11:44:18.591: Compositing manager disabled.
(uint32 1,)

** (light-locker:11787): ERROR **: 11:44:18.657: Environment variable XDG_SESSION_PATH not set. Is LightDM running?
xfwm4-Message: 11:44:18.666: Unsupported keyboard modifier '<Super>Tab'

(polkit-gnome-authentication-agent-1:11789): GLib-CRITICAL **: 11:44:18.680: g_variant_new_string: assertion 'string != NULL' failed

(polkit-gnome-authentication-agent-1:11789): polkit-gnome-1-WARNING **: 11:44:18.680: Failed to register client: GDBus.Error:org.freedesktop.DBus.Error.ServiceUnknown: The name org.gnome.SessionManager was not provided by any .service files

(xfsettingsd:11795): xfsettingsd-CRITICAL **: 11:44:18.693: RANDR extension is too old, version 1.1. Display settings won't be applied.
Xlib:  extension "XInputExtension" missing on display ":15.0".

(xfsettingsd:11795): xfsettingsd-CRITICAL **: 11:44:18.694: XI is not present.

(xfsettingsd:11795): xfsettingsd-CRITICAL **: 11:44:18.697: Failed to initialize the Xkb extension.

(xfsettingsd:11795): xfsettingsd-CRITICAL **: 11:44:18.699: Failed to initialize the Accessibility extension.
xfwm4-Message: 11:44:18.798: Unsupported keyboard modifier '<Super>Tab'

(nm-applet:11879): Gtk-WARNING **: 11:44:19.056: Can't set a parent on widget which has a parent

(nm-applet:11879): Gdk-CRITICAL **: 11:44:19.255: gdk_window_thaw_toplevel_updates: assertion 'window->update_and_descendants_freeze_count > 0' failed

Fri Nov  1 11:44:26 2019
 Connections: accepted: 0.0.0.0::50486
 SConnection: Client needs protocol version 3.8
 SConnection: Client requests security type VncAuth(2)
/usr/lib/python3/dist-packages/blueman/plugins/applet/AppIndicator.py:8: PyGIWarning: AppIndicator3 was imported without specifying a version first. Use gi.require_version('AppIndicator3', '0.1') before import to ensure that the right version gets loaded.
  from gi.repository import AppIndicator3 as girAppIndicator
ERROR:dbus.proxies:Introspect error on org.bluez:/org/bluez: dbus.exceptions.DBusException: org.freedesktop.DBus.Error.AccessDenied: Rejected send message, 2 matched rules; type="method_call", sender=":1.531" (uid=1268 pid=11873 comm="/usr/bin/python3 /usr/bin/blueman-applet " label="unconfined") interface="org.freedesktop.DBus.Introspectable" member="Introspect" error name="(unset)" requested_reply="0" destination="org.bluez" (bus)
ERROR:dbus.proxies:Introspect error on org.bluez:/: dbus.exceptions.DBusException: org.freedesktop.DBus.Error.AccessDenied: Rejected send message, 2 matched rules; type="method_call", sender=":1.531" (uid=1268 pid=11873 comm="/usr/bin/python3 /usr/bin/blueman-applet " label="unconfined") interface="org.freedesktop.DBus.Introspectable" member="Introspect" error name="(unset)" requested_reply="0" destination="org.bluez" (bus)
ERROR:dbus.proxies:Introspect error on org.bluez:/: dbus.exceptions.DBusException: org.freedesktop.DBus.Error.AccessDenied: Rejected send message, 2 matched rules; type="method_call", sender=":1.531" (uid=1268 pid=11873 comm="/usr/bin/python3 /usr/bin/blueman-applet " label="unconfined") interface="org.freedesktop.DBus.Introspectable" member="Introspect" error name="(unset)" requested_reply="0" destination="org.bluez" (bus)

(wrapper-1.0:11930): Gdk-WARNING **: 11:44:33.217: /build/gtk+2.0-AoeliP/gtk+2.0-2.24.32/gdk/x11/gdkdrawable-x11.c:952 drawable is not a pixmap or window

Fri Nov  1 11:44:39 2019
 VNCSConnST:  Server default pixel format depth 16 (16bpp) little-endian rgb565
 VNCSConnST:  Client pixel format depth 16 (16bpp) little-endian rgb565

(Thunar:11784): Gdk-WARNING **: 11:48:31.807: gdk_window_set_icon_list: icons too large
Xlib:  extension "XINERAMA" missing on display ":15.0".
func=xmlSecCheckVersionExt:file=xmlsec.c:line=188:obj=unknown:subj=unknown:error=19:invalid version:mode=abi compatible;expected minor version=2;real minor version=2;expected subminor version=25;real subminor version=26

(soffice:15327): GLib-GObject-WARNING **: 11:48:42.082: ../../../../gobject/gsignal.c:3492: signal name 'selection_changed' is invalid for instance '0x561230f9a6a0' of type 'OOoAtkObjCompTxt'

Fri Nov  1 11:54:30 2019
 Connections: accepted: 0.0.0.0::50988
 SConnection: Client needs protocol version 3.8
 SConnection: Client requests security type VncAuth(2)

Fri Nov  1 11:54:36 2019
 VNCSConnST:  Server default pixel format depth 16 (16bpp) little-endian rgb565
 VNCSConnST:  Client pixel format depth 16 (16bpp) little-endian rgb565

Fri Nov  1 12:16:32 2019
 Connections: accepted: 0.0.0.0::51023
 SConnection: Client needs protocol version 3.8
 SConnection: Client requests security type VncAuth(2)

Fri Nov  1 12:16:38 2019
 VNCSConnST:  Server default pixel format depth 16 (16bpp) little-endian rgb565
 VNCSConnST:  Client pixel format depth 16 (16bpp) little-endian rgb565

Fri Nov  1 12:27:14 2019
 Connections: accepted: 0.0.0.0::51051
 SConnection: Client needs protocol version 3.8
 SConnection: Client requests security type VncAuth(2)

Fri Nov  1 12:27:19 2019
 VNCSConnST:  Server default pixel format depth 16 (16bpp) little-endian rgb565
 VNCSConnST:  Client pixel format depth 16 (16bpp) little-endian rgb565

Fri Nov  1 12:45:08 2019
 Connections: closed: 0.0.0.0::50486 (read: Connection reset by peer (104))
 SMsgWriter:  framebuffer updates 15778
 SMsgWriter:    copyRect rects 9246, bytes 147936
 SMsgWriter:    hextile rects 48276, bytes 73718678
 SMsgWriter:    raw bytes equivalent 694844404, compression ratio 9.425622

Fri Nov  1 12:52:16 2019
 Connections: closed: 0.0.0.0::50988 (read: Connection reset by peer (104))
 SMsgWriter:  framebuffer updates 1314
 SMsgWriter:    copyRect rects 753, bytes 12048
 SMsgWriter:    hextile rects 5937, bytes 46063740
 SMsgWriter:    raw bytes equivalent 504693796, compression ratio 10.956422
 Connections: closed: 0.0.0.0::51051 (read: Connection reset by peer (104))
 SMsgWriter:  framebuffer updates 824
 SMsgWriter:    copyRect rects 818, bytes 13088
 SMsgWriter:    hextile rects 3806, bytes 19528830
 SMsgWriter:    raw bytes equivalent 225558508, compression ratio 11.550027
 Connections: closed: 0.0.0.0::51023 (read: Connection reset by peer (104))
 SMsgWriter:  framebuffer updates 577
 SMsgWriter:    copyRect rects 232, bytes 3712
 SMsgWriter:    hextile rects 1935, bytes 25997623
 SMsgWriter:    raw bytes equivalent 312746746, compression ratio 12.029821
xfwm4: Fatal IO error 11 (Resource temporarily unavailable) on X server :15.0.
xfdesktop: Fatal IO error 11 (Resource temporarily unavailable) on X server :15.0.
