
Xvnc Free Edition 4.1.1 - built Feb 25 2015 23:02:21
Copyright (C) 2002-2005 RealVNC Ltd.
See http://www.realvnc.com for information on VNC.
Underlying X server release 40300000, The XFree86 Project, Inc


Fri Oct 11 11:24:40 2019
 vncext:      VNC extension running!
 vncext:      Listening for VNC connections on port 5925
 vncext:      created VNC server for screen 0
error opening security policy file /etc/X11/xserver/SecurityPolicy
Could not init font path element /usr/X11R6/lib/X11/fonts/Type1/, removing from list!
Could not init font path element /usr/X11R6/lib/X11/fonts/Speedo/, removing from list!
Could not init font path element /usr/X11R6/lib/X11/fonts/misc/, removing from list!
Could not init font path element /usr/X11R6/lib/X11/fonts/75dpi/, removing from list!
Could not init font path element /usr/X11R6/lib/X11/fonts/100dpi/, removing from list!
Could not init font path element /usr/share/fonts/X11/75dpi/, removing from list!
Could not init font path element /usr/share/fonts/X11/100dpi/, removing from list!

(x-window-manager:14616): xfwm4-WARNING **: 11:24:43.928: The display does not support the XRender extension.

(x-window-manager:14616): xfwm4-WARNING **: 11:24:43.928: The display does not support the XComposite extension.

(x-window-manager:14616): xfwm4-WARNING **: 11:24:43.928: The display does not support the XDamage extension.

(x-window-manager:14616): xfwm4-WARNING **: 11:24:43.928: The display does not support the XFixes extension.

(x-window-manager:14616): xfwm4-WARNING **: 11:24:43.928: Compositing manager disabled.
xfwm4-Message: 11:24:44.022: Unsupported keyboard modifier '<Super>Tab'

(x-window-manager:14616): xfwm4-WARNING **: 11:24:44.035: Failed to connect to session manager: Failed to connect to the session manager: SESSION_MANAGER environment variable not defined
Failed to connect to session manager: Failed to connect to the session manager: SESSION_MANAGER environment variable not defined

Fri Oct 11 11:25:07 2019
 Connections: accepted: 0.0.0.0::49872
 SConnection: Client needs protocol version 3.8
 SConnection: Client requests security type VncAuth(2)

Fri Oct 11 11:25:12 2019
 VNCSConnST:  Server default pixel format depth 16 (16bpp) little-endian rgb565
 VNCSConnST:  Client pixel format depth 16 (16bpp) little-endian rgb565
AUDIT: Fri Oct 11 11:30:41 2019: 14596 Xvnc4: client 10 rejected from local host
AUDIT: Fri Oct 11 11:30:52 2019: 14596 Xvnc4: client 10 rejected from local host

Fri Oct 11 12:44:26 2019
 Connections: closed: 0.0.0.0::49872 (read: Connection reset by peer (104))
 SMsgWriter:  framebuffer updates 12654
 SMsgWriter:    copyRect rects 8631, bytes 138096
 SMsgWriter:    hextile rects 48945, bytes 96807698
 SMsgWriter:    raw bytes equivalent 1066907078, compression ratio 11.020891
x-window-manager: Fatal IO error 11 (Resource temporarily unavailable) on X server :25.
