
Xvnc Free Edition 4.1.1 - built Feb 25 2015 23:02:21
Copyright (C) 2002-2005 RealVNC Ltd.
See http://www.realvnc.com for information on VNC.
Underlying X server release 40300000, The XFree86 Project, Inc


Fri Nov  1 11:06:08 2019
 vncext:      VNC extension running!
 vncext:      Listening for VNC connections on port 5907
 vncext:      created VNC server for screen 0
error opening security policy file /etc/X11/xserver/SecurityPolicy
Could not init font path element /usr/X11R6/lib/X11/fonts/Type1/, removing from list!
Could not init font path element /usr/X11R6/lib/X11/fonts/Speedo/, removing from list!
Could not init font path element /usr/X11R6/lib/X11/fonts/misc/, removing from list!
Could not init font path element /usr/X11R6/lib/X11/fonts/75dpi/, removing from list!
Could not init font path element /usr/X11R6/lib/X11/fonts/100dpi/, removing from list!
Could not init font path element /usr/share/fonts/X11/75dpi/, removing from list!
Could not init font path element /usr/share/fonts/X11/100dpi/, removing from list!

(x-window-manager:56314): xfwm4-WARNING **: 11:06:11.179: The display does not support the XRender extension.

(x-window-manager:56314): xfwm4-WARNING **: 11:06:11.179: The display does not support the XComposite extension.

(x-window-manager:56314): xfwm4-WARNING **: 11:06:11.180: The display does not support the XDamage extension.

(x-window-manager:56314): xfwm4-WARNING **: 11:06:11.180: The display does not support the XFixes extension.

(x-window-manager:56314): xfwm4-WARNING **: 11:06:11.180: Compositing manager disabled.
Failed to connect to session manager: Failed to connect to the session manager: SESSION_MANAGER environment variable not defined
xfwm4-Message: 11:06:11.269: Unsupported keyboard modifier '<Super>Tab'

(x-window-manager:56314): xfwm4-WARNING **: 11:06:11.277: Failed to connect to session manager: Failed to connect to the session manager: SESSION_MANAGER environment variable not defined

Fri Nov  1 11:06:21 2019
 Connections: accepted: 0.0.0.0::50194
 SConnection: Client needs protocol version 3.8
 SConnection: Client requests security type VncAuth(2)

Fri Nov  1 11:06:26 2019
 VNCSConnST:  Server default pixel format depth 16 (16bpp) little-endian rgb565
 VNCSConnST:  Client pixel format depth 16 (16bpp) little-endian rgb565

Fri Nov  1 11:10:19 2019
 XserverDesktop: Added unknown keysym 0x6f7 to keycode 255
xfwm4-Message: 11:10:20.059: Unsupported keyboard modifier '<Super>Tab'

Fri Nov  1 11:10:23 2019
 XserverDesktop: Added unknown keysym 0x6c5 to keycode 254
 XserverDesktop: Added unknown keysym 0x6c4 to keycode 253
 XserverDesktop: Added unknown keysym 0x6c9 to keycode 252
 XserverDesktop: Added unknown keysym 0x6d4 to keycode 251
xfwm4-Message: 11:10:23.986: Unsupported keyboard modifier '<Super>Tab'

Fri Nov  1 11:10:25 2019
 XserverDesktop: Added unknown keysym 0x6ce to keycode 250
 XserverDesktop: Added unknown keysym 0x6c1 to keycode 249
xfwm4-Message: 11:10:25.411: Unsupported keyboard modifier '<Super>Tab'
 XserverDesktop: Added unknown keysym 0xf3 to keycode 248
 XserverDesktop: Added unknown keysym 0x6d2 to keycode 247
xfwm4-Message: 11:10:25.986: Unsupported keyboard modifier '<Super>Tab'

Fri Nov  1 11:10:26 2019
 XserverDesktop: Added unknown keysym 0x6cc to keycode 246
 XserverDesktop: Added unknown keysym 0x6d8 to keycode 245
xfwm4-Message: 11:10:26.770: Unsupported keyboard modifier '<Super>Tab'
 XserverDesktop: Added unknown keysym 0x6cf to keycode 244
xfwm4-Message: 11:10:27.146: Unsupported keyboard modifier '<Super>Tab'

Fri Nov  1 11:13:07 2019
 XserverDesktop: Added unknown keysym 0x6fe to keycode 243
xfwm4-Message: 11:13:07.577: Unsupported keyboard modifier '<Super>Tab'

Fri Nov  1 11:13:09 2019
 XserverDesktop: Added unknown keysym 0x6d3 to keycode 242
xfwm4-Message: 11:13:09.297: Unsupported keyboard modifier '<Super>Tab'

Fri Nov  1 11:13:10 2019
 XserverDesktop: Added unknown keysym 0x6c6 to keycode 241
xfwm4-Message: 11:13:10.506: Unsupported keyboard modifier '<Super>Tab'

Fri Nov  1 11:13:11 2019
 XserverDesktop: Added unknown keysym 0x6c2 to keycode 240
xfwm4-Message: 11:13:11.762: Unsupported keyboard modifier '<Super>Tab'

Fri Nov  1 11:13:15 2019
 XserverDesktop: Added unknown keysym 0x6d0 to keycode 239
xfwm4-Message: 11:13:15.633: Unsupported keyboard modifier '<Super>Tab'

Fri Nov  1 11:13:16 2019
 XserverDesktop: Added unknown keysym 0x6cd to keycode 238
xfwm4-Message: 11:13:16.841: Unsupported keyboard modifier '<Super>Tab'

Fri Nov  1 11:14:24 2019
 XserverDesktop: Added unknown keysym 0x6da to keycode 237
xfwm4-Message: 11:14:24.857: Unsupported keyboard modifier '<Super>Tab'
 XserverDesktop: Added unknown keysym 0x6cb to keycode 236
xfwm4-Message: 11:14:25.185: Unsupported keyboard modifier '<Super>Tab'

Fri Nov  1 11:17:13 2019
 XserverDesktop: Added unknown keysym 0x6dd to keycode 235
xfwm4-Message: 11:17:13.807: Unsupported keyboard modifier '<Super>Tab'

Fri Nov  1 11:19:43 2019
 XserverDesktop: Added unknown keysym 0x6d6 to keycode 234
xfwm4-Message: 11:19:44.103: Unsupported keyboard modifier '<Super>Tab'

Fri Nov  1 11:23:07 2019
 XserverDesktop: Added unknown keysym 0x6c0 to keycode 233
xfwm4-Message: 11:23:07.406: Unsupported keyboard modifier '<Super>Tab'

Fri Nov  1 11:23:59 2019
 XserverDesktop: Added unknown keysym 0x6db to keycode 232
xfwm4-Message: 11:23:59.701: Unsupported keyboard modifier '<Super>Tab'

Fri Nov  1 11:34:03 2019
 VNCSConnST:  Client pixel format depth 16 (16bpp) little-endian rgb565

Fri Nov  1 11:35:10 2019
 VNCSConnST:  Client pixel format depth 16 (16bpp) little-endian rgb565

Fri Nov  1 11:36:20 2019
 VNCSConnST:  Client pixel format depth 16 (16bpp) little-endian rgb565

Fri Nov  1 11:37:34 2019
 VNCSConnST:  Client pixel format depth 16 (16bpp) little-endian rgb565

Fri Nov  1 11:39:00 2019
 VNCSConnST:  Client pixel format depth 16 (16bpp) little-endian rgb565
