
Xvnc Free Edition 4.1.1 - built Feb 25 2015 23:02:21
Copyright (C) 2002-2005 RealVNC Ltd.
See http://www.realvnc.com for information on VNC.
Underlying X server release 40300000, The XFree86 Project, Inc


Thu Mar  5 09:45:18 2020
 vncext:      VNC extension running!
 vncext:      Listening for VNC connections on port 5909
 vncext:      created VNC server for screen 0
error opening security policy file /etc/X11/xserver/SecurityPolicy
Could not init font path element /usr/X11R6/lib/X11/fonts/Type1/, removing from list!
Could not init font path element /usr/X11R6/lib/X11/fonts/Speedo/, removing from list!
Could not init font path element /usr/X11R6/lib/X11/fonts/misc/, removing from list!
Could not init font path element /usr/X11R6/lib/X11/fonts/75dpi/, removing from list!
Could not init font path element /usr/X11R6/lib/X11/fonts/100dpi/, removing from list!
Could not init font path element /usr/share/fonts/X11/75dpi/, removing from list!
Could not init font path element /usr/share/fonts/X11/100dpi/, removing from list!
xrdb: No such file or directory
xrdb: can't open file '/home/is28/konnov28/.Xresources'
/usr/bin/startxfce4: X server already running on display :9
gpg-agent[7970]: WARNING: "--write-env-file" is an obsolete option - it has no effect
gpg-agent: a gpg-agent is already running - not starting a new one

(xfce4-session:7960): xfce4-session-WARNING **: 09:45:21.912: gpg-agent returned no PID in the variables

(xfce4-session:7960): xfce4-session-WARNING **: 09:45:21.916: xfsm_manager_load_session: Something wrong with /home/is28/konnov28/.cache/sessions/xfce4-session-virt-1:9, Does it exist? Permissions issue?

(xfwm4:7974): xfwm4-WARNING **: 09:45:21.940: The display does not support the XRender extension.

(xfwm4:7974): xfwm4-WARNING **: 09:45:21.940: The display does not support the XComposite extension.

(xfwm4:7974): xfwm4-WARNING **: 09:45:21.940: The display does not support the XDamage extension.

(xfwm4:7974): xfwm4-WARNING **: 09:45:21.940: The display does not support the XFixes extension.

(xfwm4:7974): xfwm4-WARNING **: 09:45:21.940: Compositing manager disabled.

** (light-locker:7983): ERROR **: 09:45:21.971: Environment variable XDG_SESSION_PATH not set. Is LightDM running?
(uint32 1,)

(polkit-gnome-authentication-agent-1:7986): GLib-CRITICAL **: 09:45:21.989: g_variant_new_string: assertion 'string != NULL' failed

(polkit-gnome-authentication-agent-1:7986): polkit-gnome-1-WARNING **: 09:45:21.990: Failed to register client: GDBus.Error:org.freedesktop.DBus.Error.ServiceUnknown: The name org.gnome.SessionManager was not provided by any .service files
xfwm4-Message: 09:45:22.031: Unsupported keyboard modifier '<Super>Tab'

(xfsettingsd:7985): xfsettingsd-CRITICAL **: 09:45:22.068: RANDR extension is too old, version 1.1. Display settings won't be applied.
Xlib:  extension "XInputExtension" missing on display ":9.0".

(xfsettingsd:7985): xfsettingsd-CRITICAL **: 09:45:22.069: XI is not present.

(xfsettingsd:7985): xfsettingsd-CRITICAL **: 09:45:22.075: Failed to initialize the Xkb extension.

(xfsettingsd:7985): xfsettingsd-CRITICAL **: 09:45:22.078: Failed to initialize the Accessibility extension.
xfwm4-Message: 09:45:22.109: Unsupported keyboard modifier '<Super>Tab'

(nm-applet:8074): Gtk-WARNING **: 09:45:22.254: Can't set a parent on widget which has a parent

(nm-applet:8074): Gdk-CRITICAL **: 09:45:22.411: gdk_window_thaw_toplevel_updates: assertion 'window->update_and_descendants_freeze_count > 0' failed
/usr/lib/python3/dist-packages/blueman/plugins/applet/AppIndicator.py:8: PyGIWarning: AppIndicator3 was imported without specifying a version first. Use gi.require_version('AppIndicator3', '0.1') before import to ensure that the right version gets loaded.
  from gi.repository import AppIndicator3 as girAppIndicator
ERROR:dbus.proxies:Introspect error on org.bluez:/org/bluez: dbus.exceptions.DBusException: org.freedesktop.DBus.Error.AccessDenied: Rejected send message, 2 matched rules; type="method_call", sender=":1.352" (uid=1273 pid=8048 comm="/usr/bin/python3 /usr/bin/blueman-applet " label="unconfined") interface="org.freedesktop.DBus.Introspectable" member="Introspect" error name="(unset)" requested_reply="0" destination="org.bluez" (bus)
ERROR:dbus.proxies:Introspect error on org.bluez:/: dbus.exceptions.DBusException: org.freedesktop.DBus.Error.AccessDenied: Rejected send message, 2 matched rules; type="method_call", sender=":1.352" (uid=1273 pid=8048 comm="/usr/bin/python3 /usr/bin/blueman-applet " label="unconfined") interface="org.freedesktop.DBus.Introspectable" member="Introspect" error name="(unset)" requested_reply="0" destination="org.bluez" (bus)
ERROR:dbus.proxies:Introspect error on org.bluez:/: dbus.exceptions.DBusException: org.freedesktop.DBus.Error.AccessDenied: Rejected send message, 2 matched rules; type="method_call", sender=":1.352" (uid=1273 pid=8048 comm="/usr/bin/python3 /usr/bin/blueman-applet " label="unconfined") interface="org.freedesktop.DBus.Introspectable" member="Introspect" error name="(unset)" requested_reply="0" destination="org.bluez" (bus)

Thu Mar  5 09:45:36 2020
 Connections: accepted: 0.0.0.0::49416
 SConnection: Client needs protocol version 3.8
 SConnection: Client requests security type VncAuth(2)

Thu Mar  5 09:45:40 2020
 VNCSConnST:  Server default pixel format depth 16 (16bpp) little-endian rgb565
 VNCSConnST:  Client pixel format depth 16 (16bpp) little-endian rgb565

(Thunar:7980): Gdk-WARNING **: 09:45:49.801: gdk_window_set_icon_list: icons too large
Xlib:  extension "XInputExtension" missing on display ":9.0".
Xlib:  extension "XInputExtension" missing on display ":9.0".
Xlib:  extension "XInputExtension" missing on display ":9.0".
Xlib:  extension "XInputExtension" missing on display ":9.0".
[17940:17940:0305/095722.779738:ERROR:gl_surface_glx.cc(458)] GLX 1.3 or later is required.
[17940:17940:0305/095722.779800:ERROR:gl_initializer_x11.cc(148)] GLSurfaceGLX::InitializeOneOff failed.
[17940:17940:0305/095722.781356:ERROR:viz_main_impl.cc(161)] Exiting GPU process due to errors during initialization
Xlib:  extension "XInputExtension" missing on display ":9.0".
Xlib:  extension "XInputExtension" missing on display ":9.0".
Xlib:  extension "XInputExtension" missing on display ":9.0".

Thu Mar  5 09:57:27 2020
 XserverDesktop: Added unknown keysym 0x6f3 to keycode 255
xfwm4-Message: 09:57:27.994: Unsupported keyboard modifier '<Super>Tab'
Xlib:  extension "XInputExtension" missing on display ":9.0".
Xlib:  extension "XInputExtension" missing on display ":9.0".
Xlib:  extension "XInputExtension" missing on display ":9.0".
Xlib:  extension "XInputExtension" missing on display ":9.0".
[18273:18273:0305/095823.660488:ERROR:gl_surface_glx.cc(458)] GLX 1.3 or later is required.
[18273:18273:0305/095823.660537:ERROR:gl_initializer_x11.cc(148)] GLSurfaceGLX::InitializeOneOff failed.
[18273:18273:0305/095823.662832:ERROR:viz_main_impl.cc(161)] Exiting GPU process due to errors during initialization
Xlib:  extension "XInputExtension" missing on display ":9.0".
Xlib:  extension "XInputExtension" missing on display ":9.0".
Xlib:  extension "XInputExtension" missing on display ":9.0".

Thu Mar  5 09:58:29 2020
 XserverDesktop: Added unknown keysym 0x6c9 to keycode 254
xfwm4-Message: 09:58:29.723: Unsupported keyboard modifier '<Super>Tab'

Thu Mar  5 10:52:32 2020
 Connections: closed: 0.0.0.0::49416 (Clean disconnection)
 SMsgWriter:  framebuffer updates 3718
 SMsgWriter:    copyRect rects 3891, bytes 62256
 SMsgWriter:    hextile rects 39684, bytes 57798360
 SMsgWriter:    raw bytes equivalent 715754790, compression ratio 12.383652
xfdesktop: Fatal IO error 11 (Resource temporarily unavailable) on X server :9.0.
xfwm4: Fatal IO error 11 (Resource temporarily unavailable) on X server :9.0.
