
Xvnc Free Edition 4.1.1 - built Feb 25 2015 23:02:21
Copyright (C) 2002-2005 RealVNC Ltd.
See http://www.realvnc.com for information on VNC.
Underlying X server release 40300000, The XFree86 Project, Inc


Fri Oct 18 11:52:42 2019
 vncext:      VNC extension running!
 vncext:      Listening for VNC connections on port 5917
 vncext:      created VNC server for screen 0
error opening security policy file /etc/X11/xserver/SecurityPolicy
Could not init font path element /usr/X11R6/lib/X11/fonts/Type1/, removing from list!
Could not init font path element /usr/X11R6/lib/X11/fonts/Speedo/, removing from list!
Could not init font path element /usr/X11R6/lib/X11/fonts/misc/, removing from list!
Could not init font path element /usr/X11R6/lib/X11/fonts/75dpi/, removing from list!
Could not init font path element /usr/X11R6/lib/X11/fonts/100dpi/, removing from list!
Could not init font path element /usr/share/fonts/X11/75dpi/, removing from list!
Could not init font path element /usr/share/fonts/X11/100dpi/, removing from list!

(x-window-manager:8476): xfwm4-WARNING **: 11:52:45.207: The display does not support the XRender extension.

(x-window-manager:8476): xfwm4-WARNING **: 11:52:45.207: The display does not support the XComposite extension.

(x-window-manager:8476): xfwm4-WARNING **: 11:52:45.207: The display does not support the XDamage extension.

(x-window-manager:8476): xfwm4-WARNING **: 11:52:45.207: The display does not support the XFixes extension.

(x-window-manager:8476): xfwm4-WARNING **: 11:52:45.207: Compositing manager disabled.
Failed to connect to session manager: Failed to connect to the session manager: SESSION_MANAGER environment variable not defined
xfwm4-Message: 11:52:45.235: Unsupported keyboard modifier '<Super>Tab'

(x-window-manager:8476): xfwm4-WARNING **: 11:52:45.241: Failed to connect to session manager: Failed to connect to the session manager: SESSION_MANAGER environment variable not defined

Fri Oct 18 11:52:57 2019
 Connections: accepted: 0.0.0.0::50704
 SConnection: Client needs protocol version 3.8
 SConnection: Client requests security type VncAuth(2)

Fri Oct 18 11:53:01 2019
 VNCSConnST:  Server default pixel format depth 16 (16bpp) little-endian rgb565
 VNCSConnST:  Client pixel format depth 16 (16bpp) little-endian rgb565

Fri Oct 18 11:55:21 2019
 XserverDesktop: Added unknown keysym 0x6c6 to keycode 255
xfwm4-Message: 11:55:21.382: Unsupported keyboard modifier '<Super>Tab'

Fri Oct 18 11:55:36 2019
 XserverDesktop: Added unknown keysym 0x6c9 to keycode 254
xfwm4-Message: 11:55:36.895: Unsupported keyboard modifier '<Super>Tab'

Fri Oct 18 11:56:54 2019
 XserverDesktop: Added unknown keysym 0x6f6 to keycode 253
xfwm4-Message: 11:56:55.246: Unsupported keyboard modifier '<Super>Tab'
AUDIT: Fri Oct 18 12:12:22 2019: 8467 Xvnc4: client 6 rejected from local host
AUDIT: Fri Oct 18 12:12:40 2019: 8467 Xvnc4: client 6 rejected from local host
AUDIT: Fri Oct 18 12:12:40 2019: 8467 Xvnc4: client 6 rejected from local host
AUDIT: Fri Oct 18 12:12:43 2019: 8467 Xvnc4: client 6 rejected from local host
AUDIT: Fri Oct 18 12:13:15 2019: 8467 Xvnc4: client 7 rejected from local host

Fri Oct 18 12:42:46 2019
 Connections: closed: 0.0.0.0::50704 (Clean disconnection)
 SMsgWriter:  framebuffer updates 8241
 SMsgWriter:    copyRect rects 6070, bytes 97120
 SMsgWriter:    hextile rects 41196, bytes 59759101
 SMsgWriter:    raw bytes equivalent 779185902, compression ratio 13.038782
x-window-manager: Fatal IO error 11 (Resource temporarily unavailable) on X server :17.
