
Xvnc Free Edition 4.1.1 - built Feb 25 2015 23:02:21
Copyright (C) 2002-2005 RealVNC Ltd.
See http://www.realvnc.com for information on VNC.
Underlying X server release 40300000, The XFree86 Project, Inc


Fri Sep 13 08:33:44 2019
 vncext:      VNC extension running!
 vncext:      Listening for VNC connections on port 5938
 vncext:      created VNC server for screen 0
error opening security policy file /etc/X11/xserver/SecurityPolicy
Could not init font path element /usr/X11R6/lib/X11/fonts/Type1/, removing from list!
Could not init font path element /usr/X11R6/lib/X11/fonts/Speedo/, removing from list!
Could not init font path element /usr/X11R6/lib/X11/fonts/misc/, removing from list!
Could not init font path element /usr/X11R6/lib/X11/fonts/75dpi/, removing from list!
Could not init font path element /usr/X11R6/lib/X11/fonts/100dpi/, removing from list!
Could not init font path element /usr/share/fonts/X11/75dpi/, removing from list!
Could not init font path element /usr/share/fonts/X11/100dpi/, removing from list!

(x-window-manager:56390): xfwm4-WARNING **: 08:33:47.595: The display does not support the XRender extension.

(x-window-manager:56390): xfwm4-WARNING **: 08:33:47.595: The display does not support the XComposite extension.

(x-window-manager:56390): xfwm4-WARNING **: 08:33:47.595: The display does not support the XDamage extension.

(x-window-manager:56390): xfwm4-WARNING **: 08:33:47.595: The display does not support the XFixes extension.

(x-window-manager:56390): xfwm4-WARNING **: 08:33:47.595: Compositing manager disabled.
Failed to connect to session manager: Failed to connect to the session manager: SESSION_MANAGER environment variable not defined
xfwm4-Message: 08:33:47.711: Unsupported keyboard modifier '<Super>Tab'
xfwm4-Message: 08:33:47.739: Unsupported keyboard modifier '<Super>Tab'

(x-window-manager:56390): xfwm4-WARNING **: 08:33:47.746: Failed to connect to session manager: Failed to connect to the session manager: SESSION_MANAGER environment variable not defined

Fri Sep 13 08:35:59 2019
 Connections: accepted: 0.0.0.0::50808
 SConnection: Client needs protocol version 3.8
 SConnection: Client requests security type VncAuth(2)

Fri Sep 13 08:36:07 2019
 VNCSConnST:  Server default pixel format depth 16 (16bpp) little-endian rgb565
 VNCSConnST:  Client pixel format depth 16 (16bpp) little-endian rgb565

Fri Sep 13 08:50:08 2019
 Connections: closed: 0.0.0.0::50808 (Clean disconnection)
 SMsgWriter:  framebuffer updates 2031
 SMsgWriter:    copyRect rects 2307, bytes 36912
 SMsgWriter:    hextile rects 4908, bytes 5368308
 SMsgWriter:    raw bytes equivalent 161245966, compression ratio 30.036646

Fri Sep 13 08:51:18 2019
 Connections: accepted: 0.0.0.0::50885
 SConnection: Client needs protocol version 3.8
 SConnection: Client requests security type VncAuth(2)

Fri Sep 13 08:51:25 2019
 VNCSConnST:  Server default pixel format depth 16 (16bpp) little-endian rgb565
 VNCSConnST:  Client pixel format depth 16 (16bpp) little-endian rgb565

Fri Sep 13 08:51:30 2019
 Connections: closed: 0.0.0.0::50885 (Clean disconnection)
 SMsgWriter:  framebuffer updates 39
 SMsgWriter:    copyRect rects 139, bytes 2224
 SMsgWriter:    hextile rects 172, bytes 112251
 SMsgWriter:    raw bytes equivalent 4790464, compression ratio 42.676359

Fri Sep 13 08:51:41 2019
 Connections: accepted: 0.0.0.0::50886
 SConnection: Client needs protocol version 3.8
 SConnection: Client requests security type VncAuth(2)

Fri Sep 13 08:51:47 2019
 VNCSConnST:  Server default pixel format depth 16 (16bpp) little-endian rgb565
 VNCSConnST:  Client pixel format depth 16 (16bpp) little-endian rgb565

Fri Sep 13 08:52:29 2019
 XserverDesktop: Added unknown keysym 0x6de to keycode 255
xfwm4-Message: 08:52:29.936: Unsupported keyboard modifier '<Super>Tab'

Fri Sep 13 08:52:30 2019
 XserverDesktop: Added unknown keysym 0x6c5 to keycode 254
 XserverDesktop: Added unknown keysym 0x6d2 to keycode 253
xfwm4-Message: 08:52:30.903: Unsupported keyboard modifier '<Super>Tab'

Fri Sep 13 08:52:31 2019
 XserverDesktop: Added unknown keysym 0x6da to keycode 252
xfwm4-Message: 08:52:31.391: Unsupported keyboard modifier '<Super>Tab'
 XserverDesktop: Added unknown keysym 0x6cc to keycode 251
xfwm4-Message: 08:52:32.087: Unsupported keyboard modifier '<Super>Tab'

Fri Sep 13 08:52:32 2019
 XserverDesktop: Added unknown keysym 0x6d4 to keycode 250
xfwm4-Message: 08:52:32.423: Unsupported keyboard modifier '<Super>Tab'
 XserverDesktop: Added unknown keysym 0x6d7 to keycode 249
 XserverDesktop: Added unknown keysym 0x6c1 to keycode 248
 XserverDesktop: Added unknown keysym 0x6cd to keycode 247
xfwm4-Message: 08:52:33.151: Unsupported keyboard modifier '<Super>Tab'

Fri Sep 13 08:52:33 2019
 XserverDesktop: Added unknown keysym 0x6c2 to keycode 246
 XserverDesktop: Added unknown keysym 0xf3 to keycode 245
 XserverDesktop: Added unknown keysym 0x6c4 to keycode 244
xfwm4-Message: 08:52:33.727: Unsupported keyboard modifier '<Super>Tab'

Fri Sep 13 09:02:12 2019
 XserverDesktop: Added unknown keysym 0x6ce to keycode 243
xfwm4-Message: 09:02:12.557: Unsupported keyboard modifier '<Super>Tab'

Fri Sep 13 09:09:27 2019
 XserverDesktop: Added unknown keysym 0x6d3 to keycode 242
xfwm4-Message: 09:09:27.363: Unsupported keyboard modifier '<Super>Tab'

Fri Sep 13 09:09:28 2019
 XserverDesktop: Added unknown keysym 0x6cf to keycode 241
 XserverDesktop: Added unknown keysym 0x6d1 to keycode 240
xfwm4-Message: 09:09:28.899: Unsupported keyboard modifier '<Super>Tab'

Fri Sep 13 09:09:29 2019
 XserverDesktop: Added unknown keysym 0x6c9 to keycode 239
xfwm4-Message: 09:09:29.267: Unsupported keyboard modifier '<Super>Tab'

Fri Sep 13 09:09:30 2019
 XserverDesktop: Added unknown keysym 0x6d6 to keycode 238
xfwm4-Message: 09:09:30.723: Unsupported keyboard modifier '<Super>Tab'

Fri Sep 13 09:09:32 2019
 XserverDesktop: Added unknown keysym 0x6cb to keycode 237
xfwm4-Message: 09:09:32.299: Unsupported keyboard modifier '<Super>Tab'

Fri Sep 13 09:10:39 2019
 XserverDesktop: Added unknown keysym 0x6db to keycode 236
xfwm4-Message: 09:10:39.658: Unsupported keyboard modifier '<Super>Tab'

Fri Sep 13 09:23:21 2019
 XserverDesktop: Added unknown keysym 0x6c6 to keycode 235
xfwm4-Message: 09:23:21.559: Unsupported keyboard modifier '<Super>Tab'

Fri Sep 13 09:36:49 2019
 XserverDesktop: Added unknown keysym 0x6d8 to keycode 234
xfwm4-Message: 09:36:49.282: Unsupported keyboard modifier '<Super>Tab'

Fri Sep 13 09:41:28 2019
 Connections: closed: 0.0.0.0::50886 (Clean disconnection)
 SMsgWriter:  framebuffer updates 6309
 SMsgWriter:    copyRect rects 394, bytes 6304
 SMsgWriter:    hextile rects 13106, bytes 31661835
 SMsgWriter:    raw bytes equivalent 547347816, compression ratio 17.287306

Tue Sep 17 10:22:15 2019
 Connections: accepted: 0.0.0.0::49315
 SConnection: Client needs protocol version 3.8
 SConnection: Client requests security type VncAuth(2)

Tue Sep 17 10:22:19 2019
 Connections: closed: 0.0.0.0::49315 (read: Connection reset by peer (104))
x-window-manager: Fatal IO error 4 (Interrupted system call) on X server :38.
