
Xvnc Free Edition 4.1.1 - built Feb 25 2015 23:02:21
Copyright (C) 2002-2005 RealVNC Ltd.
See http://www.realvnc.com for information on VNC.
Underlying X server release 40300000, The XFree86 Project, Inc


Fri Nov 22 11:21:02 2019
 vncext:      VNC extension running!
 vncext:      Listening for VNC connections on port 5905
 vncext:      created VNC server for screen 0
error opening security policy file /etc/X11/xserver/SecurityPolicy
Could not init font path element /usr/X11R6/lib/X11/fonts/Type1/, removing from list!
Could not init font path element /usr/X11R6/lib/X11/fonts/Speedo/, removing from list!
Could not init font path element /usr/X11R6/lib/X11/fonts/misc/, removing from list!
Could not init font path element /usr/X11R6/lib/X11/fonts/75dpi/, removing from list!
Could not init font path element /usr/X11R6/lib/X11/fonts/100dpi/, removing from list!
Could not init font path element /usr/share/fonts/X11/75dpi/, removing from list!
Could not init font path element /usr/share/fonts/X11/100dpi/, removing from list!
xrdb: No such file or directory
xrdb: can't open file '/home/is28/konnov28/.Xresources'
/usr/bin/startxfce4: X server already running on display :5
gpg-agent[5164]: WARNING: "--write-env-file" is an obsolete option - it has no effect
gpg-agent: a gpg-agent is already running - not starting a new one

(xfce4-session:5152): xfce4-session-WARNING **: 11:21:05.330: gpg-agent returned no PID in the variables

(xfce4-session:5152): xfce4-session-WARNING **: 11:21:05.337: xfsm_manager_load_session: Something wrong with /home/is28/konnov28/.cache/sessions/xfce4-session-virt-1:5, Does it exist? Permissions issue?

(xfwm4:5169): xfwm4-WARNING **: 11:21:05.364: The display does not support the XRender extension.

(xfwm4:5169): xfwm4-WARNING **: 11:21:05.364: The display does not support the XComposite extension.

(xfwm4:5169): xfwm4-WARNING **: 11:21:05.365: The display does not support the XDamage extension.

(xfwm4:5169): xfwm4-WARNING **: 11:21:05.365: The display does not support the XFixes extension.

(xfwm4:5169): xfwm4-WARNING **: 11:21:05.365: Compositing manager disabled.

** (light-locker:5178): ERROR **: 11:21:05.442: Environment variable XDG_SESSION_PATH not set. Is LightDM running?
(uint32 1,)
xfwm4-Message: 11:21:05.447: Unsupported keyboard modifier '<Super>Tab'

(polkit-gnome-authentication-agent-1:5181): GLib-CRITICAL **: 11:21:05.461: g_variant_new_string: assertion 'string != NULL' failed

(polkit-gnome-authentication-agent-1:5181): polkit-gnome-1-WARNING **: 11:21:05.462: Failed to register client: GDBus.Error:org.freedesktop.DBus.Error.ServiceUnknown: The name org.gnome.SessionManager was not provided by any .service files

(xfsettingsd:5180): xfsettingsd-CRITICAL **: 11:21:05.471: RANDR extension is too old, version 1.1. Display settings won't be applied.
Xlib:  extension "XInputExtension" missing on display ":5.0".

(xfsettingsd:5180): xfsettingsd-CRITICAL **: 11:21:05.472: XI is not present.

(xfsettingsd:5180): xfsettingsd-CRITICAL **: 11:21:05.472: Failed to initialize the Xkb extension.

(xfsettingsd:5180): xfsettingsd-CRITICAL **: 11:21:05.472: Failed to initialize the Accessibility extension.
xfwm4-Message: 11:21:05.563: Unsupported keyboard modifier '<Super>Tab'

(nm-applet:5270): Gtk-WARNING **: 11:21:05.695: Can't set a parent on widget which has a parent

(nm-applet:5270): Gdk-CRITICAL **: 11:21:05.860: gdk_window_thaw_toplevel_updates: assertion 'window->update_and_descendants_freeze_count > 0' failed
/usr/lib/python3/dist-packages/blueman/plugins/applet/AppIndicator.py:8: PyGIWarning: AppIndicator3 was imported without specifying a version first. Use gi.require_version('AppIndicator3', '0.1') before import to ensure that the right version gets loaded.
  from gi.repository import AppIndicator3 as girAppIndicator
ERROR:dbus.proxies:Introspect error on org.bluez:/org/bluez: dbus.exceptions.DBusException: org.freedesktop.DBus.Error.AccessDenied: Rejected send message, 2 matched rules; type="method_call", sender=":1.728" (uid=1273 pid=5249 comm="/usr/bin/python3 /usr/bin/blueman-applet " label="unconfined") interface="org.freedesktop.DBus.Introspectable" member="Introspect" error name="(unset)" requested_reply="0" destination="org.bluez" (bus)
ERROR:dbus.proxies:Introspect error on org.bluez:/: dbus.exceptions.DBusException: org.freedesktop.DBus.Error.AccessDenied: Rejected send message, 2 matched rules; type="method_call", sender=":1.728" (uid=1273 pid=5249 comm="/usr/bin/python3 /usr/bin/blueman-applet " label="unconfined") interface="org.freedesktop.DBus.Introspectable" member="Introspect" error name="(unset)" requested_reply="0" destination="org.bluez" (bus)
ERROR:dbus.proxies:Introspect error on org.bluez:/: dbus.exceptions.DBusException: org.freedesktop.DBus.Error.AccessDenied: Rejected send message, 2 matched rules; type="method_call", sender=":1.728" (uid=1273 pid=5249 comm="/usr/bin/python3 /usr/bin/blueman-applet " label="unconfined") interface="org.freedesktop.DBus.Introspectable" member="Introspect" error name="(unset)" requested_reply="0" destination="org.bluez" (bus)

(wrapper-1.0:5327): Gdk-WARNING **: 11:21:31.040: /build/gtk+2.0-AoeliP/gtk+2.0-2.24.32/gdk/x11/gdkdrawable-x11.c:952 drawable is not a pixmap or window

Fri Nov 22 11:21:59 2019
 Connections: accepted: 0.0.0.0::50280
 SConnection: Client needs protocol version 3.8
 SConnection: Client requests security type VncAuth(2)

Fri Nov 22 11:22:03 2019
 VNCSConnST:  Server default pixel format depth 16 (16bpp) little-endian rgb565
 VNCSConnST:  Client pixel format depth 16 (16bpp) little-endian rgb565

(polkit-gnome-authentication-agent-1:5181): polkit-gnome-1-WARNING **: 11:22:06.318: Couldn't open user icon: Failed to open file '/home/adom/.face': No such file or directory

(polkit-gnome-authentication-agent-1:5181): polkit-gnome-1-WARNING **: 11:22:06.335: Couldn't open user icon: Failed to open file '/home/test/.face': No such file or directory
Gtk-Message: 11:22:06.488: GtkDialog mapped without a transient parent. This is discouraged.

(polkit-gnome-authentication-agent-1:5181): polkit-gnome-1-WARNING **: 11:22:12.471: Couldn't open user icon: Failed to open file '/home/adom/.face': No such file or directory

(polkit-gnome-authentication-agent-1:5181): polkit-gnome-1-WARNING **: 11:22:12.472: Couldn't open user icon: Failed to open file '/home/test/.face': No such file or directory
Gtk-Message: 11:22:12.478: GtkDialog mapped without a transient parent. This is discouraged.

(polkit-gnome-authentication-agent-1:5181): polkit-gnome-1-WARNING **: 11:23:29.609: Couldn't open user icon: Failed to open file '/home/adom/.face': No such file or directory

(polkit-gnome-authentication-agent-1:5181): polkit-gnome-1-WARNING **: 11:23:29.610: Couldn't open user icon: Failed to open file '/home/test/.face': No such file or directory
Gtk-Message: 11:23:29.615: GtkDialog mapped without a transient parent. This is discouraged.

(polkit-gnome-authentication-agent-1:5181): polkit-gnome-1-WARNING **: 11:23:32.759: Couldn't open user icon: Failed to open file '/home/adom/.face': No such file or directory

(polkit-gnome-authentication-agent-1:5181): polkit-gnome-1-WARNING **: 11:23:32.760: Couldn't open user icon: Failed to open file '/home/test/.face': No such file or directory
Gtk-Message: 11:23:32.765: GtkDialog mapped without a transient parent. This is discouraged.

(polkit-gnome-authentication-agent-1:5181): polkit-gnome-1-WARNING **: 11:23:56.936: Couldn't open user icon: Failed to open file '/home/adom/.face': No such file or directory

(polkit-gnome-authentication-agent-1:5181): polkit-gnome-1-WARNING **: 11:23:56.937: Couldn't open user icon: Failed to open file '/home/test/.face': No such file or directory
Gtk-Message: 11:23:56.942: GtkDialog mapped without a transient parent. This is discouraged.

(polkit-gnome-authentication-agent-1:5181): polkit-gnome-1-WARNING **: 11:24:41.126: Couldn't open user icon: Failed to open file '/home/adom/.face': No such file or directory

(polkit-gnome-authentication-agent-1:5181): polkit-gnome-1-WARNING **: 11:24:41.127: Couldn't open user icon: Failed to open file '/home/test/.face': No such file or directory
Gtk-Message: 11:24:41.133: GtkDialog mapped without a transient parent. This is discouraged.

(polkit-gnome-authentication-agent-1:5181): polkit-gnome-1-WARNING **: 11:26:27.303: Couldn't open user icon: Failed to open file '/home/adom/.face': No such file or directory

(polkit-gnome-authentication-agent-1:5181): polkit-gnome-1-WARNING **: 11:26:27.304: Couldn't open user icon: Failed to open file '/home/test/.face': No such file or directory
Gtk-Message: 11:26:27.310: GtkDialog mapped without a transient parent. This is discouraged.

(polkit-gnome-authentication-agent-1:5181): polkit-gnome-1-WARNING **: 11:27:27.032: Couldn't open user icon: Failed to open file '/home/adom/.face': No such file or directory

(polkit-gnome-authentication-agent-1:5181): polkit-gnome-1-WARNING **: 11:27:27.033: Couldn't open user icon: Failed to open file '/home/test/.face': No such file or directory
Gtk-Message: 11:27:27.039: GtkDialog mapped without a transient parent. This is discouraged.

(Thunar:5175): GLib-GIO-CRITICAL **: 11:27:35.034: g_file_hash: assertion 'G_IS_FILE (file)' failed

(Thunar:5175): GLib-GIO-CRITICAL **: 11:27:35.034: g_file_query_info_async: assertion 'G_IS_FILE (file)' failed

(Thunar:5175): GLib-GObject-CRITICAL **: 11:27:35.034: g_object_unref: assertion 'G_IS_OBJECT (object)' failed

(polkit-gnome-authentication-agent-1:5181): polkit-gnome-1-WARNING **: 11:27:37.390: Couldn't open user icon: Failed to open file '/home/adom/.face': No such file or directory

(polkit-gnome-authentication-agent-1:5181): polkit-gnome-1-WARNING **: 11:27:37.391: Couldn't open user icon: Failed to open file '/home/test/.face': No such file or directory
Gtk-Message: 11:27:37.397: GtkDialog mapped without a transient parent. This is discouraged.

(Thunar:5175): GLib-GIO-CRITICAL **: 11:27:40.544: g_file_hash: assertion 'G_IS_FILE (file)' failed

(Thunar:5175): GLib-GIO-CRITICAL **: 11:27:40.544: g_file_query_info_async: assertion 'G_IS_FILE (file)' failed

(Thunar:5175): GLib-GObject-CRITICAL **: 11:27:40.544: g_object_unref: assertion 'G_IS_OBJECT (object)' failed

(polkit-gnome-authentication-agent-1:5181): polkit-gnome-1-WARNING **: 11:27:41.439: Couldn't open user icon: Failed to open file '/home/adom/.face': No such file or directory

(polkit-gnome-authentication-agent-1:5181): polkit-gnome-1-WARNING **: 11:27:41.440: Couldn't open user icon: Failed to open file '/home/test/.face': No such file or directory
Gtk-Message: 11:27:41.446: GtkDialog mapped without a transient parent. This is discouraged.

(Thunar:5175): GLib-GIO-CRITICAL **: 11:27:42.994: g_file_hash: assertion 'G_IS_FILE (file)' failed

(Thunar:5175): GLib-GIO-CRITICAL **: 11:27:42.994: g_file_query_info_async: assertion 'G_IS_FILE (file)' failed

(Thunar:5175): GLib-GObject-CRITICAL **: 11:27:42.994: g_object_unref: assertion 'G_IS_OBJECT (object)' failed

(Thunar:5175): Gdk-WARNING **: 11:27:44.480: gdk_window_set_icon_list: icons too large

Fri Nov 22 11:30:11 2019
 Connections: closed: 0.0.0.0::50280 (Clean disconnection)
 SMsgWriter:  framebuffer updates 1967
 SMsgWriter:    copyRect rects 839, bytes 13424
 SMsgWriter:    hextile rects 4629, bytes 11303509
 SMsgWriter:    raw bytes equivalent 127438320, compression ratio 11.274226

Fri Nov 22 11:30:47 2019
 Connections: accepted: 0.0.0.0::50358
 SConnection: Client needs protocol version 3.8
 SConnection: Client requests security type VncAuth(2)

Fri Nov 22 11:30:51 2019
 VNCSConnST:  Server default pixel format depth 16 (16bpp) little-endian rgb565
 VNCSConnST:  Client pixel format depth 16 (16bpp) little-endian rgb565
xfce4-appfinder: failed to execute: Failed to execute child process “E:python1” (No such file or directory)
xfce4-appfinder: failed to execute: Failed to execute child process “E:python1” (No such file or directory)

(polkit-gnome-authentication-agent-1:5181): polkit-gnome-1-WARNING **: 11:38:22.956: Couldn't open user icon: Failed to open file '/home/adom/.face': No such file or directory

(polkit-gnome-authentication-agent-1:5181): polkit-gnome-1-WARNING **: 11:38:22.957: Couldn't open user icon: Failed to open file '/home/test/.face': No such file or directory
Gtk-Message: 11:38:22.963: GtkDialog mapped without a transient parent. This is discouraged.

(polkit-gnome-authentication-agent-1:5181): polkit-gnome-1-WARNING **: 12:42:44.033: Couldn't open user icon: Failed to open file '/home/adom/.face': No such file or directory

(polkit-gnome-authentication-agent-1:5181): polkit-gnome-1-WARNING **: 12:42:44.035: Couldn't open user icon: Failed to open file '/home/test/.face': No such file or directory
Gtk-Message: 12:42:44.042: GtkDialog mapped without a transient parent. This is discouraged.

Fri Nov 22 12:42:58 2019
 Connections: closed: 0.0.0.0::50358 (Clean disconnection)
 SMsgWriter:  framebuffer updates 9525
 SMsgWriter:    copyRect rects 3276, bytes 52416
 SMsgWriter:    hextile rects 16256, bytes 51267962
 SMsgWriter:    raw bytes equivalent 681196260, compression ratio 13.286978
xfce4-session-Message: 16:52:30.787: Got disconnected from D-Bus.  Unless this happened during session shutdown, this is probably a bad thing.

Received signal:15->'Terminated'

(tracker-miner-fs:5183): GLib-GIO-CRITICAL **: 16:52:30.805: Error while sending AddMatch() message: The connection is closed

(tracker-miner-fs:5183): GLib-GIO-CRITICAL **: 16:52:30.805: Error while sending AddMatch() message: The connection is closed

(tracker-miner-fs:5183): GLib-GIO-CRITICAL **: 16:52:30.805: Error while sending AddMatch() message: The connection is closed
xfdesktop: Fatal IO error 11 (Resource temporarily unavailable) on X server :5.0.
