
Xvnc Free Edition 4.1.1 - built Feb 25 2015 23:02:21
Copyright (C) 2002-2005 RealVNC Ltd.
See http://www.realvnc.com for information on VNC.
Underlying X server release 40300000, The XFree86 Project, Inc


Thu Feb 27 09:46:19 2020
 vncext:      VNC extension running!
 vncext:      Listening for VNC connections on port 5913
 vncext:      created VNC server for screen 0
error opening security policy file /etc/X11/xserver/SecurityPolicy
Could not init font path element /usr/X11R6/lib/X11/fonts/Type1/, removing from list!
Could not init font path element /usr/X11R6/lib/X11/fonts/Speedo/, removing from list!
Could not init font path element /usr/X11R6/lib/X11/fonts/misc/, removing from list!
Could not init font path element /usr/X11R6/lib/X11/fonts/75dpi/, removing from list!
Could not init font path element /usr/X11R6/lib/X11/fonts/100dpi/, removing from list!
Could not init font path element /usr/share/fonts/X11/75dpi/, removing from list!
Could not init font path element /usr/share/fonts/X11/100dpi/, removing from list!
xrdb: No such file or directory
xrdb: can't open file '/home/is28/konnov28/.Xresources'
/usr/bin/startxfce4: X server already running on display :13
gpg-agent[9330]: WARNING: "--write-env-file" is an obsolete option - it has no effect
gpg-agent: a gpg-agent is already running - not starting a new one

(xfce4-session:9320): xfce4-session-WARNING **: 09:46:22.779: gpg-agent returned no PID in the variables

(xfce4-session:9320): xfce4-session-WARNING **: 09:46:22.783: xfsm_manager_load_session: Something wrong with /home/is28/konnov28/.cache/sessions/xfce4-session-virt-1:13, Does it exist? Permissions issue?

(xfwm4:9334): xfwm4-WARNING **: 09:46:22.811: The display does not support the XRender extension.

(xfwm4:9334): xfwm4-WARNING **: 09:46:22.811: The display does not support the XComposite extension.

(xfwm4:9334): xfwm4-WARNING **: 09:46:22.811: The display does not support the XDamage extension.

(xfwm4:9334): xfwm4-WARNING **: 09:46:22.811: The display does not support the XFixes extension.

(xfwm4:9334): xfwm4-WARNING **: 09:46:22.811: Compositing manager disabled.

** (light-locker:9343): ERROR **: 09:46:22.841: Environment variable XDG_SESSION_PATH not set. Is LightDM running?
(uint32 1,)

(polkit-gnome-authentication-agent-1:9346): GLib-CRITICAL **: 09:46:22.889: g_variant_new_string: assertion 'string != NULL' failed

(polkit-gnome-authentication-agent-1:9346): polkit-gnome-1-WARNING **: 09:46:22.890: Failed to register client: GDBus.Error:org.freedesktop.DBus.Error.ServiceUnknown: The name org.gnome.SessionManager was not provided by any .service files
xfwm4-Message: 09:46:22.939: Unsupported keyboard modifier '<Super>Tab'

(xfsettingsd:9345): xfsettingsd-CRITICAL **: 09:46:22.945: RANDR extension is too old, version 1.1. Display settings won't be applied.
Xlib:  extension "XInputExtension" missing on display ":13.0".

(xfsettingsd:9345): xfsettingsd-CRITICAL **: 09:46:22.946: XI is not present.

(xfsettingsd:9345): xfsettingsd-CRITICAL **: 09:46:22.947: Failed to initialize the Xkb extension.

(xfsettingsd:9345): xfsettingsd-CRITICAL **: 09:46:22.953: Failed to initialize the Accessibility extension.
xfwm4-Message: 09:46:23.012: Unsupported keyboard modifier '<Super>Tab'

(nm-applet:9430): Gtk-WARNING **: 09:46:23.270: Can't set a parent on widget which has a parent

(nm-applet:9430): Gdk-CRITICAL **: 09:46:23.436: gdk_window_thaw_toplevel_updates: assertion 'window->update_and_descendants_freeze_count > 0' failed

Thu Feb 27 09:46:29 2020
 Connections: accepted: 0.0.0.0::49313
 SConnection: Client needs protocol version 3.8
 SConnection: Client requests security type VncAuth(2)
/usr/lib/ubuntu-release-upgrader/check-new-release-gtk:30: PyGIWarning: Gtk was imported without specifying a version first. Use gi.require_version('Gtk', '3.0') before import to ensure that the right version gets loaded.
  from gi.repository import Gtk
WARNING:root:timeout reached, exiting
/usr/lib/python3/dist-packages/blueman/plugins/applet/AppIndicator.py:8: PyGIWarning: AppIndicator3 was imported without specifying a version first. Use gi.require_version('AppIndicator3', '0.1') before import to ensure that the right version gets loaded.
  from gi.repository import AppIndicator3 as girAppIndicator
ERROR:dbus.proxies:Introspect error on org.bluez:/org/bluez: dbus.exceptions.DBusException: org.freedesktop.DBus.Error.AccessDenied: Rejected send message, 2 matched rules; type="method_call", sender=":1.467" (uid=1273 pid=9402 comm="/usr/bin/python3 /usr/bin/blueman-applet " label="unconfined") interface="org.freedesktop.DBus.Introspectable" member="Introspect" error name="(unset)" requested_reply="0" destination="org.bluez" (bus)
ERROR:dbus.proxies:Introspect error on org.bluez:/: dbus.exceptions.DBusException: org.freedesktop.DBus.Error.AccessDenied: Rejected send message, 2 matched rules; type="method_call", sender=":1.467" (uid=1273 pid=9402 comm="/usr/bin/python3 /usr/bin/blueman-applet " label="unconfined") interface="org.freedesktop.DBus.Introspectable" member="Introspect" error name="(unset)" requested_reply="0" destination="org.bluez" (bus)
ERROR:dbus.proxies:Introspect error on org.bluez:/: dbus.exceptions.DBusException: org.freedesktop.DBus.Error.AccessDenied: Rejected send message, 2 matched rules; type="method_call", sender=":1.467" (uid=1273 pid=9402 comm="/usr/bin/python3 /usr/bin/blueman-applet " label="unconfined") interface="org.freedesktop.DBus.Introspectable" member="Introspect" error name="(unset)" requested_reply="0" destination="org.bluez" (bus)

Thu Feb 27 09:47:03 2020
 VNCSConnST:  Server default pixel format depth 16 (16bpp) little-endian rgb565
 VNCSConnST:  Client pixel format depth 16 (16bpp) little-endian rgb565

(polkit-gnome-authentication-agent-1:9346): polkit-gnome-1-WARNING **: 09:47:24.899: Couldn't open user icon: Failed to open file '/home/adom/.face': No such file or directory

(polkit-gnome-authentication-agent-1:9346): polkit-gnome-1-WARNING **: 09:47:24.900: Couldn't open user icon: Failed to open file '/home/test/.face': No such file or directory
Gtk-Message: 09:47:24.936: GtkDialog mapped without a transient parent. This is discouraged.

(Thunar:9340): Gdk-WARNING **: 09:56:43.882: gdk_window_set_icon_list: icons too large

(Thunar:9340): Gdk-WARNING **: 09:57:31.394: gdk_window_set_icon_list: icons too large

(nm-applet:9430): Gtk-CRITICAL **: 10:32:51.315: gtk_widget_destroy: assertion 'GTK_IS_WIDGET (widget)' failed

(nm-applet:9430): Gtk-CRITICAL **: 10:32:51.315: gtk_widget_destroy: assertion 'GTK_IS_WIDGET (widget)' failed

(nm-applet:9430): Gtk-WARNING **: 10:32:51.316: Can't set a parent on widget which has a parent

(nm-applet:9430): Gtk-CRITICAL **: 10:32:56.651: gtk_widget_destroy: assertion 'GTK_IS_WIDGET (widget)' failed

(nm-applet:9430): Gtk-CRITICAL **: 10:32:56.651: gtk_widget_destroy: assertion 'GTK_IS_WIDGET (widget)' failed

(nm-applet:9430): Gtk-WARNING **: 10:32:56.652: Can't set a parent on widget which has a parent

Thu Feb 27 10:53:13 2020
 Connections: closed: 0.0.0.0::49313 (Clean disconnection)
 SMsgWriter:  framebuffer updates 3941
 SMsgWriter:    copyRect rects 6530, bytes 104480
 SMsgWriter:    hextile rects 13934, bytes 49447065
 SMsgWriter:    raw bytes equivalent 649439282, compression ratio 13.134031
ERROR:dbus.proxies:Introspect error on org.bluez:/: dbus.exceptions.DBusException: org.freedesktop.DBus.Error.AccessDenied: Rejected send message, 2 matched rules; type="method_call", sender=":1.467" (uid=1273 pid=9402 comm="/usr/bin/python3 /usr/bin/blueman-applet " label="unconfined") interface="org.freedesktop.DBus.Introspectable" member="Introspect" error name="(unset)" requested_reply="0" destination="org.bluez" (uid=0 pid=63953 comm="/usr/lib/bluetooth/bluetoothd " label="unconfined")

(xfwm4:9334): libxfce4ui-WARNING **: 09:42:23.271: ICE I/O Error

(xfwm4:9334): libxfce4ui-WARNING **: 09:42:23.271: Disconnected from session manager.

(xfdesktop:9342): libxfce4ui-WARNING **: 09:42:23.278: ICE I/O Error

(xfdesktop:9342): libxfce4ui-WARNING **: 09:42:23.378: Disconnected from session manager.
xfdesktop: Fatal IO error 25 (Inappropriate ioctl for device) on X server :13.0.
xfwm4: Fatal IO error 25 (Inappropriate ioctl for device) on X server :13.0.
