
Xvnc Free Edition 4.1.1 - built Feb 25 2015 23:02:21
Copyright (C) 2002-2005 RealVNC Ltd.
See http://www.realvnc.com for information on VNC.
Underlying X server release 40300000, The XFree86 Project, Inc


Fri Nov 22 11:17:21 2019
 vncext:      VNC extension running!
 vncext:      Listening for VNC connections on port 5915
 vncext:      created VNC server for screen 0
error opening security policy file /etc/X11/xserver/SecurityPolicy
Could not init font path element /usr/X11R6/lib/X11/fonts/Type1/, removing from list!
Could not init font path element /usr/X11R6/lib/X11/fonts/Speedo/, removing from list!
Could not init font path element /usr/X11R6/lib/X11/fonts/misc/, removing from list!
Could not init font path element /usr/X11R6/lib/X11/fonts/75dpi/, removing from list!
Could not init font path element /usr/X11R6/lib/X11/fonts/100dpi/, removing from list!
Could not init font path element /usr/share/fonts/X11/75dpi/, removing from list!
Could not init font path element /usr/share/fonts/X11/100dpi/, removing from list!
xrdb: No such file or directory
xrdb: can't open file '/home/is28/konnov28/.Xresources'
/usr/bin/startxfce4: X server already running on display :15
gpg-agent[10684]: WARNING: "--write-env-file" is an obsolete option - it has no effect
gpg-agent: a gpg-agent is already running - not starting a new one

(xfce4-session:10674): xfce4-session-WARNING **: 11:17:24.767: gpg-agent returned no PID in the variables

(xfce4-session:10674): xfce4-session-WARNING **: 11:17:24.776: xfsm_manager_load_session: Something wrong with /home/is28/konnov28/.cache/sessions/xfce4-session-virt-1:15, Does it exist? Permissions issue?

(xfwm4:10688): xfwm4-WARNING **: 11:17:24.813: The display does not support the XRender extension.

(xfwm4:10688): xfwm4-WARNING **: 11:17:24.814: The display does not support the XComposite extension.

(xfwm4:10688): xfwm4-WARNING **: 11:17:24.814: The display does not support the XDamage extension.

(xfwm4:10688): xfwm4-WARNING **: 11:17:24.814: The display does not support the XFixes extension.

(xfwm4:10688): xfwm4-WARNING **: 11:17:24.814: Compositing manager disabled.

** (light-locker:10697): ERROR **: 11:17:24.869: Environment variable XDG_SESSION_PATH not set. Is LightDM running?

(polkit-gnome-authentication-agent-1:10699): GLib-CRITICAL **: 11:17:24.925: g_variant_new_string: assertion 'string != NULL' failed

(polkit-gnome-authentication-agent-1:10699): polkit-gnome-1-WARNING **: 11:17:24.926: Failed to register client: GDBus.Error:org.freedesktop.DBus.Error.ServiceUnknown: The name org.gnome.SessionManager was not provided by any .service files
xfwm4-Message: 11:17:24.954: Unsupported keyboard modifier '<Super>Tab'
(uint32 1,)

(xfsettingsd:10702): xfsettingsd-CRITICAL **: 11:17:25.022: RANDR extension is too old, version 1.1. Display settings won't be applied.
Xlib:  extension "XInputExtension" missing on display ":15.0".

(xfsettingsd:10702): xfsettingsd-CRITICAL **: 11:17:25.025: XI is not present.

(xfsettingsd:10702): xfsettingsd-CRITICAL **: 11:17:25.025: Failed to initialize the Xkb extension.

(xfsettingsd:10702): xfsettingsd-CRITICAL **: 11:17:25.026: Failed to initialize the Accessibility extension.
xfwm4-Message: 11:17:25.142: Unsupported keyboard modifier '<Super>Tab'

(nm-applet:10781): Gtk-WARNING **: 11:17:25.511: Can't set a parent on widget which has a parent

(nm-applet:10781): Gdk-CRITICAL **: 11:17:25.663: gdk_window_thaw_toplevel_updates: assertion 'window->update_and_descendants_freeze_count > 0' failed
/usr/lib/python3/dist-packages/blueman/plugins/applet/AppIndicator.py:8: PyGIWarning: AppIndicator3 was imported without specifying a version first. Use gi.require_version('AppIndicator3', '0.1') before import to ensure that the right version gets loaded.
  from gi.repository import AppIndicator3 as girAppIndicator
ERROR:dbus.proxies:Introspect error on org.bluez:/org/bluez: dbus.exceptions.DBusException: org.freedesktop.DBus.Error.AccessDenied: Rejected send message, 2 matched rules; type="method_call", sender=":1.939" (uid=1273 pid=10751 comm="/usr/bin/python3 /usr/bin/blueman-applet " label="unconfined") interface="org.freedesktop.DBus.Introspectable" member="Introspect" error name="(unset)" requested_reply="0" destination="org.bluez" (bus)
ERROR:dbus.proxies:Introspect error on org.bluez:/: dbus.exceptions.DBusException: org.freedesktop.DBus.Error.AccessDenied: Rejected send message, 2 matched rules; type="method_call", sender=":1.939" (uid=1273 pid=10751 comm="/usr/bin/python3 /usr/bin/blueman-applet " label="unconfined") interface="org.freedesktop.DBus.Introspectable" member="Introspect" error name="(unset)" requested_reply="0" destination="org.bluez" (bus)
ERROR:dbus.proxies:Introspect error on org.bluez:/: dbus.exceptions.DBusException: org.freedesktop.DBus.Error.AccessDenied: Rejected send message, 2 matched rules; type="method_call", sender=":1.939" (uid=1273 pid=10751 comm="/usr/bin/python3 /usr/bin/blueman-applet " label="unconfined") interface="org.freedesktop.DBus.Introspectable" member="Introspect" error name="(unset)" requested_reply="0" destination="org.bluez" (bus)
xfwm4: Fatal IO error 11 (Resource temporarily unavailable) on X server :15.0.
xfdesktop: Fatal IO error 11 (Resource temporarily unavailable) on X server :15.0.
