
Xvnc Free Edition 4.1.1 - built Feb 25 2015 23:02:21
Copyright (C) 2002-2005 RealVNC Ltd.
See http://www.realvnc.com for information on VNC.
Underlying X server release 40300000, The XFree86 Project, Inc


Wed Dec 11 12:09:43 2019
 vncext:      VNC extension running!
 vncext:      Listening for VNC connections on port 5915
 vncext:      created VNC server for screen 0
error opening security policy file /etc/X11/xserver/SecurityPolicy
Could not init font path element /usr/X11R6/lib/X11/fonts/Type1/, removing from list!
Could not init font path element /usr/X11R6/lib/X11/fonts/Speedo/, removing from list!
Could not init font path element /usr/X11R6/lib/X11/fonts/misc/, removing from list!
Could not init font path element /usr/X11R6/lib/X11/fonts/75dpi/, removing from list!
Could not init font path element /usr/X11R6/lib/X11/fonts/100dpi/, removing from list!
Could not init font path element /usr/share/fonts/X11/75dpi/, removing from list!
Could not init font path element /usr/share/fonts/X11/100dpi/, removing from list!
xrdb: No such file or directory
xrdb: can't open file '/home/is28/zavadskaya28/.Xresources'
/usr/bin/startxfce4: X server already running on display :15
gpg-agent[30420]: WARNING: "--write-env-file" is an obsolete option - it has no effect
gpg-agent: a gpg-agent is already running - not starting a new one

(xfce4-session:30410): xfce4-session-WARNING **: 12:09:46.803: gpg-agent returned no PID in the variables

(xfce4-session:30410): xfce4-session-WARNING **: 12:09:46.812: xfsm_manager_load_session: Something wrong with /home/is28/zavadskaya28/.cache/sessions/xfce4-session-virt-1:15, Does it exist? Permissions issue?

(xfwm4:30424): xfwm4-WARNING **: 12:09:46.838: The display does not support the XRender extension.

(xfwm4:30424): xfwm4-WARNING **: 12:09:46.838: The display does not support the XComposite extension.

(xfwm4:30424): xfwm4-WARNING **: 12:09:46.838: The display does not support the XDamage extension.

(xfwm4:30424): xfwm4-WARNING **: 12:09:46.838: The display does not support the XFixes extension.

(xfwm4:30424): xfwm4-WARNING **: 12:09:46.838: Compositing manager disabled.
(uint32 1,)

(xfsettingsd:30434): xfsettingsd-CRITICAL **: 12:09:46.917: RANDR extension is too old, version 1.1. Display settings won't be applied.
Xlib:  extension "XInputExtension" missing on display ":15.0".

(xfsettingsd:30434): xfsettingsd-CRITICAL **: 12:09:46.917: XI is not present.

(xfsettingsd:30434): xfsettingsd-CRITICAL **: 12:09:46.917: Failed to initialize the Xkb extension.

(xfsettingsd:30434): xfsettingsd-CRITICAL **: 12:09:46.918: Failed to initialize the Accessibility extension.

** (light-locker:30433): ERROR **: 12:09:46.939: Environment variable XDG_SESSION_PATH not set. Is LightDM running?
xfwm4-Message: 12:09:46.949: Unsupported keyboard modifier '<Super>Tab'

(polkit-gnome-authentication-agent-1:30436): GLib-CRITICAL **: 12:09:46.981: g_variant_new_string: assertion 'string != NULL' failed

(polkit-gnome-authentication-agent-1:30436): polkit-gnome-1-WARNING **: 12:09:46.983: Failed to register client: GDBus.Error:org.freedesktop.DBus.Error.ServiceUnknown: The name org.gnome.SessionManager was not provided by any .service files
xfwm4-Message: 12:09:47.037: Unsupported keyboard modifier '<Super>Tab'

(nm-applet:30490): Gtk-WARNING **: 12:09:47.371: Can't set a parent on widget which has a parent

(nm-applet:30490): Gdk-CRITICAL **: 12:09:47.517: gdk_window_thaw_toplevel_updates: assertion 'window->update_and_descendants_freeze_count > 0' failed

Wed Dec 11 12:10:06 2019
 Connections: accepted: 0.0.0.0::65531
 SConnection: Client needs protocol version 3.8
 SConnection: Client requests security type VncAuth(2)
/usr/lib/ubuntu-release-upgrader/check-new-release-gtk:30: PyGIWarning: Gtk was imported without specifying a version first. Use gi.require_version('Gtk', '3.0') before import to ensure that the right version gets loaded.
  from gi.repository import Gtk
WARNING:root:timeout reached, exiting

Wed Dec 11 12:10:12 2019
 VNCSConnST:  Server default pixel format depth 16 (16bpp) little-endian rgb565
 VNCSConnST:  Client pixel format depth 16 (16bpp) little-endian rgb565
/usr/lib/python3/dist-packages/blueman/plugins/applet/AppIndicator.py:8: PyGIWarning: AppIndicator3 was imported without specifying a version first. Use gi.require_version('AppIndicator3', '0.1') before import to ensure that the right version gets loaded.
  from gi.repository import AppIndicator3 as girAppIndicator
ERROR:dbus.proxies:Introspect error on org.bluez:/org/bluez: dbus.exceptions.DBusException: org.freedesktop.DBus.Error.AccessDenied: Rejected send message, 2 matched rules; type="method_call", sender=":1.1233" (uid=1272 pid=30475 comm="/usr/bin/python3 /usr/bin/blueman-applet " label="unconfined") interface="org.freedesktop.DBus.Introspectable" member="Introspect" error name="(unset)" requested_reply="0" destination="org.bluez" (bus)
ERROR:dbus.proxies:Introspect error on org.bluez:/: dbus.exceptions.DBusException: org.freedesktop.DBus.Error.AccessDenied: Rejected send message, 2 matched rules; type="method_call", sender=":1.1233" (uid=1272 pid=30475 comm="/usr/bin/python3 /usr/bin/blueman-applet " label="unconfined") interface="org.freedesktop.DBus.Introspectable" member="Introspect" error name="(unset)" requested_reply="0" destination="org.bluez" (bus)
ERROR:dbus.proxies:Introspect error on org.bluez:/: dbus.exceptions.DBusException: org.freedesktop.DBus.Error.AccessDenied: Rejected send message, 2 matched rules; type="method_call", sender=":1.1233" (uid=1272 pid=30475 comm="/usr/bin/python3 /usr/bin/blueman-applet " label="unconfined") interface="org.freedesktop.DBus.Introspectable" member="Introspect" error name="(unset)" requested_reply="0" destination="org.bluez" (bus)

(wrapper-1.0:30579): Gdk-WARNING **: 12:10:12.526: /build/gtk+2.0-AoeliP/gtk+2.0-2.24.32/gdk/x11/gdkdrawable-x11.c:952 drawable is not a pixmap or window

(Thunar:30430): Gdk-WARNING **: 12:10:21.100: gdk_window_set_icon_list: icons too large

(Thunar:30430): Gdk-WARNING **: 12:11:49.517: gdk_window_set_icon_list: icons too large

(Thunar:30430): Gdk-WARNING **: 12:11:53.381: gdk_window_set_icon_list: icons too large

(Thunar:30430): Gdk-WARNING **: 12:12:03.742: gdk_window_set_icon_list: icons too large

(Thunar:30430): Gdk-WARNING **: 12:12:10.814: gdk_window_set_icon_list: icons too large
[ERROR audio_thread_priority::rt_linux] setrlimit64: 1

Wed Dec 11 12:29:26 2019
 XserverDesktop: Added unknown keysym 0x6e7 to keycode 255
xfwm4-Message: 12:29:26.856: Unsupported keyboard modifier '<Super>Tab'

Wed Dec 11 12:29:27 2019
 XserverDesktop: Added unknown keysym 0xd3 to keycode 254
xfwm4-Message: 12:29:27.823: Unsupported keyboard modifier '<Super>Tab'

Wed Dec 11 12:29:29 2019
 XserverDesktop: Added unknown keysym 0x6ec to keycode 253
xfwm4-Message: 12:29:29.432: Unsupported keyboard modifier '<Super>Tab'
[Parent 31573, Gecko_IOThread] WARNING: pipe error (74): Connection reset by peer: file /build/firefox-AWfb_V/firefox-71.0+build5/ipc/chromium/src/chrome/common/ipc_channel_posix.cc, line 358
[Parent 31573, Gecko_IOThread] WARNING: pipe error (80): Connection reset by peer: file /build/firefox-AWfb_V/firefox-71.0+build5/ipc/chromium/src/chrome/common/ipc_channel_posix.cc, line 358

Wed Dec 11 12:44:47 2019
 Connections: closed: 0.0.0.0::65531 (Clean disconnection)
 SMsgWriter:  framebuffer updates 2588
 SMsgWriter:    copyRect rects 67, bytes 1072
 SMsgWriter:    hextile rects 11591, bytes 32985960
 SMsgWriter:    raw bytes equivalent 374545162, compression ratio 11.354684

(xfdesktop:30432): libxfce4ui-WARNING **: 11:14:10.123: ICE I/O Error

(xfsettingsd:30434): libxfce4ui-WARNING **: 11:14:10.123: ICE I/O Error

(xfdesktop:30432): libxfce4ui-WARNING **: 11:14:10.123: Disconnected from session manager.

(xfsettingsd:30434): libxfce4ui-WARNING **: 11:14:10.123: Disconnected from session manager.

(xfwm4:30424): libxfce4ui-WARNING **: 11:14:10.123: ICE I/O Error

(xfwm4:30424): libxfce4ui-WARNING **: 11:14:10.123: Disconnected from session manager.

(xfce4-panel:30428): libxfce4ui-WARNING **: 11:14:10.123: ICE I/O Error

(xfce4-panel:30428): libxfce4ui-WARNING **: 11:14:10.123: Disconnected from session manager.

(xfdesktop:30432): GVFS-RemoteVolumeMonitor-WARNING **: 11:14:10.124: Owner of volume monitor org.gtk.vfs.GPhoto2VolumeMonitor disconnected from the bus; removing drives/volumes/mounts

(Thunar:30430): GVFS-RemoteVolumeMonitor-WARNING **: 11:14:10.124: Owner of volume monitor org.gtk.vfs.GPhoto2VolumeMonitor disconnected from the bus; removing drives/volumes/mounts

(tracker-extract:30446): GVFS-RemoteVolumeMonitor-WARNING **: 11:14:10.124: Owner of volume monitor org.gtk.vfs.GPhoto2VolumeMonitor disconnected from the bus; removing drives/volumes/mounts

(tracker-miner-fs:30438): GVFS-RemoteVolumeMonitor-WARNING **: 11:14:10.124: Owner of volume monitor org.gtk.vfs.GPhoto2VolumeMonitor disconnected from the bus; removing drives/volumes/mounts

Received signal:15->'Terminated'

Received signal:15->'Terminated'

OK


Received signal:15->'Terminated'
xfwm4: Fatal IO error 11 (Resource temporarily unavailable) on X server :15.0.

OK

xfce4-panel: Fatal IO error 4 (Interrupted system call) on X server :15.0.
xfsettingsd: Fatal IO error 11 (Resource temporarily unavailable) on X server :15.0.
xfdesktop: Fatal IO error 11 (Resource temporarily unavailable) on X server :15.0.
