
Xvnc Free Edition 4.1.1 - built Feb 25 2015 23:02:21
Copyright (C) 2002-2005 RealVNC Ltd.
See http://www.realvnc.com for information on VNC.
Underlying X server release 40300000, The XFree86 Project, Inc


Thu Feb 27 10:02:49 2020
 vncext:      VNC extension running!
 vncext:      Listening for VNC connections on port 5918
 vncext:      created VNC server for screen 0
error opening security policy file /etc/X11/xserver/SecurityPolicy
Could not init font path element /usr/X11R6/lib/X11/fonts/Type1/, removing from list!
Could not init font path element /usr/X11R6/lib/X11/fonts/Speedo/, removing from list!
Could not init font path element /usr/X11R6/lib/X11/fonts/misc/, removing from list!
Could not init font path element /usr/X11R6/lib/X11/fonts/75dpi/, removing from list!
Could not init font path element /usr/X11R6/lib/X11/fonts/100dpi/, removing from list!
Could not init font path element /usr/share/fonts/X11/75dpi/, removing from list!
Could not init font path element /usr/share/fonts/X11/100dpi/, removing from list!
xrdb: No such file or directory
xrdb: can't open file '/home/is28/zavadskaya28/.Xresources'
/usr/bin/startxfce4: X server already running on display :18
gpg-agent[19137]: WARNING: "--write-env-file" is an obsolete option - it has no effect
gpg-agent: a gpg-agent is already running - not starting a new one

(xfce4-session:19122): xfce4-session-WARNING **: 10:02:52.948: gpg-agent returned no PID in the variables

(xfce4-session:19122): xfce4-session-WARNING **: 10:02:52.950: xfsm_manager_load_session: Something wrong with /home/is28/zavadskaya28/.cache/sessions/xfce4-session-virt-1:18, Does it exist? Permissions issue?

(xfwm4:19141): xfwm4-WARNING **: 10:02:52.993: The display does not support the XRender extension.

(xfwm4:19141): xfwm4-WARNING **: 10:02:52.993: The display does not support the XComposite extension.

(xfwm4:19141): xfwm4-WARNING **: 10:02:52.993: The display does not support the XDamage extension.

(xfwm4:19141): xfwm4-WARNING **: 10:02:52.993: The display does not support the XFixes extension.

(xfwm4:19141): xfwm4-WARNING **: 10:02:52.993: Compositing manager disabled.
(uint32 1,)

** (light-locker:19150): ERROR **: 10:02:53.038: Environment variable XDG_SESSION_PATH not set. Is LightDM running?

(xfsettingsd:19151): xfsettingsd-CRITICAL **: 10:02:53.119: RANDR extension is too old, version 1.1. Display settings won't be applied.
Xlib:  extension "XInputExtension" missing on display ":18.0".

(xfsettingsd:19151): xfsettingsd-CRITICAL **: 10:02:53.120: XI is not present.

(polkit-gnome-authentication-agent-1:19153): GLib-CRITICAL **: 10:02:53.120: g_variant_new_string: assertion 'string != NULL' failed

(xfsettingsd:19151): xfsettingsd-CRITICAL **: 10:02:53.121: Failed to initialize the Xkb extension.

(polkit-gnome-authentication-agent-1:19153): polkit-gnome-1-WARNING **: 10:02:53.121: Failed to register client: GDBus.Error:org.freedesktop.DBus.Error.ServiceUnknown: The name org.gnome.SessionManager was not provided by any .service files

(xfsettingsd:19151): xfsettingsd-CRITICAL **: 10:02:53.124: Failed to initialize the Accessibility extension.
xfwm4-Message: 10:02:53.188: Unsupported keyboard modifier '<Super>Tab'
xfwm4-Message: 10:02:53.268: Unsupported keyboard modifier '<Super>Tab'

(nm-applet:19209): Gtk-WARNING **: 10:02:53.533: Can't set a parent on widget which has a parent

(nm-applet:19209): Gdk-CRITICAL **: 10:02:53.675: gdk_window_thaw_toplevel_updates: assertion 'window->update_and_descendants_freeze_count > 0' failed
/usr/lib/python3/dist-packages/blueman/plugins/applet/AppIndicator.py:8: PyGIWarning: AppIndicator3 was imported without specifying a version first. Use gi.require_version('AppIndicator3', '0.1') before import to ensure that the right version gets loaded.
  from gi.repository import AppIndicator3 as girAppIndicator
ERROR:dbus.proxies:Introspect error on org.bluez:/org/bluez: dbus.exceptions.DBusException: org.freedesktop.DBus.Error.AccessDenied: Rejected send message, 2 matched rules; type="method_call", sender=":1.794" (uid=1272 pid=19198 comm="/usr/bin/python3 /usr/bin/blueman-applet " label="unconfined") interface="org.freedesktop.DBus.Introspectable" member="Introspect" error name="(unset)" requested_reply="0" destination="org.bluez" (bus)
ERROR:dbus.proxies:Introspect error on org.bluez:/: dbus.exceptions.DBusException: org.freedesktop.DBus.Error.AccessDenied: Rejected send message, 2 matched rules; type="method_call", sender=":1.794" (uid=1272 pid=19198 comm="/usr/bin/python3 /usr/bin/blueman-applet " label="unconfined") interface="org.freedesktop.DBus.Introspectable" member="Introspect" error name="(unset)" requested_reply="0" destination="org.bluez" (bus)
ERROR:dbus.proxies:Introspect error on org.bluez:/: dbus.exceptions.DBusException: org.freedesktop.DBus.Error.AccessDenied: Rejected send message, 2 matched rules; type="method_call", sender=":1.794" (uid=1272 pid=19198 comm="/usr/bin/python3 /usr/bin/blueman-applet " label="unconfined") interface="org.freedesktop.DBus.Introspectable" member="Introspect" error name="(unset)" requested_reply="0" destination="org.bluez" (bus)

Thu Feb 27 10:03:12 2020
 Connections: accepted: 0.0.0.0::50087
 SConnection: Client needs protocol version 3.8
 SConnection: Client requests security type VncAuth(2)

Thu Feb 27 10:03:16 2020
 VNCSConnST:  Server default pixel format depth 16 (16bpp) little-endian rgb565
 VNCSConnST:  Client pixel format depth 16 (16bpp) little-endian rgb565

(polkit-gnome-authentication-agent-1:19153): polkit-gnome-1-WARNING **: 10:03:34.304: Couldn't open user icon: Failed to open file '/home/adom/.face': No such file or directory

(polkit-gnome-authentication-agent-1:19153): polkit-gnome-1-WARNING **: 10:03:34.305: Couldn't open user icon: Failed to open file '/home/test/.face': No such file or directory
Gtk-Message: 10:03:34.332: GtkDialog mapped without a transient parent. This is discouraged.

(polkit-gnome-authentication-agent-1:19153): polkit-gnome-1-WARNING **: 10:03:38.442: Couldn't open user icon: Failed to open file '/home/adom/.face': No such file or directory

(polkit-gnome-authentication-agent-1:19153): polkit-gnome-1-WARNING **: 10:03:38.443: Couldn't open user icon: Failed to open file '/home/test/.face': No such file or directory
Gtk-Message: 10:03:38.448: GtkDialog mapped without a transient parent. This is discouraged.

(nm-applet:19209): Gtk-CRITICAL **: 10:32:51.324: gtk_widget_destroy: assertion 'GTK_IS_WIDGET (widget)' failed

(nm-applet:19209): Gtk-CRITICAL **: 10:32:51.324: gtk_widget_destroy: assertion 'GTK_IS_WIDGET (widget)' failed

(nm-applet:19209): Gtk-WARNING **: 10:32:51.328: Can't set a parent on widget which has a parent

(nm-applet:19209): Gtk-CRITICAL **: 10:32:56.658: gtk_widget_destroy: assertion 'GTK_IS_WIDGET (widget)' failed

(nm-applet:19209): Gtk-CRITICAL **: 10:32:56.658: gtk_widget_destroy: assertion 'GTK_IS_WIDGET (widget)' failed

(nm-applet:19209): Gtk-WARNING **: 10:32:56.659: Can't set a parent on widget which has a parent

Thu Feb 27 10:48:28 2020
 Connections: closed: 0.0.0.0::50087 (read: Connection reset by peer (104))
 SMsgWriter:  framebuffer updates 346
 SMsgWriter:    hextile rects 1591, bytes 100346917
 SMsgWriter:    raw bytes equivalent 392898384, compression ratio 3.915401
ERROR:dbus.proxies:Introspect error on org.bluez:/: dbus.exceptions.DBusException: org.freedesktop.DBus.Error.AccessDenied: Rejected send message, 2 matched rules; type="method_call", sender=":1.794" (uid=1272 pid=19198 comm="/usr/bin/python3 /usr/bin/blueman-applet " label="unconfined") interface="org.freedesktop.DBus.Introspectable" member="Introspect" error name="(unset)" requested_reply="0" destination="org.bluez" (uid=0 pid=63953 comm="/usr/lib/bluetooth/bluetoothd " label="unconfined")
xfwm4: Fatal IO error 11 (Resource temporarily unavailable) on X server :18.0.
xfdesktop: Fatal IO error 4 (Interrupted system call) on X server :18.0.
