
Xvnc Free Edition 4.1.1 - built Feb 25 2015 23:02:21
Copyright (C) 2002-2005 RealVNC Ltd.
See http://www.realvnc.com for information on VNC.
Underlying X server release 40300000, The XFree86 Project, Inc


Fri Sep 13 08:39:08 2019
 vncext:      VNC extension running!
 vncext:      Listening for VNC connections on port 5944
 vncext:      created VNC server for screen 0
error opening security policy file /etc/X11/xserver/SecurityPolicy
Could not init font path element /usr/X11R6/lib/X11/fonts/Type1/, removing from list!
Could not init font path element /usr/X11R6/lib/X11/fonts/Speedo/, removing from list!
Could not init font path element /usr/X11R6/lib/X11/fonts/misc/, removing from list!
Could not init font path element /usr/X11R6/lib/X11/fonts/75dpi/, removing from list!
Could not init font path element /usr/X11R6/lib/X11/fonts/100dpi/, removing from list!
Could not init font path element /usr/share/fonts/X11/75dpi/, removing from list!
Could not init font path element /usr/share/fonts/X11/100dpi/, removing from list!

(x-window-manager:58279): xfwm4-WARNING **: 08:39:11.316: The display does not support the XRender extension.

(x-window-manager:58279): xfwm4-WARNING **: 08:39:11.316: The display does not support the XComposite extension.

(x-window-manager:58279): xfwm4-WARNING **: 08:39:11.316: The display does not support the XDamage extension.

(x-window-manager:58279): xfwm4-WARNING **: 08:39:11.316: The display does not support the XFixes extension.

(x-window-manager:58279): xfwm4-WARNING **: 08:39:11.316: Compositing manager disabled.
Failed to connect to session manager: Failed to connect to the session manager: SESSION_MANAGER environment variable not defined
xfwm4-Message: 08:39:11.422: Unsupported keyboard modifier '<Super>Tab'
xfwm4-Message: 08:39:11.442: Unsupported keyboard modifier '<Super>Tab'

(x-window-manager:58279): xfwm4-WARNING **: 08:39:11.447: Failed to connect to session manager: Failed to connect to the session manager: SESSION_MANAGER environment variable not defined

Fri Sep 13 08:39:28 2019
 Connections: accepted: 0.0.0.0::50129
 SConnection: Client needs protocol version 3.8
 SConnection: Client requests security type VncAuth(2)

Fri Sep 13 08:39:33 2019
 SConnection: AuthFailureException: Authentication failure
 Connections: closed: 0.0.0.0::50129 (Authentication failure)

Fri Sep 13 08:39:39 2019
 Connections: accepted: 0.0.0.0::50130
 SConnection: Client needs protocol version 3.8
 SConnection: Client requests security type VncAuth(2)

Fri Sep 13 08:39:51 2019
 SConnection: AuthFailureException: Authentication failure
 Connections: closed: 0.0.0.0::50130 (Authentication failure)

Fri Sep 13 08:40:00 2019
 Connections: accepted: 0.0.0.0::50133
 SConnection: Client needs protocol version 3.8
 SConnection: Client requests security type VncAuth(2)

Fri Sep 13 08:40:17 2019
 VNCSConnST:  Server default pixel format depth 16 (16bpp) little-endian rgb565
 VNCSConnST:  Client pixel format depth 16 (16bpp) little-endian rgb565

Fri Sep 13 08:55:58 2019
 Connections: closed: 0.0.0.0::50133 (Clean disconnection)
 SMsgWriter:  framebuffer updates 1160
 SMsgWriter:    copyRect rects 500, bytes 8000
 SMsgWriter:    hextile rects 1812, bytes 3790201
 SMsgWriter:    raw bytes equivalent 159038726, compression ratio 41.960499

Fri Sep 13 08:56:32 2019
 Connections: accepted: 0.0.0.0::50209
 SConnection: Client needs protocol version 3.8
 SConnection: Client requests security type VncAuth(2)

Fri Sep 13 08:56:36 2019
 VNCSConnST:  Server default pixel format depth 16 (16bpp) little-endian rgb565
 VNCSConnST:  Client pixel format depth 16 (16bpp) little-endian rgb565
AUDIT: Fri Sep 13 09:16:42 2019: 58268 Xvnc4: client 8 rejected from local host
AUDIT: Fri Sep 13 09:16:53 2019: 58268 Xvnc4: client 8 rejected from local host
AUDIT: Fri Sep 13 09:16:56 2019: 58268 Xvnc4: client 8 rejected from local host
AUDIT: Fri Sep 13 09:17:14 2019: 58268 Xvnc4: client 8 rejected from local host
AUDIT: Fri Sep 13 09:17:29 2019: 58268 Xvnc4: client 8 rejected from local host
AUDIT: Fri Sep 13 09:17:31 2019: 58268 Xvnc4: client 8 rejected from local host
AUDIT: Fri Sep 13 09:18:05 2019: 58268 Xvnc4: client 8 rejected from local host

Fri Sep 13 09:36:55 2019
 Connections: closed: 0.0.0.0::50209 (Clean disconnection)
 SMsgWriter:  framebuffer updates 5997
 SMsgWriter:    copyRect rects 6522, bytes 104352
 SMsgWriter:    hextile rects 78978, bytes 110085412
 SMsgWriter:    raw bytes equivalent 960826846, compression ratio 8.728012
x-window-manager: Fatal IO error 4 (Interrupted system call) on X server :44.
