
Xvnc Free Edition 4.1.1 - built Feb 25 2015 23:02:21
Copyright (C) 2002-2005 RealVNC Ltd.
See http://www.realvnc.com for information on VNC.
Underlying X server release 40300000, The XFree86 Project, Inc


Thu Feb 20 09:52:35 2020
 vncext:      VNC extension running!
 vncext:      Listening for VNC connections on port 5910
 vncext:      created VNC server for screen 0
error opening security policy file /etc/X11/xserver/SecurityPolicy
Could not init font path element /usr/X11R6/lib/X11/fonts/Type1/, removing from list!
Could not init font path element /usr/X11R6/lib/X11/fonts/Speedo/, removing from list!
Could not init font path element /usr/X11R6/lib/X11/fonts/misc/, removing from list!
Could not init font path element /usr/X11R6/lib/X11/fonts/75dpi/, removing from list!
Could not init font path element /usr/X11R6/lib/X11/fonts/100dpi/, removing from list!
Could not init font path element /usr/share/fonts/X11/75dpi/, removing from list!
Could not init font path element /usr/share/fonts/X11/100dpi/, removing from list!
xrdb: No such file or directory
xrdb: can't open file '/home/is28/zavadskaya28/.Xresources'
/usr/bin/startxfce4: X server already running on display :10
gpg-agent[41911]: WARNING: "--write-env-file" is an obsolete option - it has no effect
gpg-agent: a gpg-agent is already running - not starting a new one

(xfce4-session:41901): xfce4-session-WARNING **: 09:52:38.989: gpg-agent returned no PID in the variables

(xfce4-session:41901): xfce4-session-WARNING **: 09:52:38.993: xfsm_manager_load_session: Something wrong with /home/is28/zavadskaya28/.cache/sessions/xfce4-session-virt-1:10, Does it exist? Permissions issue?

(xfwm4:41915): xfwm4-WARNING **: 09:52:39.023: The display does not support the XRender extension.

(xfwm4:41915): xfwm4-WARNING **: 09:52:39.024: The display does not support the XComposite extension.

(xfwm4:41915): xfwm4-WARNING **: 09:52:39.024: The display does not support the XDamage extension.

(xfwm4:41915): xfwm4-WARNING **: 09:52:39.024: The display does not support the XFixes extension.

(xfwm4:41915): xfwm4-WARNING **: 09:52:39.024: Compositing manager disabled.

(xfsettingsd:41926): xfsettingsd-CRITICAL **: 09:52:39.068: RANDR extension is too old, version 1.1. Display settings won't be applied.
Xlib:  extension "XInputExtension" missing on display ":10.0".

(xfsettingsd:41926): xfsettingsd-CRITICAL **: 09:52:39.069: XI is not present.

(xfsettingsd:41926): xfsettingsd-CRITICAL **: 09:52:39.070: Failed to initialize the Xkb extension.

(xfsettingsd:41926): xfsettingsd-CRITICAL **: 09:52:39.070: Failed to initialize the Accessibility extension.

** (light-locker:41924): ERROR **: 09:52:39.124: Environment variable XDG_SESSION_PATH not set. Is LightDM running?
xfwm4-Message: 09:52:39.153: Unsupported keyboard modifier '<Super>Tab'

(polkit-gnome-authentication-agent-1:41927): GLib-CRITICAL **: 09:52:39.174: g_variant_new_string: assertion 'string != NULL' failed

(polkit-gnome-authentication-agent-1:41927): polkit-gnome-1-WARNING **: 09:52:39.176: Failed to register client: GDBus.Error:org.freedesktop.DBus.Error.ServiceUnknown: The name org.gnome.SessionManager was not provided by any .service files
(uint32 1,)
xfwm4-Message: 09:52:39.395: Unsupported keyboard modifier '<Super>Tab'

(nm-applet:41956): Gtk-WARNING **: 09:52:39.712: Can't set a parent on widget which has a parent

(nm-applet:41956): Gdk-CRITICAL **: 09:52:39.877: gdk_window_thaw_toplevel_updates: assertion 'window->update_and_descendants_freeze_count > 0' failed

Thu Feb 20 09:52:58 2020
 Connections: accepted: 0.0.0.0::49313
 SConnection: Client needs protocol version 3.8
 SConnection: Client requests security type VncAuth(2)
/usr/lib/ubuntu-release-upgrader/check-new-release-gtk:30: PyGIWarning: Gtk was imported without specifying a version first. Use gi.require_version('Gtk', '3.0') before import to ensure that the right version gets loaded.
  from gi.repository import Gtk
WARNING:root:timeout reached, exiting

Thu Feb 20 09:53:02 2020
 VNCSConnST:  Server default pixel format depth 16 (16bpp) little-endian rgb565
 VNCSConnST:  Client pixel format depth 16 (16bpp) little-endian rgb565
/usr/lib/python3/dist-packages/blueman/plugins/applet/AppIndicator.py:8: PyGIWarning: AppIndicator3 was imported without specifying a version first. Use gi.require_version('AppIndicator3', '0.1') before import to ensure that the right version gets loaded.
  from gi.repository import AppIndicator3 as girAppIndicator
ERROR:dbus.proxies:Introspect error on org.bluez:/org/bluez: dbus.exceptions.DBusException: org.freedesktop.DBus.Error.AccessDenied: Rejected send message, 2 matched rules; type="method_call", sender=":1.2558" (uid=1272 pid=41954 comm="/usr/bin/python3 /usr/bin/blueman-applet " label="unconfined") interface="org.freedesktop.DBus.Introspectable" member="Introspect" error name="(unset)" requested_reply="0" destination="org.bluez" (bus)
ERROR:dbus.proxies:Introspect error on org.bluez:/: dbus.exceptions.DBusException: org.freedesktop.DBus.Error.AccessDenied: Rejected send message, 2 matched rules; type="method_call", sender=":1.2558" (uid=1272 pid=41954 comm="/usr/bin/python3 /usr/bin/blueman-applet " label="unconfined") interface="org.freedesktop.DBus.Introspectable" member="Introspect" error name="(unset)" requested_reply="0" destination="org.bluez" (bus)
ERROR:dbus.proxies:Introspect error on org.bluez:/: dbus.exceptions.DBusException: org.freedesktop.DBus.Error.AccessDenied: Rejected send message, 2 matched rules; type="method_call", sender=":1.2558" (uid=1272 pid=41954 comm="/usr/bin/python3 /usr/bin/blueman-applet " label="unconfined") interface="org.freedesktop.DBus.Introspectable" member="Introspect" error name="(unset)" requested_reply="0" destination="org.bluez" (bus)

(wrapper-1.0:42054): Gdk-WARNING **: 09:53:04.827: /build/gtk+2.0-AoeliP/gtk+2.0-2.24.32/gdk/x11/gdkdrawable-x11.c:952 drawable is not a pixmap or window

(wrapper-1.0:42054): Gdk-WARNING **: 09:53:04.827: /build/gtk+2.0-AoeliP/gtk+2.0-2.24.32/gdk/x11/gdkdrawable-x11.c:952 drawable is not a pixmap or window

(Thunar:41921): Gdk-WARNING **: 09:53:19.738: gdk_window_set_icon_list: icons too large

(Thunar:41921): Gdk-WARNING **: 10:41:08.172: gdk_window_set_icon_list: icons too large
QXcbConnection: Failed to initialize XRandr
Qt: XKEYBOARD extension not present on the X server.
Unsupported screen format: depth: 16, red_mask: 3f, blue_mask: f800
Using RGB16 fallback, if this works your X11 server is reporting a bad screen format.
Unsupported screen format: depth: 16, red_mask: 3f, blue_mask: f800
Using RGB16 fallback, if this works your X11 server is reporting a bad screen format.

Thu Feb 20 10:49:29 2020
 Connections: closed: 0.0.0.0::49313 (Clean disconnection)
 SMsgWriter:  framebuffer updates 13795
 SMsgWriter:    copyRect rects 2002, bytes 32032
 SMsgWriter:    hextile rects 39096, bytes 80806220
 SMsgWriter:    raw bytes equivalent 581612750, compression ratio 7.197624

(xfdesktop:41923): libxfce4ui-WARNING **: 09:42:15.201: ICE I/O Error

(xfdesktop:41923): libxfce4ui-WARNING **: 09:42:15.242: Disconnected from session manager.
xfdesktop: Fatal IO error 25 (Inappropriate ioctl for device) on X server :10.0.
xfwm4: Fatal IO error 4 (Interrupted system call) on X server :10.0.
