
Xvnc Free Edition 4.1.1 - built Feb 25 2015 23:02:21
Copyright (C) 2002-2005 RealVNC Ltd.
See http://www.realvnc.com for information on VNC.
Underlying X server release 40300000, The XFree86 Project, Inc


Fri Sep 27 11:20:43 2019
 vncext:      VNC extension running!
 vncext:      Listening for VNC connections on port 5913
 vncext:      created VNC server for screen 0
error opening security policy file /etc/X11/xserver/SecurityPolicy
Could not init font path element /usr/X11R6/lib/X11/fonts/Type1/, removing from list!
Could not init font path element /usr/X11R6/lib/X11/fonts/Speedo/, removing from list!
Could not init font path element /usr/X11R6/lib/X11/fonts/misc/, removing from list!
Could not init font path element /usr/X11R6/lib/X11/fonts/75dpi/, removing from list!
Could not init font path element /usr/X11R6/lib/X11/fonts/100dpi/, removing from list!
Could not init font path element /usr/share/fonts/X11/75dpi/, removing from list!
Could not init font path element /usr/share/fonts/X11/100dpi/, removing from list!

(x-window-manager:31915): xfwm4-WARNING **: 11:20:46.244: The display does not support the XRender extension.

(x-window-manager:31915): xfwm4-WARNING **: 11:20:46.244: The display does not support the XComposite extension.

(x-window-manager:31915): xfwm4-WARNING **: 11:20:46.244: The display does not support the XDamage extension.

(x-window-manager:31915): xfwm4-WARNING **: 11:20:46.244: The display does not support the XFixes extension.

(x-window-manager:31915): xfwm4-WARNING **: 11:20:46.244: Compositing manager disabled.
xfwm4-Message: 11:20:46.322: Unsupported keyboard modifier '<Super>Tab'

(x-window-manager:31915): xfwm4-WARNING **: 11:20:46.330: Failed to connect to session manager: Failed to connect to the session manager: SESSION_MANAGER environment variable not defined
Failed to connect to session manager: Failed to connect to the session manager: SESSION_MANAGER environment variable not defined

Fri Sep 27 11:22:06 2019
 Connections: accepted: 0.0.0.0::49979
 SConnection: Client needs protocol version 3.8
 SConnection: Client requests security type VncAuth(2)

Fri Sep 27 11:22:10 2019
 VNCSConnST:  Server default pixel format depth 16 (16bpp) little-endian rgb565
 VNCSConnST:  Client pixel format depth 16 (16bpp) little-endian rgb565

Fri Sep 27 11:27:34 2019
 Connections: accepted: 0.0.0.0::50024
 SConnection: Client needs protocol version 3.8
 SConnection: Client requests security type VncAuth(2)

Fri Sep 27 11:27:39 2019
 VNCSConnST:  Server default pixel format depth 16 (16bpp) little-endian rgb565
 VNCSConnST:  Client pixel format depth 16 (16bpp) little-endian rgb565
AUDIT: Fri Sep 27 11:35:13 2019: 31888 Xvnc4: client 8 rejected from local host

Fri Sep 27 12:40:40 2019
 Connections: closed: 0.0.0.0::50024 (Clean disconnection)
 SMsgWriter:  framebuffer updates 3234
 SMsgWriter:    copyRect rects 695, bytes 11120
 SMsgWriter:    hextile rects 14534, bytes 47104719
 SMsgWriter:    raw bytes equivalent 751567640, compression ratio 15.955252
 Connections: closed: 0.0.0.0::49979 (Clean disconnection)
 SMsgWriter:  framebuffer updates 405
 SMsgWriter:    copyRect rects 88, bytes 1408
 SMsgWriter:    hextile rects 1129, bytes 34821154
 SMsgWriter:    raw bytes equivalent 665099236, compression ratio 19.100436
x-window-manager: Fatal IO error 4 (Interrupted system call) on X server :13.
