
Xvnc Free Edition 4.1.1 - built Feb 25 2015 23:02:21
Copyright (C) 2002-2005 RealVNC Ltd.
See http://www.realvnc.com for information on VNC.
Underlying X server release 40300000, The XFree86 Project, Inc


Fri Nov 22 11:11:40 2019
 vncext:      VNC extension running!
 vncext:      Listening for VNC connections on port 5912
 vncext:      created VNC server for screen 0
error opening security policy file /etc/X11/xserver/SecurityPolicy
Could not init font path element /usr/X11R6/lib/X11/fonts/Type1/, removing from list!
Could not init font path element /usr/X11R6/lib/X11/fonts/Speedo/, removing from list!
Could not init font path element /usr/X11R6/lib/X11/fonts/misc/, removing from list!
Could not init font path element /usr/X11R6/lib/X11/fonts/75dpi/, removing from list!
Could not init font path element /usr/X11R6/lib/X11/fonts/100dpi/, removing from list!
Could not init font path element /usr/share/fonts/X11/75dpi/, removing from list!
Could not init font path element /usr/share/fonts/X11/100dpi/, removing from list!
xrdb: No such file or directory
xrdb: can't open file '/home/is28/zavadskaya28/.Xresources'
/usr/bin/startxfce4: X server already running on display :12
gpg-agent[8828]: WARNING: "--write-env-file" is an obsolete option - it has no effect
gpg-agent: a gpg-agent is already running - not starting a new one

(xfce4-session:8818): xfce4-session-WARNING **: 11:11:43.188: gpg-agent returned no PID in the variables

(xfce4-session:8818): xfce4-session-WARNING **: 11:11:43.193: xfsm_manager_load_session: Something wrong with /home/is28/zavadskaya28/.cache/sessions/xfce4-session-virt-1:12, Does it exist? Permissions issue?

(xfwm4:8832): xfwm4-WARNING **: 11:11:43.219: The display does not support the XRender extension.

(xfwm4:8832): xfwm4-WARNING **: 11:11:43.220: The display does not support the XComposite extension.

(xfwm4:8832): xfwm4-WARNING **: 11:11:43.220: The display does not support the XDamage extension.

(xfwm4:8832): xfwm4-WARNING **: 11:11:43.220: The display does not support the XFixes extension.

(xfwm4:8832): xfwm4-WARNING **: 11:11:43.220: Compositing manager disabled.

** (light-locker:8842): ERROR **: 11:11:43.267: Environment variable XDG_SESSION_PATH not set. Is LightDM running?

(polkit-gnome-authentication-agent-1:8844): GLib-CRITICAL **: 11:11:43.299: g_variant_new_string: assertion 'string != NULL' failed

(polkit-gnome-authentication-agent-1:8844): polkit-gnome-1-WARNING **: 11:11:43.300: Failed to register client: GDBus.Error:org.freedesktop.DBus.Error.ServiceUnknown: The name org.gnome.SessionManager was not provided by any .service files
(uint32 1,)

(xfsettingsd:8841): xfsettingsd-CRITICAL **: 11:11:43.407: RANDR extension is too old, version 1.1. Display settings won't be applied.
Xlib:  extension "XInputExtension" missing on display ":12.0".

(xfsettingsd:8841): xfsettingsd-CRITICAL **: 11:11:43.408: XI is not present.

(xfsettingsd:8841): xfsettingsd-CRITICAL **: 11:11:43.408: Failed to initialize the Xkb extension.

(xfsettingsd:8841): xfsettingsd-CRITICAL **: 11:11:43.408: Failed to initialize the Accessibility extension.
xfwm4-Message: 11:11:43.444: Unsupported keyboard modifier '<Super>Tab'
xfwm4-Message: 11:11:43.573: Unsupported keyboard modifier '<Super>Tab'

(nm-applet:8948): Gtk-WARNING **: 11:11:43.800: Can't set a parent on widget which has a parent

(nm-applet:8948): Gdk-CRITICAL **: 11:11:43.949: gdk_window_thaw_toplevel_updates: assertion 'window->update_and_descendants_freeze_count > 0' failed

Fri Nov 22 11:11:53 2019
 Connections: accepted: 0.0.0.0::50171
 SConnection: Client needs protocol version 3.8
 SConnection: Client requests security type VncAuth(2)

Fri Nov 22 11:11:56 2019
 VNCSConnST:  Server default pixel format depth 16 (16bpp) little-endian rgb565
 VNCSConnST:  Client pixel format depth 16 (16bpp) little-endian rgb565
/usr/lib/ubuntu-release-upgrader/check-new-release-gtk:30: PyGIWarning: Gtk was imported without specifying a version first. Use gi.require_version('Gtk', '3.0') before import to ensure that the right version gets loaded.
  from gi.repository import Gtk
WARNING:root:timeout reached, exiting

(Thunar:8838): Gdk-WARNING **: 11:12:05.685: gdk_window_set_icon_list: icons too large
/usr/lib/python3/dist-packages/blueman/plugins/applet/AppIndicator.py:8: PyGIWarning: AppIndicator3 was imported without specifying a version first. Use gi.require_version('AppIndicator3', '0.1') before import to ensure that the right version gets loaded.
  from gi.repository import AppIndicator3 as girAppIndicator
ERROR:dbus.proxies:Introspect error on org.bluez:/org/bluez: dbus.exceptions.DBusException: org.freedesktop.DBus.Error.AccessDenied: Rejected send message, 2 matched rules; type="method_call", sender=":1.789" (uid=1272 pid=8924 comm="/usr/bin/python3 /usr/bin/blueman-applet " label="unconfined") interface="org.freedesktop.DBus.Introspectable" member="Introspect" error name="(unset)" requested_reply="0" destination="org.bluez" (bus)
ERROR:dbus.proxies:Introspect error on org.bluez:/: dbus.exceptions.DBusException: org.freedesktop.DBus.Error.AccessDenied: Rejected send message, 2 matched rules; type="method_call", sender=":1.789" (uid=1272 pid=8924 comm="/usr/bin/python3 /usr/bin/blueman-applet " label="unconfined") interface="org.freedesktop.DBus.Introspectable" member="Introspect" error name="(unset)" requested_reply="0" destination="org.bluez" (bus)
ERROR:dbus.proxies:Introspect error on org.bluez:/: dbus.exceptions.DBusException: org.freedesktop.DBus.Error.AccessDenied: Rejected send message, 2 matched rules; type="method_call", sender=":1.789" (uid=1272 pid=8924 comm="/usr/bin/python3 /usr/bin/blueman-applet " label="unconfined") interface="org.freedesktop.DBus.Introspectable" member="Introspect" error name="(unset)" requested_reply="0" destination="org.bluez" (bus)

(Thunar:8838): Gdk-WARNING **: 11:12:20.375: gdk_window_set_icon_list: icons too large
Xlib:  extension "XINERAMA" missing on display ":12.0".
func=xmlSecCheckVersionExt:file=xmlsec.c:line=188:obj=unknown:subj=unknown:error=19:invalid version:mode=abi compatible;expected minor version=2;real minor version=2;expected subminor version=25;real subminor version=26
func=xmlSecCheckVersionExt:file=xmlsec.c:line=188:obj=unknown:subj=unknown:error=19:invalid version:mode=abi compatible;expected minor version=2;real minor version=2;expected subminor version=25;real subminor version=26

(soffice:9174): GLib-GObject-WARNING **: 11:12:41.192: ../../../../gobject/gsignal.c:3492: signal name 'selection_changed' is invalid for instance '0x5648bccf21f0' of type 'OOoAtkObjCompTxt'
func=xmlSecCheckVersionExt:file=xmlsec.c:line=188:obj=unknown:subj=unknown:error=19:invalid version:mode=abi compatible;expected minor version=2;real minor version=2;expected subminor version=25;real subminor version=26

Fri Nov 22 11:12:45 2019
 Connections: closed: 0.0.0.0::50171 (Clean disconnection)
 SMsgWriter:  framebuffer updates 177
 SMsgWriter:    copyRect rects 120, bytes 1920
 SMsgWriter:    hextile rects 751, bytes 2046406
 SMsgWriter:    raw bytes equivalent 20707504, compression ratio 10.118962

Fri Nov 22 11:12:51 2019
 Connections: accepted: 0.0.0.0::50172
 SConnection: Client needs protocol version 3.8
 SConnection: Client requests security type VncAuth(2)

Fri Nov 22 11:12:54 2019
 Connections: closed: 0.0.0.0::50172 (read: Connection reset by peer (104))

Fri Nov 22 11:13:03 2019
 Connections: accepted: 0.0.0.0::50175
 SConnection: Client needs protocol version 3.8
 SConnection: Client requests security type VncAuth(2)

Fri Nov 22 11:13:10 2019
 VNCSConnST:  Server default pixel format depth 16 (16bpp) little-endian rgb565
 VNCSConnST:  Client pixel format depth 16 (16bpp) little-endian rgb565

Fri Nov 22 11:13:15 2019
 Connections: closed: 0.0.0.0::50175 (Clean disconnection)
 SMsgWriter:  framebuffer updates 3
 SMsgWriter:    hextile rects 3, bytes 194082
 SMsgWriter:    raw bytes equivalent 4148196, compression ratio 21.373419

Fri Nov 22 11:13:18 2019
 Connections: accepted: 0.0.0.0::50176
 SConnection: Client needs protocol version 3.8
 SConnection: Client requests security type VncAuth(2)

Fri Nov 22 11:13:24 2019
 VNCSConnST:  Server default pixel format depth 16 (16bpp) little-endian rgb565
 VNCSConnST:  Client pixel format depth 16 (16bpp) little-endian rgb565
func=xmlSecCheckVersionExt:file=xmlsec.c:line=188:obj=unknown:subj=unknown:error=19:invalid version:mode=abi compatible;expected minor version=2;real minor version=2;expected subminor version=25;real subminor version=26
func=xmlSecCheckVersionExt:file=xmlsec.c:line=188:obj=unknown:subj=unknown:error=19:invalid version:mode=abi compatible;expected minor version=2;real minor version=2;expected subminor version=25;real subminor version=26

(polkit-gnome-authentication-agent-1:8844): polkit-gnome-1-WARNING **: 11:16:44.131: Couldn't open user icon: Failed to open file '/home/adom/.face': No such file or directory

(polkit-gnome-authentication-agent-1:8844): polkit-gnome-1-WARNING **: 11:16:44.133: Couldn't open user icon: Failed to open file '/home/test/.face': No such file or directory
Gtk-Message: 11:16:44.165: GtkDialog mapped without a transient parent. This is discouraged.
xfwm4: Fatal IO error 4 (Interrupted system call) on X server :12.0.

(xfdesktop:8840): libxfce4ui-WARNING **: 11:17:55.813: ICE I/O Error

(xfdesktop:8840): libxfce4ui-WARNING **: 11:17:55.814: Disconnected from session manager.

(xfdesktop:8840): GVFS-RemoteVolumeMonitor-WARNING **: 11:17:55.814: Owner of volume monitor org.gtk.vfs.MTPVolumeMonitor disconnected from the bus; removing drives/volumes/mounts

(xfdesktop:8840): GVFS-RemoteVolumeMonitor-WARNING **: 11:17:55.814: Owner of volume monitor org.gtk.vfs.GoaVolumeMonitor disconnected from the bus; removing drives/volumes/mounts

(xfdesktop:8840): GVFS-RemoteVolumeMonitor-WARNING **: 11:17:55.814: Owner of volume monitor org.gtk.vfs.AfcVolumeMonitor disconnected from the bus; removing drives/volumes/mounts
xfdesktop: Fatal IO error 25 (Inappropriate ioctl for device) on X server :12.0.
