
Xvnc Free Edition 4.1.1 - built Feb 25 2015 23:02:21
Copyright (C) 2002-2005 RealVNC Ltd.
See http://www.realvnc.com for information on VNC.
Underlying X server release 40300000, The XFree86 Project, Inc


Fri Nov 22 11:20:41 2019
 vncext:      VNC extension running!
 vncext:      Listening for VNC connections on port 5904
 vncext:      created VNC server for screen 0
error opening security policy file /etc/X11/xserver/SecurityPolicy
Could not init font path element /usr/X11R6/lib/X11/fonts/Type1/, removing from list!
Could not init font path element /usr/X11R6/lib/X11/fonts/Speedo/, removing from list!
Could not init font path element /usr/X11R6/lib/X11/fonts/misc/, removing from list!
Could not init font path element /usr/X11R6/lib/X11/fonts/75dpi/, removing from list!
Could not init font path element /usr/X11R6/lib/X11/fonts/100dpi/, removing from list!
Could not init font path element /usr/share/fonts/X11/75dpi/, removing from list!
Could not init font path element /usr/share/fonts/X11/100dpi/, removing from list!
xrdb: No such file or directory
xrdb: can't open file '/home/is28/zavadskaya28/.Xresources'
/usr/bin/startxfce4: X server already running on display :4
gpg-agent[4789]: WARNING: "--write-env-file" is an obsolete option - it has no effect
gpg-agent: a gpg-agent is already running - not starting a new one

(xfce4-session:4779): xfce4-session-WARNING **: 11:20:44.351: gpg-agent returned no PID in the variables

(xfce4-session:4779): xfce4-session-WARNING **: 11:20:44.355: xfsm_manager_load_session: Something wrong with /home/is28/zavadskaya28/.cache/sessions/xfce4-session-virt-1:4, Does it exist? Permissions issue?

(xfwm4:4793): xfwm4-WARNING **: 11:20:44.388: The display does not support the XRender extension.

(xfwm4:4793): xfwm4-WARNING **: 11:20:44.389: The display does not support the XComposite extension.

(xfwm4:4793): xfwm4-WARNING **: 11:20:44.389: The display does not support the XDamage extension.

(xfwm4:4793): xfwm4-WARNING **: 11:20:44.389: The display does not support the XFixes extension.

(xfwm4:4793): xfwm4-WARNING **: 11:20:44.389: Compositing manager disabled.

** (light-locker:4802): ERROR **: 11:20:44.425: Environment variable XDG_SESSION_PATH not set. Is LightDM running?
(uint32 1,)

(polkit-gnome-authentication-agent-1:4805): GLib-CRITICAL **: 11:20:44.435: g_variant_new_string: assertion 'string != NULL' failed

(polkit-gnome-authentication-agent-1:4805): polkit-gnome-1-WARNING **: 11:20:44.436: Failed to register client: GDBus.Error:org.freedesktop.DBus.Error.ServiceUnknown: The name org.gnome.SessionManager was not provided by any .service files

(xfsettingsd:4803): xfsettingsd-CRITICAL **: 11:20:44.499: RANDR extension is too old, version 1.1. Display settings won't be applied.
Xlib:  extension "XInputExtension" missing on display ":4.0".

(xfsettingsd:4803): xfsettingsd-CRITICAL **: 11:20:44.499: XI is not present.

(xfsettingsd:4803): xfsettingsd-CRITICAL **: 11:20:44.500: Failed to initialize the Xkb extension.

(xfsettingsd:4803): xfsettingsd-CRITICAL **: 11:20:44.500: Failed to initialize the Accessibility extension.
xfwm4-Message: 11:20:44.520: Unsupported keyboard modifier '<Super>Tab'
xfwm4-Message: 11:20:44.630: Unsupported keyboard modifier '<Super>Tab'

(nm-applet:4905): Gtk-WARNING **: 11:20:44.678: Can't set a parent on widget which has a parent

(nm-applet:4905): Gdk-CRITICAL **: 11:20:44.853: gdk_window_thaw_toplevel_updates: assertion 'window->update_and_descendants_freeze_count > 0' failed

Fri Nov 22 11:20:55 2019
 Connections: accepted: 0.0.0.0::50235
 SConnection: Client needs protocol version 3.8
 SConnection: Client requests security type VncAuth(2)

Fri Nov 22 11:21:00 2019
 VNCSConnST:  Server default pixel format depth 16 (16bpp) little-endian rgb565
 VNCSConnST:  Client pixel format depth 16 (16bpp) little-endian rgb565
/usr/lib/python3/dist-packages/blueman/plugins/applet/AppIndicator.py:8: PyGIWarning: AppIndicator3 was imported without specifying a version first. Use gi.require_version('AppIndicator3', '0.1') before import to ensure that the right version gets loaded.
  from gi.repository import AppIndicator3 as girAppIndicator
ERROR:dbus.proxies:Introspect error on org.bluez:/org/bluez: dbus.exceptions.DBusException: org.freedesktop.DBus.Error.AccessDenied: Rejected send message, 2 matched rules; type="method_call", sender=":1.693" (uid=1272 pid=4866 comm="/usr/bin/python3 /usr/bin/blueman-applet " label="unconfined") interface="org.freedesktop.DBus.Introspectable" member="Introspect" error name="(unset)" requested_reply="0" destination="org.bluez" (bus)
ERROR:dbus.proxies:Introspect error on org.bluez:/: dbus.exceptions.DBusException: org.freedesktop.DBus.Error.AccessDenied: Rejected send message, 2 matched rules; type="method_call", sender=":1.693" (uid=1272 pid=4866 comm="/usr/bin/python3 /usr/bin/blueman-applet " label="unconfined") interface="org.freedesktop.DBus.Introspectable" member="Introspect" error name="(unset)" requested_reply="0" destination="org.bluez" (bus)
ERROR:dbus.proxies:Introspect error on org.bluez:/: dbus.exceptions.DBusException: org.freedesktop.DBus.Error.AccessDenied: Rejected send message, 2 matched rules; type="method_call", sender=":1.693" (uid=1272 pid=4866 comm="/usr/bin/python3 /usr/bin/blueman-applet " label="unconfined") interface="org.freedesktop.DBus.Introspectable" member="Introspect" error name="(unset)" requested_reply="0" destination="org.bluez" (bus)

(wrapper-1.0:4953): Gdk-WARNING **: 11:21:05.407: /build/gtk+2.0-AoeliP/gtk+2.0-2.24.32/gdk/x11/gdkdrawable-x11.c:952 drawable is not a pixmap or window

(wrapper-1.0:4953): Gdk-WARNING **: 11:21:05.408: /build/gtk+2.0-AoeliP/gtk+2.0-2.24.32/gdk/x11/gdkdrawable-x11.c:952 drawable is not a pixmap or window

(Thunar:4799): Gdk-WARNING **: 11:21:15.272: gdk_window_set_icon_list: icons too large
AUDIT: Fri Nov 22 11:21:19 2019: 4645 Xvnc4: client 11 rejected from local host
No protocol specified
Unable to init server: Could not connect: Connection refused
Cannot parse arguments: Cannot open display: 
AUDIT: Fri Nov 22 11:23:25 2019: 4645 Xvnc4: client 11 rejected from local host
No protocol specified
Unable to init server: Could not connect: Connection refused
Cannot parse arguments: Cannot open display: 
AUDIT: Fri Nov 22 11:23:28 2019: 4645 Xvnc4: client 11 rejected from local host
No protocol specified
Unable to init server: Could not connect: Connection refused
Cannot parse arguments: Cannot open display: 
AUDIT: Fri Nov 22 11:23:29 2019: 4645 Xvnc4: client 11 rejected from local host
No protocol specified
Unable to init server: Could not connect: Connection refused
Cannot parse arguments: Cannot open display: 
AUDIT: Fri Nov 22 11:23:31 2019: 4645 Xvnc4: client 11 rejected from local host
No protocol specified
Unable to init server: Could not connect: Connection refused
Cannot parse arguments: Cannot open display: 
AUDIT: Fri Nov 22 11:23:56 2019: 4645 Xvnc4: client 11 rejected from local host
No protocol specified
Unable to init server: Could not connect: Connection refused
Cannot parse arguments: Cannot open display: 
AUDIT: Fri Nov 22 11:23:57 2019: 4645 Xvnc4: client 11 rejected from local host
No protocol specified
Unable to init server: Could not connect: Connection refused
Cannot parse arguments: Cannot open display: 
AUDIT: Fri Nov 22 11:24:12 2019: 4645 Xvnc4: client 11 rejected from local host
No protocol specified
Unable to init server: Could not connect: Connection refused
Cannot parse arguments: Cannot open display: 
AUDIT: Fri Nov 22 11:24:13 2019: 4645 Xvnc4: client 11 rejected from local host
No protocol specified
Unable to init server: Could not connect: Connection refused
Cannot parse arguments: Cannot open display: 
AUDIT: Fri Nov 22 11:24:32 2019: 4645 Xvnc4: client 11 rejected from local host
No protocol specified
Unable to init server: Could not connect: Connection refused
Cannot parse arguments: Cannot open display: 
AUDIT: Fri Nov 22 11:24:33 2019: 4645 Xvnc4: client 11 rejected from local host
No protocol specified
Unable to init server: Could not connect: Connection refused
Cannot parse arguments: Cannot open display: 
AUDIT: Fri Nov 22 11:24:36 2019: 4645 Xvnc4: client 11 rejected from local host
No protocol specified
Unable to init server: Could not connect: Connection refused
Cannot parse arguments: Cannot open display: 
AUDIT: Fri Nov 22 11:24:36 2019: 4645 Xvnc4: client 11 rejected from local host
No protocol specified
Unable to init server: Could not connect: Connection refused
Cannot parse arguments: Cannot open display: 
AUDIT: Fri Nov 22 11:24:37 2019: 4645 Xvnc4: client 11 rejected from local host
No protocol specified
Unable to init server: Could not connect: Connection refused
Cannot parse arguments: Cannot open display: 
AUDIT: Fri Nov 22 11:24:38 2019: 4645 Xvnc4: client 11 rejected from local host
No protocol specified
Unable to init server: Could not connect: Connection refused
Cannot parse arguments: Cannot open display: 
AUDIT: Fri Nov 22 11:24:38 2019: 4645 Xvnc4: client 11 rejected from local host
No protocol specified
Unable to init server: Could not connect: Connection refused
Cannot parse arguments: Cannot open display: 
AUDIT: Fri Nov 22 11:24:39 2019: 4645 Xvnc4: client 11 rejected from local host
No protocol specified
Unable to init server: Could not connect: Connection refused
Cannot parse arguments: Cannot open display: 
AUDIT: Fri Nov 22 11:24:39 2019: 4645 Xvnc4: client 11 rejected from local host
No protocol specified
Unable to init server: Could not connect: Connection refused
Cannot parse arguments: Cannot open display: 
AUDIT: Fri Nov 22 11:24:40 2019: 4645 Xvnc4: client 11 rejected from local host
No protocol specified
Unable to init server: Could not connect: Connection refused
Cannot parse arguments: Cannot open display: 
AUDIT: Fri Nov 22 11:24:41 2019: 4645 Xvnc4: client 11 rejected from local host
No protocol specified
Unable to init server: Could not connect: Connection refused
Cannot parse arguments: Cannot open display: 
AUDIT: Fri Nov 22 11:24:42 2019: 4645 Xvnc4: client 11 rejected from local host
No protocol specified
Unable to init server: Could not connect: Connection refused
Cannot parse arguments: Cannot open display: 
AUDIT: Fri Nov 22 11:24:48 2019: 4645 Xvnc4: client 11 rejected from local host
No protocol specified
Unable to init server: Could not connect: Connection refused
Cannot parse arguments: Cannot open display: 
AUDIT: Fri Nov 22 11:24:49 2019: 4645 Xvnc4: client 11 rejected from local host
No protocol specified
Unable to init server: Could not connect: Connection refused
Cannot parse arguments: Cannot open display: 
AUDIT: Fri Nov 22 11:24:50 2019: 4645 Xvnc4: client 11 rejected from local host
No protocol specified
Unable to init server: Could not connect: Connection refused
Cannot parse arguments: Cannot open display: 
AUDIT: Fri Nov 22 11:25:29 2019: 4645 Xvnc4: client 11 rejected from local host
No protocol specified
Unable to init server: Could not connect: Connection refused
Cannot parse arguments: Cannot open display: 
AUDIT: Fri Nov 22 11:25:52 2019: 4645 Xvnc4: client 11 rejected from local host
No protocol specified
Unable to init server: Could not connect: Connection refused
Cannot parse arguments: Cannot open display: 
AUDIT: Fri Nov 22 11:26:06 2019: 4645 Xvnc4: client 11 rejected from local host
No protocol specified
Unable to init server: Could not connect: Connection refused
Cannot parse arguments: Cannot open display: 
AUDIT: Fri Nov 22 11:26:07 2019: 4645 Xvnc4: client 11 rejected from local host
No protocol specified
Unable to init server: Could not connect: Connection refused
Cannot parse arguments: Cannot open display: 
AUDIT: Fri Nov 22 11:26:10 2019: 4645 Xvnc4: client 11 rejected from local host
No protocol specified
Unable to init server: Could not connect: Connection refused
Cannot parse arguments: Cannot open display: 
AUDIT: Fri Nov 22 11:26:10 2019: 4645 Xvnc4: client 11 rejected from local host
No protocol specified
Unable to init server: Could not connect: Connection refused
Cannot parse arguments: Cannot open display: 
AUDIT: Fri Nov 22 11:26:17 2019: 4645 Xvnc4: client 11 rejected from local host
No protocol specified
Unable to init server: Could not connect: Connection refused
Cannot parse arguments: Cannot open display: 
AUDIT: Fri Nov 22 11:26:18 2019: 4645 Xvnc4: client 11 rejected from local host
No protocol specified
Unable to init server: Could not connect: Connection refused
Cannot parse arguments: Cannot open display: 
AUDIT: Fri Nov 22 11:26:18 2019: 4645 Xvnc4: client 11 rejected from local host
No protocol specified
Unable to init server: Could not connect: Connection refused
Cannot parse arguments: Cannot open display: 
AUDIT: Fri Nov 22 11:26:20 2019: 4645 Xvnc4: client 11 rejected from local host
No protocol specified
Unable to init server: Could not connect: Connection refused
Cannot parse arguments: Cannot open display: 
AUDIT: Fri Nov 22 11:26:22 2019: 4645 Xvnc4: client 11 rejected from local host
No protocol specified
Unable to init server: Could not connect: Connection refused
Cannot parse arguments: Cannot open display: 
AUDIT: Fri Nov 22 11:26:22 2019: 4645 Xvnc4: client 11 rejected from local host
No protocol specified
Unable to init server: Could not connect: Connection refused
Cannot parse arguments: Cannot open display: 
AUDIT: Fri Nov 22 11:26:23 2019: 4645 Xvnc4: client 11 rejected from local host
No protocol specified
Unable to init server: Could not connect: Connection refused
Cannot parse arguments: Cannot open display: 
AUDIT: Fri Nov 22 11:26:24 2019: 4645 Xvnc4: client 11 rejected from local host
No protocol specified
Unable to init server: Could not connect: Connection refused
Cannot parse arguments: Cannot open display: 
AUDIT: Fri Nov 22 11:26:24 2019: 4645 Xvnc4: client 11 rejected from local host
No protocol specified
Unable to init server: Could not connect: Connection refused
Cannot parse arguments: Cannot open display: 
AUDIT: Fri Nov 22 11:26:25 2019: 4645 Xvnc4: client 11 rejected from local host
No protocol specified
Unable to init server: Could not connect: Connection refused
Cannot parse arguments: Cannot open display: 
AUDIT: Fri Nov 22 11:26:33 2019: 4645 Xvnc4: client 11 rejected from local host
No protocol specified
Unable to init server: Could not connect: Connection refused
Cannot parse arguments: Cannot open display: 
AUDIT: Fri Nov 22 11:26:34 2019: 4645 Xvnc4: client 11 rejected from local host
No protocol specified
Unable to init server: Could not connect: Connection refused
Cannot parse arguments: Cannot open display: 
AUDIT: Fri Nov 22 11:26:49 2019: 4645 Xvnc4: client 11 rejected from local host
No protocol specified
Unable to init server: Could not connect: Connection refused
Cannot parse arguments: Cannot open display: 

(Thunar:4799): Gdk-WARNING **: 12:41:54.092: gdk_window_set_icon_list: icons too large
Xlib:  extension "XINERAMA" missing on display ":4.0".
func=xmlSecCheckVersionExt:file=xmlsec.c:line=188:obj=unknown:subj=unknown:error=19:invalid version:mode=abi compatible;expected minor version=2;real minor version=2;expected subminor version=25;real subminor version=26
func=xmlSecCheckVersionExt:file=xmlsec.c:line=188:obj=unknown:subj=unknown:error=19:invalid version:mode=abi compatible;expected minor version=2;real minor version=2;expected subminor version=25;real subminor version=26
func=xmlSecCheckVersionExt:file=xmlsec.c:line=188:obj=unknown:subj=unknown:error=19:invalid version:mode=abi compatible;expected minor version=2;real minor version=2;expected subminor version=25;real subminor version=26
func=xmlSecCheckVersionExt:file=xmlsec.c:line=188:obj=unknown:subj=unknown:error=19:invalid version:mode=abi compatible;expected minor version=2;real minor version=2;expected subminor version=25;real subminor version=26
func=xmlSecCheckVersionExt:file=xmlsec.c:line=188:obj=unknown:subj=unknown:error=19:invalid version:mode=abi compatible;expected minor version=2;real minor version=2;expected subminor version=25;real subminor version=26

(soffice:22503): GLib-GObject-WARNING **: 12:42:24.341: ../../../../gobject/gsignal.c:3492: signal name 'selection_changed' is invalid for instance '0x55d7a410d6d0' of type 'OOoAtkObjCompTxt'

(Thunar:4799): Gdk-WARNING **: 12:42:50.601: gdk_window_set_icon_list: icons too large

(Thunar:4799): Gdk-WARNING **: 12:43:37.121: gdk_window_set_icon_list: icons too large
func=xmlSecCheckVersionExt:file=xmlsec.c:line=188:obj=unknown:subj=unknown:error=19:invalid version:mode=abi compatible;expected minor version=2;real minor version=2;expected subminor version=25;real subminor version=26

(Thunar:4799): Gdk-WARNING **: 12:44:00.248: gdk_window_set_icon_list: icons too large

(Thunar:4799): Gdk-WARNING **: 12:44:24.264: gdk_window_set_icon_list: icons too large
func=xmlSecCheckVersionExt:file=xmlsec.c:line=188:obj=unknown:subj=unknown:error=19:invalid version:mode=abi compatible;expected minor version=2;real minor version=2;expected subminor version=25;real subminor version=26

(Thunar:4799): Gdk-WARNING **: 12:44:38.711: gdk_window_set_icon_list: icons too large

Fri Nov 22 12:45:27 2019
 Connections: closed: 0.0.0.0::50235 (Clean disconnection)
 SMsgWriter:  framebuffer updates 38099
 SMsgWriter:    copyRect rects 874, bytes 13984
 SMsgWriter:    hextile rects 1347010, bytes -196719611
 SMsgWriter:    raw bytes equivalent -1600716732, compression ratio 8.137047
xfwm4: Fatal IO error 4 (Interrupted system call) on X server :4.0.
xfdesktop: Fatal IO error 11 (Resource temporarily unavailable) on X server :4.0.
