
Xvnc Free Edition 4.1.1 - built Feb 25 2015 23:02:21
Copyright (C) 2002-2005 RealVNC Ltd.
See http://www.realvnc.com for information on VNC.
Underlying X server release 40300000, The XFree86 Project, Inc


Fri Nov  8 11:25:58 2019
 vncext:      VNC extension running!
 vncext:      Listening for VNC connections on port 5924
 vncext:      created VNC server for screen 0
error opening security policy file /etc/X11/xserver/SecurityPolicy
Could not init font path element /usr/X11R6/lib/X11/fonts/Type1/, removing from list!
Could not init font path element /usr/X11R6/lib/X11/fonts/Speedo/, removing from list!
Could not init font path element /usr/X11R6/lib/X11/fonts/misc/, removing from list!
Could not init font path element /usr/X11R6/lib/X11/fonts/75dpi/, removing from list!
Could not init font path element /usr/X11R6/lib/X11/fonts/100dpi/, removing from list!
Could not init font path element /usr/share/fonts/X11/75dpi/, removing from list!
Could not init font path element /usr/share/fonts/X11/100dpi/, removing from list!
xrdb: No such file or directory
xrdb: can't open file '/home/is28/zavadskaya28/.Xresources'
/usr/bin/startxfce4: X server already running on display :24
gpg-agent[875]: WARNING: "--write-env-file" is an obsolete option - it has no effect
gpg-agent: a gpg-agent is already running - not starting a new one

(xfce4-session:865): xfce4-session-WARNING **: 11:26:01.293: gpg-agent returned no PID in the variables

(xfce4-session:865): xfce4-session-WARNING **: 11:26:01.299: xfsm_manager_load_session: Something wrong with /home/is28/zavadskaya28/.cache/sessions/xfce4-session-virt-1:24, Does it exist? Permissions issue?

(xfwm4:880): xfwm4-WARNING **: 11:26:01.331: The display does not support the XRender extension.

(xfwm4:880): xfwm4-WARNING **: 11:26:01.331: The display does not support the XComposite extension.

(xfwm4:880): xfwm4-WARNING **: 11:26:01.331: The display does not support the XDamage extension.

(xfwm4:880): xfwm4-WARNING **: 11:26:01.331: The display does not support the XFixes extension.

(xfwm4:880): xfwm4-WARNING **: 11:26:01.331: Compositing manager disabled.
(uint32 1,)

** (light-locker:889): ERROR **: 11:26:01.408: Environment variable XDG_SESSION_PATH not set. Is LightDM running?

(polkit-gnome-authentication-agent-1:892): GLib-CRITICAL **: 11:26:01.440: g_variant_new_string: assertion 'string != NULL' failed

(polkit-gnome-authentication-agent-1:892): polkit-gnome-1-WARNING **: 11:26:01.442: Failed to register client: GDBus.Error:org.freedesktop.DBus.Error.ServiceUnknown: The name org.gnome.SessionManager was not provided by any .service files

(xfsettingsd:895): xfsettingsd-CRITICAL **: 11:26:01.442: RANDR extension is too old, version 1.1. Display settings won't be applied.
Xlib:  extension "XInputExtension" missing on display ":24.0".

(xfsettingsd:895): xfsettingsd-CRITICAL **: 11:26:01.442: XI is not present.

(xfsettingsd:895): xfsettingsd-CRITICAL **: 11:26:01.443: Failed to initialize the Xkb extension.

(xfsettingsd:895): xfsettingsd-CRITICAL **: 11:26:01.443: Failed to initialize the Accessibility extension.
xfwm4-Message: 11:26:01.469: Unsupported keyboard modifier '<Super>Tab'
xfwm4-Message: 11:26:01.595: Unsupported keyboard modifier '<Super>Tab'

(nm-applet:973): Gtk-WARNING **: 11:26:02.253: Can't set a parent on widget which has a parent

(nm-applet:973): Gdk-CRITICAL **: 11:26:02.412: gdk_window_thaw_toplevel_updates: assertion 'window->update_and_descendants_freeze_count > 0' failed

Fri Nov  8 11:26:11 2019
 Connections: accepted: 0.0.0.0::50130
 SConnection: Client needs protocol version 3.8
 SConnection: Client requests security type VncAuth(2)

Fri Nov  8 11:26:15 2019
 VNCSConnST:  Server default pixel format depth 16 (16bpp) little-endian rgb565
 VNCSConnST:  Client pixel format depth 16 (16bpp) little-endian rgb565
/usr/lib/python3/dist-packages/blueman/plugins/applet/AppIndicator.py:8: PyGIWarning: AppIndicator3 was imported without specifying a version first. Use gi.require_version('AppIndicator3', '0.1') before import to ensure that the right version gets loaded.
  from gi.repository import AppIndicator3 as girAppIndicator
ERROR:dbus.proxies:Introspect error on org.bluez:/org/bluez: dbus.exceptions.DBusException: org.freedesktop.DBus.Error.AccessDenied: Rejected send message, 2 matched rules; type="method_call", sender=":1.3004" (uid=1272 pid=957 comm="/usr/bin/python3 /usr/bin/blueman-applet " label="unconfined") interface="org.freedesktop.DBus.Introspectable" member="Introspect" error name="(unset)" requested_reply="0" destination="org.bluez" (bus)
ERROR:dbus.proxies:Introspect error on org.bluez:/: dbus.exceptions.DBusException: org.freedesktop.DBus.Error.AccessDenied: Rejected send message, 2 matched rules; type="method_call", sender=":1.3004" (uid=1272 pid=957 comm="/usr/bin/python3 /usr/bin/blueman-applet " label="unconfined") interface="org.freedesktop.DBus.Introspectable" member="Introspect" error name="(unset)" requested_reply="0" destination="org.bluez" (bus)
ERROR:dbus.proxies:Introspect error on org.bluez:/: dbus.exceptions.DBusException: org.freedesktop.DBus.Error.AccessDenied: Rejected send message, 2 matched rules; type="method_call", sender=":1.3004" (uid=1272 pid=957 comm="/usr/bin/python3 /usr/bin/blueman-applet " label="unconfined") interface="org.freedesktop.DBus.Introspectable" member="Introspect" error name="(unset)" requested_reply="0" destination="org.bluez" (bus)

(wrapper-1.0:1044): Gdk-WARNING **: 11:26:21.262: /build/gtk+2.0-AoeliP/gtk+2.0-2.24.32/gdk/x11/gdkdrawable-x11.c:952 drawable is not a pixmap or window

(Thunar:886): Gdk-WARNING **: 11:26:40.821: gdk_window_set_icon_list: icons too large
Xlib:  extension "XINERAMA" missing on display ":24.0".
func=xmlSecCheckVersionExt:file=xmlsec.c:line=188:obj=unknown:subj=unknown:error=19:invalid version:mode=abi compatible;expected minor version=2;real minor version=2;expected subminor version=25;real subminor version=26
func=xmlSecCheckVersionExt:file=xmlsec.c:line=188:obj=unknown:subj=unknown:error=19:invalid version:mode=abi compatible;expected minor version=2;real minor version=2;expected subminor version=25;real subminor version=26

(soffice:1548): GLib-GObject-WARNING **: 11:26:58.611: ../../../../gobject/gsignal.c:3492: signal name 'selection_changed' is invalid for instance '0x55ad44287050' of type 'OOoAtkObjCompTxt'

Fri Nov  8 11:37:05 2019
 Connections: accepted: 0.0.0.0::49794
 SConnection: Client needs protocol version 3.8
 SConnection: Client requests security type VncAuth(2)

Fri Nov  8 11:37:08 2019
 VNCSConnST:  Server default pixel format depth 16 (16bpp) little-endian rgb565
 VNCSConnST:  Client pixel format depth 16 (16bpp) little-endian rgb565

Fri Nov  8 11:45:40 2019
 XserverDesktop: Added unknown keysym 0x6d6 to keycode 255
xfwm4-Message: 11:45:40.539: Unsupported keyboard modifier '<Super>Tab'

(Thunar:886): Gdk-WARNING **: 12:23:20.792: gdk_window_set_icon_list: icons too large
func=xmlSecCheckVersionExt:file=xmlsec.c:line=188:obj=unknown:subj=unknown:error=19:invalid version:mode=abi compatible;expected minor version=2;real minor version=2;expected subminor version=25;real subminor version=26

Fri Nov  8 12:25:12 2019
 Connections: closed: 0.0.0.0::50130 (Clean disconnection)
 SMsgWriter:  framebuffer updates 22439
 SMsgWriter:    copyRect rects 5340, bytes 85440
 SMsgWriter:    hextile rects 183832, bytes 256884486
 SMsgWriter:    raw bytes equivalent -1896189052, compression ratio -7.381485

Fri Nov  8 12:48:38 2019
 Connections: closed: 0.0.0.0::49794 (read: Connection reset by peer (104))
 SMsgWriter:  framebuffer updates 2381
 SMsgWriter:    copyRect rects 2056, bytes 32896
 SMsgWriter:    hextile rects 15408, bytes 199256279
 SMsgWriter:    raw bytes equivalent 1012821356, compression ratio 5.083008
