
Xvnc Free Edition 4.1.1 - built Jul 31 2015 19:10:31
Copyright (C) 2002-2005 RealVNC Ltd.
See http://www.realvnc.com for information on VNC.
Underlying X server release 40300000, The XFree86 Project, Inc


Fri Sep  6 11:30:11 2019
 vncext:      VNC extension running!
 vncext:      Listening for VNC connections on port 5909
 vncext:      created VNC server for screen 0
error opening security policy file /etc/X11/xserver/SecurityPolicy
Could not init font path element /usr/X11R6/lib/X11/fonts/Type1/, removing from list!
Could not init font path element /usr/X11R6/lib/X11/fonts/Speedo/, removing from list!
Could not init font path element /usr/X11R6/lib/X11/fonts/misc/, removing from list!
Could not init font path element /usr/X11R6/lib/X11/fonts/75dpi/, removing from list!
Could not init font path element /usr/X11R6/lib/X11/fonts/100dpi/, removing from list!
Could not init font path element /usr/share/fonts/X11/75dpi/, removing from list!
Could not init font path element /usr/share/fonts/X11/100dpi/, removing from list!
Option "--login" is no longer supported in this version of gnome-terminal; you might want to create a profile with the desired setting, and use the new '--profile' option

(x-window-manager:10527): xfwm4-WARNING **: The display does not support the XRender extension.

(x-window-manager:10527): xfwm4-WARNING **: The display does not support the XComposite extension.

(x-window-manager:10527): xfwm4-WARNING **: The display does not support the XDamage extension.

(x-window-manager:10527): xfwm4-WARNING **: The display does not support the XFixes extension.

(x-window-manager:10527): xfwm4-WARNING **: Compositing manager disabled.

(gnome-terminal:10526): GLib-GIO-CRITICAL **: g_settings_get: the format string may not contain '&' (key 'monospace-font-name' from schema 'org.gnome.desktop.interface'). This call will probably stop working with a future version of glib.

(x-window-manager:10527): GLib-CRITICAL **: g_str_has_prefix: assertion 'prefix != NULL' failed

(x-window-manager:10527): xfwm4-WARNING **: The property '/general/double_click_distance' of type int is not supported

(gnome-terminal:10526): Vte-2.90-WARNING **: Unable to convert characters from текущая to X-VTE-GUNICHAR.
Unhandled value type TerminalEncoding of pspec encoding

(x-window-manager:10527): xfwm4-WARNING **: Failed to connect to session manager: Не удалось подключиться к менеджеру сеансов: SESSION_MANAGER environment variable not defined

Fri Sep  6 11:31:15 2019
 Connections: accepted: 0.0.0.0::50198
 SConnection: Client needs protocol version 3.8
 SConnection: Client requests security type VncAuth(2)

Fri Sep  6 11:31:21 2019
 VNCSConnST:  Server default pixel format depth 16 (16bpp) little-endian rgb565
 VNCSConnST:  Client pixel format depth 16 (16bpp) little-endian rgb565

Fri Sep  6 11:57:57 2019
 XserverDesktop: Added unknown keysym 0x6d0 to keycode 255
 XserverDesktop: Added unknown keysym 0x6d2 to keycode 254

Fri Sep  6 11:57:58 2019
 XserverDesktop: Added unknown keysym 0x6c9 to keycode 253
 XserverDesktop: Added unknown keysym 0x6d7 to keycode 252

Fri Sep  6 11:57:59 2019
 XserverDesktop: Added unknown keysym 0x6c5 to keycode 251
 XserverDesktop: Added unknown keysym 0x6d4 to keycode 250

Fri Sep  6 11:58:23 2019
 XserverDesktop: Added unknown keysym 0x6fc to keycode 249

Fri Sep  6 12:20:59 2019
 XserverDesktop: Added unknown keysym 0x6cb to keycode 248

Fri Sep  6 12:21:00 2019
 XserverDesktop: Added unknown keysym 0x6d3 to keycode 247
 XserverDesktop: Added unknown keysym 0x6c0 to keycode 246
 XserverDesktop: Added unknown keysym 0x6db to keycode 245

Fri Sep  6 12:21:01 2019
 XserverDesktop: Added unknown keysym 0x6c1 to keycode 244

Fri Sep  6 12:25:17 2019
 XserverDesktop: Added unknown keysym 0x6cc to keycode 243
 XserverDesktop: Added unknown keysym 0x6cf to keycode 242

Fri Sep  6 12:25:19 2019
 XserverDesktop: Added unknown keysym 0x1002116 to keycode 241

Fri Sep  6 12:28:04 2019
 XserverDesktop: Added unknown keysym 0x6e4 to keycode 240

Fri Sep  6 12:28:12 2019
 XserverDesktop: Added unknown keysym 0x6ce to keycode 239

Fri Sep  6 12:28:13 2019
 XserverDesktop: Added unknown keysym 0x6d9 to keycode 238
 XserverDesktop: Added unknown keysym 0x6c8 to keycode 237

Fri Sep  6 12:28:16 2019
 XserverDesktop: Added unknown keysym 0x6de to keycode 236

Fri Sep  6 12:28:45 2019
 XserverDesktop: Added unknown keysym 0x6c2 to keycode 235

Fri Sep  6 12:29:24 2019
 XserverDesktop: Added unknown keysym 0x6dd to keycode 234

Fri Sep  6 12:35:31 2019
 Connections: closed: 0.0.0.0::50198 (Clean disconnection)
 SMsgWriter:  framebuffer updates 7549
 SMsgWriter:    copyRect rects 1807, bytes 28912
 SMsgWriter:    hextile rects 75491, bytes 97954544
 SMsgWriter:    raw bytes equivalent 992268084, compression ratio 10.129883
