
Xvnc Free Edition 4.1.1 - built Feb 25 2015 23:02:21
Copyright (C) 2002-2005 RealVNC Ltd.
See http://www.realvnc.com for information on VNC.
Underlying X server release 40300000, The XFree86 Project, Inc


Fri Sep 13 08:32:26 2019
 vncext:      VNC extension running!
 vncext:      Listening for VNC connections on port 5932
 vncext:      created VNC server for screen 0
error opening security policy file /etc/X11/xserver/SecurityPolicy
Could not init font path element /usr/X11R6/lib/X11/fonts/Type1/, removing from list!
Could not init font path element /usr/X11R6/lib/X11/fonts/Speedo/, removing from list!
Could not init font path element /usr/X11R6/lib/X11/fonts/misc/, removing from list!
Could not init font path element /usr/X11R6/lib/X11/fonts/75dpi/, removing from list!
Could not init font path element /usr/X11R6/lib/X11/fonts/100dpi/, removing from list!
Could not init font path element /usr/share/fonts/X11/75dpi/, removing from list!
Could not init font path element /usr/share/fonts/X11/100dpi/, removing from list!

(x-window-manager:55996): xfwm4-WARNING **: 08:32:30.032: The display does not support the XRender extension.

(x-window-manager:55996): xfwm4-WARNING **: 08:32:30.032: The display does not support the XComposite extension.

(x-window-manager:55996): xfwm4-WARNING **: 08:32:30.032: The display does not support the XDamage extension.

(x-window-manager:55996): xfwm4-WARNING **: 08:32:30.032: The display does not support the XFixes extension.

(x-window-manager:55996): xfwm4-WARNING **: 08:32:30.032: Compositing manager disabled.
Failed to connect to session manager: Failed to connect to the session manager: SESSION_MANAGER environment variable not defined
xfwm4-Message: 08:32:30.170: Unsupported keyboard modifier '<Super>Tab'
xfwm4-Message: 08:32:30.194: Unsupported keyboard modifier '<Super>Tab'

(x-window-manager:55996): xfwm4-WARNING **: 08:32:30.201: Failed to connect to session manager: Failed to connect to the session manager: SESSION_MANAGER environment variable not defined

Fri Sep 13 08:32:40 2019
 Connections: accepted: 0.0.0.0::50221
 SConnection: Client needs protocol version 3.8
 SConnection: Client requests security type VncAuth(2)

Fri Sep 13 08:32:46 2019
 VNCSConnST:  Server default pixel format depth 16 (16bpp) little-endian rgb565
 VNCSConnST:  Client pixel format depth 16 (16bpp) little-endian rgb565

Fri Sep 13 08:47:56 2019
 XserverDesktop: Added unknown keysym 0x6f7 to keycode 255
xfwm4-Message: 08:47:56.717: Unsupported keyboard modifier '<Super>Tab'

Fri Sep 13 08:47:58 2019
 XserverDesktop: Added unknown keysym 0x6c5 to keycode 254
xfwm4-Message: 08:47:58.789: Unsupported keyboard modifier '<Super>Tab'

Fri Sep 13 08:48:00 2019
 XserverDesktop: Added unknown keysym 0x6c4 to keycode 253
xfwm4-Message: 08:48:00.716: Unsupported keyboard modifier '<Super>Tab'
 XserverDesktop: Added unknown keysym 0x6c9 to keycode 252
xfwm4-Message: 08:48:00.997: Unsupported keyboard modifier '<Super>Tab'

Fri Sep 13 08:48:02 2019
 XserverDesktop: Added unknown keysym 0x6d4 to keycode 251
xfwm4-Message: 08:48:02.413: Unsupported keyboard modifier '<Super>Tab'

Fri Sep 13 08:48:32 2019
 XserverDesktop: Added unknown keysym 0x6de to keycode 250
 XserverDesktop: Added unknown keysym 0x6c3 to keycode 249
xfwm4-Message: 08:48:32.612: Unsupported keyboard modifier '<Super>Tab'

Fri Sep 13 09:37:10 2019
 Connections: closed: 0.0.0.0::50221 (Clean disconnection)
 SMsgWriter:  framebuffer updates 7316
 SMsgWriter:    copyRect rects 2684, bytes 42944
 SMsgWriter:    hextile rects 17859, bytes 47756499
 SMsgWriter:    raw bytes equivalent 645782758, compression ratio 13.522406
x-window-manager: Fatal IO error 4 (Interrupted system call) on X server :32.
