
Xvnc Free Edition 4.1.1 - built Feb 25 2015 23:02:21
Copyright (C) 2002-2005 RealVNC Ltd.
See http://www.realvnc.com for information on VNC.
Underlying X server release 40300000, The XFree86 Project, Inc


Thu Feb 13 09:49:23 2020
 vncext:      VNC extension running!
 vncext:      Listening for VNC connections on port 5914
 vncext:      created VNC server for screen 0
error opening security policy file /etc/X11/xserver/SecurityPolicy
Could not init font path element /usr/X11R6/lib/X11/fonts/Type1/, removing from list!
Could not init font path element /usr/X11R6/lib/X11/fonts/Speedo/, removing from list!
Could not init font path element /usr/X11R6/lib/X11/fonts/misc/, removing from list!
Could not init font path element /usr/X11R6/lib/X11/fonts/75dpi/, removing from list!
Could not init font path element /usr/X11R6/lib/X11/fonts/100dpi/, removing from list!
Could not init font path element /usr/share/fonts/X11/75dpi/, removing from list!
Could not init font path element /usr/share/fonts/X11/100dpi/, removing from list!
xrdb: No such file or directory
xrdb: can't open file '/home/is28/lebedeva28/.Xresources'
/usr/bin/startxfce4: X server already running on display :14
gpg-agent[10750]: WARNING: "--write-env-file" is an obsolete option - it has no effect
gpg-agent: a gpg-agent is already running - not starting a new one

(xfce4-session:10729): xfce4-session-WARNING **: 09:49:26.850: gpg-agent returned no PID in the variables

(xfce4-session:10729): xfce4-session-WARNING **: 09:49:26.857: xfsm_manager_load_session: Something wrong with /home/is28/lebedeva28/.cache/sessions/xfce4-session-virt-1:14, Does it exist? Permissions issue?

(xfwm4:10754): xfwm4-WARNING **: 09:49:26.886: The display does not support the XRender extension.

(xfwm4:10754): xfwm4-WARNING **: 09:49:26.887: The display does not support the XComposite extension.

(xfwm4:10754): xfwm4-WARNING **: 09:49:26.887: The display does not support the XDamage extension.

(xfwm4:10754): xfwm4-WARNING **: 09:49:26.887: The display does not support the XFixes extension.

(xfwm4:10754): xfwm4-WARNING **: 09:49:26.887: Compositing manager disabled.
(uint32 1,)

** (light-locker:10763): ERROR **: 09:49:26.955: Environment variable XDG_SESSION_PATH not set. Is LightDM running?

(polkit-gnome-authentication-agent-1:10766): GLib-CRITICAL **: 09:49:26.986: g_variant_new_string: assertion 'string != NULL' failed

(polkit-gnome-authentication-agent-1:10766): polkit-gnome-1-WARNING **: 09:49:26.988: Failed to register client: GDBus.Error:org.freedesktop.DBus.Error.ServiceUnknown: The name org.gnome.SessionManager was not provided by any .service files
xfwm4-Message: 09:49:27.031: Unsupported keyboard modifier '<Super>Tab'

(xfsettingsd:10765): xfsettingsd-CRITICAL **: 09:49:27.043: RANDR extension is too old, version 1.1. Display settings won't be applied.
Xlib:  extension "XInputExtension" missing on display ":14.0".

(xfsettingsd:10765): xfsettingsd-CRITICAL **: 09:49:27.046: XI is not present.

(xfsettingsd:10765): xfsettingsd-CRITICAL **: 09:49:27.046: Failed to initialize the Xkb extension.

(xfsettingsd:10765): xfsettingsd-CRITICAL **: 09:49:27.046: Failed to initialize the Accessibility extension.
xfwm4-Message: 09:49:27.137: Unsupported keyboard modifier '<Super>Tab'

(nm-applet:10868): Gtk-WARNING **: 09:49:27.369: Can't set a parent on widget which has a parent

(nm-applet:10868): Gdk-CRITICAL **: 09:49:27.528: gdk_window_thaw_toplevel_updates: assertion 'window->update_and_descendants_freeze_count > 0' failed
/usr/lib/python3/dist-packages/blueman/plugins/applet/AppIndicator.py:8: PyGIWarning: AppIndicator3 was imported without specifying a version first. Use gi.require_version('AppIndicator3', '0.1') before import to ensure that the right version gets loaded.
  from gi.repository import AppIndicator3 as girAppIndicator
ERROR:dbus.proxies:Introspect error on org.bluez:/org/bluez: dbus.exceptions.DBusException: org.freedesktop.DBus.Error.AccessDenied: Rejected send message, 2 matched rules; type="method_call", sender=":1.539" (uid=1275 pid=10862 comm="/usr/bin/python3 /usr/bin/blueman-applet " label="unconfined") interface="org.freedesktop.DBus.Introspectable" member="Introspect" error name="(unset)" requested_reply="0" destination="org.bluez" (bus)
ERROR:dbus.proxies:Introspect error on org.bluez:/: dbus.exceptions.DBusException: org.freedesktop.DBus.Error.AccessDenied: Rejected send message, 2 matched rules; type="method_call", sender=":1.539" (uid=1275 pid=10862 comm="/usr/bin/python3 /usr/bin/blueman-applet " label="unconfined") interface="org.freedesktop.DBus.Introspectable" member="Introspect" error name="(unset)" requested_reply="0" destination="org.bluez" (bus)
ERROR:dbus.proxies:Introspect error on org.bluez:/: dbus.exceptions.DBusException: org.freedesktop.DBus.Error.AccessDenied: Rejected send message, 2 matched rules; type="method_call", sender=":1.539" (uid=1275 pid=10862 comm="/usr/bin/python3 /usr/bin/blueman-applet " label="unconfined") interface="org.freedesktop.DBus.Introspectable" member="Introspect" error name="(unset)" requested_reply="0" destination="org.bluez" (bus)

(wrapper-1.0:10919): Gdk-WARNING **: 09:49:39.883: /build/gtk+2.0-AoeliP/gtk+2.0-2.24.32/gdk/x11/gdkdrawable-x11.c:952 drawable is not a pixmap or window

(wrapper-1.0:10919): Gdk-WARNING **: 09:49:39.883: /build/gtk+2.0-AoeliP/gtk+2.0-2.24.32/gdk/x11/gdkdrawable-x11.c:952 drawable is not a pixmap or window
/usr/lib/ubuntu-release-upgrader/check-new-release-gtk:30: PyGIWarning: Gtk was imported without specifying a version first. Use gi.require_version('Gtk', '3.0') before import to ensure that the right version gets loaded.
  from gi.repository import Gtk
WARNING:root:timeout reached, exiting

Thu Feb 13 09:52:33 2020
 Connections: accepted: 0.0.0.0::59907
 SConnection: Client needs protocol version 3.8
 SConnection: Client requests security type VncAuth(2)

Thu Feb 13 09:52:38 2020
 SConnection: AuthFailureException: Authentication failure
 Connections: closed: 0.0.0.0::59907 (Authentication failure)

Thu Feb 13 09:52:48 2020
 Connections: accepted: 0.0.0.0::59908
 SConnection: Client needs protocol version 3.8
 SConnection: Client requests security type VncAuth(2)

Thu Feb 13 09:52:53 2020
 VNCSConnST:  Server default pixel format depth 16 (16bpp) little-endian rgb565
 VNCSConnST:  Client pixel format depth 16 (16bpp) little-endian rgb565

Thu Feb 13 10:46:31 2020
 Connections: closed: 0.0.0.0::59908 (Clean disconnection)
 SMsgWriter:  framebuffer updates 17849
 SMsgWriter:    copyRect rects 574, bytes 9184
 SMsgWriter:    hextile rects 3126464, bytes 258505591
 SMsgWriter:    raw bytes equivalent 141225348, compression ratio 0.546314

** (xfdesktop:10762): WARNING **: 23:39:49.222: Attempt to remove icon 0x55e0c7284770 from XfdesktopIconView 0x55e0c7284190, but it's not in there.

(xfdesktop:10762): libxfce4ui-WARNING **: 09:42:20.672: ICE I/O Error

(xfdesktop:10762): libxfce4ui-WARNING **: 09:42:26.632: Disconnected from session manager.
xfwm4: Fatal IO error 4 (Interrupted system call) on X server :14.0.
xfdesktop: Fatal IO error 25 (Inappropriate ioctl for device) on X server :14.0.
