
Xvnc Free Edition 4.1.1 - built Feb 25 2015 23:02:21
Copyright (C) 2002-2005 RealVNC Ltd.
See http://www.realvnc.com for information on VNC.
Underlying X server release 40300000, The XFree86 Project, Inc


Fri Dec  6 11:32:05 2019
 vncext:      VNC extension running!
 vncext:      Listening for VNC connections on port 5903
 vncext:      created VNC server for screen 0
error opening security policy file /etc/X11/xserver/SecurityPolicy
Could not init font path element /usr/X11R6/lib/X11/fonts/Type1/, removing from list!
Could not init font path element /usr/X11R6/lib/X11/fonts/Speedo/, removing from list!
Could not init font path element /usr/X11R6/lib/X11/fonts/misc/, removing from list!
Could not init font path element /usr/X11R6/lib/X11/fonts/75dpi/, removing from list!
Could not init font path element /usr/X11R6/lib/X11/fonts/100dpi/, removing from list!
Could not init font path element /usr/share/fonts/X11/75dpi/, removing from list!
Could not init font path element /usr/share/fonts/X11/100dpi/, removing from list!
xrdb: No such file or directory
xrdb: can't open file '/home/is28/lebedeva28/.Xresources'
/usr/bin/startxfce4: X server already running on display :3
gpg-agent[27812]: WARNING: "--write-env-file" is an obsolete option - it has no effect
gpg-agent: a gpg-agent is already running - not starting a new one

(xfce4-session:27805): xfce4-session-WARNING **: 11:32:08.990: gpg-agent returned no PID in the variables

(xfce4-session:27805): xfce4-session-WARNING **: 11:32:08.997: xfsm_manager_load_session: Something wrong with /home/is28/lebedeva28/.cache/sessions/xfce4-session-virt-1:3, Does it exist? Permissions issue?

(xfwm4:27815): xfwm4-WARNING **: 11:32:09.022: The display does not support the XRender extension.

(xfwm4:27815): xfwm4-WARNING **: 11:32:09.022: The display does not support the XComposite extension.

(xfwm4:27815): xfwm4-WARNING **: 11:32:09.022: The display does not support the XDamage extension.

(xfwm4:27815): xfwm4-WARNING **: 11:32:09.022: The display does not support the XFixes extension.

(xfwm4:27815): xfwm4-WARNING **: 11:32:09.022: Compositing manager disabled.
(uint32 2,)

(xfsettingsd:27827): xfsettingsd-CRITICAL **: 11:32:09.113: RANDR extension is too old, version 1.1. Display settings won't be applied.
Xlib:  extension "XInputExtension" missing on display ":3.0".

(xfsettingsd:27827): xfsettingsd-CRITICAL **: 11:32:09.114: XI is not present.

(xfsettingsd:27827): xfsettingsd-CRITICAL **: 11:32:09.114: Failed to initialize the Xkb extension.

(xfsettingsd:27827): xfsettingsd-CRITICAL **: 11:32:09.114: Failed to initialize the Accessibility extension.
xfwm4-Message: 11:32:09.141: Unsupported keyboard modifier '<Super>Tab'
xfwm4-Message: 11:32:09.181: Unsupported keyboard modifier '<Super>Tab'

** (light-locker:27824): ERROR **: 11:32:09.344: Environment variable XDG_SESSION_PATH not set. Is LightDM running?

(polkit-gnome-authentication-agent-1:27826): GLib-CRITICAL **: 11:32:09.388: g_variant_new_string: assertion 'string != NULL' failed

(polkit-gnome-authentication-agent-1:27826): polkit-gnome-1-WARNING **: 11:32:09.389: Failed to register client: GDBus.Error:org.freedesktop.DBus.Error.ServiceUnknown: The name org.gnome.SessionManager was not provided by any .service files

(nm-applet:27870): Gtk-WARNING **: 11:32:09.816: Can't set a parent on widget which has a parent

(nm-applet:27870): Gdk-CRITICAL **: 11:32:09.953: gdk_window_thaw_toplevel_updates: assertion 'window->update_and_descendants_freeze_count > 0' failed

(tracker-extract:27837): Tracker-CRITICAL **: 11:32:10.112: Could not request DBus name 'org.freedesktop.Tracker1.Miner.Extract': D-Bus service name:'org.freedesktop.Tracker1.Miner.Extract' is already taken, perhaps the application is already running?

(tracker-miner-apps:27852): Tracker-CRITICAL **: 11:32:10.165: Could not request DBus name 'org.freedesktop.Tracker1.Miner.Applications': D-Bus service name:'org.freedesktop.Tracker1.Miner.Applications' is already taken, perhaps the application is already running?

(tracker-miner-fs:27829): Tracker-CRITICAL **: 11:32:10.168: Could not request DBus name 'org.freedesktop.Tracker1.Miner.Files': D-Bus service name:'org.freedesktop.Tracker1.Miner.Files' is already taken, perhaps the application is already running?
/usr/lib/python3/dist-packages/blueman/plugins/applet/AppIndicator.py:8: PyGIWarning: AppIndicator3 was imported without specifying a version first. Use gi.require_version('AppIndicator3', '0.1') before import to ensure that the right version gets loaded.
  from gi.repository import AppIndicator3 as girAppIndicator
ERROR:dbus.proxies:Introspect error on org.bluez:/org/bluez: dbus.exceptions.DBusException: org.freedesktop.DBus.Error.AccessDenied: Rejected send message, 2 matched rules; type="method_call", sender=":1.13159" (uid=1275 pid=27860 comm="/usr/bin/python3 /usr/bin/blueman-applet " label="unconfined") interface="org.freedesktop.DBus.Introspectable" member="Introspect" error name="(unset)" requested_reply="0" destination="org.bluez" (bus)
ERROR:dbus.proxies:Introspect error on org.bluez:/: dbus.exceptions.DBusException: org.freedesktop.DBus.Error.AccessDenied: Rejected send message, 2 matched rules; type="method_call", sender=":1.13159" (uid=1275 pid=27860 comm="/usr/bin/python3 /usr/bin/blueman-applet " label="unconfined") interface="org.freedesktop.DBus.Introspectable" member="Introspect" error name="(unset)" requested_reply="0" destination="org.bluez" (bus)
ERROR:dbus.proxies:Introspect error on org.bluez:/: dbus.exceptions.DBusException: org.freedesktop.DBus.Error.AccessDenied: Rejected send message, 2 matched rules; type="method_call", sender=":1.13159" (uid=1275 pid=27860 comm="/usr/bin/python3 /usr/bin/blueman-applet " label="unconfined") interface="org.freedesktop.DBus.Introspectable" member="Introspect" error name="(unset)" requested_reply="0" destination="org.bluez" (bus)

(wrapper-1.0:27905): Gdk-WARNING **: 11:32:10.647: /build/gtk+2.0-AoeliP/gtk+2.0-2.24.32/gdk/x11/gdkdrawable-x11.c:952 drawable is not a pixmap or window

Fri Dec  6 11:33:58 2019
 Connections: accepted: 0.0.0.0::50128
 SConnection: Client needs protocol version 3.8
 SConnection: Client requests security type VncAuth(2)

Fri Dec  6 11:34:01 2019
 VNCSConnST:  Server default pixel format depth 16 (16bpp) little-endian rgb565
 VNCSConnST:  Client pixel format depth 16 (16bpp) little-endian rgb565

Fri Dec  6 12:10:32 2019
 VNCSConnST:  Client pixel format depth 16 (16bpp) little-endian rgb565

Fri Dec  6 12:11:28 2019
 VNCSConnST:  Client pixel format depth 16 (16bpp) little-endian rgb565

Fri Dec  6 12:12:58 2019
 VNCSConnST:  Client pixel format depth 16 (16bpp) little-endian rgb565

Fri Dec  6 12:45:30 2019
 Connections: closed: 0.0.0.0::50128 (Clean disconnection)
 SMsgWriter:  framebuffer updates 6830
 SMsgWriter:    copyRect rects 1026, bytes 16416
 SMsgWriter:    hextile rects 5675, bytes 28393378
 SMsgWriter:    ZRLE rects 1627319, bytes 586333307
 SMsgWriter:    raw bytes equivalent 1467676402, compression ratio 2.387527
xfwm4: Fatal IO error 4 (Interrupted system call) on X server :3.0.
xfdesktop: Fatal IO error 11 (Resource temporarily unavailable) on X server :3.0.
