
Xvnc Free Edition 4.1.1 - built Feb 25 2015 23:02:21
Copyright (C) 2002-2005 RealVNC Ltd.
See http://www.realvnc.com for information on VNC.
Underlying X server release 40300000, The XFree86 Project, Inc


Fri Sep 20 08:37:00 2019
 vncext:      VNC extension running!
 vncext:      Listening for VNC connections on port 5924
 vncext:      created VNC server for screen 0
error opening security policy file /etc/X11/xserver/SecurityPolicy
Could not init font path element /usr/X11R6/lib/X11/fonts/Type1/, removing from list!
Could not init font path element /usr/X11R6/lib/X11/fonts/Speedo/, removing from list!
Could not init font path element /usr/X11R6/lib/X11/fonts/misc/, removing from list!
Could not init font path element /usr/X11R6/lib/X11/fonts/75dpi/, removing from list!
Could not init font path element /usr/X11R6/lib/X11/fonts/100dpi/, removing from list!
Could not init font path element /usr/share/fonts/X11/75dpi/, removing from list!
Could not init font path element /usr/share/fonts/X11/100dpi/, removing from list!

(x-window-manager:48793): xfwm4-WARNING **: 08:37:03.791: The display does not support the XRender extension.

(x-window-manager:48793): xfwm4-WARNING **: 08:37:03.791: The display does not support the XComposite extension.

(x-window-manager:48793): xfwm4-WARNING **: 08:37:03.791: The display does not support the XDamage extension.

(x-window-manager:48793): xfwm4-WARNING **: 08:37:03.791: The display does not support the XFixes extension.

(x-window-manager:48793): xfwm4-WARNING **: 08:37:03.791: Compositing manager disabled.
Failed to connect to session manager: Failed to connect to the session manager: SESSION_MANAGER environment variable not defined
xfwm4-Message: 08:37:03.894: Unsupported keyboard modifier '<Super>Tab'

(x-window-manager:48793): xfwm4-WARNING **: 08:37:03.901: Failed to connect to session manager: Failed to connect to the session manager: SESSION_MANAGER environment variable not defined

Fri Sep 20 08:37:09 2019
 Connections: accepted: 0.0.0.0::60906
 SConnection: Client needs protocol version 3.8
 SConnection: Client requests security type VncAuth(2)

Fri Sep 20 08:37:13 2019
 VNCSConnST:  Server default pixel format depth 16 (16bpp) little-endian rgb565
 VNCSConnST:  Client pixel format depth 16 (16bpp) little-endian rgb565

Fri Sep 20 08:50:17 2019
 XserverDesktop: Added unknown keysym 0x6c3 to keycode 255
 XserverDesktop: Added unknown keysym 0x6c5 to keycode 254
xfwm4-Message: 08:50:17.535: Unsupported keyboard modifier '<Super>Tab'
 XserverDesktop: Added unknown keysym 0x6cc to keycode 253
 XserverDesktop: Added unknown keysym 0x6c1 to keycode 252
xfwm4-Message: 08:50:17.967: Unsupported keyboard modifier '<Super>Tab'

Fri Sep 20 08:50:18 2019
 XserverDesktop: Added unknown keysym 0x6d1 to keycode 251
xfwm4-Message: 08:50:18.264: Unsupported keyboard modifier '<Super>Tab'

Fri Sep 20 08:50:20 2019
 XserverDesktop: Added unknown keysym 0x6de to keycode 250
xfwm4-Message: 08:50:20.727: Unsupported keyboard modifier '<Super>Tab'
 XserverDesktop: Added unknown keysym 0x6d3 to keycode 249

Fri Sep 20 08:50:21 2019
 XserverDesktop: Added unknown keysym 0x6d4 to keycode 248
 XserverDesktop: Added unknown keysym 0x6d8 to keycode 247
xfwm4-Message: 08:50:21.456: Unsupported keyboard modifier '<Super>Tab'

Fri Sep 20 08:50:42 2019
 XserverDesktop: Added unknown keysym 0x6fc to keycode 246
xfwm4-Message: 08:50:42.295: Unsupported keyboard modifier '<Super>Tab'

Fri Sep 20 08:51:12 2019
 XserverDesktop: Added unknown keysym 0x6c4 to keycode 245
 XserverDesktop: Added unknown keysym 0x6d2 to keycode 244
 XserverDesktop: Added unknown keysym 0x6cf to keycode 243
xfwm4-Message: 08:51:12.583: Unsupported keyboard modifier '<Super>Tab'

Fri Sep 20 08:51:13 2019
 XserverDesktop: Added unknown keysym 0x6c2 to keycode 242
xfwm4-Message: 08:51:13.407: Unsupported keyboard modifier '<Super>Tab'
 XserverDesktop: Added unknown keysym 0x6ce to keycode 241
xfwm4-Message: 08:51:13.910: Unsupported keyboard modifier '<Super>Tab'

Fri Sep 20 08:51:39 2019
 XserverDesktop: Added unknown keysym 0x6da to keycode 240
xfwm4-Message: 08:51:40.254: Unsupported keyboard modifier '<Super>Tab'

Fri Sep 20 09:00:49 2019
 XserverDesktop: Added unknown keysym 0xf3 to keycode 239
 XserverDesktop: Added unknown keysym 0x6cd to keycode 238
xfwm4-Message: 09:00:49.856: Unsupported keyboard modifier '<Super>Tab'

Fri Sep 20 09:00:53 2019
 XserverDesktop: Added unknown keysym 0x6c9 to keycode 237
xfwm4-Message: 09:00:53.584: Unsupported keyboard modifier '<Super>Tab'

Fri Sep 20 09:08:25 2019
 XserverDesktop: Added unknown keysym 0x6d7 to keycode 236
xfwm4-Message: 09:08:25.810: Unsupported keyboard modifier '<Super>Tab'
 XserverDesktop: Added unknown keysym 0x6c7 to keycode 235
xfwm4-Message: 09:08:26.170: Unsupported keyboard modifier '<Super>Tab'

Fri Sep 20 12:44:11 2019
 Connections: closed: 0.0.0.0::60906 (Clean disconnection)
 SMsgWriter:  framebuffer updates 6798
 SMsgWriter:    copyRect rects 3010, bytes 48160
 SMsgWriter:    hextile rects 19884, bytes 56603547
 SMsgWriter:    raw bytes equivalent 699218306, compression ratio 12.352906
