
Xvnc Free Edition 4.1.1 - built Feb 25 2015 23:02:21
Copyright (C) 2002-2005 RealVNC Ltd.
See http://www.realvnc.com for information on VNC.
Underlying X server release 40300000, The XFree86 Project, Inc


Fri Oct  4 11:33:09 2019
 vncext:      VNC extension running!
 vncext:      Listening for VNC connections on port 5918
 vncext:      created VNC server for screen 0
error opening security policy file /etc/X11/xserver/SecurityPolicy
Could not init font path element /usr/X11R6/lib/X11/fonts/Type1/, removing from list!
Could not init font path element /usr/X11R6/lib/X11/fonts/Speedo/, removing from list!
Could not init font path element /usr/X11R6/lib/X11/fonts/misc/, removing from list!
Could not init font path element /usr/X11R6/lib/X11/fonts/75dpi/, removing from list!
Could not init font path element /usr/X11R6/lib/X11/fonts/100dpi/, removing from list!
Could not init font path element /usr/share/fonts/X11/75dpi/, removing from list!
Could not init font path element /usr/share/fonts/X11/100dpi/, removing from list!

(x-window-manager:8646): xfwm4-WARNING **: 11:33:12.669: The display does not support the XRender extension.

(x-window-manager:8646): xfwm4-WARNING **: 11:33:12.669: The display does not support the XComposite extension.

(x-window-manager:8646): xfwm4-WARNING **: 11:33:12.669: The display does not support the XDamage extension.

(x-window-manager:8646): xfwm4-WARNING **: 11:33:12.669: The display does not support the XFixes extension.

(x-window-manager:8646): xfwm4-WARNING **: 11:33:12.669: Compositing manager disabled.
Failed to connect to session manager: Failed to connect to the session manager: SESSION_MANAGER environment variable not defined
xfwm4-Message: 11:33:12.780: Unsupported keyboard modifier '<Super>Tab'

(x-window-manager:8646): xfwm4-WARNING **: 11:33:12.788: Failed to connect to session manager: Failed to connect to the session manager: SESSION_MANAGER environment variable not defined

Fri Oct  4 11:33:37 2019
 Connections: accepted: 0.0.0.0::50116
 SConnection: Client needs protocol version 3.8
 SConnection: Client requests security type VncAuth(2)

Fri Oct  4 11:33:42 2019
 VNCSConnST:  Server default pixel format depth 16 (16bpp) little-endian rgb565
 VNCSConnST:  Client pixel format depth 16 (16bpp) little-endian rgb565

Fri Oct  4 11:34:13 2019
 Connections: accepted: 0.0.0.0::50153
 SConnection: Client needs protocol version 3.8
 SConnection: Client requests security type VncAuth(2)

Fri Oct  4 11:34:15 2019
 SConnection: AuthFailureException: Authentication failure
 Connections: closed: 0.0.0.0::50153 (Authentication failure)

Fri Oct  4 11:34:18 2019
 Connections: accepted: 0.0.0.0::50154
 SConnection: Client needs protocol version 3.8
 SConnection: Client requests security type VncAuth(2)

Fri Oct  4 11:34:21 2019
 SConnection: AuthFailureException: Authentication failure
 Connections: closed: 0.0.0.0::50154 (Authentication failure)

Fri Oct  4 11:34:24 2019
 Connections: accepted: 0.0.0.0::50155
 SConnection: Client needs protocol version 3.8
 SConnection: Client requests security type VncAuth(2)

Fri Oct  4 11:34:27 2019
 SConnection: AuthFailureException: Authentication failure
 Connections: closed: 0.0.0.0::50155 (Authentication failure)

Fri Oct  4 11:34:31 2019
 Connections: accepted: 0.0.0.0::50156
 SConnection: Client needs protocol version 3.8
 SConnection: Client requests security type VncAuth(2)

Fri Oct  4 11:34:34 2019
 SConnection: AuthFailureException: Authentication failure
 Connections: closed: 0.0.0.0::50156 (Authentication failure)

Fri Oct  4 11:34:37 2019
 Connections: accepted: 0.0.0.0::50157
 SConnection: Client needs protocol version 3.8
 SConnection: Client requests security type VncAuth(2)

Fri Oct  4 11:34:43 2019
 SConnection: AuthFailureException: Authentication failure
 Connections: closed: 0.0.0.0::50157 (Authentication failure)

Fri Oct  4 11:35:22 2019
 Connections: accepted: 0.0.0.0::50159
 SConnection: Client needs protocol version 3.8
 SConnection: Client requests security type VncAuth(2)

Fri Oct  4 11:35:27 2019
 SConnection: AuthFailureException: Authentication failure
 Connections: closed: 0.0.0.0::50159 (Authentication failure)

Fri Oct  4 11:35:34 2019
 Connections: blacklisted: 0.0.0.0

Fri Oct  4 11:35:38 2019
 Connections: blacklisted: 0.0.0.0

Fri Oct  4 11:37:00 2019
 Connections: accepted: 0.0.0.0::50164
 SConnection: Client needs protocol version 3.8
 SConnection: Client requests security type VncAuth(2)

Fri Oct  4 11:37:06 2019
 SConnection: AuthFailureException: Authentication failure
 Connections: closed: 0.0.0.0::50164 (Authentication failure)

Fri Oct  4 11:37:11 2019
 Connections: blacklisted: 0.0.0.0

Fri Oct  4 11:37:26 2019
 Connections: blacklisted: 0.0.0.0

Fri Oct  4 11:38:24 2019
 Connections: accepted: 0.0.0.0::50174
 SConnection: Client needs protocol version 3.8
 SConnection: Client requests security type VncAuth(2)

Fri Oct  4 11:38:34 2019
 SConnection: AuthFailureException: Authentication failure
 Connections: closed: 0.0.0.0::50174 (Authentication failure)

Fri Oct  4 11:38:39 2019
 Connections: blacklisted: 0.0.0.0

Fri Oct  4 11:38:44 2019
 Connections: blacklisted: 0.0.0.0

Fri Oct  4 11:39:09 2019
 Connections: blacklisted: 0.0.0.0

Fri Oct  4 11:39:50 2019
 Connections: accepted: 0.0.0.0::50181
 SConnection: Client needs protocol version 3.8
 SConnection: Client requests security type VncAuth(2)

Fri Oct  4 11:39:58 2019
 SConnection: AuthFailureException: Authentication failure
 Connections: closed: 0.0.0.0::50181 (Authentication failure)

Fri Oct  4 11:40:03 2019
 Connections: blacklisted: 0.0.0.0

Fri Oct  4 11:40:27 2019
 Connections: blacklisted: 0.0.0.0

Fri Oct  4 11:40:30 2019
 Connections: blacklisted: 0.0.0.0

Fri Oct  4 11:53:51 2019
 XserverDesktop: Added unknown keysym 0x6d7 to keycode 255
xfwm4-Message: 11:53:52.150: Unsupported keyboard modifier '<Super>Tab'

Fri Oct  4 11:53:52 2019
 XserverDesktop: Added unknown keysym 0x6c5 to keycode 254
 XserverDesktop: Added unknown keysym 0x6c4 to keycode 253
 XserverDesktop: Added unknown keysym 0x6c9 to keycode 252
 XserverDesktop: Added unknown keysym 0x6d4 to keycode 251
xfwm4-Message: 11:53:53.102: Unsupported keyboard modifier '<Super>Tab'

Fri Oct  4 11:53:59 2019
 XserverDesktop: Added unknown keysym 0x6c3 to keycode 250
xfwm4-Message: 11:53:59.285: Unsupported keyboard modifier '<Super>Tab'
 XserverDesktop: Added unknown keysym 0x6cc to keycode 249
 XserverDesktop: Added unknown keysym 0x6cf to keycode 248
xfwm4-Message: 11:53:59.774: Unsupported keyboard modifier '<Super>Tab'

Fri Oct  4 11:54:00 2019
 XserverDesktop: Added unknown keysym 0x6de to keycode 247
xfwm4-Message: 11:54:01.229: Unsupported keyboard modifier '<Super>Tab'

Fri Oct  4 11:54:01 2019
 XserverDesktop: Added unknown keysym 0x6d3 to keycode 246
xfwm4-Message: 11:54:01.598: Unsupported keyboard modifier '<Super>Tab'

Fri Oct  4 11:54:04 2019
 XserverDesktop: Added unknown keysym 0x6dc to keycode 245
xfwm4-Message: 11:54:04.621: Unsupported keyboard modifier '<Super>Tab'

Fri Oct  4 12:39:52 2019
 Connections: closed: 0.0.0.0::50116 (Clean disconnection)
 SMsgWriter:  framebuffer updates 4706
 SMsgWriter:    copyRect rects 3156, bytes 50496
 SMsgWriter:    hextile rects 15160, bytes 44266650
 SMsgWriter:    raw bytes equivalent 648681884, compression ratio 14.653964
x-window-manager: Fatal IO error 11 (Resource temporarily unavailable) on X server :18.
