
Xvnc Free Edition 4.1.1 - built Feb 25 2015 23:02:21
Copyright (C) 2002-2005 RealVNC Ltd.
See http://www.realvnc.com for information on VNC.
Underlying X server release 40300000, The XFree86 Project, Inc


Fri Oct 18 12:15:35 2019
 vncext:      VNC extension running!
 vncext:      Listening for VNC connections on port 5923
 vncext:      created VNC server for screen 0
error opening security policy file /etc/X11/xserver/SecurityPolicy
Could not init font path element /usr/X11R6/lib/X11/fonts/Type1/, removing from list!
Could not init font path element /usr/X11R6/lib/X11/fonts/Speedo/, removing from list!
Could not init font path element /usr/X11R6/lib/X11/fonts/misc/, removing from list!
Could not init font path element /usr/X11R6/lib/X11/fonts/75dpi/, removing from list!
Could not init font path element /usr/X11R6/lib/X11/fonts/100dpi/, removing from list!
Could not init font path element /usr/share/fonts/X11/75dpi/, removing from list!
Could not init font path element /usr/share/fonts/X11/100dpi/, removing from list!

(x-window-manager:12726): xfwm4-WARNING **: 12:15:38.752: The display does not support the XRender extension.

(x-window-manager:12726): xfwm4-WARNING **: 12:15:38.752: The display does not support the XComposite extension.

(x-window-manager:12726): xfwm4-WARNING **: 12:15:38.752: The display does not support the XDamage extension.

(x-window-manager:12726): xfwm4-WARNING **: 12:15:38.752: The display does not support the XFixes extension.

(x-window-manager:12726): xfwm4-WARNING **: 12:15:38.752: Compositing manager disabled.
xfwm4-Message: 12:15:38.777: Unsupported keyboard modifier '<Super>Tab'
Failed to connect to session manager: Failed to connect to the session manager: SESSION_MANAGER environment variable not defined

(x-window-manager:12726): xfwm4-WARNING **: 12:15:38.782: Failed to connect to session manager: Failed to connect to the session manager: SESSION_MANAGER environment variable not defined

Fri Oct 18 12:15:50 2019
 Connections: accepted: 0.0.0.0::64940
 SConnection: Client needs protocol version 3.8
 SConnection: Client requests security type VncAuth(2)

Fri Oct 18 12:15:54 2019
 VNCSConnST:  Server default pixel format depth 16 (16bpp) little-endian rgb565
 VNCSConnST:  Client pixel format depth 16 (16bpp) little-endian rgb565

Fri Oct 18 12:41:46 2019
 Connections: closed: 0.0.0.0::64940 (Clean disconnection)
 SMsgWriter:  framebuffer updates 184
 SMsgWriter:    copyRect rects 34, bytes 544
 SMsgWriter:    hextile rects 751, bytes 7298453
 SMsgWriter:    raw bytes equivalent 218129464, compression ratio 29.887082
x-window-manager: Fatal IO error 11 (Resource temporarily unavailable) on X server :23.
