
Xvnc Free Edition 4.1.1 - built Feb 25 2015 23:02:21
Copyright (C) 2002-2005 RealVNC Ltd.
See http://www.realvnc.com for information on VNC.
Underlying X server release 40300000, The XFree86 Project, Inc


Thu Mar  5 09:45:19 2020
 vncext:      VNC extension running!
 vncext:      Listening for VNC connections on port 5910
 vncext:      created VNC server for screen 0
error opening security policy file /etc/X11/xserver/SecurityPolicy
Could not init font path element /usr/X11R6/lib/X11/fonts/Type1/, removing from list!
Could not init font path element /usr/X11R6/lib/X11/fonts/Speedo/, removing from list!
Could not init font path element /usr/X11R6/lib/X11/fonts/misc/, removing from list!
Could not init font path element /usr/X11R6/lib/X11/fonts/75dpi/, removing from list!
Could not init font path element /usr/X11R6/lib/X11/fonts/100dpi/, removing from list!
Could not init font path element /usr/share/fonts/X11/75dpi/, removing from list!
Could not init font path element /usr/share/fonts/X11/100dpi/, removing from list!
xrdb: No such file or directory
xrdb: can't open file '/home/is28/lebedeva28/.Xresources'
/usr/bin/startxfce4: X server already running on display :10
gpg-agent[8259]: WARNING: "--write-env-file" is an obsolete option - it has no effect
gpg-agent: a gpg-agent is already running - not starting a new one

(xfce4-session:8246): xfce4-session-WARNING **: 09:45:22.957: gpg-agent returned no PID in the variables

(xfce4-session:8246): xfce4-session-WARNING **: 09:45:22.959: xfsm_manager_load_session: Something wrong with /home/is28/lebedeva28/.cache/sessions/xfce4-session-virt-1:10, Does it exist? Permissions issue?

(xfwm4:8263): xfwm4-WARNING **: 09:45:22.988: The display does not support the XRender extension.

(xfwm4:8263): xfwm4-WARNING **: 09:45:22.988: The display does not support the XComposite extension.

(xfwm4:8263): xfwm4-WARNING **: 09:45:22.988: The display does not support the XDamage extension.

(xfwm4:8263): xfwm4-WARNING **: 09:45:22.988: The display does not support the XFixes extension.

(xfwm4:8263): xfwm4-WARNING **: 09:45:22.988: Compositing manager disabled.

** (light-locker:8275): ERROR **: 09:45:23.022: Environment variable XDG_SESSION_PATH not set. Is LightDM running?
(uint32 1,)

(polkit-gnome-authentication-agent-1:8277): GLib-CRITICAL **: 09:45:23.062: g_variant_new_string: assertion 'string != NULL' failed

(polkit-gnome-authentication-agent-1:8277): polkit-gnome-1-WARNING **: 09:45:23.073: Failed to register client: GDBus.Error:org.freedesktop.DBus.Error.ServiceUnknown: The name org.gnome.SessionManager was not provided by any .service files
xfwm4-Message: 09:45:23.120: Unsupported keyboard modifier '<Super>Tab'

(xfsettingsd:8279): xfsettingsd-CRITICAL **: 09:45:23.153: RANDR extension is too old, version 1.1. Display settings won't be applied.
Xlib:  extension "XInputExtension" missing on display ":10.0".

(xfsettingsd:8279): xfsettingsd-CRITICAL **: 09:45:23.160: XI is not present.

(xfsettingsd:8279): xfsettingsd-CRITICAL **: 09:45:23.164: Failed to initialize the Xkb extension.

(xfsettingsd:8279): xfsettingsd-CRITICAL **: 09:45:23.164: Failed to initialize the Accessibility extension.
xfwm4-Message: 09:45:23.234: Unsupported keyboard modifier '<Super>Tab'

(nm-applet:8376): Gtk-WARNING **: 09:45:23.347: Can't set a parent on widget which has a parent

(nm-applet:8376): Gdk-CRITICAL **: 09:45:23.483: gdk_window_thaw_toplevel_updates: assertion 'window->update_and_descendants_freeze_count > 0' failed
/usr/lib/python3/dist-packages/blueman/plugins/applet/AppIndicator.py:8: PyGIWarning: AppIndicator3 was imported without specifying a version first. Use gi.require_version('AppIndicator3', '0.1') before import to ensure that the right version gets loaded.
  from gi.repository import AppIndicator3 as girAppIndicator
ERROR:dbus.proxies:Introspect error on org.bluez:/org/bluez: dbus.exceptions.DBusException: org.freedesktop.DBus.Error.AccessDenied: Rejected send message, 2 matched rules; type="method_call", sender=":1.375" (uid=1275 pid=8343 comm="/usr/bin/python3 /usr/bin/blueman-applet " label="unconfined") interface="org.freedesktop.DBus.Introspectable" member="Introspect" error name="(unset)" requested_reply="0" destination="org.bluez" (bus)
ERROR:dbus.proxies:Introspect error on org.bluez:/: dbus.exceptions.DBusException: org.freedesktop.DBus.Error.AccessDenied: Rejected send message, 2 matched rules; type="method_call", sender=":1.375" (uid=1275 pid=8343 comm="/usr/bin/python3 /usr/bin/blueman-applet " label="unconfined") interface="org.freedesktop.DBus.Introspectable" member="Introspect" error name="(unset)" requested_reply="0" destination="org.bluez" (bus)
ERROR:dbus.proxies:Introspect error on org.bluez:/: dbus.exceptions.DBusException: org.freedesktop.DBus.Error.AccessDenied: Rejected send message, 2 matched rules; type="method_call", sender=":1.375" (uid=1275 pid=8343 comm="/usr/bin/python3 /usr/bin/blueman-applet " label="unconfined") interface="org.freedesktop.DBus.Introspectable" member="Introspect" error name="(unset)" requested_reply="0" destination="org.bluez" (bus)

(wrapper-1.0:8432): Gdk-WARNING **: 09:45:32.628: /build/gtk+2.0-AoeliP/gtk+2.0-2.24.32/gdk/x11/gdkdrawable-x11.c:952 drawable is not a pixmap or window

Thu Mar  5 09:45:36 2020
 Connections: accepted: 0.0.0.0::49307
 SConnection: Client needs protocol version 3.8
 SConnection: Client requests security type VncAuth(2)

Thu Mar  5 09:45:41 2020
 VNCSConnST:  Server default pixel format depth 16 (16bpp) little-endian rgb565
 VNCSConnST:  Client pixel format depth 16 (16bpp) little-endian rgb565

(Thunar:8269): Gdk-WARNING **: 10:13:15.559: gdk_window_set_icon_list: icons too large
Xlib:  extension "XINERAMA" missing on display ":10.0".
func=xmlSecCheckVersionExt:file=xmlsec.c:line=188:obj=unknown:subj=unknown:error=19:invalid version:mode=abi compatible;expected minor version=2;real minor version=2;expected subminor version=25;real subminor version=26

Thu Mar  5 10:18:48 2020
 XserverDesktop: Added unknown keysym 0x6d1 to keycode 255
xfwm4-Message: 10:18:48.560: Unsupported keyboard modifier '<Super>Tab'
 XserverDesktop: Added unknown keysym 0x6d7 to keycode 254
xfwm4-Message: 10:18:49.064: Unsupported keyboard modifier '<Super>Tab'

Thu Mar  5 10:18:49 2020
 XserverDesktop: Added unknown keysym 0x6cc to keycode 253
xfwm4-Message: 10:18:49.751: Unsupported keyboard modifier '<Super>Tab'

Thu Mar  5 10:18:50 2020
 XserverDesktop: Added unknown keysym 0x6c5 to keycode 252
xfwm4-Message: 10:18:50.440: Unsupported keyboard modifier '<Super>Tab'
 XserverDesktop: Added unknown keysym 0x6d4 to keycode 251
xfwm4-Message: 10:18:51.231: Unsupported keyboard modifier '<Super>Tab'

Thu Mar  5 10:18:51 2020
 XserverDesktop: Added unknown keysym 0x6d3 to keycode 250
xfwm4-Message: 10:18:51.519: Unsupported keyboard modifier '<Super>Tab'

Thu Mar  5 10:18:52 2020
 XserverDesktop: Added unknown keysym 0x6c9 to keycode 249
xfwm4-Message: 10:18:52.816: Unsupported keyboard modifier '<Super>Tab'

Thu Mar  5 10:18:53 2020
 XserverDesktop: Added unknown keysym 0x6de to keycode 248
xfwm4-Message: 10:18:53.607: Unsupported keyboard modifier '<Super>Tab'

Thu Mar  5 10:18:54 2020
 XserverDesktop: Added unknown keysym 0x6cf to keycode 247
xfwm4-Message: 10:18:54.815: Unsupported keyboard modifier '<Super>Tab'

Thu Mar  5 10:18:55 2020
 XserverDesktop: Added unknown keysym 0x6d0 to keycode 246
 XserverDesktop: Added unknown keysym 0x6c1 to keycode 245
xfwm4-Message: 10:18:55.904: Unsupported keyboard modifier '<Super>Tab'

Thu Mar  5 10:18:56 2020
 XserverDesktop: Added unknown keysym 0x6ce to keycode 244
xfwm4-Message: 10:18:57.031: Unsupported keyboard modifier '<Super>Tab'

Thu Mar  5 10:18:59 2020
 XserverDesktop: Added unknown keysym 0x6c4 to keycode 243
xfwm4-Message: 10:18:59.544: Unsupported keyboard modifier '<Super>Tab'
 XserverDesktop: Added unknown keysym 0x6d2 to keycode 242
xfwm4-Message: 10:19:00.080: Unsupported keyboard modifier '<Super>Tab'

Thu Mar  5 10:19:01 2020
 XserverDesktop: Added unknown keysym 0x6cd to keycode 241
xfwm4-Message: 10:19:01.575: Unsupported keyboard modifier '<Super>Tab'

Thu Mar  5 10:54:08 2020
 Connections: closed: 0.0.0.0::49307 (Clean disconnection)
 SMsgWriter:  framebuffer updates 5375
 SMsgWriter:    copyRect rects 152, bytes 2432
 SMsgWriter:    hextile rects 158300, bytes 70084315
 SMsgWriter:    raw bytes equivalent 796259038, compression ratio 11.361444
xfce4-session-Message: 09:45:18.391: Got disconnected from D-Bus.  Unless this happened during session shutdown, this is probably a bad thing.
xfdesktop: Fatal IO error 4 (Interrupted system call) on X server :10.0.
