
Xvnc Free Edition 4.1.1 - built Feb 25 2015 23:02:21
Copyright (C) 2002-2005 RealVNC Ltd.
See http://www.realvnc.com for information on VNC.
Underlying X server release 40300000, The XFree86 Project, Inc


Thu Mar 12 09:48:19 2020
 vncext:      VNC extension running!
 vncext:      Listening for VNC connections on port 5912
 vncext:      created VNC server for screen 0
error opening security policy file /etc/X11/xserver/SecurityPolicy
Could not init font path element /usr/X11R6/lib/X11/fonts/Type1/, removing from list!
Could not init font path element /usr/X11R6/lib/X11/fonts/Speedo/, removing from list!
Could not init font path element /usr/X11R6/lib/X11/fonts/misc/, removing from list!
Could not init font path element /usr/X11R6/lib/X11/fonts/75dpi/, removing from list!
Could not init font path element /usr/X11R6/lib/X11/fonts/100dpi/, removing from list!
Could not init font path element /usr/share/fonts/X11/75dpi/, removing from list!
Could not init font path element /usr/share/fonts/X11/100dpi/, removing from list!
xrdb: No such file or directory
xrdb: can't open file '/home/is28/lebedeva28/.Xresources'
/usr/bin/startxfce4: X server already running on display :12
gpg-agent[9300]: WARNING: "--write-env-file" is an obsolete option - it has no effect
gpg-agent: a gpg-agent is already running - not starting a new one

(xfce4-session:9290): xfce4-session-WARNING **: 09:48:22.843: gpg-agent returned no PID in the variables

(xfce4-session:9290): xfce4-session-WARNING **: 09:48:22.850: xfsm_manager_load_session: Something wrong with /home/is28/lebedeva28/.cache/sessions/xfce4-session-virt-1:12, Does it exist? Permissions issue?

(xfwm4:9304): xfwm4-WARNING **: 09:48:22.879: The display does not support the XRender extension.

(xfwm4:9304): xfwm4-WARNING **: 09:48:22.880: The display does not support the XComposite extension.

(xfwm4:9304): xfwm4-WARNING **: 09:48:22.880: The display does not support the XDamage extension.

(xfwm4:9304): xfwm4-WARNING **: 09:48:22.880: The display does not support the XFixes extension.

(xfwm4:9304): xfwm4-WARNING **: 09:48:22.880: Compositing manager disabled.
(uint32 1,)

** (light-locker:9313): ERROR **: 09:48:22.953: Environment variable XDG_SESSION_PATH not set. Is LightDM running?

(polkit-gnome-authentication-agent-1:9315): GLib-CRITICAL **: 09:48:22.979: g_variant_new_string: assertion 'string != NULL' failed

(polkit-gnome-authentication-agent-1:9315): polkit-gnome-1-WARNING **: 09:48:22.983: Failed to register client: GDBus.Error:org.freedesktop.DBus.Error.ServiceUnknown: The name org.gnome.SessionManager was not provided by any .service files

(xfsettingsd:9318): xfsettingsd-CRITICAL **: 09:48:23.016: RANDR extension is too old, version 1.1. Display settings won't be applied.
Xlib:  extension "XInputExtension" missing on display ":12.0".

(xfsettingsd:9318): xfsettingsd-CRITICAL **: 09:48:23.016: XI is not present.

(xfsettingsd:9318): xfsettingsd-CRITICAL **: 09:48:23.017: Failed to initialize the Xkb extension.

(xfsettingsd:9318): xfsettingsd-CRITICAL **: 09:48:23.017: Failed to initialize the Accessibility extension.
xfwm4-Message: 09:48:23.065: Unsupported keyboard modifier '<Super>Tab'
xfwm4-Message: 09:48:23.165: Unsupported keyboard modifier '<Super>Tab'

(nm-applet:9396): Gtk-WARNING **: 09:48:23.284: Can't set a parent on widget which has a parent

(nm-applet:9396): Gdk-CRITICAL **: 09:48:23.432: gdk_window_thaw_toplevel_updates: assertion 'window->update_and_descendants_freeze_count > 0' failed

Thu Mar 12 09:48:43 2020
 Connections: accepted: 0.0.0.0::49275
 SConnection: Client needs protocol version 3.8
 SConnection: Client requests security type VncAuth(2)

Thu Mar 12 09:48:46 2020
 VNCSConnST:  Server default pixel format depth 16 (16bpp) little-endian rgb565
 VNCSConnST:  Client pixel format depth 16 (16bpp) little-endian rgb565
/usr/lib/python3/dist-packages/blueman/plugins/applet/AppIndicator.py:8: PyGIWarning: AppIndicator3 was imported without specifying a version first. Use gi.require_version('AppIndicator3', '0.1') before import to ensure that the right version gets loaded.
  from gi.repository import AppIndicator3 as girAppIndicator
ERROR:dbus.proxies:Introspect error on org.bluez:/org/bluez: dbus.exceptions.DBusException: org.freedesktop.DBus.Error.AccessDenied: Rejected send message, 2 matched rules; type="method_call", sender=":1.450" (uid=1275 pid=9377 comm="/usr/bin/python3 /usr/bin/blueman-applet " label="unconfined") interface="org.freedesktop.DBus.Introspectable" member="Introspect" error name="(unset)" requested_reply="0" destination="org.bluez" (bus)
ERROR:dbus.proxies:Introspect error on org.bluez:/: dbus.exceptions.DBusException: org.freedesktop.DBus.Error.AccessDenied: Rejected send message, 2 matched rules; type="method_call", sender=":1.450" (uid=1275 pid=9377 comm="/usr/bin/python3 /usr/bin/blueman-applet " label="unconfined") interface="org.freedesktop.DBus.Introspectable" member="Introspect" error name="(unset)" requested_reply="0" destination="org.bluez" (bus)
ERROR:dbus.proxies:Introspect error on org.bluez:/: dbus.exceptions.DBusException: org.freedesktop.DBus.Error.AccessDenied: Rejected send message, 2 matched rules; type="method_call", sender=":1.450" (uid=1275 pid=9377 comm="/usr/bin/python3 /usr/bin/blueman-applet " label="unconfined") interface="org.freedesktop.DBus.Introspectable" member="Introspect" error name="(unset)" requested_reply="0" destination="org.bluez" (bus)

(wrapper-1.0:9473): Gdk-WARNING **: 09:48:48.571: /build/gtk+2.0-AoeliP/gtk+2.0-2.24.32/gdk/x11/gdkdrawable-x11.c:952 drawable is not a pixmap or window

(wrapper-1.0:9473): Gdk-WARNING **: 09:48:48.571: /build/gtk+2.0-AoeliP/gtk+2.0-2.24.32/gdk/x11/gdkdrawable-x11.c:952 drawable is not a pixmap or window
/usr/lib/ubuntu-release-upgrader/check-new-release-gtk:30: PyGIWarning: Gtk was imported without specifying a version first. Use gi.require_version('Gtk', '3.0') before import to ensure that the right version gets loaded.
  from gi.repository import Gtk
WARNING:root:timeout reached, exiting

(Thunar:9310): Gdk-WARNING **: 10:04:00.514: gdk_window_set_icon_list: icons too large
Xlib:  extension "XINERAMA" missing on display ":12.0".
func=xmlSecCheckVersionExt:file=xmlsec.c:line=188:obj=unknown:subj=unknown:error=19:invalid version:mode=abi compatible;expected minor version=2;real minor version=2;expected subminor version=25;real subminor version=26

Thu Mar 12 10:18:37 2020
 XserverDesktop: Added unknown keysym 0x6cf to keycode 255
xfwm4-Message: 10:18:38.155: Unsupported keyboard modifier '<Super>Tab'

Thu Mar 12 10:18:38 2020
 XserverDesktop: Added unknown keysym 0x6d0 to keycode 254
 XserverDesktop: Added unknown keysym 0x6d2 to keycode 253
 XserverDesktop: Added unknown keysym 0x6c5 to keycode 252
xfwm4-Message: 10:18:38.715: Unsupported keyboard modifier '<Super>Tab'

Thu Mar 12 10:18:39 2020
 XserverDesktop: Added unknown keysym 0x6c4 to keycode 251
xfwm4-Message: 10:18:39.651: Unsupported keyboard modifier '<Super>Tab'
 XserverDesktop: Added unknown keysym 0x6cc to keycode 250
xfwm4-Message: 10:18:39.995: Unsupported keyboard modifier '<Super>Tab'

Thu Mar 12 10:18:40 2020
 XserverDesktop: Added unknown keysym 0x6c9 to keycode 249
xfwm4-Message: 10:18:40.739: Unsupported keyboard modifier '<Super>Tab'
 XserverDesktop: Added unknown keysym 0x6d4 to keycode 248
 XserverDesktop: Added unknown keysym 0x6d8 to keycode 247
xfwm4-Message: 10:18:41.155: Unsupported keyboard modifier '<Super>Tab'

Thu Mar 12 10:18:56 2020
 XserverDesktop: Added unknown keysym 0x6c0 to keycode 246
xfwm4-Message: 10:18:56.468: Unsupported keyboard modifier '<Super>Tab'

Thu Mar 12 10:18:57 2020
 XserverDesktop: Added unknown keysym 0x6c3 to keycode 245
xfwm4-Message: 10:18:57.923: Unsupported keyboard modifier '<Super>Tab'

Thu Mar 12 10:18:58 2020
 XserverDesktop: Added unknown keysym 0x6c6 to keycode 244
xfwm4-Message: 10:18:59.227: Unsupported keyboard modifier '<Super>Tab'

Thu Mar 12 10:18:59 2020
 XserverDesktop: Added unknown keysym 0xf3 to keycode 243
xfwm4-Message: 10:18:59.539: Unsupported keyboard modifier '<Super>Tab'

Thu Mar 12 10:19:09 2020
 XserverDesktop: Added unknown keysym 0x6d3 to keycode 242
xfwm4-Message: 10:19:09.772: Unsupported keyboard modifier '<Super>Tab'

Thu Mar 12 10:19:11 2020
 XserverDesktop: Added unknown keysym 0x6d7 to keycode 241
 XserverDesktop: Added unknown keysym 0x6c1 to keycode 240
xfwm4-Message: 10:19:11.515: Unsupported keyboard modifier '<Super>Tab'

Thu Mar 12 10:19:12 2020
 XserverDesktop: Added unknown keysym 0x6ce to keycode 239
xfwm4-Message: 10:19:12.427: Unsupported keyboard modifier '<Super>Tab'

Thu Mar 12 10:20:43 2020
 XserverDesktop: Added unknown keysym 0x6de to keycode 238
xfwm4-Message: 10:20:43.318: Unsupported keyboard modifier '<Super>Tab'

(Thunar:9310): Gdk-WARNING **: 10:23:44.267: gdk_window_set_icon_list: icons too large

(Thunar:9310): Gdk-WARNING **: 10:35:22.037: gdk_window_set_icon_list: icons too large

Thu Mar 12 10:59:20 2020
 Connections: closed: 0.0.0.0::49275 (Clean disconnection)
 SMsgWriter:  framebuffer updates 10428
 SMsgWriter:    copyRect rects 2741, bytes 43856
 SMsgWriter:    hextile rects 31529, bytes 89651339
 SMsgWriter:    raw bytes equivalent 779449334, compression ratio 8.694230
cat: /home/is28/lebedeva28/.Xauthority: No such file or directory
AUDIT: Tue Mar 17 21:59:42 2020: 9151 Xvnc4: client 9 rejected from local host

(tracker-miner-fs:9317): Tracker-WARNING **: 22:01:27.234:   Could not create file:'/home/is28/lebedeva28/.cache/tracker/last-crawl.txt' failed, Failed to create file “/home/is28/lebedeva28/.cache/tracker/last-crawl.txt.D00OH0”: No such file or directory

(tracker-miner-fs:9317): Tracker-WARNING **: 22:01:27.234:   Could not create file:'/home/is28/lebedeva28/.cache/tracker/last-crawl.txt' failed, Failed to create file “/home/is28/lebedeva28/.cache/tracker/last-crawl.txt.EV0OH0”: No such file or directory

(tracker-miner-fs:9317): Tracker-WARNING **: 22:01:27.243:   Could not create file:'/home/is28/lebedeva28/.cache/tracker/last-crawl.txt' failed, Failed to create file “/home/is28/lebedeva28/.cache/tracker/last-crawl.txt.DV5OH0”: No such file or directory

(tracker-miner-fs:9317): Tracker-WARNING **: 22:01:27.243:   Could not create file:'/home/is28/lebedeva28/.cache/tracker/last-crawl.txt' failed, Failed to create file “/home/is28/lebedeva28/.cache/tracker/last-crawl.txt.K35OH0”: No such file or directory

(tracker-miner-fs:9317): Tracker-WARNING **: 22:01:27.255:   Could not create file:'/home/is28/lebedeva28/.cache/tracker/last-crawl.txt' failed, Failed to create file “/home/is28/lebedeva28/.cache/tracker/last-crawl.txt.COMPH0”: No such file or directory

(tracker-miner-fs:9317): Tracker-WARNING **: 22:01:27.255:   Could not create file:'/home/is28/lebedeva28/.cache/tracker/last-crawl.txt' failed, Failed to create file “/home/is28/lebedeva28/.cache/tracker/last-crawl.txt.Z3LPH0”: No such file or directory

(tracker-miner-fs:9317): Tracker-WARNING **: 22:01:27.266:   Could not create file:'/home/is28/lebedeva28/.cache/tracker/last-crawl.txt' failed, Failed to create file “/home/is28/lebedeva28/.cache/tracker/last-crawl.txt.F9ISH0”: No such file or directory

(tracker-miner-fs:9317): Tracker-WARNING **: 22:01:27.266:   Could not create file:'/home/is28/lebedeva28/.cache/tracker/last-crawl.txt' failed, Failed to create file “/home/is28/lebedeva28/.cache/tracker/last-crawl.txt.R3ISH0”: No such file or directory

(tracker-miner-fs:9317): Tracker-WARNING **: 22:01:27.269:   Could not create file:'/home/is28/lebedeva28/.cache/tracker/last-crawl.txt' failed, Failed to create file “/home/is28/lebedeva28/.cache/tracker/last-crawl.txt.64GSH0”: No such file or directory

(tracker-miner-fs:9317): Tracker-WARNING **: 22:01:27.269:   Could not create file:'/home/is28/lebedeva28/.cache/tracker/last-crawl.txt' failed, Failed to create file “/home/is28/lebedeva28/.cache/tracker/last-crawl.txt.Q6GSH0”: No such file or directory

(tracker-miner-fs:9317): Tracker-WARNING **: 22:03:30.037:   Could not create file:'/home/is28/lebedeva28/.cache/tracker/last-crawl.txt' failed, Failed to create file “/home/is28/lebedeva28/.cache/tracker/last-crawl.txt.77LNH0”: No such file or directory

(tracker-miner-fs:9317): Tracker-WARNING **: 22:03:30.037:   Could not create file:'/home/is28/lebedeva28/.cache/tracker/last-crawl.txt' failed, Failed to create file “/home/is28/lebedeva28/.cache/tracker/last-crawl.txt.W9LNH0”: No such file or directory

(tracker-miner-fs:9317): Tracker-WARNING **: 22:03:30.039:   Could not create file:'/home/is28/lebedeva28/.cache/tracker/last-crawl.txt' failed, Failed to create file “/home/is28/lebedeva28/.cache/tracker/last-crawl.txt.8IKNH0”: No such file or directory

(tracker-miner-fs:9317): Tracker-WARNING **: 22:03:30.039:   Could not create file:'/home/is28/lebedeva28/.cache/tracker/last-crawl.txt' failed, Failed to create file “/home/is28/lebedeva28/.cache/tracker/last-crawl.txt.8JKNH0”: No such file or directory

(tracker-miner-fs:9317): Tracker-WARNING **: 22:03:30.044:   Could not create file:'/home/is28/lebedeva28/.cache/tracker/last-crawl.txt' failed, Failed to create file “/home/is28/lebedeva28/.cache/tracker/last-crawl.txt.5ATNH0”: No such file or directory

(tracker-miner-fs:9317): Tracker-WARNING **: 22:03:30.044:   Could not create file:'/home/is28/lebedeva28/.cache/tracker/last-crawl.txt' failed, Failed to create file “/home/is28/lebedeva28/.cache/tracker/last-crawl.txt.DCTNH0”: No such file or directory
