
Xvnc Free Edition 4.1.1 - built Feb 25 2015 23:02:21
Copyright (C) 2002-2005 RealVNC Ltd.
See http://www.realvnc.com for information on VNC.
Underlying X server release 40300000, The XFree86 Project, Inc


Fri Sep 27 11:23:04 2019
 vncext:      VNC extension running!
 vncext:      Listening for VNC connections on port 5917
 vncext:      created VNC server for screen 0
error opening security policy file /etc/X11/xserver/SecurityPolicy
Could not init font path element /usr/X11R6/lib/X11/fonts/Type1/, removing from list!
Could not init font path element /usr/X11R6/lib/X11/fonts/Speedo/, removing from list!
Could not init font path element /usr/X11R6/lib/X11/fonts/misc/, removing from list!
Could not init font path element /usr/X11R6/lib/X11/fonts/75dpi/, removing from list!
Could not init font path element /usr/X11R6/lib/X11/fonts/100dpi/, removing from list!
Could not init font path element /usr/share/fonts/X11/75dpi/, removing from list!
Could not init font path element /usr/share/fonts/X11/100dpi/, removing from list!

(x-window-manager:33858): xfwm4-WARNING **: 11:23:07.310: The display does not support the XRender extension.

(x-window-manager:33858): xfwm4-WARNING **: 11:23:07.311: The display does not support the XComposite extension.

(x-window-manager:33858): xfwm4-WARNING **: 11:23:07.311: The display does not support the XDamage extension.

(x-window-manager:33858): xfwm4-WARNING **: 11:23:07.311: The display does not support the XFixes extension.

(x-window-manager:33858): xfwm4-WARNING **: 11:23:07.311: Compositing manager disabled.
Failed to connect to session manager: Failed to connect to the session manager: SESSION_MANAGER environment variable not defined
xfwm4-Message: 11:23:07.424: Unsupported keyboard modifier '<Super>Tab'

(x-window-manager:33858): xfwm4-WARNING **: 11:23:07.432: Failed to connect to session manager: Failed to connect to the session manager: SESSION_MANAGER environment variable not defined

Fri Sep 27 11:23:18 2019
 Connections: accepted: 0.0.0.0::50159
 SConnection: Client needs protocol version 3.8
 SConnection: Client requests security type VncAuth(2)

Fri Sep 27 11:23:25 2019
 VNCSConnST:  Server default pixel format depth 16 (16bpp) little-endian rgb565
 VNCSConnST:  Client pixel format depth 16 (16bpp) little-endian rgb565

Fri Sep 27 11:33:27 2019
 XserverDesktop: Added unknown keysym 0x6d7 to keycode 255
xfwm4-Message: 11:33:27.598: Unsupported keyboard modifier '<Super>Tab'

Fri Sep 27 11:33:28 2019
 XserverDesktop: Added unknown keysym 0x6c5 to keycode 254
 XserverDesktop: Added unknown keysym 0x6c4 to keycode 253
xfwm4-Message: 11:33:28.943: Unsupported keyboard modifier '<Super>Tab'

Fri Sep 27 11:33:29 2019
 XserverDesktop: Added unknown keysym 0x6c9 to keycode 252
xfwm4-Message: 11:33:29.454: Unsupported keyboard modifier '<Super>Tab'

Fri Sep 27 11:33:30 2019
 XserverDesktop: Added unknown keysym 0x6d4 to keycode 251
xfwm4-Message: 11:33:30.406: Unsupported keyboard modifier '<Super>Tab'

Fri Sep 27 11:33:33 2019
 XserverDesktop: Added unknown keysym 0x6de to keycode 250
xfwm4-Message: 11:33:33.766: Unsupported keyboard modifier '<Super>Tab'
 XserverDesktop: Added unknown keysym 0x6d3 to keycode 249
xfwm4-Message: 11:33:34.062: Unsupported keyboard modifier '<Super>Tab'

Fri Sep 27 11:33:34 2019
 XserverDesktop: Added unknown keysym 0x6cc to keycode 248
 XserverDesktop: Added unknown keysym 0x6c1 to keycode 247
xfwm4-Message: 11:33:34.470: Unsupported keyboard modifier '<Super>Tab'

Fri Sep 27 11:33:40 2019
 XserverDesktop: Added unknown keysym 0x6c2 to keycode 246
xfwm4-Message: 11:33:40.422: Unsupported keyboard modifier '<Super>Tab'

Fri Sep 27 11:44:59 2019
 XserverDesktop: Added unknown keysym 0x6ce to keycode 245
xfwm4-Message: 11:44:59.526: Unsupported keyboard modifier '<Super>Tab'

Fri Sep 27 11:45:01 2019
 XserverDesktop: Added unknown keysym 0x6cf to keycode 244
 XserverDesktop: Added unknown keysym 0x6d8 to keycode 243
xfwm4-Message: 11:45:02.151: Unsupported keyboard modifier '<Super>Tab'

Fri Sep 27 11:45:02 2019
 XserverDesktop: Added unknown keysym 0x6db to keycode 242
xfwm4-Message: 11:45:02.599: Unsupported keyboard modifier '<Super>Tab'

Fri Sep 27 11:50:41 2019
 XserverDesktop: Added unknown keysym 0x6cb to keycode 241
xfwm4-Message: 11:50:41.971: Unsupported keyboard modifier '<Super>Tab'

Fri Sep 27 11:50:44 2019
 XserverDesktop: Added unknown keysym 0x6d2 to keycode 240
xfwm4-Message: 11:50:45.242: Unsupported keyboard modifier '<Super>Tab'

Fri Sep 27 11:50:45 2019
 XserverDesktop: Added unknown keysym 0x6c8 to keycode 239
xfwm4-Message: 11:50:46.107: Unsupported keyboard modifier '<Super>Tab'

Fri Sep 27 11:50:46 2019
 XserverDesktop: Added unknown keysym 0x6da to keycode 238
xfwm4-Message: 11:50:47.027: Unsupported keyboard modifier '<Super>Tab'

Fri Sep 27 11:50:52 2019
 XserverDesktop: Added unknown keysym 0x6c3 to keycode 237
xfwm4-Message: 11:50:52.971: Unsupported keyboard modifier '<Super>Tab'

Fri Sep 27 11:50:56 2019
 XserverDesktop: Added unknown keysym 0x6fc to keycode 236
xfwm4-Message: 11:50:56.747: Unsupported keyboard modifier '<Super>Tab'

Fri Sep 27 11:53:16 2019
 XserverDesktop: Added unknown keysym 0x6d0 to keycode 235
xfwm4-Message: 11:53:16.761: Unsupported keyboard modifier '<Super>Tab'

Fri Sep 27 11:53:18 2019
 XserverDesktop: Added unknown keysym 0x6cd to keycode 234
xfwm4-Message: 11:53:18.577: Unsupported keyboard modifier '<Super>Tab'

Fri Sep 27 11:53:31 2019
 XserverDesktop: Added unknown keysym 0xf3 to keycode 233
xfwm4-Message: 11:53:31.577: Unsupported keyboard modifier '<Super>Tab'

Fri Sep 27 11:53:32 2019
 XserverDesktop: Added unknown keysym 0x6d9 to keycode 232
xfwm4-Message: 11:53:32.280: Unsupported keyboard modifier '<Super>Tab'

Fri Sep 27 12:09:08 2019
 XserverDesktop: Added unknown keysym 0x6c6 to keycode 231
xfwm4-Message: 12:09:08.991: Unsupported keyboard modifier '<Super>Tab'

Fri Sep 27 12:35:51 2019
 Connections: closed: 0.0.0.0::50159 (Clean disconnection)
 SMsgWriter:  framebuffer updates 7630
 SMsgWriter:    copyRect rects 8384, bytes 134144
 SMsgWriter:    hextile rects 27045, bytes 55833465
 SMsgWriter:    raw bytes equivalent 749829560, compression ratio 13.429751
x-window-manager: Fatal IO error 4 (Interrupted system call) on X server :17.
