
Xvnc Free Edition 4.1.1 - built Feb 25 2015 23:02:21
Copyright (C) 2002-2005 RealVNC Ltd.
See http://www.realvnc.com for information on VNC.
Underlying X server release 40300000, The XFree86 Project, Inc


Fri Oct 25 11:39:29 2019
 vncext:      VNC extension running!
 vncext:      Listening for VNC connections on port 5908
 vncext:      created VNC server for screen 0
error opening security policy file /etc/X11/xserver/SecurityPolicy
Could not init font path element /usr/X11R6/lib/X11/fonts/Type1/, removing from list!
Could not init font path element /usr/X11R6/lib/X11/fonts/Speedo/, removing from list!
Could not init font path element /usr/X11R6/lib/X11/fonts/misc/, removing from list!
Could not init font path element /usr/X11R6/lib/X11/fonts/75dpi/, removing from list!
Could not init font path element /usr/X11R6/lib/X11/fonts/100dpi/, removing from list!
Could not init font path element /usr/share/fonts/X11/75dpi/, removing from list!
Could not init font path element /usr/share/fonts/X11/100dpi/, removing from list!

(x-window-manager:22753): xfwm4-WARNING **: 11:39:32.659: The display does not support the XRender extension.

(x-window-manager:22753): xfwm4-WARNING **: 11:39:32.659: The display does not support the XComposite extension.

(x-window-manager:22753): xfwm4-WARNING **: 11:39:32.659: The display does not support the XDamage extension.

(x-window-manager:22753): xfwm4-WARNING **: 11:39:32.659: The display does not support the XFixes extension.

(x-window-manager:22753): xfwm4-WARNING **: 11:39:32.659: Compositing manager disabled.
xfwm4-Message: 11:39:32.689: Unsupported keyboard modifier '<Super>Tab'

(x-window-manager:22753): xfwm4-WARNING **: 11:39:32.696: Failed to connect to session manager: Failed to connect to the session manager: SESSION_MANAGER environment variable not defined
Failed to connect to session manager: Failed to connect to the session manager: SESSION_MANAGER environment variable not defined

Fri Oct 25 11:39:45 2019
 Connections: accepted: 0.0.0.0::50117
 SConnection: Client needs protocol version 3.8
 SConnection: Client requests security type VncAuth(2)

Fri Oct 25 11:39:51 2019
 VNCSConnST:  Server default pixel format depth 16 (16bpp) little-endian rgb565
 VNCSConnST:  Client pixel format depth 16 (16bpp) little-endian rgb565

Fri Oct 25 11:55:34 2019
 Connections: closed: 0.0.0.0::50117 (Clean disconnection)
 SMsgWriter:  framebuffer updates 286
 SMsgWriter:    copyRect rects 19, bytes 304
 SMsgWriter:    hextile rects 1132, bytes 5065838
 SMsgWriter:    raw bytes equivalent 139565186, compression ratio 27.550266

Fri Oct 25 12:49:53 2019
 Connections: accepted: 0.0.0.0::50407
 SConnection: Client needs protocol version 3.8
 SConnection: Client requests security type VncAuth(2)

Fri Oct 25 12:49:55 2019
 SConnection: AuthFailureException: Authentication failure
 Connections: closed: 0.0.0.0::50407 (Authentication failure)

Tue Oct 29 13:13:26 2019
 Connections: accepted: 0.0.0.0::49257
 SConnection: Client needs protocol version 3.8
 SConnection: Client requests security type VncAuth(2)

Tue Oct 29 13:13:31 2019
 SConnection: AuthFailureException: Authentication failure
 Connections: closed: 0.0.0.0::49257 (Authentication failure)
x-window-manager: Fatal IO error 4 (Interrupted system call) on X server :8.
