
Xvnc Free Edition 4.1.1 - built Feb 25 2015 23:02:21
Copyright (C) 2002-2005 RealVNC Ltd.
See http://www.realvnc.com for information on VNC.
Underlying X server release 40300000, The XFree86 Project, Inc


Fri Dec 13 11:22:09 2019
 vncext:      VNC extension running!
 vncext:      Listening for VNC connections on port 5907
 vncext:      created VNC server for screen 0
error opening security policy file /etc/X11/xserver/SecurityPolicy
Could not init font path element /usr/X11R6/lib/X11/fonts/Type1/, removing from list!
Could not init font path element /usr/X11R6/lib/X11/fonts/Speedo/, removing from list!
Could not init font path element /usr/X11R6/lib/X11/fonts/misc/, removing from list!
Could not init font path element /usr/X11R6/lib/X11/fonts/75dpi/, removing from list!
Could not init font path element /usr/X11R6/lib/X11/fonts/100dpi/, removing from list!
Could not init font path element /usr/share/fonts/X11/75dpi/, removing from list!
Could not init font path element /usr/share/fonts/X11/100dpi/, removing from list!
xrdb: No such file or directory
xrdb: can't open file '/home/is28/lebedeva28/.Xresources'
/usr/bin/startxfce4: X server already running on display :7
gpg-agent[17460]: WARNING: "--write-env-file" is an obsolete option - it has no effect
gpg-agent: a gpg-agent is already running - not starting a new one

(xfce4-session:17450): xfce4-session-WARNING **: 11:22:12.929: gpg-agent returned no PID in the variables

(xfce4-session:17450): xfce4-session-WARNING **: 11:22:12.934: xfsm_manager_load_session: Something wrong with /home/is28/lebedeva28/.cache/sessions/xfce4-session-virt-1:7, Does it exist? Permissions issue?

(xfwm4:17464): xfwm4-WARNING **: 11:22:12.962: The display does not support the XRender extension.

(xfwm4:17464): xfwm4-WARNING **: 11:22:12.962: The display does not support the XComposite extension.

(xfwm4:17464): xfwm4-WARNING **: 11:22:12.962: The display does not support the XDamage extension.

(xfwm4:17464): xfwm4-WARNING **: 11:22:12.962: The display does not support the XFixes extension.

(xfwm4:17464): xfwm4-WARNING **: 11:22:12.962: Compositing manager disabled.

** (light-locker:17473): ERROR **: 11:22:13.015: Environment variable XDG_SESSION_PATH not set. Is LightDM running?
(uint32 1,)
xfwm4-Message: 11:22:13.036: Unsupported keyboard modifier '<Super>Tab'

(xfsettingsd:17477): xfsettingsd-CRITICAL **: 11:22:13.049: RANDR extension is too old, version 1.1. Display settings won't be applied.
Xlib:  extension "XInputExtension" missing on display ":7.0".

(xfsettingsd:17477): xfsettingsd-CRITICAL **: 11:22:13.051: XI is not present.

(xfsettingsd:17477): xfsettingsd-CRITICAL **: 11:22:13.051: Failed to initialize the Xkb extension.

(xfsettingsd:17477): xfsettingsd-CRITICAL **: 11:22:13.051: Failed to initialize the Accessibility extension.

(polkit-gnome-authentication-agent-1:17475): GLib-CRITICAL **: 11:22:13.059: g_variant_new_string: assertion 'string != NULL' failed

(polkit-gnome-authentication-agent-1:17475): polkit-gnome-1-WARNING **: 11:22:13.061: Failed to register client: GDBus.Error:org.freedesktop.DBus.Error.ServiceUnknown: The name org.gnome.SessionManager was not provided by any .service files
xfwm4-Message: 11:22:13.155: Unsupported keyboard modifier '<Super>Tab'

(nm-applet:17555): Gtk-WARNING **: 11:22:13.227: Can't set a parent on widget which has a parent

(nm-applet:17555): Gdk-CRITICAL **: 11:22:13.381: gdk_window_thaw_toplevel_updates: assertion 'window->update_and_descendants_freeze_count > 0' failed

Fri Dec 13 11:22:21 2019
 Connections: accepted: 0.0.0.0::49966
 SConnection: Client needs protocol version 3.8
 SConnection: Client requests security type VncAuth(2)

Fri Dec 13 11:22:25 2019
 VNCSConnST:  Server default pixel format depth 16 (16bpp) little-endian rgb565
 VNCSConnST:  Client pixel format depth 16 (16bpp) little-endian rgb565
/usr/lib/python3/dist-packages/blueman/plugins/applet/AppIndicator.py:8: PyGIWarning: AppIndicator3 was imported without specifying a version first. Use gi.require_version('AppIndicator3', '0.1') before import to ensure that the right version gets loaded.
  from gi.repository import AppIndicator3 as girAppIndicator
ERROR:dbus.proxies:Introspect error on org.bluez:/org/bluez: dbus.exceptions.DBusException: org.freedesktop.DBus.Error.AccessDenied: Rejected send message, 2 matched rules; type="method_call", sender=":1.2050" (uid=1275 pid=17543 comm="/usr/bin/python3 /usr/bin/blueman-applet " label="unconfined") interface="org.freedesktop.DBus.Introspectable" member="Introspect" error name="(unset)" requested_reply="0" destination="org.bluez" (bus)
ERROR:dbus.proxies:Introspect error on org.bluez:/: dbus.exceptions.DBusException: org.freedesktop.DBus.Error.AccessDenied: Rejected send message, 2 matched rules; type="method_call", sender=":1.2050" (uid=1275 pid=17543 comm="/usr/bin/python3 /usr/bin/blueman-applet " label="unconfined") interface="org.freedesktop.DBus.Introspectable" member="Introspect" error name="(unset)" requested_reply="0" destination="org.bluez" (bus)
ERROR:dbus.proxies:Introspect error on org.bluez:/: dbus.exceptions.DBusException: org.freedesktop.DBus.Error.AccessDenied: Rejected send message, 2 matched rules; type="method_call", sender=":1.2050" (uid=1275 pid=17543 comm="/usr/bin/python3 /usr/bin/blueman-applet " label="unconfined") interface="org.freedesktop.DBus.Introspectable" member="Introspect" error name="(unset)" requested_reply="0" destination="org.bluez" (bus)
/usr/lib/ubuntu-release-upgrader/check-new-release-gtk:30: PyGIWarning: Gtk was imported without specifying a version first. Use gi.require_version('Gtk', '3.0') before import to ensure that the right version gets loaded.
  from gi.repository import Gtk
WARNING:root:timeout reached, exiting

Fri Dec 13 11:50:24 2019
 Connections: closed: 0.0.0.0::49966 (Clean disconnection)
 SMsgWriter:  framebuffer updates 6830
 SMsgWriter:    copyRect rects 2, bytes 32
 SMsgWriter:    hextile rects 6869, bytes 1092549543
 SMsgWriter:    raw bytes equivalent -2122678620, compression ratio -1.942867
xfdesktop: Fatal IO error 11 (Resource temporarily unavailable) on X server :7.0.
xfwm4: Fatal IO error 4 (Interrupted system call) on X server :7.0.
