
Xvnc Free Edition 4.1.1 - built Feb 25 2015 23:02:21
Copyright (C) 2002-2005 RealVNC Ltd.
See http://www.realvnc.com for information on VNC.
Underlying X server release 40300000, The XFree86 Project, Inc


Fri Oct 25 11:56:10 2019
 vncext:      VNC extension running!
 vncext:      Listening for VNC connections on port 5926
 vncext:      created VNC server for screen 0
error opening security policy file /etc/X11/xserver/SecurityPolicy
Could not init font path element /usr/X11R6/lib/X11/fonts/Type1/, removing from list!
Could not init font path element /usr/X11R6/lib/X11/fonts/Speedo/, removing from list!
Could not init font path element /usr/X11R6/lib/X11/fonts/misc/, removing from list!
Could not init font path element /usr/X11R6/lib/X11/fonts/75dpi/, removing from list!
Could not init font path element /usr/X11R6/lib/X11/fonts/100dpi/, removing from list!
Could not init font path element /usr/share/fonts/X11/75dpi/, removing from list!
Could not init font path element /usr/share/fonts/X11/100dpi/, removing from list!

(x-window-manager:24699): xfwm4-WARNING **: 11:56:13.223: The display does not support the XRender extension.

(x-window-manager:24699): xfwm4-WARNING **: 11:56:13.224: The display does not support the XComposite extension.

(x-window-manager:24699): xfwm4-WARNING **: 11:56:13.224: The display does not support the XDamage extension.

(x-window-manager:24699): xfwm4-WARNING **: 11:56:13.224: The display does not support the XFixes extension.

(x-window-manager:24699): xfwm4-WARNING **: 11:56:13.224: Compositing manager disabled.
xfwm4-Message: 11:56:13.253: Unsupported keyboard modifier '<Super>Tab'
Failed to connect to session manager: Failed to connect to the session manager: SESSION_MANAGER environment variable not defined

(x-window-manager:24699): xfwm4-WARNING **: 11:56:13.259: Failed to connect to session manager: Failed to connect to the session manager: SESSION_MANAGER environment variable not defined

Fri Oct 25 11:56:28 2019
 Connections: accepted: 0.0.0.0::50161
 SConnection: Client needs protocol version 3.8
 SConnection: Client requests security type VncAuth(2)

Fri Oct 25 11:56:31 2019
 VNCSConnST:  Server default pixel format depth 16 (16bpp) little-endian rgb565
 VNCSConnST:  Client pixel format depth 16 (16bpp) little-endian rgb565

Fri Oct 25 12:03:14 2019
 XserverDesktop: Added unknown keysym 0x6ce to keycode 255
 XserverDesktop: Added unknown keysym 0x6c1 to keycode 254
xfwm4-Message: 12:03:14.509: Unsupported keyboard modifier '<Super>Tab'

Fri Oct 25 12:03:15 2019
 XserverDesktop: Added unknown keysym 0x6c9 to keycode 253
xfwm4-Message: 12:03:15.645: Unsupported keyboard modifier '<Super>Tab'
 XserverDesktop: Added unknown keysym 0x6c2 to keycode 252
xfwm4-Message: 12:03:15.957: Unsupported keyboard modifier '<Super>Tab'

Fri Oct 25 12:03:16 2019
 XserverDesktop: Added unknown keysym 0x6c0 to keycode 251
xfwm4-Message: 12:03:16.981: Unsupported keyboard modifier '<Super>Tab'

Fri Oct 25 12:03:18 2019
 XserverDesktop: Added unknown keysym 0x6da to keycode 250
xfwm4-Message: 12:03:18.765: Unsupported keyboard modifier '<Super>Tab'

Fri Oct 25 12:03:19 2019
 XserverDesktop: Added unknown keysym 0x6de to keycode 249
 XserverDesktop: Added unknown keysym 0x6c5 to keycode 248
xfwm4-Message: 12:03:19.485: Unsupported keyboard modifier '<Super>Tab'

Fri Oct 25 12:03:36 2019
 XserverDesktop: Added unknown keysym 0x6fc to keycode 247
xfwm4-Message: 12:03:36.980: Unsupported keyboard modifier '<Super>Tab'

Fri Oct 25 12:03:53 2019
 XserverDesktop: Added unknown keysym 0x6f3 to keycode 246
xfwm4-Message: 12:03:53.660: Unsupported keyboard modifier '<Super>Tab'

Fri Oct 25 12:03:54 2019
 XserverDesktop: Added unknown keysym 0x6d4 to keycode 245
 XserverDesktop: Added unknown keysym 0x6d2 to keycode 244
 XserverDesktop: Added unknown keysym 0x6cf to keycode 243
xfwm4-Message: 12:03:54.877: Unsupported keyboard modifier '<Super>Tab'

Fri Oct 25 12:03:55 2019
 XserverDesktop: Added unknown keysym 0x6cb to keycode 242
xfwm4-Message: 12:03:55.940: Unsupported keyboard modifier '<Super>Tab'

Fri Oct 25 12:04:14 2019
 XserverDesktop: Added unknown keysym 0x6cc to keycode 241
xfwm4-Message: 12:04:14.892: Unsupported keyboard modifier '<Super>Tab'

Fri Oct 25 12:04:15 2019
 XserverDesktop: Added unknown keysym 0x6c3 to keycode 240
xfwm4-Message: 12:04:15.956: Unsupported keyboard modifier '<Super>Tab'

Fri Oct 25 12:10:16 2019
 XserverDesktop: Added unknown keysym 0x6d7 to keycode 239
xfwm4-Message: 12:10:16.472: Unsupported keyboard modifier '<Super>Tab'

Fri Oct 25 12:10:18 2019
 XserverDesktop: Added unknown keysym 0x6f6 to keycode 238
xfwm4-Message: 12:10:19.224: Unsupported keyboard modifier '<Super>Tab'

Fri Oct 25 12:10:33 2019
 XserverDesktop: Added unknown keysym 0xf3 to keycode 237
xfwm4-Message: 12:10:34.160: Unsupported keyboard modifier '<Super>Tab'

Fri Oct 25 12:42:21 2019
 Connections: closed: 0.0.0.0::50161 (Clean disconnection)
 SMsgWriter:  framebuffer updates 3468
 SMsgWriter:    copyRect rects 1774, bytes 28384
 SMsgWriter:    hextile rects 9445, bytes 21550197
 SMsgWriter:    raw bytes equivalent 423520746, compression ratio 19.652755
x-window-manager: Fatal IO error 4 (Interrupted system call) on X server :26.
