
Xvnc Free Edition 4.1.1 - built Feb 25 2015 23:02:21
Copyright (C) 2002-2005 RealVNC Ltd.
See http://www.realvnc.com for information on VNC.
Underlying X server release 40300000, The XFree86 Project, Inc


Fri Dec 13 11:22:29 2019
 vncext:      VNC extension running!
 vncext:      Listening for VNC connections on port 5908
 vncext:      created VNC server for screen 0
error opening security policy file /etc/X11/xserver/SecurityPolicy
Could not init font path element /usr/X11R6/lib/X11/fonts/Type1/, removing from list!
Could not init font path element /usr/X11R6/lib/X11/fonts/Speedo/, removing from list!
Could not init font path element /usr/X11R6/lib/X11/fonts/misc/, removing from list!
Could not init font path element /usr/X11R6/lib/X11/fonts/75dpi/, removing from list!
Could not init font path element /usr/X11R6/lib/X11/fonts/100dpi/, removing from list!
Could not init font path element /usr/share/fonts/X11/75dpi/, removing from list!
Could not init font path element /usr/share/fonts/X11/100dpi/, removing from list!
xrdb: No such file or directory
xrdb: can't open file '/home/is28/tverdov28/.Xresources'
/usr/bin/startxfce4: X server already running on display :8
gpg-agent[17998]: WARNING: "--write-env-file" is an obsolete option - it has no effect
gpg-agent: a gpg-agent is already running - not starting a new one

(xfce4-session:17988): xfce4-session-WARNING **: 11:22:32.208: gpg-agent returned no PID in the variables

(xfce4-session:17988): xfce4-session-WARNING **: 11:22:32.212: xfsm_manager_load_session: Something wrong with /home/is28/tverdov28/.cache/sessions/xfce4-session-virt-1:8, Does it exist? Permissions issue?

(xfwm4:18002): xfwm4-WARNING **: 11:22:32.237: The display does not support the XRender extension.

(xfwm4:18002): xfwm4-WARNING **: 11:22:32.237: The display does not support the XComposite extension.

(xfwm4:18002): xfwm4-WARNING **: 11:22:32.237: The display does not support the XDamage extension.

(xfwm4:18002): xfwm4-WARNING **: 11:22:32.237: The display does not support the XFixes extension.

(xfwm4:18002): xfwm4-WARNING **: 11:22:32.237: Compositing manager disabled.
(uint32 1,)
xfwm4-Message: 11:22:32.294: Unsupported keyboard modifier '<Super>Tab'

(xfsettingsd:18011): xfsettingsd-CRITICAL **: 11:22:32.313: RANDR extension is too old, version 1.1. Display settings won't be applied.
Xlib:  extension "XInputExtension" missing on display ":8.0".

(xfsettingsd:18011): xfsettingsd-CRITICAL **: 11:22:32.314: XI is not present.

(xfsettingsd:18011): xfsettingsd-CRITICAL **: 11:22:32.314: Failed to initialize the Xkb extension.

(xfsettingsd:18011): xfsettingsd-CRITICAL **: 11:22:32.314: Failed to initialize the Accessibility extension.

** (light-locker:18012): ERROR **: 11:22:32.321: Environment variable XDG_SESSION_PATH not set. Is LightDM running?

(polkit-gnome-authentication-agent-1:18014): GLib-CRITICAL **: 11:22:32.349: g_variant_new_string: assertion 'string != NULL' failed

(polkit-gnome-authentication-agent-1:18014): polkit-gnome-1-WARNING **: 11:22:32.350: Failed to register client: GDBus.Error:org.freedesktop.DBus.Error.ServiceUnknown: The name org.gnome.SessionManager was not provided by any .service files
xfwm4-Message: 11:22:32.361: Unsupported keyboard modifier '<Super>Tab'

(nm-applet:18095): Gtk-WARNING **: 11:22:32.520: Can't set a parent on widget which has a parent

(nm-applet:18095): Gdk-CRITICAL **: 11:22:32.676: gdk_window_thaw_toplevel_updates: assertion 'window->update_and_descendants_freeze_count > 0' failed
/usr/lib/python3/dist-packages/blueman/plugins/applet/AppIndicator.py:8: PyGIWarning: AppIndicator3 was imported without specifying a version first. Use gi.require_version('AppIndicator3', '0.1') before import to ensure that the right version gets loaded.
  from gi.repository import AppIndicator3 as girAppIndicator
ERROR:dbus.proxies:Introspect error on org.bluez:/org/bluez: dbus.exceptions.DBusException: org.freedesktop.DBus.Error.AccessDenied: Rejected send message, 2 matched rules; type="method_call", sender=":1.2101" (uid=1284 pid=18067 comm="/usr/bin/python3 /usr/bin/blueman-applet " label="unconfined") interface="org.freedesktop.DBus.Introspectable" member="Introspect" error name="(unset)" requested_reply="0" destination="org.bluez" (bus)
ERROR:dbus.proxies:Introspect error on org.bluez:/: dbus.exceptions.DBusException: org.freedesktop.DBus.Error.AccessDenied: Rejected send message, 2 matched rules; type="method_call", sender=":1.2101" (uid=1284 pid=18067 comm="/usr/bin/python3 /usr/bin/blueman-applet " label="unconfined") interface="org.freedesktop.DBus.Introspectable" member="Introspect" error name="(unset)" requested_reply="0" destination="org.bluez" (bus)
ERROR:dbus.proxies:Introspect error on org.bluez:/: dbus.exceptions.DBusException: org.freedesktop.DBus.Error.AccessDenied: Rejected send message, 2 matched rules; type="method_call", sender=":1.2101" (uid=1284 pid=18067 comm="/usr/bin/python3 /usr/bin/blueman-applet " label="unconfined") interface="org.freedesktop.DBus.Introspectable" member="Introspect" error name="(unset)" requested_reply="0" destination="org.bluez" (bus)
/usr/lib/ubuntu-release-upgrader/check-new-release-gtk:30: PyGIWarning: Gtk was imported without specifying a version first. Use gi.require_version('Gtk', '3.0') before import to ensure that the right version gets loaded.
  from gi.repository import Gtk
WARNING:root:timeout reached, exiting

Fri Dec 13 11:22:56 2019
 Connections: accepted: 0.0.0.0::50603
 SConnection: Client needs protocol version 3.8
 SConnection: Client requests security type VncAuth(2)

Fri Dec 13 11:23:01 2019
 VNCSConnST:  Server default pixel format depth 16 (16bpp) little-endian rgb565
 VNCSConnST:  Client pixel format depth 16 (16bpp) little-endian rgb565

(Thunar:18008): Gdk-WARNING **: 11:23:06.625: gdk_window_set_icon_list: icons too large

(Thunar:18008): Gdk-WARNING **: 11:23:21.866: gdk_window_set_icon_list: icons too large
Xlib:  extension "XINERAMA" missing on display ":8.0".
func=xmlSecCheckVersionExt:file=xmlsec.c:line=188:obj=unknown:subj=unknown:error=19:invalid version:mode=abi compatible;expected minor version=2;real minor version=2;expected subminor version=25;real subminor version=26

(Thunar:18008): Gdk-WARNING **: 11:23:48.442: gdk_window_set_icon_list: icons too large

(Thunar:18008): Gdk-WARNING **: 11:24:24.050: gdk_window_set_icon_list: icons too large

(Thunar:18008): Gdk-WARNING **: 11:26:20.578: gdk_window_set_icon_list: icons too large

(gedit:23343): Gtk-WARNING **: 11:32:19.730: Calling org.xfce.Session.Manager.Inhibit failed: GDBus.Error:org.freedesktop.DBus.Error.UnknownMethod: Method "Inhibit" with signature "susu" on interface "org.xfce.Session.Manager" doesn't exist


Fri Dec 13 11:32:48 2019
 XserverDesktop: Added unknown keysym 0x6f7 to keycode 255
xfwm4-Message: 11:32:49.227: Unsupported keyboard modifier '<Super>Tab'

Fri Dec 13 11:32:51 2019
 XserverDesktop: Added unknown keysym 0x6c5 to keycode 254
 XserverDesktop: Added unknown keysym 0x6c4 to keycode 253
 XserverDesktop: Added unknown keysym 0x6c9 to keycode 252
 XserverDesktop: Added unknown keysym 0x6d4 to keycode 251
xfwm4-Message: 11:32:51.970: Unsupported keyboard modifier '<Super>Tab'

Fri Dec 13 11:32:52 2019
 XserverDesktop: Added unknown keysym 0x6de to keycode 250
xfwm4-Message: 11:32:52.516: Unsupported keyboard modifier '<Super>Tab'
 XserverDesktop: Added unknown keysym 0x6d3 to keycode 249

Fri Dec 13 11:32:53 2019
 XserverDesktop: Added unknown keysym 0x6cc to keycode 248
 XserverDesktop: Added unknown keysym 0x6cf to keycode 247
xfwm4-Message: 11:32:53.547: Unsupported keyboard modifier '<Super>Tab'

(Thunar:18008): Gdk-WARNING **: 11:43:32.491: gdk_window_set_icon_list: icons too large

(Thunar:18008): Gdk-WARNING **: 11:43:37.720: gdk_window_set_icon_list: icons too large

Fri Dec 13 11:50:32 2019
 XserverDesktop: Added unknown keysym 0x6c2 to keycode 246
 XserverDesktop: Added unknown keysym 0x6c3 to keycode 245
xfwm4-Message: 11:50:32.636: Unsupported keyboard modifier '<Super>Tab'
 XserverDesktop: Added unknown keysym 0x6d9 to keycode 244
xfwm4-Message: 11:50:32.923: Unsupported keyboard modifier '<Super>Tab'

Fri Dec 13 11:50:36 2019
 XserverDesktop: Added unknown keysym 0x6ce to keycode 243
xfwm4-Message: 11:50:36.403: Unsupported keyboard modifier '<Super>Tab'
 XserverDesktop: Added unknown keysym 0x6cd to keycode 242
xfwm4-Message: 11:50:36.659: Unsupported keyboard modifier '<Super>Tab'
 XserverDesktop: Added unknown keysym 0x6d2 to keycode 241
 XserverDesktop: Added unknown keysym 0x6c1 to keycode 240
xfwm4-Message: 11:50:37.107: Unsupported keyboard modifier '<Super>Tab'

Fri Dec 13 11:50:40 2019
 XserverDesktop: Added unknown keysym 0x6cb to keycode 239
xfwm4-Message: 11:50:40.283: Unsupported keyboard modifier '<Super>Tab'

Fri Dec 13 11:50:43 2019
 XserverDesktop: Added unknown keysym 0xf3 to keycode 238
 XserverDesktop: Added unknown keysym 0x6d6 to keycode 237
xfwm4-Message: 11:50:43.843: Unsupported keyboard modifier '<Super>Tab'

Fri Dec 13 11:50:49 2019
 XserverDesktop: Added unknown keysym 0x6d0 to keycode 236
xfwm4-Message: 11:50:50.067: Unsupported keyboard modifier '<Super>Tab'

Fri Dec 13 11:50:50 2019
 XserverDesktop: Added unknown keysym 0x6d1 to keycode 235
xfwm4-Message: 11:50:50.835: Unsupported keyboard modifier '<Super>Tab'
 XserverDesktop: Added unknown keysym 0x6d8 to keycode 234
xfwm4-Message: 11:50:51.131: Unsupported keyboard modifier '<Super>Tab'

Fri Dec 13 12:27:41 2019
 Connections: closed: 0.0.0.0::50603 (Clean disconnection)
 SMsgWriter:  framebuffer updates 44752
 SMsgWriter:    copyRect rects 1339, bytes 21424
 SMsgWriter:    hextile rects 1593733, bytes 593578361
 SMsgWriter:    raw bytes equivalent 1746501572, compression ratio 2.942327

(tracker-miner-fs:18016): GLib-GObject-WARNING **: 13:57:39.666: g_object_notify: object class 'UpClient' has no property named 'g-name-owner'

(tracker-miner-fs:18016): GLib-GObject-WARNING **: 13:57:39.666: g_object_notify: object class 'UpDevice' has no property named 'g-name-owner'
xfwm4: Fatal IO error 4 (Interrupted system call) on X server :8.0.
xfdesktop: Fatal IO error 11 (Resource temporarily unavailable) on X server :8.0.
