
Xvnc Free Edition 4.1.1 - built Feb 25 2015 23:02:21
Copyright (C) 2002-2005 RealVNC Ltd.
See http://www.realvnc.com for information on VNC.
Underlying X server release 40300000, The XFree86 Project, Inc


Fri Oct 11 11:26:38 2019
 vncext:      VNC extension running!
 vncext:      Listening for VNC connections on port 5935
 vncext:      created VNC server for screen 0
error opening security policy file /etc/X11/xserver/SecurityPolicy
Could not init font path element /usr/X11R6/lib/X11/fonts/Type1/, removing from list!
Could not init font path element /usr/X11R6/lib/X11/fonts/Speedo/, removing from list!
Could not init font path element /usr/X11R6/lib/X11/fonts/misc/, removing from list!
Could not init font path element /usr/X11R6/lib/X11/fonts/75dpi/, removing from list!
Could not init font path element /usr/X11R6/lib/X11/fonts/100dpi/, removing from list!
Could not init font path element /usr/share/fonts/X11/75dpi/, removing from list!
Could not init font path element /usr/share/fonts/X11/100dpi/, removing from list!

(x-window-manager:17004): xfwm4-WARNING **: 11:26:41.587: The display does not support the XRender extension.

(x-window-manager:17004): xfwm4-WARNING **: 11:26:41.587: The display does not support the XComposite extension.

(x-window-manager:17004): xfwm4-WARNING **: 11:26:41.587: The display does not support the XDamage extension.

(x-window-manager:17004): xfwm4-WARNING **: 11:26:41.587: The display does not support the XFixes extension.

(x-window-manager:17004): xfwm4-WARNING **: 11:26:41.587: Compositing manager disabled.
xfwm4-Message: 11:26:41.667: Unsupported keyboard modifier '<Super>Tab'

(x-window-manager:17004): xfwm4-WARNING **: 11:26:41.676: Failed to connect to session manager: Failed to connect to the session manager: SESSION_MANAGER environment variable not defined
Failed to connect to session manager: Failed to connect to the session manager: SESSION_MANAGER environment variable not defined

Fri Oct 11 11:26:50 2019
 Connections: accepted: 0.0.0.0::49897
 SConnection: Client needs protocol version 3.8
 SConnection: Client requests security type VncAuth(2)

Fri Oct 11 11:26:58 2019
 VNCSConnST:  Server default pixel format depth 16 (16bpp) little-endian rgb565
 VNCSConnST:  Client pixel format depth 16 (16bpp) little-endian rgb565

Fri Oct 11 11:29:03 2019
 XserverDesktop: Added unknown keysym 0x6f7 to keycode 255
xfwm4-Message: 11:29:03.962: Unsupported keyboard modifier '<Super>Tab'

Fri Oct 11 11:29:04 2019
 XserverDesktop: Added unknown keysym 0x6c5 to keycode 254
 XserverDesktop: Added unknown keysym 0x6c4 to keycode 253
 XserverDesktop: Added unknown keysym 0x6c9 to keycode 252
xfwm4-Message: 11:29:04.870: Unsupported keyboard modifier '<Super>Tab'

Fri Oct 11 11:29:05 2019
 XserverDesktop: Added unknown keysym 0x6d4 to keycode 251
xfwm4-Message: 11:29:05.357: Unsupported keyboard modifier '<Super>Tab'
 XserverDesktop: Added unknown keysym 0x6cb to keycode 250
 XserverDesktop: Added unknown keysym 0x6cf to keycode 249
xfwm4-Message: 11:29:06.077: Unsupported keyboard modifier '<Super>Tab'

Fri Oct 11 11:29:07 2019
 XserverDesktop: Added unknown keysym 0x6de to keycode 248
xfwm4-Message: 11:29:07.701: Unsupported keyboard modifier '<Super>Tab'
 XserverDesktop: Added unknown keysym 0x6cd to keycode 247
xfwm4-Message: 11:29:07.982: Unsupported keyboard modifier '<Super>Tab'

Fri Oct 11 11:29:08 2019
 XserverDesktop: Added unknown keysym 0x6cc to keycode 246
xfwm4-Message: 11:29:09.077: Unsupported keyboard modifier '<Super>Tab'

Fri Oct 11 11:29:12 2019
 XserverDesktop: Added unknown keysym 0x6da to keycode 245
xfwm4-Message: 11:29:13.158: Unsupported keyboard modifier '<Super>Tab'

Fri Oct 11 11:29:13 2019
 XserverDesktop: Added unknown keysym 0x6d2 to keycode 244
 XserverDesktop: Added unknown keysym 0x6c1 to keycode 243
 XserverDesktop: Added unknown keysym 0x6d3 to keycode 242
xfwm4-Message: 11:29:13.861: Unsupported keyboard modifier '<Super>Tab'

Fri Oct 11 11:32:16 2019
 XserverDesktop: Added unknown keysym 0x6c7 to keycode 241
xfwm4-Message: 11:32:16.619: Unsupported keyboard modifier '<Super>Tab'

Fri Oct 11 11:32:28 2019
 XserverDesktop: Added unknown keysym 0x6d1 to keycode 240
xfwm4-Message: 11:32:28.514: Unsupported keyboard modifier '<Super>Tab'

Fri Oct 11 11:32:31 2019
 XserverDesktop: Added unknown keysym 0x6c6 to keycode 239
xfwm4-Message: 11:32:32.074: Unsupported keyboard modifier '<Super>Tab'

Fri Oct 11 11:41:38 2019
 XserverDesktop: Added unknown keysym 0x6d9 to keycode 238
xfwm4-Message: 11:41:38.586: Unsupported keyboard modifier '<Super>Tab'

Fri Oct 11 12:45:57 2019
 Connections: closed: 0.0.0.0::49897 (Clean disconnection)
 SMsgWriter:  framebuffer updates 5629
 SMsgWriter:    copyRect rects 113, bytes 1808
 SMsgWriter:    hextile rects 10457, bytes 57594621
 SMsgWriter:    raw bytes equivalent 718265674, compression ratio 12.471055
x-window-manager: Fatal IO error 4 (Interrupted system call) on X server :35.
