
Xvnc Free Edition 4.1.1 - built Feb 25 2015 23:02:21
Copyright (C) 2002-2005 RealVNC Ltd.
See http://www.realvnc.com for information on VNC.
Underlying X server release 40300000, The XFree86 Project, Inc


Fri Sep 27 11:53:33 2019
 vncext:      VNC extension running!
 vncext:      Listening for VNC connections on port 5931
 vncext:      created VNC server for screen 0
error opening security policy file /etc/X11/xserver/SecurityPolicy
Could not init font path element /usr/X11R6/lib/X11/fonts/Type1/, removing from list!
Could not init font path element /usr/X11R6/lib/X11/fonts/Speedo/, removing from list!
Could not init font path element /usr/X11R6/lib/X11/fonts/misc/, removing from list!
Could not init font path element /usr/X11R6/lib/X11/fonts/75dpi/, removing from list!
Could not init font path element /usr/X11R6/lib/X11/fonts/100dpi/, removing from list!
Could not init font path element /usr/share/fonts/X11/75dpi/, removing from list!
Could not init font path element /usr/share/fonts/X11/100dpi/, removing from list!

(x-window-manager:45114): xfwm4-WARNING **: 11:53:36.993: The display does not support the XRender extension.

(x-window-manager:45114): xfwm4-WARNING **: 11:53:36.993: The display does not support the XComposite extension.

(x-window-manager:45114): xfwm4-WARNING **: 11:53:36.993: The display does not support the XDamage extension.

(x-window-manager:45114): xfwm4-WARNING **: 11:53:36.994: The display does not support the XFixes extension.

(x-window-manager:45114): xfwm4-WARNING **: 11:53:36.994: Compositing manager disabled.
xfwm4-Message: 11:53:37.030: Unsupported keyboard modifier '<Super>Tab'

(x-window-manager:45114): xfwm4-WARNING **: 11:53:37.038: Failed to connect to session manager: Failed to connect to the session manager: SESSION_MANAGER environment variable not defined
Failed to connect to session manager: Failed to connect to the session manager: SESSION_MANAGER environment variable not defined

Fri Sep 27 11:53:50 2019
 Connections: accepted: 0.0.0.0::50352
 SConnection: Client needs protocol version 3.8
 SConnection: Client requests security type VncAuth(2)

Fri Sep 27 11:53:54 2019
 VNCSConnST:  Server default pixel format depth 16 (16bpp) little-endian rgb565
 VNCSConnST:  Client pixel format depth 16 (16bpp) little-endian rgb565

Fri Sep 27 11:57:32 2019
 XserverDesktop: Added unknown keysym 0x6f7 to keycode 255
xfwm4-Message: 11:57:32.666: Unsupported keyboard modifier '<Super>Tab'
 XserverDesktop: Added unknown keysym 0x6c5 to keycode 254
xfwm4-Message: 11:57:33.098: Unsupported keyboard modifier '<Super>Tab'

Fri Sep 27 11:57:34 2019
 XserverDesktop: Added unknown keysym 0x6c4 to keycode 253
 XserverDesktop: Added unknown keysym 0x6c9 to keycode 252
xfwm4-Message: 11:57:34.539: Unsupported keyboard modifier '<Super>Tab'
 XserverDesktop: Added unknown keysym 0x6ce to keycode 251
xfwm4-Message: 11:57:34.797: Unsupported keyboard modifier '<Super>Tab'

Fri Sep 27 11:57:35 2019
 XserverDesktop: Added unknown keysym 0x6d8 to keycode 250
 XserverDesktop: Added unknown keysym 0x6d4 to keycode 249
xfwm4-Message: 11:57:35.346: Unsupported keyboard modifier '<Super>Tab'

Fri Sep 27 11:57:36 2019
 XserverDesktop: Added unknown keysym 0x6d2 to keycode 248

Fri Sep 27 11:57:37 2019
 XserverDesktop: Added unknown keysym 0x6a3 to keycode 247
xfwm4-Message: 11:57:37.371: Unsupported keyboard modifier '<Super>Tab'
 XserverDesktop: Added unknown keysym 0x6c8 to keycode 246
xfwm4-Message: 11:57:37.826: Unsupported keyboard modifier '<Super>Tab'

Fri Sep 27 11:57:38 2019
 XserverDesktop: Added unknown keysym 0x6da to keycode 245
xfwm4-Message: 11:57:38.466: Unsupported keyboard modifier '<Super>Tab'
 XserverDesktop: Added unknown keysym 0x6c1 to keycode 244

Fri Sep 27 11:57:39 2019
 XserverDesktop: Added unknown keysym 0x6de to keycode 243
xfwm4-Message: 11:57:39.410: Unsupported keyboard modifier '<Super>Tab'
 XserverDesktop: Added unknown keysym 0x6cf to keycode 242
xfwm4-Message: 11:57:39.842: Unsupported keyboard modifier '<Super>Tab'

Fri Sep 27 11:57:40 2019
 XserverDesktop: Added unknown keysym 0x6d3 to keycode 241
 XserverDesktop: Added unknown keysym 0x6cc to keycode 240
xfwm4-Message: 11:57:40.826: Unsupported keyboard modifier '<Super>Tab'

Fri Sep 27 11:57:42 2019
 XserverDesktop: Added unknown keysym 0x6fc to keycode 239
xfwm4-Message: 11:57:42.858: Unsupported keyboard modifier '<Super>Tab'

Fri Sep 27 14:19:13 2019
 Connections: closed: 0.0.0.0::50352 (Clean disconnection)
 SMsgWriter:  framebuffer updates 1332
 SMsgWriter:    copyRect rects 203, bytes 3248
 SMsgWriter:    hextile rects 5201, bytes 50973916
 SMsgWriter:    raw bytes equivalent 1243062488, compression ratio 24.386247
x-window-manager: Fatal IO error 11 (Resource temporarily unavailable) on X server :31.
