
Xvnc Free Edition 4.1.1 - built Feb 25 2015 23:02:21
Copyright (C) 2002-2005 RealVNC Ltd.
See http://www.realvnc.com for information on VNC.
Underlying X server release 40300000, The XFree86 Project, Inc


Fri Sep 27 11:33:36 2019
 vncext:      VNC extension running!
 vncext:      Listening for VNC connections on port 5929
 vncext:      created VNC server for screen 0
error opening security policy file /etc/X11/xserver/SecurityPolicy
Could not init font path element /usr/X11R6/lib/X11/fonts/Type1/, removing from list!
Could not init font path element /usr/X11R6/lib/X11/fonts/Speedo/, removing from list!
Could not init font path element /usr/X11R6/lib/X11/fonts/misc/, removing from list!
Could not init font path element /usr/X11R6/lib/X11/fonts/75dpi/, removing from list!
Could not init font path element /usr/X11R6/lib/X11/fonts/100dpi/, removing from list!
Could not init font path element /usr/share/fonts/X11/75dpi/, removing from list!
Could not init font path element /usr/share/fonts/X11/100dpi/, removing from list!

(x-window-manager:40786): xfwm4-WARNING **: 11:33:39.702: The display does not support the XRender extension.

(x-window-manager:40786): xfwm4-WARNING **: 11:33:39.702: The display does not support the XComposite extension.

(x-window-manager:40786): xfwm4-WARNING **: 11:33:39.702: The display does not support the XDamage extension.

(x-window-manager:40786): xfwm4-WARNING **: 11:33:39.702: The display does not support the XFixes extension.

(x-window-manager:40786): xfwm4-WARNING **: 11:33:39.702: Compositing manager disabled.
Failed to connect to session manager: Failed to connect to the session manager: SESSION_MANAGER environment variable not defined
xfwm4-Message: 11:33:39.837: Unsupported keyboard modifier '<Super>Tab'

(x-window-manager:40786): xfwm4-WARNING **: 11:33:39.845: Failed to connect to session manager: Failed to connect to the session manager: SESSION_MANAGER environment variable not defined

Fri Sep 27 11:33:48 2019
 Connections: accepted: 0.0.0.0::50231
 SConnection: Client needs protocol version 3.8
 SConnection: Client requests security type VncAuth(2)

Fri Sep 27 11:33:54 2019
 VNCSConnST:  Server default pixel format depth 16 (16bpp) little-endian rgb565
 VNCSConnST:  Client pixel format depth 16 (16bpp) little-endian rgb565

Fri Sep 27 11:41:22 2019
 XserverDesktop: Added unknown keysym 0x6f7 to keycode 255
xfwm4-Message: 11:41:22.400: Unsupported keyboard modifier '<Super>Tab'

Fri Sep 27 11:41:24 2019
 XserverDesktop: Added unknown keysym 0x6cb to keycode 254
 XserverDesktop: Added unknown keysym 0x6c5 to keycode 253
xfwm4-Message: 11:41:25.105: Unsupported keyboard modifier '<Super>Tab'

Fri Sep 27 11:41:25 2019
 XserverDesktop: Added unknown keysym 0x6c4 to keycode 252
 XserverDesktop: Added unknown keysym 0x6c9 to keycode 251
xfwm4-Message: 11:41:26.105: Unsupported keyboard modifier '<Super>Tab'

Fri Sep 27 11:41:26 2019
 XserverDesktop: Added unknown keysym 0x6d4 to keycode 250
xfwm4-Message: 11:41:26.457: Unsupported keyboard modifier '<Super>Tab'

Fri Sep 27 11:41:27 2019
 XserverDesktop: Added unknown keysym 0x6ce to keycode 249
 XserverDesktop: Added unknown keysym 0x6cf to keycode 248
 XserverDesktop: Added unknown keysym 0x6cd to keycode 247
xfwm4-Message: 11:41:28.209: Unsupported keyboard modifier '<Super>Tab'

Fri Sep 27 11:41:28 2019
 XserverDesktop: Added unknown keysym 0x6d2 to keycode 246
xfwm4-Message: 11:41:28.561: Unsupported keyboard modifier '<Super>Tab'

Fri Sep 27 11:41:29 2019
 XserverDesktop: Added unknown keysym 0x6d1 to keycode 245
xfwm4-Message: 11:41:30.217: Unsupported keyboard modifier '<Super>Tab'

Fri Sep 27 11:41:41 2019
 XserverDesktop: Added unknown keysym 0x6da to keycode 244
xfwm4-Message: 11:41:42.209: Unsupported keyboard modifier '<Super>Tab'

Fri Sep 27 11:53:25 2019
 Connections: closed: 0.0.0.0::50231 (Clean disconnection)
 SMsgWriter:  framebuffer updates 4100
 SMsgWriter:    copyRect rects 2388, bytes 38208
 SMsgWriter:    hextile rects 19280, bytes 22650179
 SMsgWriter:    raw bytes equivalent 292895202, compression ratio 12.931253
x-window-manager: Fatal IO error 11 (Resource temporarily unavailable) on X server :29.
