
Xvnc Free Edition 4.1.1 - built Feb 25 2015 23:02:21
Copyright (C) 2002-2005 RealVNC Ltd.
See http://www.realvnc.com for information on VNC.
Underlying X server release 40300000, The XFree86 Project, Inc


Fri Sep 13 08:41:11 2019
 vncext:      VNC extension running!
 vncext:      Listening for VNC connections on port 5946
 vncext:      created VNC server for screen 0
error opening security policy file /etc/X11/xserver/SecurityPolicy
Could not init font path element /usr/X11R6/lib/X11/fonts/Type1/, removing from list!
Could not init font path element /usr/X11R6/lib/X11/fonts/Speedo/, removing from list!
Could not init font path element /usr/X11R6/lib/X11/fonts/misc/, removing from list!
Could not init font path element /usr/X11R6/lib/X11/fonts/75dpi/, removing from list!
Could not init font path element /usr/X11R6/lib/X11/fonts/100dpi/, removing from list!
Could not init font path element /usr/share/fonts/X11/75dpi/, removing from list!
Could not init font path element /usr/share/fonts/X11/100dpi/, removing from list!

(x-window-manager:58755): xfwm4-WARNING **: 08:41:14.764: The display does not support the XRender extension.

(x-window-manager:58755): xfwm4-WARNING **: 08:41:14.764: The display does not support the XComposite extension.

(x-window-manager:58755): xfwm4-WARNING **: 08:41:14.764: The display does not support the XDamage extension.

(x-window-manager:58755): xfwm4-WARNING **: 08:41:14.764: The display does not support the XFixes extension.

(x-window-manager:58755): xfwm4-WARNING **: 08:41:14.764: Compositing manager disabled.
xfwm4-Message: 08:41:14.806: Unsupported keyboard modifier '<Super>Tab'

(x-window-manager:58755): xfwm4-WARNING **: 08:41:14.830: Failed to connect to session manager: Failed to connect to the session manager: SESSION_MANAGER environment variable not defined
Failed to connect to session manager: Failed to connect to the session manager: SESSION_MANAGER environment variable not defined

Fri Sep 13 08:41:21 2019
 Connections: accepted: 0.0.0.0::50405
 SConnection: Client needs protocol version 3.8
 SConnection: Client requests security type VncAuth(2)

Fri Sep 13 08:41:26 2019
 VNCSConnST:  Server default pixel format depth 16 (16bpp) little-endian rgb565
 VNCSConnST:  Client pixel format depth 16 (16bpp) little-endian rgb565

Fri Sep 13 08:48:51 2019
 XserverDesktop: Added unknown keysym 0x6db to keycode 255
 XserverDesktop: Added unknown keysym 0x6d9 to keycode 254
xfwm4-Message: 08:48:51.667: Unsupported keyboard modifier '<Super>Tab'

Fri Sep 13 08:49:08 2019
 XserverDesktop: Added unknown keysym 0x6f7 to keycode 253
xfwm4-Message: 08:49:08.355: Unsupported keyboard modifier '<Super>Tab'

Fri Sep 13 08:49:09 2019
 XserverDesktop: Added unknown keysym 0x6c5 to keycode 252
 XserverDesktop: Added unknown keysym 0x6d3 to keycode 251
 XserverDesktop: Added unknown keysym 0x6d4 to keycode 250
 XserverDesktop: Added unknown keysym 0x6c9 to keycode 249
xfwm4-Message: 08:49:09.962: Unsupported keyboard modifier '<Super>Tab'

Fri Sep 13 08:49:11 2019
 XserverDesktop: Added unknown keysym 0x6c8 to keycode 248
 XserverDesktop: Added unknown keysym 0x6cf to keycode 247
xfwm4-Message: 08:49:11.451: Unsupported keyboard modifier '<Super>Tab'
 XserverDesktop: Added unknown keysym 0x6ce to keycode 246
 XserverDesktop: Added unknown keysym 0x6c4 to keycode 245
xfwm4-Message: 08:49:12.034: Unsupported keyboard modifier '<Super>Tab'

Fri Sep 13 08:49:12 2019
 XserverDesktop: Added unknown keysym 0x6de to keycode 244
xfwm4-Message: 08:49:12.778: Unsupported keyboard modifier '<Super>Tab'
 XserverDesktop: Added unknown keysym 0x6cc to keycode 243
xfwm4-Message: 08:49:13.066: Unsupported keyboard modifier '<Super>Tab'

Fri Sep 13 08:49:14 2019
 XserverDesktop: Added unknown keysym 0x6fc to keycode 242
xfwm4-Message: 08:49:15.211: Unsupported keyboard modifier '<Super>Tab'

Fri Sep 13 08:55:08 2019
 XserverDesktop: Added unknown keysym 0x6d2 to keycode 241
 XserverDesktop: Added unknown keysym 0x6a3 to keycode 240

Fri Sep 13 08:55:09 2019
 XserverDesktop: Added unknown keysym 0x6da to keycode 239
xfwm4-Message: 08:55:09.270: Unsupported keyboard modifier '<Super>Tab'

Fri Sep 13 08:55:10 2019
 XserverDesktop: Added unknown keysym 0x6c1 to keycode 238
xfwm4-Message: 08:55:10.614: Unsupported keyboard modifier '<Super>Tab'

Fri Sep 13 09:09:07 2019
 XserverDesktop: Added unknown keysym 0x6c2 to keycode 237
 XserverDesktop: Added unknown keysym 0x6d8 to keycode 236
xfwm4-Message: 09:09:07.482: Unsupported keyboard modifier '<Super>Tab'

Fri Sep 13 09:09:13 2019
 XserverDesktop: Added unknown keysym 0x6e3 to keycode 235
xfwm4-Message: 09:09:14.129: Unsupported keyboard modifier '<Super>Tab'

Fri Sep 13 09:09:14 2019
 XserverDesktop: Added unknown keysym 0x6d1 to keycode 234
xfwm4-Message: 09:09:14.881: Unsupported keyboard modifier '<Super>Tab'

Fri Sep 13 09:14:27 2019
 Connections: closed: 0.0.0.0::50405 (Clean disconnection)
 SMsgWriter:  framebuffer updates 5447
 SMsgWriter:    copyRect rects 6767, bytes 108272
 SMsgWriter:    hextile rects 20805, bytes 30236594
 SMsgWriter:    raw bytes equivalent 458819548, compression ratio 15.174313
x-window-manager: Fatal IO error 4 (Interrupted system call) on X server :46.
