
Xvnc Free Edition 4.1.1 - built Feb 25 2015 23:02:21
Copyright (C) 2002-2005 RealVNC Ltd.
See http://www.realvnc.com for information on VNC.
Underlying X server release 40300000, The XFree86 Project, Inc


Fri Oct  4 11:34:12 2019
 vncext:      VNC extension running!
 vncext:      Listening for VNC connections on port 5920
 vncext:      created VNC server for screen 0
error opening security policy file /etc/X11/xserver/SecurityPolicy
Could not init font path element /usr/X11R6/lib/X11/fonts/Type1/, removing from list!
Could not init font path element /usr/X11R6/lib/X11/fonts/Speedo/, removing from list!
Could not init font path element /usr/X11R6/lib/X11/fonts/misc/, removing from list!
Could not init font path element /usr/X11R6/lib/X11/fonts/75dpi/, removing from list!
Could not init font path element /usr/X11R6/lib/X11/fonts/100dpi/, removing from list!
Could not init font path element /usr/share/fonts/X11/75dpi/, removing from list!
Could not init font path element /usr/share/fonts/X11/100dpi/, removing from list!

(x-window-manager:9513): xfwm4-WARNING **: 11:34:15.234: The display does not support the XRender extension.

(x-window-manager:9513): xfwm4-WARNING **: 11:34:15.235: The display does not support the XComposite extension.

(x-window-manager:9513): xfwm4-WARNING **: 11:34:15.235: The display does not support the XDamage extension.

(x-window-manager:9513): xfwm4-WARNING **: 11:34:15.235: The display does not support the XFixes extension.

(x-window-manager:9513): xfwm4-WARNING **: 11:34:15.235: Compositing manager disabled.
xfwm4-Message: 11:34:15.349: Unsupported keyboard modifier '<Super>Tab'
Failed to connect to session manager: Failed to connect to the session manager: SESSION_MANAGER environment variable not defined

(x-window-manager:9513): xfwm4-WARNING **: 11:34:15.359: Failed to connect to session manager: Failed to connect to the session manager: SESSION_MANAGER environment variable not defined

Fri Oct  4 11:34:24 2019
 Connections: accepted: 0.0.0.0::50000
 SConnection: Client needs protocol version 3.8
 SConnection: Client requests security type VncAuth(2)

Fri Oct  4 11:34:27 2019
 VNCSConnST:  Server default pixel format depth 16 (16bpp) little-endian rgb565
 VNCSConnST:  Client pixel format depth 16 (16bpp) little-endian rgb565

Fri Oct  4 11:42:26 2019
 XserverDesktop: Added unknown keysym 0x6d4 to keycode 255

Fri Oct  4 11:42:27 2019
 XserverDesktop: Added unknown keysym 0x6d2 to keycode 254
 XserverDesktop: Added unknown keysym 0x6c9 to keycode 253
xfwm4-Message: 11:42:27.404: Unsupported keyboard modifier '<Super>Tab'
 XserverDesktop: Added unknown keysym 0x6de to keycode 252
xfwm4-Message: 11:42:28.020: Unsupported keyboard modifier '<Super>Tab'

Fri Oct  4 11:42:28 2019
 XserverDesktop: Added unknown keysym 0x6d3 to keycode 251
 XserverDesktop: Added unknown keysym 0x6cc to keycode 250
 XserverDesktop: Added unknown keysym 0x6c1 to keycode 249
xfwm4-Message: 11:42:28.853: Unsupported keyboard modifier '<Super>Tab'

Fri Oct  4 11:42:30 2019
 XserverDesktop: Added unknown keysym 0x6db to keycode 248
xfwm4-Message: 11:42:30.864: Unsupported keyboard modifier '<Super>Tab'

Fri Oct  4 11:43:17 2019
 XserverDesktop: Added unknown keysym 0x6c3 to keycode 247
 XserverDesktop: Added unknown keysym 0x6c5 to keycode 246

Fri Oct  4 11:43:18 2019
 XserverDesktop: Added unknown keysym 0x6d9 to keycode 245
 XserverDesktop: Added unknown keysym 0x6c8 to keycode 244
xfwm4-Message: 11:43:18.507: Unsupported keyboard modifier '<Super>Tab'

Fri Oct  4 11:48:02 2019
 XserverDesktop: Added unknown keysym 0x6f7 to keycode 243
xfwm4-Message: 11:48:02.343: Unsupported keyboard modifier '<Super>Tab'

Fri Oct  4 11:48:03 2019
 XserverDesktop: Added unknown keysym 0x6c4 to keycode 242
xfwm4-Message: 11:48:03.311: Unsupported keyboard modifier '<Super>Tab'

Fri Oct  4 11:48:05 2019
 XserverDesktop: Added unknown keysym 0x6a3 to keycode 241
xfwm4-Message: 11:48:05.672: Unsupported keyboard modifier '<Super>Tab'

Fri Oct  4 11:48:06 2019
 XserverDesktop: Added unknown keysym 0x6ce to keycode 240
xfwm4-Message: 11:48:06.271: Unsupported keyboard modifier '<Super>Tab'
 XserverDesktop: Added unknown keysym 0x6da to keycode 239
xfwm4-Message: 11:48:06.871: Unsupported keyboard modifier '<Super>Tab'

Fri Oct  4 11:48:07 2019
 XserverDesktop: Added unknown keysym 0x6cf to keycode 238
xfwm4-Message: 11:48:08.111: Unsupported keyboard modifier '<Super>Tab'

Fri Oct  4 11:48:09 2019
 XserverDesktop: Added unknown keysym 0x6cd to keycode 237
xfwm4-Message: 11:48:09.815: Unsupported keyboard modifier '<Super>Tab'

Fri Oct  4 11:48:12 2019
 XserverDesktop: Added unknown keysym 0x6dc to keycode 236
xfwm4-Message: 11:48:12.591: Unsupported keyboard modifier '<Super>Tab'

Fri Oct  4 11:49:56 2019
 XserverDesktop: Added unknown keysym 0x6c6 to keycode 235
xfwm4-Message: 11:49:56.677: Unsupported keyboard modifier '<Super>Tab'

Fri Oct  4 11:49:59 2019
 XserverDesktop: Added unknown keysym 0x6d0 to keycode 234
xfwm4-Message: 11:49:59.534: Unsupported keyboard modifier '<Super>Tab'

Fri Oct  4 11:50:11 2019
 XserverDesktop: Added unknown keysym 0x6d1 to keycode 233
xfwm4-Message: 11:50:11.893: Unsupported keyboard modifier '<Super>Tab'

Fri Oct  4 11:59:04 2019
 XserverDesktop: Added unknown keysym 0x6d8 to keycode 232
xfwm4-Message: 11:59:04.814: Unsupported keyboard modifier '<Super>Tab'

Fri Oct  4 12:10:35 2019
 XserverDesktop: Added unknown keysym 0x6ca to keycode 231
xfwm4-Message: 12:10:35.772: Unsupported keyboard modifier '<Super>Tab'

Fri Oct  4 12:12:28 2019
 XserverDesktop: Added unknown keysym 0x6f6 to keycode 230
xfwm4-Message: 12:12:28.618: Unsupported keyboard modifier '<Super>Tab'

Fri Oct  4 12:13:11 2019
 XserverDesktop: Added unknown keysym 0x6c0 to keycode 229
xfwm4-Message: 12:13:11.578: Unsupported keyboard modifier '<Super>Tab'

Fri Oct  4 12:13:37 2019
 XserverDesktop: Added unknown keysym 0x6c7 to keycode 228
 XserverDesktop: Added unknown keysym 0xf3 to keycode 227
xfwm4-Message: 12:13:38.097: Unsupported keyboard modifier '<Super>Tab'

Fri Oct  4 12:13:52 2019
 XserverDesktop: Added unknown keysym 0x6c2 to keycode 226
xfwm4-Message: 12:13:52.744: Unsupported keyboard modifier '<Super>Tab'

Fri Oct  4 12:15:00 2019
 XserverDesktop: Added unknown keysym 0x6cb to keycode 225
xfwm4-Message: 12:15:00.299: Unsupported keyboard modifier '<Super>Tab'

Fri Oct  4 12:21:03 2019
 Connections: accepted: 0.0.0.0::56265
 SConnection: Client needs protocol version 3.8
 SConnection: Client requests security type VncAuth(2)

Fri Oct  4 12:21:09 2019
 VNCSConnST:  Server default pixel format depth 16 (16bpp) little-endian rgb565
 VNCSConnST:  Client pixel format depth 16 (16bpp) little-endian rgb565

Fri Oct  4 12:43:11 2019
 Connections: closed: 0.0.0.0::50000 (Clean disconnection)
 SMsgWriter:  framebuffer updates 10600
 SMsgWriter:    copyRect rects 4658, bytes 74528
 SMsgWriter:    hextile rects 40164, bytes 77986854
 SMsgWriter:    raw bytes equivalent 922837214, compression ratio 11.833241

Fri Oct  4 12:47:33 2019
 Connections: closed: 0.0.0.0::56265 (read: Connection reset by peer (104))
 SMsgWriter:  framebuffer updates 287
 SMsgWriter:    hextile rects 935, bytes 15642716
 SMsgWriter:    raw bytes equivalent 227909204, compression ratio 14.569670
