
Xvnc Free Edition 4.1.1 - built Feb 25 2015 23:02:21
Copyright (C) 2002-2005 RealVNC Ltd.
See http://www.realvnc.com for information on VNC.
Underlying X server release 40300000, The XFree86 Project, Inc


Thu Feb  6 09:47:21 2020
 vncext:      VNC extension running!
 vncext:      Listening for VNC connections on port 5919
 vncext:      created VNC server for screen 0
error opening security policy file /etc/X11/xserver/SecurityPolicy
Could not init font path element /usr/X11R6/lib/X11/fonts/Type1/, removing from list!
Could not init font path element /usr/X11R6/lib/X11/fonts/Speedo/, removing from list!
Could not init font path element /usr/X11R6/lib/X11/fonts/misc/, removing from list!
Could not init font path element /usr/X11R6/lib/X11/fonts/75dpi/, removing from list!
Could not init font path element /usr/X11R6/lib/X11/fonts/100dpi/, removing from list!
Could not init font path element /usr/share/fonts/X11/75dpi/, removing from list!
Could not init font path element /usr/share/fonts/X11/100dpi/, removing from list!
xrdb: No such file or directory
xrdb: can't open file '/home/is28/tverdov28/.Xresources'
/usr/bin/startxfce4: X server already running on display :19
gpg-agent[54256]: WARNING: "--write-env-file" is an obsolete option - it has no effect
gpg-agent: a gpg-agent is already running - not starting a new one

(xfce4-session:54246): xfce4-session-WARNING **: 09:47:24.626: gpg-agent returned no PID in the variables

(xfce4-session:54246): xfce4-session-WARNING **: 09:47:24.632: xfsm_manager_load_session: Something wrong with /home/is28/tverdov28/.cache/sessions/xfce4-session-virt-1:19, Does it exist? Permissions issue?

(xfwm4:54260): xfwm4-WARNING **: 09:47:24.662: The display does not support the XRender extension.

(xfwm4:54260): xfwm4-WARNING **: 09:47:24.662: The display does not support the XComposite extension.

(xfwm4:54260): xfwm4-WARNING **: 09:47:24.662: The display does not support the XDamage extension.

(xfwm4:54260): xfwm4-WARNING **: 09:47:24.662: The display does not support the XFixes extension.

(xfwm4:54260): xfwm4-WARNING **: 09:47:24.662: Compositing manager disabled.
(uint32 1,)

** (light-locker:54269): ERROR **: 09:47:24.759: Environment variable XDG_SESSION_PATH not set. Is LightDM running?

(xfsettingsd:54272): xfsettingsd-CRITICAL **: 09:47:24.760: RANDR extension is too old, version 1.1. Display settings won't be applied.
Xlib:  extension "XInputExtension" missing on display ":19.0".

(xfsettingsd:54272): xfsettingsd-CRITICAL **: 09:47:24.761: XI is not present.

(xfsettingsd:54272): xfsettingsd-CRITICAL **: 09:47:24.761: Failed to initialize the Xkb extension.

(xfsettingsd:54272): xfsettingsd-CRITICAL **: 09:47:24.769: Failed to initialize the Accessibility extension.
xfwm4-Message: 09:47:24.783: Unsupported keyboard modifier '<Super>Tab'

(polkit-gnome-authentication-agent-1:54271): GLib-CRITICAL **: 09:47:24.791: g_variant_new_string: assertion 'string != NULL' failed

(polkit-gnome-authentication-agent-1:54271): polkit-gnome-1-WARNING **: 09:47:24.791: Failed to register client: GDBus.Error:org.freedesktop.DBus.Error.ServiceUnknown: The name org.gnome.SessionManager was not provided by any .service files
xfwm4-Message: 09:47:24.899: Unsupported keyboard modifier '<Super>Tab'

(nm-applet:54350): Gtk-WARNING **: 09:47:25.292: Can't set a parent on widget which has a parent

(nm-applet:54350): Gdk-CRITICAL **: 09:47:25.455: gdk_window_thaw_toplevel_updates: assertion 'window->update_and_descendants_freeze_count > 0' failed

Thu Feb  6 09:47:32 2020
 Connections: accepted: 0.0.0.0::49877
 SConnection: Client needs protocol version 3.8
 SConnection: Client requests security type VncAuth(2)

Thu Feb  6 09:47:38 2020
 VNCSConnST:  Server default pixel format depth 16 (16bpp) little-endian rgb565
 VNCSConnST:  Client pixel format depth 16 (16bpp) little-endian rgb565
/usr/lib/ubuntu-release-upgrader/check-new-release-gtk:30: PyGIWarning: Gtk was imported without specifying a version first. Use gi.require_version('Gtk', '3.0') before import to ensure that the right version gets loaded.
  from gi.repository import Gtk
WARNING:root:timeout reached, exiting
/usr/lib/python3/dist-packages/blueman/plugins/applet/AppIndicator.py:8: PyGIWarning: AppIndicator3 was imported without specifying a version first. Use gi.require_version('AppIndicator3', '0.1') before import to ensure that the right version gets loaded.
  from gi.repository import AppIndicator3 as girAppIndicator
ERROR:dbus.proxies:Introspect error on org.bluez:/org/bluez: dbus.exceptions.DBusException: org.freedesktop.DBus.Error.AccessDenied: Rejected send message, 2 matched rules; type="method_call", sender=":1.1100" (uid=1284 pid=54344 comm="/usr/bin/python3 /usr/bin/blueman-applet " label="unconfined") interface="org.freedesktop.DBus.Introspectable" member="Introspect" error name="(unset)" requested_reply="0" destination="org.bluez" (bus)
ERROR:dbus.proxies:Introspect error on org.bluez:/: dbus.exceptions.DBusException: org.freedesktop.DBus.Error.AccessDenied: Rejected send message, 2 matched rules; type="method_call", sender=":1.1100" (uid=1284 pid=54344 comm="/usr/bin/python3 /usr/bin/blueman-applet " label="unconfined") interface="org.freedesktop.DBus.Introspectable" member="Introspect" error name="(unset)" requested_reply="0" destination="org.bluez" (bus)
ERROR:dbus.proxies:Introspect error on org.bluez:/: dbus.exceptions.DBusException: org.freedesktop.DBus.Error.AccessDenied: Rejected send message, 2 matched rules; type="method_call", sender=":1.1100" (uid=1284 pid=54344 comm="/usr/bin/python3 /usr/bin/blueman-applet " label="unconfined") interface="org.freedesktop.DBus.Introspectable" member="Introspect" error name="(unset)" requested_reply="0" destination="org.bluez" (bus)

(wrapper-1.0:54410): Gdk-WARNING **: 09:47:50.343: /build/gtk+2.0-AoeliP/gtk+2.0-2.24.32/gdk/x11/gdkdrawable-x11.c:952 drawable is not a pixmap or window

(gedit:54907): Gtk-WARNING **: 09:49:02.141: Calling org.xfce.Session.Manager.Inhibit failed: GDBus.Error:org.freedesktop.DBus.Error.UnknownMethod: Method "Inhibit" with signature "susu" on interface "org.xfce.Session.Manager" doesn't exist


Thu Feb  6 09:49:56 2020
 XserverDesktop: Added unknown keysym 0x6ec to keycode 255
xfwm4-Message: 09:49:56.840: Unsupported keyboard modifier '<Super>Tab'

Thu Feb  6 09:49:58 2020
 XserverDesktop: Added unknown keysym 0x6eb to keycode 254
 XserverDesktop: Added unknown keysym 0x6c6 to keycode 253
xfwm4-Message: 09:49:58.504: Unsupported keyboard modifier '<Super>Tab'

Thu Feb  6 09:50:01 2020
 XserverDesktop: Added unknown keysym 0x6c1 to keycode 252
xfwm4-Message: 09:50:01.448: Unsupported keyboard modifier '<Super>Tab'

Thu Feb  6 09:50:02 2020
 XserverDesktop: Added unknown keysym 0x6d7 to keycode 251
xfwm4-Message: 09:50:02.616: Unsupported keyboard modifier '<Super>Tab'
 XserverDesktop: Added unknown keysym 0x6d3 to keycode 250
xfwm4-Message: 09:50:03.015: Unsupported keyboard modifier '<Super>Tab'

Thu Feb  6 09:50:03 2020
 XserverDesktop: Added unknown keysym 0x6da to keycode 249
xfwm4-Message: 09:50:03.992: Unsupported keyboard modifier '<Super>Tab'

Thu Feb  6 09:50:04 2020
 XserverDesktop: Added unknown keysym 0x6cf to keycode 248
xfwm4-Message: 09:50:04.287: Unsupported keyboard modifier '<Super>Tab'
 XserverDesktop: Added unknown keysym 0xf3 to keycode 247
xfwm4-Message: 09:50:04.824: Unsupported keyboard modifier '<Super>Tab'
 XserverDesktop: Added unknown keysym 0x6d4 to keycode 246
xfwm4-Message: 09:50:05.087: Unsupported keyboard modifier '<Super>Tab'

Thu Feb  6 09:50:10 2020
 XserverDesktop: Added unknown keysym 0x6c5 to keycode 245
xfwm4-Message: 09:50:10.832: Unsupported keyboard modifier '<Super>Tab'

Thu Feb  6 09:50:32 2020
 XserverDesktop: Added unknown keysym 0x6f0 to keycode 244
 XserverDesktop: Added unknown keysym 0x6d2 to keycode 243
xfwm4-Message: 09:50:32.720: Unsupported keyboard modifier '<Super>Tab'

Thu Feb  6 09:50:33 2020
 XserverDesktop: Added unknown keysym 0x6c9 to keycode 242
xfwm4-Message: 09:50:34.104: Unsupported keyboard modifier '<Super>Tab'

Thu Feb  6 09:53:46 2020
 XserverDesktop: Added unknown keysym 0x6e2 to keycode 241
xfwm4-Message: 09:53:46.848: Unsupported keyboard modifier '<Super>Tab'

(gedit:56214): Gtk-WARNING **: 09:57:27.712: Calling org.xfce.Session.Manager.Inhibit failed: GDBus.Error:org.freedesktop.DBus.Error.UnknownMethod: Method "Inhibit" with signature "susu" on interface "org.xfce.Session.Manager" doesn't exist


Thu Feb  6 09:57:47 2020
 XserverDesktop: Added unknown keysym 0x6c4 to keycode 240
xfwm4-Message: 09:57:48.160: Unsupported keyboard modifier '<Super>Tab'

Thu Feb  6 09:57:49 2020
 XserverDesktop: Added unknown keysym 0x6d8 to keycode 239
xfwm4-Message: 09:57:49.632: Unsupported keyboard modifier '<Super>Tab'

Thu Feb  6 09:57:50 2020
 XserverDesktop: Added unknown keysym 0x6cd to keycode 238
xfwm4-Message: 09:57:50.624: Unsupported keyboard modifier '<Super>Tab'

Thu Feb  6 09:58:15 2020
 XserverDesktop: Added unknown keysym 0x6fe to keycode 237
xfwm4-Message: 09:58:15.736: Unsupported keyboard modifier '<Super>Tab'

Thu Feb  6 10:07:20 2020
 XserverDesktop: Added unknown keysym 0x6e8 to keycode 236
xfwm4-Message: 10:07:20.897: Unsupported keyboard modifier '<Super>Tab'
 XserverDesktop: Added unknown keysym 0x6ca to keycode 235
xfwm4-Message: 10:07:21.193: Unsupported keyboard modifier '<Super>Tab'

Thu Feb  6 10:11:10 2020
 XserverDesktop: Added unknown keysym 0x6dd to keycode 234
xfwm4-Message: 10:11:11.209: Unsupported keyboard modifier '<Super>Tab'

(gedit:59517): Gtk-WARNING **: 10:11:37.952: Calling org.xfce.Session.Manager.Inhibit failed: GDBus.Error:org.freedesktop.DBus.Error.UnknownMethod: Method "Inhibit" with signature "susu" on interface "org.xfce.Session.Manager" doesn't exist


Thu Feb  6 10:13:49 2020
 XserverDesktop: Added unknown keysym 0x6e0 to keycode 233
xfwm4-Message: 10:13:49.601: Unsupported keyboard modifier '<Super>Tab'

Thu Feb  6 10:18:22 2020
 XserverDesktop: Added unknown keysym 0x6db to keycode 232
xfwm4-Message: 10:18:23.041: Unsupported keyboard modifier '<Super>Tab'

Thu Feb  6 10:18:39 2020
 XserverDesktop: Added unknown keysym 0x6ee to keycode 231
xfwm4-Message: 10:18:40.113: Unsupported keyboard modifier '<Super>Tab'

Thu Feb  6 10:18:43 2020
 XserverDesktop: Added unknown keysym 0x6d9 to keycode 230
xfwm4-Message: 10:18:43.441: Unsupported keyboard modifier '<Super>Tab'

Thu Feb  6 10:18:54 2020
 XserverDesktop: Added unknown keysym 0x6d6 to keycode 229
xfwm4-Message: 10:18:54.834: Unsupported keyboard modifier '<Super>Tab'

Thu Feb  6 10:51:25 2020
 Connections: closed: 0.0.0.0::49877 (Clean disconnection)
 SMsgWriter:  framebuffer updates 14721
 SMsgWriter:    copyRect rects 10926, bytes 174816
 SMsgWriter:    hextile rects 1710398, bytes 127380937
 SMsgWriter:    raw bytes equivalent -1808908618, compression ratio -14.200780
/usr/share/system-config-printer/applet.py:45: PyGIWarning: Notify was imported without specifying a version first. Use gi.require_version('Notify', '0.7') before import to ensure that the right version gets loaded.
  from gi.repository import Notify
system-config-printer-applet: failed to start NewPrinterNotification service
system-config-printer-applet: failed to start PrinterDriversInstaller service: org.freedesktop.DBus.Error.AccessDenied: Connection ":1.1098" is not allowed to own the service "com.redhat.PrinterDriversInstaller" due to security policies in the configuration file
/usr/share/system-config-printer/applet.py:358: Warning: Source ID 11 was not found when attempting to remove it
  GLib.source_remove (self.timer)
/usr/share/system-config-printer/applet.py:358: Warning: Source ID 12 was not found when attempting to remove it
  GLib.source_remove (self.timer)
/usr/share/system-config-printer/applet.py:358: Warning: Source ID 16 was not found when attempting to remove it
  GLib.source_remove (self.timer)
/usr/share/system-config-printer/applet.py:358: Warning: Source ID 18 was not found when attempting to remove it
  GLib.source_remove (self.timer)
/usr/share/system-config-printer/applet.py:358: Warning: Source ID 19 was not found when attempting to remove it
  GLib.source_remove (self.timer)
/usr/share/system-config-printer/applet.py:358: Warning: Source ID 23 was not found when attempting to remove it
  GLib.source_remove (self.timer)
/usr/share/system-config-printer/applet.py:358: Warning: Source ID 25 was not found when attempting to remove it
  GLib.source_remove (self.timer)
/usr/share/system-config-printer/applet.py:358: Warning: Source ID 26 was not found when attempting to remove it
  GLib.source_remove (self.timer)
/usr/share/system-config-printer/applet.py:358: Warning: Source ID 30 was not found when attempting to remove it
  GLib.source_remove (self.timer)
/usr/share/system-config-printer/applet.py:358: Warning: Source ID 32 was not found when attempting to remove it
  GLib.source_remove (self.timer)
/usr/share/system-config-printer/applet.py:358: Warning: Source ID 33 was not found when attempting to remove it
  GLib.source_remove (self.timer)
/usr/share/system-config-printer/applet.py:358: Warning: Source ID 37 was not found when attempting to remove it
  GLib.source_remove (self.timer)
/usr/share/system-config-printer/applet.py:358: Warning: Source ID 39 was not found when attempting to remove it
  GLib.source_remove (self.timer)
/usr/share/system-config-printer/applet.py:358: Warning: Source ID 40 was not found when attempting to remove it
  GLib.source_remove (self.timer)
/usr/share/system-config-printer/applet.py:358: Warning: Source ID 44 was not found when attempting to remove it
  GLib.source_remove (self.timer)
/usr/share/system-config-printer/applet.py:358: Warning: Source ID 46 was not found when attempting to remove it
  GLib.source_remove (self.timer)
/usr/share/system-config-printer/applet.py:358: Warning: Source ID 47 was not found when attempting to remove it
  GLib.source_remove (self.timer)
/usr/share/system-config-printer/applet.py:358: Warning: Source ID 51 was not found when attempting to remove it
  GLib.source_remove (self.timer)
/usr/share/system-config-printer/applet.py:358: Warning: Source ID 53 was not found when attempting to remove it
  GLib.source_remove (self.timer)
/usr/share/system-config-printer/applet.py:358: Warning: Source ID 54 was not found when attempting to remove it
  GLib.source_remove (self.timer)
/usr/share/system-config-printer/applet.py:358: Warning: Source ID 58 was not found when attempting to remove it
  GLib.source_remove (self.timer)
/usr/share/system-config-printer/applet.py:358: Warning: Source ID 60 was not found when attempting to remove it
  GLib.source_remove (self.timer)
/usr/share/system-config-printer/applet.py:358: Warning: Source ID 61 was not found when attempting to remove it
  GLib.source_remove (self.timer)
/usr/share/system-config-printer/applet.py:358: Warning: Source ID 65 was not found when attempting to remove it
  GLib.source_remove (self.timer)
/usr/share/system-config-printer/applet.py:358: Warning: Source ID 67 was not found when attempting to remove it
  GLib.source_remove (self.timer)
/usr/share/system-config-printer/applet.py:358: Warning: Source ID 68 was not found when attempting to remove it
  GLib.source_remove (self.timer)
/usr/share/system-config-printer/applet.py:358: Warning: Source ID 72 was not found when attempting to remove it
  GLib.source_remove (self.timer)
/usr/share/system-config-printer/applet.py:358: Warning: Source ID 74 was not found when attempting to remove it
  GLib.source_remove (self.timer)
/usr/share/system-config-printer/applet.py:358: Warning: Source ID 75 was not found when attempting to remove it
  GLib.source_remove (self.timer)
/usr/share/system-config-printer/applet.py:358: Warning: Source ID 79 was not found when attempting to remove it
  GLib.source_remove (self.timer)
/usr/share/system-config-printer/applet.py:358: Warning: Source ID 81 was not found when attempting to remove it
  GLib.source_remove (self.timer)
/usr/share/system-config-printer/applet.py:358: Warning: Source ID 82 was not found when attempting to remove it
  GLib.source_remove (self.timer)
/usr/share/system-config-printer/applet.py:358: Warning: Source ID 86 was not found when attempting to remove it
  GLib.source_remove (self.timer)
/usr/share/system-config-printer/applet.py:358: Warning: Source ID 88 was not found when attempting to remove it
  GLib.source_remove (self.timer)
/usr/share/system-config-printer/applet.py:358: Warning: Source ID 89 was not found when attempting to remove it
  GLib.source_remove (self.timer)
/usr/share/system-config-printer/applet.py:358: Warning: Source ID 93 was not found when attempting to remove it
  GLib.source_remove (self.timer)
/usr/share/system-config-printer/applet.py:358: Warning: Source ID 95 was not found when attempting to remove it
  GLib.source_remove (self.timer)
/usr/share/system-config-printer/applet.py:358: Warning: Source ID 96 was not found when attempting to remove it
  GLib.source_remove (self.timer)
/usr/share/system-config-printer/applet.py:358: Warning: Source ID 100 was not found when attempting to remove it
  GLib.source_remove (self.timer)
/usr/share/system-config-printer/applet.py:358: Warning: Source ID 101 was not found when attempting to remove it
  GLib.source_remove (self.timer)
/usr/share/system-config-printer/applet.py:358: Warning: Source ID 103 was not found when attempting to remove it
  GLib.source_remove (self.timer)
/usr/share/system-config-printer/applet.py:358: Warning: Source ID 104 was not found when attempting to remove it
  GLib.source_remove (self.timer)
/usr/share/system-config-printer/applet.py:358: Warning: Source ID 108 was not found when attempting to remove it
  GLib.source_remove (self.timer)
/usr/share/system-config-printer/applet.py:358: Warning: Source ID 110 was not found when attempting to remove it
  GLib.source_remove (self.timer)
/usr/share/system-config-printer/applet.py:358: Warning: Source ID 112 was not found when attempting to remove it
  GLib.source_remove (self.timer)
/usr/share/system-config-printer/applet.py:358: Warning: Source ID 113 was not found when attempting to remove it
  GLib.source_remove (self.timer)
/usr/share/system-config-printer/applet.py:358: Warning: Source ID 117 was not found when attempting to remove it
  GLib.source_remove (self.timer)
/usr/share/system-config-printer/applet.py:358: Warning: Source ID 119 was not found when attempting to remove it
  GLib.source_remove (self.timer)
/usr/share/system-config-printer/applet.py:358: Warning: Source ID 120 was not found when attempting to remove it
  GLib.source_remove (self.timer)
/usr/share/system-config-printer/applet.py:358: Warning: Source ID 124 was not found when attempting to remove it
  GLib.source_remove (self.timer)
/usr/share/system-config-printer/applet.py:358: Warning: Source ID 126 was not found when attempting to remove it
  GLib.source_remove (self.timer)
/usr/share/system-config-printer/applet.py:358: Warning: Source ID 127 was not found when attempting to remove it
  GLib.source_remove (self.timer)

(xfwm4:54260): libxfce4ui-WARNING **: 09:42:54.935: ICE I/O Error

(xfdesktop:54268): libxfce4ui-WARNING **: 09:42:54.935: ICE I/O Error

(xfwm4:54260): libxfce4ui-WARNING **: 09:42:54.991: Disconnected from session manager.

(xfdesktop:54268): libxfce4ui-WARNING **: 09:42:54.991: Disconnected from session manager.
xfdesktop: Fatal IO error 25 (Inappropriate ioctl for device) on X server :19.0.
xfwm4: Fatal IO error 25 (Inappropriate ioctl for device) on X server :19.0.
