
Xvnc Free Edition 4.1.1 - built Feb 25 2015 23:02:21
Copyright (C) 2002-2005 RealVNC Ltd.
See http://www.realvnc.com for information on VNC.
Underlying X server release 40300000, The XFree86 Project, Inc


Fri Nov  8 11:23:03 2019
 vncext:      VNC extension running!
 vncext:      Listening for VNC connections on port 5907
 vncext:      created VNC server for screen 0
error opening security policy file /etc/X11/xserver/SecurityPolicy
Could not init font path element /usr/X11R6/lib/X11/fonts/Type1/, removing from list!
Could not init font path element /usr/X11R6/lib/X11/fonts/Speedo/, removing from list!
Could not init font path element /usr/X11R6/lib/X11/fonts/misc/, removing from list!
Could not init font path element /usr/X11R6/lib/X11/fonts/75dpi/, removing from list!
Could not init font path element /usr/X11R6/lib/X11/fonts/100dpi/, removing from list!
Could not init font path element /usr/share/fonts/X11/75dpi/, removing from list!
Could not init font path element /usr/share/fonts/X11/100dpi/, removing from list!
xrdb: No such file or directory
xrdb: can't open file '/home/is28/tverdov28/.Xresources'
/usr/bin/startxfce4: X server already running on display :7
gpg-agent[61086]: WARNING: "--write-env-file" is an obsolete option - it has no effect
gpg-agent: a gpg-agent is already running - not starting a new one

(xfce4-session:61076): xfce4-session-WARNING **: 11:23:06.220: gpg-agent returned no PID in the variables

(xfce4-session:61076): xfce4-session-WARNING **: 11:23:06.225: xfsm_manager_load_session: Something wrong with /home/is28/tverdov28/.cache/sessions/xfce4-session-virt-1:7, Does it exist? Permissions issue?

(xfwm4:61090): xfwm4-WARNING **: 11:23:06.254: The display does not support the XRender extension.

(xfwm4:61090): xfwm4-WARNING **: 11:23:06.254: The display does not support the XComposite extension.

(xfwm4:61090): xfwm4-WARNING **: 11:23:06.254: The display does not support the XDamage extension.

(xfwm4:61090): xfwm4-WARNING **: 11:23:06.254: The display does not support the XFixes extension.

(xfwm4:61090): xfwm4-WARNING **: 11:23:06.254: Compositing manager disabled.
(uint32 1,)

** (light-locker:61099): ERROR **: 11:23:06.347: Environment variable XDG_SESSION_PATH not set. Is LightDM running?

(polkit-gnome-authentication-agent-1:61102): GLib-CRITICAL **: 11:23:06.404: g_variant_new_string: assertion 'string != NULL' failed

(polkit-gnome-authentication-agent-1:61102): polkit-gnome-1-WARNING **: 11:23:06.406: Failed to register client: GDBus.Error:org.freedesktop.DBus.Error.ServiceUnknown: The name org.gnome.SessionManager was not provided by any .service files
xfwm4-Message: 11:23:06.452: Unsupported keyboard modifier '<Super>Tab'

(xfsettingsd:61101): xfsettingsd-CRITICAL **: 11:23:06.456: RANDR extension is too old, version 1.1. Display settings won't be applied.
Xlib:  extension "XInputExtension" missing on display ":7.0".

(xfsettingsd:61101): xfsettingsd-CRITICAL **: 11:23:06.457: XI is not present.

(xfsettingsd:61101): xfsettingsd-CRITICAL **: 11:23:06.457: Failed to initialize the Xkb extension.

(xfsettingsd:61101): xfsettingsd-CRITICAL **: 11:23:06.457: Failed to initialize the Accessibility extension.
xfwm4-Message: 11:23:06.524: Unsupported keyboard modifier '<Super>Tab'

(nm-applet:61196): Gtk-WARNING **: 11:23:06.875: Can't set a parent on widget which has a parent

(nm-applet:61196): Gdk-CRITICAL **: 11:23:07.021: gdk_window_thaw_toplevel_updates: assertion 'window->update_and_descendants_freeze_count > 0' failed

Fri Nov  8 11:23:20 2019
 Connections: accepted: 0.0.0.0::50179
 SConnection: Client needs protocol version 3.8
 SConnection: Client requests security type VncAuth(2)
/usr/lib/python3/dist-packages/blueman/plugins/applet/AppIndicator.py:8: PyGIWarning: AppIndicator3 was imported without specifying a version first. Use gi.require_version('AppIndicator3', '0.1') before import to ensure that the right version gets loaded.
  from gi.repository import AppIndicator3 as girAppIndicator
ERROR:dbus.proxies:Introspect error on org.bluez:/org/bluez: dbus.exceptions.DBusException: org.freedesktop.DBus.Error.AccessDenied: Rejected send message, 2 matched rules; type="method_call", sender=":1.2496" (uid=1284 pid=61165 comm="/usr/bin/python3 /usr/bin/blueman-applet " label="unconfined") interface="org.freedesktop.DBus.Introspectable" member="Introspect" error name="(unset)" requested_reply="0" destination="org.bluez" (bus)
ERROR:dbus.proxies:Introspect error on org.bluez:/: dbus.exceptions.DBusException: org.freedesktop.DBus.Error.AccessDenied: Rejected send message, 2 matched rules; type="method_call", sender=":1.2496" (uid=1284 pid=61165 comm="/usr/bin/python3 /usr/bin/blueman-applet " label="unconfined") interface="org.freedesktop.DBus.Introspectable" member="Introspect" error name="(unset)" requested_reply="0" destination="org.bluez" (bus)
ERROR:dbus.proxies:Introspect error on org.bluez:/: dbus.exceptions.DBusException: org.freedesktop.DBus.Error.AccessDenied: Rejected send message, 2 matched rules; type="method_call", sender=":1.2496" (uid=1284 pid=61165 comm="/usr/bin/python3 /usr/bin/blueman-applet " label="unconfined") interface="org.freedesktop.DBus.Introspectable" member="Introspect" error name="(unset)" requested_reply="0" destination="org.bluez" (bus)

(wrapper-1.0:61254): Gdk-WARNING **: 11:23:23.946: /build/gtk+2.0-AoeliP/gtk+2.0-2.24.32/gdk/x11/gdkdrawable-x11.c:952 drawable is not a pixmap or window

(wrapper-1.0:61254): Gdk-WARNING **: 11:23:23.948: /build/gtk+2.0-AoeliP/gtk+2.0-2.24.32/gdk/x11/gdkdrawable-x11.c:952 drawable is not a pixmap or window

Fri Nov  8 11:23:26 2019
 VNCSConnST:  Server default pixel format depth 16 (16bpp) little-endian rgb565
 VNCSConnST:  Client pixel format depth 16 (16bpp) little-endian rgb565

(Thunar:61096): Gdk-WARNING **: 11:23:36.624: gdk_window_set_icon_list: icons too large

(Thunar:61096): Gdk-WARNING **: 11:24:30.486: gdk_window_set_icon_list: icons too large

(Thunar:61096): Gdk-WARNING **: 11:25:06.984: gdk_window_set_icon_list: icons too large

(Thunar:61096): Gdk-WARNING **: 11:25:12.109: gdk_window_set_icon_list: icons too large

(Thunar:61096): Gdk-WARNING **: 11:25:38.278: gdk_window_set_icon_list: icons too large
Xlib:  extension "XINERAMA" missing on display ":7.0".
func=xmlSecCheckVersionExt:file=xmlsec.c:line=188:obj=unknown:subj=unknown:error=19:invalid version:mode=abi compatible;expected minor version=2;real minor version=2;expected subminor version=25;real subminor version=26
Xlib:  extension "XINERAMA" missing on display ":7.0".
func=xmlSecCheckVersionExt:file=xmlsec.c:line=188:obj=unknown:subj=unknown:error=19:invalid version:mode=abi compatible;expected minor version=2;real minor version=2;expected subminor version=25;real subminor version=26

Fri Nov  8 12:17:09 2019
 Connections: closed: 0.0.0.0::50179 (Clean disconnection)
 SMsgWriter:  framebuffer updates 26655
 SMsgWriter:    copyRect rects 55, bytes 880
 SMsgWriter:    hextile rects 337627, bytes 1358098485
 SMsgWriter:    raw bytes equivalent 1802440574, compression ratio 1.327180
