
Xvnc Free Edition 4.1.1 - built Feb 25 2015 23:02:21
Copyright (C) 2002-2005 RealVNC Ltd.
See http://www.realvnc.com for information on VNC.
Underlying X server release 40300000, The XFree86 Project, Inc


Fri Nov  8 11:24:13 2019
 vncext:      VNC extension running!
 vncext:      Listening for VNC connections on port 5921
 vncext:      created VNC server for screen 0
error opening security policy file /etc/X11/xserver/SecurityPolicy
Could not init font path element /usr/X11R6/lib/X11/fonts/Type1/, removing from list!
Could not init font path element /usr/X11R6/lib/X11/fonts/Speedo/, removing from list!
Could not init font path element /usr/X11R6/lib/X11/fonts/misc/, removing from list!
Could not init font path element /usr/X11R6/lib/X11/fonts/75dpi/, removing from list!
Could not init font path element /usr/X11R6/lib/X11/fonts/100dpi/, removing from list!
Could not init font path element /usr/share/fonts/X11/75dpi/, removing from list!
Could not init font path element /usr/share/fonts/X11/100dpi/, removing from list!
xrdb: No such file or directory
xrdb: can't open file '/home/is28/paranina28/.Xresources'
/usr/bin/startxfce4: X server already running on display :21
gpg-agent[64370]: WARNING: "--write-env-file" is an obsolete option - it has no effect
gpg-agent: a gpg-agent is already running - not starting a new one

(xfce4-session:64360): xfce4-session-WARNING **: 11:24:16.461: gpg-agent returned no PID in the variables

(xfce4-session:64360): xfce4-session-WARNING **: 11:24:16.462: xfsm_manager_load_session: Something wrong with /home/is28/paranina28/.cache/sessions/xfce4-session-virt-1:21, Does it exist? Permissions issue?

(xfwm4:64374): xfwm4-WARNING **: 11:24:16.492: The display does not support the XRender extension.

(xfwm4:64374): xfwm4-WARNING **: 11:24:16.492: The display does not support the XComposite extension.

(xfwm4:64374): xfwm4-WARNING **: 11:24:16.492: The display does not support the XDamage extension.

(xfwm4:64374): xfwm4-WARNING **: 11:24:16.492: The display does not support the XFixes extension.

(xfwm4:64374): xfwm4-WARNING **: 11:24:16.492: Compositing manager disabled.
(uint32 1,)

(xfsettingsd:64383): xfsettingsd-CRITICAL **: 11:24:16.655: RANDR extension is too old, version 1.1. Display settings won't be applied.
Xlib:  extension "XInputExtension" missing on display ":21.0".

(xfsettingsd:64383): xfsettingsd-CRITICAL **: 11:24:16.656: XI is not present.

(xfsettingsd:64383): xfsettingsd-CRITICAL **: 11:24:16.656: Failed to initialize the Xkb extension.

(xfsettingsd:64383): xfsettingsd-CRITICAL **: 11:24:16.657: Failed to initialize the Accessibility extension.
xfwm4-Message: 11:24:16.663: Unsupported keyboard modifier '<Super>Tab'

** (light-locker:64386): ERROR **: 11:24:16.671: Environment variable XDG_SESSION_PATH not set. Is LightDM running?

(polkit-gnome-authentication-agent-1:64388): GLib-CRITICAL **: 11:24:16.707: g_variant_new_string: assertion 'string != NULL' failed

(polkit-gnome-authentication-agent-1:64388): polkit-gnome-1-WARNING **: 11:24:16.708: Failed to register client: GDBus.Error:org.freedesktop.DBus.Error.ServiceUnknown: The name org.gnome.SessionManager was not provided by any .service files
xfwm4-Message: 11:24:16.869: Unsupported keyboard modifier '<Super>Tab'

(nm-applet:64470): Gtk-WARNING **: 11:24:17.516: Can't set a parent on widget which has a parent

(nm-applet:64470): Gdk-CRITICAL **: 11:24:17.691: gdk_window_thaw_toplevel_updates: assertion 'window->update_and_descendants_freeze_count > 0' failed
/usr/lib/python3/dist-packages/blueman/plugins/applet/AppIndicator.py:8: PyGIWarning: AppIndicator3 was imported without specifying a version first. Use gi.require_version('AppIndicator3', '0.1') before import to ensure that the right version gets loaded.
  from gi.repository import AppIndicator3 as girAppIndicator
ERROR:dbus.proxies:Introspect error on org.bluez:/org/bluez: dbus.exceptions.DBusException: org.freedesktop.DBus.Error.AccessDenied: Rejected send message, 2 matched rules; type="method_call", sender=":1.2813" (uid=1281 pid=64452 comm="/usr/bin/python3 /usr/bin/blueman-applet " label="unconfined") interface="org.freedesktop.DBus.Introspectable" member="Introspect" error name="(unset)" requested_reply="0" destination="org.bluez" (bus)
ERROR:dbus.proxies:Introspect error on org.bluez:/: dbus.exceptions.DBusException: org.freedesktop.DBus.Error.AccessDenied: Rejected send message, 2 matched rules; type="method_call", sender=":1.2813" (uid=1281 pid=64452 comm="/usr/bin/python3 /usr/bin/blueman-applet " label="unconfined") interface="org.freedesktop.DBus.Introspectable" member="Introspect" error name="(unset)" requested_reply="0" destination="org.bluez" (bus)
ERROR:dbus.proxies:Introspect error on org.bluez:/: dbus.exceptions.DBusException: org.freedesktop.DBus.Error.AccessDenied: Rejected send message, 2 matched rules; type="method_call", sender=":1.2813" (uid=1281 pid=64452 comm="/usr/bin/python3 /usr/bin/blueman-applet " label="unconfined") interface="org.freedesktop.DBus.Introspectable" member="Introspect" error name="(unset)" requested_reply="0" destination="org.bluez" (bus)

(wrapper-1.0:64530): Gdk-WARNING **: 11:24:24.658: /build/gtk+2.0-AoeliP/gtk+2.0-2.24.32/gdk/x11/gdkdrawable-x11.c:952 drawable is not a pixmap or window

Fri Nov  8 11:24:43 2019
 Connections: accepted: 0.0.0.0::50257
 SConnection: Client needs protocol version 3.8
 SConnection: Client requests security type VncAuth(2)

Fri Nov  8 11:24:54 2019
 VNCSConnST:  Server default pixel format depth 16 (16bpp) little-endian rgb565
 VNCSConnST:  Client pixel format depth 16 (16bpp) little-endian rgb565

(Thunar:64380): Gdk-WARNING **: 11:27:00.600: gdk_window_set_icon_list: icons too large
Xlib:  extension "XINERAMA" missing on display ":21.0".
func=xmlSecCheckVersionExt:file=xmlsec.c:line=188:obj=unknown:subj=unknown:error=19:invalid version:mode=abi compatible;expected minor version=2;real minor version=2;expected subminor version=25;real subminor version=26

(soffice:1677): GLib-GObject-WARNING **: 11:27:19.877: ../../../../gobject/gsignal.c:3492: signal name 'selection_changed' is invalid for instance '0x5626fdebcea0' of type 'OOoAtkObjCompTxt'

Fri Nov  8 12:05:32 2019
 XserverDesktop: Added unknown keysym 0x6d0 to keycode 255
xfwm4-Message: 12:05:33.240: Unsupported keyboard modifier '<Super>Tab'

Fri Nov  8 12:05:33 2019
 XserverDesktop: Added unknown keysym 0x6d2 to keycode 254
xfwm4-Message: 12:05:33.526: Unsupported keyboard modifier '<Super>Tab'
 XserverDesktop: Added unknown keysym 0x6c9 to keycode 253
xfwm4-Message: 12:05:33.790: Unsupported keyboard modifier '<Super>Tab'

Fri Nov  8 12:05:34 2019
 XserverDesktop: Added unknown keysym 0x6d7 to keycode 252
xfwm4-Message: 12:05:35.029: Unsupported keyboard modifier '<Super>Tab'

Fri Nov  8 12:05:35 2019
 XserverDesktop: Added unknown keysym 0x6c5 to keycode 251
xfwm4-Message: 12:05:35.557: Unsupported keyboard modifier '<Super>Tab'
 XserverDesktop: Added unknown keysym 0x6d4 to keycode 250
xfwm4-Message: 12:05:35.900: Unsupported keyboard modifier '<Super>Tab'

Fri Nov  8 12:08:08 2019
 Connections: closed: 0.0.0.0::50257 (read: Connection reset by peer (104))
 SMsgWriter:  framebuffer updates 6616
 SMsgWriter:    copyRect rects 4811, bytes 76976
 SMsgWriter:    hextile rects 17490, bytes 52824062
 SMsgWriter:    raw bytes equivalent 460718446, compression ratio 8.721753
