
Xvnc Free Edition 4.1.1 - built Feb 25 2015 23:02:21
Copyright (C) 2002-2005 RealVNC Ltd.
See http://www.realvnc.com for information on VNC.
Underlying X server release 40300000, The XFree86 Project, Inc


Fri Nov 15 11:01:11 2019
 vncext:      VNC extension running!
 vncext:      Listening for VNC connections on port 5904
 vncext:      created VNC server for screen 0
error opening security policy file /etc/X11/xserver/SecurityPolicy
Could not init font path element /usr/X11R6/lib/X11/fonts/Type1/, removing from list!
Could not init font path element /usr/X11R6/lib/X11/fonts/Speedo/, removing from list!
Could not init font path element /usr/X11R6/lib/X11/fonts/misc/, removing from list!
Could not init font path element /usr/X11R6/lib/X11/fonts/75dpi/, removing from list!
Could not init font path element /usr/X11R6/lib/X11/fonts/100dpi/, removing from list!
Could not init font path element /usr/share/fonts/X11/75dpi/, removing from list!
Could not init font path element /usr/share/fonts/X11/100dpi/, removing from list!
xrdb: No such file or directory
xrdb: can't open file '/home/is28/paranina28/.Xresources'
/usr/bin/startxfce4: X server already running on display :4
gpg-agent[25567]: WARNING: "--write-env-file" is an obsolete option - it has no effect
gpg-agent: a gpg-agent is already running - not starting a new one

(xfce4-session:25557): xfce4-session-WARNING **: 11:01:14.748: gpg-agent returned no PID in the variables

(xfce4-session:25557): xfce4-session-WARNING **: 11:01:14.754: xfsm_manager_load_session: Something wrong with /home/is28/paranina28/.cache/sessions/xfce4-session-virt-1:4, Does it exist? Permissions issue?

(xfwm4:25571): xfwm4-WARNING **: 11:01:14.784: The display does not support the XRender extension.

(xfwm4:25571): xfwm4-WARNING **: 11:01:14.784: The display does not support the XComposite extension.

(xfwm4:25571): xfwm4-WARNING **: 11:01:14.784: The display does not support the XDamage extension.

(xfwm4:25571): xfwm4-WARNING **: 11:01:14.784: The display does not support the XFixes extension.

(xfwm4:25571): xfwm4-WARNING **: 11:01:14.784: Compositing manager disabled.
(uint32 1,)

** (light-locker:25583): ERROR **: 11:01:14.953: Environment variable XDG_SESSION_PATH not set. Is LightDM running?
xfwm4-Message: 11:01:14.961: Unsupported keyboard modifier '<Super>Tab'

(xfsettingsd:25580): xfsettingsd-CRITICAL **: 11:01:14.966: RANDR extension is too old, version 1.1. Display settings won't be applied.
Xlib:  extension "XInputExtension" missing on display ":4.0".

(xfsettingsd:25580): xfsettingsd-CRITICAL **: 11:01:14.967: XI is not present.

(xfsettingsd:25580): xfsettingsd-CRITICAL **: 11:01:14.967: Failed to initialize the Xkb extension.

(xfsettingsd:25580): xfsettingsd-CRITICAL **: 11:01:14.967: Failed to initialize the Accessibility extension.

(polkit-gnome-authentication-agent-1:25585): GLib-CRITICAL **: 11:01:14.975: g_variant_new_string: assertion 'string != NULL' failed

(polkit-gnome-authentication-agent-1:25585): polkit-gnome-1-WARNING **: 11:01:14.976: Failed to register client: GDBus.Error:org.freedesktop.DBus.Error.ServiceUnknown: The name org.gnome.SessionManager was not provided by any .service files
xfwm4-Message: 11:01:15.066: Unsupported keyboard modifier '<Super>Tab'

(nm-applet:25659): Gtk-WARNING **: 11:01:15.253: Can't set a parent on widget which has a parent

(nm-applet:25659): Gdk-CRITICAL **: 11:01:15.405: gdk_window_thaw_toplevel_updates: assertion 'window->update_and_descendants_freeze_count > 0' failed

Fri Nov 15 11:01:17 2019
 Connections: accepted: 0.0.0.0::50053
 SConnection: Client needs protocol version 3.8
 SConnection: Client requests security type VncAuth(2)

Fri Nov 15 11:01:23 2019
 VNCSConnST:  Server default pixel format depth 16 (16bpp) little-endian rgb565
 VNCSConnST:  Client pixel format depth 16 (16bpp) little-endian rgb565
/usr/lib/python3/dist-packages/blueman/plugins/applet/AppIndicator.py:8: PyGIWarning: AppIndicator3 was imported without specifying a version first. Use gi.require_version('AppIndicator3', '0.1') before import to ensure that the right version gets loaded.
  from gi.repository import AppIndicator3 as girAppIndicator
ERROR:dbus.proxies:Introspect error on org.bluez:/org/bluez: dbus.exceptions.DBusException: org.freedesktop.DBus.Error.AccessDenied: Rejected send message, 2 matched rules; type="method_call", sender=":1.3147" (uid=1281 pid=25640 comm="/usr/bin/python3 /usr/bin/blueman-applet " label="unconfined") interface="org.freedesktop.DBus.Introspectable" member="Introspect" error name="(unset)" requested_reply="0" destination="org.bluez" (bus)
ERROR:dbus.proxies:Introspect error on org.bluez:/: dbus.exceptions.DBusException: org.freedesktop.DBus.Error.AccessDenied: Rejected send message, 2 matched rules; type="method_call", sender=":1.3147" (uid=1281 pid=25640 comm="/usr/bin/python3 /usr/bin/blueman-applet " label="unconfined") interface="org.freedesktop.DBus.Introspectable" member="Introspect" error name="(unset)" requested_reply="0" destination="org.bluez" (bus)
ERROR:dbus.proxies:Introspect error on org.bluez:/: dbus.exceptions.DBusException: org.freedesktop.DBus.Error.AccessDenied: Rejected send message, 2 matched rules; type="method_call", sender=":1.3147" (uid=1281 pid=25640 comm="/usr/bin/python3 /usr/bin/blueman-applet " label="unconfined") interface="org.freedesktop.DBus.Introspectable" member="Introspect" error name="(unset)" requested_reply="0" destination="org.bluez" (bus)

(wrapper-1.0:25722): Gdk-WARNING **: 11:01:40.562: /build/gtk+2.0-AoeliP/gtk+2.0-2.24.32/gdk/x11/gdkdrawable-x11.c:952 drawable is not a pixmap or window

(Thunar:25577): Gdk-WARNING **: 11:05:29.952: gdk_window_set_icon_list: icons too large

(polkit-gnome-authentication-agent-1:25585): polkit-gnome-1-WARNING **: 11:05:42.414: Couldn't open user icon: Failed to open file '/home/adom/.face': No such file or directory

(polkit-gnome-authentication-agent-1:25585): polkit-gnome-1-WARNING **: 11:05:42.417: Couldn't open user icon: Failed to open file '/home/test/.face': No such file or directory
Gtk-Message: 11:05:42.447: GtkDialog mapped without a transient parent. This is discouraged.

(Thunar:25577): GLib-GIO-CRITICAL **: 11:05:44.712: g_file_hash: assertion 'G_IS_FILE (file)' failed

(Thunar:25577): GLib-GIO-CRITICAL **: 11:05:44.712: g_file_query_info_async: assertion 'G_IS_FILE (file)' failed

(Thunar:25577): GLib-GObject-CRITICAL **: 11:05:44.712: g_object_unref: assertion 'G_IS_OBJECT (object)' failed

(Thunar:25577): Gdk-WARNING **: 11:05:46.657: gdk_window_set_icon_list: icons too large
Xlib:  extension "XINERAMA" missing on display ":4.0".
func=xmlSecCheckVersionExt:file=xmlsec.c:line=188:obj=unknown:subj=unknown:error=19:invalid version:mode=abi compatible;expected minor version=2;real minor version=2;expected subminor version=25;real subminor version=26

(soffice:26573): GLib-GObject-WARNING **: 11:06:05.100: ../../../../gobject/gsignal.c:3492: signal name 'selection_changed' is invalid for instance '0x561fec9346a0' of type 'OOoAtkObjCompTxt'

(polkit-gnome-authentication-agent-1:25585): polkit-gnome-1-WARNING **: 11:21:35.949: Couldn't open user icon: Failed to open file '/home/adom/.face': No such file or directory

(polkit-gnome-authentication-agent-1:25585): polkit-gnome-1-WARNING **: 11:21:35.950: Couldn't open user icon: Failed to open file '/home/test/.face': No such file or directory
Gtk-Message: 11:21:35.956: GtkDialog mapped without a transient parent. This is discouraged.
/usr/lib/ubuntu-release-upgrader/check-new-release-gtk:30: PyGIWarning: Gtk was imported without specifying a version first. Use gi.require_version('Gtk', '3.0') before import to ensure that the right version gets loaded.
  from gi.repository import Gtk
WARNING:root:timeout reached, exiting

(Thunar:25577): GLib-GIO-CRITICAL **: 11:21:37.168: g_file_hash: assertion 'G_IS_FILE (file)' failed

(Thunar:25577): GLib-GIO-CRITICAL **: 11:21:37.168: g_file_query_info_async: assertion 'G_IS_FILE (file)' failed

(Thunar:25577): GLib-GObject-CRITICAL **: 11:21:37.168: g_object_unref: assertion 'G_IS_OBJECT (object)' failed

Fri Nov 15 11:24:33 2019
 XserverDesktop: Added unknown keysym 0x6f7 to keycode 255
xfwm4-Message: 11:24:33.339: Unsupported keyboard modifier '<Super>Tab'

Fri Nov 15 11:24:34 2019
 XserverDesktop: Added unknown keysym 0x6c5 to keycode 254
 XserverDesktop: Added unknown keysym 0x6c4 to keycode 253
 XserverDesktop: Added unknown keysym 0x6c9 to keycode 252
xfwm4-Message: 11:24:34.684: Unsupported keyboard modifier '<Super>Tab'

Fri Nov 15 11:24:35 2019
 XserverDesktop: Added unknown keysym 0x6d3 to keycode 251
 XserverDesktop: Added unknown keysym 0x6d4 to keycode 250
 XserverDesktop: Added unknown keysym 0x6d2 to keycode 249
 XserverDesktop: Added unknown keysym 0x6cf to keycode 248
 XserverDesktop: Added unknown keysym 0x6cb to keycode 247
xfwm4-Message: 11:24:35.828: Unsupported keyboard modifier '<Super>Tab'
 XserverDesktop: Added unknown keysym 0xf3 to keycode 246
xfwm4-Message: 11:24:36.235: Unsupported keyboard modifier '<Super>Tab'

Fri Nov 15 11:24:45 2019
 XserverDesktop: Added unknown keysym 0x6c6 to keycode 245
xfwm4-Message: 11:24:46.180: Unsupported keyboard modifier '<Super>Tab'
AUDIT: Fri Nov 15 11:30:50 2019: 25526 Xvnc4: client 24 rejected from local host
No protocol specified
Unable to init server: Could not connect: Connection refused
Cannot parse arguments: Cannot open display: 
func=xmlSecCheckVersionExt:file=xmlsec.c:line=188:obj=unknown:subj=unknown:error=19:invalid version:mode=abi compatible;expected minor version=2;real minor version=2;expected subminor version=25;real subminor version=26

Fri Nov 15 11:39:51 2019
 XserverDesktop: Added unknown keysym 0x6d0 to keycode 244
xfwm4-Message: 11:39:51.497: Unsupported keyboard modifier '<Super>Tab'

Fri Nov 15 11:40:12 2019
 XserverDesktop: Added unknown keysym 0x6d9 to keycode 243
xfwm4-Message: 11:40:13.256: Unsupported keyboard modifier '<Super>Tab'

Fri Nov 15 11:41:31 2019
 XserverDesktop: Added unknown keysym 0x6c1 to keycode 242
xfwm4-Message: 11:41:31.432: Unsupported keyboard modifier '<Super>Tab'

Fri Nov 15 11:41:33 2019
 XserverDesktop: Added unknown keysym 0x6cc to keycode 241
xfwm4-Message: 11:41:34.176: Unsupported keyboard modifier '<Super>Tab'

Fri Nov 15 11:42:42 2019
 XserverDesktop: Added unknown keysym 0x6db to keycode 240
xfwm4-Message: 11:42:42.935: Unsupported keyboard modifier '<Super>Tab'

Fri Nov 15 11:55:43 2019
 XserverDesktop: Added unknown keysym 0x6dd to keycode 239
xfwm4-Message: 11:55:44.239: Unsupported keyboard modifier '<Super>Tab'

Fri Nov 15 11:55:49 2019
 XserverDesktop: Added unknown keysym 0x6c2 to keycode 238
xfwm4-Message: 11:55:49.558: Unsupported keyboard modifier '<Super>Tab'
 XserverDesktop: Added unknown keysym 0x6ca to keycode 237
xfwm4-Message: 11:55:50.070: Unsupported keyboard modifier '<Super>Tab'

Fri Nov 15 11:55:50 2019
 XserverDesktop: Added unknown keysym 0x6ce to keycode 236
 XserverDesktop: Added unknown keysym 0x6d8 to keycode 235
xfwm4-Message: 11:55:51.039: Unsupported keyboard modifier '<Super>Tab'

Fri Nov 15 11:55:52 2019
 XserverDesktop: Added unknown keysym 0x6de to keycode 234
xfwm4-Message: 11:55:52.598: Unsupported keyboard modifier '<Super>Tab'

Fri Nov 15 11:55:55 2019
 XserverDesktop: Added unknown keysym 0x6cd to keycode 233
xfwm4-Message: 11:55:55.573: Unsupported keyboard modifier '<Super>Tab'

Fri Nov 15 12:01:26 2019
 XserverDesktop: Added unknown keysym 0x6c0 to keycode 232
xfwm4-Message: 12:01:26.507: Unsupported keyboard modifier '<Super>Tab'
func=xmlSecCheckVersionExt:file=xmlsec.c:line=188:obj=unknown:subj=unknown:error=19:invalid version:mode=abi compatible;expected minor version=2;real minor version=2;expected subminor version=25;real subminor version=26
func=xmlSecCheckVersionExt:file=xmlsec.c:line=188:obj=unknown:subj=unknown:error=19:invalid version:mode=abi compatible;expected minor version=2;real minor version=2;expected subminor version=25;real subminor version=26
func=xmlSecCheckVersionExt:file=xmlsec.c:line=188:obj=unknown:subj=unknown:error=19:invalid version:mode=abi compatible;expected minor version=2;real minor version=2;expected subminor version=25;real subminor version=26

Fri Nov 15 12:41:51 2019
 Connections: closed: 0.0.0.0::50053 (Clean disconnection)
 SMsgWriter:  framebuffer updates 53270
 SMsgWriter:    copyRect rects 13632, bytes 218112
 SMsgWriter:    hextile rects 112028, bytes 191900178
 SMsgWriter:    raw bytes equivalent 1446813650, compression ratio 7.539408

(xfdesktop:25579): libxfce4ui-WARNING **: 13:43:51.329: ICE I/O Error
xfwm4: Fatal IO error 4 (Interrupted system call) on X server :4.0.

(xfdesktop:25579): libxfce4ui-WARNING **: 13:43:58.316: Disconnected from session manager.
xfdesktop: Fatal IO error 25 (Inappropriate ioctl for device) on X server :4.0.
