
Xvnc Free Edition 4.1.1 - built Feb 25 2015 23:02:21
Copyright (C) 2002-2005 RealVNC Ltd.
See http://www.realvnc.com for information on VNC.
Underlying X server release 40300000, The XFree86 Project, Inc


Fri Dec  6 11:14:47 2019
 vncext:      VNC extension running!
 vncext:      Listening for VNC connections on port 5924
 vncext:      created VNC server for screen 0
error opening security policy file /etc/X11/xserver/SecurityPolicy
Could not init font path element /usr/X11R6/lib/X11/fonts/Type1/, removing from list!
Could not init font path element /usr/X11R6/lib/X11/fonts/Speedo/, removing from list!
Could not init font path element /usr/X11R6/lib/X11/fonts/misc/, removing from list!
Could not init font path element /usr/X11R6/lib/X11/fonts/75dpi/, removing from list!
Could not init font path element /usr/X11R6/lib/X11/fonts/100dpi/, removing from list!
Could not init font path element /usr/share/fonts/X11/75dpi/, removing from list!
Could not init font path element /usr/share/fonts/X11/100dpi/, removing from list!
xrdb: No such file or directory
xrdb: can't open file '/home/is28/paranina28/.Xresources'
/usr/bin/startxfce4: X server already running on display :24
gpg-agent[17631]: WARNING: "--write-env-file" is an obsolete option - it has no effect
gpg-agent: a gpg-agent is already running - not starting a new one

(xfce4-session:17610): xfce4-session-WARNING **: 11:14:50.542: gpg-agent returned no PID in the variables

(xfce4-session:17610): xfce4-session-WARNING **: 11:14:50.544: xfsm_manager_load_session: Something wrong with /home/is28/paranina28/.cache/sessions/xfce4-session-virt-1:24, Does it exist? Permissions issue?

(xfwm4:17643): xfwm4-WARNING **: 11:14:50.591: The display does not support the XRender extension.

(xfwm4:17643): xfwm4-WARNING **: 11:14:50.591: The display does not support the XComposite extension.

(xfwm4:17643): xfwm4-WARNING **: 11:14:50.591: The display does not support the XDamage extension.

(xfwm4:17643): xfwm4-WARNING **: 11:14:50.591: The display does not support the XFixes extension.

(xfwm4:17643): xfwm4-WARNING **: 11:14:50.591: Compositing manager disabled.
(uint32 2,)

(xfsettingsd:17662): xfsettingsd-CRITICAL **: 11:14:50.666: RANDR extension is too old, version 1.1. Display settings won't be applied.
Xlib:  extension "XInputExtension" missing on display ":24.0".

(xfsettingsd:17662): xfsettingsd-CRITICAL **: 11:14:50.666: XI is not present.

(xfsettingsd:17662): xfsettingsd-CRITICAL **: 11:14:50.666: Failed to initialize the Xkb extension.

(xfsettingsd:17662): xfsettingsd-CRITICAL **: 11:14:50.666: Failed to initialize the Accessibility extension.
xfwm4-Message: 11:14:50.706: Unsupported keyboard modifier '<Super>Tab'
xfwm4-Message: 11:14:50.767: Unsupported keyboard modifier '<Super>Tab'

** (light-locker:17664): ERROR **: 11:14:50.909: Environment variable XDG_SESSION_PATH not set. Is LightDM running?

(polkit-gnome-authentication-agent-1:17670): GLib-CRITICAL **: 11:14:51.046: g_variant_new_string: assertion 'string != NULL' failed

(polkit-gnome-authentication-agent-1:17670): polkit-gnome-1-WARNING **: 11:14:51.047: Failed to register client: GDBus.Error:org.freedesktop.DBus.Error.ServiceUnknown: The name org.gnome.SessionManager was not provided by any .service files

(tracker-miner-apps:17751): Tracker-CRITICAL **: 11:14:51.303: Could not request DBus name 'org.freedesktop.Tracker1.Miner.Applications': D-Bus service name:'org.freedesktop.Tracker1.Miner.Applications' is already taken, perhaps the application is already running?

(tracker-extract:17701): Tracker-CRITICAL **: 11:14:51.366: Could not request DBus name 'org.freedesktop.Tracker1.Miner.Extract': D-Bus service name:'org.freedesktop.Tracker1.Miner.Extract' is already taken, perhaps the application is already running?

(tracker-miner-fs:17683): Tracker-CRITICAL **: 11:14:51.454: Could not request DBus name 'org.freedesktop.Tracker1.Miner.Files': D-Bus service name:'org.freedesktop.Tracker1.Miner.Files' is already taken, perhaps the application is already running?

(nm-applet:17772): Gtk-WARNING **: 11:14:51.517: Can't set a parent on widget which has a parent

(nm-applet:17772): Gdk-CRITICAL **: 11:14:51.668: gdk_window_thaw_toplevel_updates: assertion 'window->update_and_descendants_freeze_count > 0' failed

Fri Dec  6 11:15:07 2019
 Connections: accepted: 0.0.0.0::49943
 SConnection: Client needs protocol version 3.8
 SConnection: Client requests security type VncAuth(2)

Fri Dec  6 11:15:13 2019
 VNCSConnST:  Server default pixel format depth 16 (16bpp) little-endian rgb565
 VNCSConnST:  Client pixel format depth 16 (16bpp) little-endian rgb565
/usr/lib/python3/dist-packages/blueman/plugins/applet/AppIndicator.py:8: PyGIWarning: AppIndicator3 was imported without specifying a version first. Use gi.require_version('AppIndicator3', '0.1') before import to ensure that the right version gets loaded.
  from gi.repository import AppIndicator3 as girAppIndicator
ERROR:dbus.proxies:Introspect error on org.bluez:/org/bluez: dbus.exceptions.DBusException: org.freedesktop.DBus.Error.AccessDenied: Rejected send message, 2 matched rules; type="method_call", sender=":1.12461" (uid=1281 pid=17768 comm="/usr/bin/python3 /usr/bin/blueman-applet " label="unconfined") interface="org.freedesktop.DBus.Introspectable" member="Introspect" error name="(unset)" requested_reply="0" destination="org.bluez" (bus)
ERROR:dbus.proxies:Introspect error on org.bluez:/: dbus.exceptions.DBusException: org.freedesktop.DBus.Error.AccessDenied: Rejected send message, 2 matched rules; type="method_call", sender=":1.12461" (uid=1281 pid=17768 comm="/usr/bin/python3 /usr/bin/blueman-applet " label="unconfined") interface="org.freedesktop.DBus.Introspectable" member="Introspect" error name="(unset)" requested_reply="0" destination="org.bluez" (bus)
ERROR:dbus.proxies:Introspect error on org.bluez:/: dbus.exceptions.DBusException: org.freedesktop.DBus.Error.AccessDenied: Rejected send message, 2 matched rules; type="method_call", sender=":1.12461" (uid=1281 pid=17768 comm="/usr/bin/python3 /usr/bin/blueman-applet " label="unconfined") interface="org.freedesktop.DBus.Introspectable" member="Introspect" error name="(unset)" requested_reply="0" destination="org.bluez" (bus)

(wrapper-1.0:17819): Gdk-WARNING **: 11:15:16.315: /build/gtk+2.0-AoeliP/gtk+2.0-2.24.32/gdk/x11/gdkdrawable-x11.c:952 drawable is not a pixmap or window

(Thunar:17658): Gdk-WARNING **: 11:15:54.002: gdk_window_set_icon_list: icons too large
Xlib:  extension "XINERAMA" missing on display ":24.0".
func=xmlSecCheckVersionExt:file=xmlsec.c:line=188:obj=unknown:subj=unknown:error=19:invalid version:mode=abi compatible;expected minor version=2;real minor version=2;expected subminor version=25;real subminor version=26
func=xmlSecCheckVersionExt:file=xmlsec.c:line=188:obj=unknown:subj=unknown:error=19:invalid version:mode=abi compatible;expected minor version=2;real minor version=2;expected subminor version=25;real subminor version=26

(soffice:18273): GLib-GObject-WARNING **: 11:16:21.435: ../../../../gobject/gsignal.c:3492: signal name 'selection_changed' is invalid for instance '0x55b9fe0ca9f0' of type 'OOoAtkObjCompTxt'
func=xmlSecCheckVersionExt:file=xmlsec.c:line=188:obj=unknown:subj=unknown:error=19:invalid version:mode=abi compatible;expected minor version=2;real minor version=2;expected subminor version=25;real subminor version=26
Xlib:  extension "XINERAMA" missing on display ":24.0".
func=xmlSecCheckVersionExt:file=xmlsec.c:line=188:obj=unknown:subj=unknown:error=19:invalid version:mode=abi compatible;expected minor version=2;real minor version=2;expected subminor version=25;real subminor version=26

Fri Dec  6 11:38:52 2019
 XserverDesktop: Added unknown keysym 0x6fc to keycode 255
xfwm4-Message: 11:38:52.481: Unsupported keyboard modifier '<Super>Tab'

Fri Dec  6 11:39:09 2019
 XserverDesktop: Added unknown keysym 0x6d0 to keycode 254
 XserverDesktop: Added unknown keysym 0x6c1 to keycode 253
 XserverDesktop: Added unknown keysym 0x6d7 to keycode 252
xfwm4-Message: 11:39:09.705: Unsupported keyboard modifier '<Super>Tab'

Fri Dec  6 11:39:11 2019
 XserverDesktop: Added unknown keysym 0x6c5 to keycode 251
xfwm4-Message: 11:39:12.184: Unsupported keyboard modifier '<Super>Tab'

Fri Dec  6 11:39:12 2019
 XserverDesktop: Added unknown keysym 0x6c4 to keycode 250
 XserverDesktop: Added unknown keysym 0x6c9 to keycode 249
 XserverDesktop: Added unknown keysym 0x6d4 to keycode 248
xfwm4-Message: 11:39:12.913: Unsupported keyboard modifier '<Super>Tab'

Fri Dec  6 11:39:13 2019
 XserverDesktop: Added unknown keysym 0x6c7 to keycode 247
xfwm4-Message: 11:39:14.025: Unsupported keyboard modifier '<Super>Tab'

Fri Dec  6 11:39:14 2019
 XserverDesktop: Added unknown keysym 0x6da to keycode 246
xfwm4-Message: 11:39:14.553: Unsupported keyboard modifier '<Super>Tab'
 XserverDesktop: Added unknown keysym 0x6ce to keycode 245
xfwm4-Message: 11:39:15.081: Unsupported keyboard modifier '<Super>Tab'

Fri Dec  6 11:39:15 2019
 XserverDesktop: Added unknown keysym 0x6c6 to keycode 244
xfwm4-Message: 11:39:15.689: Unsupported keyboard modifier '<Super>Tab'
 XserverDesktop: Added unknown keysym 0x6ca to keycode 243
 XserverDesktop: Added unknown keysym 0x6cc to keycode 242
xfwm4-Message: 11:39:16.121: Unsupported keyboard modifier '<Super>Tab'

Fri Dec  6 11:39:38 2019
 XserverDesktop: Added unknown keysym 0x6d8 to keycode 241
xfwm4-Message: 11:39:39.241: Unsupported keyboard modifier '<Super>Tab'

(Thunar:17658): Gdk-WARNING **: 11:55:13.827: gdk_window_set_icon_list: icons too large

Fri Dec  6 12:08:12 2019
 VNCSConnST:  Client pixel format depth 16 (16bpp) little-endian rgb565

Fri Dec  6 12:10:45 2019
 Connections: closed: 0.0.0.0::49943 (Clean disconnection)

Fri Dec  6 12:11:02 2019
 SMsgWriter:  framebuffer updates 7756
 SMsgWriter:    copyRect rects 8176, bytes 130816
 SMsgWriter:    hextile rects 24071, bytes 58286086
 SMsgWriter:    ZRLE rects 6, bytes 459343
 SMsgWriter:    raw bytes equivalent 609851090, compression ratio 10.381252
 Connections: accepted: 254.127.0.0::60355

Fri Dec  6 12:11:03 2019
 Connections: closed: 254.127.0.0::60355 (write: Connection reset by peer
              (104))
PolicyKit daemon disconnected from the bus.
We are no longer a registered authentication agent.
xfwm4: Fatal IO error 11 (Resource temporarily unavailable) on X server :24.0.

(xfdesktop:17661): libxfce4ui-WARNING **: 11:06:16.759: ICE I/O Error

(xfdesktop:17661): libxfce4ui-WARNING **: 11:06:16.760: Disconnected from session manager.
xfdesktop: Fatal IO error 25 (Inappropriate ioctl for device) on X server :24.0.
