
Xvnc Free Edition 4.1.1 - built Feb 25 2015 23:02:21
Copyright (C) 2002-2005 RealVNC Ltd.
See http://www.realvnc.com for information on VNC.
Underlying X server release 40300000, The XFree86 Project, Inc


Fri Dec 13 11:35:43 2019
 vncext:      VNC extension running!
 vncext:      Listening for VNC connections on port 5918
 vncext:      created VNC server for screen 0
error opening security policy file /etc/X11/xserver/SecurityPolicy
Could not init font path element /usr/X11R6/lib/X11/fonts/Type1/, removing from list!
Could not init font path element /usr/X11R6/lib/X11/fonts/Speedo/, removing from list!
Could not init font path element /usr/X11R6/lib/X11/fonts/misc/, removing from list!
Could not init font path element /usr/X11R6/lib/X11/fonts/75dpi/, removing from list!
Could not init font path element /usr/X11R6/lib/X11/fonts/100dpi/, removing from list!
Could not init font path element /usr/share/fonts/X11/75dpi/, removing from list!
Could not init font path element /usr/share/fonts/X11/100dpi/, removing from list!
xrdb: No such file or directory
xrdb: can't open file '/home/is28/paranina28/.Xresources'
/usr/bin/startxfce4: X server already running on display :18
gpg-agent[25903]: WARNING: "--write-env-file" is an obsolete option - it has no effect
gpg-agent: a gpg-agent is already running - not starting a new one

(xfce4-session:25888): xfce4-session-WARNING **: 11:35:46.789: gpg-agent returned no PID in the variables

(xfce4-session:25888): xfce4-session-WARNING **: 11:35:46.790: xfsm_manager_load_session: Something wrong with /home/is28/paranina28/.cache/sessions/xfce4-session-virt-1:18, Does it exist? Permissions issue?

(xfwm4:25907): xfwm4-WARNING **: 11:35:46.819: The display does not support the XRender extension.

(xfwm4:25907): xfwm4-WARNING **: 11:35:46.819: The display does not support the XComposite extension.

(xfwm4:25907): xfwm4-WARNING **: 11:35:46.819: The display does not support the XDamage extension.

(xfwm4:25907): xfwm4-WARNING **: 11:35:46.819: The display does not support the XFixes extension.

(xfwm4:25907): xfwm4-WARNING **: 11:35:46.819: Compositing manager disabled.
(uint32 1,)

** (light-locker:25916): ERROR **: 11:35:46.851: Environment variable XDG_SESSION_PATH not set. Is LightDM running?

(polkit-gnome-authentication-agent-1:25919): GLib-CRITICAL **: 11:35:46.869: g_variant_new_string: assertion 'string != NULL' failed

(polkit-gnome-authentication-agent-1:25919): polkit-gnome-1-WARNING **: 11:35:46.870: Failed to register client: GDBus.Error:org.freedesktop.DBus.Error.ServiceUnknown: The name org.gnome.SessionManager was not provided by any .service files
xfwm4-Message: 11:35:46.886: Unsupported keyboard modifier '<Super>Tab'

(xfsettingsd:25917): xfsettingsd-CRITICAL **: 11:35:47.007: RANDR extension is too old, version 1.1. Display settings won't be applied.
Xlib:  extension "XInputExtension" missing on display ":18.0".

(xfsettingsd:25917): xfsettingsd-CRITICAL **: 11:35:47.010: XI is not present.

(xfsettingsd:25917): xfsettingsd-CRITICAL **: 11:35:47.010: Failed to initialize the Xkb extension.

(xfsettingsd:25917): xfsettingsd-CRITICAL **: 11:35:47.010: Failed to initialize the Accessibility extension.
xfwm4-Message: 11:35:47.065: Unsupported keyboard modifier '<Super>Tab'

(nm-applet:26034): Gtk-WARNING **: 11:35:47.231: Can't set a parent on widget which has a parent

(nm-applet:26034): Gdk-CRITICAL **: 11:35:47.381: gdk_window_thaw_toplevel_updates: assertion 'window->update_and_descendants_freeze_count > 0' failed

Fri Dec 13 11:36:01 2019
 Connections: accepted: 0.0.0.0::50033
 SConnection: Client needs protocol version 3.8
 SConnection: Client requests security type VncAuth(2)

Fri Dec 13 11:36:07 2019
 VNCSConnST:  Server default pixel format depth 16 (16bpp) little-endian rgb565
 VNCSConnST:  Client pixel format depth 16 (16bpp) little-endian rgb565
/usr/lib/ubuntu-release-upgrader/check-new-release-gtk:30: PyGIWarning: Gtk was imported without specifying a version first. Use gi.require_version('Gtk', '3.0') before import to ensure that the right version gets loaded.
  from gi.repository import Gtk
WARNING:root:timeout reached, exiting
/usr/lib/python3/dist-packages/blueman/plugins/applet/AppIndicator.py:8: PyGIWarning: AppIndicator3 was imported without specifying a version first. Use gi.require_version('AppIndicator3', '0.1') before import to ensure that the right version gets loaded.
  from gi.repository import AppIndicator3 as girAppIndicator
ERROR:dbus.proxies:Introspect error on org.bluez:/org/bluez: dbus.exceptions.DBusException: org.freedesktop.DBus.Error.AccessDenied: Rejected send message, 2 matched rules; type="method_call", sender=":1.2694" (uid=1281 pid=26022 comm="/usr/bin/python3 /usr/bin/blueman-applet " label="unconfined") interface="org.freedesktop.DBus.Introspectable" member="Introspect" error name="(unset)" requested_reply="0" destination="org.bluez" (bus)
ERROR:dbus.proxies:Introspect error on org.bluez:/: dbus.exceptions.DBusException: org.freedesktop.DBus.Error.AccessDenied: Rejected send message, 2 matched rules; type="method_call", sender=":1.2694" (uid=1281 pid=26022 comm="/usr/bin/python3 /usr/bin/blueman-applet " label="unconfined") interface="org.freedesktop.DBus.Introspectable" member="Introspect" error name="(unset)" requested_reply="0" destination="org.bluez" (bus)
ERROR:dbus.proxies:Introspect error on org.bluez:/: dbus.exceptions.DBusException: org.freedesktop.DBus.Error.AccessDenied: Rejected send message, 2 matched rules; type="method_call", sender=":1.2694" (uid=1281 pid=26022 comm="/usr/bin/python3 /usr/bin/blueman-applet " label="unconfined") interface="org.freedesktop.DBus.Introspectable" member="Introspect" error name="(unset)" requested_reply="0" destination="org.bluez" (bus)

(wrapper-1.0:26073): Gdk-WARNING **: 11:36:12.457: /build/gtk+2.0-AoeliP/gtk+2.0-2.24.32/gdk/x11/gdkdrawable-x11.c:952 drawable is not a pixmap or window

(x-terminal-emulator:26462): Gdk-CRITICAL **: 11:53:36.042: gdk_window_get_window_type: assertion 'GDK_IS_WINDOW (window)' failed

(Thunar:25913): Gdk-WARNING **: 12:17:06.982: gdk_window_set_icon_list: icons too large
Xlib:  extension "XINERAMA" missing on display ":18.0".
func=xmlSecCheckVersionExt:file=xmlsec.c:line=188:obj=unknown:subj=unknown:error=19:invalid version:mode=abi compatible;expected minor version=2;real minor version=2;expected subminor version=25;real subminor version=26

(soffice:31563): GLib-GObject-WARNING **: 12:17:16.323: ../../../../gobject/gsignal.c:3492: signal name 'selection_changed' is invalid for instance '0x562e4ac716a0' of type 'OOoAtkObjCompTxt'
func=xmlSecCheckVersionExt:file=xmlsec.c:line=188:obj=unknown:subj=unknown:error=19:invalid version:mode=abi compatible;expected minor version=2;real minor version=2;expected subminor version=25;real subminor version=26

Fri Dec 13 12:24:48 2019
 Connections: accepted: 0.0.0.0::52574
 SConnection: Client needs protocol version 3.8
 SConnection: Client requests security type VncAuth(2)

Fri Dec 13 12:24:52 2019
 VNCSConnST:  Server default pixel format depth 16 (16bpp) little-endian rgb565
 VNCSConnST:  Client pixel format depth 16 (16bpp) little-endian rgb565

Fri Dec 13 12:29:29 2019
 Connections: closed: 0.0.0.0::50033 (read: Connection reset by peer (104))
 SMsgWriter:  framebuffer updates 6565
 SMsgWriter:    copyRect rects 574, bytes 9184
 SMsgWriter:    hextile rects 13940, bytes 50027518
 SMsgWriter:    raw bytes equivalent 546492304, compression ratio 10.923834

Fri Dec 13 12:46:40 2019
 Connections: closed: 0.0.0.0::52574 (read: Connection reset by peer (104))
 SMsgWriter:  framebuffer updates 492
 SMsgWriter:    copyRect rects 47, bytes 752
 SMsgWriter:    hextile rects 1929, bytes 5761534
 SMsgWriter:    raw bytes equivalent 194555960, compression ratio 33.768083

(tracker-miner-fs:25921): GLib-GObject-WARNING **: 13:57:39.617: g_object_notify: object class 'UpClient' has no property named 'g-name-owner'

(Thunar:25913): GVFS-RemoteVolumeMonitor-WARNING **: 13:57:39.663: Owner of volume monitor org.gtk.vfs.GoaVolumeMonitor disconnected from the bus; removing drives/volumes/mounts

(xfdesktop:25915): GVFS-RemoteVolumeMonitor-WARNING **: 13:57:39.666: Owner of volume monitor org.gtk.vfs.GoaVolumeMonitor disconnected from the bus; removing drives/volumes/mounts

(tracker-extract:25936): GVFS-RemoteVolumeMonitor-WARNING **: 13:57:39.663: Owner of volume monitor org.gtk.vfs.GoaVolumeMonitor disconnected from the bus; removing drives/volumes/mounts

(tracker-extract:25936): GVFS-RemoteVolumeMonitor-WARNING **: 13:57:39.684: Owner of volume monitor org.gtk.vfs.GPhoto2VolumeMonitor disconnected from the bus; removing drives/volumes/mounts

(tracker-extract:25936): GVFS-RemoteVolumeMonitor-WARNING **: 13:57:39.684: Owner of volume monitor org.gtk.vfs.AfcVolumeMonitor disconnected from the bus; removing drives/volumes/mounts

(Thunar:25913): GVFS-RemoteVolumeMonitor-WARNING **: 13:57:39.684: Owner of volume monitor org.gtk.vfs.GPhoto2VolumeMonitor disconnected from the bus; removing drives/volumes/mounts

(Thunar:25913): GVFS-RemoteVolumeMonitor-WARNING **: 13:57:39.684: Owner of volume monitor org.gtk.vfs.AfcVolumeMonitor disconnected from the bus; removing drives/volumes/mounts

(xfdesktop:25915): GVFS-RemoteVolumeMonitor-WARNING **: 13:57:39.694: Owner of volume monitor org.gtk.vfs.GPhoto2VolumeMonitor disconnected from the bus; removing drives/volumes/mounts

(xfdesktop:25915): GVFS-RemoteVolumeMonitor-WARNING **: 13:57:39.695: Owner of volume monitor org.gtk.vfs.AfcVolumeMonitor disconnected from the bus; removing drives/volumes/mounts

(Thunar:25913): GVFS-RemoteVolumeMonitor-WARNING **: 13:57:39.704: Owner of volume monitor org.gtk.vfs.MTPVolumeMonitor disconnected from the bus; removing drives/volumes/mounts

Received signal:15->'Terminated'

(xfdesktop:25915): GVFS-RemoteVolumeMonitor-WARNING **: 13:57:39.824: Owner of volume monitor org.gtk.vfs.MTPVolumeMonitor disconnected from the bus; removing drives/volumes/mounts

(nm-applet:26034): Gdk-ERROR **: 13:57:39.837: The program 'nm-applet' received an X Window System error.
This probably reflects a bug in the program.
The error was 'BadWindow (invalid Window parameter)'.
  (Details: serial 303 error_code 3 request_code 61 (core protocol) minor_code 0)
  (Note to programmers: normally, X errors are reported asynchronously;
   that is, you will receive the error a while after causing it.
   To debug your program, run it with the GDK_SYNCHRONIZE environment
   variable to change this behavior. You can then get a meaningful
   backtrace from your debugger if you break on the gdk_x_error() function.)

(tracker-miner-fs:25921): GLib-GObject-WARNING **: 13:57:39.817: g_object_notify: object class 'UpDevice' has no property named 'g-name-owner'

(tracker-miner-fs:25921): GVFS-RemoteVolumeMonitor-WARNING **: 13:57:39.843: Owner of volume monitor org.gtk.vfs.GoaVolumeMonitor disconnected from the bus; removing drives/volumes/mounts

(tracker-miner-fs:25921): GVFS-RemoteVolumeMonitor-WARNING **: 13:57:39.843: Owner of volume monitor org.gtk.vfs.GPhoto2VolumeMonitor disconnected from the bus; removing drives/volumes/mounts

(tracker-miner-fs:25921): GVFS-RemoteVolumeMonitor-WARNING **: 13:57:39.843: Owner of volume monitor org.gtk.vfs.AfcVolumeMonitor disconnected from the bus; removing drives/volumes/mounts

(tracker-miner-fs:25921): GVFS-RemoteVolumeMonitor-WARNING **: 13:57:39.843: Owner of volume monitor org.gtk.vfs.MTPVolumeMonitor disconnected from the bus; removing drives/volumes/mounts

Received signal:15->'Terminated'

(tracker-miner-fs:25921): GLib-GIO-CRITICAL **: 13:57:39.843: Error while sending AddMatch() message: The connection is closed

(tracker-miner-fs:25921): GLib-GIO-CRITICAL **: 13:57:39.843: Error while sending AddMatch() message: The connection is closed

(tracker-miner-fs:25921): GLib-GIO-CRITICAL **: 13:57:39.843: Error while sending AddMatch() message: The connection is closed

OK


** (xfsettingsd:25917): CRITICAL **: 13:57:39.872: dbus_g_proxy_disconnect_signal: assertion '!DBUS_G_PROXY_DESTROYED (proxy)' failed

** (xfsettingsd:25917): CRITICAL **: 13:57:39.872: dbus_g_proxy_disconnect_signal: assertion '!DBUS_G_PROXY_DESTROYED (proxy)' failed

OK


(xfsettingsd:25917): xfconf-CRITICAL **: 13:57:39.933: IA__xfconf_channel_set_bool: assertion 'XFCONF_IS_CHANNEL(channel) && property' failed

** (xfsettingsd:25917): CRITICAL **: 13:57:39.933: dbus_g_proxy_disconnect_signal: assertion '!DBUS_G_PROXY_DESTROYED (proxy)' failed

** (xfsettingsd:25917): CRITICAL **: 13:57:39.933: dbus_g_proxy_disconnect_signal: assertion '!DBUS_G_PROXY_DESTROYED (proxy)' failed
The program 'wrapper-1.0' received an X Window System error.
This probably reflects a bug in the program.
The error was 'BadWindow (invalid Window parameter)'.
  (Details: serial 845 error_code 3 request_code 4 minor_code 0)
  (Note to programmers: normally, X errors are reported asynchronously;
   that is, you will receive the error a while after causing it.
   To debug your program, run it with the --sync command line
   option to change this behavior. You can then get a meaningful
   backtrace from your debugger if you break on the gdk_x_error() function.)
xfsettingsd: Fatal IO error 11 (Resource temporarily unavailable) on X server :18.0.
xfdesktop: Fatal IO error 11 (Resource temporarily unavailable) on X server :18.0.
