
Xvnc Free Edition 4.1.1 - built Feb 25 2015 23:02:21
Copyright (C) 2002-2005 RealVNC Ltd.
See http://www.realvnc.com for information on VNC.
Underlying X server release 40300000, The XFree86 Project, Inc


Wed Dec 11 11:23:05 2019
 vncext:      VNC extension running!
 vncext:      Listening for VNC connections on port 5908
 vncext:      created VNC server for screen 0
error opening security policy file /etc/X11/xserver/SecurityPolicy
Could not init font path element /usr/X11R6/lib/X11/fonts/Type1/, removing from list!
Could not init font path element /usr/X11R6/lib/X11/fonts/Speedo/, removing from list!
Could not init font path element /usr/X11R6/lib/X11/fonts/misc/, removing from list!
Could not init font path element /usr/X11R6/lib/X11/fonts/75dpi/, removing from list!
Could not init font path element /usr/X11R6/lib/X11/fonts/100dpi/, removing from list!
Could not init font path element /usr/share/fonts/X11/75dpi/, removing from list!
Could not init font path element /usr/share/fonts/X11/100dpi/, removing from list!
xrdb: No such file or directory
xrdb: can't open file '/home/is28/paranina28/.Xresources'
/usr/bin/startxfce4: X server already running on display :8
gpg-agent[21703]: WARNING: "--write-env-file" is an obsolete option - it has no effect
gpg-agent: a gpg-agent is already running - not starting a new one

(xfce4-session:21693): xfce4-session-WARNING **: 11:23:08.887: gpg-agent returned no PID in the variables

(xfce4-session:21693): xfce4-session-WARNING **: 11:23:08.893: xfsm_manager_load_session: Something wrong with /home/is28/paranina28/.cache/sessions/xfce4-session-virt-1:8, Does it exist? Permissions issue?

(xfwm4:21707): xfwm4-WARNING **: 11:23:08.920: The display does not support the XRender extension.

(xfwm4:21707): xfwm4-WARNING **: 11:23:08.921: The display does not support the XComposite extension.

(xfwm4:21707): xfwm4-WARNING **: 11:23:08.921: The display does not support the XDamage extension.

(xfwm4:21707): xfwm4-WARNING **: 11:23:08.921: The display does not support the XFixes extension.

(xfwm4:21707): xfwm4-WARNING **: 11:23:08.921: Compositing manager disabled.
(uint32 1,)

** (light-locker:21716): ERROR **: 11:23:08.978: Environment variable XDG_SESSION_PATH not set. Is LightDM running?

(xfsettingsd:21718): xfsettingsd-CRITICAL **: 11:23:09.013: RANDR extension is too old, version 1.1. Display settings won't be applied.
Xlib:  extension "XInputExtension" missing on display ":8.0".

(xfsettingsd:21718): xfsettingsd-CRITICAL **: 11:23:09.014: XI is not present.

(xfsettingsd:21718): xfsettingsd-CRITICAL **: 11:23:09.014: Failed to initialize the Xkb extension.

(xfsettingsd:21718): xfsettingsd-CRITICAL **: 11:23:09.014: Failed to initialize the Accessibility extension.

(polkit-gnome-authentication-agent-1:21719): GLib-CRITICAL **: 11:23:09.048: g_variant_new_string: assertion 'string != NULL' failed

(polkit-gnome-authentication-agent-1:21719): polkit-gnome-1-WARNING **: 11:23:09.054: Failed to register client: GDBus.Error:org.freedesktop.DBus.Error.ServiceUnknown: The name org.gnome.SessionManager was not provided by any .service files
xfwm4-Message: 11:23:09.117: Unsupported keyboard modifier '<Super>Tab'
xfwm4-Message: 11:23:09.168: Unsupported keyboard modifier '<Super>Tab'

(nm-applet:21796): Gtk-WARNING **: 11:23:09.202: Can't set a parent on widget which has a parent

(nm-applet:21796): Gdk-CRITICAL **: 11:23:09.355: gdk_window_thaw_toplevel_updates: assertion 'window->update_and_descendants_freeze_count > 0' failed
/usr/lib/python3/dist-packages/blueman/plugins/applet/AppIndicator.py:8: PyGIWarning: AppIndicator3 was imported without specifying a version first. Use gi.require_version('AppIndicator3', '0.1') before import to ensure that the right version gets loaded.
  from gi.repository import AppIndicator3 as girAppIndicator
ERROR:dbus.proxies:Introspect error on org.bluez:/org/bluez: dbus.exceptions.DBusException: org.freedesktop.DBus.Error.AccessDenied: Rejected send message, 2 matched rules; type="method_call", sender=":1.708" (uid=1281 pid=21766 comm="/usr/bin/python3 /usr/bin/blueman-applet " label="unconfined") interface="org.freedesktop.DBus.Introspectable" member="Introspect" error name="(unset)" requested_reply="0" destination="org.bluez" (bus)
ERROR:dbus.proxies:Introspect error on org.bluez:/: dbus.exceptions.DBusException: org.freedesktop.DBus.Error.AccessDenied: Rejected send message, 2 matched rules; type="method_call", sender=":1.708" (uid=1281 pid=21766 comm="/usr/bin/python3 /usr/bin/blueman-applet " label="unconfined") interface="org.freedesktop.DBus.Introspectable" member="Introspect" error name="(unset)" requested_reply="0" destination="org.bluez" (bus)
ERROR:dbus.proxies:Introspect error on org.bluez:/: dbus.exceptions.DBusException: org.freedesktop.DBus.Error.AccessDenied: Rejected send message, 2 matched rules; type="method_call", sender=":1.708" (uid=1281 pid=21766 comm="/usr/bin/python3 /usr/bin/blueman-applet " label="unconfined") interface="org.freedesktop.DBus.Introspectable" member="Introspect" error name="(unset)" requested_reply="0" destination="org.bluez" (bus)

(wrapper-1.0:21878): Gdk-WARNING **: 11:23:34.439: /build/gtk+2.0-AoeliP/gtk+2.0-2.24.32/gdk/x11/gdkdrawable-x11.c:952 drawable is not a pixmap or window

Wed Dec 11 11:24:01 2019
 Connections: accepted: 0.0.0.0::62577
 SConnection: Client needs protocol version 3.8
 SConnection: Client requests security type VncAuth(2)

Wed Dec 11 11:24:10 2019
 VNCSConnST:  Server default pixel format depth 16 (16bpp) little-endian rgb565
 VNCSConnST:  Client pixel format depth 16 (16bpp) little-endian rgb565

(Thunar:21713): Gdk-WARNING **: 11:34:32.371: gdk_window_set_icon_list: icons too large
Xlib:  extension "XINERAMA" missing on display ":8.0".
func=xmlSecCheckVersionExt:file=xmlsec.c:line=188:obj=unknown:subj=unknown:error=19:invalid version:mode=abi compatible;expected minor version=2;real minor version=2;expected subminor version=25;real subminor version=26

(soffice:28916): GLib-GObject-WARNING **: 11:41:59.504: ../../../../gobject/gsignal.c:3492: signal name 'selection_changed' is invalid for instance '0x558850ebcea0' of type 'OOoAtkObjCompTxt'

Wed Dec 11 11:47:09 2019
 XserverDesktop: Added unknown keysym 0x6d4 to keycode 255
xfwm4-Message: 11:47:09.952: Unsupported keyboard modifier '<Super>Tab'

Wed Dec 11 11:47:11 2019
 XserverDesktop: Added unknown keysym 0x6d2 to keycode 254
 XserverDesktop: Added unknown keysym 0x6cf to keycode 253
xfwm4-Message: 11:47:11.648: Unsupported keyboard modifier '<Super>Tab'
 XserverDesktop: Added unknown keysym 0x6cb to keycode 252
xfwm4-Message: 11:47:12.080: Unsupported keyboard modifier '<Super>Tab'

Wed Dec 11 11:47:12 2019
 XserverDesktop: Added unknown keysym 0xf3 to keycode 251
xfwm4-Message: 11:47:12.336: Unsupported keyboard modifier '<Super>Tab'

Wed Dec 11 12:47:48 2019
 Connections: closed: 0.0.0.0::62577 (read: Connection reset by peer (104))
 SMsgWriter:  framebuffer updates 8131
 SMsgWriter:    copyRect rects 359, bytes 5744
 SMsgWriter:    hextile rects 20191, bytes 90827577
 SMsgWriter:    raw bytes equivalent 844494032, compression ratio 9.297771
xfce4-session: Fatal IO error 11 (Resource temporarily unavailable) on X server :8.
xfwm4: Fatal IO error 11 (Resource temporarily unavailable) on X server :8.0.

(Thunar:21713): GVFS-RemoteVolumeMonitor-WARNING **: 11:14:10.401: Owner of volume monitor org.gtk.vfs.MTPVolumeMonitor disconnected from the bus; removing drives/volumes/mounts

(tracker-extract:21729): GVFS-RemoteVolumeMonitor-WARNING **: 11:14:10.402: Owner of volume monitor org.gtk.vfs.MTPVolumeMonitor disconnected from the bus; removing drives/volumes/mounts

(xfdesktop:21715): GVFS-RemoteVolumeMonitor-WARNING **: 11:14:10.402: Owner of volume monitor org.gtk.vfs.MTPVolumeMonitor disconnected from the bus; removing drives/volumes/mounts

(tracker-miner-fs:21721): GVFS-RemoteVolumeMonitor-WARNING **: 11:14:10.402: Owner of volume monitor org.gtk.vfs.MTPVolumeMonitor disconnected from the bus; removing drives/volumes/mounts

(x-terminal-emulator:24138): libxfce4ui-WARNING **: 11:14:10.402: ICE I/O Error

(x-terminal-emulator:24138): libxfce4ui-WARNING **: 11:14:10.403: Disconnected from session manager.

(xfsettingsd:21718): libxfce4ui-WARNING **: 11:14:10.403: ICE I/O Error

(xfsettingsd:21718): libxfce4ui-WARNING **: 11:14:10.403: Disconnected from session manager.

(xfce4-panel:21711): libxfce4ui-WARNING **: 11:14:10.403: ICE I/O Error

(xfce4-panel:21711): libxfce4ui-WARNING **: 11:14:10.404: Disconnected from session manager.

(xfdesktop:21715): libxfce4ui-WARNING **: 11:14:10.404: ICE I/O Error

(xfdesktop:21715): libxfce4ui-WARNING **: 11:14:10.404: Disconnected from session manager.

Received signal:15->'Terminated'

(tracker-miner-fs:21721): GLib-GIO-CRITICAL **: 11:14:10.411: Error while sending AddMatch() message: The connection is closed

(tracker-miner-fs:21721): GLib-GIO-CRITICAL **: 11:14:10.411: Error while sending AddMatch() message: The connection is closed

(tracker-miner-fs:21721): GLib-GIO-CRITICAL **: 11:14:10.411: Error while sending AddMatch() message: The connection is closed
xfdesktop: Fatal IO error 11 (Resource temporarily unavailable) on X server :8.0.
xfsettingsd: Fatal IO error 11 (Resource temporarily unavailable) on X server :8.0.
wrapper-1.0: Fatal IO error 11 (Resource temporarily unavailable) on X server :8.0.

OK

Gdk-Message: 11:14:10.420: x-terminal-emulator: Fatal IO error 11 (Resource temporarily unavailable) on X server :8.0.

wrapper-1.0: Fatal IO error 11 (Resource temporarily unavailable) on X server :8.0.
Gdk-Message: 11:14:10.421: evolution-alarm-notify: Fatal IO error 11 (Resource temporarily unavailable) on X server :8.0.


Received signal:15->'Terminated'

OK


Received signal:15->'Terminated'
