
Xvnc Free Edition 4.1.1 - built Feb 25 2015 23:02:21
Copyright (C) 2002-2005 RealVNC Ltd.
See http://www.realvnc.com for information on VNC.
Underlying X server release 40300000, The XFree86 Project, Inc


Fri Sep 27 11:23:24 2019
 vncext:      VNC extension running!
 vncext:      Listening for VNC connections on port 5920
 vncext:      created VNC server for screen 0
error opening security policy file /etc/X11/xserver/SecurityPolicy
Could not init font path element /usr/X11R6/lib/X11/fonts/Type1/, removing from list!
Could not init font path element /usr/X11R6/lib/X11/fonts/Speedo/, removing from list!
Could not init font path element /usr/X11R6/lib/X11/fonts/misc/, removing from list!
Could not init font path element /usr/X11R6/lib/X11/fonts/75dpi/, removing from list!
Could not init font path element /usr/X11R6/lib/X11/fonts/100dpi/, removing from list!
Could not init font path element /usr/share/fonts/X11/75dpi/, removing from list!
Could not init font path element /usr/share/fonts/X11/100dpi/, removing from list!

(x-window-manager:34587): xfwm4-WARNING **: 11:23:27.866: The display does not support the XRender extension.

(x-window-manager:34587): xfwm4-WARNING **: 11:23:27.867: The display does not support the XComposite extension.

(x-window-manager:34587): xfwm4-WARNING **: 11:23:27.867: The display does not support the XDamage extension.

(x-window-manager:34587): xfwm4-WARNING **: 11:23:27.867: The display does not support the XFixes extension.

(x-window-manager:34587): xfwm4-WARNING **: 11:23:27.867: Compositing manager disabled.
xfwm4-Message: 11:23:27.964: Unsupported keyboard modifier '<Super>Tab'

(x-window-manager:34587): xfwm4-WARNING **: 11:23:27.971: Failed to connect to session manager: Failed to connect to the session manager: SESSION_MANAGER environment variable not defined
Failed to connect to session manager: Failed to connect to the session manager: SESSION_MANAGER environment variable not defined

Fri Sep 27 11:24:05 2019
 Connections: accepted: 0.0.0.0::50253
 SConnection: Client needs protocol version 3.8
 SConnection: Client requests security type VncAuth(2)

Fri Sep 27 11:24:12 2019
 VNCSConnST:  Server default pixel format depth 16 (16bpp) little-endian rgb565
 VNCSConnST:  Client pixel format depth 16 (16bpp) little-endian rgb565

Fri Sep 27 12:16:41 2019
 XserverDesktop: Added unknown keysym 0x6d0 to keycode 255
 XserverDesktop: Added unknown keysym 0x6c5 to keycode 254
xfwm4-Message: 12:16:41.538: Unsupported keyboard modifier '<Super>Tab'

Fri Sep 27 12:16:42 2019
 XserverDesktop: Added unknown keysym 0x6d2 to keycode 253
xfwm4-Message: 12:16:42.410: Unsupported keyboard modifier '<Super>Tab'
 XserverDesktop: Added unknown keysym 0x6d7 to keycode 252
xfwm4-Message: 12:16:42.873: Unsupported keyboard modifier '<Super>Tab'
 XserverDesktop: Added unknown keysym 0x6c1 to keycode 251
xfwm4-Message: 12:16:43.194: Unsupported keyboard modifier '<Super>Tab'

Fri Sep 27 12:16:43 2019
 XserverDesktop: Added unknown keysym 0x6dd to keycode 250
xfwm4-Message: 12:16:43.625: Unsupported keyboard modifier '<Super>Tab'

Fri Sep 27 12:16:44 2019
 XserverDesktop: Added unknown keysym 0x6cd to keycode 249
xfwm4-Message: 12:16:44.441: Unsupported keyboard modifier '<Super>Tab'

Fri Sep 27 12:16:45 2019
 XserverDesktop: Added unknown keysym 0x6d3 to keycode 248
 XserverDesktop: Added unknown keysym 0x6d4 to keycode 247
xfwm4-Message: 12:16:45.417: Unsupported keyboard modifier '<Super>Tab'
 XserverDesktop: Added unknown keysym 0x6cf to keycode 246
 XserverDesktop: Added unknown keysym 0x6cb to keycode 245
 XserverDesktop: Added unknown keysym 0xf3 to keycode 244
xfwm4-Message: 12:16:46.225: Unsupported keyboard modifier '<Super>Tab'

Fri Sep 27 12:17:54 2019
 XserverDesktop: Added unknown keysym 0x6de to keycode 243
 XserverDesktop: Added unknown keysym 0x6c9 to keycode 242
xfwm4-Message: 12:17:55.208: Unsupported keyboard modifier '<Super>Tab'

Fri Sep 27 12:17:56 2019
 XserverDesktop: Added unknown keysym 0x6cc to keycode 241
xfwm4-Message: 12:17:57.136: Unsupported keyboard modifier '<Super>Tab'

Fri Sep 27 12:21:43 2019
 XserverDesktop: Added unknown keysym 0x6db to keycode 240
xfwm4-Message: 12:21:44.148: Unsupported keyboard modifier '<Super>Tab'

Fri Sep 27 12:39:41 2019
 XserverDesktop: Added unknown keysym 0x6c4 to keycode 239
xfwm4-Message: 12:39:41.955: Unsupported keyboard modifier '<Super>Tab'

Fri Sep 27 12:39:48 2019
 XserverDesktop: Added unknown keysym 0x6da to keycode 238
xfwm4-Message: 12:39:49.187: Unsupported keyboard modifier '<Super>Tab'

Fri Sep 27 12:39:49 2019
 XserverDesktop: Added unknown keysym 0x6ce to keycode 237
xfwm4-Message: 12:39:50.155: Unsupported keyboard modifier '<Super>Tab'

Fri Sep 27 12:43:06 2019
 Connections: closed: 0.0.0.0::50253 (read: Connection reset by peer (104))
 SMsgWriter:  framebuffer updates 10180
 SMsgWriter:    copyRect rects 2693, bytes 43088
 SMsgWriter:    hextile rects 28219, bytes 79679416
 SMsgWriter:    raw bytes equivalent 870059942, compression ratio 10.919507
x-window-manager: Fatal IO error 4 (Interrupted system call) on X server :20.
