
Xvnc Free Edition 4.1.1 - built Feb 25 2015 23:02:21
Copyright (C) 2002-2005 RealVNC Ltd.
See http://www.realvnc.com for information on VNC.
Underlying X server release 40300000, The XFree86 Project, Inc


Fri Oct 11 11:26:07 2019
 vncext:      VNC extension running!
 vncext:      Listening for VNC connections on port 5933
 vncext:      created VNC server for screen 0
error opening security policy file /etc/X11/xserver/SecurityPolicy
Could not init font path element /usr/X11R6/lib/X11/fonts/Type1/, removing from list!
Could not init font path element /usr/X11R6/lib/X11/fonts/Speedo/, removing from list!
Could not init font path element /usr/X11R6/lib/X11/fonts/misc/, removing from list!
Could not init font path element /usr/X11R6/lib/X11/fonts/75dpi/, removing from list!
Could not init font path element /usr/X11R6/lib/X11/fonts/100dpi/, removing from list!
Could not init font path element /usr/share/fonts/X11/75dpi/, removing from list!
Could not init font path element /usr/share/fonts/X11/100dpi/, removing from list!

(x-window-manager:16390): xfwm4-WARNING **: 11:26:10.790: The display does not support the XRender extension.

(x-window-manager:16390): xfwm4-WARNING **: 11:26:10.790: The display does not support the XComposite extension.

(x-window-manager:16390): xfwm4-WARNING **: 11:26:10.790: The display does not support the XDamage extension.

(x-window-manager:16390): xfwm4-WARNING **: 11:26:10.790: The display does not support the XFixes extension.

(x-window-manager:16390): xfwm4-WARNING **: 11:26:10.790: Compositing manager disabled.
xfwm4-Message: 11:26:10.872: Unsupported keyboard modifier '<Super>Tab'

(x-window-manager:16390): xfwm4-WARNING **: 11:26:10.878: Failed to connect to session manager: Failed to connect to the session manager: SESSION_MANAGER environment variable not defined
Failed to connect to session manager: Failed to connect to the session manager: SESSION_MANAGER environment variable not defined

Fri Oct 11 11:26:34 2019
 Connections: accepted: 0.0.0.0::49860
 SConnection: Client needs protocol version 3.8
 SConnection: Client requests security type VncAuth(2)

Fri Oct 11 11:26:41 2019
 VNCSConnST:  Server default pixel format depth 16 (16bpp) little-endian rgb565
 VNCSConnST:  Client pixel format depth 16 (16bpp) little-endian rgb565

Fri Oct 11 11:41:54 2019
 XserverDesktop: Added unknown keysym 0x6d7 to keycode 255
xfwm4-Message: 11:41:54.565: Unsupported keyboard modifier '<Super>Tab'

Fri Oct 11 11:41:55 2019
 XserverDesktop: Added unknown keysym 0x6c5 to keycode 254
xfwm4-Message: 11:41:55.481: Unsupported keyboard modifier '<Super>Tab'
 XserverDesktop: Added unknown keysym 0x6c4 to keycode 253
xfwm4-Message: 11:41:56.096: Unsupported keyboard modifier '<Super>Tab'

Fri Oct 11 11:41:56 2019
 XserverDesktop: Added unknown keysym 0x6c9 to keycode 252
 XserverDesktop: Added unknown keysym 0x6d4 to keycode 251
xfwm4-Message: 11:41:56.830: Unsupported keyboard modifier '<Super>Tab'

Fri Oct 11 11:43:56 2019
 XserverDesktop: Added unknown keysym 0x6cc to keycode 250
xfwm4-Message: 11:43:56.831: Unsupported keyboard modifier '<Super>Tab'

Fri Oct 11 12:34:40 2019
 Connections: closed: 0.0.0.0::49860 (read: Connection reset by peer (104))
 SMsgWriter:  framebuffer updates 5554
 SMsgWriter:    copyRect rects 5306, bytes 84896
 SMsgWriter:    hextile rects 18223, bytes 52237662
 SMsgWriter:    raw bytes equivalent 674212716, compression ratio 12.906640
x-window-manager: Fatal IO error 11 (Resource temporarily unavailable) on X server :33.
