
Xvnc Free Edition 4.1.1 - built Feb 25 2015 23:02:21
Copyright (C) 2002-2005 RealVNC Ltd.
See http://www.realvnc.com for information on VNC.
Underlying X server release 40300000, The XFree86 Project, Inc


Wed Nov 27 11:44:02 2019
 vncext:      VNC extension running!
 vncext:      Listening for VNC connections on port 5928
 vncext:      created VNC server for screen 0
error opening security policy file /etc/X11/xserver/SecurityPolicy
Could not init font path element /usr/X11R6/lib/X11/fonts/Type1/, removing from list!
Could not init font path element /usr/X11R6/lib/X11/fonts/Speedo/, removing from list!
Could not init font path element /usr/X11R6/lib/X11/fonts/misc/, removing from list!
Could not init font path element /usr/X11R6/lib/X11/fonts/75dpi/, removing from list!
Could not init font path element /usr/X11R6/lib/X11/fonts/100dpi/, removing from list!
Could not init font path element /usr/share/fonts/X11/75dpi/, removing from list!
Could not init font path element /usr/share/fonts/X11/100dpi/, removing from list!
xrdb: No such file or directory
xrdb: can't open file '/home/is28/paranina28/.Xresources'
/usr/bin/startxfce4: X server already running on display :28
gpg-agent[53966]: WARNING: "--write-env-file" is an obsolete option - it has no effect
gpg-agent: a gpg-agent is already running - not starting a new one

(xfce4-session:53956): xfce4-session-WARNING **: 11:44:05.970: gpg-agent returned no PID in the variables

(xfce4-session:53956): xfce4-session-WARNING **: 11:44:05.972: xfsm_manager_load_session: Something wrong with /home/is28/paranina28/.cache/sessions/xfce4-session-virt-1:28, Does it exist? Permissions issue?

(xfwm4:53970): xfwm4-WARNING **: 11:44:06.115: The display does not support the XRender extension.

(xfwm4:53970): xfwm4-WARNING **: 11:44:06.116: The display does not support the XComposite extension.

(xfwm4:53970): xfwm4-WARNING **: 11:44:06.116: The display does not support the XDamage extension.

(xfwm4:53970): xfwm4-WARNING **: 11:44:06.116: The display does not support the XFixes extension.

(xfwm4:53970): xfwm4-WARNING **: 11:44:06.116: Compositing manager disabled.
xfwm4-Message: 11:44:06.355: Unsupported keyboard modifier '<Super>Tab'

** (light-locker:53984): ERROR **: 11:44:06.499: Environment variable XDG_SESSION_PATH not set. Is LightDM running?

(polkit-gnome-authentication-agent-1:54007): GLib-CRITICAL **: 11:44:06.628: g_variant_new_string: assertion 'string != NULL' failed

(polkit-gnome-authentication-agent-1:54007): polkit-gnome-1-WARNING **: 11:44:06.628: Failed to register client: GDBus.Error:org.freedesktop.DBus.Error.ServiceUnknown: The name org.gnome.SessionManager was not provided by any .service files
(uint32 1,)

(xfsettingsd:53982): xfsettingsd-CRITICAL **: 11:44:09.507: RANDR extension is too old, version 1.1. Display settings won't be applied.
Xlib:  extension "XInputExtension" missing on display ":28.0".

(xfsettingsd:53982): xfsettingsd-CRITICAL **: 11:44:09.508: XI is not present.

(xfsettingsd:53982): xfsettingsd-CRITICAL **: 11:44:09.508: Failed to initialize the Xkb extension.

(xfsettingsd:53982): xfsettingsd-CRITICAL **: 11:44:09.508: Failed to initialize the Accessibility extension.

(nm-applet:54154): Gtk-WARNING **: 11:44:09.677: Can't set a parent on widget which has a parent
xfwm4-Message: 11:44:11.167: Unsupported keyboard modifier '<Super>Tab'

(nm-applet:54154): Gdk-CRITICAL **: 11:44:11.433: gdk_window_thaw_toplevel_updates: assertion 'window->update_and_descendants_freeze_count > 0' failed

Wed Nov 27 11:44:30 2019
 Connections: accepted: 0.0.0.0::50117
 SConnection: Client needs protocol version 3.8
 SConnection: Client requests security type VncAuth(2)
/usr/lib/python3/dist-packages/blueman/plugins/applet/AppIndicator.py:8: PyGIWarning: AppIndicator3 was imported without specifying a version first. Use gi.require_version('AppIndicator3', '0.1') before import to ensure that the right version gets loaded.
  from gi.repository import AppIndicator3 as girAppIndicator
ERROR:dbus.proxies:Introspect error on org.bluez:/org/bluez: dbus.exceptions.DBusException: org.freedesktop.DBus.Error.AccessDenied: Rejected send message, 2 matched rules; type="method_call", sender=":1.2627" (uid=1281 pid=54146 comm="/usr/bin/python3 /usr/bin/blueman-applet " label="unconfined") interface="org.freedesktop.DBus.Introspectable" member="Introspect" error name="(unset)" requested_reply="0" destination="org.bluez" (bus)
ERROR:dbus.proxies:Introspect error on org.bluez:/: dbus.exceptions.DBusException: org.freedesktop.DBus.Error.AccessDenied: Rejected send message, 2 matched rules; type="method_call", sender=":1.2627" (uid=1281 pid=54146 comm="/usr/bin/python3 /usr/bin/blueman-applet " label="unconfined") interface="org.freedesktop.DBus.Introspectable" member="Introspect" error name="(unset)" requested_reply="0" destination="org.bluez" (bus)
ERROR:dbus.proxies:Introspect error on org.bluez:/: dbus.exceptions.DBusException: org.freedesktop.DBus.Error.AccessDenied: Rejected send message, 2 matched rules; type="method_call", sender=":1.2627" (uid=1281 pid=54146 comm="/usr/bin/python3 /usr/bin/blueman-applet " label="unconfined") interface="org.freedesktop.DBus.Introspectable" member="Introspect" error name="(unset)" requested_reply="0" destination="org.bluez" (bus)

(wrapper-1.0:54186): Gdk-WARNING **: 11:44:35.570: /build/gtk+2.0-AoeliP/gtk+2.0-2.24.32/gdk/x11/gdkdrawable-x11.c:952 drawable is not a pixmap or window

(blueman-applet:54146): Gdk-CRITICAL **: 11:44:35.571: gdk_window_thaw_toplevel_updates: assertion 'window->update_and_descendants_freeze_count > 0' failed

Wed Nov 27 11:44:36 2019
 VNCSConnST:  Server default pixel format depth 16 (16bpp) little-endian rgb565
 VNCSConnST:  Client pixel format depth 16 (16bpp) little-endian rgb565

(Thunar:53976): Gdk-WARNING **: 11:45:35.818: gdk_window_set_icon_list: icons too large
Xlib:  extension "XINERAMA" missing on display ":28.0".
func=xmlSecCheckVersionExt:file=xmlsec.c:line=188:obj=unknown:subj=unknown:error=19:invalid version:mode=abi compatible;expected minor version=2;real minor version=2;expected subminor version=25;real subminor version=26
