
Xvnc Free Edition 4.1.1 - built Jul 31 2015 19:10:31
Copyright (C) 2002-2005 RealVNC Ltd.
See http://www.realvnc.com for information on VNC.
Underlying X server release 40300000, The XFree86 Project, Inc


Fri Sep  6 11:32:30 2019
 vncext:      VNC extension running!
 vncext:      Listening for VNC connections on port 5928
 vncext:      created VNC server for screen 0
error opening security policy file /etc/X11/xserver/SecurityPolicy
Could not init font path element /usr/X11R6/lib/X11/fonts/Type1/, removing from list!
Could not init font path element /usr/X11R6/lib/X11/fonts/Speedo/, removing from list!
Could not init font path element /usr/X11R6/lib/X11/fonts/misc/, removing from list!
Could not init font path element /usr/X11R6/lib/X11/fonts/75dpi/, removing from list!
Could not init font path element /usr/X11R6/lib/X11/fonts/100dpi/, removing from list!
Could not init font path element /usr/share/fonts/X11/75dpi/, removing from list!
Could not init font path element /usr/share/fonts/X11/100dpi/, removing from list!
Option "--login" is no longer supported in this version of gnome-terminal; you might want to create a profile with the desired setting, and use the new '--profile' option

(x-window-manager:13224): xfwm4-WARNING **: The display does not support the XRender extension.

(x-window-manager:13224): xfwm4-WARNING **: The display does not support the XComposite extension.

(x-window-manager:13224): xfwm4-WARNING **: The display does not support the XDamage extension.

(x-window-manager:13224): xfwm4-WARNING **: The display does not support the XFixes extension.

(x-window-manager:13224): xfwm4-WARNING **: Compositing manager disabled.

(x-window-manager:13224): GLib-CRITICAL **: g_str_has_prefix: assertion 'prefix != NULL' failed

(gnome-terminal:13223): GLib-GIO-CRITICAL **: g_settings_get: the format string may not contain '&' (key 'monospace-font-name' from schema 'org.gnome.desktop.interface'). This call will probably stop working with a future version of glib.

(x-window-manager:13224): xfwm4-WARNING **: The property '/general/double_click_distance' of type int is not supported

(gnome-terminal:13223): Vte-2.90-WARNING **: Unable to convert characters from текущая to X-VTE-GUNICHAR.
Unhandled value type TerminalEncoding of pspec encoding

(x-window-manager:13224): xfwm4-WARNING **: Failed to connect to session manager: Не удалось подключиться к менеджеру сеансов: SESSION_MANAGER environment variable not defined

Fri Sep  6 11:34:05 2019
 Connections: accepted: 0.0.0.0::50120
 SConnection: Client needs protocol version 3.8
 SConnection: Client requests security type VncAuth(2)

Fri Sep  6 11:34:13 2019
 VNCSConnST:  Server default pixel format depth 16 (16bpp) little-endian rgb565
 VNCSConnST:  Client pixel format depth 16 (16bpp) little-endian rgb565

Fri Sep  6 11:48:39 2019
 Connections: closed: 0.0.0.0::50120 (Clean disconnection)
 SMsgWriter:  framebuffer updates 2097
 SMsgWriter:    copyRect rects 2682, bytes 42912
 SMsgWriter:    hextile rects 18803, bytes 24805771
 SMsgWriter:    raw bytes equivalent 260586078, compression ratio 10.505059
XIO:  fatal IO error 11 (Resource temporarily unavailable) on X server ":28"
      after 150 requests (150 known processed) with 0 events remaining.

(gnome-terminal:13223): Gdk-WARNING **: gnome-terminal: Fatal IO error 11 (Resource temporarily unavailable) on X server :28.

x-window-manager: Fatal IO error 11 (Resource temporarily unavailable) on X server :28.
