
Xvnc Free Edition 4.1.1 - built Feb 25 2015 23:02:21
Copyright (C) 2002-2005 RealVNC Ltd.
See http://www.realvnc.com for information on VNC.
Underlying X server release 40300000, The XFree86 Project, Inc


Fri Oct  4 12:20:53 2019
 vncext:      VNC extension running!
 vncext:      Listening for VNC connections on port 5934
 vncext:      created VNC server for screen 0
error opening security policy file /etc/X11/xserver/SecurityPolicy
Could not init font path element /usr/X11R6/lib/X11/fonts/Type1/, removing from list!
Could not init font path element /usr/X11R6/lib/X11/fonts/Speedo/, removing from list!
Could not init font path element /usr/X11R6/lib/X11/fonts/misc/, removing from list!
Could not init font path element /usr/X11R6/lib/X11/fonts/75dpi/, removing from list!
Could not init font path element /usr/X11R6/lib/X11/fonts/100dpi/, removing from list!
Could not init font path element /usr/share/fonts/X11/75dpi/, removing from list!
Could not init font path element /usr/share/fonts/X11/100dpi/, removing from list!

(x-window-manager:19054): xfwm4-WARNING **: 12:20:56.366: The display does not support the XRender extension.

(x-window-manager:19054): xfwm4-WARNING **: 12:20:56.367: The display does not support the XComposite extension.

(x-window-manager:19054): xfwm4-WARNING **: 12:20:56.367: The display does not support the XDamage extension.

(x-window-manager:19054): xfwm4-WARNING **: 12:20:56.367: The display does not support the XFixes extension.

(x-window-manager:19054): xfwm4-WARNING **: 12:20:56.367: Compositing manager disabled.
xfwm4-Message: 12:20:56.402: Unsupported keyboard modifier '<Super>Tab'

(x-window-manager:19054): xfwm4-WARNING **: 12:20:56.409: Failed to connect to session manager: Failed to connect to the session manager: SESSION_MANAGER environment variable not defined
Failed to connect to session manager: Failed to connect to the session manager: SESSION_MANAGER environment variable not defined

Fri Oct  4 12:21:00 2019
 Connections: accepted: 0.0.0.0::50154
 SConnection: Client needs protocol version 3.8
 SConnection: Client requests security type VncAuth(2)

Fri Oct  4 12:21:03 2019
 VNCSConnST:  Server default pixel format depth 16 (16bpp) little-endian rgb565
 VNCSConnST:  Client pixel format depth 16 (16bpp) little-endian rgb565

Fri Oct  4 12:21:52 2019
 XserverDesktop: Added unknown keysym 0x6cc to keycode 255

Fri Oct  4 12:21:53 2019
 XserverDesktop: Added unknown keysym 0x6c1 to keycode 254
xfwm4-Message: 12:21:53.265: Unsupported keyboard modifier '<Super>Tab'
 XserverDesktop: Added unknown keysym 0x6c2 to keycode 253
xfwm4-Message: 12:21:54.241: Unsupported keyboard modifier '<Super>Tab'

Fri Oct  4 12:22:18 2019
 XserverDesktop: Added unknown keysym 0x6d8 to keycode 252
 XserverDesktop: Added unknown keysym 0x6db to keycode 251
xfwm4-Message: 12:22:19.225: Unsupported keyboard modifier '<Super>Tab'

Fri Oct  4 12:22:19 2019
 XserverDesktop: Added unknown keysym 0x6dd to keycode 250
xfwm4-Message: 12:22:19.777: Unsupported keyboard modifier '<Super>Tab'
 XserverDesktop: Added unknown keysym 0x6d1 to keycode 249
 XserverDesktop: Added unknown keysym 0x6c4 to keycode 248
xfwm4-Message: 12:22:20.193: Unsupported keyboard modifier '<Super>Tab'
AUDIT: Fri Oct  4 12:27:34 2019: 19045 Xvnc4: client 6 rejected from local host
AUDIT: Fri Oct  4 12:27:37 2019: 19045 Xvnc4: client 6 rejected from local host

Fri Oct  4 12:27:53 2019
 XserverDesktop: Added unknown keysym 0x6da to keycode 247
xfwm4-Message: 12:27:54.248: Unsupported keyboard modifier '<Super>Tab'

Fri Oct  4 12:45:08 2019
 Connections: closed: 0.0.0.0::50154 (Clean disconnection)
 SMsgWriter:  framebuffer updates 4727
 SMsgWriter:    copyRect rects 2948, bytes 47168
 SMsgWriter:    hextile rects 22928, bytes 29324815
 SMsgWriter:    raw bytes equivalent 326588478, compression ratio 11.136932
x-window-manager: Fatal IO error 11 (Resource temporarily unavailable) on X server :34.
