
Xvnc Free Edition 4.1.1 - built Feb 25 2015 23:02:21
Copyright (C) 2002-2005 RealVNC Ltd.
See http://www.realvnc.com for information on VNC.
Underlying X server release 40300000, The XFree86 Project, Inc


Fri Nov  8 11:23:21 2019
 vncext:      VNC extension running!
 vncext:      Listening for VNC connections on port 5908
 vncext:      created VNC server for screen 0
error opening security policy file /etc/X11/xserver/SecurityPolicy
Could not init font path element /usr/X11R6/lib/X11/fonts/Type1/, removing from list!
Could not init font path element /usr/X11R6/lib/X11/fonts/Speedo/, removing from list!
Could not init font path element /usr/X11R6/lib/X11/fonts/misc/, removing from list!
Could not init font path element /usr/X11R6/lib/X11/fonts/75dpi/, removing from list!
Could not init font path element /usr/X11R6/lib/X11/fonts/100dpi/, removing from list!
Could not init font path element /usr/share/fonts/X11/75dpi/, removing from list!
Could not init font path element /usr/share/fonts/X11/100dpi/, removing from list!
xrdb: No such file or directory
xrdb: can't open file '/home/is28/lobanov28/.Xresources'
/usr/bin/startxfce4: X server already running on display :8
gpg-agent[61585]: WARNING: "--write-env-file" is an obsolete option - it has no effect
gpg-agent: a gpg-agent is already running - not starting a new one

(xfce4-session:61575): xfce4-session-WARNING **: 11:23:24.705: gpg-agent returned no PID in the variables

(xfce4-session:61575): xfce4-session-WARNING **: 11:23:24.748: xfsm_manager_load_session: Something wrong with /home/is28/lobanov28/.cache/sessions/xfce4-session-virt-1:8, Does it exist? Permissions issue?

(xfwm4:61589): xfwm4-WARNING **: 11:23:24.790: The display does not support the XRender extension.

(xfwm4:61589): xfwm4-WARNING **: 11:23:24.790: The display does not support the XComposite extension.

(xfwm4:61589): xfwm4-WARNING **: 11:23:24.790: The display does not support the XDamage extension.

(xfwm4:61589): xfwm4-WARNING **: 11:23:24.790: The display does not support the XFixes extension.

(xfwm4:61589): xfwm4-WARNING **: 11:23:24.790: Compositing manager disabled.
(uint32 1,)

** (light-locker:61598): ERROR **: 11:23:24.834: Environment variable XDG_SESSION_PATH not set. Is LightDM running?

(polkit-gnome-authentication-agent-1:61600): GLib-CRITICAL **: 11:23:24.847: g_variant_new_string: assertion 'string != NULL' failed

(polkit-gnome-authentication-agent-1:61600): polkit-gnome-1-WARNING **: 11:23:24.847: Failed to register client: GDBus.Error:org.freedesktop.DBus.Error.ServiceUnknown: The name org.gnome.SessionManager was not provided by any .service files
xfwm4-Message: 11:23:24.993: Unsupported keyboard modifier '<Super>Tab'

(xfsettingsd:61603): xfsettingsd-CRITICAL **: 11:23:24.994: RANDR extension is too old, version 1.1. Display settings won't be applied.
Xlib:  extension "XInputExtension" missing on display ":8.0".

(xfsettingsd:61603): xfsettingsd-CRITICAL **: 11:23:24.995: XI is not present.

(xfsettingsd:61603): xfsettingsd-CRITICAL **: 11:23:24.995: Failed to initialize the Xkb extension.

(xfsettingsd:61603): xfsettingsd-CRITICAL **: 11:23:25.000: Failed to initialize the Accessibility extension.
xfwm4-Message: 11:23:25.099: Unsupported keyboard modifier '<Super>Tab'

(nm-applet:61708): Gtk-WARNING **: 11:23:25.417: Can't set a parent on widget which has a parent

(nm-applet:61708): Gdk-CRITICAL **: 11:23:25.578: gdk_window_thaw_toplevel_updates: assertion 'window->update_and_descendants_freeze_count > 0' failed

Fri Nov  8 11:23:31 2019
 Connections: accepted: 0.0.0.0::50069
 SConnection: Client needs protocol version 3.8
 SConnection: Client requests security type VncAuth(2)

Fri Nov  8 11:23:36 2019
 VNCSConnST:  Server default pixel format depth 16 (16bpp) little-endian rgb565
 VNCSConnST:  Client pixel format depth 16 (16bpp) little-endian rgb565
/usr/lib/python3/dist-packages/blueman/plugins/applet/AppIndicator.py:8: PyGIWarning: AppIndicator3 was imported without specifying a version first. Use gi.require_version('AppIndicator3', '0.1') before import to ensure that the right version gets loaded.
  from gi.repository import AppIndicator3 as girAppIndicator
ERROR:dbus.proxies:Introspect error on org.bluez:/org/bluez: dbus.exceptions.DBusException: org.freedesktop.DBus.Error.AccessDenied: Rejected send message, 2 matched rules; type="method_call", sender=":1.2550" (uid=1276 pid=61695 comm="/usr/bin/python3 /usr/bin/blueman-applet " label="unconfined") interface="org.freedesktop.DBus.Introspectable" member="Introspect" error name="(unset)" requested_reply="0" destination="org.bluez" (bus)
ERROR:dbus.proxies:Introspect error on org.bluez:/: dbus.exceptions.DBusException: org.freedesktop.DBus.Error.AccessDenied: Rejected send message, 2 matched rules; type="method_call", sender=":1.2550" (uid=1276 pid=61695 comm="/usr/bin/python3 /usr/bin/blueman-applet " label="unconfined") interface="org.freedesktop.DBus.Introspectable" member="Introspect" error name="(unset)" requested_reply="0" destination="org.bluez" (bus)
ERROR:dbus.proxies:Introspect error on org.bluez:/: dbus.exceptions.DBusException: org.freedesktop.DBus.Error.AccessDenied: Rejected send message, 2 matched rules; type="method_call", sender=":1.2550" (uid=1276 pid=61695 comm="/usr/bin/python3 /usr/bin/blueman-applet " label="unconfined") interface="org.freedesktop.DBus.Introspectable" member="Introspect" error name="(unset)" requested_reply="0" destination="org.bluez" (bus)

(wrapper-1.0:61753): Gdk-WARNING **: 11:23:50.498: /build/gtk+2.0-AoeliP/gtk+2.0-2.24.32/gdk/x11/gdkdrawable-x11.c:952 drawable is not a pixmap or window

(Thunar:61595): Gdk-WARNING **: 11:24:24.637: gdk_window_set_icon_list: icons too large
Xlib:  extension "XINERAMA" missing on display ":8.0".
func=xmlSecCheckVersionExt:file=xmlsec.c:line=188:obj=unknown:subj=unknown:error=19:invalid version:mode=abi compatible;expected minor version=2;real minor version=2;expected subminor version=25;real subminor version=26

(Thunar:61595): Gdk-WARNING **: 11:26:48.463: gdk_window_set_icon_list: icons too large
func=xmlSecCheckVersionExt:file=xmlsec.c:line=188:obj=unknown:subj=unknown:error=19:invalid version:mode=abi compatible;expected minor version=2;real minor version=2;expected subminor version=25;real subminor version=26

(Thunar:61595): Gdk-WARNING **: 11:32:08.181: gdk_window_set_icon_list: icons too large

Fri Nov  8 11:35:41 2019
 XserverDesktop: Added unknown keysym 0xff67 to keycode 255

(xfce4-terminal:63034): Gdk-CRITICAL **: 11:35:41.247: gdk_window_get_window_type: assertion 'GDK_IS_WINDOW (window)' failed
xfwm4-Message: 11:35:41.499: Unsupported keyboard modifier '<Super>Tab'

Fri Nov  8 12:41:22 2019
 Connections: closed: 0.0.0.0::50069 (Clean disconnection)
 SMsgWriter:  framebuffer updates 12221
 SMsgWriter:    copyRect rects 6407, bytes 102512
 SMsgWriter:    hextile rects 34614, bytes 96378514
 SMsgWriter:    raw bytes equivalent 850497344, compression ratio 8.824553
