
Xvnc Free Edition 4.1.1 - built Feb 25 2015 23:02:21
Copyright (C) 2002-2005 RealVNC Ltd.
See http://www.realvnc.com for information on VNC.
Underlying X server release 40300000, The XFree86 Project, Inc


Fri Oct  4 11:39:20 2019
 vncext:      VNC extension running!
 vncext:      Listening for VNC connections on port 5924
 vncext:      created VNC server for screen 0
error opening security policy file /etc/X11/xserver/SecurityPolicy
Could not init font path element /usr/X11R6/lib/X11/fonts/Type1/, removing from list!
Could not init font path element /usr/X11R6/lib/X11/fonts/Speedo/, removing from list!
Could not init font path element /usr/X11R6/lib/X11/fonts/misc/, removing from list!
Could not init font path element /usr/X11R6/lib/X11/fonts/75dpi/, removing from list!
Could not init font path element /usr/X11R6/lib/X11/fonts/100dpi/, removing from list!
Could not init font path element /usr/share/fonts/X11/75dpi/, removing from list!
Could not init font path element /usr/share/fonts/X11/100dpi/, removing from list!

(x-window-manager:11587): xfwm4-WARNING **: 11:39:23.733: The display does not support the XRender extension.

(x-window-manager:11587): xfwm4-WARNING **: 11:39:23.733: The display does not support the XComposite extension.

(x-window-manager:11587): xfwm4-WARNING **: 11:39:23.733: The display does not support the XDamage extension.

(x-window-manager:11587): xfwm4-WARNING **: 11:39:23.733: The display does not support the XFixes extension.

(x-window-manager:11587): xfwm4-WARNING **: 11:39:23.733: Compositing manager disabled.
Failed to connect to session manager: Failed to connect to the session manager: SESSION_MANAGER environment variable not defined
xfwm4-Message: 11:39:23.899: Unsupported keyboard modifier '<Super>Tab'

(x-window-manager:11587): xfwm4-WARNING **: 11:39:23.906: Failed to connect to session manager: Failed to connect to the session manager: SESSION_MANAGER environment variable not defined

Fri Oct  4 11:39:32 2019
 Connections: accepted: 0.0.0.0::50063
 SConnection: Client needs protocol version 3.8
 SConnection: Client requests security type VncAuth(2)

Fri Oct  4 11:39:36 2019
 VNCSConnST:  Server default pixel format depth 16 (16bpp) little-endian rgb565
 VNCSConnST:  Client pixel format depth 16 (16bpp) little-endian rgb565

Fri Oct  4 11:56:10 2019
 XserverDesktop: Added unknown keysym 0x6da to keycode 255
 XserverDesktop: Added unknown keysym 0x6c1 to keycode 254

Fri Oct  4 11:56:11 2019
 XserverDesktop: Added unknown keysym 0x6c4 to keycode 253
xfwm4-Message: 11:56:11.313: Unsupported keyboard modifier '<Super>Tab'

Fri Oct  4 11:56:16 2019
 XserverDesktop: Added unknown keysym 0x6ce to keycode 252
 XserverDesktop: Added unknown keysym 0x6c9 to keycode 251
 XserverDesktop: Added unknown keysym 0x6c5 to keycode 250
xfwm4-Message: 11:56:17.121: Unsupported keyboard modifier '<Super>Tab'

Fri Oct  4 12:10:56 2019
 Connections: closed: 0.0.0.0::50063 (Clean disconnection)
 SMsgWriter:  framebuffer updates 2890
 SMsgWriter:    copyRect rects 785, bytes 12560
 SMsgWriter:    hextile rects 12688, bytes 29046916
 SMsgWriter:    raw bytes equivalent 409308420, compression ratio 14.091287
x-window-manager: Fatal IO error 11 (Resource temporarily unavailable) on X server :24.
