
Xvnc Free Edition 4.1.1 - built Feb 25 2015 23:02:21
Copyright (C) 2002-2005 RealVNC Ltd.
See http://www.realvnc.com for information on VNC.
Underlying X server release 40300000, The XFree86 Project, Inc


Fri Oct 18 11:15:18 2019
 vncext:      VNC extension running!
 vncext:      Listening for VNC connections on port 5922
 vncext:      created VNC server for screen 0
error opening security policy file /etc/X11/xserver/SecurityPolicy
Could not init font path element /usr/X11R6/lib/X11/fonts/Type1/, removing from list!
Could not init font path element /usr/X11R6/lib/X11/fonts/Speedo/, removing from list!
Could not init font path element /usr/X11R6/lib/X11/fonts/misc/, removing from list!
Could not init font path element /usr/X11R6/lib/X11/fonts/75dpi/, removing from list!
Could not init font path element /usr/X11R6/lib/X11/fonts/100dpi/, removing from list!
Could not init font path element /usr/share/fonts/X11/75dpi/, removing from list!
Could not init font path element /usr/share/fonts/X11/100dpi/, removing from list!

(x-window-manager:60281): xfwm4-WARNING **: 11:15:21.654: The display does not support the XRender extension.

(x-window-manager:60281): xfwm4-WARNING **: 11:15:21.654: The display does not support the XComposite extension.

(x-window-manager:60281): xfwm4-WARNING **: 11:15:21.654: The display does not support the XDamage extension.

(x-window-manager:60281): xfwm4-WARNING **: 11:15:21.654: The display does not support the XFixes extension.

(x-window-manager:60281): xfwm4-WARNING **: 11:15:21.654: Compositing manager disabled.
xfwm4-Message: 11:15:21.766: Unsupported keyboard modifier '<Super>Tab'

(x-window-manager:60281): xfwm4-WARNING **: 11:15:21.777: Failed to connect to session manager: Failed to connect to the session manager: SESSION_MANAGER environment variable not defined
Failed to connect to session manager: Failed to connect to the session manager: SESSION_MANAGER environment variable not defined

Fri Oct 18 11:15:26 2019
 Connections: accepted: 0.0.0.0::50632
 SConnection: Client needs protocol version 3.8
 SConnection: Client requests security type VncAuth(2)

Fri Oct 18 11:15:29 2019
 VNCSConnST:  Server default pixel format depth 16 (16bpp) little-endian rgb565
 VNCSConnST:  Client pixel format depth 16 (16bpp) little-endian rgb565

Fri Oct 18 11:31:30 2019
 XserverDesktop: Added unknown keysym 0x6d7 to keycode 255
xfwm4-Message: 11:31:30.776: Unsupported keyboard modifier '<Super>Tab'
 XserverDesktop: Added unknown keysym 0x6c5 to keycode 254
 XserverDesktop: Added unknown keysym 0x6c4 to keycode 253

Fri Oct 18 11:31:31 2019
 XserverDesktop: Added unknown keysym 0x6c9 to keycode 252
 XserverDesktop: Added unknown keysym 0x6d4 to keycode 251
xfwm4-Message: 11:31:31.483: Unsupported keyboard modifier '<Super>Tab'
x-window-manager: Fatal IO error 4 (Interrupted system call) on X server :22.
