
Xvnc Free Edition 4.1.1 - built Feb 25 2015 23:02:21
Copyright (C) 2002-2005 RealVNC Ltd.
See http://www.realvnc.com for information on VNC.
Underlying X server release 40300000, The XFree86 Project, Inc


Fri Oct  4 12:11:50 2019
 vncext:      VNC extension running!
 vncext:      Listening for VNC connections on port 5932
 vncext:      created VNC server for screen 0
error opening security policy file /etc/X11/xserver/SecurityPolicy
Could not init font path element /usr/X11R6/lib/X11/fonts/Type1/, removing from list!
Could not init font path element /usr/X11R6/lib/X11/fonts/Speedo/, removing from list!
Could not init font path element /usr/X11R6/lib/X11/fonts/misc/, removing from list!
Could not init font path element /usr/X11R6/lib/X11/fonts/75dpi/, removing from list!
Could not init font path element /usr/X11R6/lib/X11/fonts/100dpi/, removing from list!
Could not init font path element /usr/share/fonts/X11/75dpi/, removing from list!
Could not init font path element /usr/share/fonts/X11/100dpi/, removing from list!

(x-window-manager:17343): xfwm4-WARNING **: 12:11:53.463: The display does not support the XRender extension.

(x-window-manager:17343): xfwm4-WARNING **: 12:11:53.463: The display does not support the XComposite extension.

(x-window-manager:17343): xfwm4-WARNING **: 12:11:53.463: The display does not support the XDamage extension.

(x-window-manager:17343): xfwm4-WARNING **: 12:11:53.463: The display does not support the XFixes extension.

(x-window-manager:17343): xfwm4-WARNING **: 12:11:53.463: Compositing manager disabled.
Failed to connect to session manager: Failed to connect to the session manager: SESSION_MANAGER environment variable not defined
xfwm4-Message: 12:11:53.512: Unsupported keyboard modifier '<Super>Tab'

(x-window-manager:17343): xfwm4-WARNING **: 12:11:53.522: Failed to connect to session manager: Failed to connect to the session manager: SESSION_MANAGER environment variable not defined

Fri Oct  4 12:12:00 2019
 Connections: accepted: 0.0.0.0::50142
 SConnection: Client needs protocol version 3.8
 SConnection: Client requests security type VncAuth(2)

Fri Oct  4 12:12:04 2019
 VNCSConnST:  Server default pixel format depth 16 (16bpp) little-endian rgb565
 VNCSConnST:  Client pixel format depth 16 (16bpp) little-endian rgb565
AUDIT: Fri Oct  4 12:17:10 2019: 17335 Xvnc4: client 6 rejected from local host
AUDIT: Fri Oct  4 12:18:39 2019: 17335 Xvnc4: client 6 rejected from local host

Fri Oct  4 12:20:22 2019
 Connections: closed: 0.0.0.0::50142 (Clean disconnection)
 SMsgWriter:  framebuffer updates 2709
 SMsgWriter:    copyRect rects 3423, bytes 54768
 SMsgWriter:    hextile rects 13028, bytes 10517569
 SMsgWriter:    raw bytes equivalent 155462570, compression ratio 14.781227

Fri Oct  4 12:20:42 2019
 Connections: accepted: 0.0.0.0::50153
 SConnection: Client needs protocol version 3.8
 SConnection: Client requests security type VncAuth(2)

Fri Oct  4 12:20:45 2019
 VNCSConnST:  Server default pixel format depth 16 (16bpp) little-endian rgb565

Fri Oct  4 12:20:46 2019
 VNCSConnST:  Client pixel format depth 16 (16bpp) little-endian rgb565
 VNCSConnST:  Client pixel format depth 16 (16bpp) little-endian rgb565

Fri Oct  4 12:20:49 2019
 Connections: closed: 0.0.0.0::50153 (Clean disconnection)
 SMsgWriter:  framebuffer updates 4
 SMsgWriter:    hextile rects 2, bytes 8342
 SMsgWriter:    ZRLE rects 3, bytes 261
 SMsgWriter:    raw bytes equivalent 8295900, compression ratio 964.303150
x-window-manager: Fatal IO error 4 (Interrupted system call) on X server :32.
