
Xvnc Free Edition 4.1.1 - built Feb 25 2015 23:02:21
Copyright (C) 2002-2005 RealVNC Ltd.
See http://www.realvnc.com for information on VNC.
Underlying X server release 40300000, The XFree86 Project, Inc


Fri Sep 13 08:48:17 2019
 vncext:      VNC extension running!
 vncext:      Listening for VNC connections on port 5952
 vncext:      created VNC server for screen 0
error opening security policy file /etc/X11/xserver/SecurityPolicy
Could not init font path element /usr/X11R6/lib/X11/fonts/Type1/, removing from list!
Could not init font path element /usr/X11R6/lib/X11/fonts/Speedo/, removing from list!
Could not init font path element /usr/X11R6/lib/X11/fonts/misc/, removing from list!
Could not init font path element /usr/X11R6/lib/X11/fonts/75dpi/, removing from list!
Could not init font path element /usr/X11R6/lib/X11/fonts/100dpi/, removing from list!
Could not init font path element /usr/share/fonts/X11/75dpi/, removing from list!
Could not init font path element /usr/share/fonts/X11/100dpi/, removing from list!

(x-window-manager:61403): xfwm4-WARNING **: 08:48:20.247: The display does not support the XRender extension.

(x-window-manager:61403): xfwm4-WARNING **: 08:48:20.247: The display does not support the XComposite extension.

(x-window-manager:61403): xfwm4-WARNING **: 08:48:20.247: The display does not support the XDamage extension.

(x-window-manager:61403): xfwm4-WARNING **: 08:48:20.247: The display does not support the XFixes extension.

(x-window-manager:61403): xfwm4-WARNING **: 08:48:20.247: Compositing manager disabled.
xfwm4-Message: 08:48:20.398: Unsupported keyboard modifier '<Super>Tab'
Failed to connect to session manager: Failed to connect to the session manager: SESSION_MANAGER environment variable not defined
xfwm4-Message: 08:48:20.420: Unsupported keyboard modifier '<Super>Tab'

(x-window-manager:61403): xfwm4-WARNING **: 08:48:20.426: Failed to connect to session manager: Failed to connect to the session manager: SESSION_MANAGER environment variable not defined

Fri Sep 13 08:48:59 2019
 Connections: accepted: 0.0.0.0::50420
 SConnection: Client needs protocol version 3.8
 SConnection: Client requests security type VncAuth(2)

Fri Sep 13 08:49:04 2019
 VNCSConnST:  Server default pixel format depth 16 (16bpp) little-endian rgb565
 VNCSConnST:  Client pixel format depth 16 (16bpp) little-endian rgb565

Fri Sep 13 09:05:52 2019
 XserverDesktop: Added unknown keysym 0x6d4 to keycode 255
xfwm4-Message: 09:05:52.744: Unsupported keyboard modifier '<Super>Tab'
 XserverDesktop: Added unknown keysym 0x6cf to keycode 254
xfwm4-Message: 09:05:53.032: Unsupported keyboard modifier '<Super>Tab'

Fri Sep 13 09:05:53 2019
 XserverDesktop: Added unknown keysym 0x6de to keycode 253
xfwm4-Message: 09:05:53.473: Unsupported keyboard modifier '<Super>Tab'
 XserverDesktop: Added unknown keysym 0x6cb to keycode 252
 XserverDesktop: Added unknown keysym 0x6c1 to keycode 251
xfwm4-Message: 09:05:53.960: Unsupported keyboard modifier '<Super>Tab'

Fri Sep 13 09:05:54 2019
 XserverDesktop: Added unknown keysym 0x6d0 to keycode 250
xfwm4-Message: 09:05:54.304: Unsupported keyboard modifier '<Super>Tab'
 XserverDesktop: Added unknown keysym 0x6d3 to keycode 249
 XserverDesktop: Added unknown keysym 0x6c9 to keycode 248
xfwm4-Message: 09:05:55.024: Unsupported keyboard modifier '<Super>Tab'

Fri Sep 13 09:05:58 2019
 XserverDesktop: Added unknown keysym 0x6d2 to keycode 247
 XserverDesktop: Added unknown keysym 0x6c4 to keycode 246
xfwm4-Message: 09:05:59.223: Unsupported keyboard modifier '<Super>Tab'

Fri Sep 13 09:05:59 2019
 XserverDesktop: Added unknown keysym 0x6ce to keycode 245
xfwm4-Message: 09:05:59.567: Unsupported keyboard modifier '<Super>Tab'
 XserverDesktop: Added unknown keysym 0x6d9 to keycode 244
xfwm4-Message: 09:05:59.919: Unsupported keyboard modifier '<Super>Tab'

Fri Sep 13 09:06:04 2019
 XserverDesktop: Added unknown keysym 0x6ca to keycode 243
xfwm4-Message: 09:06:04.447: Unsupported keyboard modifier '<Super>Tab'

Fri Sep 13 09:06:07 2019
 XserverDesktop: Added unknown keysym 0x6c8 to keycode 242
xfwm4-Message: 09:06:07.791: Unsupported keyboard modifier '<Super>Tab'

Fri Sep 13 09:06:21 2019
 XserverDesktop: Added unknown keysym 0x6dd to keycode 241
xfwm4-Message: 09:06:21.487: Unsupported keyboard modifier '<Super>Tab'

Fri Sep 13 09:06:24 2019
 XserverDesktop: Added unknown keysym 0x6d7 to keycode 240
xfwm4-Message: 09:06:24.912: Unsupported keyboard modifier '<Super>Tab'

Fri Sep 13 09:06:40 2019
 XserverDesktop: Added unknown keysym 0x6c6 to keycode 239
xfwm4-Message: 09:06:40.895: Unsupported keyboard modifier '<Super>Tab'

Fri Sep 13 09:06:46 2019
 XserverDesktop: Added unknown keysym 0xf3 to keycode 238
xfwm4-Message: 09:06:46.775: Unsupported keyboard modifier '<Super>Tab'

Fri Sep 13 09:06:55 2019
 XserverDesktop: Added unknown keysym 0x6db to keycode 237
xfwm4-Message: 09:06:55.375: Unsupported keyboard modifier '<Super>Tab'

(xfce4-terminal:61402): Gdk-CRITICAL **: 09:17:51.976: gdk_window_get_window_type: assertion 'GDK_IS_WINDOW (window)' failed

Fri Sep 13 09:34:49 2019
 XserverDesktop: Added unknown keysym 0x6c5 to keycode 236
xfwm4-Message: 09:34:49.568: Unsupported keyboard modifier '<Super>Tab'

Fri Sep 13 09:34:55 2019
 XserverDesktop: Added unknown keysym 0x6cc to keycode 235
xfwm4-Message: 09:34:56.125: Unsupported keyboard modifier '<Super>Tab'

Fri Sep 13 09:35:15 2019
 XserverDesktop: Added unknown keysym 0x6da to keycode 234
xfwm4-Message: 09:35:15.424: Unsupported keyboard modifier '<Super>Tab'

Fri Sep 13 09:35:21 2019
 XserverDesktop: Added unknown keysym 0x6c2 to keycode 233
xfwm4-Message: 09:35:21.760: Unsupported keyboard modifier '<Super>Tab'

Fri Sep 13 09:38:36 2019
 Connections: closed: 0.0.0.0::50420 (Clean disconnection)
 SMsgWriter:  framebuffer updates 6529
 SMsgWriter:    copyRect rects 2050, bytes 32800
 SMsgWriter:    hextile rects 14616, bytes 27313607
 SMsgWriter:    raw bytes equivalent 524776478, compression ratio 19.213005
x-window-manager: Fatal IO error 4 (Interrupted system call) on X server :52.
