
Xvnc Free Edition 4.1.1 - built Feb 25 2015 23:02:21
Copyright (C) 2002-2005 RealVNC Ltd.
See http://www.realvnc.com for information on VNC.
Underlying X server release 40300000, The XFree86 Project, Inc


Fri Oct 25 11:22:44 2019
 vncext:      VNC extension running!
 vncext:      Listening for VNC connections on port 5918
 vncext:      created VNC server for screen 0
error opening security policy file /etc/X11/xserver/SecurityPolicy
Could not init font path element /usr/X11R6/lib/X11/fonts/Type1/, removing from list!
Could not init font path element /usr/X11R6/lib/X11/fonts/Speedo/, removing from list!
Could not init font path element /usr/X11R6/lib/X11/fonts/misc/, removing from list!
Could not init font path element /usr/X11R6/lib/X11/fonts/75dpi/, removing from list!
Could not init font path element /usr/X11R6/lib/X11/fonts/100dpi/, removing from list!
Could not init font path element /usr/share/fonts/X11/75dpi/, removing from list!
Could not init font path element /usr/share/fonts/X11/100dpi/, removing from list!

(x-window-manager:16796): xfwm4-WARNING **: 11:22:47.411: The display does not support the XRender extension.

(x-window-manager:16796): xfwm4-WARNING **: 11:22:47.412: The display does not support the XComposite extension.

(x-window-manager:16796): xfwm4-WARNING **: 11:22:47.412: The display does not support the XDamage extension.

(x-window-manager:16796): xfwm4-WARNING **: 11:22:47.412: The display does not support the XFixes extension.

(x-window-manager:16796): xfwm4-WARNING **: 11:22:47.412: Compositing manager disabled.
xfwm4-Message: 11:22:47.476: Unsupported keyboard modifier '<Super>Tab'

(x-window-manager:16796): xfwm4-WARNING **: 11:22:47.483: Failed to connect to session manager: Failed to connect to the session manager: SESSION_MANAGER environment variable not defined
Failed to connect to session manager: Failed to connect to the session manager: SESSION_MANAGER environment variable not defined

Fri Oct 25 11:23:10 2019
 Connections: accepted: 0.0.0.0::50128
 SConnection: Client needs protocol version 3.8
 SConnection: Client requests security type VncAuth(2)

Fri Oct 25 11:23:20 2019
 VNCSConnST:  Server default pixel format depth 16 (16bpp) little-endian rgb565
 VNCSConnST:  Client pixel format depth 16 (16bpp) little-endian rgb565

Fri Oct 25 11:27:32 2019
 XserverDesktop: Added unknown keysym 0x6f6 to keycode 255
xfwm4-Message: 11:27:32.519: Unsupported keyboard modifier '<Super>Tab'

Fri Oct 25 11:27:43 2019
 XserverDesktop: Added unknown keysym 0x6c1 to keycode 254
xfwm4-Message: 11:27:43.446: Unsupported keyboard modifier '<Super>Tab'

Fri Oct 25 11:29:08 2019
 XserverDesktop: Added unknown keysym 0x6d1 to keycode 253
xfwm4-Message: 11:29:08.838: Unsupported keyboard modifier '<Super>Tab'
 XserverDesktop: Added unknown keysym 0x6c6 to keycode 252
xfwm4-Message: 11:29:09.157: Unsupported keyboard modifier '<Super>Tab'

Fri Oct 25 12:12:20 2019
 XserverDesktop: Added unknown keysym 0x6fc to keycode 251
xfwm4-Message: 12:12:20.986: Unsupported keyboard modifier '<Super>Tab'

Fri Oct 25 12:12:26 2019
 XserverDesktop: Added unknown keysym 0x6f7 to keycode 250
xfwm4-Message: 12:12:26.642: Unsupported keyboard modifier '<Super>Tab'

Fri Oct 25 12:12:28 2019
 XserverDesktop: Added unknown keysym 0x6c5 to keycode 249
xfwm4-Message: 12:12:28.297: Unsupported keyboard modifier '<Super>Tab'
 XserverDesktop: Added unknown keysym 0x6c4 to keycode 248
xfwm4-Message: 12:12:28.833: Unsupported keyboard modifier '<Super>Tab'
 XserverDesktop: Added unknown keysym 0x6c9 to keycode 247

Fri Oct 25 12:12:29 2019
 XserverDesktop: Added unknown keysym 0x6d4 to keycode 246
xfwm4-Message: 12:12:29.265: Unsupported keyboard modifier '<Super>Tab'
 XserverDesktop: Added unknown keysym 0x6d3 to keycode 245
xfwm4-Message: 12:12:29.769: Unsupported keyboard modifier '<Super>Tab'

Fri Oct 25 12:12:30 2019
 XserverDesktop: Added unknown keysym 0x6d2 to keycode 244
 XserverDesktop: Added unknown keysym 0x6cf to keycode 243
 XserverDesktop: Added unknown keysym 0x6cb to keycode 242
 XserverDesktop: Added unknown keysym 0xf3 to keycode 241
xfwm4-Message: 12:12:31.137: Unsupported keyboard modifier '<Super>Tab'

Fri Oct 25 12:12:56 2019
 XserverDesktop: Added unknown keysym 0x6de to keycode 240
xfwm4-Message: 12:12:56.377: Unsupported keyboard modifier '<Super>Tab'

Fri Oct 25 12:23:18 2019
 XserverDesktop: Added unknown keysym 0x6f0 to keycode 239
xfwm4-Message: 12:23:18.881: Unsupported keyboard modifier '<Super>Tab'

Fri Oct 25 12:33:23 2019
 XserverDesktop: Added unknown keysym 0x6da to keycode 238
xfwm4-Message: 12:33:24.040: Unsupported keyboard modifier '<Super>Tab'

Fri Oct 25 12:33:24 2019
 XserverDesktop: Added unknown keysym 0x6ce to keycode 237
xfwm4-Message: 12:33:24.513: Unsupported keyboard modifier '<Super>Tab'

Fri Oct 25 12:38:49 2019
 Connections: closed: 0.0.0.0::50128 (Clean disconnection)
 SMsgWriter:  framebuffer updates 16507
 SMsgWriter:    copyRect rects 5396, bytes 86336
 SMsgWriter:    hextile rects 48953, bytes 65921375
 SMsgWriter:    raw bytes equivalent 929258034, compression ratio 14.096460
x-window-manager: Fatal IO error 4 (Interrupted system call) on X server :18.
