
Xvnc Free Edition 4.1.1 - built Feb 25 2015 23:02:21
Copyright (C) 2002-2005 RealVNC Ltd.
See http://www.realvnc.com for information on VNC.
Underlying X server release 40300000, The XFree86 Project, Inc


Fri Oct  4 11:54:07 2019
 vncext:      VNC extension running!
 vncext:      Listening for VNC connections on port 5929
 vncext:      created VNC server for screen 0
error opening security policy file /etc/X11/xserver/SecurityPolicy
Could not init font path element /usr/X11R6/lib/X11/fonts/Type1/, removing from list!
Could not init font path element /usr/X11R6/lib/X11/fonts/Speedo/, removing from list!
Could not init font path element /usr/X11R6/lib/X11/fonts/misc/, removing from list!
Could not init font path element /usr/X11R6/lib/X11/fonts/75dpi/, removing from list!
Could not init font path element /usr/X11R6/lib/X11/fonts/100dpi/, removing from list!
Could not init font path element /usr/share/fonts/X11/75dpi/, removing from list!
Could not init font path element /usr/share/fonts/X11/100dpi/, removing from list!

(x-window-manager:14999): xfwm4-WARNING **: 11:54:10.595: The display does not support the XRender extension.

(x-window-manager:14999): xfwm4-WARNING **: 11:54:10.595: The display does not support the XComposite extension.

(x-window-manager:14999): xfwm4-WARNING **: 11:54:10.596: The display does not support the XDamage extension.

(x-window-manager:14999): xfwm4-WARNING **: 11:54:10.596: The display does not support the XFixes extension.

(x-window-manager:14999): xfwm4-WARNING **: 11:54:10.596: Compositing manager disabled.
xfwm4-Message: 11:54:10.633: Unsupported keyboard modifier '<Super>Tab'

(x-window-manager:14999): xfwm4-WARNING **: 11:54:10.641: Failed to connect to session manager: Failed to connect to the session manager: SESSION_MANAGER environment variable not defined
Failed to connect to session manager: Failed to connect to the session manager: SESSION_MANAGER environment variable not defined

Fri Oct  4 11:54:20 2019
 Connections: accepted: 0.0.0.0::49396
 SConnection: Client needs protocol version 3.8
 SConnection: Client requests security type VncAuth(2)

Fri Oct  4 11:54:24 2019
 VNCSConnST:  Server default pixel format depth 16 (16bpp) little-endian rgb565
 VNCSConnST:  Client pixel format depth 16 (16bpp) little-endian rgb565

Fri Oct  4 12:00:15 2019
 Connections: accepted: 0.0.0.0::56235
 SConnection: Client needs protocol version 3.8
 SConnection: Client requests security type VncAuth(2)

Fri Oct  4 12:00:33 2019
 VNCSConnST:  Server default pixel format depth 16 (16bpp) little-endian rgb565
 VNCSConnST:  Client pixel format depth 16 (16bpp) little-endian rgb565

(xfce4-terminal:14998): Gdk-CRITICAL **: 12:05:28.562: gdk_window_get_window_type: assertion 'GDK_IS_WINDOW (window)' failed

Fri Oct  4 12:11:07 2019
 Connections: accepted: 0.0.0.0::50136
 SConnection: Client needs protocol version 3.8
 SConnection: Client requests security type VncAuth(2)

Fri Oct  4 12:11:11 2019
 SConnection: AuthFailureException: Authentication failure
 Connections: closed: 0.0.0.0::50136 (Authentication failure)

Fri Oct  4 12:21:32 2019
 XserverDesktop: Added unknown keysym 0x6d0 to keycode 255
 XserverDesktop: Added unknown keysym 0x6c1 to keycode 254
xfwm4-Message: 12:21:32.663: Unsupported keyboard modifier '<Super>Tab'

Fri Oct  4 12:21:33 2019
 XserverDesktop: Added unknown keysym 0x6fc to keycode 253
 XserverDesktop: Added unknown keysym 0x6f6 to keycode 252
xfwm4-Message: 12:21:33.783: Unsupported keyboard modifier '<Super>Tab'

Fri Oct  4 12:21:41 2019
 XserverDesktop: Added unknown keysym 0x6cc to keycode 251

Fri Oct  4 12:21:42 2019
 XserverDesktop: Added unknown keysym 0x6c9 to keycode 250
xfwm4-Message: 12:21:42.438: Unsupported keyboard modifier '<Super>Tab'
 XserverDesktop: Added unknown keysym 0x6ce to keycode 249
xfwm4-Message: 12:21:43.143: Unsupported keyboard modifier '<Super>Tab'

Fri Oct  4 12:21:44 2019
 XserverDesktop: Added unknown keysym 0x6c4 to keycode 248
xfwm4-Message: 12:21:44.887: Unsupported keyboard modifier '<Super>Tab'
 XserverDesktop: Added unknown keysym 0x6d2 to keycode 247

Fri Oct  4 12:21:45 2019
 XserverDesktop: Added unknown keysym 0x6cf to keycode 246
 XserverDesktop: Added unknown keysym 0x6cd to keycode 245
xfwm4-Message: 12:21:45.543: Unsupported keyboard modifier '<Super>Tab'

Fri Oct  4 12:21:49 2019
 XserverDesktop: Added unknown keysym 0x6cb to keycode 244
xfwm4-Message: 12:21:49.407: Unsupported keyboard modifier '<Super>Tab'

Fri Oct  4 12:21:50 2019
 XserverDesktop: Added unknown keysym 0xf3 to keycode 243
xfwm4-Message: 12:21:50.431: Unsupported keyboard modifier '<Super>Tab'

Fri Oct  4 12:21:52 2019
 XserverDesktop: Added unknown keysym 0x6d9 to keycode 242
xfwm4-Message: 12:21:52.951: Unsupported keyboard modifier '<Super>Tab'

Fri Oct  4 12:22:10 2019
 XserverDesktop: Added unknown keysym 0x6c5 to keycode 241
xfwm4-Message: 12:22:10.438: Unsupported keyboard modifier '<Super>Tab'

Fri Oct  4 12:38:57 2019
 Connections: closed: 0.0.0.0::49396 (Clean disconnection)
 SMsgWriter:  framebuffer updates 7137
 SMsgWriter:    copyRect rects 5345, bytes 85520
 SMsgWriter:    hextile rects 22964, bytes 40515390
 SMsgWriter:    raw bytes equivalent 544643778, compression ratio 13.442886

Fri Oct  4 12:47:33 2019
 Connections: closed: 0.0.0.0::56235 (read: Connection reset by peer (104))
 SMsgWriter:  framebuffer updates 459
 SMsgWriter:    copyRect rects 143, bytes 2288
 SMsgWriter:    hextile rects 1213, bytes 19836155
 SMsgWriter:    raw bytes equivalent 397287036, compression ratio 20.028430
x-window-manager: Fatal IO error 4 (Interrupted system call) on X server :29.
