
Xvnc Free Edition 4.1.1 - built Feb 25 2015 23:02:21
Copyright (C) 2002-2005 RealVNC Ltd.
See http://www.realvnc.com for information on VNC.
Underlying X server release 40300000, The XFree86 Project, Inc


Thu Mar 12 09:48:55 2020
 vncext:      VNC extension running!
 vncext:      Listening for VNC connections on port 5915
 vncext:      created VNC server for screen 0
error opening security policy file /etc/X11/xserver/SecurityPolicy
Could not init font path element /usr/X11R6/lib/X11/fonts/Type1/, removing from list!
Could not init font path element /usr/X11R6/lib/X11/fonts/Speedo/, removing from list!
Could not init font path element /usr/X11R6/lib/X11/fonts/misc/, removing from list!
Could not init font path element /usr/X11R6/lib/X11/fonts/75dpi/, removing from list!
Could not init font path element /usr/X11R6/lib/X11/fonts/100dpi/, removing from list!
Could not init font path element /usr/share/fonts/X11/75dpi/, removing from list!
Could not init font path element /usr/share/fonts/X11/100dpi/, removing from list!
xrdb: No such file or directory
xrdb: can't open file '/home/is28/fomin28/.Xresources'
/usr/bin/startxfce4: X server already running on display :15
gpg-agent[10697]: WARNING: "--write-env-file" is an obsolete option - it has no effect
gpg-agent: a gpg-agent is already running - not starting a new one

(xfce4-session:10687): xfce4-session-WARNING **: 09:48:58.419: gpg-agent returned no PID in the variables

(xfce4-session:10687): xfce4-session-WARNING **: 09:48:58.425: xfsm_manager_load_session: Something wrong with /home/is28/fomin28/.cache/sessions/xfce4-session-virt-1:15, Does it exist? Permissions issue?

(xfwm4:10701): xfwm4-WARNING **: 09:48:58.451: The display does not support the XRender extension.

(xfwm4:10701): xfwm4-WARNING **: 09:48:58.451: The display does not support the XComposite extension.

(xfwm4:10701): xfwm4-WARNING **: 09:48:58.451: The display does not support the XDamage extension.

(xfwm4:10701): xfwm4-WARNING **: 09:48:58.451: The display does not support the XFixes extension.

(xfwm4:10701): xfwm4-WARNING **: 09:48:58.451: Compositing manager disabled.
(uint32 1,)

** (light-locker:10711): ERROR **: 09:48:58.535: Environment variable XDG_SESSION_PATH not set. Is LightDM running?

(xfsettingsd:10710): xfsettingsd-CRITICAL **: 09:48:58.536: RANDR extension is too old, version 1.1. Display settings won't be applied.
Xlib:  extension "XInputExtension" missing on display ":15.0".

(xfsettingsd:10710): xfsettingsd-CRITICAL **: 09:48:58.538: XI is not present.

(xfsettingsd:10710): xfsettingsd-CRITICAL **: 09:48:58.539: Failed to initialize the Xkb extension.

(xfsettingsd:10710): xfsettingsd-CRITICAL **: 09:48:58.541: Failed to initialize the Accessibility extension.

(polkit-gnome-authentication-agent-1:10713): GLib-CRITICAL **: 09:48:58.564: g_variant_new_string: assertion 'string != NULL' failed

(polkit-gnome-authentication-agent-1:10713): polkit-gnome-1-WARNING **: 09:48:58.566: Failed to register client: GDBus.Error:org.freedesktop.DBus.Error.ServiceUnknown: The name org.gnome.SessionManager was not provided by any .service files
xfwm4-Message: 09:48:58.663: Unsupported keyboard modifier '<Super>Tab'
xfwm4-Message: 09:48:58.736: Unsupported keyboard modifier '<Super>Tab'

(nm-applet:10771): Gtk-WARNING **: 09:48:58.923: Can't set a parent on widget which has a parent

(nm-applet:10771): Gdk-CRITICAL **: 09:48:59.069: gdk_window_thaw_toplevel_updates: assertion 'window->update_and_descendants_freeze_count > 0' failed

Thu Mar 12 09:49:11 2020
 Connections: accepted: 0.0.0.0::49326
 SConnection: Client needs protocol version 3.8
 SConnection: Client requests security type VncAuth(2)

Thu Mar 12 09:49:15 2020
 VNCSConnST:  Server default pixel format depth 16 (16bpp) little-endian rgb565
 VNCSConnST:  Client pixel format depth 16 (16bpp) little-endian rgb565

(Thunar:10707): Gdk-WARNING **: 09:49:21.724: gdk_window_set_icon_list: icons too large
/usr/lib/python3/dist-packages/blueman/plugins/applet/AppIndicator.py:8: PyGIWarning: AppIndicator3 was imported without specifying a version first. Use gi.require_version('AppIndicator3', '0.1') before import to ensure that the right version gets loaded.
  from gi.repository import AppIndicator3 as girAppIndicator
ERROR:dbus.proxies:Introspect error on org.bluez:/org/bluez: dbus.exceptions.DBusException: org.freedesktop.DBus.Error.AccessDenied: Rejected send message, 2 matched rules; type="method_call", sender=":1.541" (uid=1286 pid=10760 comm="/usr/bin/python3 /usr/bin/blueman-applet " label="unconfined") interface="org.freedesktop.DBus.Introspectable" member="Introspect" error name="(unset)" requested_reply="0" destination="org.bluez" (bus)
ERROR:dbus.proxies:Introspect error on org.bluez:/: dbus.exceptions.DBusException: org.freedesktop.DBus.Error.AccessDenied: Rejected send message, 2 matched rules; type="method_call", sender=":1.541" (uid=1286 pid=10760 comm="/usr/bin/python3 /usr/bin/blueman-applet " label="unconfined") interface="org.freedesktop.DBus.Introspectable" member="Introspect" error name="(unset)" requested_reply="0" destination="org.bluez" (bus)
ERROR:dbus.proxies:Introspect error on org.bluez:/: dbus.exceptions.DBusException: org.freedesktop.DBus.Error.AccessDenied: Rejected send message, 2 matched rules; type="method_call", sender=":1.541" (uid=1286 pid=10760 comm="/usr/bin/python3 /usr/bin/blueman-applet " label="unconfined") interface="org.freedesktop.DBus.Introspectable" member="Introspect" error name="(unset)" requested_reply="0" destination="org.bluez" (bus)

(Thunar:10707): Gdk-WARNING **: 09:52:50.398: gdk_window_set_icon_list: icons too large

Thu Mar 12 10:00:44 2020
 XserverDesktop: Added unknown keysym 0x6fc to keycode 255
xfwm4-Message: 10:00:45.159: Unsupported keyboard modifier '<Super>Tab'

Thu Mar 12 10:00:49 2020
 XserverDesktop: Added unknown keysym 0x6fa to keycode 254
 XserverDesktop: Added unknown keysym 0x6c1 to keycode 253
xfwm4-Message: 10:00:50.247: Unsupported keyboard modifier '<Super>Tab'

Thu Mar 12 10:00:50 2020
 XserverDesktop: Added unknown keysym 0x6d0 to keycode 252
xfwm4-Message: 10:00:50.559: Unsupported keyboard modifier '<Super>Tab'

Thu Mar 12 10:00:51 2020
 XserverDesktop: Added unknown keysym 0x6cf to keycode 251
 XserverDesktop: Added unknown keysym 0x6cc to keycode 250
xfwm4-Message: 10:00:51.504: Unsupported keyboard modifier '<Super>Tab'
 XserverDesktop: Added unknown keysym 0x6ce to keycode 249
xfwm4-Message: 10:00:51.823: Unsupported keyboard modifier '<Super>Tab'
 XserverDesktop: Added unknown keysym 0x6c9 to keycode 248
xfwm4-Message: 10:00:52.135: Unsupported keyboard modifier '<Super>Tab'

Thu Mar 12 10:00:52 2020
 XserverDesktop: Added unknown keysym 0x6d4 to keycode 247
xfwm4-Message: 10:00:52.519: Unsupported keyboard modifier '<Super>Tab'

Thu Mar 12 10:00:53 2020
 XserverDesktop: Added unknown keysym 0x6c5 to keycode 246
xfwm4-Message: 10:00:53.495: Unsupported keyboard modifier '<Super>Tab'

Thu Mar 12 10:00:54 2020
 XserverDesktop: Added unknown keysym 0x6c2 to keycode 245
xfwm4-Message: 10:00:55.111: Unsupported keyboard modifier '<Super>Tab'

Thu Mar 12 10:00:55 2020
 XserverDesktop: Added unknown keysym 0x6c3 to keycode 244
xfwm4-Message: 10:00:55.679: Unsupported keyboard modifier '<Super>Tab'
 XserverDesktop: Added unknown keysym 0xf3 to keycode 243
xfwm4-Message: 10:00:56.134: Unsupported keyboard modifier '<Super>Tab'

(gedit:14990): Gtk-WARNING **: 10:02:03.671: Calling org.xfce.Session.Manager.Inhibit failed: GDBus.Error:org.freedesktop.DBus.Error.UnknownMethod: Method "Inhibit" with signature "susu" on interface "org.xfce.Session.Manager" doesn't exist


Thu Mar 12 10:06:21 2020
 XserverDesktop: Added unknown keysym 0x6e4 to keycode 242
xfwm4-Message: 10:06:22.123: Unsupported keyboard modifier '<Super>Tab'

Thu Mar 12 10:06:29 2020
 XserverDesktop: Added unknown keysym 0x6e0 to keycode 241
xfwm4-Message: 10:06:29.707: Unsupported keyboard modifier '<Super>Tab'

Thu Mar 12 10:10:27 2020
 XserverDesktop: Added unknown keysym 0x6eb to keycode 240
xfwm4-Message: 10:10:27.510: Unsupported keyboard modifier '<Super>Tab'

Thu Mar 12 10:10:28 2020
 XserverDesktop: Added unknown keysym 0x6d3 to keycode 239
xfwm4-Message: 10:10:29.134: Unsupported keyboard modifier '<Super>Tab'

Thu Mar 12 10:10:31 2020
 XserverDesktop: Added unknown keysym 0x6d9 to keycode 238
xfwm4-Message: 10:10:31.487: Unsupported keyboard modifier '<Super>Tab'

Thu Mar 12 10:10:32 2020
 XserverDesktop: Added unknown keysym 0x6cd to keycode 237
xfwm4-Message: 10:10:32.310: Unsupported keyboard modifier '<Super>Tab'

Thu Mar 12 10:10:33 2020
 XserverDesktop: Added unknown keysym 0x6d1 to keycode 236
xfwm4-Message: 10:10:34.047: Unsupported keyboard modifier '<Super>Tab'

Thu Mar 12 10:10:34 2020
 XserverDesktop: Added unknown keysym 0x6d8 to keycode 235
xfwm4-Message: 10:10:34.895: Unsupported keyboard modifier '<Super>Tab'

Thu Mar 12 10:58:45 2020
 Connections: closed: 0.0.0.0::49326 (Clean disconnection)
 SMsgWriter:  framebuffer updates 16980
 SMsgWriter:    copyRect rects 3690, bytes 59040
 SMsgWriter:    hextile rects 53366, bytes 123445950
 SMsgWriter:    raw bytes equivalent 877292274, compression ratio 7.106691
cat: /home/is28/fomin28/.Xauthority: No such file or directory
AUDIT: Tue Mar 17 21:59:13 2020: 10616 Xvnc4: client 9 rejected from local host

(tracker-miner-fs:10716): Tracker-WARNING **: 22:01:23.882:   Could not create file:'/home/is28/fomin28/.cache/tracker/last-crawl.txt' failed, Failed to create file “/home/is28/fomin28/.cache/tracker/last-crawl.txt.4UU2H0”: No such file or directory

(tracker-miner-fs:10716): Tracker-WARNING **: 22:01:23.882:   Could not create file:'/home/is28/fomin28/.cache/tracker/last-crawl.txt' failed, Failed to create file “/home/is28/fomin28/.cache/tracker/last-crawl.txt.NWU2H0”: No such file or directory

(tracker-miner-fs:10716): Tracker-WARNING **: 22:01:24.040:   Could not create file:'/home/is28/fomin28/.cache/tracker/last-crawl.txt' failed, Failed to create file “/home/is28/fomin28/.cache/tracker/last-crawl.txt.CBKNH0”: No such file or directory

(tracker-miner-fs:10716): Tracker-WARNING **: 22:01:24.040:   Could not create file:'/home/is28/fomin28/.cache/tracker/last-crawl.txt' failed, Failed to create file “/home/is28/fomin28/.cache/tracker/last-crawl.txt.ZCKNH0”: No such file or directory

(tracker-miner-fs:10716): Tracker-WARNING **: 22:01:24.076:   Could not create file:'/home/is28/fomin28/.cache/tracker/last-crawl.txt' failed, Failed to create file “/home/is28/fomin28/.cache/tracker/last-crawl.txt.0EQLH0”: No such file or directory

(tracker-miner-fs:10716): Tracker-WARNING **: 22:01:24.076:   Could not create file:'/home/is28/fomin28/.cache/tracker/last-crawl.txt' failed, Failed to create file “/home/is28/fomin28/.cache/tracker/last-crawl.txt.2UPLH0”: No such file or directory

(tracker-miner-fs:10716): Tracker-WARNING **: 22:01:24.085:   Could not create file:'/home/is28/fomin28/.cache/tracker/last-crawl.txt' failed, Failed to create file “/home/is28/fomin28/.cache/tracker/last-crawl.txt.QVVLH0”: No such file or directory

(tracker-miner-fs:10716): Tracker-WARNING **: 22:01:24.085:   Could not create file:'/home/is28/fomin28/.cache/tracker/last-crawl.txt' failed, Failed to create file “/home/is28/fomin28/.cache/tracker/last-crawl.txt.RWVLH0”: No such file or directory

(tracker-miner-fs:10716): Tracker-WARNING **: 22:01:24.139:   Could not create file:'/home/is28/fomin28/.cache/tracker/last-crawl.txt' failed, Failed to create file “/home/is28/fomin28/.cache/tracker/last-crawl.txt.ZWNPH0”: No such file or directory

(tracker-miner-fs:10716): Tracker-WARNING **: 22:01:24.139:   Could not create file:'/home/is28/fomin28/.cache/tracker/last-crawl.txt' failed, Failed to create file “/home/is28/fomin28/.cache/tracker/last-crawl.txt.CYNPH0”: No such file or directory

(tracker-miner-fs:10716): Tracker-WARNING **: 22:03:29.783:   Could not create file:'/home/is28/fomin28/.cache/tracker/last-crawl.txt' failed, Failed to create file “/home/is28/fomin28/.cache/tracker/last-crawl.txt.K7R0H0”: No such file or directory

(tracker-miner-fs:10716): Tracker-WARNING **: 22:03:29.783:   Could not create file:'/home/is28/fomin28/.cache/tracker/last-crawl.txt' failed, Failed to create file “/home/is28/fomin28/.cache/tracker/last-crawl.txt.28R0H0”: No such file or directory

(tracker-miner-fs:10716): Tracker-WARNING **: 22:03:29.786:   Could not create file:'/home/is28/fomin28/.cache/tracker/last-crawl.txt' failed, Failed to create file “/home/is28/fomin28/.cache/tracker/last-crawl.txt.S6U3H0”: No such file or directory

(tracker-miner-fs:10716): Tracker-WARNING **: 22:03:29.786:   Could not create file:'/home/is28/fomin28/.cache/tracker/last-crawl.txt' failed, Failed to create file “/home/is28/fomin28/.cache/tracker/last-crawl.txt.07U3H0”: No such file or directory

(tracker-miner-fs:10716): Tracker-WARNING **: 22:03:29.790:   Could not create file:'/home/is28/fomin28/.cache/tracker/last-crawl.txt' failed, Failed to create file “/home/is28/fomin28/.cache/tracker/last-crawl.txt.20R3H0”: No such file or directory

(tracker-miner-fs:10716): Tracker-WARNING **: 22:03:29.790:   Could not create file:'/home/is28/fomin28/.cache/tracker/last-crawl.txt' failed, Failed to create file “/home/is28/fomin28/.cache/tracker/last-crawl.txt.A2R3H0”: No such file or directory

(tracker-miner-fs:10716): Tracker-WARNING **: 22:03:29.791:   Could not create file:'/home/is28/fomin28/.cache/tracker/last-crawl.txt' failed, Failed to create file “/home/is28/fomin28/.cache/tracker/last-crawl.txt.7LR3H0”: No such file or directory

(tracker-miner-fs:10716): Tracker-WARNING **: 22:03:29.791:   Could not create file:'/home/is28/fomin28/.cache/tracker/last-crawl.txt' failed, Failed to create file “/home/is28/fomin28/.cache/tracker/last-crawl.txt.48Q3H0”: No such file or directory

(tracker-miner-fs:10716): Tracker-WARNING **: 22:03:29.794:   Could not create file:'/home/is28/fomin28/.cache/tracker/last-crawl.txt' failed, Failed to create file “/home/is28/fomin28/.cache/tracker/last-crawl.txt.OAP3H0”: No such file or directory

(tracker-miner-fs:10716): Tracker-WARNING **: 22:03:29.794:   Could not create file:'/home/is28/fomin28/.cache/tracker/last-crawl.txt' failed, Failed to create file “/home/is28/fomin28/.cache/tracker/last-crawl.txt.WBP3H0”: No such file or directory
