
Xvnc Free Edition 4.1.1 - built Feb 25 2015 23:02:21
Copyright (C) 2002-2005 RealVNC Ltd.
See http://www.realvnc.com for information on VNC.
Underlying X server release 40300000, The XFree86 Project, Inc


Fri Sep 13 09:30:14 2019
 vncext:      VNC extension running!
 vncext:      Listening for VNC connections on port 5966
 vncext:      created VNC server for screen 0
error opening security policy file /etc/X11/xserver/SecurityPolicy
Could not init font path element /usr/X11R6/lib/X11/fonts/Type1/, removing from list!
Could not init font path element /usr/X11R6/lib/X11/fonts/Speedo/, removing from list!
Could not init font path element /usr/X11R6/lib/X11/fonts/misc/, removing from list!
Could not init font path element /usr/X11R6/lib/X11/fonts/75dpi/, removing from list!
Could not init font path element /usr/X11R6/lib/X11/fonts/100dpi/, removing from list!
Could not init font path element /usr/share/fonts/X11/75dpi/, removing from list!
Could not init font path element /usr/share/fonts/X11/100dpi/, removing from list!

(x-window-manager:2911): xfwm4-WARNING **: 09:30:17.427: The display does not support the XRender extension.

(x-window-manager:2911): xfwm4-WARNING **: 09:30:17.427: The display does not support the XComposite extension.

(x-window-manager:2911): xfwm4-WARNING **: 09:30:17.427: The display does not support the XDamage extension.

(x-window-manager:2911): xfwm4-WARNING **: 09:30:17.427: The display does not support the XFixes extension.

(x-window-manager:2911): xfwm4-WARNING **: 09:30:17.427: Compositing manager disabled.
xfwm4-Message: 09:30:17.461: Unsupported keyboard modifier '<Super>Tab'
Failed to connect to session manager: Failed to connect to the session manager: SESSION_MANAGER environment variable not defined

(x-window-manager:2911): xfwm4-WARNING **: 09:30:17.468: Failed to connect to session manager: Failed to connect to the session manager: SESSION_MANAGER environment variable not defined

Fri Sep 13 09:30:28 2019
 Connections: accepted: 0.0.0.0::50630
 SConnection: Client needs protocol version 3.8
 SConnection: Client requests security type VncAuth(2)

Fri Sep 13 09:30:37 2019
 VNCSConnST:  Server default pixel format depth 16 (16bpp) little-endian rgb565
 VNCSConnST:  Client pixel format depth 16 (16bpp) little-endian rgb565

Fri Sep 13 09:38:23 2019
 Connections: closed: 0.0.0.0::50630 (Clean disconnection)
 SMsgWriter:  framebuffer updates 1557
 SMsgWriter:    copyRect rects 761, bytes 12176
 SMsgWriter:    hextile rects 4335, bytes 6468512
 SMsgWriter:    raw bytes equivalent 127168580, compression ratio 19.659634
x-window-manager: Fatal IO error 4 (Interrupted system call) on X server :66.
