
Xvnc Free Edition 4.1.1 - built Feb 25 2015 23:02:21
Copyright (C) 2002-2005 RealVNC Ltd.
See http://www.realvnc.com for information on VNC.
Underlying X server release 40300000, The XFree86 Project, Inc


Fri Nov 15 11:02:47 2019
 vncext:      VNC extension running!
 vncext:      Listening for VNC connections on port 5906
 vncext:      created VNC server for screen 0
error opening security policy file /etc/X11/xserver/SecurityPolicy
Could not init font path element /usr/X11R6/lib/X11/fonts/Type1/, removing from list!
Could not init font path element /usr/X11R6/lib/X11/fonts/Speedo/, removing from list!
Could not init font path element /usr/X11R6/lib/X11/fonts/misc/, removing from list!
Could not init font path element /usr/X11R6/lib/X11/fonts/75dpi/, removing from list!
Could not init font path element /usr/X11R6/lib/X11/fonts/100dpi/, removing from list!
Could not init font path element /usr/share/fonts/X11/75dpi/, removing from list!
Could not init font path element /usr/share/fonts/X11/100dpi/, removing from list!
xrdb: No such file or directory
xrdb: can't open file '/home/is28/fomin28/.Xresources'
/usr/bin/startxfce4: X server already running on display :6
gpg-agent[26066]: WARNING: "--write-env-file" is an obsolete option - it has no effect
gpg-agent: a gpg-agent is already running - not starting a new one

(xfce4-session:26056): xfce4-session-WARNING **: 11:02:50.300: gpg-agent returned no PID in the variables

(xfce4-session:26056): xfce4-session-WARNING **: 11:02:50.304: xfsm_manager_load_session: Something wrong with /home/is28/fomin28/.cache/sessions/xfce4-session-virt-1:6, Does it exist? Permissions issue?

(xfwm4:26070): xfwm4-WARNING **: 11:02:50.352: The display does not support the XRender extension.

(xfwm4:26070): xfwm4-WARNING **: 11:02:50.352: The display does not support the XComposite extension.

(xfwm4:26070): xfwm4-WARNING **: 11:02:50.352: The display does not support the XDamage extension.

(xfwm4:26070): xfwm4-WARNING **: 11:02:50.352: The display does not support the XFixes extension.

(xfwm4:26070): xfwm4-WARNING **: 11:02:50.352: Compositing manager disabled.
(uint32 1,)

(xfsettingsd:26082): xfsettingsd-CRITICAL **: 11:02:50.441: RANDR extension is too old, version 1.1. Display settings won't be applied.
Xlib:  extension "XInputExtension" missing on display ":6.0".

(xfsettingsd:26082): xfsettingsd-CRITICAL **: 11:02:50.442: XI is not present.

(xfsettingsd:26082): xfsettingsd-CRITICAL **: 11:02:50.443: Failed to initialize the Xkb extension.

(xfsettingsd:26082): xfsettingsd-CRITICAL **: 11:02:50.443: Failed to initialize the Accessibility extension.

** (light-locker:26079): ERROR **: 11:02:50.448: Environment variable XDG_SESSION_PATH not set. Is LightDM running?
xfwm4-Message: 11:02:50.454: Unsupported keyboard modifier '<Super>Tab'

(polkit-gnome-authentication-agent-1:26081): GLib-CRITICAL **: 11:02:50.475: g_variant_new_string: assertion 'string != NULL' failed

(polkit-gnome-authentication-agent-1:26081): polkit-gnome-1-WARNING **: 11:02:50.479: Failed to register client: GDBus.Error:org.freedesktop.DBus.Error.ServiceUnknown: The name org.gnome.SessionManager was not provided by any .service files
xfwm4-Message: 11:02:50.586: Unsupported keyboard modifier '<Super>Tab'

(nm-applet:26149): Gtk-WARNING **: 11:02:50.717: Can't set a parent on widget which has a parent

(nm-applet:26149): Gdk-CRITICAL **: 11:02:50.893: gdk_window_thaw_toplevel_updates: assertion 'window->update_and_descendants_freeze_count > 0' failed

Fri Nov 15 11:02:59 2019
 Connections: accepted: 0.0.0.0::50062
 SConnection: Client needs protocol version 3.8
 SConnection: Client requests security type VncAuth(2)

Fri Nov 15 11:03:08 2019
 VNCSConnST:  Server default pixel format depth 16 (16bpp) little-endian rgb565
 VNCSConnST:  Client pixel format depth 16 (16bpp) little-endian rgb565
/usr/lib/python3/dist-packages/blueman/plugins/applet/AppIndicator.py:8: PyGIWarning: AppIndicator3 was imported without specifying a version first. Use gi.require_version('AppIndicator3', '0.1') before import to ensure that the right version gets loaded.
  from gi.repository import AppIndicator3 as girAppIndicator
ERROR:dbus.proxies:Introspect error on org.bluez:/org/bluez: dbus.exceptions.DBusException: org.freedesktop.DBus.Error.AccessDenied: Rejected send message, 2 matched rules; type="method_call", sender=":1.3219" (uid=1286 pid=26132 comm="/usr/bin/python3 /usr/bin/blueman-applet " label="unconfined") interface="org.freedesktop.DBus.Introspectable" member="Introspect" error name="(unset)" requested_reply="0" destination="org.bluez" (bus)
ERROR:dbus.proxies:Introspect error on org.bluez:/: dbus.exceptions.DBusException: org.freedesktop.DBus.Error.AccessDenied: Rejected send message, 2 matched rules; type="method_call", sender=":1.3219" (uid=1286 pid=26132 comm="/usr/bin/python3 /usr/bin/blueman-applet " label="unconfined") interface="org.freedesktop.DBus.Introspectable" member="Introspect" error name="(unset)" requested_reply="0" destination="org.bluez" (bus)
ERROR:dbus.proxies:Introspect error on org.bluez:/: dbus.exceptions.DBusException: org.freedesktop.DBus.Error.AccessDenied: Rejected send message, 2 matched rules; type="method_call", sender=":1.3219" (uid=1286 pid=26132 comm="/usr/bin/python3 /usr/bin/blueman-applet " label="unconfined") interface="org.freedesktop.DBus.Introspectable" member="Introspect" error name="(unset)" requested_reply="0" destination="org.bluez" (bus)

(wrapper-1.0:26223): Gdk-WARNING **: 11:03:16.132: /build/gtk+2.0-AoeliP/gtk+2.0-2.24.32/gdk/x11/gdkdrawable-x11.c:952 drawable is not a pixmap or window

(wrapper-1.0:26223): Gdk-WARNING **: 11:03:16.134: /build/gtk+2.0-AoeliP/gtk+2.0-2.24.32/gdk/x11/gdkdrawable-x11.c:952 drawable is not a pixmap or window

(polkit-gnome-authentication-agent-1:26081): polkit-gnome-1-WARNING **: 11:06:27.106: Couldn't open user icon: Failed to open file '/home/adom/.face': No such file or directory

(polkit-gnome-authentication-agent-1:26081): polkit-gnome-1-WARNING **: 11:06:27.107: Couldn't open user icon: Failed to open file '/home/test/.face': No such file or directory
Gtk-Message: 11:06:27.135: GtkDialog mapped without a transient parent. This is discouraged.

(polkit-gnome-authentication-agent-1:26081): polkit-gnome-1-WARNING **: 11:06:27.661: Couldn't open user icon: Failed to open file '/home/adom/.face': No such file or directory

(polkit-gnome-authentication-agent-1:26081): polkit-gnome-1-WARNING **: 11:06:27.662: Couldn't open user icon: Failed to open file '/home/test/.face': No such file or directory
Gtk-Message: 11:06:29.600: GtkDialog mapped without a transient parent. This is discouraged.

(Thunar:26076): GLib-GIO-CRITICAL **: 11:06:29.610: g_file_hash: assertion 'G_IS_FILE (file)' failed

(Thunar:26076): GLib-GIO-CRITICAL **: 11:06:29.610: g_file_query_info_async: assertion 'G_IS_FILE (file)' failed

(Thunar:26076): GLib-GObject-CRITICAL **: 11:06:29.610: g_object_unref: assertion 'G_IS_OBJECT (object)' failed

(Thunar:26076): GLib-GIO-CRITICAL **: 11:06:30.898: g_file_hash: assertion 'G_IS_FILE (file)' failed

(Thunar:26076): GLib-GIO-CRITICAL **: 11:06:30.898: g_file_query_info_async: assertion 'G_IS_FILE (file)' failed

(Thunar:26076): GLib-GObject-CRITICAL **: 11:06:30.898: g_object_unref: assertion 'G_IS_OBJECT (object)' failed

(polkit-gnome-authentication-agent-1:26081): polkit-gnome-1-WARNING **: 11:06:32.355: Couldn't open user icon: Failed to open file '/home/adom/.face': No such file or directory

(polkit-gnome-authentication-agent-1:26081): polkit-gnome-1-WARNING **: 11:06:32.357: Couldn't open user icon: Failed to open file '/home/test/.face': No such file or directory
Gtk-Message: 11:06:32.362: GtkDialog mapped without a transient parent. This is discouraged.

(Thunar:26076): GLib-GIO-CRITICAL **: 11:06:33.680: g_file_hash: assertion 'G_IS_FILE (file)' failed

(Thunar:26076): GLib-GIO-CRITICAL **: 11:06:33.680: g_file_query_info_async: assertion 'G_IS_FILE (file)' failed

(Thunar:26076): GLib-GObject-CRITICAL **: 11:06:33.680: g_object_unref: assertion 'G_IS_OBJECT (object)' failed
/usr/lib/ubuntu-release-upgrader/check-new-release-gtk:30: PyGIWarning: Gtk was imported without specifying a version first. Use gi.require_version('Gtk', '3.0') before import to ensure that the right version gets loaded.
  from gi.repository import Gtk
WARNING:root:timeout reached, exiting

(Thunar:26076): Gdk-WARNING **: 11:23:29.359: gdk_window_set_icon_list: icons too large
Xlib:  extension "XINERAMA" missing on display ":6.0".
func=xmlSecCheckVersionExt:file=xmlsec.c:line=188:obj=unknown:subj=unknown:error=19:invalid version:mode=abi compatible;expected minor version=2;real minor version=2;expected subminor version=25;real subminor version=26

Fri Nov 15 11:24:16 2019
 XserverDesktop: Added unknown keysym 0x6da to keycode 255
xfwm4-Message: 11:24:17.072: Unsupported keyboard modifier '<Super>Tab'

(gedit:31586): Gtk-WARNING **: 11:27:17.122: Calling org.xfce.Session.Manager.Inhibit failed: GDBus.Error:org.freedesktop.DBus.Error.UnknownMethod: Method "Inhibit" with signature "susu" on interface "org.xfce.Session.Manager" doesn't exist


Fri Nov 15 11:30:50 2019
 XserverDesktop: Added unknown keysym 0x6dc to keycode 254
xfwm4-Message: 11:30:50.730: Unsupported keyboard modifier '<Super>Tab'

(Thunar:26076): Gdk-WARNING **: 12:29:33.433: gdk_window_set_icon_list: icons too large
Xlib:  extension "XINERAMA" missing on display ":6.0".
func=xmlSecCheckVersionExt:file=xmlsec.c:line=188:obj=unknown:subj=unknown:error=19:invalid version:mode=abi compatible;expected minor version=2;real minor version=2;expected subminor version=25;real subminor version=26

(Thunar:26076): Gdk-WARNING **: 12:33:05.166: gdk_window_set_icon_list: icons too large

Fri Nov 15 12:35:07 2019
 Connections: closed: 0.0.0.0::50062 (Clean disconnection)
 SMsgWriter:  framebuffer updates 58060
 SMsgWriter:    copyRect rects 9011, bytes 144176
 SMsgWriter:    hextile rects 115031, bytes 206388262
 SMsgWriter:    raw bytes equivalent -935140250, compression ratio -4.530976

(xfdesktop:26078): libxfce4ui-WARNING **: 13:43:48.254: ICE I/O Error

(xfdesktop:26078): libxfce4ui-WARNING **: 13:43:55.154: Disconnected from session manager.
xfwm4: Fatal IO error 4 (Interrupted system call) on X server :6.0.
xfdesktop: Fatal IO error 25 (Inappropriate ioctl for device) on X server :6.0.
