
Xvnc Free Edition 4.1.1 - built Feb 25 2015 23:02:21
Copyright (C) 2002-2005 RealVNC Ltd.
See http://www.realvnc.com for information on VNC.
Underlying X server release 40300000, The XFree86 Project, Inc


Fri Nov 22 11:26:02 2019
 vncext:      VNC extension running!
 vncext:      Listening for VNC connections on port 5910
 vncext:      created VNC server for screen 0
error opening security policy file /etc/X11/xserver/SecurityPolicy
Could not init font path element /usr/X11R6/lib/X11/fonts/Type1/, removing from list!
Could not init font path element /usr/X11R6/lib/X11/fonts/Speedo/, removing from list!
Could not init font path element /usr/X11R6/lib/X11/fonts/misc/, removing from list!
Could not init font path element /usr/X11R6/lib/X11/fonts/75dpi/, removing from list!
Could not init font path element /usr/X11R6/lib/X11/fonts/100dpi/, removing from list!
Could not init font path element /usr/share/fonts/X11/75dpi/, removing from list!
Could not init font path element /usr/share/fonts/X11/100dpi/, removing from list!
xrdb: No such file or directory
xrdb: can't open file '/home/is28/fomin28/.Xresources'
/usr/bin/startxfce4: X server already running on display :10
gpg-agent[8050]: WARNING: "--write-env-file" is an obsolete option - it has no effect
gpg-agent: a gpg-agent is already running - not starting a new one

(xfce4-session:7992): xfce4-session-WARNING **: 11:26:05.928: gpg-agent returned no PID in the variables

(xfce4-session:7992): xfce4-session-WARNING **: 11:26:05.936: xfsm_manager_load_session: Something wrong with /home/is28/fomin28/.cache/sessions/xfce4-session-virt-1:10, Does it exist? Permissions issue?

(xfwm4:8054): xfwm4-WARNING **: 11:26:05.959: The display does not support the XRender extension.

(xfwm4:8054): xfwm4-WARNING **: 11:26:05.959: The display does not support the XComposite extension.

(xfwm4:8054): xfwm4-WARNING **: 11:26:05.959: The display does not support the XDamage extension.

(xfwm4:8054): xfwm4-WARNING **: 11:26:05.959: The display does not support the XFixes extension.

(xfwm4:8054): xfwm4-WARNING **: 11:26:05.959: Compositing manager disabled.

** (light-locker:8064): ERROR **: 11:26:06.014: Environment variable XDG_SESSION_PATH not set. Is LightDM running?

(polkit-gnome-authentication-agent-1:8067): GLib-CRITICAL **: 11:26:06.034: g_variant_new_string: assertion 'string != NULL' failed

(polkit-gnome-authentication-agent-1:8067): polkit-gnome-1-WARNING **: 11:26:06.035: Failed to register client: GDBus.Error:org.freedesktop.DBus.Error.ServiceUnknown: The name org.gnome.SessionManager was not provided by any .service files
(uint32 1,)
xfwm4-Message: 11:26:06.101: Unsupported keyboard modifier '<Super>Tab'

(xfsettingsd:8066): xfsettingsd-CRITICAL **: 11:26:06.107: RANDR extension is too old, version 1.1. Display settings won't be applied.
Xlib:  extension "XInputExtension" missing on display ":10.0".

(xfsettingsd:8066): xfsettingsd-CRITICAL **: 11:26:06.107: XI is not present.

(xfsettingsd:8066): xfsettingsd-CRITICAL **: 11:26:06.108: Failed to initialize the Xkb extension.

(xfsettingsd:8066): xfsettingsd-CRITICAL **: 11:26:06.108: Failed to initialize the Accessibility extension.
xfwm4-Message: 11:26:06.187: Unsupported keyboard modifier '<Super>Tab'

(nm-applet:8145): Gtk-WARNING **: 11:26:06.374: Can't set a parent on widget which has a parent

(nm-applet:8145): Gdk-CRITICAL **: 11:26:06.517: gdk_window_thaw_toplevel_updates: assertion 'window->update_and_descendants_freeze_count > 0' failed

Fri Nov 22 11:26:14 2019
 Connections: accepted: 0.0.0.0::50407
 SConnection: Client needs protocol version 3.8
 SConnection: Client requests security type VncAuth(2)

Fri Nov 22 11:26:19 2019
 VNCSConnST:  Server default pixel format depth 16 (16bpp) little-endian rgb565
 VNCSConnST:  Client pixel format depth 16 (16bpp) little-endian rgb565
/usr/lib/python3/dist-packages/blueman/plugins/applet/AppIndicator.py:8: PyGIWarning: AppIndicator3 was imported without specifying a version first. Use gi.require_version('AppIndicator3', '0.1') before import to ensure that the right version gets loaded.
  from gi.repository import AppIndicator3 as girAppIndicator
ERROR:dbus.proxies:Introspect error on org.bluez:/org/bluez: dbus.exceptions.DBusException: org.freedesktop.DBus.Error.AccessDenied: Rejected send message, 2 matched rules; type="method_call", sender=":1.1250" (uid=1286 pid=8132 comm="/usr/bin/python3 /usr/bin/blueman-applet " label="unconfined") interface="org.freedesktop.DBus.Introspectable" member="Introspect" error name="(unset)" requested_reply="0" destination="org.bluez" (bus)
ERROR:dbus.proxies:Introspect error on org.bluez:/: dbus.exceptions.DBusException: org.freedesktop.DBus.Error.AccessDenied: Rejected send message, 2 matched rules; type="method_call", sender=":1.1250" (uid=1286 pid=8132 comm="/usr/bin/python3 /usr/bin/blueman-applet " label="unconfined") interface="org.freedesktop.DBus.Introspectable" member="Introspect" error name="(unset)" requested_reply="0" destination="org.bluez" (bus)
ERROR:dbus.proxies:Introspect error on org.bluez:/: dbus.exceptions.DBusException: org.freedesktop.DBus.Error.AccessDenied: Rejected send message, 2 matched rules; type="method_call", sender=":1.1250" (uid=1286 pid=8132 comm="/usr/bin/python3 /usr/bin/blueman-applet " label="unconfined") interface="org.freedesktop.DBus.Introspectable" member="Introspect" error name="(unset)" requested_reply="0" destination="org.bluez" (bus)

(Thunar:8060): Gdk-WARNING **: 11:26:32.339: gdk_window_set_icon_list: icons too large

Fri Nov 22 11:27:08 2019
 Connections: closed: 0.0.0.0::50407 (Clean disconnection)
 SMsgWriter:  framebuffer updates 356
 SMsgWriter:    copyRect rects 235, bytes 3760
 SMsgWriter:    hextile rects 14636, bytes 2458978
 SMsgWriter:    raw bytes equivalent 50125800, compression ratio 20.384810

Fri Nov 22 11:27:11 2019
 Connections: accepted: 0.0.0.0::50408
 SConnection: Client needs protocol version 3.8
 SConnection: Client requests security type VncAuth(2)

Fri Nov 22 11:27:16 2019
 VNCSConnST:  Server default pixel format depth 16 (16bpp) little-endian rgb565
 VNCSConnST:  Client pixel format depth 16 (16bpp) little-endian rgb565

(gedit:15343): Gtk-WARNING **: 11:32:02.479: Calling org.xfce.Session.Manager.Inhibit failed: GDBus.Error:org.freedesktop.DBus.Error.UnknownMethod: Method "Inhibit" with signature "susu" on interface "org.xfce.Session.Manager" doesn't exist


Fri Nov 22 11:52:40 2019
 XserverDesktop: Added unknown keysym 0x6c0 to keycode 255
xfwm4-Message: 11:52:40.858: Unsupported keyboard modifier '<Super>Tab'

Fri Nov 22 11:54:59 2019
 XserverDesktop: Added unknown keysym 0x6f6 to keycode 254
xfwm4-Message: 11:54:59.855: Unsupported keyboard modifier '<Super>Tab'

Fri Nov 22 12:21:31 2019
 XserverDesktop: Added unknown keysym 0x6fc to keycode 253
xfwm4-Message: 12:21:32.058: Unsupported keyboard modifier '<Super>Tab'

Fri Nov 22 12:21:35 2019
 XserverDesktop: Added unknown keysym 0x6c5 to keycode 252
xfwm4-Message: 12:21:36.226: Unsupported keyboard modifier '<Super>Tab'

Fri Nov 22 12:21:36 2019
 XserverDesktop: Added unknown keysym 0x6cb to keycode 251
xfwm4-Message: 12:21:36.498: Unsupported keyboard modifier '<Super>Tab'
 XserverDesktop: Added unknown keysym 0x6c7 to keycode 250
xfwm4-Message: 12:21:36.882: Unsupported keyboard modifier '<Super>Tab'

(Thunar:8060): Gdk-WARNING **: 12:23:59.110: gdk_window_set_icon_list: icons too large
Xlib:  extension "XINERAMA" missing on display ":10.0".
func=xmlSecCheckVersionExt:file=xmlsec.c:line=188:obj=unknown:subj=unknown:error=19:invalid version:mode=abi compatible;expected minor version=2;real minor version=2;expected subminor version=25;real subminor version=26
Xlib:  extension "XINERAMA" missing on display ":10.0".
func=xmlSecCheckVersionExt:file=xmlsec.c:line=188:obj=unknown:subj=unknown:error=19:invalid version:mode=abi compatible;expected minor version=2;real minor version=2;expected subminor version=25;real subminor version=26

Fri Nov 22 12:39:49 2019
 XserverDesktop: Added unknown keysym 0x6d0 to keycode 249

Fri Nov 22 12:39:50 2019
 XserverDesktop: Added unknown keysym 0x6d2 to keycode 248
 XserverDesktop: Added unknown keysym 0x6c9 to keycode 247
 XserverDesktop: Added unknown keysym 0x6d7 to keycode 246
 XserverDesktop: Added unknown keysym 0x6d4 to keycode 245
xfwm4-Message: 12:39:50.535: Unsupported keyboard modifier '<Super>Tab'

Fri Nov 22 12:40:22 2019
 XserverDesktop: Added unknown keysym 0x6c1 to keycode 244
xfwm4-Message: 12:40:22.525: Unsupported keyboard modifier '<Super>Tab'

Fri Nov 22 12:40:42 2019
 XserverDesktop: Added unknown keysym 0x6df to keycode 243
 XserverDesktop: Added unknown keysym 0x6c3 to keycode 242
xfwm4-Message: 12:40:42.878: Unsupported keyboard modifier '<Super>Tab'

Fri Nov 22 12:40:43 2019
 XserverDesktop: Added unknown keysym 0xf3 to keycode 241
xfwm4-Message: 12:40:44.085: Unsupported keyboard modifier '<Super>Tab'

Fri Nov 22 12:40:57 2019
 XserverDesktop: Added unknown keysym 0x6cf to keycode 240
xfwm4-Message: 12:40:57.958: Unsupported keyboard modifier '<Super>Tab'

Fri Nov 22 12:41:37 2019
 XserverDesktop: Added unknown keysym 0x6d9 to keycode 239
xfwm4-Message: 12:41:37.276: Unsupported keyboard modifier '<Super>Tab'

Fri Nov 22 12:42:14 2019
 Connections: closed: 0.0.0.0::50408 (read: Connection reset by peer (104))
 SMsgWriter:  framebuffer updates 14683
 SMsgWriter:    copyRect rects 5079, bytes 81264
 SMsgWriter:    hextile rects 62902, bytes 84094151
 SMsgWriter:    raw bytes equivalent 888397490, compression ratio 10.564320
xfwm4: Fatal IO error 4 (Interrupted system call) on X server :10.0.
xfdesktop: Fatal IO error 11 (Resource temporarily unavailable) on X server :10.0.
