
Xvnc Free Edition 4.1.1 - built Feb 25 2015 23:02:21
Copyright (C) 2002-2005 RealVNC Ltd.
See http://www.realvnc.com for information on VNC.
Underlying X server release 40300000, The XFree86 Project, Inc


Thu Feb 27 09:45:14 2020
 vncext:      VNC extension running!
 vncext:      Listening for VNC connections on port 5907
 vncext:      created VNC server for screen 0
error opening security policy file /etc/X11/xserver/SecurityPolicy
Could not init font path element /usr/X11R6/lib/X11/fonts/Type1/, removing from list!
Could not init font path element /usr/X11R6/lib/X11/fonts/Speedo/, removing from list!
Could not init font path element /usr/X11R6/lib/X11/fonts/misc/, removing from list!
Could not init font path element /usr/X11R6/lib/X11/fonts/75dpi/, removing from list!
Could not init font path element /usr/X11R6/lib/X11/fonts/100dpi/, removing from list!
Could not init font path element /usr/share/fonts/X11/75dpi/, removing from list!
Could not init font path element /usr/share/fonts/X11/100dpi/, removing from list!
xrdb: No such file or directory
xrdb: can't open file '/home/is28/fomin28/.Xresources'
/usr/bin/startxfce4: X server already running on display :7
gpg-agent[5988]: WARNING: "--write-env-file" is an obsolete option - it has no effect
gpg-agent: a gpg-agent is already running - not starting a new one

(xfce4-session:5976): xfce4-session-WARNING **: 09:45:17.546: gpg-agent returned no PID in the variables

(xfce4-session:5976): xfce4-session-WARNING **: 09:45:17.553: xfsm_manager_load_session: Something wrong with /home/is28/fomin28/.cache/sessions/xfce4-session-virt-1:7, Does it exist? Permissions issue?

(xfwm4:5994): xfwm4-WARNING **: 09:45:17.579: The display does not support the XRender extension.

(xfwm4:5994): xfwm4-WARNING **: 09:45:17.579: The display does not support the XComposite extension.

(xfwm4:5994): xfwm4-WARNING **: 09:45:17.579: The display does not support the XDamage extension.

(xfwm4:5994): xfwm4-WARNING **: 09:45:17.579: The display does not support the XFixes extension.

(xfwm4:5994): xfwm4-WARNING **: 09:45:17.579: Compositing manager disabled.

** (light-locker:6006): ERROR **: 09:45:17.636: Environment variable XDG_SESSION_PATH not set. Is LightDM running?

(polkit-gnome-authentication-agent-1:6008): GLib-CRITICAL **: 09:45:17.669: g_variant_new_string: assertion 'string != NULL' failed

(polkit-gnome-authentication-agent-1:6008): polkit-gnome-1-WARNING **: 09:45:17.671: Failed to register client: GDBus.Error:org.freedesktop.DBus.Error.ServiceUnknown: The name org.gnome.SessionManager was not provided by any .service files
(uint32 1,)
xfwm4-Message: 09:45:17.702: Unsupported keyboard modifier '<Super>Tab'

(xfsettingsd:6009): xfsettingsd-CRITICAL **: 09:45:17.798: RANDR extension is too old, version 1.1. Display settings won't be applied.
Xlib:  extension "XInputExtension" missing on display ":7.0".

(xfsettingsd:6009): xfsettingsd-CRITICAL **: 09:45:17.799: XI is not present.

(xfsettingsd:6009): xfsettingsd-CRITICAL **: 09:45:17.801: Failed to initialize the Xkb extension.

(xfsettingsd:6009): xfsettingsd-CRITICAL **: 09:45:17.801: Failed to initialize the Accessibility extension.
xfwm4-Message: 09:45:17.884: Unsupported keyboard modifier '<Super>Tab'

(nm-applet:6121): Gtk-WARNING **: 09:45:17.960: Can't set a parent on widget which has a parent

(nm-applet:6121): Gdk-CRITICAL **: 09:45:18.118: gdk_window_thaw_toplevel_updates: assertion 'window->update_and_descendants_freeze_count > 0' failed

Thu Feb 27 09:45:26 2020
 Connections: accepted: 0.0.0.0::49340
 SConnection: Client needs protocol version 3.8
 SConnection: Client requests security type VncAuth(2)

Thu Feb 27 09:45:31 2020
 VNCSConnST:  Server default pixel format depth 16 (16bpp) little-endian rgb565
 VNCSConnST:  Client pixel format depth 16 (16bpp) little-endian rgb565
/usr/lib/python3/dist-packages/blueman/plugins/applet/AppIndicator.py:8: PyGIWarning: AppIndicator3 was imported without specifying a version first. Use gi.require_version('AppIndicator3', '0.1') before import to ensure that the right version gets loaded.
  from gi.repository import AppIndicator3 as girAppIndicator
ERROR:dbus.proxies:Introspect error on org.bluez:/org/bluez: dbus.exceptions.DBusException: org.freedesktop.DBus.Error.AccessDenied: Rejected send message, 2 matched rules; type="method_call", sender=":1.260" (uid=1286 pid=6108 comm="/usr/bin/python3 /usr/bin/blueman-applet " label="unconfined") interface="org.freedesktop.DBus.Introspectable" member="Introspect" error name="(unset)" requested_reply="0" destination="org.bluez" (bus)
ERROR:dbus.proxies:Introspect error on org.bluez:/: dbus.exceptions.DBusException: org.freedesktop.DBus.Error.AccessDenied: Rejected send message, 2 matched rules; type="method_call", sender=":1.260" (uid=1286 pid=6108 comm="/usr/bin/python3 /usr/bin/blueman-applet " label="unconfined") interface="org.freedesktop.DBus.Introspectable" member="Introspect" error name="(unset)" requested_reply="0" destination="org.bluez" (bus)
ERROR:dbus.proxies:Introspect error on org.bluez:/: dbus.exceptions.DBusException: org.freedesktop.DBus.Error.AccessDenied: Rejected send message, 2 matched rules; type="method_call", sender=":1.260" (uid=1286 pid=6108 comm="/usr/bin/python3 /usr/bin/blueman-applet " label="unconfined") interface="org.freedesktop.DBus.Introspectable" member="Introspect" error name="(unset)" requested_reply="0" destination="org.bluez" (bus)

(wrapper-1.0:6183): Gdk-WARNING **: 09:45:42.478: /build/gtk+2.0-AoeliP/gtk+2.0-2.24.32/gdk/x11/gdkdrawable-x11.c:952 drawable is not a pixmap or window

(polkit-gnome-authentication-agent-1:6008): polkit-gnome-1-WARNING **: 09:46:39.845: Couldn't open user icon: Failed to open file '/home/adom/.face': No such file or directory

(polkit-gnome-authentication-agent-1:6008): polkit-gnome-1-WARNING **: 09:46:39.853: Couldn't open user icon: Failed to open file '/home/test/.face': No such file or directory
Gtk-Message: 09:46:39.882: GtkDialog mapped without a transient parent. This is discouraged.

(Thunar:6000): Gdk-WARNING **: 09:46:46.404: gdk_window_set_icon_list: icons too large

(Thunar:6000): Gdk-WARNING **: 09:49:52.326: gdk_window_set_icon_list: icons too large

Thu Feb 27 09:52:33 2020
 XserverDesktop: Added unknown keysym 0x6d7 to keycode 255
xfwm4-Message: 09:52:33.656: Unsupported keyboard modifier '<Super>Tab'

Thu Feb 27 09:52:34 2020
 XserverDesktop: Added unknown keysym 0x6c5 to keycode 254
xfwm4-Message: 09:52:34.809: Unsupported keyboard modifier '<Super>Tab'
 XserverDesktop: Added unknown keysym 0x6cc to keycode 253
xfwm4-Message: 09:52:35.129: Unsupported keyboard modifier '<Super>Tab'

Thu Feb 27 09:52:35 2020
 XserverDesktop: Added unknown keysym 0x6c9 to keycode 252
 XserverDesktop: Added unknown keysym 0x6d4 to keycode 251
xfwm4-Message: 09:52:35.552: Unsupported keyboard modifier '<Super>Tab'
 XserverDesktop: Added unknown keysym 0xf3 to keycode 250
xfwm4-Message: 09:52:36.033: Unsupported keyboard modifier '<Super>Tab'

Thu Feb 27 09:52:37 2020
 XserverDesktop: Added unknown keysym 0x6c3 to keycode 249
xfwm4-Message: 09:52:37.305: Unsupported keyboard modifier '<Super>Tab'

Thu Feb 27 09:52:41 2020
 XserverDesktop: Added unknown keysym 0x6c7 to keycode 248
 XserverDesktop: Added unknown keysym 0x6cf to keycode 247
xfwm4-Message: 09:52:41.928: Unsupported keyboard modifier '<Super>Tab'

Thu Feb 27 09:53:14 2020
 XserverDesktop: Added unknown keysym 0x6d6 to keycode 246
xfwm4-Message: 09:53:14.994: Unsupported keyboard modifier '<Super>Tab'

Thu Feb 27 09:56:12 2020
 XserverDesktop: Added unknown keysym 0x6d3 to keycode 245
xfwm4-Message: 09:56:12.826: Unsupported keyboard modifier '<Super>Tab'
 XserverDesktop: Added unknown keysym 0x6ce to keycode 244
xfwm4-Message: 09:56:13.242: Unsupported keyboard modifier '<Super>Tab'

Thu Feb 27 09:56:19 2020
 XserverDesktop: Added unknown keysym 0x6c1 to keycode 243
xfwm4-Message: 09:56:20.074: Unsupported keyboard modifier '<Super>Tab'

Thu Feb 27 09:56:26 2020
 XserverDesktop: Added unknown keysym 0x6e2 to keycode 242
xfwm4-Message: 09:56:26.411: Unsupported keyboard modifier '<Super>Tab'

Thu Feb 27 09:56:58 2020
 XserverDesktop: Added unknown keysym 0x6cb to keycode 241
xfwm4-Message: 09:56:58.819: Unsupported keyboard modifier '<Super>Tab'

Thu Feb 27 09:57:03 2020
 XserverDesktop: Added unknown keysym 0x6dd to keycode 240

Thu Feb 27 09:57:04 2020
 XserverDesktop: Added unknown keysym 0x6d9 to keycode 239
xfwm4-Message: 09:57:04.259: Unsupported keyboard modifier '<Super>Tab'

(Thunar:6000): Gdk-WARNING **: 10:01:28.019: gdk_window_set_icon_list: icons too large

Thu Feb 27 10:04:03 2020
 XserverDesktop: Added unknown keysym 0x6c4 to keycode 238
xfwm4-Message: 10:04:03.854: Unsupported keyboard modifier '<Super>Tab'

Thu Feb 27 10:04:04 2020
 XserverDesktop: Added unknown keysym 0x6de to keycode 237
xfwm4-Message: 10:04:04.766: Unsupported keyboard modifier '<Super>Tab'

Thu Feb 27 10:04:19 2020
 XserverDesktop: Added unknown keysym 0x6d2 to keycode 236
xfwm4-Message: 10:04:19.318: Unsupported keyboard modifier '<Super>Tab'

Thu Feb 27 10:04:20 2020
 XserverDesktop: Added unknown keysym 0x6c0 to keycode 235
xfwm4-Message: 10:04:20.638: Unsupported keyboard modifier '<Super>Tab'

Thu Feb 27 10:04:21 2020
 XserverDesktop: Added unknown keysym 0x6d8 to keycode 234
xfwm4-Message: 10:04:21.918: Unsupported keyboard modifier '<Super>Tab'

Thu Feb 27 10:04:24 2020
 XserverDesktop: Added unknown keysym 0x6fc to keycode 233
xfwm4-Message: 10:04:25.078: Unsupported keyboard modifier '<Super>Tab'

Thu Feb 27 10:07:26 2020
 XserverDesktop: Added unknown keysym 0x6d1 to keycode 232
xfwm4-Message: 10:07:26.704: Unsupported keyboard modifier '<Super>Tab'

Thu Feb 27 10:19:55 2020
 XserverDesktop: Added unknown keysym 0x6c8 to keycode 231
xfwm4-Message: 10:19:55.981: Unsupported keyboard modifier '<Super>Tab'

Thu Feb 27 10:19:56 2020
 XserverDesktop: Added unknown keysym 0x6da to keycode 230
xfwm4-Message: 10:19:56.671: Unsupported keyboard modifier '<Super>Tab'

Thu Feb 27 10:31:58 2020
 XserverDesktop: Added unknown keysym 0x6cd to keycode 229
xfwm4-Message: 10:31:58.826: Unsupported keyboard modifier '<Super>Tab'

(nm-applet:6121): Gtk-CRITICAL **: 10:32:51.318: gtk_widget_destroy: assertion 'GTK_IS_WIDGET (widget)' failed

(nm-applet:6121): Gtk-CRITICAL **: 10:32:51.318: gtk_widget_destroy: assertion 'GTK_IS_WIDGET (widget)' failed

(nm-applet:6121): Gtk-WARNING **: 10:32:51.319: Can't set a parent on widget which has a parent

(nm-applet:6121): Gtk-CRITICAL **: 10:32:56.649: gtk_widget_destroy: assertion 'GTK_IS_WIDGET (widget)' failed

(nm-applet:6121): Gtk-CRITICAL **: 10:32:56.649: gtk_widget_destroy: assertion 'GTK_IS_WIDGET (widget)' failed

(nm-applet:6121): Gtk-WARNING **: 10:32:56.650: Can't set a parent on widget which has a parent

(Thunar:6000): Gdk-WARNING **: 10:37:27.405: gdk_window_set_icon_list: icons too large

Thu Feb 27 10:53:45 2020
 Connections: closed: 0.0.0.0::49340 (Clean disconnection)
 SMsgWriter:  framebuffer updates 18660
 SMsgWriter:    copyRect rects 9600, bytes 153600
 SMsgWriter:    hextile rects 54322, bytes 112615741
 SMsgWriter:    raw bytes equivalent 915876200, compression ratio 8.132755
ERROR:dbus.proxies:Introspect error on org.bluez:/: dbus.exceptions.DBusException: org.freedesktop.DBus.Error.AccessDenied: Rejected send message, 2 matched rules; type="method_call", sender=":1.260" (uid=1286 pid=6108 comm="/usr/bin/python3 /usr/bin/blueman-applet " label="unconfined") interface="org.freedesktop.DBus.Introspectable" member="Introspect" error name="(unset)" requested_reply="0" destination="org.bluez" (uid=0 pid=63953 comm="/usr/lib/bluetooth/bluetoothd " label="unconfined")
xfwm4: Fatal IO error 11 (Resource temporarily unavailable) on X server :7.0.
xfdesktop: Fatal IO error 4 (Interrupted system call) on X server :7.0.
