
Xvnc Free Edition 4.1.1 - built Feb 25 2015 23:02:21
Copyright (C) 2002-2005 RealVNC Ltd.
See http://www.realvnc.com for information on VNC.
Underlying X server release 40300000, The XFree86 Project, Inc


Fri Oct  4 11:20:08 2019
 vncext:      VNC extension running!
 vncext:      Listening for VNC connections on port 5908
 vncext:      created VNC server for screen 0
error opening security policy file /etc/X11/xserver/SecurityPolicy
Could not init font path element /usr/X11R6/lib/X11/fonts/Type1/, removing from list!
Could not init font path element /usr/X11R6/lib/X11/fonts/Speedo/, removing from list!
Could not init font path element /usr/X11R6/lib/X11/fonts/misc/, removing from list!
Could not init font path element /usr/X11R6/lib/X11/fonts/75dpi/, removing from list!
Could not init font path element /usr/X11R6/lib/X11/fonts/100dpi/, removing from list!
Could not init font path element /usr/share/fonts/X11/75dpi/, removing from list!
Could not init font path element /usr/share/fonts/X11/100dpi/, removing from list!

(x-window-manager:5149): xfwm4-WARNING **: 11:20:11.691: The display does not support the XRender extension.

(x-window-manager:5149): xfwm4-WARNING **: 11:20:11.691: The display does not support the XComposite extension.

(x-window-manager:5149): xfwm4-WARNING **: 11:20:11.691: The display does not support the XDamage extension.

(x-window-manager:5149): xfwm4-WARNING **: 11:20:11.691: The display does not support the XFixes extension.

(x-window-manager:5149): xfwm4-WARNING **: 11:20:11.691: Compositing manager disabled.
xfwm4-Message: 11:20:11.756: Unsupported keyboard modifier '<Super>Tab'

(x-window-manager:5149): xfwm4-WARNING **: 11:20:11.772: Failed to connect to session manager: Failed to connect to the session manager: SESSION_MANAGER environment variable not defined
Failed to connect to session manager: Failed to connect to the session manager: SESSION_MANAGER environment variable not defined

Fri Oct  4 11:20:55 2019
 Connections: accepted: 0.0.0.0::49285
 SConnection: Client needs protocol version 3.8
 SConnection: Client requests security type VncAuth(2)

Fri Oct  4 11:21:05 2019
 VNCSConnST:  Server default pixel format depth 16 (16bpp) little-endian rgb565
 VNCSConnST:  Client pixel format depth 16 (16bpp) little-endian rgb565

(xfce4-terminal:5148): Gdk-CRITICAL **: 11:51:18.268: gdk_window_get_window_type: assertion 'GDK_IS_WINDOW (window)' failed

Fri Oct  4 11:53:17 2019
 Connections: closed: 0.0.0.0::49285 (Clean disconnection)
 SMsgWriter:  framebuffer updates 3243
 SMsgWriter:    copyRect rects 765, bytes 12240
 SMsgWriter:    hextile rects 8145, bytes 10940344
 SMsgWriter:    raw bytes equivalent 319370144, compression ratio 29.191965
x-window-manager: Fatal IO error 4 (Interrupted system call) on X server :8.
