
Xvnc Free Edition 4.1.1 - built Feb 25 2015 23:02:21
Copyright (C) 2002-2005 RealVNC Ltd.
See http://www.realvnc.com for information on VNC.
Underlying X server release 40300000, The XFree86 Project, Inc


Fri Oct 11 11:25:24 2019
 vncext:      VNC extension running!
 vncext:      Listening for VNC connections on port 5932
 vncext:      created VNC server for screen 0
error opening security policy file /etc/X11/xserver/SecurityPolicy
Could not init font path element /usr/X11R6/lib/X11/fonts/Type1/, removing from list!
Could not init font path element /usr/X11R6/lib/X11/fonts/Speedo/, removing from list!
Could not init font path element /usr/X11R6/lib/X11/fonts/misc/, removing from list!
Could not init font path element /usr/X11R6/lib/X11/fonts/75dpi/, removing from list!
Could not init font path element /usr/X11R6/lib/X11/fonts/100dpi/, removing from list!
Could not init font path element /usr/share/fonts/X11/75dpi/, removing from list!
Could not init font path element /usr/share/fonts/X11/100dpi/, removing from list!

(x-window-manager:15886): xfwm4-WARNING **: 11:25:27.963: The display does not support the XRender extension.

(x-window-manager:15886): xfwm4-WARNING **: 11:25:27.963: The display does not support the XComposite extension.

(x-window-manager:15886): xfwm4-WARNING **: 11:25:27.963: The display does not support the XDamage extension.

(x-window-manager:15886): xfwm4-WARNING **: 11:25:27.963: The display does not support the XFixes extension.

(x-window-manager:15886): xfwm4-WARNING **: 11:25:27.963: Compositing manager disabled.
xfwm4-Message: 11:25:28.144: Unsupported keyboard modifier '<Super>Tab'
Failed to connect to session manager: Failed to connect to the session manager: SESSION_MANAGER environment variable not defined

(x-window-manager:15886): xfwm4-WARNING **: 11:25:28.153: Failed to connect to session manager: Failed to connect to the session manager: SESSION_MANAGER environment variable not defined

Fri Oct 11 11:25:49 2019
 Connections: accepted: 0.0.0.0::49904
 SConnection: Client needs protocol version 3.8
 SConnection: Client requests security type VncAuth(2)

Fri Oct 11 11:26:19 2019
 VNCSConnST:  Server default pixel format depth 16 (16bpp) little-endian rgb565
 VNCSConnST:  Client pixel format depth 16 (16bpp) little-endian rgb565

Fri Oct 11 11:35:38 2019
 XserverDesktop: Added unknown keysym 0x6e5 to keycode 255
xfwm4-Message: 11:35:38.637: Unsupported keyboard modifier '<Super>Tab'

Fri Oct 11 11:35:41 2019
 XserverDesktop: Added unknown keysym 0x6eb to keycode 254
xfwm4-Message: 11:35:41.662: Unsupported keyboard modifier '<Super>Tab'
 XserverDesktop: Added unknown keysym 0x6fe to keycode 253
xfwm4-Message: 11:35:42.014: Unsupported keyboard modifier '<Super>Tab'

Fri Oct 11 12:43:50 2019
 Connections: closed: 0.0.0.0::49904 (Clean disconnection)
 SMsgWriter:  framebuffer updates 4493
 SMsgWriter:    copyRect rects 2344, bytes 37504
 SMsgWriter:    hextile rects 16448, bytes 45073774
 SMsgWriter:    raw bytes equivalent 792754360, compression ratio 17.587930
x-window-manager: Fatal IO error 4 (Interrupted system call) on X server :32.
