
Xvnc Free Edition 4.1.1 - built Feb 25 2015 23:02:21
Copyright (C) 2002-2005 RealVNC Ltd.
See http://www.realvnc.com for information on VNC.
Underlying X server release 40300000, The XFree86 Project, Inc


Fri Sep 27 11:19:35 2019
 vncext:      VNC extension running!
 vncext:      Listening for VNC connections on port 5911
 vncext:      created VNC server for screen 0
error opening security policy file /etc/X11/xserver/SecurityPolicy
Could not init font path element /usr/X11R6/lib/X11/fonts/Type1/, removing from list!
Could not init font path element /usr/X11R6/lib/X11/fonts/Speedo/, removing from list!
Could not init font path element /usr/X11R6/lib/X11/fonts/misc/, removing from list!
Could not init font path element /usr/X11R6/lib/X11/fonts/75dpi/, removing from list!
Could not init font path element /usr/X11R6/lib/X11/fonts/100dpi/, removing from list!
Could not init font path element /usr/share/fonts/X11/75dpi/, removing from list!
Could not init font path element /usr/share/fonts/X11/100dpi/, removing from list!

(x-window-manager:31524): xfwm4-WARNING **: 11:19:38.106: The display does not support the XRender extension.

(x-window-manager:31524): xfwm4-WARNING **: 11:19:38.106: The display does not support the XComposite extension.

(x-window-manager:31524): xfwm4-WARNING **: 11:19:38.106: The display does not support the XDamage extension.

(x-window-manager:31524): xfwm4-WARNING **: 11:19:38.106: The display does not support the XFixes extension.

(x-window-manager:31524): xfwm4-WARNING **: 11:19:38.106: Compositing manager disabled.
Failed to connect to session manager: Failed to connect to the session manager: SESSION_MANAGER environment variable not defined
xfwm4-Message: 11:19:38.208: Unsupported keyboard modifier '<Super>Tab'

(x-window-manager:31524): xfwm4-WARNING **: 11:19:38.216: Failed to connect to session manager: Failed to connect to the session manager: SESSION_MANAGER environment variable not defined

Fri Sep 27 11:19:53 2019
 Connections: accepted: 0.0.0.0::50444
 SConnection: Client needs protocol version 3.8
 SConnection: Client requests security type VncAuth(2)

Fri Sep 27 11:20:00 2019
 VNCSConnST:  Server default pixel format depth 16 (16bpp) little-endian rgb565
 VNCSConnST:  Client pixel format depth 16 (16bpp) little-endian rgb565

Fri Sep 27 11:25:39 2019
 XserverDesktop: Added unknown keysym 0x6d7 to keycode 255
xfwm4-Message: 11:25:39.558: Unsupported keyboard modifier '<Super>Tab'

Fri Sep 27 11:25:40 2019
 XserverDesktop: Added unknown keysym 0x6c5 to keycode 254
xfwm4-Message: 11:25:40.561: Unsupported keyboard modifier '<Super>Tab'
 XserverDesktop: Added unknown keysym 0x6c4 to keycode 253
xfwm4-Message: 11:25:40.928: Unsupported keyboard modifier '<Super>Tab'
 XserverDesktop: Added unknown keysym 0x6c9 to keycode 252

Fri Sep 27 11:25:41 2019
 XserverDesktop: Added unknown keysym 0x6d4 to keycode 251
xfwm4-Message: 11:25:41.409: Unsupported keyboard modifier '<Super>Tab'
 XserverDesktop: Added unknown keysym 0x6ce to keycode 250
xfwm4-Message: 11:25:41.897: Unsupported keyboard modifier '<Super>Tab'
 XserverDesktop: Added unknown keysym 0x6cf to keycode 249
xfwm4-Message: 11:25:42.232: Unsupported keyboard modifier '<Super>Tab'

Fri Sep 27 11:25:42 2019
 XserverDesktop: Added unknown keysym 0x6cd to keycode 248
xfwm4-Message: 11:25:42.864: Unsupported keyboard modifier '<Super>Tab'
 XserverDesktop: Added unknown keysym 0x6d2 to keycode 247
xfwm4-Message: 11:25:43.160: Unsupported keyboard modifier '<Super>Tab'

Fri Sep 27 11:25:44 2019
 XserverDesktop: Added unknown keysym 0x6d1 to keycode 246
xfwm4-Message: 11:25:44.360: Unsupported keyboard modifier '<Super>Tab'

Fri Sep 27 11:26:48 2019
 XserverDesktop: Added unknown keysym 0x6de to keycode 245
xfwm4-Message: 11:26:48.567: Unsupported keyboard modifier '<Super>Tab'

Fri Sep 27 11:56:14 2019
 XserverDesktop: Added unknown keysym 0x6d3 to keycode 244
xfwm4-Message: 11:56:15.106: Unsupported keyboard modifier '<Super>Tab'

Fri Sep 27 11:56:16 2019
 XserverDesktop: Added unknown keysym 0x6cc to keycode 243
xfwm4-Message: 11:56:16.897: Unsupported keyboard modifier '<Super>Tab'

Fri Sep 27 11:56:20 2019
 XserverDesktop: Added unknown keysym 0x6fc to keycode 242
xfwm4-Message: 11:56:21.210: Unsupported keyboard modifier '<Super>Tab'

Fri Sep 27 12:03:32 2019
 XserverDesktop: Added unknown keysym 0x6c3 to keycode 241
xfwm4-Message: 12:03:32.970: Unsupported keyboard modifier '<Super>Tab'

Fri Sep 27 12:03:33 2019
 XserverDesktop: Added unknown keysym 0x6c1 to keycode 240
xfwm4-Message: 12:03:33.330: Unsupported keyboard modifier '<Super>Tab'

Fri Sep 27 12:04:49 2019
 XserverDesktop: Added unknown keysym 0x6dd to keycode 239
xfwm4-Message: 12:04:49.433: Unsupported keyboard modifier '<Super>Tab'

Fri Sep 27 12:06:53 2019
 XserverDesktop: Added unknown keysym 0x6d8 to keycode 238
xfwm4-Message: 12:06:53.335: Unsupported keyboard modifier '<Super>Tab'

Fri Sep 27 12:07:46 2019
 XserverDesktop: Added unknown keysym 0x6c6 to keycode 237
xfwm4-Message: 12:07:46.502: Unsupported keyboard modifier '<Super>Tab'

Fri Sep 27 12:08:01 2019
 XserverDesktop: Added unknown keysym 0x6d0 to keycode 236
xfwm4-Message: 12:08:02.198: Unsupported keyboard modifier '<Super>Tab'

Fri Sep 27 12:08:07 2019
 XserverDesktop: Added unknown keysym 0x6ca to keycode 235
xfwm4-Message: 12:08:07.726: Unsupported keyboard modifier '<Super>Tab'

Fri Sep 27 12:08:11 2019
 XserverDesktop: Added unknown keysym 0x6c0 to keycode 234
xfwm4-Message: 12:08:12.046: Unsupported keyboard modifier '<Super>Tab'

Fri Sep 27 12:08:27 2019
 XserverDesktop: Added unknown keysym 0x6c7 to keycode 233
 XserverDesktop: Added unknown keysym 0xf3 to keycode 232
xfwm4-Message: 12:08:27.894: Unsupported keyboard modifier '<Super>Tab'

Fri Sep 27 12:08:38 2019
 XserverDesktop: Added unknown keysym 0x6c2 to keycode 231
xfwm4-Message: 12:08:38.525: Unsupported keyboard modifier '<Super>Tab'

Fri Sep 27 12:08:43 2019
 XserverDesktop: Added unknown keysym 0x6cb to keycode 230
xfwm4-Message: 12:08:43.301: Unsupported keyboard modifier '<Super>Tab'

Fri Sep 27 12:09:50 2019
 XserverDesktop: Added unknown keysym 0x6db to keycode 229
xfwm4-Message: 12:09:50.636: Unsupported keyboard modifier '<Super>Tab'

Fri Sep 27 12:43:31 2019
 Connections: closed: 0.0.0.0::50444 (Clean disconnection)
 SMsgWriter:  framebuffer updates 9219
 SMsgWriter:    copyRect rects 3805, bytes 60880
 SMsgWriter:    hextile rects 34982, bytes 68969629
 SMsgWriter:    raw bytes equivalent 911414692, compression ratio 13.214725
x-window-manager: Fatal IO error 11 (Resource temporarily unavailable) on X server :11.
