
Xvnc Free Edition 4.1.1 - built Feb 25 2015 23:02:21
Copyright (C) 2002-2005 RealVNC Ltd.
See http://www.realvnc.com for information on VNC.
Underlying X server release 40300000, The XFree86 Project, Inc


Thu Mar  5 09:44:08 2020
 vncext:      VNC extension running!
 vncext:      Listening for VNC connections on port 5903
 vncext:      created VNC server for screen 0
error opening security policy file /etc/X11/xserver/SecurityPolicy
Could not init font path element /usr/X11R6/lib/X11/fonts/Type1/, removing from list!
Could not init font path element /usr/X11R6/lib/X11/fonts/Speedo/, removing from list!
Could not init font path element /usr/X11R6/lib/X11/fonts/misc/, removing from list!
Could not init font path element /usr/X11R6/lib/X11/fonts/75dpi/, removing from list!
Could not init font path element /usr/X11R6/lib/X11/fonts/100dpi/, removing from list!
Could not init font path element /usr/share/fonts/X11/75dpi/, removing from list!
Could not init font path element /usr/share/fonts/X11/100dpi/, removing from list!
xrdb: No such file or directory
xrdb: can't open file '/home/is28/fomin28/.Xresources'
/usr/bin/startxfce4: X server already running on display :3
gpg-agent[4086]: WARNING: "--write-env-file" is an obsolete option - it has no effect
gpg-agent: a gpg-agent is already running - not starting a new one

(xfce4-session:4073): xfce4-session-WARNING **: 09:44:11.338: gpg-agent returned no PID in the variables

(xfce4-session:4073): xfce4-session-WARNING **: 09:44:11.345: xfsm_manager_load_session: Something wrong with /home/is28/fomin28/.cache/sessions/xfce4-session-virt-1:3, Does it exist? Permissions issue?

(xfwm4:4093): xfwm4-WARNING **: 09:44:11.368: The display does not support the XRender extension.

(xfwm4:4093): xfwm4-WARNING **: 09:44:11.368: The display does not support the XComposite extension.

(xfwm4:4093): xfwm4-WARNING **: 09:44:11.368: The display does not support the XDamage extension.

(xfwm4:4093): xfwm4-WARNING **: 09:44:11.368: The display does not support the XFixes extension.

(xfwm4:4093): xfwm4-WARNING **: 09:44:11.368: Compositing manager disabled.
(uint32 1,)

** (light-locker:4103): ERROR **: 09:44:11.462: Environment variable XDG_SESSION_PATH not set. Is LightDM running?

(polkit-gnome-authentication-agent-1:4107): GLib-CRITICAL **: 09:44:11.480: g_variant_new_string: assertion 'string != NULL' failed

(polkit-gnome-authentication-agent-1:4107): polkit-gnome-1-WARNING **: 09:44:11.481: Failed to register client: GDBus.Error:org.freedesktop.DBus.Error.ServiceUnknown: The name org.gnome.SessionManager was not provided by any .service files

(xfsettingsd:4102): xfsettingsd-CRITICAL **: 09:44:11.569: RANDR extension is too old, version 1.1. Display settings won't be applied.
Xlib:  extension "XInputExtension" missing on display ":3.0".

(xfsettingsd:4102): xfsettingsd-CRITICAL **: 09:44:11.570: XI is not present.

(xfsettingsd:4102): xfsettingsd-CRITICAL **: 09:44:11.570: Failed to initialize the Xkb extension.

(xfsettingsd:4102): xfsettingsd-CRITICAL **: 09:44:11.570: Failed to initialize the Accessibility extension.
xfwm4-Message: 09:44:11.613: Unsupported keyboard modifier '<Super>Tab'

(nm-applet:4180): Gtk-WARNING **: 09:44:11.635: Can't set a parent on widget which has a parent
xfwm4-Message: 09:44:11.670: Unsupported keyboard modifier '<Super>Tab'

(nm-applet:4180): Gdk-CRITICAL **: 09:44:11.830: gdk_window_thaw_toplevel_updates: assertion 'window->update_and_descendants_freeze_count > 0' failed

Thu Mar  5 09:44:24 2020
 Connections: accepted: 0.0.0.0::49354
 SConnection: Client needs protocol version 3.8
 SConnection: Client requests security type VncAuth(2)
/usr/lib/python3/dist-packages/blueman/plugins/applet/AppIndicator.py:8: PyGIWarning: AppIndicator3 was imported without specifying a version first. Use gi.require_version('AppIndicator3', '0.1') before import to ensure that the right version gets loaded.
  from gi.repository import AppIndicator3 as girAppIndicator
ERROR:dbus.proxies:Introspect error on org.bluez:/org/bluez: dbus.exceptions.DBusException: org.freedesktop.DBus.Error.AccessDenied: Rejected send message, 2 matched rules; type="method_call", sender=":1.129" (uid=1286 pid=4173 comm="/usr/bin/python3 /usr/bin/blueman-applet " label="unconfined") interface="org.freedesktop.DBus.Introspectable" member="Introspect" error name="(unset)" requested_reply="0" destination="org.bluez" (bus)
ERROR:dbus.proxies:Introspect error on org.bluez:/: dbus.exceptions.DBusException: org.freedesktop.DBus.Error.AccessDenied: Rejected send message, 2 matched rules; type="method_call", sender=":1.129" (uid=1286 pid=4173 comm="/usr/bin/python3 /usr/bin/blueman-applet " label="unconfined") interface="org.freedesktop.DBus.Introspectable" member="Introspect" error name="(unset)" requested_reply="0" destination="org.bluez" (bus)
ERROR:dbus.proxies:Introspect error on org.bluez:/: dbus.exceptions.DBusException: org.freedesktop.DBus.Error.AccessDenied: Rejected send message, 2 matched rules; type="method_call", sender=":1.129" (uid=1286 pid=4173 comm="/usr/bin/python3 /usr/bin/blueman-applet " label="unconfined") interface="org.freedesktop.DBus.Introspectable" member="Introspect" error name="(unset)" requested_reply="0" destination="org.bluez" (bus)

Thu Mar  5 09:44:36 2020
 SConnection: AuthFailureException: Authentication failure
 Connections: closed: 0.0.0.0::49354 (Authentication failure)

Thu Mar  5 09:44:41 2020
 Connections: accepted: 0.0.0.0::49359
 SConnection: Client needs protocol version 3.8
 SConnection: Client requests security type VncAuth(2)

Thu Mar  5 09:44:46 2020
 VNCSConnST:  Server default pixel format depth 16 (16bpp) little-endian rgb565
 VNCSConnST:  Client pixel format depth 16 (16bpp) little-endian rgb565

(Thunar:4099): Gdk-WARNING **: 09:44:51.405: gdk_window_set_icon_list: icons too large

Thu Mar  5 09:51:47 2020
 XserverDesktop: Added unknown keysym 0x6db to keycode 255
 XserverDesktop: Added unknown keysym 0x6c1 to keycode 254
xfwm4-Message: 09:51:47.969: Unsupported keyboard modifier '<Super>Tab'

(Thunar:4099): Gdk-WARNING **: 09:56:30.907: gdk_window_set_icon_list: icons too large

Thu Mar  5 09:57:44 2020
 XserverDesktop: Added unknown keysym 0x6ce to keycode 253
 XserverDesktop: Added unknown keysym 0x6cf to keycode 252
 XserverDesktop: Added unknown keysym 0x6cd to keycode 251
 XserverDesktop: Added unknown keysym 0x6c5 to keycode 250
xfwm4-Message: 09:57:45.067: Unsupported keyboard modifier '<Super>Tab'

Thu Mar  5 09:57:45 2020
 XserverDesktop: Added unknown keysym 0x6d2 to keycode 249
xfwm4-Message: 09:57:45.364: Unsupported keyboard modifier '<Super>Tab'
 XserverDesktop: Added unknown keysym 0x6c4 to keycode 248
xfwm4-Message: 09:57:46.108: Unsupported keyboard modifier '<Super>Tab'

Thu Mar  5 09:57:46 2020
 XserverDesktop: Added unknown keysym 0x6d1 to keycode 247
xfwm4-Message: 09:57:46.484: Unsupported keyboard modifier '<Super>Tab'

Thu Mar  5 09:57:57 2020
 XserverDesktop: Added unknown keysym 0x6de to keycode 246
xfwm4-Message: 09:57:58.196: Unsupported keyboard modifier '<Super>Tab'

Thu Mar  5 10:11:42 2020
 XserverDesktop: Added unknown keysym 0x6c8 to keycode 245
xfwm4-Message: 10:11:42.884: Unsupported keyboard modifier '<Super>Tab'

Thu Mar  5 10:18:09 2020
 XserverDesktop: Added unknown keysym 0x6c9 to keycode 244
 XserverDesktop: Added unknown keysym 0x6d3 to keycode 243
xfwm4-Message: 10:18:09.733: Unsupported keyboard modifier '<Super>Tab'

Thu Mar  5 10:18:11 2020
 XserverDesktop: Added unknown keysym 0x6cc to keycode 242
xfwm4-Message: 10:18:11.789: Unsupported keyboard modifier '<Super>Tab'

Thu Mar  5 10:18:13 2020
 XserverDesktop: Added unknown keysym 0x6d7 to keycode 241
xfwm4-Message: 10:18:13.509: Unsupported keyboard modifier '<Super>Tab'
 XserverDesktop: Added unknown keysym 0x6d0 to keycode 240
xfwm4-Message: 10:18:13.766: Unsupported keyboard modifier '<Super>Tab'

Thu Mar  5 10:19:53 2020
 XserverDesktop: Added unknown keysym 0x6cb to keycode 239
xfwm4-Message: 10:19:53.254: Unsupported keyboard modifier '<Super>Tab'

Thu Mar  5 10:22:18 2020
 XserverDesktop: Added unknown keysym 0x6e2 to keycode 238
xfwm4-Message: 10:22:19.167: Unsupported keyboard modifier '<Super>Tab'

Thu Mar  5 10:22:25 2020
 XserverDesktop: Added unknown keysym 0x6fc to keycode 237
xfwm4-Message: 10:22:26.246: Unsupported keyboard modifier '<Super>Tab'

Thu Mar  5 10:22:30 2020
 XserverDesktop: Added unknown keysym 0x6d4 to keycode 236
 XserverDesktop: Added unknown keysym 0x6d8 to keycode 235
xfwm4-Message: 10:22:30.510: Unsupported keyboard modifier '<Super>Tab'

Thu Mar  5 10:24:06 2020
 XserverDesktop: Added unknown keysym 0x6f6 to keycode 234
xfwm4-Message: 10:24:06.328: Unsupported keyboard modifier '<Super>Tab'

Thu Mar  5 10:29:01 2020
 XserverDesktop: Added unknown keysym 0x6c7 to keycode 233
xfwm4-Message: 10:29:01.338: Unsupported keyboard modifier '<Super>Tab'

Thu Mar  5 10:52:53 2020
 Connections: closed: 0.0.0.0::49359 (Clean disconnection)
 SMsgWriter:  framebuffer updates 16607
 SMsgWriter:    copyRect rects 4880, bytes 78080
 SMsgWriter:    hextile rects 45880, bytes 98273826
 SMsgWriter:    raw bytes equivalent 790909334, compression ratio 8.048016
/usr/lib/ubuntu-release-upgrader/check-new-release-gtk:30: PyGIWarning: Gtk was imported without specifying a version first. Use gi.require_version('Gtk', '3.0') before import to ensure that the right version gets loaded.
  from gi.repository import Gtk
WARNING:root:timeout reached, exiting
xfwm4: Fatal IO error 4 (Interrupted system call) on X server :3.0.
xfdesktop: Fatal IO error 11 (Resource temporarily unavailable) on X server :3.0.
