
Xvnc Free Edition 4.1.1 - built Jul 31 2015 19:10:31
Copyright (C) 2002-2005 RealVNC Ltd.
See http://www.realvnc.com for information on VNC.
Underlying X server release 40300000, The XFree86 Project, Inc


Fri Sep  6 11:32:22 2019
 vncext:      VNC extension running!
 vncext:      Listening for VNC connections on port 5925
 vncext:      created VNC server for screen 0
error opening security policy file /etc/X11/xserver/SecurityPolicy
Could not init font path element /usr/X11R6/lib/X11/fonts/Type1/, removing from list!
Could not init font path element /usr/X11R6/lib/X11/fonts/Speedo/, removing from list!
Could not init font path element /usr/X11R6/lib/X11/fonts/misc/, removing from list!
Could not init font path element /usr/X11R6/lib/X11/fonts/75dpi/, removing from list!
Could not init font path element /usr/X11R6/lib/X11/fonts/100dpi/, removing from list!
Could not init font path element /usr/share/fonts/X11/75dpi/, removing from list!
Could not init font path element /usr/share/fonts/X11/100dpi/, removing from list!
Option "--login" is no longer supported in this version of gnome-terminal; you might want to create a profile with the desired setting, and use the new '--profile' option

(x-window-manager:12944): xfwm4-WARNING **: The display does not support the XRender extension.

(x-window-manager:12944): xfwm4-WARNING **: The display does not support the XComposite extension.

(x-window-manager:12944): xfwm4-WARNING **: The display does not support the XDamage extension.

(x-window-manager:12944): xfwm4-WARNING **: The display does not support the XFixes extension.

(x-window-manager:12944): xfwm4-WARNING **: Compositing manager disabled.

(x-window-manager:12944): GLib-CRITICAL **: g_str_has_prefix: assertion 'prefix != NULL' failed

(x-window-manager:12944): xfwm4-WARNING **: The property '/general/double_click_distance' of type int is not supported

(x-window-manager:12944): xfwm4-WARNING **: Failed to connect to session manager: Не удалось подключиться к менеджеру сеансов: SESSION_MANAGER environment variable not defined

(gnome-terminal:12943): GLib-GIO-CRITICAL **: g_settings_get: the format string may not contain '&' (key 'monospace-font-name' from schema 'org.gnome.desktop.interface'). This call will probably stop working with a future version of glib.

(gnome-terminal:12943): Vte-2.90-WARNING **: Unable to convert characters from текущая to X-VTE-GUNICHAR.
Unhandled value type TerminalEncoding of pspec encoding

Fri Sep  6 11:34:43 2019
 Connections: accepted: 0.0.0.0::50147
 SConnection: Client needs protocol version 3.8
 SConnection: Client requests security type VncAuth(2)

Fri Sep  6 11:34:54 2019
 VNCSConnST:  Server default pixel format depth 16 (16bpp) little-endian rgb565
 VNCSConnST:  Client pixel format depth 16 (16bpp) little-endian rgb565

Fri Sep  6 11:37:06 2019
 XserverDesktop: Added unknown keysym 0x6c2 to keycode 255

Fri Sep  6 11:37:08 2019
 XserverDesktop: Added unknown keysym 0x6c5 to keycode 254
 XserverDesktop: Added unknown keysym 0x6da to keycode 253

Fri Sep  6 11:37:09 2019
 XserverDesktop: Added unknown keysym 0x6c9 to keycode 252

Fri Sep  6 11:37:10 2019
 XserverDesktop: Added unknown keysym 0x6cd to keycode 251
 XserverDesktop: Added unknown keysym 0x6ce to keycode 250

Fri Sep  6 11:37:24 2019
 XserverDesktop: Added unknown keysym 0x6c0 to keycode 249

Fri Sep  6 11:54:06 2019
 XserverDesktop: Added unknown keysym 0x6de to keycode 248

Fri Sep  6 11:54:07 2019
 XserverDesktop: Added unknown keysym 0x6d2 to keycode 247

Fri Sep  6 11:54:09 2019
 XserverDesktop: Added unknown keysym 0x6cc to keycode 246
 XserverDesktop: Added unknown keysym 0x6d4 to keycode 245

Fri Sep  6 11:54:10 2019
 XserverDesktop: Added unknown keysym 0x6d7 to keycode 244
 XserverDesktop: Added unknown keysym 0x6c1 to keycode 243

Fri Sep  6 11:54:13 2019
 XserverDesktop: Added unknown keysym 0xf3 to keycode 242
 XserverDesktop: Added unknown keysym 0x6c4 to keycode 241

Fri Sep  6 11:54:46 2019
 XserverDesktop: Added unknown keysym 0x6dd to keycode 240

Fri Sep  6 11:54:47 2019
 XserverDesktop: Added unknown keysym 0x6d1 to keycode 239
 XserverDesktop: Added unknown keysym 0x6cb to keycode 238
 XserverDesktop: Added unknown keysym 0x6c6 to keycode 237

Fri Sep  6 11:54:48 2019
 XserverDesktop: Added unknown keysym 0x6d9 to keycode 236

Fri Sep  6 11:57:50 2019
 XserverDesktop: Added unknown keysym 0x6cf to keycode 235

Fri Sep  6 11:57:52 2019
 XserverDesktop: Added unknown keysym 0x6d3 to keycode 234

Fri Sep  6 11:57:59 2019
 XserverDesktop: Added unknown keysym 0x6d8 to keycode 233

Fri Sep  6 12:00:33 2019
 XserverDesktop: Added unknown keysym 0x6c7 to keycode 232

Fri Sep  6 12:01:49 2019
 XserverDesktop: Added unknown keysym 0x6db to keycode 231

Fri Sep  6 12:09:59 2019
 XserverDesktop: Added unknown keysym 0x6ca to keycode 230

Fri Sep  6 12:37:51 2019
 Connections: closed: 0.0.0.0::50147 (read: Connection reset by peer (104))
 SMsgWriter:  framebuffer updates 9417
 SMsgWriter:    copyRect rects 5378, bytes 86048
 SMsgWriter:    hextile rects 71221, bytes 79296257
 SMsgWriter:    raw bytes equivalent 1059603154, compression ratio 13.362587
