
Xvnc Free Edition 4.1.1 - built Feb 25 2015 23:02:21
Copyright (C) 2002-2005 RealVNC Ltd.
See http://www.realvnc.com for information on VNC.
Underlying X server release 40300000, The XFree86 Project, Inc


Fri Oct  4 11:45:53 2019
 vncext:      VNC extension running!
 vncext:      Listening for VNC connections on port 5926
 vncext:      created VNC server for screen 0
error opening security policy file /etc/X11/xserver/SecurityPolicy
Could not init font path element /usr/X11R6/lib/X11/fonts/Type1/, removing from list!
Could not init font path element /usr/X11R6/lib/X11/fonts/Speedo/, removing from list!
Could not init font path element /usr/X11R6/lib/X11/fonts/misc/, removing from list!
Could not init font path element /usr/X11R6/lib/X11/fonts/75dpi/, removing from list!
Could not init font path element /usr/X11R6/lib/X11/fonts/100dpi/, removing from list!
Could not init font path element /usr/share/fonts/X11/75dpi/, removing from list!
Could not init font path element /usr/share/fonts/X11/100dpi/, removing from list!

(x-window-manager:13084): xfwm4-WARNING **: 11:45:56.231: The display does not support the XRender extension.

(x-window-manager:13084): xfwm4-WARNING **: 11:45:56.232: The display does not support the XComposite extension.

(x-window-manager:13084): xfwm4-WARNING **: 11:45:56.232: The display does not support the XDamage extension.

(x-window-manager:13084): xfwm4-WARNING **: 11:45:56.232: The display does not support the XFixes extension.

(x-window-manager:13084): xfwm4-WARNING **: 11:45:56.232: Compositing manager disabled.
xfwm4-Message: 11:45:56.321: Unsupported keyboard modifier '<Super>Tab'

(x-window-manager:13084): xfwm4-WARNING **: 11:45:56.326: Failed to connect to session manager: Failed to connect to the session manager: SESSION_MANAGER environment variable not defined
Failed to connect to session manager: Failed to connect to the session manager: SESSION_MANAGER environment variable not defined

Fri Oct  4 11:46:04 2019
 Connections: accepted: 0.0.0.0::50121
 SConnection: Client needs protocol version 3.8
 SConnection: Client requests security type VncAuth(2)

Fri Oct  4 11:46:07 2019
 VNCSConnST:  Server default pixel format depth 16 (16bpp) little-endian rgb565
 VNCSConnST:  Client pixel format depth 16 (16bpp) little-endian rgb565

Fri Oct  4 11:54:00 2019
 XserverDesktop: Added unknown keysym 0x6f7 to keycode 255
xfwm4-Message: 11:54:00.269: Unsupported keyboard modifier '<Super>Tab'

Fri Oct  4 11:54:02 2019
 XserverDesktop: Added unknown keysym 0x6c5 to keycode 254
xfwm4-Message: 11:54:02.413: Unsupported keyboard modifier '<Super>Tab'
 XserverDesktop: Added unknown keysym 0x6c4 to keycode 253
 XserverDesktop: Added unknown keysym 0x6c9 to keycode 252

Fri Oct  4 11:54:03 2019
 XserverDesktop: Added unknown keysym 0x6d4 to keycode 251
xfwm4-Message: 11:54:03.348: Unsupported keyboard modifier '<Super>Tab'
 XserverDesktop: Added unknown keysym 0x6d0 to keycode 250
xfwm4-Message: 11:54:03.772: Unsupported keyboard modifier '<Super>Tab'
 XserverDesktop: Added unknown keysym 0x6d2 to keycode 249
xfwm4-Message: 11:54:04.133: Unsupported keyboard modifier '<Super>Tab'

Fri Oct  4 11:54:04 2019
 XserverDesktop: Added unknown keysym 0x6cf to keycode 248
xfwm4-Message: 11:54:04.557: Unsupported keyboard modifier '<Super>Tab'

Fri Oct  4 11:54:08 2019
 XserverDesktop: Added unknown keysym 0x6de to keycode 247
xfwm4-Message: 11:54:09.172: Unsupported keyboard modifier '<Super>Tab'

Fri Oct  4 11:54:09 2019
 XserverDesktop: Added unknown keysym 0x6d3 to keycode 246
 XserverDesktop: Added unknown keysym 0x6cc to keycode 245
xfwm4-Message: 11:54:09.740: Unsupported keyboard modifier '<Super>Tab'

Fri Oct  4 11:54:20 2019
 XserverDesktop: Added unknown keysym 0x6cd to keycode 244
xfwm4-Message: 11:54:20.517: Unsupported keyboard modifier '<Super>Tab'

Fri Oct  4 11:55:04 2019
 XserverDesktop: Added unknown keysym 0x6d8 to keycode 243
xfwm4-Message: 11:55:05.068: Unsupported keyboard modifier '<Super>Tab'

Fri Oct  4 12:11:32 2019
 XserverDesktop: Added unknown keysym 0x6fc to keycode 242
xfwm4-Message: 12:11:32.410: Unsupported keyboard modifier '<Super>Tab'

Fri Oct  4 12:11:38 2019
 XserverDesktop: Added unknown keysym 0x6c7 to keycode 241
xfwm4-Message: 12:11:38.498: Unsupported keyboard modifier '<Super>Tab'

Fri Oct  4 12:11:39 2019
 XserverDesktop: Added unknown keysym 0x6c1 to keycode 240
xfwm4-Message: 12:11:39.890: Unsupported keyboard modifier '<Super>Tab'

Fri Oct  4 12:11:41 2019
 XserverDesktop: Added unknown keysym 0x6da to keycode 239
 XserverDesktop: Added unknown keysym 0x6d1 to keycode 238
xfwm4-Message: 12:11:41.914: Unsupported keyboard modifier '<Super>Tab'

Fri Oct  4 12:12:20 2019
 XserverDesktop: Added unknown keysym 0x6ce to keycode 237
xfwm4-Message: 12:12:20.939: Unsupported keyboard modifier '<Super>Tab'

Fri Oct  4 12:12:22 2019
 XserverDesktop: Added unknown keysym 0x6c2 to keycode 236
xfwm4-Message: 12:12:22.898: Unsupported keyboard modifier '<Super>Tab'

Fri Oct  4 12:12:23 2019
 XserverDesktop: Added unknown keysym 0x6db to keycode 235
xfwm4-Message: 12:12:23.554: Unsupported keyboard modifier '<Super>Tab'

Fri Oct  4 12:17:46 2019
 XserverDesktop: Added unknown keysym 0x6f9 to keycode 234
xfwm4-Message: 12:17:46.957: Unsupported keyboard modifier '<Super>Tab'

Fri Oct  4 12:17:52 2019
 XserverDesktop: Added unknown keysym 0x6c3 to keycode 233
xfwm4-Message: 12:17:52.978: Unsupported keyboard modifier '<Super>Tab'

Fri Oct  4 12:31:37 2019
 XserverDesktop: Added unknown keysym 0x6cb to keycode 232
xfwm4-Message: 12:31:38.136: Unsupported keyboard modifier '<Super>Tab'

Fri Oct  4 12:31:38 2019
 XserverDesktop: Added unknown keysym 0x6ca to keycode 231
xfwm4-Message: 12:31:38.847: Unsupported keyboard modifier '<Super>Tab'

Fri Oct  4 12:31:43 2019
 XserverDesktop: Added unknown keysym 0x6d6 to keycode 230
xfwm4-Message: 12:31:43.319: Unsupported keyboard modifier '<Super>Tab'

Fri Oct  4 12:31:54 2019
 XserverDesktop: Added unknown keysym 0xf3 to keycode 229
xfwm4-Message: 12:31:54.287: Unsupported keyboard modifier '<Super>Tab'

Fri Oct  4 12:31:57 2019
 XserverDesktop: Added unknown keysym 0x6c0 to keycode 228
xfwm4-Message: 12:31:57.808: Unsupported keyboard modifier '<Super>Tab'

Fri Oct  4 12:33:17 2019
 XserverDesktop: Added unknown keysym 0x6c6 to keycode 227
xfwm4-Message: 12:33:17.823: Unsupported keyboard modifier '<Super>Tab'

Fri Oct  4 12:44:37 2019
 Connections: closed: 0.0.0.0::50121 (Clean disconnection)
 SMsgWriter:  framebuffer updates 9547
 SMsgWriter:    copyRect rects 5100, bytes 81600
 SMsgWriter:    hextile rects 25363, bytes 47771180
 SMsgWriter:    raw bytes equivalent 653021684, compression ratio 13.669783
x-window-manager: Fatal IO error 4 (Interrupted system call) on X server :26.
