
Xvnc Free Edition 4.1.1 - built Feb 25 2015 23:02:21
Copyright (C) 2002-2005 RealVNC Ltd.
See http://www.realvnc.com for information on VNC.
Underlying X server release 40300000, The XFree86 Project, Inc


Fri Oct 11 11:24:59 2019
 vncext:      VNC extension running!
 vncext:      Listening for VNC connections on port 5927
 vncext:      created VNC server for screen 0
error opening security policy file /etc/X11/xserver/SecurityPolicy
Could not init font path element /usr/X11R6/lib/X11/fonts/Type1/, removing from list!
Could not init font path element /usr/X11R6/lib/X11/fonts/Speedo/, removing from list!
Could not init font path element /usr/X11R6/lib/X11/fonts/misc/, removing from list!
Could not init font path element /usr/X11R6/lib/X11/fonts/75dpi/, removing from list!
Could not init font path element /usr/X11R6/lib/X11/fonts/100dpi/, removing from list!
Could not init font path element /usr/share/fonts/X11/75dpi/, removing from list!
Could not init font path element /usr/share/fonts/X11/100dpi/, removing from list!

(x-window-manager:15101): xfwm4-WARNING **: 11:25:02.231: The display does not support the XRender extension.

(x-window-manager:15101): xfwm4-WARNING **: 11:25:02.231: The display does not support the XComposite extension.

(x-window-manager:15101): xfwm4-WARNING **: 11:25:02.231: The display does not support the XDamage extension.

(x-window-manager:15101): xfwm4-WARNING **: 11:25:02.231: The display does not support the XFixes extension.

(x-window-manager:15101): xfwm4-WARNING **: 11:25:02.231: Compositing manager disabled.
xfwm4-Message: 11:25:02.325: Unsupported keyboard modifier '<Super>Tab'

(x-window-manager:15101): xfwm4-WARNING **: 11:25:02.331: Failed to connect to session manager: Failed to connect to the session manager: SESSION_MANAGER environment variable not defined
Failed to connect to session manager: Failed to connect to the session manager: SESSION_MANAGER environment variable not defined

Fri Oct 11 11:25:20 2019
 Connections: accepted: 0.0.0.0::50062
 SConnection: Client needs protocol version 3.8
 SConnection: Client requests security type VncAuth(2)

Fri Oct 11 11:25:24 2019
 VNCSConnST:  Server default pixel format depth 16 (16bpp) little-endian rgb565

Fri Oct 11 11:25:25 2019
 VNCSConnST:  Client pixel format depth 16 (16bpp) little-endian rgb565

Fri Oct 11 11:39:32 2019
 XserverDesktop: Added unknown keysym 0x6f7 to keycode 255
xfwm4-Message: 11:39:32.793: Unsupported keyboard modifier '<Super>Tab'

Fri Oct 11 11:39:35 2019
 XserverDesktop: Added unknown keysym 0xd3 to keycode 254
xfwm4-Message: 11:39:36.037: Unsupported keyboard modifier '<Super>Tab'

Fri Oct 11 11:39:36 2019
 XserverDesktop: Added unknown keysym 0x6cb to keycode 253
 XserverDesktop: Added unknown keysym 0x6c1 to keycode 252
xfwm4-Message: 11:39:36.480: Unsupported keyboard modifier '<Super>Tab'

Fri Oct 11 11:39:41 2019
 XserverDesktop: Added unknown keysym 0x6da to keycode 251
xfwm4-Message: 11:39:41.613: Unsupported keyboard modifier '<Super>Tab'

Fri Oct 11 11:39:42 2019
 XserverDesktop: Added unknown keysym 0x6ce to keycode 250

Fri Oct 11 11:39:43 2019
 XserverDesktop: Added unknown keysym 0x6d9 to keycode 249
 XserverDesktop: Added unknown keysym 0x6ca to keycode 248
xfwm4-Message: 11:39:43.382: Unsupported keyboard modifier '<Super>Tab'

Fri Oct 11 11:39:46 2019
 XserverDesktop: Added unknown keysym 0x6cd to keycode 247
 XserverDesktop: Added unknown keysym 0x6c5 to keycode 246
xfwm4-Message: 11:39:46.758: Unsupported keyboard modifier '<Super>Tab'

Fri Oct 11 11:39:48 2019
 XserverDesktop: Added unknown keysym 0x6d3 to keycode 245
 XserverDesktop: Added unknown keysym 0x6d1 to keycode 244
xfwm4-Message: 11:39:48.350: Unsupported keyboard modifier '<Super>Tab'

Fri Oct 11 11:40:02 2019
 XserverDesktop: Added unknown keysym 0x6c9 to keycode 243
xfwm4-Message: 11:40:02.656: Unsupported keyboard modifier '<Super>Tab'

Fri Oct 11 11:40:06 2019
 XserverDesktop: Added unknown keysym 0x6c3 to keycode 242
xfwm4-Message: 11:40:06.325: Unsupported keyboard modifier '<Super>Tab'

Fri Oct 11 11:40:09 2019
 XserverDesktop: Added unknown keysym 0x6d0 to keycode 241
 XserverDesktop: Added unknown keysym 0x6d2 to keycode 240
xfwm4-Message: 11:40:09.526: Unsupported keyboard modifier '<Super>Tab'

Fri Oct 11 11:40:12 2019
 XserverDesktop: Added unknown keysym 0x6c4 to keycode 239
 XserverDesktop: Added unknown keysym 0x6cc to keycode 238
xfwm4-Message: 11:40:12.797: Unsupported keyboard modifier '<Super>Tab'

Fri Oct 11 11:41:33 2019
 XserverDesktop: Added unknown keysym 0x6a3 to keycode 237
xfwm4-Message: 11:41:33.754: Unsupported keyboard modifier '<Super>Tab'

Fri Oct 11 11:42:34 2019
 XserverDesktop: Added unknown keysym 0x6cf to keycode 236
xfwm4-Message: 11:42:34.366: Unsupported keyboard modifier '<Super>Tab'

Fri Oct 11 11:44:48 2019
 XserverDesktop: Added unknown keysym 0x6c0 to keycode 235
xfwm4-Message: 11:44:48.959: Unsupported keyboard modifier '<Super>Tab'

Fri Oct 11 12:06:34 2019
 Connections: closed: 0.0.0.0::50062 (Clean disconnection)
 SMsgWriter:  framebuffer updates 5263
 SMsgWriter:    copyRect rects 1119, bytes 17904
 SMsgWriter:    hextile rects 29530, bytes 53998899
 SMsgWriter:    raw bytes equivalent 563882540, compression ratio 10.442482

Fri Oct 11 12:06:50 2019
 Connections: accepted: 0.0.0.0::50197
 SConnection: Client needs protocol version 3.8
 SConnection: Client requests security type VncAuth(2)

Fri Oct 11 12:06:53 2019
 SConnection: AuthFailureException: Authentication failure
 Connections: closed: 0.0.0.0::50197 (Authentication failure)

Fri Oct 11 12:06:58 2019
 Connections: accepted: 0.0.0.0::50198
 SConnection: Client needs protocol version 3.8
 SConnection: Client requests security type VncAuth(2)

Fri Oct 11 12:07:02 2019
 VNCSConnST:  Server default pixel format depth 16 (16bpp) little-endian rgb565
 VNCSConnST:  Client pixel format depth 16 (16bpp) little-endian rgb565
AUDIT: Fri Oct 11 12:07:35 2019: 14988 Xvnc4: client 8 rejected from local host
AUDIT: Fri Oct 11 12:07:52 2019: 14988 Xvnc4: client 8 rejected from local host
AUDIT: Fri Oct 11 12:07:52 2019: 14988 Xvnc4: client 8 rejected from local host
AUDIT: Fri Oct 11 12:07:53 2019: 14988 Xvnc4: client 8 rejected from local host
AUDIT: Fri Oct 11 12:07:54 2019: 14988 Xvnc4: client 8 rejected from local host
AUDIT: Fri Oct 11 12:08:18 2019: 14988 Xvnc4: client 8 rejected from local host
AUDIT: Fri Oct 11 12:08:19 2019: 14988 Xvnc4: client 8 rejected from local host

Fri Oct 11 12:43:25 2019
 Connections: closed: 0.0.0.0::50198 (Clean disconnection)
 SMsgWriter:  framebuffer updates 527
 SMsgWriter:    copyRect rects 170, bytes 2720
 SMsgWriter:    hextile rects 1924, bytes 25472482
 SMsgWriter:    raw bytes equivalent 321625258, compression ratio 12.626381
x-window-manager: Fatal IO error 4 (Interrupted system call) on X server :27.
