
Xvnc Free Edition 4.1.1 - built Feb 25 2015 23:02:21
Copyright (C) 2002-2005 RealVNC Ltd.
See http://www.realvnc.com for information on VNC.
Underlying X server release 40300000, The XFree86 Project, Inc


Fri Sep 20 08:21:48 2019
 vncext:      VNC extension running!
 vncext:      Listening for VNC connections on port 5905
 vncext:      created VNC server for screen 0
error opening security policy file /etc/X11/xserver/SecurityPolicy
Could not init font path element /usr/X11R6/lib/X11/fonts/Type1/, removing from list!
Could not init font path element /usr/X11R6/lib/X11/fonts/Speedo/, removing from list!
Could not init font path element /usr/X11R6/lib/X11/fonts/misc/, removing from list!
Could not init font path element /usr/X11R6/lib/X11/fonts/75dpi/, removing from list!
Could not init font path element /usr/X11R6/lib/X11/fonts/100dpi/, removing from list!
Could not init font path element /usr/share/fonts/X11/75dpi/, removing from list!
Could not init font path element /usr/share/fonts/X11/100dpi/, removing from list!

(x-window-manager:42646): xfwm4-WARNING **: 08:21:51.380: The display does not support the XRender extension.

(x-window-manager:42646): xfwm4-WARNING **: 08:21:51.380: The display does not support the XComposite extension.

(x-window-manager:42646): xfwm4-WARNING **: 08:21:51.380: The display does not support the XDamage extension.

(x-window-manager:42646): xfwm4-WARNING **: 08:21:51.380: The display does not support the XFixes extension.

(x-window-manager:42646): xfwm4-WARNING **: 08:21:51.380: Compositing manager disabled.
xfwm4-Message: 08:21:51.446: Unsupported keyboard modifier '<Super>Tab'

(x-window-manager:42646): xfwm4-WARNING **: 08:21:51.451: Failed to connect to session manager: Failed to connect to the session manager: SESSION_MANAGER environment variable not defined
Failed to connect to session manager: Failed to connect to the session manager: SESSION_MANAGER environment variable not defined

Fri Sep 20 08:22:26 2019
 Connections: accepted: 0.0.0.0::49851
 SConnection: Client needs protocol version 3.8
 SConnection: Client requests security type VncAuth(2)

Fri Sep 20 08:22:31 2019
 SConnection: AuthFailureException: Authentication failure
 Connections: closed: 0.0.0.0::49851 (Authentication failure)

Fri Sep 20 08:22:38 2019
 Connections: accepted: 0.0.0.0::49852
 SConnection: Client needs protocol version 3.8
 SConnection: Client requests security type VncAuth(2)

Fri Sep 20 08:22:41 2019
 VNCSConnST:  Server default pixel format depth 16 (16bpp) little-endian rgb565
 VNCSConnST:  Client pixel format depth 16 (16bpp) little-endian rgb565

Fri Sep 20 08:37:38 2019
 XserverDesktop: Added unknown keysym 0x6c7 to keycode 255
 XserverDesktop: Added unknown keysym 0x6cf to keycode 254
 XserverDesktop: Added unknown keysym 0x6c4 to keycode 253
 XserverDesktop: Added unknown keysym 0x6c1 to keycode 252
xfwm4-Message: 08:37:38.982: Unsupported keyboard modifier '<Super>Tab'

Fri Sep 20 08:37:39 2019
 XserverDesktop: Added unknown keysym 0x6f6 to keycode 251
xfwm4-Message: 08:37:39.998: Unsupported keyboard modifier '<Super>Tab'

Fri Sep 20 08:39:14 2019
 XserverDesktop: Added unknown keysym 0x6f0 to keycode 250
xfwm4-Message: 08:39:14.261: Unsupported keyboard modifier '<Super>Tab'
 XserverDesktop: Added unknown keysym 0x6d2 to keycode 249
 XserverDesktop: Added unknown keysym 0x6d1 to keycode 248
xfwm4-Message: 08:39:14.735: Unsupported keyboard modifier '<Super>Tab'

Fri Sep 20 08:39:17 2019
 XserverDesktop: Added unknown keysym 0x6cb to keycode 247
xfwm4-Message: 08:39:17.942: Unsupported keyboard modifier '<Super>Tab'

Fri Sep 20 08:39:18 2019
 XserverDesktop: Added unknown keysym 0x6d7 to keycode 246
 XserverDesktop: Added unknown keysym 0x6d9 to keycode 245
xfwm4-Message: 08:39:18.382: Unsupported keyboard modifier '<Super>Tab'
 XserverDesktop: Added unknown keysym 0x6ca to keycode 244
xfwm4-Message: 08:39:18.718: Unsupported keyboard modifier '<Super>Tab'

Fri Sep 20 08:39:19 2019
 XserverDesktop: Added unknown keysym 0x6ce to keycode 243
 XserverDesktop: Added unknown keysym 0x6cd to keycode 242
 XserverDesktop: Added unknown keysym 0x6c5 to keycode 241
xfwm4-Message: 08:39:20.118: Unsupported keyboard modifier '<Super>Tab'

Fri Sep 20 08:39:24 2019
 XserverDesktop: Added unknown keysym 0x6d4 to keycode 240
xfwm4-Message: 08:39:24.309: Unsupported keyboard modifier '<Super>Tab'
 XserverDesktop: Added unknown keysym 0x6c2 to keycode 239
xfwm4-Message: 08:39:24.775: Unsupported keyboard modifier '<Super>Tab'

Fri Sep 20 08:39:25 2019
 XserverDesktop: Added unknown keysym 0x6d8 to keycode 238
xfwm4-Message: 08:39:25.653: Unsupported keyboard modifier '<Super>Tab'

Fri Sep 20 08:39:26 2019
 XserverDesktop: Added unknown keysym 0x6db to keycode 237
xfwm4-Message: 08:39:26.503: Unsupported keyboard modifier '<Super>Tab'

Fri Sep 20 08:39:27 2019
 XserverDesktop: Added unknown keysym 0xf3 to keycode 236
 XserverDesktop: Added unknown keysym 0x6cc to keycode 235
xfwm4-Message: 08:39:27.422: Unsupported keyboard modifier '<Super>Tab'
 XserverDesktop: Added unknown keysym 0x6c9 to keycode 234
xfwm4-Message: 08:39:27.878: Unsupported keyboard modifier '<Super>Tab'

Fri Sep 20 08:40:24 2019
 XserverDesktop: Added unknown keysym 0x6f3 to keycode 233
xfwm4-Message: 08:40:25.157: Unsupported keyboard modifier '<Super>Tab'

Fri Sep 20 08:40:28 2019
 XserverDesktop: Added unknown keysym 0x6fe to keycode 232
xfwm4-Message: 08:40:28.509: Unsupported keyboard modifier '<Super>Tab'
AUDIT: Fri Sep 20 08:44:36 2019: 42627 Xvnc4: client 7 rejected from local host
AUDIT: Fri Sep 20 08:45:09 2019: 42627 Xvnc4: client 7 rejected from local host

Fri Sep 20 08:57:43 2019
 XserverDesktop: Added unknown keysym 0x6c3 to keycode 231
xfwm4-Message: 08:57:43.434: Unsupported keyboard modifier '<Super>Tab'

Fri Sep 20 08:57:47 2019
 XserverDesktop: Added unknown keysym 0x6a3 to keycode 230
 XserverDesktop: Added unknown keysym 0x6c8 to keycode 229
xfwm4-Message: 08:57:47.618: Unsupported keyboard modifier '<Super>Tab'

Fri Sep 20 08:57:48 2019
 XserverDesktop: Added unknown keysym 0x6da to keycode 228
xfwm4-Message: 08:57:48.458: Unsupported keyboard modifier '<Super>Tab'

Fri Sep 20 09:09:12 2019
 XserverDesktop: Added unknown keysym 0x6c0 to keycode 227
xfwm4-Message: 09:09:13.231: Unsupported keyboard modifier '<Super>Tab'

Fri Sep 20 09:13:39 2019
 Connections: closed: 0.0.0.0::49852 (Clean disconnection)
 SMsgWriter:  framebuffer updates 13999
 SMsgWriter:    copyRect rects 21161, bytes 338576
 SMsgWriter:    hextile rects 55302, bytes 73454230
 SMsgWriter:    raw bytes equivalent 904975798, compression ratio 12.320268

Fri Sep 20 09:14:06 2019
 Connections: accepted: 0.0.0.0::49931
 SConnection: Client needs protocol version 3.8
 SConnection: Client requests security type VncAuth(2)

Fri Sep 20 09:14:10 2019
 SConnection: AuthFailureException: Authentication failure
 Connections: closed: 0.0.0.0::49931 (Authentication failure)

Fri Sep 20 09:14:13 2019
 Connections: accepted: 0.0.0.0::49932
 SConnection: Client needs protocol version 3.8
 SConnection: Client requests security type VncAuth(2)

Fri Sep 20 09:14:17 2019
 VNCSConnST:  Server default pixel format depth 16 (16bpp) little-endian rgb565
 VNCSConnST:  Client pixel format depth 16 (16bpp) little-endian rgb565

Fri Sep 20 09:15:47 2019
 Connections: closed: 0.0.0.0::49932 (Clean disconnection)
 SMsgWriter:  framebuffer updates 557
 SMsgWriter:    copyRect rects 2236, bytes 35776
 SMsgWriter:    hextile rects 2656, bytes 3069425
 SMsgWriter:    raw bytes equivalent 33939462, compression ratio 11.057270

Fri Sep 20 09:15:57 2019
 Connections: accepted: 0.0.0.0::49936
 SConnection: Client needs protocol version 3.8
 SConnection: Client requests security type VncAuth(2)

Fri Sep 20 09:16:07 2019
 VNCSConnST:  Server default pixel format depth 16 (16bpp) little-endian rgb565
 VNCSConnST:  Client pixel format depth 16 (16bpp) little-endian rgb565

Fri Sep 20 09:17:09 2019
 Connections: closed: 0.0.0.0::49936 (Clean disconnection)
 SMsgWriter:  framebuffer updates 204
 SMsgWriter:    copyRect rects 826, bytes 13216
 SMsgWriter:    hextile rects 730, bytes 1470819
 SMsgWriter:    raw bytes equivalent 18634284, compression ratio 12.669325

Fri Sep 20 09:17:12 2019
 Connections: accepted: 0.0.0.0::49939
 SConnection: Client needs protocol version 3.8
 SConnection: Client requests security type VncAuth(2)

Fri Sep 20 09:17:15 2019
 VNCSConnST:  Server default pixel format depth 16 (16bpp) little-endian rgb565
 VNCSConnST:  Client pixel format depth 16 (16bpp) little-endian rgb565
 VNCSConnST:  Client pixel format depth 16 (16bpp) little-endian rgb565

Fri Sep 20 09:17:20 2019
 Connections: closed: 0.0.0.0::49939 (Clean disconnection)
 SMsgWriter:  framebuffer updates 3
 SMsgWriter:    hextile rects 2, bytes 8298
 SMsgWriter:    ZRLE rects 2, bytes 310
 SMsgWriter:    raw bytes equivalent 12441968, compression ratio 1445.395911

Fri Sep 20 09:20:19 2019
 Connections: accepted: 0.0.0.0::49948
 SConnection: Client needs protocol version 3.8
 SConnection: Client requests security type VncAuth(2)

Fri Sep 20 09:20:23 2019
 VNCSConnST:  Server default pixel format depth 16 (16bpp) little-endian rgb565
 VNCSConnST:  Client pixel format depth 16 (16bpp) little-endian rgb565
 VNCSConnST:  Client pixel format depth 16 (16bpp) little-endian rgb565

Fri Sep 20 09:21:49 2019
 VNCSConnST:  Client pixel format depth 16 (16bpp) little-endian rgb565

Fri Sep 20 09:22:49 2019
 VNCSConnST:  Client pixel format depth 16 (16bpp) little-endian rgb565

Fri Sep 20 09:24:19 2019
 VNCSConnST:  Client pixel format depth 16 (16bpp) little-endian rgb565

Fri Sep 20 09:25:19 2019
 VNCSConnST:  Client pixel format depth 16 (16bpp) little-endian rgb565

Fri Sep 20 09:26:49 2019
 VNCSConnST:  Client pixel format depth 16 (16bpp) little-endian rgb565

Fri Sep 20 09:27:49 2019
 VNCSConnST:  Client pixel format depth 16 (16bpp) little-endian rgb565

Fri Sep 20 09:29:19 2019
 VNCSConnST:  Client pixel format depth 16 (16bpp) little-endian rgb565

Fri Sep 20 09:30:19 2019
 VNCSConnST:  Client pixel format depth 16 (16bpp) little-endian rgb565

Fri Sep 20 12:31:49 2019
 VNCSConnST:  Client pixel format depth 16 (16bpp) little-endian rgb565

Fri Sep 20 12:32:49 2019
 VNCSConnST:  Client pixel format depth 16 (16bpp) little-endian rgb565

Fri Sep 20 12:34:19 2019
 VNCSConnST:  Client pixel format depth 16 (16bpp) little-endian rgb565

Fri Sep 20 12:35:19 2019
 VNCSConnST:  Client pixel format depth 16 (16bpp) little-endian rgb565

Fri Sep 20 12:36:49 2019
 VNCSConnST:  Client pixel format depth 16 (16bpp) little-endian rgb565

Fri Sep 20 12:37:49 2019
 VNCSConnST:  Client pixel format depth 16 (16bpp) little-endian rgb565

Fri Sep 20 12:39:19 2019
 VNCSConnST:  Client pixel format depth 16 (16bpp) little-endian rgb565

Fri Sep 20 12:40:49 2019
 VNCSConnST:  Client pixel format depth 16 (16bpp) little-endian rgb565

Fri Sep 20 12:41:49 2019
 VNCSConnST:  Client pixel format depth 16 (16bpp) little-endian rgb565

Fri Sep 20 12:43:15 2019
 Connections: closed: 0.0.0.0::49948 (read: Connection reset by peer (104))
 SMsgWriter:  framebuffer updates 64
 SMsgWriter:    hextile rects 2, bytes 8294
 SMsgWriter:    ZRLE rects 63, bytes 9582
 SMsgWriter:    raw bytes equivalent 265421880, compression ratio 14847.945849
x-window-manager: Fatal IO error 11 (Resource temporarily unavailable) on X server :5.
