
Xvnc Free Edition 4.1.1 - built Feb 25 2015 23:02:21
Copyright (C) 2002-2005 RealVNC Ltd.
See http://www.realvnc.com for information on VNC.
Underlying X server release 40300000, The XFree86 Project, Inc


Fri Nov 15 11:36:29 2019
 vncext:      VNC extension running!
 vncext:      Listening for VNC connections on port 5918
 vncext:      created VNC server for screen 0
error opening security policy file /etc/X11/xserver/SecurityPolicy
Could not init font path element /usr/X11R6/lib/X11/fonts/Type1/, removing from list!
Could not init font path element /usr/X11R6/lib/X11/fonts/Speedo/, removing from list!
Could not init font path element /usr/X11R6/lib/X11/fonts/misc/, removing from list!
Could not init font path element /usr/X11R6/lib/X11/fonts/75dpi/, removing from list!
Could not init font path element /usr/X11R6/lib/X11/fonts/100dpi/, removing from list!
Could not init font path element /usr/share/fonts/X11/75dpi/, removing from list!
Could not init font path element /usr/share/fonts/X11/100dpi/, removing from list!
xrdb: No such file or directory
xrdb: can't open file '/home/is28/kruglov28/.Xresources'
/usr/bin/startxfce4: X server already running on display :18
gpg-agent[36894]: WARNING: "--write-env-file" is an obsolete option - it has no effect
gpg-agent: a gpg-agent is already running - not starting a new one

(xfce4-session:36884): xfce4-session-WARNING **: 11:36:32.610: gpg-agent returned no PID in the variables

(xfce4-session:36884): xfce4-session-WARNING **: 11:36:32.617: xfsm_manager_load_session: Something wrong with /home/is28/kruglov28/.cache/sessions/xfce4-session-virt-1:18, Does it exist? Permissions issue?

(xfwm4:36898): xfwm4-WARNING **: 11:36:32.651: The display does not support the XRender extension.

(xfwm4:36898): xfwm4-WARNING **: 11:36:32.651: The display does not support the XComposite extension.

(xfwm4:36898): xfwm4-WARNING **: 11:36:32.651: The display does not support the XDamage extension.

(xfwm4:36898): xfwm4-WARNING **: 11:36:32.651: The display does not support the XFixes extension.

(xfwm4:36898): xfwm4-WARNING **: 11:36:32.651: Compositing manager disabled.
(uint32 1,)
xfwm4-Message: 11:36:32.725: Unsupported keyboard modifier '<Super>Tab'

(xfsettingsd:36911): xfsettingsd-CRITICAL **: 11:36:32.771: RANDR extension is too old, version 1.1. Display settings won't be applied.
Xlib:  extension "XInputExtension" missing on display ":18.0".

(xfsettingsd:36911): xfsettingsd-CRITICAL **: 11:36:32.772: XI is not present.

(xfsettingsd:36911): xfsettingsd-CRITICAL **: 11:36:32.772: Failed to initialize the Xkb extension.

(xfsettingsd:36911): xfsettingsd-CRITICAL **: 11:36:32.772: Failed to initialize the Accessibility extension.

** (light-locker:36907): ERROR **: 11:36:32.782: Environment variable XDG_SESSION_PATH not set. Is LightDM running?

(polkit-gnome-authentication-agent-1:36909): GLib-CRITICAL **: 11:36:32.813: g_variant_new_string: assertion 'string != NULL' failed

(polkit-gnome-authentication-agent-1:36909): polkit-gnome-1-WARNING **: 11:36:32.817: Failed to register client: GDBus.Error:org.freedesktop.DBus.Error.ServiceUnknown: The name org.gnome.SessionManager was not provided by any .service files
xfwm4-Message: 11:36:32.920: Unsupported keyboard modifier '<Super>Tab'

(nm-applet:36980): Gtk-WARNING **: 11:36:33.467: Can't set a parent on widget which has a parent

(nm-applet:36980): Gdk-CRITICAL **: 11:36:33.634: gdk_window_thaw_toplevel_updates: assertion 'window->update_and_descendants_freeze_count > 0' failed

Fri Nov 15 11:36:41 2019
 Connections: accepted: 0.0.0.0::49312
 SConnection: Client needs protocol version 3.8
 SConnection: Client requests security type VncAuth(2)

Fri Nov 15 11:36:44 2019
 VNCSConnST:  Server default pixel format depth 16 (16bpp) little-endian rgb565
 VNCSConnST:  Client pixel format depth 16 (16bpp) little-endian rgb565
/usr/lib/ubuntu-release-upgrader/check-new-release-gtk:30: PyGIWarning: Gtk was imported without specifying a version first. Use gi.require_version('Gtk', '3.0') before import to ensure that the right version gets loaded.
  from gi.repository import Gtk
WARNING:root:timeout reached, exiting
/usr/lib/python3/dist-packages/blueman/plugins/applet/AppIndicator.py:8: PyGIWarning: AppIndicator3 was imported without specifying a version first. Use gi.require_version('AppIndicator3', '0.1') before import to ensure that the right version gets loaded.
  from gi.repository import AppIndicator3 as girAppIndicator
ERROR:dbus.proxies:Introspect error on org.bluez:/org/bluez: dbus.exceptions.DBusException: org.freedesktop.DBus.Error.AccessDenied: Rejected send message, 2 matched rules; type="method_call", sender=":1.4308" (uid=1274 pid=36968 comm="/usr/bin/python3 /usr/bin/blueman-applet " label="unconfined") interface="org.freedesktop.DBus.Introspectable" member="Introspect" error name="(unset)" requested_reply="0" destination="org.bluez" (bus)
ERROR:dbus.proxies:Introspect error on org.bluez:/: dbus.exceptions.DBusException: org.freedesktop.DBus.Error.AccessDenied: Rejected send message, 2 matched rules; type="method_call", sender=":1.4308" (uid=1274 pid=36968 comm="/usr/bin/python3 /usr/bin/blueman-applet " label="unconfined") interface="org.freedesktop.DBus.Introspectable" member="Introspect" error name="(unset)" requested_reply="0" destination="org.bluez" (bus)
ERROR:dbus.proxies:Introspect error on org.bluez:/: dbus.exceptions.DBusException: org.freedesktop.DBus.Error.AccessDenied: Rejected send message, 2 matched rules; type="method_call", sender=":1.4308" (uid=1274 pid=36968 comm="/usr/bin/python3 /usr/bin/blueman-applet " label="unconfined") interface="org.freedesktop.DBus.Introspectable" member="Introspect" error name="(unset)" requested_reply="0" destination="org.bluez" (bus)

(wrapper-1.0:37062): Gdk-WARNING **: 11:36:58.466: /build/gtk+2.0-AoeliP/gtk+2.0-2.24.32/gdk/x11/gdkdrawable-x11.c:952 drawable is not a pixmap or window

(Thunar:36904): Gdk-WARNING **: 11:37:49.562: gdk_window_set_icon_list: icons too large

(polkit-gnome-authentication-agent-1:36909): polkit-gnome-1-WARNING **: 11:38:12.284: Couldn't open user icon: Failed to open file '/home/adom/.face': No such file or directory

(polkit-gnome-authentication-agent-1:36909): polkit-gnome-1-WARNING **: 11:38:12.285: Couldn't open user icon: Failed to open file '/home/test/.face': No such file or directory
Gtk-Message: 11:38:12.337: GtkDialog mapped without a transient parent. This is discouraged.

(Thunar:36904): GLib-GIO-CRITICAL **: 11:38:13.758: g_file_hash: assertion 'G_IS_FILE (file)' failed

(Thunar:36904): GLib-GIO-CRITICAL **: 11:38:13.758: g_file_query_info_async: assertion 'G_IS_FILE (file)' failed

(Thunar:36904): GLib-GObject-CRITICAL **: 11:38:13.758: g_object_unref: assertion 'G_IS_OBJECT (object)' failed

(polkit-gnome-authentication-agent-1:36909): polkit-gnome-1-WARNING **: 11:38:14.833: Couldn't open user icon: Failed to open file '/home/adom/.face': No such file or directory

(polkit-gnome-authentication-agent-1:36909): polkit-gnome-1-WARNING **: 11:38:14.834: Couldn't open user icon: Failed to open file '/home/test/.face': No such file or directory
Gtk-Message: 11:38:14.840: GtkDialog mapped without a transient parent. This is discouraged.

(Thunar:36904): GLib-GIO-CRITICAL **: 11:38:16.195: g_file_hash: assertion 'G_IS_FILE (file)' failed

(Thunar:36904): GLib-GIO-CRITICAL **: 11:38:16.195: g_file_query_info_async: assertion 'G_IS_FILE (file)' failed

(Thunar:36904): GLib-GObject-CRITICAL **: 11:38:16.195: g_object_unref: assertion 'G_IS_OBJECT (object)' failed

(Thunar:36904): Gdk-WARNING **: 11:38:17.336: gdk_window_set_icon_list: icons too large
Xlib:  extension "XINERAMA" missing on display ":18.0".
func=xmlSecCheckVersionExt:file=xmlsec.c:line=188:obj=unknown:subj=unknown:error=19:invalid version:mode=abi compatible;expected minor version=2;real minor version=2;expected subminor version=25;real subminor version=26

(soffice:37508): GLib-GObject-WARNING **: 11:38:27.432: ../../../../gobject/gsignal.c:3492: signal name 'selection_changed' is invalid for instance '0x55f9a67796a0' of type 'OOoAtkObjCompTxt'
func=xmlSecCheckVersionExt:file=xmlsec.c:line=188:obj=unknown:subj=unknown:error=19:invalid version:mode=abi compatible;expected minor version=2;real minor version=2;expected subminor version=25;real subminor version=26

(Thunar:36904): Gdk-WARNING **: 11:50:14.230: gdk_window_set_icon_list: icons too large
func=xmlSecCheckVersionExt:file=xmlsec.c:line=188:obj=unknown:subj=unknown:error=19:invalid version:mode=abi compatible;expected minor version=2;real minor version=2;expected subminor version=25;real subminor version=26
AUDIT: Fri Nov 15 11:52:39 2019: 36861 Xvnc4: client 19 rejected from local host
No protocol specified
Unable to init server: Could not connect: Connection refused
Cannot parse arguments: Cannot open display: 
AUDIT: Fri Nov 15 11:52:54 2019: 36861 Xvnc4: client 19 rejected from local host
No protocol specified
Unable to init server: Could not connect: Connection refused
Cannot parse arguments: Cannot open display: 
AUDIT: Fri Nov 15 11:53:13 2019: 36861 Xvnc4: client 19 rejected from local host
No protocol specified
Unable to init server: Could not connect: Connection refused
Cannot parse arguments: Cannot open display: 
AUDIT: Fri Nov 15 11:53:17 2019: 36861 Xvnc4: client 19 rejected from local host
No protocol specified
Unable to init server: Could not connect: Connection refused
Cannot parse arguments: Cannot open display: 
AUDIT: Fri Nov 15 11:53:17 2019: 36861 Xvnc4: client 19 rejected from local host
No protocol specified
Unable to init server: Could not connect: Connection refused
Cannot parse arguments: Cannot open display: 
AUDIT: Fri Nov 15 11:56:36 2019: 36861 Xvnc4: client 19 rejected from local host
No protocol specified
Unable to init server: Could not connect: Connection refused
Cannot parse arguments: Cannot open display: 
AUDIT: Fri Nov 15 11:56:45 2019: 36861 Xvnc4: client 19 rejected from local host
No protocol specified
Unable to init server: Could not connect: Connection refused
Cannot parse arguments: Cannot open display: 
AUDIT: Fri Nov 15 11:56:47 2019: 36861 Xvnc4: client 19 rejected from local host
No protocol specified
Unable to init server: Could not connect: Connection refused
Cannot parse arguments: Cannot open display: 
AUDIT: Fri Nov 15 11:56:47 2019: 36861 Xvnc4: client 19 rejected from local host
No protocol specified
Unable to init server: Could not connect: Connection refused
Cannot parse arguments: Cannot open display: 
func=xmlSecCheckVersionExt:file=xmlsec.c:line=188:obj=unknown:subj=unknown:error=19:invalid version:mode=abi compatible;expected minor version=2;real minor version=2;expected subminor version=25;real subminor version=26

Fri Nov 15 12:37:50 2019
 Connections: closed: 0.0.0.0::49312 (Clean disconnection)
 SMsgWriter:  framebuffer updates 30168
 SMsgWriter:    copyRect rects 5776, bytes 92416
 SMsgWriter:    hextile rects 3556134, bytes 691283
 SMsgWriter:    raw bytes equivalent -1736158734, compression ratio
              -2511.502140

(xfwm4:36898): libxfce4ui-WARNING **: 13:43:43.403: ICE I/O Error

(xfdesktop:36906): libxfce4ui-WARNING **: 13:43:43.403: ICE I/O Error

(xfwm4:36898): libxfce4ui-WARNING **: 13:43:43.433: Disconnected from session manager.

(xfdesktop:36906): libxfce4ui-WARNING **: 13:43:43.433: Disconnected from session manager.

(xfdesktop:36906): GVFS-RemoteVolumeMonitor-WARNING **: 13:43:49.090: Owner of volume monitor org.gtk.vfs.GoaVolumeMonitor disconnected from the bus; removing drives/volumes/mounts

(xfdesktop:36906): GVFS-RemoteVolumeMonitor-WARNING **: 13:43:49.090: Owner of volume monitor org.gtk.vfs.UDisks2VolumeMonitor disconnected from the bus; removing drives/volumes/mounts

(xfdesktop:36906): GVFS-RemoteVolumeMonitor-WARNING **: 13:43:49.090: Owner of volume monitor org.gtk.vfs.GPhoto2VolumeMonitor disconnected from the bus; removing drives/volumes/mounts
xfwm4: Fatal IO error 25 (Inappropriate ioctl for device) on X server :18.0.
xfdesktop: Fatal IO error 25 (Inappropriate ioctl for device) on X server :18.0.
