
Xvnc Free Edition 4.1.1 - built Feb 25 2015 23:02:21
Copyright (C) 2002-2005 RealVNC Ltd.
See http://www.realvnc.com for information on VNC.
Underlying X server release 40300000, The XFree86 Project, Inc


Thu Mar  5 09:54:36 2020
 vncext:      VNC extension running!
 vncext:      Listening for VNC connections on port 5916
 vncext:      created VNC server for screen 0
error opening security policy file /etc/X11/xserver/SecurityPolicy
Could not init font path element /usr/X11R6/lib/X11/fonts/Type1/, removing from list!
Could not init font path element /usr/X11R6/lib/X11/fonts/Speedo/, removing from list!
Could not init font path element /usr/X11R6/lib/X11/fonts/misc/, removing from list!
Could not init font path element /usr/X11R6/lib/X11/fonts/75dpi/, removing from list!
Could not init font path element /usr/X11R6/lib/X11/fonts/100dpi/, removing from list!
Could not init font path element /usr/share/fonts/X11/75dpi/, removing from list!
Could not init font path element /usr/share/fonts/X11/100dpi/, removing from list!
xrdb: No such file or directory
xrdb: can't open file '/home/is28/kruglov28/.Xresources'
/usr/bin/startxfce4: X server already running on display :16
gpg-agent[15918]: WARNING: "--write-env-file" is an obsolete option - it has no effect
gpg-agent: a gpg-agent is already running - not starting a new one

(xfce4-session:15908): xfce4-session-WARNING **: 09:54:40.040: gpg-agent returned no PID in the variables

(xfce4-session:15908): xfce4-session-WARNING **: 09:54:40.046: xfsm_manager_load_session: Something wrong with /home/is28/kruglov28/.cache/sessions/xfce4-session-virt-1:16, Does it exist? Permissions issue?

(xfwm4:15922): xfwm4-WARNING **: 09:54:40.070: The display does not support the XRender extension.

(xfwm4:15922): xfwm4-WARNING **: 09:54:40.070: The display does not support the XComposite extension.

(xfwm4:15922): xfwm4-WARNING **: 09:54:40.070: The display does not support the XDamage extension.

(xfwm4:15922): xfwm4-WARNING **: 09:54:40.070: The display does not support the XFixes extension.

(xfwm4:15922): xfwm4-WARNING **: 09:54:40.070: Compositing manager disabled.

** (light-locker:15932): ERROR **: 09:54:40.119: Environment variable XDG_SESSION_PATH not set. Is LightDM running?

(polkit-gnome-authentication-agent-1:15934): GLib-CRITICAL **: 09:54:40.154: g_variant_new_string: assertion 'string != NULL' failed

(polkit-gnome-authentication-agent-1:15934): polkit-gnome-1-WARNING **: 09:54:40.159: Failed to register client: GDBus.Error:org.freedesktop.DBus.Error.ServiceUnknown: The name org.gnome.SessionManager was not provided by any .service files
xfwm4-Message: 09:54:40.175: Unsupported keyboard modifier '<Super>Tab'
(uint32 1,)

(xfsettingsd:15931): xfsettingsd-CRITICAL **: 09:54:40.203: RANDR extension is too old, version 1.1. Display settings won't be applied.
Xlib:  extension "XInputExtension" missing on display ":16.0".

(xfsettingsd:15931): xfsettingsd-CRITICAL **: 09:54:40.204: XI is not present.

(xfsettingsd:15931): xfsettingsd-CRITICAL **: 09:54:40.204: Failed to initialize the Xkb extension.

(xfsettingsd:15931): xfsettingsd-CRITICAL **: 09:54:40.204: Failed to initialize the Accessibility extension.
xfwm4-Message: 09:54:40.308: Unsupported keyboard modifier '<Super>Tab'

(nm-applet:16013): Gtk-WARNING **: 09:54:40.555: Can't set a parent on widget which has a parent

(nm-applet:16013): Gdk-CRITICAL **: 09:54:40.704: gdk_window_thaw_toplevel_updates: assertion 'window->update_and_descendants_freeze_count > 0' failed

Thu Mar  5 09:54:51 2020
 Connections: accepted: 0.0.0.0::49848
 SConnection: Client needs protocol version 3.8
 SConnection: Client requests security type VncAuth(2)

Thu Mar  5 09:54:54 2020
 VNCSConnST:  Server default pixel format depth 16 (16bpp) little-endian rgb565
 VNCSConnST:  Client pixel format depth 16 (16bpp) little-endian rgb565

(polkit-gnome-authentication-agent-1:15934): polkit-gnome-1-WARNING **: 09:55:05.136: Couldn't open user icon: Failed to open file '/home/adom/.face': No such file or directory

(polkit-gnome-authentication-agent-1:15934): polkit-gnome-1-WARNING **: 09:55:05.147: Couldn't open user icon: Failed to open file '/home/test/.face': No such file or directory
Gtk-Message: 09:55:05.184: GtkDialog mapped without a transient parent. This is discouraged.
/usr/lib/python3/dist-packages/blueman/plugins/applet/AppIndicator.py:8: PyGIWarning: AppIndicator3 was imported without specifying a version first. Use gi.require_version('AppIndicator3', '0.1') before import to ensure that the right version gets loaded.
  from gi.repository import AppIndicator3 as girAppIndicator
ERROR:dbus.proxies:Introspect error on org.bluez:/org/bluez: dbus.exceptions.DBusException: org.freedesktop.DBus.Error.AccessDenied: Rejected send message, 2 matched rules; type="method_call", sender=":1.718" (uid=1274 pid=15998 comm="/usr/bin/python3 /usr/bin/blueman-applet " label="unconfined") interface="org.freedesktop.DBus.Introspectable" member="Introspect" error name="(unset)" requested_reply="0" destination="org.bluez" (bus)
ERROR:dbus.proxies:Introspect error on org.bluez:/: dbus.exceptions.DBusException: org.freedesktop.DBus.Error.AccessDenied: Rejected send message, 2 matched rules; type="method_call", sender=":1.718" (uid=1274 pid=15998 comm="/usr/bin/python3 /usr/bin/blueman-applet " label="unconfined") interface="org.freedesktop.DBus.Introspectable" member="Introspect" error name="(unset)" requested_reply="0" destination="org.bluez" (bus)
ERROR:dbus.proxies:Introspect error on org.bluez:/: dbus.exceptions.DBusException: org.freedesktop.DBus.Error.AccessDenied: Rejected send message, 2 matched rules; type="method_call", sender=":1.718" (uid=1274 pid=15998 comm="/usr/bin/python3 /usr/bin/blueman-applet " label="unconfined") interface="org.freedesktop.DBus.Introspectable" member="Introspect" error name="(unset)" requested_reply="0" destination="org.bluez" (bus)

(wrapper-1.0:16078): Gdk-WARNING **: 09:55:05.751: /build/gtk+2.0-AoeliP/gtk+2.0-2.24.32/gdk/x11/gdkdrawable-x11.c:952 drawable is not a pixmap or window
Error: GDBus.Error:org.freedesktop.DBus.Error.AuthFailed: Not authorized.
Gtk-Message: 09:55:07.878: GtkDialog mapped without a transient parent. This is discouraged.

(Thunar:15928): Gdk-WARNING **: 09:55:12.853: gdk_window_set_icon_list: icons too large

Thu Mar  5 10:02:33 2020
 Connections: closed: 0.0.0.0::49848 (Clean disconnection)
 SMsgWriter:  framebuffer updates 2379
 SMsgWriter:    copyRect rects 4916, bytes 78656
 SMsgWriter:    hextile rects 10079, bytes 14503048
 SMsgWriter:    raw bytes equivalent 123230232, compression ratio 8.496851
/usr/lib/ubuntu-release-upgrader/check-new-release-gtk:30: PyGIWarning: Gtk was imported without specifying a version first. Use gi.require_version('Gtk', '3.0') before import to ensure that the right version gets loaded.
  from gi.repository import Gtk
WARNING:root:timeout reached, exiting
xfwm4: Fatal IO error 4 (Interrupted system call) on X server :16.0.
xfdesktop: Fatal IO error 4 (Interrupted system call) on X server :16.0.
