
Xvnc Free Edition 4.1.1 - built Feb 25 2015 23:02:21
Copyright (C) 2002-2005 RealVNC Ltd.
See http://www.realvnc.com for information on VNC.
Underlying X server release 40300000, The XFree86 Project, Inc


Thu Feb 20 09:44:42 2020
 vncext:      VNC extension running!
 vncext:      Listening for VNC connections on port 5901
 vncext:      created VNC server for screen 0
error opening security policy file /etc/X11/xserver/SecurityPolicy
Could not init font path element /usr/X11R6/lib/X11/fonts/Type1/, removing from list!
Could not init font path element /usr/X11R6/lib/X11/fonts/Speedo/, removing from list!
Could not init font path element /usr/X11R6/lib/X11/fonts/misc/, removing from list!
Could not init font path element /usr/X11R6/lib/X11/fonts/75dpi/, removing from list!
Could not init font path element /usr/X11R6/lib/X11/fonts/100dpi/, removing from list!
Could not init font path element /usr/share/fonts/X11/75dpi/, removing from list!
Could not init font path element /usr/share/fonts/X11/100dpi/, removing from list!
xrdb: No such file or directory
xrdb: can't open file '/home/is28/kruglov28/.Xresources'
/usr/bin/startxfce4: X server already running on display :1
xfce4-session: Another session manager is already running

Thu Feb 20 09:45:07 2020
 Connections: accepted: 0.0.0.0::49296
 SConnection: Client needs protocol version 3.8
 SConnection: Client requests security type VncAuth(2)

Thu Feb 20 09:45:14 2020
 VNCSConnST:  Server default pixel format depth 16 (16bpp) little-endian rgb565
 VNCSConnST:  Client pixel format depth 16 (16bpp) little-endian rgb565

Thu Feb 20 09:45:20 2020
 Connections: closed: 0.0.0.0::49296 (Clean disconnection)
 SMsgWriter:  framebuffer updates 2
 SMsgWriter:    hextile rects 3, bytes 2090458
 SMsgWriter:    raw bytes equivalent 4148260, compression ratio 1.984379

Thu Feb 20 09:52:45 2020
 Connections: accepted: 0.0.0.0::49788
 SConnection: Client needs protocol version 3.8
 SConnection: Client requests security type VncAuth(2)

Thu Feb 20 09:52:51 2020
 VNCSConnST:  Server default pixel format depth 16 (16bpp) little-endian rgb565
 VNCSConnST:  Client pixel format depth 16 (16bpp) little-endian rgb565

Thu Feb 20 09:52:54 2020
 Connections: closed: 0.0.0.0::49788 (Clean disconnection)
 SMsgWriter:  framebuffer updates 2
 SMsgWriter:    hextile rects 3, bytes 2090358
 SMsgWriter:    raw bytes equivalent 4148132, compression ratio 1.984412

Thu Feb 20 10:12:17 2020
 Connections: accepted: 0.0.0.0::50559
 SConnection: Client needs protocol version 3.8
 SConnection: Client requests security type VncAuth(2)

Thu Feb 20 10:12:19 2020
 SConnection: AuthFailureException: Authentication failure
 Connections: closed: 0.0.0.0::50559 (Authentication failure)

Thu Feb 20 10:12:25 2020
 Connections: accepted: 0.0.0.0::50560
 SConnection: Client needs protocol version 3.8
 SConnection: Client requests security type VncAuth(2)

Thu Feb 20 10:12:27 2020
 VNCSConnST:  Server default pixel format depth 16 (16bpp) little-endian rgb565
 VNCSConnST:  Client pixel format depth 16 (16bpp) little-endian rgb565

Thu Feb 20 10:48:12 2020
 Connections: closed: 0.0.0.0::50560 (Clean disconnection)
 SMsgWriter:  framebuffer updates 73
 SMsgWriter:    hextile rects 74, bytes 150475732
 SMsgWriter:    raw bytes equivalent 298600312, compression ratio 1.984375
