
Xvnc Free Edition 4.1.1 - built Feb 25 2015 23:02:21
Copyright (C) 2002-2005 RealVNC Ltd.
See http://www.realvnc.com for information on VNC.
Underlying X server release 40300000, The XFree86 Project, Inc


Fri Sep 13 08:30:34 2019
 vncext:      VNC extension running!
 vncext:      Listening for VNC connections on port 5929
 vncext:      created VNC server for screen 0
error opening security policy file /etc/X11/xserver/SecurityPolicy
Could not init font path element /usr/X11R6/lib/X11/fonts/Type1/, removing from list!
Could not init font path element /usr/X11R6/lib/X11/fonts/Speedo/, removing from list!
Could not init font path element /usr/X11R6/lib/X11/fonts/misc/, removing from list!
Could not init font path element /usr/X11R6/lib/X11/fonts/75dpi/, removing from list!
Could not init font path element /usr/X11R6/lib/X11/fonts/100dpi/, removing from list!
Could not init font path element /usr/share/fonts/X11/75dpi/, removing from list!
Could not init font path element /usr/share/fonts/X11/100dpi/, removing from list!

(x-window-manager:54928): xfwm4-WARNING **: 08:30:37.578: The display does not support the XRender extension.

(x-window-manager:54928): xfwm4-WARNING **: 08:30:37.578: The display does not support the XComposite extension.

(x-window-manager:54928): xfwm4-WARNING **: 08:30:37.578: The display does not support the XDamage extension.

(x-window-manager:54928): xfwm4-WARNING **: 08:30:37.578: The display does not support the XFixes extension.

(x-window-manager:54928): xfwm4-WARNING **: 08:30:37.578: Compositing manager disabled.
xfwm4-Message: 08:30:37.641: Unsupported keyboard modifier '<Super>Tab'
Failed to connect to session manager: Failed to connect to the session manager: SESSION_MANAGER environment variable not defined
xfwm4-Message: 08:30:37.666: Unsupported keyboard modifier '<Super>Tab'

(x-window-manager:54928): xfwm4-WARNING **: 08:30:37.674: Failed to connect to session manager: Failed to connect to the session manager: SESSION_MANAGER environment variable not defined

Fri Sep 13 08:31:15 2019
 Connections: accepted: 0.0.0.0::50182
 SConnection: Client needs protocol version 3.8
 SConnection: Client requests security type VncAuth(2)

Fri Sep 13 08:31:19 2019
 VNCSConnST:  Server default pixel format depth 16 (16bpp) little-endian rgb565
 VNCSConnST:  Client pixel format depth 16 (16bpp) little-endian rgb565

Fri Sep 13 08:53:24 2019
 XserverDesktop: Added unknown keysym 0x6f7 to keycode 255
xfwm4-Message: 08:53:25.248: Unsupported keyboard modifier '<Super>Tab'

Fri Sep 13 08:53:25 2019
 XserverDesktop: Added unknown keysym 0x6c5 to keycode 254
xfwm4-Message: 08:53:25.689: Unsupported keyboard modifier '<Super>Tab'

Fri Sep 13 08:53:27 2019
 XserverDesktop: Added unknown keysym 0x6c4 to keycode 253
 XserverDesktop: Added unknown keysym 0x6c9 to keycode 252

Fri Sep 13 08:53:28 2019
 XserverDesktop: Added unknown keysym 0x6d4 to keycode 251
xfwm4-Message: 08:53:28.392: Unsupported keyboard modifier '<Super>Tab'

Fri Sep 13 08:53:29 2019
 XserverDesktop: Added unknown keysym 0x6d2 to keycode 250
 XserverDesktop: Added unknown keysym 0x6cf to keycode 249
 XserverDesktop: Added unknown keysym 0x6c2 to keycode 248
xfwm4-Message: 08:53:29.792: Unsupported keyboard modifier '<Super>Tab'
 XserverDesktop: Added unknown keysym 0x6ce to keycode 247
xfwm4-Message: 08:53:30.152: Unsupported keyboard modifier '<Super>Tab'

Fri Sep 13 08:53:31 2019
 XserverDesktop: Added unknown keysym 0x6de to keycode 246
 XserverDesktop: Added unknown keysym 0x6d3 to keycode 245
 XserverDesktop: Added unknown keysym 0x6cc to keycode 244
xfwm4-Message: 08:53:32.224: Unsupported keyboard modifier '<Super>Tab'

Fri Sep 13 08:58:22 2019
 XserverDesktop: Added unknown keysym 0x6e3 to keycode 243
xfwm4-Message: 08:58:22.569: Unsupported keyboard modifier '<Super>Tab'

Fri Sep 13 08:58:24 2019
 XserverDesktop: Added unknown keysym 0x6c1 to keycode 242

Fri Sep 13 08:58:25 2019
 XserverDesktop: Added unknown keysym 0x6d1 to keycode 241
xfwm4-Message: 08:58:25.295: Unsupported keyboard modifier '<Super>Tab'

Fri Sep 13 08:58:26 2019
 XserverDesktop: Added unknown keysym 0x6d8 to keycode 240
xfwm4-Message: 08:58:26.840: Unsupported keyboard modifier '<Super>Tab'

Fri Sep 13 09:15:04 2019
 XserverDesktop: Added unknown keysym 0x6a3 to keycode 239
xfwm4-Message: 09:15:04.422: Unsupported keyboard modifier '<Super>Tab'
 XserverDesktop: Added unknown keysym 0x6c8 to keycode 238
xfwm4-Message: 09:15:04.702: Unsupported keyboard modifier '<Super>Tab'

Fri Sep 13 09:15:05 2019
 XserverDesktop: Added unknown keysym 0x6da to keycode 237
xfwm4-Message: 09:15:05.342: Unsupported keyboard modifier '<Super>Tab'

Fri Sep 13 09:16:33 2019
 XserverDesktop: Added unknown keysym 0xf3 to keycode 236
xfwm4-Message: 09:16:34.238: Unsupported keyboard modifier '<Super>Tab'

Fri Sep 13 09:16:34 2019
 XserverDesktop: Added unknown keysym 0x6cd to keycode 235
xfwm4-Message: 09:16:34.494: Unsupported keyboard modifier '<Super>Tab'

Fri Sep 13 09:16:46 2019
 XserverDesktop: Added unknown keysym 0x6c6 to keycode 234
xfwm4-Message: 09:16:46.598: Unsupported keyboard modifier '<Super>Tab'

Fri Sep 13 09:16:49 2019
 XserverDesktop: Added unknown keysym 0x6db to keycode 233
 XserverDesktop: Added unknown keysym 0x6c7 to keycode 232
xfwm4-Message: 09:16:49.870: Unsupported keyboard modifier '<Super>Tab'

Fri Sep 13 09:28:18 2019
 XserverDesktop: Added unknown keysym 0x6fc to keycode 231
xfwm4-Message: 09:28:18.902: Unsupported keyboard modifier '<Super>Tab'

Fri Sep 13 09:28:25 2019
 XserverDesktop: Added unknown keysym 0x6d0 to keycode 230
xfwm4-Message: 09:28:25.869: Unsupported keyboard modifier '<Super>Tab'

Fri Sep 13 09:28:28 2019
 XserverDesktop: Added unknown keysym 0x6cb to keycode 229
xfwm4-Message: 09:28:28.925: Unsupported keyboard modifier '<Super>Tab'

Fri Sep 13 09:29:38 2019
 XserverDesktop: Added unknown keysym 0x6f6 to keycode 228
xfwm4-Message: 09:29:38.613: Unsupported keyboard modifier '<Super>Tab'

Fri Sep 13 09:34:26 2019
 XserverDesktop: Added unknown keysym 0x6d9 to keycode 227
 XserverDesktop: Added unknown keysym 0x6ca to keycode 226
xfwm4-Message: 09:34:26.532: Unsupported keyboard modifier '<Super>Tab'

Fri Sep 13 09:40:47 2019
 Connections: closed: 0.0.0.0::50182 (Clean disconnection)
 SMsgWriter:  framebuffer updates 10357
 SMsgWriter:    copyRect rects 8869, bytes 141904
 SMsgWriter:    hextile rects 31315, bytes 63752940
 SMsgWriter:    raw bytes equivalent 819097620, compression ratio 12.847998
x-window-manager: Fatal IO error 4 (Interrupted system call) on X server :29.
