
Xvnc Free Edition 4.1.1 - built Feb 25 2015 23:02:21
Copyright (C) 2002-2005 RealVNC Ltd.
See http://www.realvnc.com for information on VNC.
Underlying X server release 40300000, The XFree86 Project, Inc


Fri Nov 22 11:46:58 2019
 vncext:      VNC extension running!
 vncext:      Listening for VNC connections on port 5920
 vncext:      created VNC server for screen 0
error opening security policy file /etc/X11/xserver/SecurityPolicy
Could not init font path element /usr/X11R6/lib/X11/fonts/Type1/, removing from list!
Could not init font path element /usr/X11R6/lib/X11/fonts/Speedo/, removing from list!
Could not init font path element /usr/X11R6/lib/X11/fonts/misc/, removing from list!
Could not init font path element /usr/X11R6/lib/X11/fonts/75dpi/, removing from list!
Could not init font path element /usr/X11R6/lib/X11/fonts/100dpi/, removing from list!
Could not init font path element /usr/share/fonts/X11/75dpi/, removing from list!
Could not init font path element /usr/share/fonts/X11/100dpi/, removing from list!
xrdb: No such file or directory
xrdb: can't open file '/home/is28/kruglov28/.Xresources'
/usr/bin/startxfce4: X server already running on display :20
xfce4-session: Another session manager is already running

Fri Nov 22 11:47:15 2019
 Connections: accepted: 0.0.0.0::49424
 SConnection: Client needs protocol version 3.8
 SConnection: Client requests security type VncAuth(2)

Fri Nov 22 11:47:19 2019
 VNCSConnST:  Server default pixel format depth 16 (16bpp) little-endian rgb565
 VNCSConnST:  Client pixel format depth 16 (16bpp) little-endian rgb565

Fri Nov 22 12:45:04 2019
 Connections: closed: 0.0.0.0::49424 (read: Connection reset by peer (104))
 SMsgWriter:  framebuffer updates 118
 SMsgWriter:    hextile rects 119, bytes 244522802
 SMsgWriter:    raw bytes equivalent 485224852, compression ratio 1.984375
