
Xvnc Free Edition 4.1.1 - built Feb 25 2015 23:02:21
Copyright (C) 2002-2005 RealVNC Ltd.
See http://www.realvnc.com for information on VNC.
Underlying X server release 40300000, The XFree86 Project, Inc


Fri Oct 25 11:27:28 2019
 vncext:      VNC extension running!
 vncext:      Listening for VNC connections on port 5924
 vncext:      created VNC server for screen 0
error opening security policy file /etc/X11/xserver/SecurityPolicy
Could not init font path element /usr/X11R6/lib/X11/fonts/Type1/, removing from list!
Could not init font path element /usr/X11R6/lib/X11/fonts/Speedo/, removing from list!
Could not init font path element /usr/X11R6/lib/X11/fonts/misc/, removing from list!
Could not init font path element /usr/X11R6/lib/X11/fonts/75dpi/, removing from list!
Could not init font path element /usr/X11R6/lib/X11/fonts/100dpi/, removing from list!
Could not init font path element /usr/share/fonts/X11/75dpi/, removing from list!
Could not init font path element /usr/share/fonts/X11/100dpi/, removing from list!

(x-window-manager:19524): xfwm4-WARNING **: 11:27:31.303: The display does not support the XRender extension.

(x-window-manager:19524): xfwm4-WARNING **: 11:27:31.303: The display does not support the XComposite extension.

(x-window-manager:19524): xfwm4-WARNING **: 11:27:31.303: The display does not support the XDamage extension.

(x-window-manager:19524): xfwm4-WARNING **: 11:27:31.303: The display does not support the XFixes extension.

(x-window-manager:19524): xfwm4-WARNING **: 11:27:31.303: Compositing manager disabled.
xfwm4-Message: 11:27:31.426: Unsupported keyboard modifier '<Super>Tab'

(x-window-manager:19524): xfwm4-WARNING **: 11:27:31.433: Failed to connect to session manager: Failed to connect to the session manager: SESSION_MANAGER environment variable not defined
Failed to connect to session manager: Failed to connect to the session manager: SESSION_MANAGER environment variable not defined

Fri Oct 25 11:27:40 2019
 Connections: accepted: 0.0.0.0::50202
 SConnection: Client needs protocol version 3.8
 SConnection: Client requests security type VncAuth(2)

Fri Oct 25 11:27:43 2019
 VNCSConnST:  Server default pixel format depth 16 (16bpp) little-endian rgb565
 VNCSConnST:  Client pixel format depth 16 (16bpp) little-endian rgb565

Fri Oct 25 11:56:15 2019
 XserverDesktop: Added unknown keysym 0x6e8 to keycode 255
xfwm4-Message: 11:56:15.599: Unsupported keyboard modifier '<Super>Tab'

Fri Oct 25 11:59:38 2019
 XserverDesktop: Added unknown keysym 0x6fc to keycode 254
xfwm4-Message: 11:59:38.567: Unsupported keyboard modifier '<Super>Tab'

Fri Oct 25 12:00:18 2019
 XserverDesktop: Added unknown keysym 0x6f7 to keycode 253
xfwm4-Message: 12:00:18.990: Unsupported keyboard modifier '<Super>Tab'

Fri Oct 25 12:00:21 2019
 XserverDesktop: Added unknown keysym 0x6d4 to keycode 252
 XserverDesktop: Added unknown keysym 0x6cf to keycode 251
xfwm4-Message: 12:00:22.030: Unsupported keyboard modifier '<Super>Tab'

Fri Oct 25 12:00:22 2019
 XserverDesktop: Added unknown keysym 0x6d2 to keycode 250
 XserverDesktop: Added unknown keysym 0x6c1 to keycode 249
xfwm4-Message: 12:00:22.814: Unsupported keyboard modifier '<Super>Tab'

Fri Oct 25 12:00:23 2019
 XserverDesktop: Added unknown keysym 0x6da to keycode 248
xfwm4-Message: 12:00:23.471: Unsupported keyboard modifier '<Super>Tab'

Fri Oct 25 12:00:25 2019
 XserverDesktop: Added unknown keysym 0x6ed to keycode 247
xfwm4-Message: 12:00:25.486: Unsupported keyboard modifier '<Super>Tab'
 XserverDesktop: Added unknown keysym 0x6d3 to keycode 246
xfwm4-Message: 12:00:26.054: Unsupported keyboard modifier '<Super>Tab'

Fri Oct 25 12:00:26 2019
 XserverDesktop: Added unknown keysym 0x6c9 to keycode 245
xfwm4-Message: 12:00:26.830: Unsupported keyboard modifier '<Super>Tab'

Fri Oct 25 12:00:27 2019
 XserverDesktop: Added unknown keysym 0x6c2 to keycode 244
 XserverDesktop: Added unknown keysym 0xf3 to keycode 243
 XserverDesktop: Added unknown keysym 0x6c4 to keycode 242

Fri Oct 25 12:00:28 2019
 XserverDesktop: Added unknown keysym 0x6c5 to keycode 241
xfwm4-Message: 12:00:28.262: Unsupported keyboard modifier '<Super>Tab'

Fri Oct 25 12:00:34 2019
 XserverDesktop: Added unknown keysym 0x6d1 to keycode 240
xfwm4-Message: 12:00:34.542: Unsupported keyboard modifier '<Super>Tab'
 XserverDesktop: Added unknown keysym 0x6d8 to keycode 239
xfwm4-Message: 12:00:34.918: Unsupported keyboard modifier '<Super>Tab'

Fri Oct 25 12:00:48 2019
 XserverDesktop: Added unknown keysym 0x6cc to keycode 238
xfwm4-Message: 12:00:49.062: Unsupported keyboard modifier '<Super>Tab'

Fri Oct 25 12:00:49 2019
 XserverDesktop: Added unknown keysym 0x6ce to keycode 237
xfwm4-Message: 12:00:49.646: Unsupported keyboard modifier '<Super>Tab'

Fri Oct 25 12:01:09 2019
 XserverDesktop: Added unknown keysym 0x6f0 to keycode 236
xfwm4-Message: 12:01:09.917: Unsupported keyboard modifier '<Super>Tab'

Fri Oct 25 12:01:12 2019
 XserverDesktop: Added unknown keysym 0x6c7 to keycode 235
xfwm4-Message: 12:01:12.622: Unsupported keyboard modifier '<Super>Tab'

Fri Oct 25 12:01:21 2019
 XserverDesktop: Added unknown keysym 0x6c0 to keycode 234
xfwm4-Message: 12:01:21.342: Unsupported keyboard modifier '<Super>Tab'
 XserverDesktop: Added unknown keysym 0x6dd to keycode 233
xfwm4-Message: 12:01:21.718: Unsupported keyboard modifier '<Super>Tab'

Fri Oct 25 12:01:35 2019
 XserverDesktop: Added unknown keysym 0x6ca to keycode 232
xfwm4-Message: 12:01:36.110: Unsupported keyboard modifier '<Super>Tab'

Fri Oct 25 12:01:40 2019
 XserverDesktop: Added unknown keysym 0x6f6 to keycode 231
xfwm4-Message: 12:01:41.142: Unsupported keyboard modifier '<Super>Tab'

Fri Oct 25 12:02:30 2019
 XserverDesktop: Added unknown keysym 0x6cb to keycode 230
xfwm4-Message: 12:02:30.925: Unsupported keyboard modifier '<Super>Tab'

Fri Oct 25 12:02:31 2019
 XserverDesktop: Added unknown keysym 0x6de to keycode 229
xfwm4-Message: 12:02:31.630: Unsupported keyboard modifier '<Super>Tab'

Fri Oct 25 12:03:46 2019
 XserverDesktop: Added unknown keysym 0x6c6 to keycode 228
xfwm4-Message: 12:03:47.046: Unsupported keyboard modifier '<Super>Tab'

Fri Oct 25 12:29:31 2019
 XserverDesktop: Added unknown keysym 0x6ff to keycode 227
xfwm4-Message: 12:29:31.495: Unsupported keyboard modifier '<Super>Tab'

Fri Oct 25 12:31:08 2019
 XserverDesktop: Added unknown keysym 0x6c3 to keycode 226
xfwm4-Message: 12:31:09.222: Unsupported keyboard modifier '<Super>Tab'

Fri Oct 25 12:39:23 2019
 Connections: closed: 0.0.0.0::50202 (Clean disconnection)
 SMsgWriter:  framebuffer updates 8781
 SMsgWriter:    copyRect rects 3664, bytes 58624
 SMsgWriter:    hextile rects 37376, bytes 82863438
 SMsgWriter:    raw bytes equivalent 891207332, compression ratio 10.755133

Fri Oct 25 12:49:42 2019
 Connections: accepted: 0.0.0.0::50402
 SConnection: Client needs protocol version 3.8
 SConnection: Client requests security type VncAuth(2)

Fri Oct 25 12:49:45 2019
 SConnection: AuthFailureException: Authentication failure
 Connections: closed: 0.0.0.0::50402 (Authentication failure)
x-window-manager: Fatal IO error 4 (Interrupted system call) on X server :24.
