
Xvnc Free Edition 4.1.1 - built Feb 25 2015 23:02:21
Copyright (C) 2002-2005 RealVNC Ltd.
See http://www.realvnc.com for information on VNC.
Underlying X server release 40300000, The XFree86 Project, Inc


Fri Sep 27 11:19:31 2019
 vncext:      VNC extension running!
 vncext:      Listening for VNC connections on port 5910
 vncext:      created VNC server for screen 0
error opening security policy file /etc/X11/xserver/SecurityPolicy
Could not init font path element /usr/X11R6/lib/X11/fonts/Type1/, removing from list!
Could not init font path element /usr/X11R6/lib/X11/fonts/Speedo/, removing from list!
Could not init font path element /usr/X11R6/lib/X11/fonts/misc/, removing from list!
Could not init font path element /usr/X11R6/lib/X11/fonts/75dpi/, removing from list!
Could not init font path element /usr/X11R6/lib/X11/fonts/100dpi/, removing from list!
Could not init font path element /usr/share/fonts/X11/75dpi/, removing from list!
Could not init font path element /usr/share/fonts/X11/100dpi/, removing from list!

(x-window-manager:31358): xfwm4-WARNING **: 11:19:34.965: The display does not support the XRender extension.

(x-window-manager:31358): xfwm4-WARNING **: 11:19:34.966: The display does not support the XComposite extension.

(x-window-manager:31358): xfwm4-WARNING **: 11:19:34.966: The display does not support the XDamage extension.

(x-window-manager:31358): xfwm4-WARNING **: 11:19:34.966: The display does not support the XFixes extension.

(x-window-manager:31358): xfwm4-WARNING **: 11:19:34.966: Compositing manager disabled.
Failed to connect to session manager: Failed to connect to the session manager: SESSION_MANAGER environment variable not defined
xfwm4-Message: 11:19:35.047: Unsupported keyboard modifier '<Super>Tab'

(x-window-manager:31358): xfwm4-WARNING **: 11:19:35.053: Failed to connect to session manager: Failed to connect to the session manager: SESSION_MANAGER environment variable not defined

Fri Sep 27 11:21:25 2019
 Connections: accepted: 0.0.0.0::60036
 SConnection: Client needs protocol version 3.8
 SConnection: Client requests security type VncAuth(2)

Fri Sep 27 11:21:29 2019
 VNCSConnST:  Server default pixel format depth 16 (16bpp) little-endian rgb565
 VNCSConnST:  Client pixel format depth 16 (16bpp) little-endian rgb565
AUDIT: Fri Sep 27 11:47:34 2019: 31338 Xvnc4: client 8 rejected from local host
AUDIT: Fri Sep 27 11:47:41 2019: 31338 Xvnc4: client 8 rejected from local host
AUDIT: Fri Sep 27 11:47:43 2019: 31338 Xvnc4: client 8 rejected from local host

Fri Sep 27 12:43:41 2019
 Connections: closed: 0.0.0.0::60036 (Clean disconnection)
 SMsgWriter:  framebuffer updates 5484
 SMsgWriter:    copyRect rects 6269, bytes 100304
 SMsgWriter:    hextile rects 49330, bytes 131585208
 SMsgWriter:    raw bytes equivalent 1229981856, compression ratio 9.347417
x-window-manager: Fatal IO error 4 (Interrupted system call) on X server :10.
