
Xvnc Free Edition 4.1.1 - built Feb 25 2015 23:02:21
Copyright (C) 2002-2005 RealVNC Ltd.
See http://www.realvnc.com for information on VNC.
Underlying X server release 40300000, The XFree86 Project, Inc


Thu Feb  6 09:37:26 2020
 vncext:      VNC extension running!
 vncext:      Listening for VNC connections on port 5915
 vncext:      created VNC server for screen 0
error opening security policy file /etc/X11/xserver/SecurityPolicy
Could not init font path element /usr/X11R6/lib/X11/fonts/Type1/, removing from list!
Could not init font path element /usr/X11R6/lib/X11/fonts/Speedo/, removing from list!
Could not init font path element /usr/X11R6/lib/X11/fonts/misc/, removing from list!
Could not init font path element /usr/X11R6/lib/X11/fonts/75dpi/, removing from list!
Could not init font path element /usr/X11R6/lib/X11/fonts/100dpi/, removing from list!
Could not init font path element /usr/share/fonts/X11/75dpi/, removing from list!
Could not init font path element /usr/share/fonts/X11/100dpi/, removing from list!
xrdb: No such file or directory
xrdb: can't open file '/home/is28/kruglov28/.Xresources'
/usr/bin/startxfce4: X server already running on display :15
gpg-agent[50325]: WARNING: "--write-env-file" is an obsolete option - it has no effect
gpg-agent: a gpg-agent is already running - not starting a new one

(xfce4-session:50315): xfce4-session-WARNING **: 09:37:29.469: gpg-agent returned no PID in the variables

(xfce4-session:50315): xfce4-session-WARNING **: 09:37:29.473: xfsm_manager_load_session: Something wrong with /home/is28/kruglov28/.cache/sessions/xfce4-session-virt-1:15, Does it exist? Permissions issue?

(xfwm4:50329): xfwm4-WARNING **: 09:37:29.501: The display does not support the XRender extension.

(xfwm4:50329): xfwm4-WARNING **: 09:37:29.502: The display does not support the XComposite extension.

(xfwm4:50329): xfwm4-WARNING **: 09:37:29.502: The display does not support the XDamage extension.

(xfwm4:50329): xfwm4-WARNING **: 09:37:29.502: The display does not support the XFixes extension.

(xfwm4:50329): xfwm4-WARNING **: 09:37:29.502: Compositing manager disabled.
(uint32 1,)

** (light-locker:50338): ERROR **: 09:37:29.572: Environment variable XDG_SESSION_PATH not set. Is LightDM running?

(xfsettingsd:50342): xfsettingsd-CRITICAL **: 09:37:29.588: RANDR extension is too old, version 1.1. Display settings won't be applied.
Xlib:  extension "XInputExtension" missing on display ":15.0".

(xfsettingsd:50342): xfsettingsd-CRITICAL **: 09:37:29.589: XI is not present.

(xfsettingsd:50342): xfsettingsd-CRITICAL **: 09:37:29.590: Failed to initialize the Xkb extension.

(xfsettingsd:50342): xfsettingsd-CRITICAL **: 09:37:29.590: Failed to initialize the Accessibility extension.

(polkit-gnome-authentication-agent-1:50340): GLib-CRITICAL **: 09:37:29.599: g_variant_new_string: assertion 'string != NULL' failed

(polkit-gnome-authentication-agent-1:50340): polkit-gnome-1-WARNING **: 09:37:29.599: Failed to register client: GDBus.Error:org.freedesktop.DBus.Error.ServiceUnknown: The name org.gnome.SessionManager was not provided by any .service files
xfwm4-Message: 09:37:29.612: Unsupported keyboard modifier '<Super>Tab'
xfwm4-Message: 09:37:29.703: Unsupported keyboard modifier '<Super>Tab'

(nm-applet:50403): Gtk-WARNING **: 09:37:30.009: Can't set a parent on widget which has a parent

(nm-applet:50403): Gdk-CRITICAL **: 09:37:30.150: gdk_window_thaw_toplevel_updates: assertion 'window->update_and_descendants_freeze_count > 0' failed

Thu Feb  6 09:37:49 2020
 Connections: accepted: 0.0.0.0::58280
 SConnection: Client needs protocol version 3.8
 SConnection: Client requests security type VncAuth(2)

Thu Feb  6 09:37:53 2020
 VNCSConnST:  Server default pixel format depth 16 (16bpp) little-endian rgb565
 VNCSConnST:  Client pixel format depth 16 (16bpp) little-endian rgb565
/usr/lib/python3/dist-packages/blueman/plugins/applet/AppIndicator.py:8: PyGIWarning: AppIndicator3 was imported without specifying a version first. Use gi.require_version('AppIndicator3', '0.1') before import to ensure that the right version gets loaded.
  from gi.repository import AppIndicator3 as girAppIndicator
ERROR:dbus.proxies:Introspect error on org.bluez:/org/bluez: dbus.exceptions.DBusException: org.freedesktop.DBus.Error.AccessDenied: Rejected send message, 2 matched rules; type="method_call", sender=":1.830" (uid=1274 pid=50393 comm="/usr/bin/python3 /usr/bin/blueman-applet " label="unconfined") interface="org.freedesktop.DBus.Introspectable" member="Introspect" error name="(unset)" requested_reply="0" destination="org.bluez" (bus)
ERROR:dbus.proxies:Introspect error on org.bluez:/: dbus.exceptions.DBusException: org.freedesktop.DBus.Error.AccessDenied: Rejected send message, 2 matched rules; type="method_call", sender=":1.830" (uid=1274 pid=50393 comm="/usr/bin/python3 /usr/bin/blueman-applet " label="unconfined") interface="org.freedesktop.DBus.Introspectable" member="Introspect" error name="(unset)" requested_reply="0" destination="org.bluez" (bus)
ERROR:dbus.proxies:Introspect error on org.bluez:/: dbus.exceptions.DBusException: org.freedesktop.DBus.Error.AccessDenied: Rejected send message, 2 matched rules; type="method_call", sender=":1.830" (uid=1274 pid=50393 comm="/usr/bin/python3 /usr/bin/blueman-applet " label="unconfined") interface="org.freedesktop.DBus.Introspectable" member="Introspect" error name="(unset)" requested_reply="0" destination="org.bluez" (bus)

(wrapper-1.0:50472): Gdk-WARNING **: 09:37:55.094: /build/gtk+2.0-AoeliP/gtk+2.0-2.24.32/gdk/x11/gdkdrawable-x11.c:952 drawable is not a pixmap or window

(wrapper-1.0:50472): Gdk-WARNING **: 09:37:55.094: /build/gtk+2.0-AoeliP/gtk+2.0-2.24.32/gdk/x11/gdkdrawable-x11.c:952 drawable is not a pixmap or window

(polkit-gnome-authentication-agent-1:50340): polkit-gnome-1-WARNING **: 09:38:01.370: Couldn't open user icon: Failed to open file '/home/adom/.face': No such file or directory

(polkit-gnome-authentication-agent-1:50340): polkit-gnome-1-WARNING **: 09:38:01.371: Couldn't open user icon: Failed to open file '/home/test/.face': No such file or directory
Gtk-Message: 09:38:01.399: GtkDialog mapped without a transient parent. This is discouraged.
Error: GDBus.Error:org.freedesktop.DBus.Error.AuthFailed: Not authorized.
Gtk-Message: 09:38:06.145: GtkDialog mapped without a transient parent. This is discouraged.

(Thunar:50335): Gdk-WARNING **: 09:38:45.670: gdk_window_set_icon_list: icons too large

(xfwm4:50329): xfwm4-WARNING **: 09:39:26.323: Cannot get window attributes for window (0x1000a17)
Starting Code::Blocks Release 16.01  rev 10692 2017-09-30, 18:21:54 - wx3.0.3 (Linux, unicode) - 64 bit
Initialize EditColourSet .....
Initialize EditColourSet: done.
Loading menubar...
CodeCompletion: loaded
Debugger: loaded
ToDoList: loaded
FilesExtensionHandler: loaded
Compiler: loaded
OpenFilesList: loaded
AStylePlugin: loaded
ProjectsImporter: loaded
ScriptedWizard: loaded
ClassWizard: loaded
Autosave: loaded
Code completion plugin activated
Debugger plugin activated
Todo List plugin activated
Files extension handler plugin activated
Added compiler "GNU GCC Compiler"
Added compiler "Intel C/C++ Compiler"
Added compiler "GDC D Compiler"
Added compiler "GNU Fortran Compiler"
Added compiler "G95 Fortran Compiler"
Added compiler "GNU GCC Compiler for ARM"
Added compiler "*No Compiler*"
Added compiler "GNU GCC Compiler for Blackfin"
Added compiler "LLVM D Compiler"
Added compiler "GNU GCC Compiler for MSP430 (HighTec)"
Added compiler "Small Device C Compiler"
Added compiler "LLVM Clang Compiler"
Added compiler "GNU GCC Compiler for AVR"
Added compiler "GNU GCC Compiler for LM32"
Added compiler "Digital Mars D Compiler"
Added compiler "GNU GCC Compiler for PowerPC (HighTec)"
Added compiler "GNU GCC Compiler for TriCore (HighTec)"
Added compiler "PGI Fortran Compiler"
Added compiler "Tiny C Compiler"
Added compiler "GNU GCC Compiler for ZPU"
Added compiler "GNU GCC Compiler for LM8"
Master path of compiler ID "gcc" is empty -> triggers auto-detection.
Master path of compiler ID "icc" is empty -> triggers auto-detection.
Master path of compiler ID "sdcc" is empty -> triggers auto-detection.
Master path of compiler ID "tcc" is empty -> triggers auto-detection.
Master path of compiler ID "clang" is empty -> triggers auto-detection.
Master path of compiler ID "arm-elf-gcc" is empty -> triggers auto-detection.
Master path of compiler ID "bfin-elf-gcc" is empty -> triggers auto-detection.
Master path of compiler ID "avr-gcc" is empty -> triggers auto-detection.
Master path of compiler ID "lm32-gcc" is empty -> triggers auto-detection.
Master path of compiler ID "zpu-gcc" is empty -> triggers auto-detection.
Master path of compiler ID "lm8-gcc" is empty -> triggers auto-detection.
Master path of compiler ID "msp430-gcc" is empty -> triggers auto-detection.
Master path of compiler ID "tricore-gcc" is empty -> triggers auto-detection.
Master path of compiler ID "ppc-gcc" is empty -> triggers auto-detection.
Master path of compiler ID "gdc" is empty -> triggers auto-detection.
Master path of compiler ID "ldc" is empty -> triggers auto-detection.
Master path of compiler ID "dmd" is empty -> triggers auto-detection.
Master path of compiler ID "gfortran" is empty -> triggers auto-detection.
Master path of compiler ID "g95" is empty -> triggers auto-detection.
Master path of compiler ID "pgifortran" is empty -> triggers auto-detection.
Master path of compiler ID "null" is empty -> triggers auto-detection.
ClassBrowser::UpdateClassBrowserView(): No active project available.
ClassBrowser::OnThreadEvent(): Updating class browser...
ClassBrowser::OnThreadEvent(): Class browser updated.
Compiler plugin activated
Open files list plugin activated
Source code formatter (AStyle) plugin activated
Foreign projects importer plugin activated
Project wizard added for 'Empty project'
Project wizard added for 'Fortran application'
Project wizard added for 'Fortran library'
Project wizard added for 'Fortran DLL'
Project wizard added for 'Console application'
Project wizard added for 'D application'
Project wizard added for 'FLTK project'
Project wizard added for 'GLFW project'
Project wizard added for 'GLUT project'
Project wizard added for 'GTK+ project'
Project wizard added for 'Irrlicht project'
Project wizard added for 'Lightfeather project'
Project wizard added for 'Matlab project'
Project wizard added for 'OpenCV project'
Project wizard added for 'OpenGL project'
Project wizard added for 'Ogre project'
Project wizard added for 'Code::Blocks plugin'
Project wizard added for 'QT4 project'
Project wizard added for 'SDL project'
Project wizard added f
(Thunar:50335): Gdk-WARNING **: 09:40:59.945: gdk_window_set_icon_list: icons too large

(polkit-gnome-authentication-agent-1:50340): polkit-gnome-1-WARNING **: 09:41:14.152: Couldn't open user icon: Failed to open file '/home/adom/.face': No such file or directory

(polkit-gnome-authentication-agent-1:50340): polkit-gnome-1-WARNING **: 09:41:14.153: Couldn't open user icon: Failed to open file '/home/test/.face': No such file or directory
Gtk-Message: 09:41:14.159: GtkDialog mapped without a transient parent. This is discouraged.

(Thunar:50335): GLib-GIO-CRITICAL **: 09:41:15.371: g_file_hash: assertion 'G_IS_FILE (file)' failed

(Thunar:50335): GLib-GIO-CRITICAL **: 09:41:15.371: g_file_query_info_async: assertion 'G_IS_FILE (file)' failed

(Thunar:50335): GLib-GObject-CRITICAL **: 09:41:15.371: g_object_unref: assertion 'G_IS_OBJECT (object)' failed

(Thunar:50335): Gdk-WARNING **: 09:41:16.593: gdk_window_set_icon_list: icons too large

(Thunar:50335): Gdk-WARNING **: 09:41:31.690: gdk_window_set_icon_list: icons too large
or 'SFML project'
Project wizard added for 'Static library'
Project wizard added for 'Shared library'
Project wizard added for 'wxWidgets project'
Build-target wizard added for 'Console'
Build-target wizard added for 'Static library'
Build-target wizard added for 'wxWidgets'
Project wizard added for 'ARM Project'
Project wizard added for 'AVR Project'
Project wizard added for 'TriCore Project'
Project wizard added for 'PowerPC Project'
Project wizard added for 'MCS51 Project'
File(s) wizard added for 'Empty file'
File(s) wizard added for 'C/C++ source'
File(s) wizard added for 'C/C++ header'
File(s) wizard added for 'Fortran source'
Scripted wizard plugin activated
Class wizard plugin activated
Autosave plugin activated
Loading toolbar...
Initializing plugins...
Project's base path: ./
Project's common toplevel path: .
-------------- Run: Debug in 123 (compiler: GNU GCC Compiler)---------------
CWD for depslib was: .
CWD for depslib is: .
Scanned 0 files for #includes, cache used 0, cache updated 0
CWD for depslib was: .
CWD for depslib is: .
Scanned 0 files for #includes, cache used 0, cache updated 0
CWD for depslib was: .
CWD for depslib is: .
-------------- Build: Debug in 123 (compiler: GNU GCC Compiler)---------------
Scanned 0 files for #includes, cache used 0, cache updated 0
WARNING: Can't read file's timestamp: main.cpp
g++  -o bin/Debug/123 obj/Debug/main.o   
g++: error: obj/Debug/main.o: No such file or directory
g++: fatal error: no input files
compilation terminated.
Process terminated with status 1 (0 minute(s), 3 second(s))
2 error(s), 1 warning(s) (0 minute(s), 3 second(s))
CWD for depslib was: .
CWD for depslib is: .
Scanned 0 files for #includes, cache used 0, cache updated 0
CWD for depslib was: .
CWD for depslib is: .
Scanned 0 files for #includes, cache used 0, cache updated 0
CWD for depslib was: .
CWD for depslib is: .
-------------- Build: Debug in 123 (compiler: GNU GCC Compiler)---------------
Scanned 0 files for #includes, cache used 0, cache updated 0
WARNING: Can't read file's timestamp: main.cpp
g++  -o bin/Debug/123 obj/Debug/main.o   
g++: error: obj/Debug/main.o: No such file or directory
g++: fatal error: no input files
compilation terminated.
Process terminated with status 1 (0 minute(s), 1 second(s))
2 error(s), 1 warning(s) (0 minute(s), 1 second(s))
Removed 123 from all deps
Deinitializing plugins...
Starting Code::Blocks Release 16.01  rev 10692 2017-09-30, 18:21:54 - wx3.0.3 (Linux, unicode) - 64 bit
Initialize EditColourSet .....
Initialize EditColourSet: done.
Loading menubar...
CodeCompletion: loaded
Debugger: loaded
ToDoList: loaded
FilesExtensionHandler: loaded
Compiler: loaded
OpenFilesList: loaded
AStylePlugin: loaded
ProjectsImporter: loaded
ScriptedWizard: loaded
ClassWizard: loaded
Autosave: loaded
Code completion plugin activated
Debugger plugin activated
Todo List plugin activated
Files extension handler plugin activated
Added compiler "GNU GCC Compiler"
Added compiler "Intel C/C++ Compiler"
Added compiler "GDC D Compiler"
Added compiler "GNU Fortran Compiler"
Added compiler "G95 Fortran Compiler"
Added compiler "GNU GCC Compiler for ARM"
Added compiler "*No Compiler*"
Added compiler "GNU GCC Compiler for Blackfin"
Added compiler "LLVM D Compiler"
Added compiler "GNU GCC Compiler for MSP430 (HighTec)"
Added compiler "Small Device C Compiler"
Added compiler "LLVM Clang Compiler"
Added compiler "GNU GCC Compiler for AVR"
Added compiler "GNU GCC Compiler for LM32"
Added compiler "Digital Mars D Compiler"
Added compiler "GNU GCC Compiler for PowerPC (HighTec)"
Added compiler "GNU GCC Compiler for TriCore (HighTec)"
Added compiler "PGI Fortran Compiler"
Added compiler "Tiny C Compiler"
Added compiler "GNU GCC Compiler for ZPU"
Added compiler "GNU GCC Compiler for LM8"
Compiler plugin activated
Open files list plugin activated
Source code formatter (AStyle) plugin activated
Foreign projects importer plugin activated
Project wizard added for 'Empty project'
Project wizard added for 'Fortran application'
Project wizard added for 'Fortran library'
Project wizard added for 'Fortran DLL'
Project wizard added for 'Console application'
Project wizard added for 'D application'
Project wizard added for 'FLTK project'
Project wizard added for 'GLFW project'
Project wizard added for 'GLUT project'
Project wizard added for 'GTK+ project'
Project wizard added for 'Irrlicht project'
Project wizard added for 'Lightfeather project'
Project wizard added for 'Matlab project'
Project wizard added for 'OpenCV project'
Project wizard added for 'OpenGL project'
Project wizard added for 'Ogre project'
Project wizard added for 'Code::Blocks plugin'
Project wizard added for 'QT4 project'
Project wizard added for 'SDL project'
Project wizard added for 'SFML project'
Project wizard added for 'Static library'
Project wizard added for 'Shared library'
Project wizard added for 'wxWidgets project'
Build-target wizard added for 'Console'
Build-target wizard added for 'Static library'
Build-target wizard added for 'wxWidgets'
Project wizard added for 'ARM Project'
Project wizard added for 'AVR Project'
Project wizard added for 'TriCore Project'
Project wizard added for 'PowerPC Project'
Project wizard added for 'MCS51 Project'
File(s) wizard added for 'Empty file'
File(s) wizard added for 'C/C++ source'
File(s) wizard added for 'C/C++ header'
File(s) wizard added for 'Fortran source'
Scripted wizard plugin activated
Class wizard plugin activated
Autosave plugin activated
Loading toolbar...
ClassBrowser::UpdateClassBrowserView(): No active project available.
ClassBrowser::OnThreadEvent(): Updating class browser...
ClassBrowser::OnThreadEvent(): Class browser updated.
Initializing plugins...
Final encoding detected: Unicode 8 bit (UTF-8) (ID: 43)
Encoding conversion has failed (buffer is empty)!
Something seriously went wrong while converting file content to wxString!
NativeParser::GetGCCCompilerDirs(): Caching GCC default include dir: /usr/include/c++/7
NativeParser::GetGCCCompilerDirs(): Caching GCC default include dir: /usr/include/x86_64-linux-gnu/c++/7
NativeParser::GetGCCCompilerDirs(): Caching GCC default include dir: /usr/include/c++/7/backward
NativeParser::GetGCCCompilerDirs(): Caching GCC default include dir: /usr/lib/gcc/x86_64-linux-gnu/7/include
NativeParser::GetGCCCompilerDirs(): Caching GCC default include dir: /usr/local/include
NativeParser::GetGCCCompilerDirs(): Caching GCC default include dir: /usr/lib/gcc/x86_64-linux-gnu/7/include-fixed
NativeParser::GetGCCCompilerDirs(): Caching GCC default include dir: /usr/include/x86_64-linux-gnu
NativeParser::GetGCCCompilerDirs(): Caching GCC default include dir: /usr/include
NativeParser::AddCompilerPredefinedMacrosGCC: Caching predefined macros for compiler '/usr/bin/g++':
#define __SSP_STRONG__ 3
#define __DBL_MIN_EXP__ (-1021)
#define __FLT32X_MAX_EXP__ 1024
#define __cpp_attributes 200809
#define __UINT_LEAST16_MAX__ 0xffff
#define __ATOMIC_ACQUIRE 2
#define __FLT128_MAX_10_EXP__ 4932
#define __FLT_MIN__ 1.17549435082228750796873653722224568e-38F
#define __GCC_IEC_559_COMPLEX 2
#define __cpp_aggregate_nsdmi 201304
#define __UINT_LEAST8_TYPE__ unsigned char
#define __SIZEOF_FLOAT80__ 16
#define __INTMAX_C(c) c ## L
#define __CHAR_BIT__ 8
#define __UINT8_MAX__ 0xff
#define __WINT_MAX__ 0xffffffffU
#define __FLT32_MIN_EXP__ (-125)
#define __cpp_static_assert 200410
#define __ORDER_LITTLE_ENDIAN__ 1234
#define __SIZE_MAX__ 0xffffffffffffffffUL
#define __WCHAR_MAX__ 0x7fffffff
#define __GCC_HAVE_SYNC_COMPARE_AND_SWAP_1 1
#define __GCC_HAVE_SYNC_COMPARE_AND_SWAP_2 1
#define __GCC_HAVE_SYNC_COMPARE_AND_SWAP_4 1
#define __DBL_DENORM_MIN__ double(4.94065645841246544176568792868221372e-324L)
#define __GCC_HAVE_SYNC_COMPARE_AND_SWAP_8 1
#define __GCC_ATOMIC_CHAR_LOCK_FREE 2
#define __GCC_IEC_559 2
#define __FLT32X_DECIMAL_DIG__ 17
#define __FLT_EVAL_METHOD__ 0
#define __unix__ 1
#define __cpp_binary_literals 201304
#define __FLT64_DECIMAL_DIG__ 17
#define __GCC_ATOMIC_CHAR32_T_LOCK_FREE 2
#define __x86_64 1
#define __cpp_variadic_templates 200704
#define __UINT_FAST64_MAX__ 0xffffffffffffffffUL
#define __SIG_ATOMIC_TYPE__ int
#define __DBL_MIN_10_EXP__ (-307)
#define __FINITE_MATH_ONLY__ 0
#define __cpp_variable_templates 201304
#define __GNUC_PATCHLEVEL__ 0
#define __FLT32_HAS_DENORM__ 1
#define __UINT_FAST8_MAX__ 0xff
#define __has_include(STR) __has_include__(STR)
#define __DEC64_MAX_EXP__ 385
#define __INT8_C(c) c
#define __INT_LEAST8_WIDTH__ 8
#define __UINT_LEAST64_MAX__ 0xffffffffffffffffUL
#define __SHRT_MAX__ 0x7fff
#define __LDBL_MAX__ 1.18973149535723176502126385303097021e+4932L
#define __FLT64X_MAX_10_EXP__ 4932
#define __UINT_LEAST8_MAX__ 0xff
#define __GCC_ATOMIC_BOOL_LOCK_FREE 2
#define __FLT128_DENORM_MIN__ 6.47517511943802511092443895822764655e-4966F128
#define __UINTMAX_TYPE__ long unsigned int
#define __linux 1
#define __DEC32_EPSILON__ 1E-6DF
#define __FLT_EVAL_METHOD_TS_18661_3__ 0
#define __unix 1
#define __UINT32_MAX__ 0xffffffffU
#define __GXX_EXPERIMENTAL_CXX0X__ 1
#define __LDBL_MAX_EXP__ 16384
#define __FLT128_MIN_EXP__ (-16381)
#define __WINT_MIN__ 0U
#define __linux__ 1
#define __FLT128_MIN_10_EXP__ (-4931)
#define __INT_LEAST16_WIDTH__ 16
#define __SCHAR_MAX__ 0x7f
#define __FLT128_MANT_DIG__ 113
#define __WCHAR_MIN__ (-__WCHAR_MAX__ - 1)
#define __INT64_C(c) c ## L
#define __DBL_DIG__ 15
#define __GCC_ATOMIC_POINTER_LOCK_FREE 2
#define __FLT64X_MANT_DIG__ 64
#define __SIZEOF_INT__ 4
#define __SIZEOF_POINTER__ 8
#define __GCC_ATOMIC_CHAR16_T_LOCK_FREE 2
#define __USER_LABEL_PREFIX__ 
#define __FLT64X_EPSILON__ 1.08420217248550443400745280086994171e-19F64x
#define __STDC_HOSTED__ 1
#define __LDBL_HAS_INFINITY__ 1
#define __FLT32_DIG__ 6
#define __FLT_EPSILON__ 1.19209289550781250000000000000000000e-7F
#define __GXX_WEAK__ 1
#define __SHRT_WIDTH__ 16
#define __LDBL_MIN__ 3.36210314311209350626267781732175260e-4932L
#define __DEC32_MAX__ 9.999999E96DF
#define __cpp_threadsafe_static_init 200806
#define __FLT64X_DENORM_MIN__ 3.64519953188247460252840593361941982e-4951F64x
#define __FLT32X_HAS_INFINITY__ 1
#define __INT32_MAX__ 0x7fffffff
#define __INT_WIDTH__ 32
#define __SIZEOF_LONG__ 8
#define __STDC_IEC_559__ 1
#define __STDC_ISO_10646__ 201706L
#define __UINT16_C(c) c
#define __PTRDIFF_WIDTH__ 64
#define __DECIMAL_DIG__ 21
#define __FLT64_EPSILON__ 2.22044604925031308084726333618164062e-16F64
#define __gnu_linux__ 1
#define __INTMAX_WIDTH__ 64
#define __FLT64_MIN_EXP__ (-1021)
#define __has_include_next(STR) __has_include_next__(STR)
#define __FLT64X_MIN_10_EXP__ (-4931)
#define __LDBL_HAS_QUIET_NAN__ 1
#define __FLT64_MANT_DIG__ 53
#define __GNUC__ 7
#define __GXX_RTTI 1
#define __pie__ 2
#define __MMX__ 1
#define __cpp_delegating_constructors 200604
#define __FLT_HAS_DENORM__ 1
#define __SIZEOF_LONG_DOUBLE__ 16
#define __BIGGEST_ALIGNMENT__ 16
#define __STDC_UTF_16__ 1
#define __FLT64_MAX_10_EXP__ 308
#define __FLT32_HAS_INFINITY__ 1
#define __DBL_MAX__ double(1.79769313486231570814527423731704357e+308L)
#define __cpp_raw_strings 200710
#define __INT_FAST32_MAX__ 0x7fffffffffffffffL
#define __DBL_HAS_INFINITY__ 1
#define __INT64_MAX__ 0x7fffffffffffffffL
#define __DEC32_MIN_EXP__ (-94)
#define __INTPTR_WIDTH__ 64
#define __FLT32X_HAS_DENORM__ 1
#define __INT_FAST16_TYPE__ long int
#define __LDBL_HAS_DENORM__ 1
#define __cplusplus 201402L
#define __cpp_ref_qualifiers 200710
#define __DEC128_MAX__ 9.999999999999999999999999999999999E6144DL
#define __INT_LEAST32_MAX__ 0x7fffffff
#define __DEC32_MIN__ 1E-95DF
#define __DEPRECATED 1
#define __cpp_rvalue_references 200610
#define __DBL_MAX_EXP__ 1024
#define __WCHAR_WIDTH__ 32
#define __FLT32_MAX__ 3.40282346638528859811704183484516925e+38F32
#define __DEC128_EPSILON__ 1E-33DL
#define __SSE2_MATH__ 1
#define __ATOMIC_HLE_RELEASE 131072
#define __PTRDIFF_MAX__ 0x7fffffffffffffffL
#define __amd64 1
#define __STDC_NO_THREADS__ 1
#define __ATOMIC_HLE_ACQUIRE 65536
#define __FLT32_HAS_QUIET_NAN__ 1
#define __GNUG__ 7
#define __LONG_LONG_MAX__ 0x7fffffffffffffffLL
#define __SIZEOF_SIZE_T__ 8
#define __cpp_rvalue_reference 200610
#define __cpp_nsdmi 200809
#define __FLT64X_MIN_EXP__ (-16381)
#define __SIZEOF_WINT_T__ 4
#define __LONG_LONG_WIDTH__ 64
#define __cpp_initializer_lists 200806
#define __FLT32_MAX_EXP__ 128
#define __cpp_hex_float 201603
#define __GCC_HAVE_DWARF2_CFI_ASM 1
#define __GXX_ABI_VERSION 1011
#define __FLT128_HAS_INFINITY__ 1
#define __FLT_MIN_EXP__ (-125)
#define __cpp_lambdas 200907
#define __FLT64X_HAS_QUIET_NAN__ 1
#define __INT_FAST64_TYPE__ long int
#define __FLT64_DENORM_MIN__ 4.94065645841246544176568792868221372e-324F64
#define __DBL_MIN__ double(2.22507385850720138309023271733240406e-308L)
#define __PIE__ 2
#define __LP64__ 1
#define __FLT32X_EPSILON__ 2.22044604925031308084726333618164062e-16F32x
#define __DECIMAL_BID_FORMAT__ 1
#define __FLT64_MIN_10_EXP__ (-307)
#define __FLT64X_DECIMAL_DIG__ 21
#define __DEC128_MIN__ 1E-6143DL
#define __REGISTER_PREFIX__ 
#define __UINT16_MAX__ 0xffff
#define __DBL_HAS_DENORM__ 1
#define __FLT32_MIN__ 1.17549435082228750796873653722224568e-38F32
#define __UINT8_TYPE__ unsigned char
#define __NO_INLINE__ 1
#define __FLT_MANT_DIG__ 24
#define __LDBL_DECIMAL_DIG__ 21
#define __VERSION__ "7.4.0"
#define __UINT64_C(c) c ## UL
#define __cpp_unicode_characters 200704
#define _STDC_PREDEF_H 1
#define __cpp_decltype_auto 201304
#define __GCC_ATOMIC_INT_LOCK_FREE 2
#define __FLT128_MAX_EXP__ 16384
#define __FLT32_MANT_DIG__ 24
#define __FLOAT_WORD_ORDER__ __ORDER_LITTLE_ENDIAN__
#define __STDC_IEC_559_COMPLEX__ 1
#define __FLT128_HAS_DENORM__ 1
#define __FLT128_DIG__ 33
#define __SCHAR_WIDTH__ 8
#define __INT32_C(c) c
#define __DEC64_EPSILON__ 1E-15DD
#define __ORDER_PDP_ENDIAN__ 3412
#define __DEC128_MIN_EXP__ (-6142)
#define __FLT32_MAX_10_EXP__ 38
#define __INT_FAST32_TYPE__ long int
#define __UINT_LEAST16_TYPE__ short unsigned int
#define __FLT64X_HAS_INFINITY__ 1
#define unix 1
#define __INT16_MAX__ 0x7fff
#define __cpp_rtti 199711
#define __SIZE_TYPE__ long unsigned int
#define __UINT64_MAX__ 0xffffffffffffffffUL
#define __FLT64X_DIG__ 18
#define __INT8_TYPE__ signed char
#define __cpp_digit_separators 201309
#define __ELF__ 1
#define __GCC_ASM_FLAG_OUTPUTS__ 1
#define __FLT_RADIX__ 2
#define __INT_LEAST16_TYPE__ short int
#define __LDBL_EPSILON__ 1.08420217248550443400745280086994171e-19L
#define __UINTMAX_C(c) c ## UL
#define __GLIBCXX_BITSIZE_INT_N_0 128
#define __k8 1
#define __SIG_ATOMIC_MAX__ 0x7fffffff
#define __GCC_ATOMIC_WCHAR_T_LOCK_FREE 2
#define __cpp_sized_deallocation 201309
#define __SIZEOF_PTRDIFF_T__ 8
#define __FLT32X_MANT_DIG__ 53
#define __x86_64__ 1
#define __FLT32X_MIN_EXP__ (-1021)
#define __DEC32_SUBNORMAL_MIN__ 0.000001E-95DF
#define __INT_FAST16_MAX__ 0x7fffffffffffffffL
#define __FLT64_DIG__ 15
#define __UINT_FAST32_MAX__ 0xffffffffffffffffUL
#define __UINT_LEAST64_TYPE__ long unsigned int
#define __FLT_HAS_QUIET_NAN__ 1
#define __FLT_MAX_10_EXP__ 38
#define __LONG_MAX__ 0x7fffffffffffffffL
#define __FLT64X_HAS_DENORM__ 1
#define __DEC128_SUBNORMAL_MIN__ 0.000000000000000000000000000000001E-6143DL
#define __FLT_HAS_INFINITY__ 1
#define __cpp_unicode_literals 200710
#define __UINT_FAST16_TYPE__ long unsigned int
#define __DEC64_MAX__ 9.999999999999999E384DD
#define __INT_FAST32_WIDTH__ 64
#define __CHAR16_TYPE__ short unsigned int
#define __PRAGMA_REDEFINE_EXTNAME 1
#define __SIZE_WIDTH__ 64
#define __SEG_FS 1
#define __INT_LEAST16_MAX__ 0x7fff
#define __DEC64_MANT_DIG__ 16
#define __UINT_LEAST32_MAX__ 0xffffffffU
#define __SEG_GS 1
#define __FLT32_DENORM_MIN__ 1.40129846432481707092372958328991613e-45F32
#define __GCC_ATOMIC_LONG_LOCK_FREE 2
#define __SIG_ATOMIC_WIDTH__ 32
#define __INT_LEAST64_TYPE__ long int
#define __INT16_TYPE__ short int
#define __INT_LEAST8_TYPE__ signed char
#define __DEC32_MAX_EXP__ 97
#define __INT_FAST8_MAX__ 0x7f
#define __FLT128_MAX__ 1.18973149535723176508575932662800702e+4932F128
#define __INTPTR_MAX__ 0x7fffffffffffffffL
#define linux 1
#define __cpp_range_based_for 200907
#define __FLT64_HAS_QUIET_NAN__ 1
#define __FLT32_MIN_10_EXP__ (-37)
#define __SSE2__ 1
#define __EXCEPTIONS 1
#define __LDBL_MANT_DIG__ 64
#define __DBL_HAS_QUIET_NAN__ 1
#define __FLT64_HAS_INFINITY__ 1
#define __FLT64X_MAX__ 1.18973149535723176502126385303097021e+4932F64x
#define __SIG_ATOMIC_MIN__ (-__SIG_ATOMIC_MAX__ - 1)
#define __code_model_small__ 1
#define __cpp_return_type_deduction 201304
#define __k8__ 1
#define __INTPTR_TYPE__ long int
#define __UINT16_TYPE__ short unsigned int
#define __WCHAR_TYPE__ int
#define __SIZEOF_FLOAT__ 4
#define __pic__ 2
#define __UINTPTR_MAX__ 0xffffffffffffffffUL
#define __INT_FAST64_WIDTH__ 64
#define __DEC64_MIN_EXP__ (-382)
#define __cpp_decltype 200707
#define __FLT32_DECIMAL_DIG__ 9
#define __INT_FAST64_MAX__ 0x7fffffffffffffffL
#define __GCC_ATOMIC_TEST_AND_SET_TRUEVAL 1
#define __FLT_DIG__ 6
#define __FLT64X_MAX_EXP__ 16384
#define __UINT_FAST64_TYPE__ long unsigned int
#define __INT_MAX__ 0x7fffffff
#define __amd64__ 1
#define __INT64_TYPE__ long int
#define __FLT_MAX_EXP__ 128
#define __ORDER_BIG_ENDIAN__ 4321
#define __DBL_MANT_DIG__ 53
#define __cpp_inheriting_constructors 201511
#define __SIZEOF_FLOAT128__ 16
#define __INT_LEAST64_MAX__ 0x7fffffffffffffffL
#define __DEC64_MIN__ 1E-383DD
#define __WINT_TYPE__ unsigned int
#define __UINT_LEAST32_TYPE__ unsigned int
#define __SIZEOF_SHORT__ 2
#define __SSE__ 1
#define __LDBL_MIN_EXP__ (-16381)
#define __FLT64_MAX__ 1.79769313486231570814527423731704357e+308F64
#define __WINT_WIDTH__ 32
#define __INT_LEAST8_MAX__ 0x7f
#define __FLT32X_MAX_10_EXP__ 308
#define __SIZEOF_INT128__ 16
#define __LDBL_MAX_10_EXP__ 4932
#define __ATOMIC_RELAXED 0
#define __DBL_EPSILON__ double(2.22044604925031308084726333618164062e-16L)
#define __FLT128_MIN__ 3.36210314311209350626267781732175260e-4932F128
#define _LP64 1
#define __UINT8_C(c) c
#define __FLT64_MAX_EXP__ 1024
#define __INT_LEAST32_TYPE__ int
#define __SIZEOF_WCHAR_T__ 4
#define __FLT128_HAS_QUIET_NAN__ 1
#define __INT_FAST8_TYPE__ signed char
#define __FLT64X_MIN__ 3.36210314311209350626267781732175260e-4932F64x
#define __GNUC_STDC_INLINE__ 1
#define __FLT64_HAS_DENORM__ 1
#define __FLT32_EPSILON__ 1.19209289550781250000000000000000000e-7F32
#define __DBL_DECIMAL_DIG__ 17
#define __STDC_UTF_32__ 1
#define __INT_FAST8_WIDTH__ 8
#define __FXSR__ 1
#define __DEC_EVAL_METHOD__ 2
#define __FLT32X_MAX__ 1.79769313486231570814527423731704357e+308F32x
#define __cpp_runtime_arrays 198712
#define __UINT64_TYPE__ long unsigned int
#define __UINT32_C(c) c ## U
#define __INTMAX_MAX__ 0x7fffffffffffffffL
#define __cpp_alias_templates 200704
#define __BYTE_ORDER__ __ORDER_LITTLE_ENDIAN__
#define __FLT_DENORM_MIN__ 1.40129846432481707092372958328991613
Thu Feb  6 10:49:39 2020
 Connections: closed: 0.0.0.0::58280 (read: Connection reset by peer (104))
 SMsgWriter:  framebuffer updates 66795
 SMsgWriter:    copyRect rects 624, bytes 9984
 SMsgWriter:    hextile rects 2268854, bytes 1448934153
 SMsgWriter:    raw bytes equivalent 1029353410, compression ratio 0.710421
/usr/lib/ubuntu-release-upgrader/check-new-release-gtk:30: PyGIWarning: Gtk was imported without specifying a version first. Use gi.require_version('Gtk', '3.0') before import to ensure that the right version gets loaded.
  from gi.repository import Gtk
WARNING:root:timeout reached, exiting

** (xfdesktop:50337): WARNING **: 20:30:13.088: Attempt to remove icon 0x5646dd5ae770 from XfdesktopIconView 0x5646dd5ae190, but it's not in there.
/usr/share/system-config-printer/applet.py:45: PyGIWarning: Notify was imported without specifying a version first. Use gi.require_version('Notify', '0.7') before import to ensure that the right version gets loaded.
  from gi.repository import Notify
system-config-printer-applet: failed to start NewPrinterNotification service
system-config-printer-applet: failed to start PrinterDriversInstaller service: org.freedesktop.DBus.Error.AccessDenied: Connection ":1.829" is not allowed to own the service "com.redhat.PrinterDriversInstaller" due to security policies in the configuration file
/usr/share/system-config-printer/applet.py:358: Warning: Source ID 10 was not found when attempting to remove it
  GLib.source_remove (self.timer)
/usr/share/system-config-printer/applet.py:358: Warning: Source ID 14 was not found when attempting to remove it
  GLib.source_remove (self.timer)
/usr/share/system-config-printer/applet.py:358: Warning: Source ID 16 was not found when attempting to remove it
  GLib.source_remove (self.timer)
/usr/share/system-config-printer/applet.py:358: Warning: Source ID 17 was not found when attempting to remove it
  GLib.source_remove (self.timer)
/usr/share/system-config-printer/applet.py:358: Warning: Source ID 21 was not found when attempting to remove it
  GLib.source_remove (self.timer)
/usr/share/system-config-printer/applet.py:358: Warning: Source ID 23 was not found when attempting to remove it
  GLib.source_remove (self.timer)
/usr/share/system-config-printer/applet.py:358: Warning: Source ID 24 was not found when attempting to remove it
  GLib.source_remove (self.timer)
/usr/share/system-config-printer/applet.py:358: Warning: Source ID 28 was not found when attempting to remove it
  GLib.source_remove (self.timer)
/usr/share/system-config-printer/applet.py:358: Warning: Source ID 30 was not found when attempting to remove it
  GLib.source_remove (self.timer)
/usr/share/system-config-printer/applet.py:358: Warning: Source ID 31 was not found when attempting to remove it
  GLib.source_remove (self.timer)
/usr/share/system-config-printer/applet.py:358: Warning: Source ID 35 was not found when attempting to remove it
  GLib.source_remove (self.timer)
/usr/share/system-config-printer/applet.py:358: Warning: Source ID 37 was not found when attempting to remove it
  GLib.source_remove (self.timer)
/usr/share/system-config-printer/applet.py:358: Warning: Source ID 38 was not found when attempting to remove it
  GLib.source_remove (self.timer)
/usr/share/system-config-printer/applet.py:358: Warning: Source ID 42 was not found when attempting to remove it
  GLib.source_remove (self.timer)
/usr/share/system-config-printer/applet.py:358: Warning: Source ID 44 was not found when attempting to remove it
  GLib.source_remove (self.timer)
/usr/share/system-config-printer/applet.py:358: Warning: Source ID 45 was not found when attempting to remove it
  GLib.source_remove (self.timer)
/usr/share/system-config-printer/applet.py:358: Warning: Source ID 49 was not found when attempting to remove it
  GLib.source_remove (self.timer)
/usr/share/system-config-printer/applet.py:358: Warning: Source ID 51 was not found when attempting to remove it
  GLib.source_remove (self.timer)
/usr/share/system-config-printer/applet.py:358: Warning: Source ID 52 was not found when attempting to remove it
  GLib.source_remove (self.timer)
/usr/share/system-config-printer/applet.py:358: Warning: Source ID 56 was not found when attempting to remove it
  GLib.source_remove (self.timer)
/usr/share/system-config-printer/applet.py:358: Warning: Source ID 58 was not found when attempting to remove it
  GLib.source_remove (self.timer)
/usr/share/system-config-printer/applet.py:358: Warning: Source ID 59 was not found when attempting to remove it
  GLib.source_remove (self.timer)
/usr/share/system-config-printer/applet.py:358: Warning: Source ID 63 was not found when attempting to remove it
  GLib.source_remove (self.timer)
/usr/share/system-config-printer/applet.py:358: Warning: Source ID 65 was not found when attempting to remove it
  GLib.source_remove (self.timer)
/usr/share/system-config-printer/applet.py:358: Warning: Source ID 66 was not found when attempting to remove it
  GLib.source_remove (self.timer)
/usr/share/system-config-printer/applet.py:358: Warning: Source ID 70 was not found when attempting to remove it
  GLib.source_remove (self.timer)
/usr/share/system-config-printer/applet.py:358: Warning: Source ID 72 was not found when attempting to remove it
  GLib.source_remove (self.timer)
/usr/share/system-config-printer/applet.py:358: Warning: Source ID 73 was not found when attempting to remove it
  GLib.source_remove (self.timer)
/usr/share/system-config-printer/applet.py:358: Warning: Source ID 77 was not found when attempting to remove it
  GLib.source_remove (self.timer)
/usr/share/system-config-printer/applet.py:358: Warning: Source ID 79 was not found when attempting to remove it
  GLib.source_remove (self.timer)
/usr/share/system-config-printer/applet.py:358: Warning: Source ID 80 was not found when attempting to remove it
  GLib.source_remove (self.timer)
/usr/share/system-config-printer/applet.py:358: Warning: Source ID 84 was not found when attempting to remove it
  GLib.source_remove (self.timer)
/usr/share/system-config-printer/applet.py:358: Warning: Source ID 86 was not found when attempting to remove it
  GLib.source_remove (self.timer)
/usr/share/system-config-printer/applet.py:358: Warning: Source ID 87 was not found when attempting to remove it
  GLib.source_remove (self.timer)
/usr/share/system-config-printer/applet.py:358: Warning: Source ID 91 was not found when attempting to remove it
  GLib.source_remove (self.timer)
/usr/share/system-config-printer/applet.py:358: Warning: Source ID 93 was not found when attempting to remove it
  GLib.source_remove (self.timer)
/usr/share/system-config-printer/applet.py:358: Warning: Source ID 94 was not found when attempting to remove it
  GLib.source_remove (self.timer)
/usr/share/system-config-printer/applet.py:358: Warning: Source ID 98 was not found when attempting to remove it
  GLib.source_remove (self.timer)
/usr/share/system-config-printer/applet.py:358: Warning: Source ID 100 was not found when attempting to remove it
  GLib.source_remove (self.timer)
/usr/share/system-config-printer/applet.py:358: Warning: Source ID 101 was not found when attempting to remove it
  GLib.source_remove (self.timer)
/usr/share/system-config-printer/applet.py:358: Warning: Source ID 105 was not found when attempting to remove it
  GLib.source_remove (self.timer)
/usr/share/system-config-printer/applet.py:358: Warning: Source ID 106 was not found when attempting to remove it
  GLib.source_remove (self.timer)
/usr/share/system-config-printer/applet.py:358: Warning: Source ID 108 was not found when attempting to remove it
  GLib.source_remove (self.timer)
/usr/share/system-config-printer/applet.py:358: Warning: Source ID 109 was not found when attempting to remove it
  GLib.source_remove (self.timer)
/usr/share/system-config-printer/applet.py:358: Warning: Source ID 113 was not found when attempting to remove it
  GLib.source_remove (self.timer)
/usr/share/system-config-printer/applet.py:358: Warning: Source ID 115 was not found when attempting to remove it
  GLib.source_remove (self.timer)
/usr/share/system-config-printer/applet.py:358: Warning: Source ID 117 was not found when attempting to remove it
  GLib.source_remove (self.timer)
/usr/share/system-config-printer/applet.py:358: Warning: Source ID 118 was not found when attempting to remove it
  GLib.source_remove (self.timer)
/usr/share/system-config-printer/applet.py:358: Warning: Source ID 122 was not found when attempting to remove it
  GLib.source_remove (self.timer)
/usr/share/system-config-printer/applet.py:358: Warning: Source ID 124 was not found when attempting to remove it
  GLib.source_remove (self.timer)
/usr/share/system-config-printer/applet.py:358: Warning: Source ID 125 was not found when attempting to remove it
  GLib.source_remove (self.timer)
/usr/share/system-config-printer/applet.py:358: Warning: Source ID 129 was not found when attempting to remove it
  GLib.source_remove (self.timer)

(xfwm4:50329): libxfce4ui-WARNING **: 09:42:54.935: ICE I/O Error

(xfwm4:50329): libxfce4ui-WARNING **: 09:42:55.003: Disconnected from session manager.

(xfdesktop:50337): libxfce4ui-WARNING **: 09:42:54.935: ICE I/O Error

(xfdesktop:50337): libxfce4ui-WARNING **: 09:42:55.004: Disconnected from session manager.
xfdesktop: Fatal IO error 25 (Inappropriate ioctl for device) on X server :15.0.
xfwm4: Fatal IO error 25 (Inappropriate ioctl for device) on X server :15.0.
