
Xvnc Free Edition 4.1.1 - built Feb 25 2015 23:02:21
Copyright (C) 2002-2005 RealVNC Ltd.
See http://www.realvnc.com for information on VNC.
Underlying X server release 40300000, The XFree86 Project, Inc


Fri Nov 22 11:27:49 2019
 vncext:      VNC extension running!
 vncext:      Listening for VNC connections on port 5917
 vncext:      created VNC server for screen 0
error opening security policy file /etc/X11/xserver/SecurityPolicy
Could not init font path element /usr/X11R6/lib/X11/fonts/Type1/, removing from list!
Could not init font path element /usr/X11R6/lib/X11/fonts/Speedo/, removing from list!
Could not init font path element /usr/X11R6/lib/X11/fonts/misc/, removing from list!
Could not init font path element /usr/X11R6/lib/X11/fonts/75dpi/, removing from list!
Could not init font path element /usr/X11R6/lib/X11/fonts/100dpi/, removing from list!
Could not init font path element /usr/share/fonts/X11/75dpi/, removing from list!
Could not init font path element /usr/share/fonts/X11/100dpi/, removing from list!
xrdb: No such file or directory
xrdb: can't open file '/home/is28/vavilova28/.Xresources'
/usr/bin/startxfce4: X server already running on display :17
AUDIT: Fri Nov 22 11:27:52 2019: 12147 Xvnc4: client 2 rejected from local host
  Auth name: MIT-MAGIC-COOKIE-1 ID: -1
AUDIT: Fri Nov 22 11:27:53 2019: 12147 Xvnc4: client 2 rejected from local host
  Auth name: MIT-MAGIC-COOKIE-1 ID: -1
gpg-agent[12189]: WARNING: "--write-env-file" is an obsolete option - it has no effect
gpg-agent: a gpg-agent is already running - not starting a new one

(xfce4-session:12168): xfce4-session-WARNING **: 11:27:53.021: gpg-agent returned no PID in the variables

(xfce4-session:12168): xfce4-session-WARNING **: 11:27:53.025: xfsm_manager_load_session: Something wrong with /home/is28/vavilova28/.cache/sessions/xfce4-session-virt-1:17, Does it exist? Permissions issue?
AUDIT: Fri Nov 22 11:27:53 2019: 12147 Xvnc4: client 2 rejected from local host
  Auth name: MIT-MAGIC-COOKIE-1 ID: -1

(xfwm4:12193): xfwm4-WARNING **: 11:27:53.049: The display does not support the XRender extension.

(xfwm4:12193): xfwm4-WARNING **: 11:27:53.049: The display does not support the XComposite extension.

(xfwm4:12193): xfwm4-WARNING **: 11:27:53.049: The display does not support the XDamage extension.

(xfwm4:12193): xfwm4-WARNING **: 11:27:53.049: The display does not support the XFixes extension.

(xfwm4:12193): xfwm4-WARNING **: 11:27:53.049: Compositing manager disabled.
(uint32 1,)
xfwm4-Message: 11:27:53.156: Unsupported keyboard modifier '<Super>Tab'

** (light-locker:12205): ERROR **: 11:27:53.207: Environment variable XDG_SESSION_PATH not set. Is LightDM running?

(xfsettingsd:12202): xfsettingsd-CRITICAL **: 11:27:53.226: RANDR extension is too old, version 1.1. Display settings won't be applied.
Xlib:  extension "XInputExtension" missing on display ":17.0".

(xfsettingsd:12202): xfsettingsd-CRITICAL **: 11:27:53.233: XI is not present.

(xfsettingsd:12202): xfsettingsd-CRITICAL **: 11:27:53.233: Failed to initialize the Xkb extension.

(xfsettingsd:12202): xfsettingsd-CRITICAL **: 11:27:53.233: Failed to initialize the Accessibility extension.

(polkit-gnome-authentication-agent-1:12207): GLib-CRITICAL **: 11:27:53.245: g_variant_new_string: assertion 'string != NULL' failed

(polkit-gnome-authentication-agent-1:12207): polkit-gnome-1-WARNING **: 11:27:53.247: Failed to register client: GDBus.Error:org.freedesktop.DBus.Error.ServiceUnknown: The name org.gnome.SessionManager was not provided by any .service files
xfwm4-Message: 11:27:53.321: Unsupported keyboard modifier '<Super>Tab'

(nm-applet:12282): Gtk-WARNING **: 11:27:53.722: Can't set a parent on widget which has a parent

(nm-applet:12282): Gdk-CRITICAL **: 11:27:53.864: gdk_window_thaw_toplevel_updates: assertion 'window->update_and_descendants_freeze_count > 0' failed

Fri Nov 22 11:28:03 2019
 Connections: accepted: 0.0.0.0::50441
 SConnection: Client needs protocol version 3.8
 SConnection: Client requests security type VncAuth(2)
/usr/lib/python3/dist-packages/blueman/plugins/applet/AppIndicator.py:8: PyGIWarning: AppIndicator3 was imported without specifying a version first. Use gi.require_version('AppIndicator3', '0.1') before import to ensure that the right version gets loaded.
  from gi.repository import AppIndicator3 as girAppIndicator
ERROR:dbus.proxies:Introspect error on org.bluez:/org/bluez: dbus.exceptions.DBusException: org.freedesktop.DBus.Error.AccessDenied: Rejected send message, 2 matched rules; type="method_call", sender=":1.2039" (uid=1267 pid=12255 comm="/usr/bin/python3 /usr/bin/blueman-applet " label="unconfined") interface="org.freedesktop.DBus.Introspectable" member="Introspect" error name="(unset)" requested_reply="0" destination="org.bluez" (bus)
ERROR:dbus.proxies:Introspect error on org.bluez:/: dbus.exceptions.DBusException: org.freedesktop.DBus.Error.AccessDenied: Rejected send message, 2 matched rules; type="method_call", sender=":1.2039" (uid=1267 pid=12255 comm="/usr/bin/python3 /usr/bin/blueman-applet " label="unconfined") interface="org.freedesktop.DBus.Introspectable" member="Introspect" error name="(unset)" requested_reply="0" destination="org.bluez" (bus)
ERROR:dbus.proxies:Introspect error on org.bluez:/: dbus.exceptions.DBusException: org.freedesktop.DBus.Error.AccessDenied: Rejected send message, 2 matched rules; type="method_call", sender=":1.2039" (uid=1267 pid=12255 comm="/usr/bin/python3 /usr/bin/blueman-applet " label="unconfined") interface="org.freedesktop.DBus.Introspectable" member="Introspect" error name="(unset)" requested_reply="0" destination="org.bluez" (bus)

(wrapper-1.0:12336): Gdk-WARNING **: 11:28:04.825: /build/gtk+2.0-AoeliP/gtk+2.0-2.24.32/gdk/x11/gdkdrawable-x11.c:952 drawable is not a pixmap or window

(wrapper-1.0:12336): Gdk-WARNING **: 11:28:04.825: /build/gtk+2.0-AoeliP/gtk+2.0-2.24.32/gdk/x11/gdkdrawable-x11.c:952 drawable is not a pixmap or window

Fri Nov 22 11:28:07 2019
 VNCSConnST:  Server default pixel format depth 16 (16bpp) little-endian rgb565
 VNCSConnST:  Client pixel format depth 16 (16bpp) little-endian rgb565

(polkit-gnome-authentication-agent-1:12207): polkit-gnome-1-WARNING **: 11:28:10.069: Couldn't open user icon: Failed to open file '/home/adom/.face': No such file or directory

(polkit-gnome-authentication-agent-1:12207): polkit-gnome-1-WARNING **: 11:28:10.071: Couldn't open user icon: Failed to open file '/home/test/.face': No such file or directory
Gtk-Message: 11:28:10.114: GtkDialog mapped without a transient parent. This is discouraged.

(Thunar:12199): Gdk-WARNING **: 11:28:14.406: gdk_window_set_icon_list: icons too large

(polkit-gnome-authentication-agent-1:12207): polkit-gnome-1-WARNING **: 11:28:31.478: Couldn't open user icon: Failed to open file '/home/adom/.face': No such file or directory

(polkit-gnome-authentication-agent-1:12207): polkit-gnome-1-WARNING **: 11:28:31.479: Couldn't open user icon: Failed to open file '/home/test/.face': No such file or directory
Gtk-Message: 11:28:31.485: GtkDialog mapped without a transient parent. This is discouraged.

(Thunar:12199): Gdk-WARNING **: 11:28:32.229: gdk_window_set_icon_list: icons too large

(Thunar:12199): GLib-GIO-CRITICAL **: 11:28:33.927: g_file_hash: assertion 'G_IS_FILE (file)' failed

(Thunar:12199): GLib-GIO-CRITICAL **: 11:28:33.927: g_file_query_info_async: assertion 'G_IS_FILE (file)' failed

(Thunar:12199): GLib-GObject-CRITICAL **: 11:28:33.927: g_object_unref: assertion 'G_IS_OBJECT (object)' failed
Xlib:  extension "XINERAMA" missing on display ":17.0".
func=xmlSecCheckVersionExt:file=xmlsec.c:line=188:obj=unknown:subj=unknown:error=19:invalid version:mode=abi compatible;expected minor version=2;real minor version=2;expected subminor version=25;real subminor version=26

(soffice:14628): GLib-GObject-WARNING **: 11:28:43.448: ../../../../gobject/gsignal.c:3492: signal name 'selection_changed' is invalid for instance '0x55a0d8a35ea0' of type 'OOoAtkObjCompTxt'
func=xmlSecCheckVersionExt:file=xmlsec.c:line=188:obj=unknown:subj=unknown:error=19:invalid version:mode=abi compatible;expected minor version=2;real minor version=2;expected subminor version=25;real subminor version=26

Fri Nov 22 11:29:42 2019
 Connections: accepted: 0.0.0.0::50273
 SConnection: Client needs protocol version 3.8
 SConnection: Client requests security type VncAuth(2)

Fri Nov 22 11:29:48 2019
 Connections: closed: 0.0.0.0::50273 (read: Connection reset by peer (104))

Fri Nov 22 11:30:10 2019
 Connections: accepted: 0.0.0.0::50274
 SConnection: Client needs protocol version 3.8
 SConnection: Client requests security type VncAuth(2)

Fri Nov 22 11:30:23 2019
 SConnection: AuthFailureException: Authentication failure
 Connections: closed: 0.0.0.0::50274 (Authentication failure)

Fri Nov 22 11:30:49 2019
 Connections: accepted: 0.0.0.0::50275
 SConnection: Client needs protocol version 3.8
 SConnection: Client requests security type VncAuth(2)

Fri Nov 22 11:30:56 2019
 SConnection: AuthFailureException: Authentication failure
 Connections: closed: 0.0.0.0::50275 (Authentication failure)

Fri Nov 22 11:36:13 2019
 Connections: accepted: 0.0.0.0::50297
 SConnection: Client needs protocol version 3.8
 SConnection: Client requests security type VncAuth(2)

Fri Nov 22 11:36:19 2019
 SConnection: AuthFailureException: Authentication failure
 Connections: closed: 0.0.0.0::50297 (Authentication failure)

Fri Nov 22 11:36:30 2019
 Connections: accepted: 0.0.0.0::50298
 SConnection: Client needs protocol version 3.8
 SConnection: Client requests security type VncAuth(2)

Fri Nov 22 11:36:37 2019
 SConnection: AuthFailureException: Authentication failure
 Connections: closed: 0.0.0.0::50298 (Authentication failure)

Fri Nov 22 11:38:46 2019
 Connections: accepted: 0.0.0.0::50303
 SConnection: Client needs protocol version 3.8
 SConnection: Client requests security type VncAuth(2)

Fri Nov 22 11:38:52 2019
 SConnection: AuthFailureException: Authentication failure
 Connections: closed: 0.0.0.0::50303 (Authentication failure)

Fri Nov 22 12:41:41 2019
 Connections: closed: 0.0.0.0::50441 (read: Connection reset by peer (104))
 SMsgWriter:  framebuffer updates 3436
 SMsgWriter:    copyRect rects 226, bytes 3616
 SMsgWriter:    hextile rects 5291, bytes -339006627
 SMsgWriter:    raw bytes equivalent -1126343252, compression ratio 3.322482
xfwm4: Fatal IO error 11 (Resource temporarily unavailable) on X server :17.0.
xfdesktop: Fatal IO error 4 (Interrupted system call) on X server :17.0.
