
Xvnc Free Edition 4.1.1 - built Feb 25 2015 23:02:21
Copyright (C) 2002-2005 RealVNC Ltd.
See http://www.realvnc.com for information on VNC.
Underlying X server release 40300000, The XFree86 Project, Inc


Wed Dec 11 11:25:48 2019
 vncext:      VNC extension running!
 vncext:      Listening for VNC connections on port 5913
 vncext:      created VNC server for screen 0
error opening security policy file /etc/X11/xserver/SecurityPolicy
Could not init font path element /usr/X11R6/lib/X11/fonts/Type1/, removing from list!
Could not init font path element /usr/X11R6/lib/X11/fonts/Speedo/, removing from list!
Could not init font path element /usr/X11R6/lib/X11/fonts/misc/, removing from list!
Could not init font path element /usr/X11R6/lib/X11/fonts/75dpi/, removing from list!
Could not init font path element /usr/X11R6/lib/X11/fonts/100dpi/, removing from list!
Could not init font path element /usr/share/fonts/X11/75dpi/, removing from list!
Could not init font path element /usr/share/fonts/X11/100dpi/, removing from list!
xrdb: No such file or directory
xrdb: can't open file '/home/is28/vavilova28/.Xresources'
/usr/bin/startxfce4: X server already running on display :13
gpg-agent[24869]: WARNING: "--write-env-file" is an obsolete option - it has no effect
gpg-agent: a gpg-agent is already running - not starting a new one

(xfce4-session:24859): xfce4-session-WARNING **: 11:25:51.180: gpg-agent returned no PID in the variables

(xfce4-session:24859): xfce4-session-WARNING **: 11:25:51.183: xfsm_manager_load_session: Something wrong with /home/is28/vavilova28/.cache/sessions/xfce4-session-virt-1:13, Does it exist? Permissions issue?

(xfwm4:24873): xfwm4-WARNING **: 11:25:51.205: The display does not support the XRender extension.

(xfwm4:24873): xfwm4-WARNING **: 11:25:51.205: The display does not support the XComposite extension.

(xfwm4:24873): xfwm4-WARNING **: 11:25:51.205: The display does not support the XDamage extension.

(xfwm4:24873): xfwm4-WARNING **: 11:25:51.205: The display does not support the XFixes extension.

(xfwm4:24873): xfwm4-WARNING **: 11:25:51.205: Compositing manager disabled.
(uint32 1,)

** (light-locker:24883): ERROR **: 11:25:51.268: Environment variable XDG_SESSION_PATH not set. Is LightDM running?

(polkit-gnome-authentication-agent-1:24885): GLib-CRITICAL **: 11:25:51.293: g_variant_new_string: assertion 'string != NULL' failed

(polkit-gnome-authentication-agent-1:24885): polkit-gnome-1-WARNING **: 11:25:51.293: Failed to register client: GDBus.Error:org.freedesktop.DBus.Error.ServiceUnknown: The name org.gnome.SessionManager was not provided by any .service files
xfwm4-Message: 11:25:51.294: Unsupported keyboard modifier '<Super>Tab'

(xfsettingsd:24882): xfsettingsd-CRITICAL **: 11:25:51.334: RANDR extension is too old, version 1.1. Display settings won't be applied.
Xlib:  extension "XInputExtension" missing on display ":13.0".

(xfsettingsd:24882): xfsettingsd-CRITICAL **: 11:25:51.335: XI is not present.

(xfsettingsd:24882): xfsettingsd-CRITICAL **: 11:25:51.336: Failed to initialize the Xkb extension.

(xfsettingsd:24882): xfsettingsd-CRITICAL **: 11:25:51.337: Failed to initialize the Accessibility extension.
xfwm4-Message: 11:25:51.402: Unsupported keyboard modifier '<Super>Tab'

(nm-applet:24990): Gtk-WARNING **: 11:25:51.607: Can't set a parent on widget which has a parent

(nm-applet:24990): Gdk-CRITICAL **: 11:25:51.744: gdk_window_thaw_toplevel_updates: assertion 'window->update_and_descendants_freeze_count > 0' failed

Wed Dec 11 11:26:10 2019
 Connections: accepted: 0.0.0.0::62617
 SConnection: Client needs protocol version 3.8
 SConnection: Client requests security type VncAuth(2)

Wed Dec 11 11:26:16 2019
 VNCSConnST:  Server default pixel format depth 16 (16bpp) little-endian rgb565
 VNCSConnST:  Client pixel format depth 16 (16bpp) little-endian rgb565
/usr/lib/python3/dist-packages/blueman/plugins/applet/AppIndicator.py:8: PyGIWarning: AppIndicator3 was imported without specifying a version first. Use gi.require_version('AppIndicator3', '0.1') before import to ensure that the right version gets loaded.
  from gi.repository import AppIndicator3 as girAppIndicator
ERROR:dbus.proxies:Introspect error on org.bluez:/org/bluez: dbus.exceptions.DBusException: org.freedesktop.DBus.Error.AccessDenied: Rejected send message, 2 matched rules; type="method_call", sender=":1.1000" (uid=1267 pid=24967 comm="/usr/bin/python3 /usr/bin/blueman-applet " label="unconfined") interface="org.freedesktop.DBus.Introspectable" member="Introspect" error name="(unset)" requested_reply="0" destination="org.bluez" (bus)
ERROR:dbus.proxies:Introspect error on org.bluez:/: dbus.exceptions.DBusException: org.freedesktop.DBus.Error.AccessDenied: Rejected send message, 2 matched rules; type="method_call", sender=":1.1000" (uid=1267 pid=24967 comm="/usr/bin/python3 /usr/bin/blueman-applet " label="unconfined") interface="org.freedesktop.DBus.Introspectable" member="Introspect" error name="(unset)" requested_reply="0" destination="org.bluez" (bus)
ERROR:dbus.proxies:Introspect error on org.bluez:/: dbus.exceptions.DBusException: org.freedesktop.DBus.Error.AccessDenied: Rejected send message, 2 matched rules; type="method_call", sender=":1.1000" (uid=1267 pid=24967 comm="/usr/bin/python3 /usr/bin/blueman-applet " label="unconfined") interface="org.freedesktop.DBus.Introspectable" member="Introspect" error name="(unset)" requested_reply="0" destination="org.bluez" (bus)

(Thunar:24879): Gdk-WARNING **: 11:26:22.789: gdk_window_set_icon_list: icons too large
Xlib:  extension "XINERAMA" missing on display ":13.0".
func=xmlSecCheckVersionExt:file=xmlsec.c:line=188:obj=unknown:subj=unknown:error=19:invalid version:mode=abi compatible;expected minor version=2;real minor version=2;expected subminor version=25;real subminor version=26
func=xmlSecCheckVersionExt:file=xmlsec.c:line=188:obj=unknown:subj=unknown:error=19:invalid version:mode=abi compatible;expected minor version=2;real minor version=2;expected subminor version=25;real subminor version=26

(soffice:26012): GLib-GObject-WARNING **: 11:26:31.640: ../../../../gobject/gsignal.c:3492: signal name 'selection_changed' is invalid for instance '0x565203e319f0' of type 'OOoAtkObjCompTxt'

Wed Dec 11 12:09:51 2019
 Connections: closed: 0.0.0.0::62617 (write: Connection reset by peer (104))
 SMsgWriter:  framebuffer updates 932
 SMsgWriter:    copyRect rects 69, bytes 1104
 SMsgWriter:    hextile rects 1011543, bytes 68992203
 SMsgWriter:    raw bytes equivalent 582579748, compression ratio 8.444139

Wed Dec 11 12:09:55 2019
 Connections: accepted: 0.0.0.0::65529
 SConnection: Client needs protocol version 3.8
 SConnection: Client requests security type VncAuth(2)
 VNCSConnST:  Server default pixel format depth 16 (16bpp) little-endian rgb565
 VNCSConnST:  Client pixel format depth 16 (16bpp) little-endian rgb565
 VNCSConnST:  Client pixel format depth 16 (16bpp) little-endian rgb565

Wed Dec 11 12:13:38 2019
 VNCSConnST:  Client pixel format depth 16 (16bpp) little-endian rgb565

Wed Dec 11 15:23:30 2019
 Connections: closed: 0.0.0.0::65529 (read: Connection reset by peer (104))
 SMsgWriter:  framebuffer updates 49247
 SMsgWriter:    hextile rects 1220597, bytes 85391791
 SMsgWriter:    raw bytes equivalent 540227834, compression ratio 6.326461
xfwm4: Fatal IO error 11 (Resource temporarily unavailable) on X server :13.0.

(xfdesktop:24881): GVFS-RemoteVolumeMonitor-WARNING **: 11:14:09.848: Owner of volume monitor org.gtk.vfs.GPhoto2VolumeMonitor disconnected from the bus; removing drives/volumes/mounts

(xfdesktop:24881): GVFS-RemoteVolumeMonitor-WARNING **: 11:14:09.848: Owner of volume monitor org.gtk.vfs.UDisks2VolumeMonitor disconnected from the bus; removing drives/volumes/mounts

(Thunar:24879): GVFS-RemoteVolumeMonitor-WARNING **: 11:14:09.848: Owner of volume monitor org.gtk.vfs.GPhoto2VolumeMonitor disconnected from the bus; removing drives/volumes/mounts

(Thunar:24879): GVFS-RemoteVolumeMonitor-WARNING **: 11:14:09.848: Owner of volume monitor org.gtk.vfs.UDisks2VolumeMonitor disconnected from the bus; removing drives/volumes/mounts
xfce4-session: Fatal IO error 11 (Resource temporarily unavailable) on X server :13.
Thunar: Fatal IO error 11 (Resource temporarily unavailable) on X server :13.0.
Gdk-Message: 11:14:09.849: update-notifier: Fatal IO error 11 (Resource temporarily unavailable) on X server :13.0.

xfsettingsd: Fatal IO error 11 (Resource temporarily unavailable) on X server :13.0.
xfce4-panel: Fatal IO error 11 (Resource temporarily unavailable) on X server :13.0.
Gdk-Message: 11:14:09.850: blueman-applet: Fatal IO error 11 (Resource temporarily unavailable) on X server :13.0.

Gdk-Message: 11:14:09.850: polkit-gnome-authentication-agent-1: Fatal IO error 11 (Resource temporarily unavailable) on X server :13.0.

wrapper-1.0: Fatal IO error 11 (Resource temporarily unavailable) on X server :13.0.
wrapper-1.0: Fatal IO error 11 (Resource temporarily unavailable) on X server :13.0.
Gdk-Message: 11:14:09.851: nm-applet: Fatal IO error 11 (Resource temporarily unavailable) on X server :13.0.

X IO Error
Gdk-Message: 11:14:09.852: evolution-alarm-notify: Fatal IO error 11 (Resource temporarily unavailable) on X server :13.0.


(tracker-miner-fs:24887): GVFS-RemoteVolumeMonitor-WARNING **: 11:14:09.852: Owner of volume monitor org.gtk.vfs.GPhoto2VolumeMonitor disconnected from the bus; removing drives/volumes/mounts
xfdesktop: Fatal IO error 104 (Connection reset by peer) on X server :13.0.

(tracker-extract:24893): GVFS-RemoteVolumeMonitor-WARNING **: 11:14:09.863: Owner of volume monitor org.gtk.vfs.GPhoto2VolumeMonitor disconnected from the bus; removing drives/volumes/mounts

(tracker-extract:24893): GVFS-RemoteVolumeMonitor-WARNING **: 11:14:09.863: Owner of volume monitor org.gtk.vfs.UDisks2VolumeMonitor disconnected from the bus; removing drives/volumes/mounts

Received signal:15->'Terminated'

(tracker-miner-fs:24887): GVFS-RemoteVolumeMonitor-WARNING **: 11:14:09.870: Owner of volume monitor org.gtk.vfs.UDisks2VolumeMonitor disconnected from the bus; removing drives/volumes/mounts

Received signal:15->'Terminated'

(tracker-miner-fs:24887): GLib-GIO-CRITICAL **: 11:14:09.870: Error while sending AddMatch() message: The connection is closed

(tracker-miner-fs:24887): GLib-GIO-CRITICAL **: 11:14:09.870: Error while sending AddMatch() message: The connection is closed

(tracker-miner-fs:24887): GLib-GIO-CRITICAL **: 11:14:09.870: Error while sending AddMatch() message: The connection is closed

OK


Received signal:15->'Terminated'

OK

