
Xvnc Free Edition 4.1.1 - built Feb 25 2015 23:02:21
Copyright (C) 2002-2005 RealVNC Ltd.
See http://www.realvnc.com for information on VNC.
Underlying X server release 40300000, The XFree86 Project, Inc


Wed Nov 27 11:51:39 2019
 vncext:      VNC extension running!
 vncext:      Listening for VNC connections on port 5905
 vncext:      created VNC server for screen 0
error opening security policy file /etc/X11/xserver/SecurityPolicy
Could not init font path element /usr/X11R6/lib/X11/fonts/Type1/, removing from list!
Could not init font path element /usr/X11R6/lib/X11/fonts/Speedo/, removing from list!
Could not init font path element /usr/X11R6/lib/X11/fonts/misc/, removing from list!
Could not init font path element /usr/X11R6/lib/X11/fonts/75dpi/, removing from list!
Could not init font path element /usr/X11R6/lib/X11/fonts/100dpi/, removing from list!
Could not init font path element /usr/share/fonts/X11/75dpi/, removing from list!
Could not init font path element /usr/share/fonts/X11/100dpi/, removing from list!
xrdb: No such file or directory
xrdb: can't open file '/home/is28/vavilova28/.Xresources'
/usr/bin/startxfce4: X server already running on display :5
gpg-agent[5511]: WARNING: "--write-env-file" is an obsolete option - it has no effect
gpg-agent: a gpg-agent is already running - not starting a new one

(xfce4-session:5499): xfce4-session-WARNING **: 11:51:42.381: gpg-agent returned no PID in the variables

(xfce4-session:5499): xfce4-session-WARNING **: 11:51:42.471: xfsm_manager_load_session: Something wrong with /home/is28/vavilova28/.cache/sessions/xfce4-session-virt-1:5, Does it exist? Permissions issue?

(xfwm4:5516): xfwm4-WARNING **: 11:51:42.495: The display does not support the XRender extension.

(xfwm4:5516): xfwm4-WARNING **: 11:51:42.495: The display does not support the XComposite extension.

(xfwm4:5516): xfwm4-WARNING **: 11:51:42.496: The display does not support the XDamage extension.

(xfwm4:5516): xfwm4-WARNING **: 11:51:42.496: The display does not support the XFixes extension.

(xfwm4:5516): xfwm4-WARNING **: 11:51:42.496: Compositing manager disabled.
(uint32 1,)

** (light-locker:5525): ERROR **: 11:51:42.526: Environment variable XDG_SESSION_PATH not set. Is LightDM running?

(polkit-gnome-authentication-agent-1:5529): GLib-CRITICAL **: 11:51:42.551: g_variant_new_string: assertion 'string != NULL' failed

(polkit-gnome-authentication-agent-1:5529): polkit-gnome-1-WARNING **: 11:51:42.552: Failed to register client: GDBus.Error:org.freedesktop.DBus.Error.ServiceUnknown: The name org.gnome.SessionManager was not provided by any .service files

(xfsettingsd:5528): xfsettingsd-CRITICAL **: 11:51:42.616: RANDR extension is too old, version 1.1. Display settings won't be applied.
Xlib:  extension "XInputExtension" missing on display ":5.0".

(xfsettingsd:5528): xfsettingsd-CRITICAL **: 11:51:42.616: XI is not present.

(xfsettingsd:5528): xfsettingsd-CRITICAL **: 11:51:42.616: Failed to initialize the Xkb extension.

(xfsettingsd:5528): xfsettingsd-CRITICAL **: 11:51:42.618: Failed to initialize the Accessibility extension.
xfwm4-Message: 11:51:42.663: Unsupported keyboard modifier '<Super>Tab'
xfwm4-Message: 11:51:42.728: Unsupported keyboard modifier '<Super>Tab'

(nm-applet:5642): Gtk-WARNING **: 11:51:42.786: Can't set a parent on widget which has a parent

(nm-applet:5642): Gdk-CRITICAL **: 11:51:42.951: gdk_window_thaw_toplevel_updates: assertion 'window->update_and_descendants_freeze_count > 0' failed

Wed Nov 27 11:51:49 2019
 Connections: accepted: 0.0.0.0::50045
 SConnection: Client needs protocol version 3.8
 SConnection: Client requests security type VncAuth(2)

Wed Nov 27 11:51:53 2019
 VNCSConnST:  Server default pixel format depth 16 (16bpp) little-endian rgb565
 VNCSConnST:  Client pixel format depth 16 (16bpp) little-endian rgb565

(Thunar:5522): Gdk-WARNING **: 11:51:55.781: gdk_window_set_icon_list: icons too large
/usr/lib/python3/dist-packages/blueman/plugins/applet/AppIndicator.py:8: PyGIWarning: AppIndicator3 was imported without specifying a version first. Use gi.require_version('AppIndicator3', '0.1') before import to ensure that the right version gets loaded.
  from gi.repository import AppIndicator3 as girAppIndicator
ERROR:dbus.proxies:Introspect error on org.bluez:/org/bluez: dbus.exceptions.DBusException: org.freedesktop.DBus.Error.AccessDenied: Rejected send message, 2 matched rules; type="method_call", sender=":1.641" (uid=1267 pid=5623 comm="/usr/bin/python3 /usr/bin/blueman-applet " label="unconfined") interface="org.freedesktop.DBus.Introspectable" member="Introspect" error name="(unset)" requested_reply="0" destination="org.bluez" (bus)
ERROR:dbus.proxies:Introspect error on org.bluez:/: dbus.exceptions.DBusException: org.freedesktop.DBus.Error.AccessDenied: Rejected send message, 2 matched rules; type="method_call", sender=":1.641" (uid=1267 pid=5623 comm="/usr/bin/python3 /usr/bin/blueman-applet " label="unconfined") interface="org.freedesktop.DBus.Introspectable" member="Introspect" error name="(unset)" requested_reply="0" destination="org.bluez" (bus)
ERROR:dbus.proxies:Introspect error on org.bluez:/: dbus.exceptions.DBusException: org.freedesktop.DBus.Error.AccessDenied: Rejected send message, 2 matched rules; type="method_call", sender=":1.641" (uid=1267 pid=5623 comm="/usr/bin/python3 /usr/bin/blueman-applet " label="unconfined") interface="org.freedesktop.DBus.Introspectable" member="Introspect" error name="(unset)" requested_reply="0" destination="org.bluez" (bus)

(wrapper-1.0:5689): Gdk-WARNING **: 11:52:03.846: /build/gtk+2.0-AoeliP/gtk+2.0-2.24.32/gdk/x11/gdkdrawable-x11.c:952 drawable is not a pixmap or window

Wed Nov 27 12:39:08 2019
 Connections: closed: 0.0.0.0::50045 (read: Connection reset by peer (104))
 SMsgWriter:  framebuffer updates 773
 SMsgWriter:    copyRect rects 249, bytes 3984
 SMsgWriter:    hextile rects 122015, bytes 37991094
 SMsgWriter:    raw bytes equivalent 596892872, compression ratio 15.711389
xfce4-session: Fatal IO error 11 (Resource temporarily unavailable) on X server :5.
xfwm4: Fatal IO error 11 (Resource temporarily unavailable) on X server :5.0.

(xfce4-terminal:9387): libxfce4ui-WARNING **: 11:27:39.039: ICE I/O Error
xfdesktop: Fatal IO error 11 (Resource temporarily unavailable) on X server :5.0.

(xfce4-terminal:9387): libxfce4ui-WARNING **: 11:27:39.039: Disconnected from session manager.
Thunar: Fatal IO error 11 (Resource temporarily unavailable) on X server :5.0.
Gdk-Message: 11:27:39.039: blueman-applet: Fatal IO error 11 (Resource temporarily unavailable) on X server :5.0.

xfsettingsd: Fatal IO error 11 (Resource temporarily unavailable) on X server :5.0.
Gdk-Message: 11:27:39.040: evolution-alarm-notify: Fatal IO error 11 (Resource temporarily unavailable) on X server :5.0.

Gdk-Message: 11:27:39.040: gedit: Fatal IO error 11 (Resource temporarily unavailable) on X server :5.0.

wrapper-1.0: Fatal IO error 11 (Resource temporarily unavailable) on X server :5.0.
Gdk-Message: 11:27:39.039: update-notifier: Fatal IO error 11 (Resource temporarily unavailable) on X server :5.0.

xfce4-panel: Fatal IO error 11 (Resource temporarily unavailable) on X server :5.0.
Gdk-Message: 11:27:39.042: polkit-gnome-authentication-agent-1: Fatal IO error 11 (Resource temporarily unavailable) on X server :5.0.

Gdk-Message: 11:27:39.043: xfce4-terminal: Fatal IO error 11 (Resource temporarily unavailable) on X server :5.0.

wrapper-1.0: Fatal IO error 11 (Resource temporarily unavailable) on X server :5.0.
Gdk-Message: 11:27:39.058: nm-applet: Fatal IO error 11 (Resource temporarily unavailable) on X server :5.0.

/usr/share/system-config-printer/applet.py:45: PyGIWarning: Notify was imported without specifying a version first. Use gi.require_version('Notify', '0.7') before import to ensure that the right version gets loaded.
  from gi.repository import Notify
system-config-printer-applet: failed to start NewPrinterNotification service
system-config-printer-applet: failed to start PrinterDriversInstaller service: org.freedesktop.DBus.Error.AccessDenied: Connection ":1.640" is not allowed to own the service "com.redhat.PrinterDriversInstaller" due to security policies in the configuration file
/usr/share/system-config-printer/applet.py:358: Warning: Source ID 11 was not found when attempting to remove it
  GLib.source_remove (self.timer)
/usr/share/system-config-printer/applet.py:358: Warning: Source ID 15 was not found when attempting to remove it
  GLib.source_remove (self.timer)
/usr/share/system-config-printer/applet.py:358: Warning: Source ID 16 was not found when attempting to remove it
  GLib.source_remove (self.timer)
/usr/share/system-config-printer/applet.py:358: Warning: Source ID 20 was not found when attempting to remove it
  GLib.source_remove (self.timer)
/usr/share/system-config-printer/applet.py:358: Warning: Source ID 22 was not found when attempting to remove it
  GLib.source_remove (self.timer)
/usr/share/system-config-printer/applet.py:358: Warning: Source ID 24 was not found when attempting to remove it
  GLib.source_remove (self.timer)
/usr/share/system-config-printer/applet.py:358: Warning: Source ID 25 was not found when attempting to remove it
  GLib.source_remove (self.timer)
/usr/share/system-config-printer/applet.py:358: Warning: Source ID 29 was not found when attempting to remove it
  GLib.source_remove (self.timer)
/usr/share/system-config-printer/applet.py:358: Warning: Source ID 33 was not found when attempting to remove it
  GLib.source_remove (self.timer)
/usr/share/system-config-printer/applet.py:358: Warning: Source ID 34 was not found when attempting to remove it
  GLib.source_remove (self.timer)
/usr/share/system-config-printer/applet.py:358: Warning: Source ID 38 was not found when attempting to remove it
  GLib.source_remove (self.timer)
/usr/share/system-config-printer/applet.py:358: Warning: Source ID 40 was not found when attempting to remove it
  GLib.source_remove (self.timer)
/usr/share/system-config-printer/applet.py:358: Warning: Source ID 44 was not found when attempting to remove it
  GLib.source_remove (self.timer)
/usr/share/system-config-printer/applet.py:358: Warning: Source ID 48 was not found when attempting to remove it
  GLib.source_remove (self.timer)
/usr/share/system-config-printer/applet.py:358: Warning: Source ID 50 was not found when attempting to remove it
  GLib.source_remove (self.timer)
/usr/share/system-config-printer/applet.py:358: Warning: Source ID 54 was not found when attempting to remove it
  GLib.source_remove (self.timer)
/usr/share/system-config-printer/applet.py:358: Warning: Source ID 55 was not found when attempting to remove it
  GLib.source_remove (self.timer)
/usr/share/system-config-printer/applet.py:358: Warning: Source ID 59 was not found when attempting to remove it
  GLib.source_remove (self.timer)
/usr/share/system-config-printer/applet.py:358: Warning: Source ID 61 was not found when attempting to remove it
  GLib.source_remove (self.timer)
/usr/share/system-config-printer/applet.py:358: Warning: Source ID 63 was not found when attempting to remove it
  GLib.source_remove (self.timer)
/usr/share/system-config-printer/applet.py:358: Warning: Source ID 67 was not found when attempting to remove it
  GLib.source_remove (self.timer)
/usr/share/system-config-printer/applet.py:358: Warning: Source ID 69 was not found when attempting to remove it
  GLib.source_remove (self.timer)
/usr/share/system-config-printer/applet.py:358: Warning: Source ID 73 was not found when attempting to remove it
  GLib.source_remove (self.timer)
/usr/share/system-config-printer/applet.py:358: Warning: Source ID 75 was not found when attempting to remove it
  GLib.source_remove (self.timer)
/usr/share/system-config-printer/applet.py:358: Warning: Source ID 79 was not found when attempting to remove it
  GLib.source_remove (self.timer)
/usr/share/system-config-printer/applet.py:358: Warning: Source ID 81 was not found when attempting to remove it
  GLib.source_remove (self.timer)
/usr/share/system-config-printer/applet.py:358: Warning: Source ID 85 was not found when attempting to remove it
  GLib.source_remove (self.timer)
/usr/share/system-config-printer/applet.py:358: Warning: Source ID 86 was not found when attempting to remove it
  GLib.source_remove (self.timer)
/usr/share/system-config-printer/applet.py:358: Warning: Source ID 90 was not found when attempting to remove it
  GLib.source_remove (self.timer)
/usr/share/system-config-printer/applet.py:358: Warning: Source ID 94 was not found when attempting to remove it
  GLib.source_remove (self.timer)
/usr/share/system-config-printer/applet.py:358: Warning: Source ID 96 was not found when attempting to remove it
  GLib.source_remove (self.timer)
/usr/share/system-config-printer/applet.py:358: Warning: Source ID 98 was not found when attempting to remove it
  GLib.source_remove (self.timer)
/usr/share/system-config-printer/applet.py:358: Warning: Source ID 100 was not found when attempting to remove it
  GLib.source_remove (self.timer)
/usr/share/system-config-printer/applet.py:358: Warning: Source ID 104 was not found when attempting to remove it
  GLib.source_remove (self.timer)
/usr/share/system-config-printer/applet.py:358: Warning: Source ID 106 was not found when attempting to remove it
  GLib.source_remove (self.timer)
/usr/share/system-config-printer/applet.py:358: Warning: Source ID 110 was not found when attempting to remove it
  GLib.source_remove (self.timer)
/usr/share/system-config-printer/applet.py:358: Warning: Source ID 111 was not found when attempting to remove it
  GLib.source_remove (self.timer)
/usr/share/system-config-printer/applet.py:358: Warning: Source ID 115 was not found when attempting to remove it
  GLib.source_remove (self.timer)
/usr/share/system-config-printer/applet.py:358: Warning: Source ID 117 was not found when attempting to remove it
  GLib.source_remove (self.timer)
/usr/share/system-config-printer/applet.py:358: Warning: Source ID 119 was not found when attempting to remove it
  GLib.source_remove (self.timer)
/usr/share/system-config-printer/applet.py:358: Warning: Source ID 123 was not found when attempting to remove it
  GLib.source_remove (self.timer)
/usr/share/system-config-printer/applet.py:358: Warning: Source ID 125 was not found when attempting to remove it
  GLib.source_remove (self.timer)
/usr/share/system-config-printer/applet.py:358: Warning: Source ID 129 was not found when attempting to remove it
  GLib.source_remove (self.timer)
/usr/share/system-config-printer/applet.py:358: Warning: Source ID 130 was not found when attempting to remove it
  GLib.source_remove (self.timer)
/usr/share/system-config-printer/applet.py:358: Warning: Source ID 134 was not found when attempting to remove it
  GLib.source_remove (self.timer)
/usr/share/system-config-printer/applet.py:358: Warning: Source ID 136 was not found when attempting to remove it
  GLib.source_remove (self.timer)
/usr/share/system-config-printer/applet.py:358: Warning: Source ID 137 was not found when attempting to remove it
  GLib.source_remove (self.timer)
/usr/share/system-config-printer/applet.py:358: Warning: Source ID 141 was not found when attempting to remove it
  GLib.source_remove (self.timer)
/usr/share/system-config-printer/applet.py:358: Warning: Source ID 143 was not found when attempting to remove it
  GLib.source_remove (self.timer)
/usr/share/system-config-printer/applet.py:358: Warning: Source ID 144 was not found when attempting to remove it
  GLib.source_remove (self.timer)
/usr/share/system-config-printer/applet.py:358: Warning: Source ID 148 was not found when attempting to remove it
  GLib.source_remove (self.timer)
/usr/share/system-config-printer/applet.py:358: Warning: Source ID 150 was not found when attempting to remove it
  GLib.source_remove (self.timer)
/usr/share/system-config-printer/applet.py:358: Warning: Source ID 152 was not found when attempting to remove it
  GLib.source_remove (self.timer)
/usr/share/system-config-printer/applet.py:358: Warning: Source ID 156 was not found when attempting to remove it
  GLib.source_remove (self.timer)
/usr/share/system-config-printer/applet.py:358: Warning: Source ID 157 was not found when attempting to remove it
  GLib.source_remove (self.timer)
/usr/share/system-config-printer/applet.py:358: Warning: Source ID 161 was not found when attempting to remove it
  GLib.source_remove (self.timer)
/usr/share/system-config-printer/applet.py:358: Warning: Source ID 163 was not found when attempting to remove it
  GLib.source_remove (self.timer)
/usr/share/system-config-printer/applet.py:358: Warning: Source ID 164 was not found when attempting to remove it
  GLib.source_remove (self.timer)
/usr/share/system-config-printer/applet.py:358: Warning: Source ID 168 was not found when attempting to remove it
  GLib.source_remove (self.timer)
/usr/share/system-config-printer/applet.py:358: Warning: Source ID 170 was not found when attempting to remove it
  GLib.source_remove (self.timer)
/usr/share/system-config-printer/applet.py:358: Warning: Source ID 171 was not found when attempting to remove it
  GLib.source_remove (self.timer)
/usr/share/system-config-printer/applet.py:358: Warning: Source ID 173 was not found when attempting to remove it
  GLib.source_remove (self.timer)
/usr/share/system-config-printer/applet.py:358: Warning: Source ID 174 was not found when attempting to remove it
  GLib.source_remove (self.timer)
/usr/share/system-config-printer/applet.py:358: Warning: Source ID 176 was not found when attempting to remove it
  GLib.source_remove (self.timer)
/usr/share/system-config-printer/applet.py:358: Warning: Source ID 178 was not found when attempting to remove it
  GLib.source_remove (self.timer)
/usr/share/system-config-printer/applet.py:358: Warning: Source ID 180 was not found when attempting to remove it
  GLib.source_remove (self.timer)
/usr/share/system-config-printer/applet.py:358: Warning: Source ID 181 was not found when attempting to remove it
  GLib.source_remove (self.timer)
/usr/share/system-config-printer/applet.py:358: Warning: Source ID 185 was not found when attempting to remove it
  GLib.source_remove (self.timer)
/usr/share/system-config-printer/applet.py:358: Warning: Source ID 187 was not found when attempting to remove it
  GLib.source_remove (self.timer)
/usr/share/system-config-printer/applet.py:358: Warning: Source ID 188 was not found when attempting to remove it
  GLib.source_remove (self.timer)
/usr/share/system-config-printer/applet.py:358: Warning: Source ID 192 was not found when attempting to remove it
  GLib.source_remove (self.timer)
/usr/share/system-config-printer/applet.py:358: Warning: Source ID 194 was not found when attempting to remove it
  GLib.source_remove (self.timer)
/usr/share/system-config-printer/applet.py:358: Warning: Source ID 196 was not found when attempting to remove it
  GLib.source_remove (self.timer)
/usr/share/system-config-printer/applet.py:358: Warning: Source ID 200 was not found when attempting to remove it
  GLib.source_remove (self.timer)
/usr/share/system-config-printer/applet.py:358: Warning: Source ID 202 was not found when attempting to remove it
  GLib.source_remove (self.timer)
/usr/share/system-config-printer/applet.py:358: Warning: Source ID 208 was not found when attempting to remove it
  GLib.source_remove (self.timer)
/usr/share/system-config-printer/applet.py:358: Warning: Source ID 212 was not found when attempting to remove it
  GLib.source_remove (self.timer)
/usr/share/system-config-printer/applet.py:358: Warning: Source ID 213 was not found when attempting to remove it
  GLib.source_remove (self.timer)
/usr/share/system-config-printer/applet.py:358: Warning: Source ID 219 was not found when attempting to remove it
  GLib.source_remove (self.timer)
/usr/share/system-config-printer/applet.py:358: Warning: Source ID 220 was not found when attempting to remove it
  GLib.source_remove (self.timer)
/usr/share/system-config-printer/applet.py:358: Warning: Source ID 224 was not found when attempting to remove it
  GLib.source_remove (self.timer)
/usr/share/system-config-printer/applet.py:358: Warning: Source ID 226 was not found when attempting to remove it
  GLib.source_remove (self.timer)
/usr/share/system-config-printer/applet.py:358: Warning: Source ID 228 was not found when attempting to remove it
  GLib.source_remove (self.timer)
/usr/share/system-config-printer/applet.py:358: Warning: Source ID 232 was not found when attempting to remove it
  GLib.source_remove (self.timer)
/usr/share/system-config-printer/applet.py:358: Warning: Source ID 233 was not found when attempting to remove it
  GLib.source_remove (self.timer)
/usr/share/system-config-printer/applet.py:358: Warning: Source ID 237 was not found when attempting to remove it
  GLib.source_remove (self.timer)
/usr/share/system-config-printer/applet.py:358: Warning: Source ID 239 was not found when attempting to remove it
  GLib.source_remove (self.timer)
/usr/share/system-config-printer/applet.py:358: Warning: Source ID 240 was not found when attempting to remove it
  GLib.source_remove (self.timer)
/usr/share/system-config-printer/applet.py:358: Warning: Source ID 244 was not found when attempting to remove it
  GLib.source_remove (self.timer)
/usr/share/system-config-printer/applet.py:358: Warning: Source ID 248 was not found when attempting to remove it
  GLib.source_remove (self.timer)
/usr/share/system-config-printer/applet.py:358: Warning: Source ID 249 was not found when attempting to remove it
  GLib.source_remove (self.timer)
/usr/share/system-config-printer/applet.py:358: Warning: Source ID 257 was not found when attempting to remove it
  GLib.source_remove (self.timer)
/usr/share/system-config-printer/applet.py:358: Warning: Source ID 261 was not found when attempting to remove it
  GLib.source_remove (self.timer)
/usr/share/system-config-printer/applet.py:358: Warning: Source ID 262 was not found when attempting to remove it
  GLib.source_remove (self.timer)
/usr/share/system-config-printer/applet.py:358: Warning: Source ID 266 was not found when attempting to remove it
  GLib.source_remove (self.timer)
/usr/share/system-config-printer/applet.py:358: Warning: Source ID 270 was not found when attempting to remove it
  GLib.source_remove (self.timer)
/usr/share/system-config-printer/applet.py:358: Warning: Source ID 274 was not found when attempting to remove it
  GLib.source_remove (self.timer)
/usr/share/system-config-printer/applet.py:358: Warning: Source ID 275 was not found when attempting to remove it
  GLib.source_remove (self.timer)
/usr/share/system-config-printer/applet.py:358: Warning: Source ID 283 was not found when attempting to remove it
  GLib.source_remove (self.timer)
/usr/share/system-config-printer/applet.py:358: Warning: Source ID 284 was not found when attempting to remove it
  GLib.source_remove (self.timer)
/usr/share/system-config-printer/applet.py:358: Warning: Source ID 288 was not found when attempting to remove it
  GLib.source_remove (self.timer)
/usr/share/system-config-printer/applet.py:358: Warning: Source ID 290 was not found when attempting to remove it
  GLib.source_remove (self.timer)
/usr/share/system-config-printer/applet.py:358: Warning: Source ID 291 was not found when attempting to remove it
  GLib.source_remove (self.timer)
/usr/share/system-config-printer/applet.py:358: Warning: Source ID 295 was not found when attempting to remove it
  GLib.source_remove (self.timer)
/usr/share/system-config-printer/applet.py:358: Warning: Source ID 297 was not found when attempting to remove it
  GLib.source_remove (self.timer)
/usr/share/system-config-printer/applet.py:358: Warning: Source ID 301 was not found when attempting to remove it
  GLib.source_remove (self.timer)
/usr/share/system-config-printer/applet.py:358: Warning: Source ID 302 was not found when attempting to remove it
  GLib.source_remove (self.timer)
/usr/share/system-config-printer/applet.py:358: Warning: Source ID 306 was not found when attempting to remove it
  GLib.source_remove (self.timer)
