
Xvnc Free Edition 4.1.1 - built Feb 25 2015 23:02:21
Copyright (C) 2002-2005 RealVNC Ltd.
See http://www.realvnc.com for information on VNC.
Underlying X server release 40300000, The XFree86 Project, Inc


Thu Feb 20 09:49:23 2020
 vncext:      VNC extension running!
 vncext:      Listening for VNC connections on port 5927
 vncext:      created VNC server for screen 0
error opening security policy file /etc/X11/xserver/SecurityPolicy
Could not init font path element /usr/X11R6/lib/X11/fonts/Type1/, removing from list!
Could not init font path element /usr/X11R6/lib/X11/fonts/Speedo/, removing from list!
Could not init font path element /usr/X11R6/lib/X11/fonts/misc/, removing from list!
Could not init font path element /usr/X11R6/lib/X11/fonts/75dpi/, removing from list!
Could not init font path element /usr/X11R6/lib/X11/fonts/100dpi/, removing from list!
Could not init font path element /usr/share/fonts/X11/75dpi/, removing from list!
Could not init font path element /usr/share/fonts/X11/100dpi/, removing from list!
xrdb: No such file or directory
xrdb: can't open file '/home/is28/vavilova28/.Xresources'
/usr/bin/startxfce4: X server already running on display :27
gpg-agent[38057]: WARNING: "--write-env-file" is an obsolete option - it has no effect
gpg-agent: a gpg-agent is already running - not starting a new one

(xfce4-session:38045): xfce4-session-WARNING **: 09:49:26.721: gpg-agent returned no PID in the variables

(xfce4-session:38045): xfce4-session-WARNING **: 09:49:26.723: xfsm_manager_load_session: Something wrong with /home/is28/vavilova28/.cache/sessions/xfce4-session-virt-1:27, Does it exist? Permissions issue?

(xfwm4:38062): xfwm4-WARNING **: 09:49:26.749: The display does not support the XRender extension.

(xfwm4:38062): xfwm4-WARNING **: 09:49:26.749: The display does not support the XComposite extension.

(xfwm4:38062): xfwm4-WARNING **: 09:49:26.749: The display does not support the XDamage extension.

(xfwm4:38062): xfwm4-WARNING **: 09:49:26.749: The display does not support the XFixes extension.

(xfwm4:38062): xfwm4-WARNING **: 09:49:26.749: Compositing manager disabled.

** (light-locker:38072): ERROR **: 09:49:26.795: Environment variable XDG_SESSION_PATH not set. Is LightDM running?

(polkit-gnome-authentication-agent-1:38074): GLib-CRITICAL **: 09:49:26.818: g_variant_new_string: assertion 'string != NULL' failed

(polkit-gnome-authentication-agent-1:38074): polkit-gnome-1-WARNING **: 09:49:26.819: Failed to register client: GDBus.Error:org.freedesktop.DBus.Error.ServiceUnknown: The name org.gnome.SessionManager was not provided by any .service files
(uint32 1,)
xfwm4-Message: 09:49:26.856: Unsupported keyboard modifier '<Super>Tab'

(xfsettingsd:38075): xfsettingsd-CRITICAL **: 09:49:26.952: RANDR extension is too old, version 1.1. Display settings won't be applied.
Xlib:  extension "XInputExtension" missing on display ":27.0".

(xfsettingsd:38075): xfsettingsd-CRITICAL **: 09:49:26.953: XI is not present.

(xfsettingsd:38075): xfsettingsd-CRITICAL **: 09:49:26.955: Failed to initialize the Xkb extension.

(xfsettingsd:38075): xfsettingsd-CRITICAL **: 09:49:26.960: Failed to initialize the Accessibility extension.
xfwm4-Message: 09:49:27.036: Unsupported keyboard modifier '<Super>Tab'

(nm-applet:38189): Gtk-WARNING **: 09:49:27.556: Can't set a parent on widget which has a parent

(nm-applet:38189): Gdk-CRITICAL **: 09:49:27.715: gdk_window_thaw_toplevel_updates: assertion 'window->update_and_descendants_freeze_count > 0' failed
/usr/lib/ubuntu-release-upgrader/check-new-release-gtk:30: PyGIWarning: Gtk was imported without specifying a version first. Use gi.require_version('Gtk', '3.0') before import to ensure that the right version gets loaded.
  from gi.repository import Gtk
WARNING:root:timeout reached, exiting

Thu Feb 20 09:49:48 2020
 Connections: accepted: 0.0.0.0::49859
 SConnection: Client needs protocol version 3.8
 SConnection: Client requests security type VncAuth(2)

Thu Feb 20 09:49:52 2020
 VNCSConnST:  Server default pixel format depth 16 (16bpp) little-endian rgb565
 VNCSConnST:  Client pixel format depth 16 (16bpp) little-endian rgb565
/usr/lib/python3/dist-packages/blueman/plugins/applet/AppIndicator.py:8: PyGIWarning: AppIndicator3 was imported without specifying a version first. Use gi.require_version('AppIndicator3', '0.1') before import to ensure that the right version gets loaded.
  from gi.repository import AppIndicator3 as girAppIndicator
ERROR:dbus.proxies:Introspect error on org.bluez:/org/bluez: dbus.exceptions.DBusException: org.freedesktop.DBus.Error.AccessDenied: Rejected send message, 2 matched rules; type="method_call", sender=":1.2352" (uid=1267 pid=38169 comm="/usr/bin/python3 /usr/bin/blueman-applet " label="unconfined") interface="org.freedesktop.DBus.Introspectable" member="Introspect" error name="(unset)" requested_reply="0" destination="org.bluez" (bus)
ERROR:dbus.proxies:Introspect error on org.bluez:/: dbus.exceptions.DBusException: org.freedesktop.DBus.Error.AccessDenied: Rejected send message, 2 matched rules; type="method_call", sender=":1.2352" (uid=1267 pid=38169 comm="/usr/bin/python3 /usr/bin/blueman-applet " label="unconfined") interface="org.freedesktop.DBus.Introspectable" member="Introspect" error name="(unset)" requested_reply="0" destination="org.bluez" (bus)
ERROR:dbus.proxies:Introspect error on org.bluez:/: dbus.exceptions.DBusException: org.freedesktop.DBus.Error.AccessDenied: Rejected send message, 2 matched rules; type="method_call", sender=":1.2352" (uid=1267 pid=38169 comm="/usr/bin/python3 /usr/bin/blueman-applet " label="unconfined") interface="org.freedesktop.DBus.Introspectable" member="Introspect" error name="(unset)" requested_reply="0" destination="org.bluez" (bus)

(Thunar:38069): Gdk-WARNING **: 09:49:56.369: gdk_window_set_icon_list: icons too large
QXcbConnection: Failed to initialize XRandr
Qt: XKEYBOARD extension not present on the X server.
Unsupported screen format: depth: 16, red_mask: 3f, blue_mask: f800
Using RGB16 fallback, if this works your X11 server is reporting a bad screen format.

Thu Feb 20 10:49:16 2020
 Connections: closed: 0.0.0.0::49859 (read: Connection reset by peer (104))
 SMsgWriter:  framebuffer updates 5899
 SMsgWriter:    copyRect rects 159, bytes 2544
 SMsgWriter:    hextile rects 13391, bytes 53827106
 SMsgWriter:    raw bytes equivalent 549193514, compression ratio 10.202917

(xfce4-panel:38067): libxfce4ui-WARNING **: 09:42:15.532: ICE I/O Error
xfdesktop: Fatal IO error 11 (Resource temporarily unavailable) on X server :27.0.
xfwm4: Fatal IO error 11 (Resource temporarily unavailable) on X server :27.0.
