
Xvnc Free Edition 4.1.1 - built Feb 25 2015 23:02:21
Copyright (C) 2002-2005 RealVNC Ltd.
See http://www.realvnc.com for information on VNC.
Underlying X server release 40300000, The XFree86 Project, Inc


Fri Oct 18 11:20:46 2019
 vncext:      VNC extension running!
 vncext:      Listening for VNC connections on port 5926
 vncext:      created VNC server for screen 0
error opening security policy file /etc/X11/xserver/SecurityPolicy
Could not init font path element /usr/X11R6/lib/X11/fonts/Type1/, removing from list!
Could not init font path element /usr/X11R6/lib/X11/fonts/Speedo/, removing from list!
Could not init font path element /usr/X11R6/lib/X11/fonts/misc/, removing from list!
Could not init font path element /usr/X11R6/lib/X11/fonts/75dpi/, removing from list!
Could not init font path element /usr/X11R6/lib/X11/fonts/100dpi/, removing from list!
Could not init font path element /usr/share/fonts/X11/75dpi/, removing from list!
Could not init font path element /usr/share/fonts/X11/100dpi/, removing from list!

(x-window-manager:61632): xfwm4-WARNING **: 11:20:49.876: The display does not support the XRender extension.

(x-window-manager:61632): xfwm4-WARNING **: 11:20:49.877: The display does not support the XComposite extension.

(x-window-manager:61632): xfwm4-WARNING **: 11:20:49.877: The display does not support the XDamage extension.

(x-window-manager:61632): xfwm4-WARNING **: 11:20:49.877: The display does not support the XFixes extension.

(x-window-manager:61632): xfwm4-WARNING **: 11:20:49.877: Compositing manager disabled.
xfwm4-Message: 11:20:49.960: Unsupported keyboard modifier '<Super>Tab'

(x-window-manager:61632): xfwm4-WARNING **: 11:20:49.967: Failed to connect to session manager: Failed to connect to the session manager: SESSION_MANAGER environment variable not defined
Failed to connect to session manager: Failed to connect to the session manager: SESSION_MANAGER environment variable not defined

Fri Oct 18 11:20:59 2019
 Connections: accepted: 0.0.0.0::60261
 SConnection: Client needs protocol version 3.8
 SConnection: Client requests security type VncAuth(2)

Fri Oct 18 11:21:03 2019
 VNCSConnST:  Server default pixel format depth 16 (16bpp) little-endian rgb565
 VNCSConnST:  Client pixel format depth 16 (16bpp) little-endian rgb565

Fri Oct 18 11:24:54 2019
 Connections: closed: 0.0.0.0::60261 (Clean disconnection)
 SMsgWriter:  framebuffer updates 702
 SMsgWriter:    copyRect rects 1064, bytes 17024
 SMsgWriter:    hextile rects 3248, bytes 7420744
 SMsgWriter:    raw bytes equivalent 85369952, compression ratio 11.504231

Fri Oct 18 11:25:47 2019
 Connections: accepted: 0.0.0.0::60280
 SConnection: Client needs protocol version 3.8
 SConnection: Client requests security type VncAuth(2)

Fri Oct 18 11:25:52 2019
 VNCSConnST:  Server default pixel format depth 16 (16bpp) little-endian rgb565
 VNCSConnST:  Client pixel format depth 16 (16bpp) little-endian rgb565

Fri Oct 18 11:26:37 2019
 Connections: accepted: 0.0.0.0::49232
 SConnection: Client needs protocol version 3.8
 SConnection: Client requests security type VncAuth(2)

Fri Oct 18 11:26:41 2019
 VNCSConnST:  Server default pixel format depth 16 (16bpp) little-endian rgb565
 VNCSConnST:  Client pixel format depth 16 (16bpp) little-endian rgb565

Fri Oct 18 11:26:53 2019
 XserverDesktop: Added unknown keysym 0x6d7 to keycode 255
 XserverDesktop: Added unknown keysym 0x6cd to keycode 254

Fri Oct 18 11:26:54 2019
 XserverDesktop: Added unknown keysym 0x6c1 to keycode 253
 XserverDesktop: Added unknown keysym 0x6d0 to keycode 252
xfwm4-Message: 11:26:54.441: Unsupported keyboard modifier '<Super>Tab'

Fri Oct 18 11:26:55 2019
 XserverDesktop: Added unknown keysym 0x6eb to keycode 251
xfwm4-Message: 11:26:55.833: Unsupported keyboard modifier '<Super>Tab'

Fri Oct 18 11:26:56 2019
 XserverDesktop: Added unknown keysym 0x6f2 to keycode 250
xfwm4-Message: 11:26:56.442: Unsupported keyboard modifier '<Super>Tab'
 XserverDesktop: Added unknown keysym 0x6f4 to keycode 249
xfwm4-Message: 11:26:57.172: Unsupported keyboard modifier '<Super>Tab'

Fri Oct 18 11:27:08 2019
 XserverDesktop: Added unknown keysym 0x6e5 to keycode 248
xfwm4-Message: 11:27:08.602: Unsupported keyboard modifier '<Super>Tab'

Fri Oct 18 11:28:13 2019
 Connections: closed: 0.0.0.0::49232 (Clean disconnection)
 SMsgWriter:  framebuffer updates 693
 SMsgWriter:    copyRect rects 2101, bytes 33616
 SMsgWriter:    hextile rects 2766, bytes 2953393
 SMsgWriter:    raw bytes equivalent 35151150, compression ratio 11.901955
x-window-manager: Fatal IO error 4 (Interrupted system call) on X server :26.
