
Xvnc Free Edition 4.1.1 - built Feb 25 2015 23:02:21
Copyright (C) 2002-2005 RealVNC Ltd.
See http://www.realvnc.com for information on VNC.
Underlying X server release 40300000, The XFree86 Project, Inc


Fri Sep 20 08:36:56 2019
 vncext:      VNC extension running!
 vncext:      Listening for VNC connections on port 5923
 vncext:      created VNC server for screen 0
error opening security policy file /etc/X11/xserver/SecurityPolicy
Could not init font path element /usr/X11R6/lib/X11/fonts/Type1/, removing from list!
Could not init font path element /usr/X11R6/lib/X11/fonts/Speedo/, removing from list!
Could not init font path element /usr/X11R6/lib/X11/fonts/misc/, removing from list!
Could not init font path element /usr/X11R6/lib/X11/fonts/75dpi/, removing from list!
Could not init font path element /usr/X11R6/lib/X11/fonts/100dpi/, removing from list!
Could not init font path element /usr/share/fonts/X11/75dpi/, removing from list!
Could not init font path element /usr/share/fonts/X11/100dpi/, removing from list!

(x-window-manager:48674): xfwm4-WARNING **: 08:36:59.514: The display does not support the XRender extension.

(x-window-manager:48674): xfwm4-WARNING **: 08:36:59.514: The display does not support the XComposite extension.

(x-window-manager:48674): xfwm4-WARNING **: 08:36:59.514: The display does not support the XDamage extension.

(x-window-manager:48674): xfwm4-WARNING **: 08:36:59.514: The display does not support the XFixes extension.

(x-window-manager:48674): xfwm4-WARNING **: 08:36:59.514: Compositing manager disabled.
xfwm4-Message: 08:36:59.604: Unsupported keyboard modifier '<Super>Tab'

(x-window-manager:48674): xfwm4-WARNING **: 08:36:59.611: Failed to connect to session manager: Failed to connect to the session manager: SESSION_MANAGER environment variable not defined
Failed to connect to session manager: Failed to connect to the session manager: SESSION_MANAGER environment variable not defined

Fri Sep 20 08:37:09 2019
 Connections: accepted: 0.0.0.0::49949
 SConnection: Client needs protocol version 3.8
 SConnection: Client requests security type VncAuth(2)

Fri Sep 20 08:37:13 2019
 VNCSConnST:  Server default pixel format depth 16 (16bpp) little-endian rgb565
 VNCSConnST:  Client pixel format depth 16 (16bpp) little-endian rgb565

Fri Sep 20 08:37:43 2019
 Connections: accepted: 0.0.0.0::49328
 SConnection: Client needs protocol version 3.8
 SConnection: Client requests security type VncAuth(2)

Fri Sep 20 08:37:48 2019
 VNCSConnST:  Server default pixel format depth 16 (16bpp) little-endian rgb565
 VNCSConnST:  Client pixel format depth 16 (16bpp) little-endian rgb565

Fri Sep 20 08:38:33 2019
 Connections: closed: 0.0.0.0::49328 (Clean disconnection)
 SMsgWriter:  framebuffer updates 627
 SMsgWriter:    hextile rects 906, bytes 505266
 SMsgWriter:    raw bytes equivalent 11899720, compression ratio 23.551397

Fri Sep 20 09:04:58 2019
 XserverDesktop: Added unknown keysym 0x6d0 to keycode 255
 XserverDesktop: Added unknown keysym 0x6cf to keycode 254
xfwm4-Message: 09:04:58.780: Unsupported keyboard modifier '<Super>Tab'
 XserverDesktop: Added unknown keysym 0x6ce to keycode 253
 XserverDesktop: Added unknown keysym 0x6c5 to keycode 252
xfwm4-Message: 09:04:59.157: Unsupported keyboard modifier '<Super>Tab'

Fri Sep 20 09:04:59 2019
 XserverDesktop: Added unknown keysym 0x6c4 to keycode 251
xfwm4-Message: 09:04:59.844: Unsupported keyboard modifier '<Super>Tab'
 XserverDesktop: Added unknown keysym 0x6cc to keycode 250

Fri Sep 20 09:05:00 2019
 XserverDesktop: Added unknown keysym 0x6d8 to keycode 249
xfwm4-Message: 09:05:00.471: Unsupported keyboard modifier '<Super>Tab'
 XserverDesktop: Added unknown keysym 0x6d4 to keycode 248
xfwm4-Message: 09:05:01.068: Unsupported keyboard modifier '<Super>Tab'

Fri Sep 20 09:05:01 2019
 XserverDesktop: Added unknown keysym 0x6cb to keycode 247
xfwm4-Message: 09:05:01.572: Unsupported keyboard modifier '<Super>Tab'

Fri Sep 20 09:05:02 2019
 XserverDesktop: Added unknown keysym 0x6c9 to keycode 246
xfwm4-Message: 09:05:02.965: Unsupported keyboard modifier '<Super>Tab'

Fri Sep 20 09:05:06 2019
 XserverDesktop: Added unknown keysym 0x6d7 to keycode 245
xfwm4-Message: 09:05:06.500: Unsupported keyboard modifier '<Super>Tab'
 XserverDesktop: Added unknown keysym 0x6d2 to keycode 244
xfwm4-Message: 09:05:06.916: Unsupported keyboard modifier '<Super>Tab'

Fri Sep 20 09:05:09 2019
 XserverDesktop: Added unknown keysym 0x6d3 to keycode 243
xfwm4-Message: 09:05:09.516: Unsupported keyboard modifier '<Super>Tab'

Fri Sep 20 09:05:10 2019
 XserverDesktop: Added unknown keysym 0x6c1 to keycode 242
xfwm4-Message: 09:05:10.516: Unsupported keyboard modifier '<Super>Tab'

Fri Sep 20 09:05:11 2019
 XserverDesktop: Added unknown keysym 0x6de to keycode 241
xfwm4-Message: 09:05:11.531: Unsupported keyboard modifier '<Super>Tab'

Fri Sep 20 09:05:12 2019
 XserverDesktop: Added unknown keysym 0x6c7 to keycode 240
xfwm4-Message: 09:05:13.204: Unsupported keyboard modifier '<Super>Tab'

Fri Sep 20 09:05:23 2019
 XserverDesktop: Added unknown keysym 0x6c3 to keycode 239
xfwm4-Message: 09:05:23.491: Unsupported keyboard modifier '<Super>Tab'

Fri Sep 20 09:05:26 2019
 XserverDesktop: Added unknown keysym 0x6d1 to keycode 238
xfwm4-Message: 09:05:27.124: Unsupported keyboard modifier '<Super>Tab'

Fri Sep 20 09:05:30 2019
 XserverDesktop: Added unknown keysym 0xf3 to keycode 237
xfwm4-Message: 09:05:30.595: Unsupported keyboard modifier '<Super>Tab'

Fri Sep 20 09:05:33 2019
 XserverDesktop: Added unknown keysym 0x6c2 to keycode 236
xfwm4-Message: 09:05:33.348: Unsupported keyboard modifier '<Super>Tab'

Fri Sep 20 09:05:44 2019
 XserverDesktop: Added unknown keysym 0x6d6 to keycode 235
xfwm4-Message: 09:05:44.348: Unsupported keyboard modifier '<Super>Tab'

Fri Sep 20 09:05:45 2019
 XserverDesktop: Added unknown keysym 0x6dc to keycode 234
xfwm4-Message: 09:05:45.660: Unsupported keyboard modifier '<Super>Tab'

Fri Sep 20 12:44:09 2019
 Connections: closed: 0.0.0.0::49949 (read: Connection reset by peer (104))
 SMsgWriter:  framebuffer updates 9531
 SMsgWriter:    copyRect rects 1417, bytes 22672
 SMsgWriter:    hextile rects 18219, bytes 45203168
 SMsgWriter:    raw bytes equivalent 680683492, compression ratio 15.058314
x-window-manager: Fatal IO error 11 (Resource temporarily unavailable) on X server :23.
