
Xvnc Free Edition 4.1.1 - built Jul 31 2015 19:10:31
Copyright (C) 2002-2005 RealVNC Ltd.
See http://www.realvnc.com for information on VNC.
Underlying X server release 40300000, The XFree86 Project, Inc


Fri Sep  6 11:32:34 2019
 vncext:      VNC extension running!
 vncext:      Listening for VNC connections on port 5929
 vncext:      created VNC server for screen 0
error opening security policy file /etc/X11/xserver/SecurityPolicy
Could not init font path element /usr/X11R6/lib/X11/fonts/Type1/, removing from list!
Could not init font path element /usr/X11R6/lib/X11/fonts/Speedo/, removing from list!
Could not init font path element /usr/X11R6/lib/X11/fonts/misc/, removing from list!
Could not init font path element /usr/X11R6/lib/X11/fonts/75dpi/, removing from list!
Could not init font path element /usr/X11R6/lib/X11/fonts/100dpi/, removing from list!
Could not init font path element /usr/share/fonts/X11/75dpi/, removing from list!
Could not init font path element /usr/share/fonts/X11/100dpi/, removing from list!
Option "--login" is no longer supported in this version of gnome-terminal; you might want to create a profile with the desired setting, and use the new '--profile' option

(gnome-terminal:13299): GLib-GIO-CRITICAL **: g_settings_get: the format string may not contain '&' (key 'monospace-font-name' from schema 'org.gnome.desktop.interface'). This call will probably stop working with a future version of glib.

(gnome-terminal:13299): Vte-2.90-WARNING **: Unable to convert characters from текущая to X-VTE-GUNICHAR.
Unhandled value type TerminalEncoding of pspec encoding

(x-window-manager:13300): xfwm4-WARNING **: The display does not support the XRender extension.

(x-window-manager:13300): xfwm4-WARNING **: The display does not support the XComposite extension.

(x-window-manager:13300): xfwm4-WARNING **: The display does not support the XDamage extension.

(x-window-manager:13300): xfwm4-WARNING **: The display does not support the XFixes extension.

(x-window-manager:13300): xfwm4-WARNING **: Compositing manager disabled.

(x-window-manager:13300): GLib-CRITICAL **: g_str_has_prefix: assertion 'prefix != NULL' failed

(x-window-manager:13300): xfwm4-WARNING **: The property '/general/double_click_distance' of type int is not supported

(x-window-manager:13300): xfwm4-WARNING **: Failed to connect to session manager: Не удалось подключиться к менеджеру сеансов: SESSION_MANAGER environment variable not defined

Fri Sep  6 11:33:27 2019
 Connections: accepted: 0.0.0.0::50204
 SConnection: Client needs protocol version 3.8
 SConnection: Client requests security type VncAuth(2)

Fri Sep  6 11:33:36 2019
 VNCSConnST:  Server default pixel format depth 16 (16bpp) little-endian rgb565
 VNCSConnST:  Client pixel format depth 16 (16bpp) little-endian rgb565

Fri Sep  6 11:52:24 2019
 Connections: closed: 0.0.0.0::50204 (Clean disconnection)
 SMsgWriter:  framebuffer updates 2941
 SMsgWriter:    copyRect rects 3070, bytes 49120
 SMsgWriter:    hextile rects 19013, bytes 39704975
 SMsgWriter:    raw bytes equivalent 363369730, compression ratio 9.151743

Fri Sep  6 11:52:44 2019
 Connections: accepted: 0.0.0.0::50271
 SConnection: Client needs protocol version 3.8
 SConnection: Client requests security type VncAuth(2)

Fri Sep  6 11:52:50 2019
 VNCSConnST:  Server default pixel format depth 16 (16bpp) little-endian rgb565
 VNCSConnST:  Client pixel format depth 16 (16bpp) little-endian rgb565

Fri Sep  6 11:54:46 2019
 XserverDesktop: Added unknown keysym 0x6f0 to keycode 255
 XserverDesktop: Added unknown keysym 0x6d2 to keycode 254
 XserverDesktop: Added unknown keysym 0x6c9 to keycode 253

Fri Sep  6 11:54:50 2019
 XserverDesktop: Added unknown keysym 0x6d7 to keycode 252
 XserverDesktop: Added unknown keysym 0x6c5 to keycode 251
 XserverDesktop: Added unknown keysym 0x6d4 to keycode 250

Fri Sep  6 12:00:25 2019
 XserverDesktop: Added unknown keysym 0x6c1 to keycode 249

Fri Sep  6 12:00:27 2019
 XserverDesktop: Added unknown keysym 0x6db to keycode 248

Fri Sep  6 12:00:29 2019
 XserverDesktop: Added unknown keysym 0x6cf to keycode 247

Fri Sep  6 12:00:30 2019
 XserverDesktop: Added unknown keysym 0x6da to keycode 246

Fri Sep  6 12:00:31 2019
 XserverDesktop: Added unknown keysym 0x6d3 to keycode 245

Fri Sep  6 12:00:32 2019
 XserverDesktop: Added unknown keysym 0x6de to keycode 244

Fri Sep  6 12:00:39 2019
 XserverDesktop: Added unknown keysym 0x6cc to keycode 243

Fri Sep  6 12:00:57 2019
 XserverDesktop: Added unknown keysym 0x6dc to keycode 242

Fri Sep  6 12:07:52 2019
 XserverDesktop: Added unknown keysym 0x6ce to keycode 241

Fri Sep  6 12:07:53 2019
 XserverDesktop: Added unknown keysym 0x6cb to keycode 240

Fri Sep  6 12:07:54 2019
 XserverDesktop: Added unknown keysym 0x6cd to keycode 239

Fri Sep  6 12:07:56 2019
 XserverDesktop: Added unknown keysym 0xf3 to keycode 238

Fri Sep  6 12:08:10 2019
 XserverDesktop: Added unknown keysym 0x6d9 to keycode 237

Fri Sep  6 12:08:17 2019
 XserverDesktop: Added unknown keysym 0x6d8 to keycode 236

Fri Sep  6 12:08:38 2019
 XserverDesktop: Added unknown keysym 0x6c7 to keycode 235

Fri Sep  6 12:37:50 2019
 Connections: closed: 0.0.0.0::50271 (read: Connection reset by peer (104))
 SMsgWriter:  framebuffer updates 11938
 SMsgWriter:    copyRect rects 16618, bytes 265888
 SMsgWriter:    hextile rects 35674, bytes 37950109
 SMsgWriter:    raw bytes equivalent 565672486, compression ratio 14.905688
