
Xvnc Free Edition 4.1.1 - built Feb 25 2015 23:02:21
Copyright (C) 2002-2005 RealVNC Ltd.
See http://www.realvnc.com for information on VNC.
Underlying X server release 40300000, The XFree86 Project, Inc


Fri Sep 13 08:26:19 2019
 vncext:      VNC extension running!
 vncext:      Listening for VNC connections on port 5913
 vncext:      created VNC server for screen 0
error opening security policy file /etc/X11/xserver/SecurityPolicy
Could not init font path element /usr/X11R6/lib/X11/fonts/Type1/, removing from list!
Could not init font path element /usr/X11R6/lib/X11/fonts/Speedo/, removing from list!
Could not init font path element /usr/X11R6/lib/X11/fonts/misc/, removing from list!
Could not init font path element /usr/X11R6/lib/X11/fonts/75dpi/, removing from list!
Could not init font path element /usr/X11R6/lib/X11/fonts/100dpi/, removing from list!
Could not init font path element /usr/share/fonts/X11/75dpi/, removing from list!
Could not init font path element /usr/share/fonts/X11/100dpi/, removing from list!

(x-window-manager:52108): xfwm4-WARNING **: 08:26:22.391: The display does not support the XRender extension.

(x-window-manager:52108): xfwm4-WARNING **: 08:26:22.391: The display does not support the XComposite extension.

(x-window-manager:52108): xfwm4-WARNING **: 08:26:22.391: The display does not support the XDamage extension.

(x-window-manager:52108): xfwm4-WARNING **: 08:26:22.391: The display does not support the XFixes extension.

(x-window-manager:52108): xfwm4-WARNING **: 08:26:22.391: Compositing manager disabled.
xfwm4-Message: 08:26:22.450: Unsupported keyboard modifier '<Super>Tab'
# Failed to parse arguments: Unknown option --login
xfwm4-Message: 08:26:22.477: Unsupported keyboard modifier '<Super>Tab'

(x-window-manager:52108): xfwm4-WARNING **: 08:26:22.482: Failed to connect to session manager: Failed to connect to the session manager: SESSION_MANAGER environment variable not defined

Fri Sep 13 08:26:52 2019
 Connections: accepted: 0.0.0.0::50181
 SConnection: Client needs protocol version 3.8
 SConnection: Client requests security type VncAuth(2)

Fri Sep 13 08:26:56 2019
 VNCSConnST:  Server default pixel format depth 16 (16bpp) little-endian rgb565
 VNCSConnST:  Client pixel format depth 16 (16bpp) little-endian rgb565
 VNCSConnST:  Client pixel format depth 16 (16bpp) little-endian rgb565

Fri Sep 13 08:27:28 2019
 Connections: closed: 0.0.0.0::50181 (Clean disconnection)
 SMsgWriter:  framebuffer updates 3
 SMsgWriter:    hextile rects 2, bytes 8298
 SMsgWriter:    ZRLE rects 2, bytes 310
 SMsgWriter:    raw bytes equivalent 12441968, compression ratio 1445.395911

Fri Sep 13 08:27:37 2019
 Connections: accepted: 0.0.0.0::50426
 SConnection: Client needs protocol version 3.8
 SConnection: Client requests security type VncAuth(2)

Fri Sep 13 08:27:42 2019
 SConnection: AuthFailureException: Authentication failure
 Connections: closed: 0.0.0.0::50426 (Authentication failure)

Fri Sep 13 08:27:58 2019
 Connections: accepted: 0.0.0.0::50428
 SConnection: Client needs protocol version 3.8
 SConnection: Client requests security type VncAuth(2)

Fri Sep 13 08:28:06 2019
 SConnection: AuthFailureException: Authentication failure
 Connections: closed: 0.0.0.0::50428 (Authentication failure)

Fri Sep 13 08:28:09 2019
 Connections: accepted: 0.0.0.0::50429
 SConnection: Client needs protocol version 3.8
 SConnection: Client requests security type VncAuth(2)

Fri Sep 13 08:28:19 2019
 SConnection: AuthFailureException: Authentication failure
 Connections: closed: 0.0.0.0::50429 (Authentication failure)

Fri Sep 13 08:28:22 2019
 Connections: accepted: 0.0.0.0::50432
 SConnection: Client needs protocol version 3.8
 SConnection: Client requests security type VncAuth(2)

Fri Sep 13 08:28:26 2019
 SConnection: AuthFailureException: Authentication failure
 Connections: closed: 0.0.0.0::50432 (Authentication failure)

Fri Sep 13 08:28:28 2019
 Connections: accepted: 0.0.0.0::50433
 SConnection: Client needs protocol version 3.8
 SConnection: Client requests security type VncAuth(2)

Fri Sep 13 08:28:33 2019
 SConnection: AuthFailureException: Authentication failure
 Connections: closed: 0.0.0.0::50433 (Authentication failure)

Fri Sep 13 08:28:36 2019
 Connections: blacklisted: 0.0.0.0

Fri Sep 13 08:28:41 2019
 Connections: accepted: 0.0.0.0::50435
 SConnection: Client needs protocol version 3.8
 SConnection: Client requests security type VncAuth(2)

Fri Sep 13 08:29:05 2019
 SConnection: AuthFailureException: Authentication failure
 Connections: closed: 0.0.0.0::50435 (Authentication failure)

Fri Sep 13 08:29:21 2019
 Connections: accepted: 0.0.0.0::50436
 SConnection: Client needs protocol version 3.8
 SConnection: Client requests security type VncAuth(2)

Fri Sep 13 08:29:25 2019
 SConnection: AuthFailureException: Authentication failure
 Connections: closed: 0.0.0.0::50436 (Authentication failure)

Fri Sep 13 08:29:33 2019
 Connections: blacklisted: 0.0.0.0

Fri Sep 13 08:29:36 2019
 Connections: blacklisted: 0.0.0.0

Fri Sep 13 08:29:39 2019
 Connections: blacklisted: 0.0.0.0

Fri Sep 13 08:29:42 2019
 Connections: blacklisted: 0.0.0.0

Fri Sep 13 08:29:53 2019
 Connections: blacklisted: 0.0.0.0
x-window-manager: Fatal IO error 4 (Interrupted system call) on X server :13.
