
Xvnc Free Edition 4.1.1 - built Feb 25 2015 23:02:21
Copyright (C) 2002-2005 RealVNC Ltd.
See http://www.realvnc.com for information on VNC.
Underlying X server release 40300000, The XFree86 Project, Inc


Fri Sep 13 08:27:30 2019
 vncext:      VNC extension running!
 vncext:      Listening for VNC connections on port 5917
 vncext:      created VNC server for screen 0
error opening security policy file /etc/X11/xserver/SecurityPolicy
Could not init font path element /usr/X11R6/lib/X11/fonts/Type1/, removing from list!
Could not init font path element /usr/X11R6/lib/X11/fonts/Speedo/, removing from list!
Could not init font path element /usr/X11R6/lib/X11/fonts/misc/, removing from list!
Could not init font path element /usr/X11R6/lib/X11/fonts/75dpi/, removing from list!
Could not init font path element /usr/X11R6/lib/X11/fonts/100dpi/, removing from list!
Could not init font path element /usr/share/fonts/X11/75dpi/, removing from list!
Could not init font path element /usr/share/fonts/X11/100dpi/, removing from list!

(x-window-manager:52991): xfwm4-WARNING **: 08:27:33.517: The display does not support the XRender extension.

(x-window-manager:52991): xfwm4-WARNING **: 08:27:33.517: The display does not support the XComposite extension.

(x-window-manager:52991): xfwm4-WARNING **: 08:27:33.517: The display does not support the XDamage extension.

(x-window-manager:52991): xfwm4-WARNING **: 08:27:33.517: The display does not support the XFixes extension.

(x-window-manager:52991): xfwm4-WARNING **: 08:27:33.517: Compositing manager disabled.
xfwm4-Message: 08:27:33.554: Unsupported keyboard modifier '<Super>Tab'

(x-window-manager:52991): xfwm4-WARNING **: 08:27:33.570: Failed to connect to session manager: Failed to connect to the session manager: SESSION_MANAGER environment variable not defined
Failed to connect to session manager: Failed to connect to the session manager: SESSION_MANAGER environment variable not defined

Fri Sep 13 08:27:40 2019
 Connections: accepted: 0.0.0.0::50184
 SConnection: Client needs protocol version 3.8
 SConnection: Client requests security type VncAuth(2)

Fri Sep 13 08:27:48 2019
 VNCSConnST:  Server default pixel format depth 16 (16bpp) little-endian rgb565
 VNCSConnST:  Client pixel format depth 16 (16bpp) little-endian rgb565

Fri Sep 13 08:48:42 2019
 XserverDesktop: Added unknown keysym 0x6f7 to keycode 255
xfwm4-Message: 08:48:42.570: Unsupported keyboard modifier '<Super>Tab'

Fri Sep 13 08:48:46 2019
 XserverDesktop: Added unknown keysym 0x6c5 to keycode 254
xfwm4-Message: 08:48:46.714: Unsupported keyboard modifier '<Super>Tab'

Fri Sep 13 08:48:47 2019
 XserverDesktop: Added unknown keysym 0x6c4 to keycode 253
 XserverDesktop: Added unknown keysym 0x6c9 to keycode 252
 XserverDesktop: Added unknown keysym 0x6d4 to keycode 251
xfwm4-Message: 08:48:47.602: Unsupported keyboard modifier '<Super>Tab'
 XserverDesktop: Added unknown keysym 0x6de to keycode 250
xfwm4-Message: 08:48:48.130: Unsupported keyboard modifier '<Super>Tab'

Fri Sep 13 08:48:48 2019
 XserverDesktop: Added unknown keysym 0x6d3 to keycode 249
 XserverDesktop: Added unknown keysym 0x6cc to keycode 248
 XserverDesktop: Added unknown keysym 0x6cf to keycode 247
xfwm4-Message: 08:48:49.090: Unsupported keyboard modifier '<Super>Tab'

Fri Sep 13 08:48:50 2019
 XserverDesktop: Added unknown keysym 0x6d2 to keycode 246
xfwm4-Message: 08:48:50.450: Unsupported keyboard modifier '<Super>Tab'
 XserverDesktop: Added unknown keysym 0x6c2 to keycode 245
 XserverDesktop: Added unknown keysym 0x6ce to keycode 244
xfwm4-Message: 08:48:50.842: Unsupported keyboard modifier '<Super>Tab'

Fri Sep 13 08:50:35 2019
 XserverDesktop: Added unknown keysym 0x6da to keycode 243
xfwm4-Message: 08:50:35.729: Unsupported keyboard modifier '<Super>Tab'

Fri Sep 13 08:50:36 2019
 XserverDesktop: Added unknown keysym 0x6cb to keycode 242
 XserverDesktop: Added unknown keysym 0x6db to keycode 241
xfwm4-Message: 08:50:36.449: Unsupported keyboard modifier '<Super>Tab'

(xfce4-terminal:52990): Gdk-CRITICAL **: 08:55:18.665: gdk_window_get_window_type: assertion 'GDK_IS_WINDOW (window)' failed

Fri Sep 13 08:59:34 2019
 XserverDesktop: Added unknown keysym 0x6e3 to keycode 240
xfwm4-Message: 08:59:35.249: Unsupported keyboard modifier '<Super>Tab'

Fri Sep 13 08:59:36 2019
 XserverDesktop: Added unknown keysym 0x6c1 to keycode 239
 XserverDesktop: Added unknown keysym 0x6d1 to keycode 238
xfwm4-Message: 08:59:36.697: Unsupported keyboard modifier '<Super>Tab'

Fri Sep 13 08:59:37 2019
 XserverDesktop: Added unknown keysym 0x6d8 to keycode 237
xfwm4-Message: 08:59:37.826: Unsupported keyboard modifier '<Super>Tab'

Fri Sep 13 09:01:48 2019
 XserverDesktop: Added unknown keysym 0x6f9 to keycode 236
xfwm4-Message: 09:01:48.903: Unsupported keyboard modifier '<Super>Tab'

Fri Sep 13 09:01:51 2019
 XserverDesktop: Added unknown keysym 0x6a3 to keycode 235
xfwm4-Message: 09:01:52.232: Unsupported keyboard modifier '<Super>Tab'

Fri Sep 13 09:01:52 2019
 XserverDesktop: Added unknown keysym 0x6c8 to keycode 234
xfwm4-Message: 09:01:52.872: Unsupported keyboard modifier '<Super>Tab'

Fri Sep 13 09:07:42 2019
 XserverDesktop: Added unknown keysym 0xf3 to keycode 233
xfwm4-Message: 09:07:42.979: Unsupported keyboard modifier '<Super>Tab'

Fri Sep 13 09:07:43 2019
 XserverDesktop: Added unknown keysym 0x6cd to keycode 232
xfwm4-Message: 09:07:43.316: Unsupported keyboard modifier '<Super>Tab'

Fri Sep 13 09:07:50 2019
 XserverDesktop: Added unknown keysym 0x6c6 to keycode 231
xfwm4-Message: 09:07:50.539: Unsupported keyboard modifier '<Super>Tab'

Fri Sep 13 09:38:25 2019
 Connections: closed: 0.0.0.0::50184 (Clean disconnection)
 SMsgWriter:  framebuffer updates 7057
 SMsgWriter:    copyRect rects 1074, bytes 17184
 SMsgWriter:    hextile rects 13318, bytes 41934555
 SMsgWriter:    raw bytes equivalent 665552006, compression ratio 15.871207
x-window-manager: Fatal IO error 4 (Interrupted system call) on X server :17.
