
Xvnc Free Edition 4.1.1 - built Jul 31 2015 19:10:31
Copyright (C) 2002-2005 RealVNC Ltd.
See http://www.realvnc.com for information on VNC.
Underlying X server release 40300000, The XFree86 Project, Inc


Fri Sep  6 11:35:01 2019
 vncext:      VNC extension running!
 vncext:      Listening for VNC connections on port 5912
 vncext:      created VNC server for screen 0
error opening security policy file /etc/X11/xserver/SecurityPolicy
Could not init font path element /usr/X11R6/lib/X11/fonts/Type1/, removing from list!
Could not init font path element /usr/X11R6/lib/X11/fonts/Speedo/, removing from list!
Could not init font path element /usr/X11R6/lib/X11/fonts/misc/, removing from list!
Could not init font path element /usr/X11R6/lib/X11/fonts/75dpi/, removing from list!
Could not init font path element /usr/X11R6/lib/X11/fonts/100dpi/, removing from list!
Could not init font path element /usr/share/fonts/X11/75dpi/, removing from list!
Could not init font path element /usr/share/fonts/X11/100dpi/, removing from list!
Option "--login" is no longer supported in this version of gnome-terminal; you might want to create a profile with the desired setting, and use the new '--profile' option

(gnome-terminal:14360): GLib-GIO-CRITICAL **: g_settings_get: the format string may not contain '&' (key 'monospace-font-name' from schema 'org.gnome.desktop.interface'). This call will probably stop working with a future version of glib.

(gnome-terminal:14360): Vte-2.90-WARNING **: Unable to convert characters from текущая to X-VTE-GUNICHAR.
Unhandled value type TerminalEncoding of pspec encoding

(x-window-manager:14361): xfwm4-WARNING **: The display does not support the XRender extension.

(x-window-manager:14361): xfwm4-WARNING **: The display does not support the XComposite extension.

(x-window-manager:14361): xfwm4-WARNING **: The display does not support the XDamage extension.

(x-window-manager:14361): xfwm4-WARNING **: The display does not support the XFixes extension.

(x-window-manager:14361): xfwm4-WARNING **: Compositing manager disabled.

(x-window-manager:14361): xfwm4-WARNING **: Failed to connect to session manager: Не удалось подключиться к менеджеру сеансов: SESSION_MANAGER environment variable not defined

Fri Sep  6 11:35:08 2019
 Connections: accepted: 0.0.0.0::49317
 SConnection: Client needs protocol version 3.8
 SConnection: Client requests security type VncAuth(2)

Fri Sep  6 11:35:11 2019
 VNCSConnST:  Server default pixel format depth 16 (16bpp) little-endian rgb565
 VNCSConnST:  Client pixel format depth 16 (16bpp) little-endian rgb565

Fri Sep  6 12:06:59 2019
 XserverDesktop: Added unknown keysym 0x6e1 to keycode 255

Fri Sep  6 12:07:00 2019
 XserverDesktop: Added unknown keysym 0x6ce to keycode 254
 XserverDesktop: Added unknown keysym 0x6c4 to keycode 253
 XserverDesktop: Added unknown keysym 0x6d2 to keycode 252
 XserverDesktop: Added unknown keysym 0x6c5 to keycode 251

Fri Sep  6 12:07:01 2019
 XserverDesktop: Added unknown keysym 0x6ca to keycode 250

Fri Sep  6 12:08:04 2019
 XserverDesktop: Added unknown keysym 0x6dd to keycode 249

Fri Sep  6 12:08:05 2019
 XserverDesktop: Added unknown keysym 0x6da to keycode 248
 XserverDesktop: Added unknown keysym 0xf3 to keycode 247
 XserverDesktop: Added unknown keysym 0x6d4 to keycode 246
XIO:  fatal IO error 11 (Resource temporarily unavailable) on X server ":12"
      after 301 requests (301 known processed) with 0 events remaining.
x-window-manager: Fatal IO error 11 (Resource temporarily unavailable) on X server :12.

(gnome-terminal:14360): Gdk-WARNING **: gnome-terminal: Fatal IO error 11 (Resource temporarily unavailable) on X server :12.

