
Xvnc Free Edition 4.1.1 - built Feb 25 2015 23:02:21
Copyright (C) 2002-2005 RealVNC Ltd.
See http://www.realvnc.com for information on VNC.
Underlying X server release 40300000, The XFree86 Project, Inc


Thu Mar 12 09:47:59 2020
 vncext:      VNC extension running!
 vncext:      Listening for VNC connections on port 5911
 vncext:      created VNC server for screen 0
error opening security policy file /etc/X11/xserver/SecurityPolicy
Could not init font path element /usr/X11R6/lib/X11/fonts/Type1/, removing from list!
Could not init font path element /usr/X11R6/lib/X11/fonts/Speedo/, removing from list!
Could not init font path element /usr/X11R6/lib/X11/fonts/misc/, removing from list!
Could not init font path element /usr/X11R6/lib/X11/fonts/75dpi/, removing from list!
Could not init font path element /usr/X11R6/lib/X11/fonts/100dpi/, removing from list!
Could not init font path element /usr/share/fonts/X11/75dpi/, removing from list!
Could not init font path element /usr/share/fonts/X11/100dpi/, removing from list!
xrdb: No such file or directory
xrdb: can't open file '/home/is28/pavlov28/.Xresources'
/usr/bin/startxfce4: X server already running on display :11
gpg-agent[8530]: WARNING: "--write-env-file" is an obsolete option - it has no effect
gpg-agent: a gpg-agent is already running - not starting a new one

(xfce4-session:8520): xfce4-session-WARNING **: 09:48:02.896: gpg-agent returned no PID in the variables

(xfce4-session:8520): xfce4-session-WARNING **: 09:48:02.901: xfsm_manager_load_session: Something wrong with /home/is28/pavlov28/.cache/sessions/xfce4-session-virt-1:11, Does it exist? Permissions issue?

(xfwm4:8534): xfwm4-WARNING **: 09:48:02.928: The display does not support the XRender extension.

(xfwm4:8534): xfwm4-WARNING **: 09:48:02.928: The display does not support the XComposite extension.

(xfwm4:8534): xfwm4-WARNING **: 09:48:02.928: The display does not support the XDamage extension.

(xfwm4:8534): xfwm4-WARNING **: 09:48:02.928: The display does not support the XFixes extension.

(xfwm4:8534): xfwm4-WARNING **: 09:48:02.928: Compositing manager disabled.
(uint32 1,)
xfwm4-Message: 09:48:03.012: Unsupported keyboard modifier '<Super>Tab'

** (light-locker:8544): ERROR **: 09:48:03.016: Environment variable XDG_SESSION_PATH not set. Is LightDM running?

(polkit-gnome-authentication-agent-1:8546): GLib-CRITICAL **: 09:48:03.023: g_variant_new_string: assertion 'string != NULL' failed

(polkit-gnome-authentication-agent-1:8546): polkit-gnome-1-WARNING **: 09:48:03.024: Failed to register client: GDBus.Error:org.freedesktop.DBus.Error.ServiceUnknown: The name org.gnome.SessionManager was not provided by any .service files

(xfsettingsd:8543): xfsettingsd-CRITICAL **: 09:48:03.082: RANDR extension is too old, version 1.1. Display settings won't be applied.
Xlib:  extension "XInputExtension" missing on display ":11.0".

(xfsettingsd:8543): xfsettingsd-CRITICAL **: 09:48:03.083: XI is not present.

(xfsettingsd:8543): xfsettingsd-CRITICAL **: 09:48:03.083: Failed to initialize the Xkb extension.

(xfsettingsd:8543): xfsettingsd-CRITICAL **: 09:48:03.086: Failed to initialize the Accessibility extension.
xfwm4-Message: 09:48:03.139: Unsupported keyboard modifier '<Super>Tab'

(nm-applet:8654): Gtk-WARNING **: 09:48:03.298: Can't set a parent on widget which has a parent

(nm-applet:8654): Gdk-CRITICAL **: 09:48:03.455: gdk_window_thaw_toplevel_updates: assertion 'window->update_and_descendants_freeze_count > 0' failed
/usr/lib/python3/dist-packages/blueman/plugins/applet/AppIndicator.py:8: PyGIWarning: AppIndicator3 was imported without specifying a version first. Use gi.require_version('AppIndicator3', '0.1') before import to ensure that the right version gets loaded.
  from gi.repository import AppIndicator3 as girAppIndicator
ERROR:dbus.proxies:Introspect error on org.bluez:/org/bluez: dbus.exceptions.DBusException: org.freedesktop.DBus.Error.AccessDenied: Rejected send message, 2 matched rules; type="method_call", sender=":1.414" (uid=1280 pid=8605 comm="/usr/bin/python3 /usr/bin/blueman-applet " label="unconfined") interface="org.freedesktop.DBus.Introspectable" member="Introspect" error name="(unset)" requested_reply="0" destination="org.bluez" (bus)
ERROR:dbus.proxies:Introspect error on org.bluez:/: dbus.exceptions.DBusException: org.freedesktop.DBus.Error.AccessDenied: Rejected send message, 2 matched rules; type="method_call", sender=":1.414" (uid=1280 pid=8605 comm="/usr/bin/python3 /usr/bin/blueman-applet " label="unconfined") interface="org.freedesktop.DBus.Introspectable" member="Introspect" error name="(unset)" requested_reply="0" destination="org.bluez" (bus)
ERROR:dbus.proxies:Introspect error on org.bluez:/: dbus.exceptions.DBusException: org.freedesktop.DBus.Error.AccessDenied: Rejected send message, 2 matched rules; type="method_call", sender=":1.414" (uid=1280 pid=8605 comm="/usr/bin/python3 /usr/bin/blueman-applet " label="unconfined") interface="org.freedesktop.DBus.Introspectable" member="Introspect" error name="(unset)" requested_reply="0" destination="org.bluez" (bus)

(wrapper-1.0:8713): Gdk-WARNING **: 09:48:12.889: /build/gtk+2.0-AoeliP/gtk+2.0-2.24.32/gdk/x11/gdkdrawable-x11.c:952 drawable is not a pixmap or window

Thu Mar 12 09:48:15 2020
 Connections: accepted: 0.0.0.0::49332
 SConnection: Client needs protocol version 3.8
 SConnection: Client requests security type VncAuth(2)

Thu Mar 12 09:48:18 2020
 VNCSConnST:  Server default pixel format depth 16 (16bpp) little-endian rgb565
 VNCSConnST:  Client pixel format depth 16 (16bpp) little-endian rgb565

(Thunar:8540): Gdk-WARNING **: 09:48:46.388: gdk_window_set_icon_list: icons too large

(Thunar:8540): Gdk-WARNING **: 09:56:54.104: gdk_window_set_icon_list: icons too large
Xlib:  extension "XINERAMA" missing on display ":11.0".
func=xmlSecCheckVersionExt:file=xmlsec.c:line=188:obj=unknown:subj=unknown:error=19:invalid version:mode=abi compatible;expected minor version=2;real minor version=2;expected subminor version=25;real subminor version=26

Thu Mar 12 10:06:01 2020
 XserverDesktop: Added unknown keysym 0x6f7 to keycode 255
xfwm4-Message: 10:06:01.353: Unsupported keyboard modifier '<Super>Tab'

Thu Mar 12 10:06:03 2020
 XserverDesktop: Added unknown keysym 0x6c5 to keycode 254
 XserverDesktop: Added unknown keysym 0x6c4 to keycode 253
 XserverDesktop: Added unknown keysym 0x6c9 to keycode 252
 XserverDesktop: Added unknown keysym 0x6d4 to keycode 251
xfwm4-Message: 10:06:03.961: Unsupported keyboard modifier '<Super>Tab'

Thu Mar 12 10:06:04 2020
 XserverDesktop: Added unknown keysym 0x6de to keycode 250
xfwm4-Message: 10:06:04.433: Unsupported keyboard modifier '<Super>Tab'
 XserverDesktop: Added unknown keysym 0x6d3 to keycode 249
 XserverDesktop: Added unknown keysym 0x6cc to keycode 248
 XserverDesktop: Added unknown keysym 0x6cf to keycode 247
xfwm4-Message: 10:06:05.089: Unsupported keyboard modifier '<Super>Tab'

Thu Mar 12 10:06:07 2020
 XserverDesktop: Added unknown keysym 0x6ce to keycode 246
xfwm4-Message: 10:06:08.113: Unsupported keyboard modifier '<Super>Tab'

Thu Mar 12 10:06:08 2020
 XserverDesktop: Added unknown keysym 0x6c1 to keycode 245
xfwm4-Message: 10:06:08.625: Unsupported keyboard modifier '<Super>Tab'
 XserverDesktop: Added unknown keysym 0xf3 to keycode 244
xfwm4-Message: 10:06:09.041: Unsupported keyboard modifier '<Super>Tab'

Thu Mar 12 10:06:10 2020
 XserverDesktop: Added unknown keysym 0x6d2 to keycode 243
xfwm4-Message: 10:06:10.720: Unsupported keyboard modifier '<Super>Tab'
 XserverDesktop: Added unknown keysym 0x6d8 to keycode 242
xfwm4-Message: 10:06:11.225: Unsupported keyboard modifier '<Super>Tab'

Thu Mar 12 10:06:12 2020
 XserverDesktop: Added unknown keysym 0x6f6 to keycode 241
xfwm4-Message: 10:06:13.097: Unsupported keyboard modifier '<Super>Tab'

Thu Mar 12 10:06:16 2020
 XserverDesktop: Added unknown keysym 0x6e0 to keycode 240
xfwm4-Message: 10:06:16.401: Unsupported keyboard modifier '<Super>Tab'

Thu Mar 12 10:09:22 2020
 XserverDesktop: Added unknown keysym 0x6f0 to keycode 239
xfwm4-Message: 10:09:22.833: Unsupported keyboard modifier '<Super>Tab'

Thu Mar 12 10:09:26 2020
 XserverDesktop: Added unknown keysym 0x6cd to keycode 238
xfwm4-Message: 10:09:26.385: Unsupported keyboard modifier '<Super>Tab'

Thu Mar 12 10:09:30 2020
 XserverDesktop: Added unknown keysym 0x6e2 to keycode 237
xfwm4-Message: 10:09:31.058: Unsupported keyboard modifier '<Super>Tab'

(Thunar:8540): Gdk-WARNING **: 10:17:26.376: gdk_window_set_icon_list: icons too large
Xlib:  extension "XINERAMA" missing on display ":11.0".
func=xmlSecCheckVersionExt:file=xmlsec.c:line=188:obj=unknown:subj=unknown:error=19:invalid version:mode=abi compatible;expected minor version=2;real minor version=2;expected subminor version=25;real subminor version=26

Thu Mar 12 10:22:26 2020
 XserverDesktop: Added unknown keysym 0x6da to keycode 236
xfwm4-Message: 10:22:26.562: Unsupported keyboard modifier '<Super>Tab'

Thu Mar 12 10:22:33 2020
 XserverDesktop: Added unknown keysym 0x6dd to keycode 235
 XserverDesktop: Added unknown keysym 0x6ca to keycode 234
xfwm4-Message: 10:22:34.146: Unsupported keyboard modifier '<Super>Tab'

Thu Mar 12 10:22:35 2020
 XserverDesktop: Added unknown keysym 0x6cb to keycode 233
xfwm4-Message: 10:22:35.820: Unsupported keyboard modifier '<Super>Tab'

Thu Mar 12 10:22:47 2020
 XserverDesktop: Added unknown keysym 0x6db to keycode 232
xfwm4-Message: 10:22:48.138: Unsupported keyboard modifier '<Super>Tab'

Thu Mar 12 10:25:32 2020
 XserverDesktop: Added unknown keysym 0x6d9 to keycode 231
xfwm4-Message: 10:25:32.914: Unsupported keyboard modifier '<Super>Tab'

(Thunar:8540): Gdk-WARNING **: 10:32:34.521: gdk_window_set_icon_list: icons too large
Xlib:  extension "XINERAMA" missing on display ":11.0".
func=xmlSecCheckVersionExt:file=xmlsec.c:line=188:obj=unknown:subj=unknown:error=19:invalid version:mode=abi compatible;expected minor version=2;real minor version=2;expected subminor version=25;real subminor version=26

Thu Mar 12 10:33:33 2020
 XserverDesktop: Added unknown keysym 0x6dc to keycode 230
xfwm4-Message: 10:33:34.066: Unsupported keyboard modifier '<Super>Tab'

Thu Mar 12 10:43:55 2020
 XserverDesktop: Added unknown keysym 0x6c8 to keycode 229
xfwm4-Message: 10:43:55.890: Unsupported keyboard modifier '<Super>Tab'

Thu Mar 12 11:06:00 2020
 Connections: closed: 0.0.0.0::49332 (read: Connection reset by peer (104))
 SMsgWriter:  framebuffer updates 17372
 SMsgWriter:    copyRect rects 3034, bytes 48544
 SMsgWriter:    hextile rects 61941, bytes 126741993
 SMsgWriter:    raw bytes equivalent 1025803606, compression ratio 8.093636

(tracker-miner-fs:8549): Tracker-WARNING **: 22:01:26.954:   Could not create file:'/home/is28/pavlov28/.cache/tracker/last-crawl.txt' failed, Failed to create file “/home/is28/pavlov28/.cache/tracker/last-crawl.txt.6696H0”: No such file or directory

(tracker-miner-fs:8549): Tracker-WARNING **: 22:01:26.955:   Could not create file:'/home/is28/pavlov28/.cache/tracker/last-crawl.txt' failed, Failed to create file “/home/is28/pavlov28/.cache/tracker/last-crawl.txt.W196H0”: No such file or directory

(tracker-miner-fs:8549): Tracker-WARNING **: 22:01:26.990:   Could not create file:'/home/is28/pavlov28/.cache/tracker/last-crawl.txt' failed, Failed to create file “/home/is28/pavlov28/.cache/tracker/last-crawl.txt.TK44H0”: No such file or directory

(tracker-miner-fs:8549): Tracker-WARNING **: 22:01:26.990:   Could not create file:'/home/is28/pavlov28/.cache/tracker/last-crawl.txt' failed, Failed to create file “/home/is28/pavlov28/.cache/tracker/last-crawl.txt.FF44H0”: No such file or directory

(tracker-miner-fs:8549): Tracker-WARNING **: 22:01:27.005:   Could not create file:'/home/is28/pavlov28/.cache/tracker/last-crawl.txt' failed, Failed to create file “/home/is28/pavlov28/.cache/tracker/last-crawl.txt.BIWMH0”: No such file or directory

(tracker-miner-fs:8549): Tracker-WARNING **: 22:01:27.005:   Could not create file:'/home/is28/pavlov28/.cache/tracker/last-crawl.txt' failed, Failed to create file “/home/is28/pavlov28/.cache/tracker/last-crawl.txt.KQWMH0”: No such file or directory

(tracker-miner-fs:8549): Tracker-WARNING **: 22:01:27.014:   Could not create file:'/home/is28/pavlov28/.cache/tracker/last-crawl.txt' failed, Failed to create file “/home/is28/pavlov28/.cache/tracker/last-crawl.txt.R71MH0”: No such file or directory

(tracker-miner-fs:8549): Tracker-WARNING **: 22:01:27.014:   Could not create file:'/home/is28/pavlov28/.cache/tracker/last-crawl.txt' failed, Failed to create file “/home/is28/pavlov28/.cache/tracker/last-crawl.txt.HP1MH0”: No such file or directory

(tracker-miner-fs:8549): Tracker-WARNING **: 22:01:27.016:   Could not create file:'/home/is28/pavlov28/.cache/tracker/last-crawl.txt' failed, Failed to create file “/home/is28/pavlov28/.cache/tracker/last-crawl.txt.720MH0”: No such file or directory

(tracker-miner-fs:8549): Tracker-WARNING **: 22:01:27.016:   Could not create file:'/home/is28/pavlov28/.cache/tracker/last-crawl.txt' failed, Failed to create file “/home/is28/pavlov28/.cache/tracker/last-crawl.txt.D40MH0”: No such file or directory

(Thunar:8540): thunar-WARNING **: 22:01:27.053: Failed to create bookmarks folder: Error creating directory /home/is28: Permission denied

(Thunar:8540): GLib-CRITICAL **: 22:01:27.053: g_file_set_contents: assertion 'error == NULL || *error == NULL' failed

(Thunar:8540): thunar-WARNING **: 22:01:27.053: Failed to write "/home/is28/pavlov28/.config/gtk-3.0/bookmarks": (null)

(Thunar:8540): thunar-WARNING **: 22:01:27.053: Failed to create bookmarks folder: Error creating directory /home/is28: Permission denied

(Thunar:8540): GLib-CRITICAL **: 22:01:27.053: g_file_set_contents: assertion 'error == NULL || *error == NULL' failed

(Thunar:8540): thunar-WARNING **: 22:01:27.053: Failed to write "/home/is28/pavlov28/.config/gtk-3.0/bookmarks": (null)
cat: /home/is28/pavlov28/.Xauthority: No such file or directory
AUDIT: Tue Mar 17 22:03:03 2020: 8493 Xvnc4: client 5 rejected from local host
No protocol specified
Unable to init server: Could not connect: Connection refused
AUDIT: Tue Mar 17 22:03:03 2020: 8493 Xvnc4: client 5 rejected from local host
No protocol specified
Unable to init server: Could not connect: Connection refused

(tracker-miner-fs:8549): Tracker-WARNING **: 22:03:29.990:   Could not create file:'/home/is28/pavlov28/.cache/tracker/last-crawl.txt' failed, Failed to create file “/home/is28/pavlov28/.cache/tracker/last-crawl.txt.LK44H0”: No such file or directory

(tracker-miner-fs:8549): Tracker-WARNING **: 22:03:29.990:   Could not create file:'/home/is28/pavlov28/.cache/tracker/last-crawl.txt' failed, Failed to create file “/home/is28/pavlov28/.cache/tracker/last-crawl.txt.YL44H0”: No such file or directory

(tracker-miner-fs:8549): Tracker-WARNING **: 22:03:29.993:   Could not create file:'/home/is28/pavlov28/.cache/tracker/last-crawl.txt' failed, Failed to create file “/home/is28/pavlov28/.cache/tracker/last-crawl.txt.LJE5H0”: No such file or directory

(tracker-miner-fs:8549): Tracker-WARNING **: 22:03:29.993:   Could not create file:'/home/is28/pavlov28/.cache/tracker/last-crawl.txt' failed, Failed to create file “/home/is28/pavlov28/.cache/tracker/last-crawl.txt.OKE5H0”: No such file or directory

(tracker-miner-fs:8549): Tracker-WARNING **: 22:03:29.995:   Could not create file:'/home/is28/pavlov28/.cache/tracker/last-crawl.txt' failed, Failed to create file “/home/is28/pavlov28/.cache/tracker/last-crawl.txt.QXC5H0”: No such file or directory

(tracker-miner-fs:8549): Tracker-WARNING **: 22:03:29.995:   Could not create file:'/home/is28/pavlov28/.cache/tracker/last-crawl.txt' failed, Failed to create file “/home/is28/pavlov28/.cache/tracker/last-crawl.txt.TYC5H0”: No such file or directory

(tracker-miner-fs:8549): Tracker-WARNING **: 22:03:29.999:   Could not create file:'/home/is28/pavlov28/.cache/tracker/last-crawl.txt' failed, Failed to create file “/home/is28/pavlov28/.cache/tracker/last-crawl.txt.GHA5H0”: No such file or directory

(tracker-miner-fs:8549): Tracker-WARNING **: 22:03:29.999:   Could not create file:'/home/is28/pavlov28/.cache/tracker/last-crawl.txt' failed, Failed to create file “/home/is28/pavlov28/.cache/tracker/last-crawl.txt.MIA5H0”: No such file or directory
