
Xvnc Free Edition 4.1.1 - built Feb 25 2015 23:02:21
Copyright (C) 2002-2005 RealVNC Ltd.
See http://www.realvnc.com for information on VNC.
Underlying X server release 40300000, The XFree86 Project, Inc


Fri Sep 27 11:23:24 2019
 vncext:      VNC extension running!
 vncext:      Listening for VNC connections on port 5919
 vncext:      created VNC server for screen 0
error opening security policy file /etc/X11/xserver/SecurityPolicy
Could not init font path element /usr/X11R6/lib/X11/fonts/Type1/, removing from list!
Could not init font path element /usr/X11R6/lib/X11/fonts/Speedo/, removing from list!
Could not init font path element /usr/X11R6/lib/X11/fonts/misc/, removing from list!
Could not init font path element /usr/X11R6/lib/X11/fonts/75dpi/, removing from list!
Could not init font path element /usr/X11R6/lib/X11/fonts/100dpi/, removing from list!
Could not init font path element /usr/share/fonts/X11/75dpi/, removing from list!
Could not init font path element /usr/share/fonts/X11/100dpi/, removing from list!

(x-window-manager:34566): xfwm4-WARNING **: 11:23:27.744: The display does not support the XRender extension.

(x-window-manager:34566): xfwm4-WARNING **: 11:23:27.744: The display does not support the XComposite extension.

(x-window-manager:34566): xfwm4-WARNING **: 11:23:27.744: The display does not support the XDamage extension.

(x-window-manager:34566): xfwm4-WARNING **: 11:23:27.744: The display does not support the XFixes extension.

(x-window-manager:34566): xfwm4-WARNING **: 11:23:27.744: Compositing manager disabled.
Failed to connect to session manager: Failed to connect to the session manager: SESSION_MANAGER environment variable not defined
xfwm4-Message: 11:23:27.897: Unsupported keyboard modifier '<Super>Tab'

(x-window-manager:34566): xfwm4-WARNING **: 11:23:27.914: Failed to connect to session manager: Failed to connect to the session manager: SESSION_MANAGER environment variable not defined

Fri Sep 27 11:23:41 2019
 Connections: accepted: 0.0.0.0::50183
 SConnection: Client needs protocol version 3.8
 SConnection: Client requests security type VncAuth(2)

Fri Sep 27 11:23:45 2019
 VNCSConnST:  Server default pixel format depth 16 (16bpp) little-endian rgb565
 VNCSConnST:  Client pixel format depth 16 (16bpp) little-endian rgb565

Fri Sep 27 11:27:46 2019
 XserverDesktop: Added unknown keysym 0x6eb to keycode 255
 XserverDesktop: Added unknown keysym 0x6cf to keycode 254
 XserverDesktop: Added unknown keysym 0x6ce to keycode 253
 XserverDesktop: Added unknown keysym 0x6c5 to keycode 252
xfwm4-Message: 11:27:46.958: Unsupported keyboard modifier '<Super>Tab'

Fri Sep 27 11:27:48 2019
 XserverDesktop: Added unknown keysym 0x6de to keycode 251
xfwm4-Message: 11:27:48.550: Unsupported keyboard modifier '<Super>Tab'

Fri Sep 27 11:27:49 2019
 XserverDesktop: Added unknown keysym 0x6c9 to keycode 250
 XserverDesktop: Added unknown keysym 0x6d3 to keycode 249
 XserverDesktop: Added unknown keysym 0x6cc to keycode 248
xfwm4-Message: 11:27:49.630: Unsupported keyboard modifier '<Super>Tab'

Fri Sep 27 11:27:52 2019
 XserverDesktop: Added unknown keysym 0x6f6 to keycode 247
xfwm4-Message: 11:27:52.349: Unsupported keyboard modifier '<Super>Tab'

Fri Sep 27 11:30:00 2019
 XserverDesktop: Added unknown keysym 0x6cd to keycode 246
 XserverDesktop: Added unknown keysym 0x6d2 to keycode 245
xfwm4-Message: 11:30:00.724: Unsupported keyboard modifier '<Super>Tab'

Fri Sep 27 11:30:02 2019
 XserverDesktop: Added unknown keysym 0x6c1 to keycode 244
xfwm4-Message: 11:30:03.085: Unsupported keyboard modifier '<Super>Tab'

Fri Sep 27 11:30:03 2019
 XserverDesktop: Added unknown keysym 0x6e6 to keycode 243
xfwm4-Message: 11:30:03.597: Unsupported keyboard modifier '<Super>Tab'
 XserverDesktop: Added unknown keysym 0x6c2 to keycode 242
xfwm4-Message: 11:30:03.957: Unsupported keyboard modifier '<Super>Tab'

Fri Sep 27 11:34:42 2019
 XserverDesktop: Added unknown keysym 0x6d0 to keycode 241
xfwm4-Message: 11:34:42.417: Unsupported keyboard modifier '<Super>Tab'
 XserverDesktop: Added unknown keysym 0x6c4 to keycode 240
xfwm4-Message: 11:34:43.020: Unsupported keyboard modifier '<Super>Tab'

Fri Sep 27 11:35:17 2019
 XserverDesktop: Added unknown keysym 0x6da to keycode 239
xfwm4-Message: 11:35:17.905: Unsupported keyboard modifier '<Super>Tab'
AUDIT: Fri Sep 27 11:43:25 2019: 34501 Xvnc4: client 9 rejected from local host
AUDIT: Fri Sep 27 11:43:41 2019: 34501 Xvnc4: client 9 rejected from local host
AUDIT: Fri Sep 27 11:43:47 2019: 34501 Xvnc4: client 9 rejected from local host

Fri Sep 27 12:44:33 2019
 Connections: closed: 0.0.0.0::50183 (read: Connection reset by peer (104))
 SMsgWriter:  framebuffer updates 5983
 SMsgWriter:    copyRect rects 5747, bytes 91952
 SMsgWriter:    hextile rects 28192, bytes 83531011
 SMsgWriter:    raw bytes equivalent 910609630, compression ratio 10.901456
x-window-manager: Fatal IO error 11 (Resource temporarily unavailable) on X server :19.
