
Xvnc Free Edition 4.1.1 - built Feb 25 2015 23:02:21
Copyright (C) 2002-2005 RealVNC Ltd.
See http://www.realvnc.com for information on VNC.
Underlying X server release 40300000, The XFree86 Project, Inc


Fri Nov  1 11:19:40 2019
 vncext:      VNC extension running!
 vncext:      Listening for VNC connections on port 5918
 vncext:      created VNC server for screen 0
error opening security policy file /etc/X11/xserver/SecurityPolicy
Could not init font path element /usr/X11R6/lib/X11/fonts/Type1/, removing from list!
Could not init font path element /usr/X11R6/lib/X11/fonts/Speedo/, removing from list!
Could not init font path element /usr/X11R6/lib/X11/fonts/misc/, removing from list!
Could not init font path element /usr/X11R6/lib/X11/fonts/75dpi/, removing from list!
Could not init font path element /usr/X11R6/lib/X11/fonts/100dpi/, removing from list!
Could not init font path element /usr/share/fonts/X11/75dpi/, removing from list!
Could not init font path element /usr/share/fonts/X11/100dpi/, removing from list!
xrdb: No such file or directory
xrdb: can't open file '/home/is28/pavlov28/.Xresources'
/usr/bin/startxfce4: X server already running on display :18
gpg-agent[61545]: WARNING: "--write-env-file" is an obsolete option - it has no effect
gpg-agent: a gpg-agent is already running - not starting a new one

(xfce4-session:61501): xfce4-session-WARNING **: 11:19:44.161: gpg-agent returned no PID in the variables

(xfce4-session:61501): xfce4-session-WARNING **: 11:19:44.166: xfsm_manager_load_session: Something wrong with /home/is28/pavlov28/.cache/sessions/xfce4-session-virt-1:18, Does it exist? Permissions issue?

(xfwm4:61557): xfwm4-WARNING **: 11:19:44.309: The display does not support the XRender extension.

(xfwm4:61557): xfwm4-WARNING **: 11:19:44.309: The display does not support the XComposite extension.

(xfwm4:61557): xfwm4-WARNING **: 11:19:44.309: The display does not support the XDamage extension.

(xfwm4:61557): xfwm4-WARNING **: 11:19:44.309: The display does not support the XFixes extension.

(xfwm4:61557): xfwm4-WARNING **: 11:19:44.309: Compositing manager disabled.

** (light-locker:61577): ERROR **: 11:19:44.424: Environment variable XDG_SESSION_PATH not set. Is LightDM running?

(polkit-gnome-authentication-agent-1:61579): GLib-CRITICAL **: 11:19:44.438: g_variant_new_string: assertion 'string != NULL' failed

(polkit-gnome-authentication-agent-1:61579): polkit-gnome-1-WARNING **: 11:19:44.439: Failed to register client: GDBus.Error:org.freedesktop.DBus.Error.ServiceUnknown: The name org.gnome.SessionManager was not provided by any .service files
(uint32 1,)

(xfsettingsd:61576): xfsettingsd-CRITICAL **: 11:19:44.609: RANDR extension is too old, version 1.1. Display settings won't be applied.
Xlib:  extension "XInputExtension" missing on display ":18.0".

(xfsettingsd:61576): xfsettingsd-CRITICAL **: 11:19:44.609: XI is not present.

(xfsettingsd:61576): xfsettingsd-CRITICAL **: 11:19:44.609: Failed to initialize the Xkb extension.

(xfsettingsd:61576): xfsettingsd-CRITICAL **: 11:19:44.609: Failed to initialize the Accessibility extension.

(xfsettingsd:61576): GLib-CRITICAL **: 11:19:44.610: g_str_has_prefix: assertion 'prefix != NULL' failed

(xfsettingsd:61576): GLib-GObject-CRITICAL **: 11:19:44.611: g_value_get_string: assertion 'G_VALUE_HOLDS_STRING (value)' failed

(xfsettingsd:61576): GLib-GObject-CRITICAL **: 11:19:44.615: g_value_get_string: assertion 'G_VALUE_HOLDS_STRING (value)' failed

(xfsettingsd:61576): xfsettingsd-WARNING **: 11:19:44.745: Failed to get the _NET_NUMBER_OF_DESKTOPS property.
xfwm4-Message: 11:19:44.753: Unsupported keyboard modifier '<Super>Tab'

(nm-applet:61673): Gtk-WARNING **: 11:19:44.944: Can't set a parent on widget which has a parent
xfwm4-Message: 11:19:45.001: Unsupported keyboard modifier '<Super>Tab'

(nm-applet:61673): Gdk-CRITICAL **: 11:19:45.141: gdk_window_thaw_toplevel_updates: assertion 'window->update_and_descendants_freeze_count > 0' failed
/usr/lib/python3/dist-packages/blueman/plugins/applet/AppIndicator.py:8: PyGIWarning: AppIndicator3 was imported without specifying a version first. Use gi.require_version('AppIndicator3', '0.1') before import to ensure that the right version gets loaded.
  from gi.repository import AppIndicator3 as girAppIndicator
ERROR:dbus.proxies:Introspect error on org.bluez:/org/bluez: dbus.exceptions.DBusException: org.freedesktop.DBus.Error.AccessDenied: Rejected send message, 2 matched rules; type="method_call", sender=":1.994" (uid=1280 pid=61655 comm="/usr/bin/python3 /usr/bin/blueman-applet " label="unconfined") interface="org.freedesktop.DBus.Introspectable" member="Introspect" error name="(unset)" requested_reply="0" destination="org.bluez" (bus)
ERROR:dbus.proxies:Introspect error on org.bluez:/: dbus.exceptions.DBusException: org.freedesktop.DBus.Error.AccessDenied: Rejected send message, 2 matched rules; type="method_call", sender=":1.994" (uid=1280 pid=61655 comm="/usr/bin/python3 /usr/bin/blueman-applet " label="unconfined") interface="org.freedesktop.DBus.Introspectable" member="Introspect" error name="(unset)" requested_reply="0" destination="org.bluez" (bus)
ERROR:dbus.proxies:Introspect error on org.bluez:/: dbus.exceptions.DBusException: org.freedesktop.DBus.Error.AccessDenied: Rejected send message, 2 matched rules; type="method_call", sender=":1.994" (uid=1280 pid=61655 comm="/usr/bin/python3 /usr/bin/blueman-applet " label="unconfined") interface="org.freedesktop.DBus.Introspectable" member="Introspect" error name="(unset)" requested_reply="0" destination="org.bluez" (bus)

Fri Nov  1 11:19:51 2019
 Connections: accepted: 0.0.0.0::50486
 SConnection: Client needs protocol version 3.8
 SConnection: Client requests security type VncAuth(2)

Fri Nov  1 11:19:53 2019
 VNCSConnST:  Server default pixel format depth 16 (16bpp) little-endian rgb565
 VNCSConnST:  Client pixel format depth 16 (16bpp) little-endian rgb565
/usr/lib/ubuntu-release-upgrader/check-new-release-gtk:30: PyGIWarning: Gtk was imported without specifying a version first. Use gi.require_version('Gtk', '3.0') before import to ensure that the right version gets loaded.
  from gi.repository import Gtk
WARNING:root:timeout reached, exiting
# Error constructing proxy for org.gnome.Terminal:/org/gnome/Terminal/Factory0: Error calling StartServiceByName for org.gnome.Terminal: Timeout was reached
# Error constructing proxy for org.gnome.Terminal:/org/gnome/Terminal/Factory0: Error calling StartServiceByName for org.gnome.Terminal: Timeout was reached
# Error constructing proxy for org.gnome.Terminal:/org/gnome/Terminal/Factory0: Error calling StartServiceByName for org.gnome.Terminal: Timeout was reached
# Error constructing proxy for org.gnome.Terminal:/org/gnome/Terminal/Factory0: Error calling StartServiceByName for org.gnome.Terminal: Timeout was reached

(Thunar:61571): Gdk-WARNING **: 11:20:52.898: gdk_window_set_icon_list: icons too large
# Error constructing proxy for org.gnome.Terminal:/org/gnome/Terminal/Factory0: Error calling StartServiceByName for org.gnome.Terminal: Timeout was reached
# Error constructing proxy for org.gnome.Terminal:/org/gnome/Terminal/Factory0: Error calling StartServiceByName for org.gnome.Terminal: Timeout was reached
# Error constructing proxy for org.gnome.Terminal:/org/gnome/Terminal/Factory0: Error calling StartServiceByName for org.gnome.Terminal: Timeout was reached
# Error constructing proxy for org.gnome.Terminal:/org/gnome/Terminal/Factory0: Error calling StartServiceByName for org.gnome.Terminal: Timeout was reached
# Error constructing proxy for org.gnome.Terminal:/org/gnome/Terminal/Factory0: Error calling StartServiceByName for org.gnome.Terminal: Timeout was reached
# Error constructing proxy for org.gnome.Terminal:/org/gnome/Terminal/Factory0: Error calling StartServiceByName for org.gnome.Terminal: Timeout was reached
# Error constructing proxy for org.gnome.Terminal:/org/gnome/Terminal/Factory0: Error calling StartServiceByName for org.gnome.Terminal: Timeout was reached
# Error constructing proxy for org.gnome.Terminal:/org/gnome/Terminal/Factory0: Error calling StartServiceByName for org.gnome.Terminal: Timeout was reached
# Error constructing proxy for org.gnome.Terminal:/org/gnome/Terminal/Factory0: Error calling StartServiceByName for org.gnome.Terminal: Timeout was reached
# Error constructing proxy for org.gnome.Terminal:/org/gnome/Terminal/Factory0: Error calling StartServiceByName for org.gnome.Terminal: Timeout was reached
# Error constructing proxy for org.gnome.Terminal:/org/gnome/Terminal/Factory0: Error calling StartServiceByName for org.gnome.Terminal: Timeout was reached
# Error constructing proxy for org.gnome.Terminal:/org/gnome/Terminal/Factory0: Error calling StartServiceByName for org.gnome.Terminal: Timeout was reached
# Error constructing proxy for org.gnome.Terminal:/org/gnome/Terminal/Factory0: Error calling StartServiceByName for org.gnome.Terminal: Timeout was reached
# Error constructing proxy for org.gnome.Terminal:/org/gnome/Terminal/Factory0: Error calling StartServiceByName for org.gnome.Terminal: Timeout was reached
# Error constructing proxy for org.gnome.Terminal:/org/gnome/Terminal/Factory0: Error calling StartServiceByName for org.gnome.Terminal: Timeout was reached
# Error constructing proxy for org.gnome.Terminal:/org/gnome/Terminal/Factory0: Error calling StartServiceByName for org.gnome.Terminal: Timeout was reached
# Error constructing proxy for org.gnome.Terminal:/org/gnome/Terminal/Factory0: Error calling StartServiceByName for org.gnome.Terminal: Timeout was reached
# Error constructing proxy for org.gnome.Terminal:/org/gnome/Terminal/Factory0: Error calling StartServiceByName for org.gnome.Terminal: Timeout was reached
# Error constructing proxy for org.gnome.Terminal:/org/gnome/Terminal/Factory0: Error calling StartServiceByName for org.gnome.Terminal: Timeout was reached
# Error constructing proxy for org.gnome.Terminal:/org/gnome/Terminal/Factory0: Error calling StartServiceByName for org.gnome.Terminal: Timeout was reached
# Error constructing proxy for org.gnome.Terminal:/org/gnome/Terminal/Factory0: Error calling StartServiceByName for org.gnome.Terminal: Timeout was reached

(Thunar:61571): Gdk-WARNING **: 11:29:56.398: gdk_window_set_icon_list: icons too large
Xlib:  extension "XINERAMA" missing on display ":18.0".
func=xmlSecCheckVersionExt:file=xmlsec.c:line=188:obj=unknown:subj=unknown:error=19:invalid version:mode=abi compatible;expected minor version=2;real minor version=2;expected subminor version=25;real subminor version=26

(soffice:6618): GLib-GObject-WARNING **: 11:30:41.469: ../../../../gobject/gsignal.c:3492: signal name 'selection_changed' is invalid for instance '0x559b9edb96a0' of type 'OOoAtkObjCompTxt'

Fri Nov  1 11:32:51 2019
 VNCSConnST:  Client pixel format depth 16 (16bpp) little-endian rgb565

Fri Nov  1 11:33:53 2019
 VNCSConnST:  Client pixel format depth 16 (16bpp) little-endian rgb565

Fri Nov  1 11:34:54 2019
 VNCSConnST:  Client pixel format depth 16 (16bpp) little-endian rgb565

Fri Nov  1 11:35:56 2019
 VNCSConnST:  Client pixel format depth 16 (16bpp) little-endian rgb565

Fri Nov  1 11:37:23 2019
 VNCSConnST:  Client pixel format depth 16 (16bpp) little-endian rgb565

Fri Nov  1 11:38:28 2019
 VNCSConnST:  Client pixel format depth 16 (16bpp) little-endian rgb565
