
Xvnc Free Edition 4.1.1 - built Feb 25 2015 23:02:21
Copyright (C) 2002-2005 RealVNC Ltd.
See http://www.realvnc.com for information on VNC.
Underlying X server release 40300000, The XFree86 Project, Inc


Fri Sep 13 08:27:06 2019
 vncext:      VNC extension running!
 vncext:      Listening for VNC connections on port 5914
 vncext:      created VNC server for screen 0
error opening security policy file /etc/X11/xserver/SecurityPolicy
Could not init font path element /usr/X11R6/lib/X11/fonts/Type1/, removing from list!
Could not init font path element /usr/X11R6/lib/X11/fonts/Speedo/, removing from list!
Could not init font path element /usr/X11R6/lib/X11/fonts/misc/, removing from list!
Could not init font path element /usr/X11R6/lib/X11/fonts/75dpi/, removing from list!
Could not init font path element /usr/X11R6/lib/X11/fonts/100dpi/, removing from list!
Could not init font path element /usr/share/fonts/X11/75dpi/, removing from list!
Could not init font path element /usr/share/fonts/X11/100dpi/, removing from list!

(x-window-manager:52670): xfwm4-WARNING **: 08:27:09.106: The display does not support the XRender extension.

(x-window-manager:52670): xfwm4-WARNING **: 08:27:09.106: The display does not support the XComposite extension.

(x-window-manager:52670): xfwm4-WARNING **: 08:27:09.106: The display does not support the XDamage extension.

(x-window-manager:52670): xfwm4-WARNING **: 08:27:09.106: The display does not support the XFixes extension.

(x-window-manager:52670): xfwm4-WARNING **: 08:27:09.106: Compositing manager disabled.
xfwm4-Message: 08:27:09.155: Unsupported keyboard modifier '<Super>Tab'
xfwm4-Message: 08:27:09.184: Unsupported keyboard modifier '<Super>Tab'
Failed to connect to session manager: Failed to connect to the session manager: SESSION_MANAGER environment variable not defined

(x-window-manager:52670): xfwm4-WARNING **: 08:27:09.191: Failed to connect to session manager: Failed to connect to the session manager: SESSION_MANAGER environment variable not defined

Fri Sep 13 08:27:44 2019
 Connections: accepted: 0.0.0.0::50189
 SConnection: Client needs protocol version 3.8
 SConnection: Client requests security type VncAuth(2)

Fri Sep 13 08:27:46 2019
 VNCSConnST:  Server default pixel format depth 16 (16bpp) little-endian rgb565
 VNCSConnST:  Client pixel format depth 16 (16bpp) little-endian rgb565

Fri Sep 13 08:52:43 2019
 XserverDesktop: Added unknown keysym 0x6f7 to keycode 255
xfwm4-Message: 08:52:43.416: Unsupported keyboard modifier '<Super>Tab'
 XserverDesktop: Added unknown keysym 0x6c5 to keycode 254
 XserverDesktop: Added unknown keysym 0x6c4 to keycode 253
xfwm4-Message: 08:52:44.105: Unsupported keyboard modifier '<Super>Tab'

Fri Sep 13 08:52:46 2019
 XserverDesktop: Added unknown keysym 0x6c9 to keycode 252
 XserverDesktop: Added unknown keysym 0x6d4 to keycode 251
xfwm4-Message: 08:52:46.464: Unsupported keyboard modifier '<Super>Tab'

Fri Sep 13 08:52:51 2019
 XserverDesktop: Added unknown keysym 0x6e7 to keycode 250
 XserverDesktop: Added unknown keysym 0x6d2 to keycode 249
 XserverDesktop: Added unknown keysym 0x6c1 to keycode 248
xfwm4-Message: 08:52:51.881: Unsupported keyboard modifier '<Super>Tab'
 XserverDesktop: Added unknown keysym 0xf3 to keycode 247

Fri Sep 13 08:52:52 2019
 XserverDesktop: Added unknown keysym 0x6d3 to keycode 246
 XserverDesktop: Added unknown keysym 0x6d9 to keycode 245
xfwm4-Message: 08:52:52.465: Unsupported keyboard modifier '<Super>Tab'

Fri Sep 13 08:53:06 2019
 XserverDesktop: Added unknown keysym 0x6d0 to keycode 244
 XserverDesktop: Added unknown keysym 0x6cb to keycode 243
 XserverDesktop: Added unknown keysym 0x6c6 to keycode 242
xfwm4-Message: 08:53:07.104: Unsupported keyboard modifier '<Super>Tab'

Fri Sep 13 09:10:10 2019
 XserverDesktop: Added unknown keysym 0x6e3 to keycode 241
xfwm4-Message: 09:10:11.143: Unsupported keyboard modifier '<Super>Tab'

Fri Sep 13 09:10:11 2019
 XserverDesktop: Added unknown keysym 0x6cc to keycode 240
xfwm4-Message: 09:10:11.518: Unsupported keyboard modifier '<Super>Tab'

Fri Sep 13 09:10:13 2019
 XserverDesktop: Added unknown keysym 0x6d1 to keycode 239
xfwm4-Message: 09:10:13.343: Unsupported keyboard modifier '<Super>Tab'
 XserverDesktop: Added unknown keysym 0x6de to keycode 238
xfwm4-Message: 09:10:13.686: Unsupported keyboard modifier '<Super>Tab'
 XserverDesktop: Added unknown keysym 0x6d8 to keycode 237
xfwm4-Message: 09:10:14.166: Unsupported keyboard modifier '<Super>Tab'

Fri Sep 13 09:10:14 2019
 XserverDesktop: Added unknown keysym 0x6ce to keycode 236
xfwm4-Message: 09:10:14.807: Unsupported keyboard modifier '<Super>Tab'

Fri Sep 13 09:10:31 2019
 XserverDesktop: Added unknown keysym 0x6cd to keycode 235
xfwm4-Message: 09:10:32.094: Unsupported keyboard modifier '<Super>Tab'

Fri Sep 13 09:10:37 2019
 XserverDesktop: Added unknown keysym 0x6c8 to keycode 234
xfwm4-Message: 09:10:37.798: Unsupported keyboard modifier '<Super>Tab'

Fri Sep 13 09:10:38 2019
 XserverDesktop: Added unknown keysym 0x6da to keycode 233
xfwm4-Message: 09:10:38.358: Unsupported keyboard modifier '<Super>Tab'

Fri Sep 13 09:10:51 2019
 XserverDesktop: Added unknown keysym 0x6cf to keycode 232
 XserverDesktop: Added unknown keysym 0x6c2 to keycode 231
xfwm4-Message: 09:10:51.766: Unsupported keyboard modifier '<Super>Tab'

Fri Sep 13 09:15:27 2019
 XserverDesktop: Added unknown keysym 0x6c0 to keycode 230
xfwm4-Message: 09:15:28.251: Unsupported keyboard modifier '<Super>Tab'
AUDIT: Fri Sep 13 09:31:50 2019: 52643 Xvnc4: client 6 rejected from local host
AUDIT: Fri Sep 13 09:31:55 2019: 52643 Xvnc4: client 6 rejected from local host
AUDIT: Fri Sep 13 09:32:04 2019: 52643 Xvnc4: client 6 rejected from local host

Fri Sep 13 09:37:54 2019
 Connections: closed: 0.0.0.0::50189 (read: Connection reset by peer (104))
 SMsgWriter:  framebuffer updates 12435
 SMsgWriter:    copyRect rects 5709, bytes 91344
 SMsgWriter:    hextile rects 54550, bytes 130448385
 SMsgWriter:    raw bytes equivalent 1062224094, compression ratio 8.142869
x-window-manager: Fatal IO error 4 (Interrupted system call) on X server :14.
