
Xvnc Free Edition 4.1.1 - built Feb 25 2015 23:02:21
Copyright (C) 2002-2005 RealVNC Ltd.
See http://www.realvnc.com for information on VNC.
Underlying X server release 40300000, The XFree86 Project, Inc


Fri Nov 22 11:26:01 2019
 vncext:      VNC extension running!
 vncext:      Listening for VNC connections on port 5909
 vncext:      created VNC server for screen 0
error opening security policy file /etc/X11/xserver/SecurityPolicy
Could not init font path element /usr/X11R6/lib/X11/fonts/Type1/, removing from list!
Could not init font path element /usr/X11R6/lib/X11/fonts/Speedo/, removing from list!
Could not init font path element /usr/X11R6/lib/X11/fonts/misc/, removing from list!
Could not init font path element /usr/X11R6/lib/X11/fonts/75dpi/, removing from list!
Could not init font path element /usr/X11R6/lib/X11/fonts/100dpi/, removing from list!
Could not init font path element /usr/share/fonts/X11/75dpi/, removing from list!
Could not init font path element /usr/share/fonts/X11/100dpi/, removing from list!
xrdb: No such file or directory
xrdb: can't open file '/home/is28/pavlov28/.Xresources'
/usr/bin/startxfce4: X server already running on display :9
gpg-agent[7720]: WARNING: "--write-env-file" is an obsolete option - it has no effect
gpg-agent: a gpg-agent is already running - not starting a new one

(xfce4-session:7710): xfce4-session-WARNING **: 11:26:04.513: gpg-agent returned no PID in the variables

(xfce4-session:7710): xfce4-session-WARNING **: 11:26:04.514: xfsm_manager_load_session: Something wrong with /home/is28/pavlov28/.cache/sessions/xfce4-session-virt-1:9, Does it exist? Permissions issue?

(xfwm4:7724): xfwm4-WARNING **: 11:26:04.539: The display does not support the XRender extension.

(xfwm4:7724): xfwm4-WARNING **: 11:26:04.539: The display does not support the XComposite extension.

(xfwm4:7724): xfwm4-WARNING **: 11:26:04.539: The display does not support the XDamage extension.

(xfwm4:7724): xfwm4-WARNING **: 11:26:04.539: The display does not support the XFixes extension.

(xfwm4:7724): xfwm4-WARNING **: 11:26:04.539: Compositing manager disabled.
(uint32 1,)

** (light-locker:7733): ERROR **: 11:26:04.584: Environment variable XDG_SESSION_PATH not set. Is LightDM running?

(polkit-gnome-authentication-agent-1:7736): GLib-CRITICAL **: 11:26:04.595: g_variant_new_string: assertion 'string != NULL' failed

(polkit-gnome-authentication-agent-1:7736): polkit-gnome-1-WARNING **: 11:26:04.596: Failed to register client: GDBus.Error:org.freedesktop.DBus.Error.ServiceUnknown: The name org.gnome.SessionManager was not provided by any .service files
xfwm4-Message: 11:26:04.612: Unsupported keyboard modifier '<Super>Tab'

(xfsettingsd:7734): xfsettingsd-CRITICAL **: 11:26:04.651: RANDR extension is too old, version 1.1. Display settings won't be applied.
Xlib:  extension "XInputExtension" missing on display ":9.0".

(xfsettingsd:7734): xfsettingsd-CRITICAL **: 11:26:04.652: XI is not present.

(xfsettingsd:7734): xfsettingsd-CRITICAL **: 11:26:04.653: Failed to initialize the Xkb extension.

(xfsettingsd:7734): xfsettingsd-CRITICAL **: 11:26:04.666: Failed to initialize the Accessibility extension.
xfwm4-Message: 11:26:04.765: Unsupported keyboard modifier '<Super>Tab'

(nm-applet:7831): Gtk-WARNING **: 11:26:04.964: Can't set a parent on widget which has a parent

(nm-applet:7831): Gdk-CRITICAL **: 11:26:05.136: gdk_window_thaw_toplevel_updates: assertion 'window->update_and_descendants_freeze_count > 0' failed
/usr/lib/ubuntu-release-upgrader/check-new-release-gtk:30: PyGIWarning: Gtk was imported without specifying a version first. Use gi.require_version('Gtk', '3.0') before import to ensure that the right version gets loaded.
  from gi.repository import Gtk
WARNING:root:timeout reached, exiting
/usr/lib/python3/dist-packages/blueman/plugins/applet/AppIndicator.py:8: PyGIWarning: AppIndicator3 was imported without specifying a version first. Use gi.require_version('AppIndicator3', '0.1') before import to ensure that the right version gets loaded.
  from gi.repository import AppIndicator3 as girAppIndicator
ERROR:dbus.proxies:Introspect error on org.bluez:/org/bluez: dbus.exceptions.DBusException: org.freedesktop.DBus.Error.AccessDenied: Rejected send message, 2 matched rules; type="method_call", sender=":1.1220" (uid=1280 pid=7795 comm="/usr/bin/python3 /usr/bin/blueman-applet " label="unconfined") interface="org.freedesktop.DBus.Introspectable" member="Introspect" error name="(unset)" requested_reply="0" destination="org.bluez" (bus)
ERROR:dbus.proxies:Introspect error on org.bluez:/: dbus.exceptions.DBusException: org.freedesktop.DBus.Error.AccessDenied: Rejected send message, 2 matched rules; type="method_call", sender=":1.1220" (uid=1280 pid=7795 comm="/usr/bin/python3 /usr/bin/blueman-applet " label="unconfined") interface="org.freedesktop.DBus.Introspectable" member="Introspect" error name="(unset)" requested_reply="0" destination="org.bluez" (bus)
ERROR:dbus.proxies:Introspect error on org.bluez:/: dbus.exceptions.DBusException: org.freedesktop.DBus.Error.AccessDenied: Rejected send message, 2 matched rules; type="method_call", sender=":1.1220" (uid=1280 pid=7795 comm="/usr/bin/python3 /usr/bin/blueman-applet " label="unconfined") interface="org.freedesktop.DBus.Introspectable" member="Introspect" error name="(unset)" requested_reply="0" destination="org.bluez" (bus)

(wrapper-1.0:7883): Gdk-WARNING **: 11:26:30.231: /build/gtk+2.0-AoeliP/gtk+2.0-2.24.32/gdk/x11/gdkdrawable-x11.c:952 drawable is not a pixmap or window

Fri Nov 22 11:26:39 2019
 Connections: accepted: 0.0.0.0::50247
 SConnection: Client needs protocol version 3.8
 SConnection: Client requests security type VncAuth(2)

Fri Nov 22 11:26:46 2019
 VNCSConnST:  Server default pixel format depth 16 (16bpp) little-endian rgb565
 VNCSConnST:  Client pixel format depth 16 (16bpp) little-endian rgb565

(Thunar:7730): Gdk-WARNING **: 11:31:15.879: gdk_window_set_icon_list: icons too large
Xlib:  extension "XINERAMA" missing on display ":9.0".
func=xmlSecCheckVersionExt:file=xmlsec.c:line=188:obj=unknown:subj=unknown:error=19:invalid version:mode=abi compatible;expected minor version=2;real minor version=2;expected subminor version=25;real subminor version=26

(Thunar:7730): Gdk-WARNING **: 11:38:43.547: gdk_window_set_icon_list: icons too large

Fri Nov 22 12:43:10 2019
 Connections: closed: 0.0.0.0::50247 (read: Connection reset by peer (104))
 SMsgWriter:  framebuffer updates 68638
 SMsgWriter:    copyRect rects 447, bytes 7152
 SMsgWriter:    hextile rects 1528831, bytes -627989429
 SMsgWriter:    raw bytes equivalent -443191154, compression ratio 0.705730
xfdesktop: Fatal IO error 11 (Resource temporarily unavailable) on X server :9.0.
xfwm4: Fatal IO error 11 (Resource temporarily unavailable) on X server :9.0.
