
Xvnc Free Edition 4.1.1 - built Feb 25 2015 23:02:21
Copyright (C) 2002-2005 RealVNC Ltd.
See http://www.realvnc.com for information on VNC.
Underlying X server release 40300000, The XFree86 Project, Inc


Fri Oct 18 11:41:42 2019
 vncext:      VNC extension running!
 vncext:      Listening for VNC connections on port 5915
 vncext:      created VNC server for screen 0
error opening security policy file /etc/X11/xserver/SecurityPolicy
Could not init font path element /usr/X11R6/lib/X11/fonts/Type1/, removing from list!
Could not init font path element /usr/X11R6/lib/X11/fonts/Speedo/, removing from list!
Could not init font path element /usr/X11R6/lib/X11/fonts/misc/, removing from list!
Could not init font path element /usr/X11R6/lib/X11/fonts/75dpi/, removing from list!
Could not init font path element /usr/X11R6/lib/X11/fonts/100dpi/, removing from list!
Could not init font path element /usr/share/fonts/X11/75dpi/, removing from list!
Could not init font path element /usr/share/fonts/X11/100dpi/, removing from list!

(x-window-manager:7019): xfwm4-WARNING **: 11:41:45.870: The display does not support the XRender extension.

(x-window-manager:7019): xfwm4-WARNING **: 11:41:45.870: The display does not support the XComposite extension.

(x-window-manager:7019): xfwm4-WARNING **: 11:41:45.870: The display does not support the XDamage extension.

(x-window-manager:7019): xfwm4-WARNING **: 11:41:45.870: The display does not support the XFixes extension.

(x-window-manager:7019): xfwm4-WARNING **: 11:41:45.870: Compositing manager disabled.
Failed to connect to session manager: Failed to connect to the session manager: SESSION_MANAGER environment variable not defined
xfwm4-Message: 11:41:45.966: Unsupported keyboard modifier '<Super>Tab'

(x-window-manager:7019): xfwm4-WARNING **: 11:41:45.971: Failed to connect to session manager: Failed to connect to the session manager: SESSION_MANAGER environment variable not defined

Fri Oct 18 11:41:53 2019
 Connections: accepted: 0.0.0.0::50508
 SConnection: Client needs protocol version 3.8
 SConnection: Client requests security type VncAuth(2)

Fri Oct 18 11:41:56 2019
 Connections: closed: 0.0.0.0::50508 (read: Connection reset by peer (104))

Fri Oct 18 11:42:25 2019
 Connections: accepted: 0.0.0.0::50509
 SConnection: Client needs protocol version 3.8
 SConnection: Client requests security type VncAuth(2)

Fri Oct 18 11:42:32 2019
 VNCSConnST:  Server default pixel format depth 16 (16bpp) little-endian rgb565
 VNCSConnST:  Client pixel format depth 16 (16bpp) little-endian rgb565

Fri Oct 18 12:16:03 2019
 XserverDesktop: Added unknown keysym 0x6f6 to keycode 255
xfwm4-Message: 12:16:03.921: Unsupported keyboard modifier '<Super>Tab'

Fri Oct 18 12:18:53 2019
 XserverDesktop: Added unknown keysym 0x6f7 to keycode 254
xfwm4-Message: 12:18:53.632: Unsupported keyboard modifier '<Super>Tab'

Fri Oct 18 12:18:54 2019
 XserverDesktop: Added unknown keysym 0x6cf to keycode 253
xfwm4-Message: 12:18:54.375: Unsupported keyboard modifier '<Super>Tab'

Fri Oct 18 12:18:55 2019
 XserverDesktop: Added unknown keysym 0x6c4 to keycode 252
xfwm4-Message: 12:18:55.959: Unsupported keyboard modifier '<Super>Tab'

Fri Oct 18 12:18:56 2019
 XserverDesktop: Added unknown keysym 0x6c9 to keycode 251
xfwm4-Message: 12:18:57.136: Unsupported keyboard modifier '<Super>Tab'

Fri Oct 18 12:18:57 2019
 XserverDesktop: Added unknown keysym 0x6d3 to keycode 250
 XserverDesktop: Added unknown keysym 0x6c8 to keycode 249
xfwm4-Message: 12:18:57.543: Unsupported keyboard modifier '<Super>Tab'
 XserverDesktop: Added unknown keysym 0x6ce to keycode 248
xfwm4-Message: 12:18:57.920: Unsupported keyboard modifier '<Super>Tab'

Fri Oct 18 12:19:02 2019
 XserverDesktop: Added unknown keysym 0x6cd to keycode 247
 XserverDesktop: Added unknown keysym 0x6c1 to keycode 246
 XserverDesktop: Added unknown keysym 0x6d4 to keycode 245
 XserverDesktop: Added unknown keysym 0x6d2 to keycode 244
xfwm4-Message: 12:19:03.168: Unsupported keyboard modifier '<Super>Tab'

Fri Oct 18 12:19:04 2019
 XserverDesktop: Added unknown keysym 0x6c3 to keycode 243
 XserverDesktop: Added unknown keysym 0x6d9 to keycode 242
xfwm4-Message: 12:19:04.848: Unsupported keyboard modifier '<Super>Tab'

Fri Oct 18 12:19:14 2019
 XserverDesktop: Added unknown keysym 0x6c6 to keycode 241
xfwm4-Message: 12:19:14.272: Unsupported keyboard modifier '<Super>Tab'

Fri Oct 18 12:25:48 2019
 XserverDesktop: Added unknown keysym 0x6db to keycode 240
xfwm4-Message: 12:25:48.515: Unsupported keyboard modifier '<Super>Tab'

Fri Oct 18 12:41:46 2019
 Connections: closed: 0.0.0.0::50509 (read: Connection reset by peer (104))
 SMsgWriter:  framebuffer updates 23031
 SMsgWriter:    ZRLE rects 70495, bytes 51658642
 SMsgWriter:    raw bytes equivalent 2122409604, compression ratio 41.085277
x-window-manager: Fatal IO error 4 (Interrupted system call) on X server :15.
