
Xvnc Free Edition 4.1.1 - built Feb 25 2015 23:02:21
Copyright (C) 2002-2005 RealVNC Ltd.
See http://www.realvnc.com for information on VNC.
Underlying X server release 40300000, The XFree86 Project, Inc


Wed Nov 27 11:45:06 2019
 vncext:      VNC extension running!
 vncext:      Listening for VNC connections on port 5929
 vncext:      created VNC server for screen 0
error opening security policy file /etc/X11/xserver/SecurityPolicy
Could not init font path element /usr/X11R6/lib/X11/fonts/Type1/, removing from list!
Could not init font path element /usr/X11R6/lib/X11/fonts/Speedo/, removing from list!
Could not init font path element /usr/X11R6/lib/X11/fonts/misc/, removing from list!
Could not init font path element /usr/X11R6/lib/X11/fonts/75dpi/, removing from list!
Could not init font path element /usr/X11R6/lib/X11/fonts/100dpi/, removing from list!
Could not init font path element /usr/share/fonts/X11/75dpi/, removing from list!
Could not init font path element /usr/share/fonts/X11/100dpi/, removing from list!
xrdb: No such file or directory
xrdb: can't open file '/home/is28/pavlov28/.Xresources'
/usr/bin/startxfce4: X server already running on display :29
gpg-agent[54655]: WARNING: "--write-env-file" is an obsolete option - it has no effect
gpg-agent: a gpg-agent is already running - not starting a new one

(xfce4-session:54643): xfce4-session-WARNING **: 11:45:09.939: gpg-agent returned no PID in the variables

(xfce4-session:54643): xfce4-session-WARNING **: 11:45:09.947: xfsm_manager_load_session: Something wrong with /home/is28/pavlov28/.cache/sessions/xfce4-session-virt-1:29, Does it exist? Permissions issue?

(xfwm4:54659): xfwm4-WARNING **: 11:45:10.146: The display does not support the XRender extension.

(xfwm4:54659): xfwm4-WARNING **: 11:45:10.146: The display does not support the XComposite extension.

(xfwm4:54659): xfwm4-WARNING **: 11:45:10.146: The display does not support the XDamage extension.

(xfwm4:54659): xfwm4-WARNING **: 11:45:10.146: The display does not support the XFixes extension.

(xfwm4:54659): xfwm4-WARNING **: 11:45:10.146: Compositing manager disabled.
xfwm4-Message: 11:45:11.141: Unsupported keyboard modifier '<Super>Tab'

** (light-locker:54668): ERROR **: 11:45:12.161: Environment variable XDG_SESSION_PATH not set. Is LightDM running?

(polkit-gnome-authentication-agent-1:54702): GLib-CRITICAL **: 11:45:12.247: g_variant_new_string: assertion 'string != NULL' failed

(polkit-gnome-authentication-agent-1:54702): polkit-gnome-1-WARNING **: 11:45:12.248: Failed to register client: GDBus.Error:org.freedesktop.DBus.Error.ServiceUnknown: The name org.gnome.SessionManager was not provided by any .service files

(xfsettingsd:54675): xfsettingsd-CRITICAL **: 11:45:14.933: RANDR extension is too old, version 1.1. Display settings won't be applied.
Xlib:  extension "XInputExtension" missing on display ":29.0".

(xfsettingsd:54675): xfsettingsd-CRITICAL **: 11:45:14.933: XI is not present.

(xfsettingsd:54675): xfsettingsd-CRITICAL **: 11:45:14.934: Failed to initialize the Xkb extension.

(xfsettingsd:54675): xfsettingsd-CRITICAL **: 11:45:14.934: Failed to initialize the Accessibility extension.

(nm-applet:54852): Gtk-WARNING **: 11:45:15.665: Can't set a parent on widget which has a parent
xfwm4-Message: 11:45:16.072: Unsupported keyboard modifier '<Super>Tab'
(uint32 1,)
/usr/lib/python3/dist-packages/blueman/plugins/applet/AppIndicator.py:8: PyGIWarning: AppIndicator3 was imported without specifying a version first. Use gi.require_version('AppIndicator3', '0.1') before import to ensure that the right version gets loaded.
  from gi.repository import AppIndicator3 as girAppIndicator
ERROR:dbus.proxies:Introspect error on org.bluez:/org/bluez: dbus.exceptions.DBusException: org.freedesktop.DBus.Error.AccessDenied: Rejected send message, 2 matched rules; type="method_call", sender=":1.2713" (uid=1280 pid=54840 comm="/usr/bin/python3 /usr/bin/blueman-applet " label="unconfined") interface="org.freedesktop.DBus.Introspectable" member="Introspect" error name="(unset)" requested_reply="0" destination="org.bluez" (bus)
ERROR:dbus.proxies:Introspect error on org.bluez:/: dbus.exceptions.DBusException: org.freedesktop.DBus.Error.AccessDenied: Rejected send message, 2 matched rules; type="method_call", sender=":1.2713" (uid=1280 pid=54840 comm="/usr/bin/python3 /usr/bin/blueman-applet " label="unconfined") interface="org.freedesktop.DBus.Introspectable" member="Introspect" error name="(unset)" requested_reply="0" destination="org.bluez" (bus)
ERROR:dbus.proxies:Introspect error on org.bluez:/: dbus.exceptions.DBusException: org.freedesktop.DBus.Error.AccessDenied: Rejected send message, 2 matched rules; type="method_call", sender=":1.2713" (uid=1280 pid=54840 comm="/usr/bin/python3 /usr/bin/blueman-applet " label="unconfined") interface="org.freedesktop.DBus.Introspectable" member="Introspect" error name="(unset)" requested_reply="0" destination="org.bluez" (bus)

(wrapper-1.0:54882): Gdk-WARNING **: 11:45:41.805: /build/gtk+2.0-AoeliP/gtk+2.0-2.24.32/gdk/x11/gdkdrawable-x11.c:952 drawable is not a pixmap or window

(wrapper-1.0:54882): Gdk-WARNING **: 11:45:41.805: /build/gtk+2.0-AoeliP/gtk+2.0-2.24.32/gdk/x11/gdkdrawable-x11.c:952 drawable is not a pixmap or window
