
Xvnc Free Edition 4.1.1 - built Feb 25 2015 23:02:21
Copyright (C) 2002-2005 RealVNC Ltd.
See http://www.realvnc.com for information on VNC.
Underlying X server release 40300000, The XFree86 Project, Inc


Fri Dec 20 11:42:00 2019
 vncext:      VNC extension running!
 vncext:      Listening for VNC connections on port 5908
 vncext:      created VNC server for screen 0
error opening security policy file /etc/X11/xserver/SecurityPolicy
Could not init font path element /usr/X11R6/lib/X11/fonts/Type1/, removing from list!
Could not init font path element /usr/X11R6/lib/X11/fonts/Speedo/, removing from list!
Could not init font path element /usr/X11R6/lib/X11/fonts/misc/, removing from list!
Could not init font path element /usr/X11R6/lib/X11/fonts/75dpi/, removing from list!
Could not init font path element /usr/X11R6/lib/X11/fonts/100dpi/, removing from list!
Could not init font path element /usr/share/fonts/X11/75dpi/, removing from list!
Could not init font path element /usr/share/fonts/X11/100dpi/, removing from list!
xrdb: No such file or directory
xrdb: can't open file '/home/is28/pavlov28/.Xresources'
/usr/bin/startxfce4: X server already running on display :8
gpg-agent[1863]: WARNING: "--write-env-file" is an obsolete option - it has no effect
gpg-agent: a gpg-agent is already running - not starting a new one

(xfce4-session:1853): xfce4-session-WARNING **: 11:42:03.785: gpg-agent returned no PID in the variables

(xfce4-session:1853): xfce4-session-WARNING **: 11:42:03.795: xfsm_manager_load_session: Something wrong with /home/is28/pavlov28/.cache/sessions/xfce4-session-virt-1:8, Does it exist? Permissions issue?

(xfwm4:1867): xfwm4-WARNING **: 11:42:03.817: The display does not support the XRender extension.

(xfwm4:1867): xfwm4-WARNING **: 11:42:03.817: The display does not support the XComposite extension.

(xfwm4:1867): xfwm4-WARNING **: 11:42:03.817: The display does not support the XDamage extension.

(xfwm4:1867): xfwm4-WARNING **: 11:42:03.817: The display does not support the XFixes extension.

(xfwm4:1867): xfwm4-WARNING **: 11:42:03.817: Compositing manager disabled.
(uint32 1,)

** (light-locker:1876): ERROR **: 11:42:03.867: Environment variable XDG_SESSION_PATH not set. Is LightDM running?

(polkit-gnome-authentication-agent-1:1879): GLib-CRITICAL **: 11:42:03.882: g_variant_new_string: assertion 'string != NULL' failed

(polkit-gnome-authentication-agent-1:1879): polkit-gnome-1-WARNING **: 11:42:03.883: Failed to register client: GDBus.Error:org.freedesktop.DBus.Error.ServiceUnknown: The name org.gnome.SessionManager was not provided by any .service files
xfwm4-Message: 11:42:03.960: Unsupported keyboard modifier '<Super>Tab'

(xfsettingsd:1878): xfsettingsd-CRITICAL **: 11:42:03.968: RANDR extension is too old, version 1.1. Display settings won't be applied.
Xlib:  extension "XInputExtension" missing on display ":8.0".

(xfsettingsd:1878): xfsettingsd-CRITICAL **: 11:42:03.971: XI is not present.

(xfsettingsd:1878): xfsettingsd-CRITICAL **: 11:42:03.973: Failed to initialize the Xkb extension.

(xfsettingsd:1878): xfsettingsd-CRITICAL **: 11:42:03.974: Failed to initialize the Accessibility extension.
xfwm4-Message: 11:42:04.058: Unsupported keyboard modifier '<Super>Tab'

(nm-applet:1958): Gtk-WARNING **: 11:42:04.171: Can't set a parent on widget which has a parent

(nm-applet:1958): Gdk-CRITICAL **: 11:42:04.311: gdk_window_thaw_toplevel_updates: assertion 'window->update_and_descendants_freeze_count > 0' failed

Fri Dec 20 11:42:09 2019
 Connections: accepted: 0.0.0.0::50266
 SConnection: Client needs protocol version 3.8
 SConnection: Client requests security type VncAuth(2)

Fri Dec 20 11:42:11 2019
 VNCSConnST:  Server default pixel format depth 16 (16bpp) little-endian rgb565
 VNCSConnST:  Client pixel format depth 16 (16bpp) little-endian rgb565
/usr/lib/ubuntu-release-upgrader/check-new-release-gtk:30: PyGIWarning: Gtk was imported without specifying a version first. Use gi.require_version('Gtk', '3.0') before import to ensure that the right version gets loaded.
  from gi.repository import Gtk
WARNING:root:timeout reached, exiting
/usr/lib/python3/dist-packages/blueman/plugins/applet/AppIndicator.py:8: PyGIWarning: AppIndicator3 was imported without specifying a version first. Use gi.require_version('AppIndicator3', '0.1') before import to ensure that the right version gets loaded.
  from gi.repository import AppIndicator3 as girAppIndicator
ERROR:dbus.proxies:Introspect error on org.bluez:/org/bluez: dbus.exceptions.DBusException: org.freedesktop.DBus.Error.AccessDenied: Rejected send message, 2 matched rules; type="method_call", sender=":1.13971" (uid=1280 pid=1942 comm="/usr/bin/python3 /usr/bin/blueman-applet " label="unconfined") interface="org.freedesktop.DBus.Introspectable" member="Introspect" error name="(unset)" requested_reply="0" destination="org.bluez" (bus)
ERROR:dbus.proxies:Introspect error on org.bluez:/: dbus.exceptions.DBusException: org.freedesktop.DBus.Error.AccessDenied: Rejected send message, 2 matched rules; type="method_call", sender=":1.13971" (uid=1280 pid=1942 comm="/usr/bin/python3 /usr/bin/blueman-applet " label="unconfined") interface="org.freedesktop.DBus.Introspectable" member="Introspect" error name="(unset)" requested_reply="0" destination="org.bluez" (bus)
ERROR:dbus.proxies:Introspect error on org.bluez:/: dbus.exceptions.DBusException: org.freedesktop.DBus.Error.AccessDenied: Rejected send message, 2 matched rules; type="method_call", sender=":1.13971" (uid=1280 pid=1942 comm="/usr/bin/python3 /usr/bin/blueman-applet " label="unconfined") interface="org.freedesktop.DBus.Introspectable" member="Introspect" error name="(unset)" requested_reply="0" destination="org.bluez" (bus)

(blueman-applet:1942): Gdk-CRITICAL **: 11:42:29.290: gdk_window_thaw_toplevel_updates: assertion 'window->update_and_descendants_freeze_count > 0' failed

Fri Dec 20 11:47:00 2019
 XserverDesktop: Added unknown keysym 0x6f7 to keycode 255
xfwm4-Message: 11:47:00.324: Unsupported keyboard modifier '<Super>Tab'

Fri Dec 20 11:47:01 2019
 XserverDesktop: Added unknown keysym 0x6c5 to keycode 254
 XserverDesktop: Added unknown keysym 0x6c4 to keycode 253

Fri Dec 20 11:47:02 2019
 XserverDesktop: Added unknown keysym 0x6c9 to keycode 252
 XserverDesktop: Added unknown keysym 0x6d4 to keycode 251
xfwm4-Message: 11:47:02.419: Unsupported keyboard modifier '<Super>Tab'
 XserverDesktop: Added unknown keysym 0x6d3 to keycode 250
 XserverDesktop: Added unknown keysym 0x6d2 to keycode 249
 XserverDesktop: Added unknown keysym 0x6cf to keycode 248

Fri Dec 20 11:47:03 2019
 XserverDesktop: Added unknown keysym 0x6cb to keycode 247
 XserverDesktop: Added unknown keysym 0xf3 to keycode 246
xfwm4-Message: 11:47:03.403: Unsupported keyboard modifier '<Super>Tab'

Fri Dec 20 11:47:04 2019
 XserverDesktop: Added unknown keysym 0x6ce to keycode 245
xfwm4-Message: 11:47:04.763: Unsupported keyboard modifier '<Super>Tab'

(gedit:2742): Gtk-WARNING **: 11:48:23.242: Calling org.xfce.Session.Manager.Inhibit failed: GDBus.Error:org.freedesktop.DBus.Error.UnknownMethod: Method "Inhibit" with signature "susu" on interface "org.xfce.Session.Manager" doesn't exist


(gedit:2971): Gtk-WARNING **: 11:51:35.863: Calling org.xfce.Session.Manager.Inhibit failed: GDBus.Error:org.freedesktop.DBus.Error.UnknownMethod: Method "Inhibit" with signature "susu" on interface "org.xfce.Session.Manager" doesn't exist


(gedit:6600): Gtk-WARNING **: 12:19:26.156: Calling org.xfce.Session.Manager.Inhibit failed: GDBus.Error:org.freedesktop.DBus.Error.UnknownMethod: Method "Inhibit" with signature "susu" on interface "org.xfce.Session.Manager" doesn't exist


(gedit:6655): Gtk-WARNING **: 12:19:47.563: Calling org.xfce.Session.Manager.Inhibit failed: GDBus.Error:org.freedesktop.DBus.Error.UnknownMethod: Method "Inhibit" with signature "susu" on interface "org.xfce.Session.Manager" doesn't exist


Fri Dec 20 12:30:12 2019
 Connections: closed: 0.0.0.0::50266 (Clean disconnection)
 SMsgWriter:  framebuffer updates 4822
 SMsgWriter:    copyRect rects 4608, bytes 73728
 SMsgWriter:    hextile rects 42433, bytes 24252833
 SMsgWriter:    raw bytes equivalent 571999728, compression ratio 23.584862
/usr/share/system-config-printer/applet.py:45: PyGIWarning: Notify was imported without specifying a version first. Use gi.require_version('Notify', '0.7') before import to ensure that the right version gets loaded.
  from gi.repository import Notify
system-config-printer-applet: failed to start NewPrinterNotification service
system-config-printer-applet: failed to start PrinterDriversInstaller service: org.freedesktop.DBus.Error.AccessDenied: Connection ":1.13981" is not allowed to own the service "com.redhat.PrinterDriversInstaller" due to security policies in the configuration file
/usr/share/system-config-printer/applet.py:358: Warning: Source ID 11 was not found when attempting to remove it
  GLib.source_remove (self.timer)
/usr/share/system-config-printer/applet.py:358: Warning: Source ID 12 was not found when attempting to remove it
  GLib.source_remove (self.timer)
/usr/share/system-config-printer/applet.py:358: Warning: Source ID 16 was not found when attempting to remove it
  GLib.source_remove (self.timer)
/usr/share/system-config-printer/applet.py:358: Warning: Source ID 18 was not found when attempting to remove it
  GLib.source_remove (self.timer)
/usr/share/system-config-printer/applet.py:358: Warning: Source ID 19 was not found when attempting to remove it
  GLib.source_remove (self.timer)
/usr/share/system-config-printer/applet.py:358: Warning: Source ID 23 was not found when attempting to remove it
  GLib.source_remove (self.timer)
/usr/share/system-config-printer/applet.py:358: Warning: Source ID 25 was not found when attempting to remove it
  GLib.source_remove (self.timer)
/usr/share/system-config-printer/applet.py:358: Warning: Source ID 26 was not found when attempting to remove it
  GLib.source_remove (self.timer)
/usr/share/system-config-printer/applet.py:358: Warning: Source ID 30 was not found when attempting to remove it
  GLib.source_remove (self.timer)
/usr/share/system-config-printer/applet.py:358: Warning: Source ID 32 was not found when attempting to remove it
  GLib.source_remove (self.timer)
/usr/share/system-config-printer/applet.py:358: Warning: Source ID 33 was not found when attempting to remove it
  GLib.source_remove (self.timer)
/usr/share/system-config-printer/applet.py:358: Warning: Source ID 37 was not found when attempting to remove it
  GLib.source_remove (self.timer)
/usr/share/system-config-printer/applet.py:358: Warning: Source ID 39 was not found when attempting to remove it
  GLib.source_remove (self.timer)
/usr/share/system-config-printer/applet.py:358: Warning: Source ID 45 was not found when attempting to remove it
  GLib.source_remove (self.timer)
/usr/share/system-config-printer/applet.py:358: Warning: Source ID 49 was not found when attempting to remove it
  GLib.source_remove (self.timer)
/usr/share/system-config-printer/applet.py:358: Warning: Source ID 51 was not found when attempting to remove it
  GLib.source_remove (self.timer)
/usr/share/system-config-printer/applet.py:358: Warning: Source ID 52 was not found when attempting to remove it
  GLib.source_remove (self.timer)
/usr/share/system-config-printer/applet.py:358: Warning: Source ID 56 was not found when attempting to remove it
  GLib.source_remove (self.timer)
/usr/share/system-config-printer/applet.py:358: Warning: Source ID 58 was not found when attempting to remove it
  GLib.source_remove (self.timer)
/usr/share/system-config-printer/applet.py:358: Warning: Source ID 59 was not found when attempting to remove it
  GLib.source_remove (self.timer)
/usr/share/system-config-printer/applet.py:358: Warning: Source ID 63 was not found when attempting to remove it
  GLib.source_remove (self.timer)
/usr/share/system-config-printer/applet.py:358: Warning: Source ID 65 was not found when attempting to remove it
  GLib.source_remove (self.timer)
/usr/share/system-config-printer/applet.py:358: Warning: Source ID 66 was not found when attempting to remove it
  GLib.source_remove (self.timer)
/usr/share/system-config-printer/applet.py:358: Warning: Source ID 72 was not found when attempting to remove it
  GLib.source_remove (self.timer)
/usr/share/system-config-printer/applet.py:358: Warning: Source ID 73 was not found when attempting to remove it
  GLib.source_remove (self.timer)
/usr/share/system-config-printer/applet.py:358: Warning: Source ID 77 was not found when attempting to remove it
  GLib.source_remove (self.timer)
/usr/share/system-config-printer/applet.py:358: Warning: Source ID 79 was not found when attempting to remove it
  GLib.source_remove (self.timer)
/usr/share/system-config-printer/applet.py:358: Warning: Source ID 80 was not found when attempting to remove it
  GLib.source_remove (self.timer)
/usr/share/system-config-printer/applet.py:358: Warning: Source ID 84 was not found when attempting to remove it
  GLib.source_remove (self.timer)
/usr/share/system-config-printer/applet.py:358: Warning: Source ID 86 was not found when attempting to remove it
  GLib.source_remove (self.timer)
/usr/share/system-config-printer/applet.py:358: Warning: Source ID 87 was not found when attempting to remove it
  GLib.source_remove (self.timer)
/usr/share/system-config-printer/applet.py:358: Warning: Source ID 91 was not found when attempting to remove it
  GLib.source_remove (self.timer)
/usr/share/system-config-printer/applet.py:358: Warning: Source ID 93 was not found when attempting to remove it
  GLib.source_remove (self.timer)
/usr/share/system-config-printer/applet.py:358: Warning: Source ID 99 was not found when attempting to remove it
  GLib.source_remove (self.timer)
/usr/share/system-config-printer/applet.py:358: Warning: Source ID 103 was not found when attempting to remove it
  GLib.source_remove (self.timer)
/usr/share/system-config-printer/applet.py:358: Warning: Source ID 105 was not found when attempting to remove it
  GLib.source_remove (self.timer)
/usr/share/system-config-printer/applet.py:358: Warning: Source ID 109 was not found when attempting to remove it
  GLib.source_remove (self.timer)
/usr/share/system-config-printer/applet.py:358: Warning: Source ID 111 was not found when attempting to remove it
  GLib.source_remove (self.timer)
/usr/share/system-config-printer/applet.py:358: Warning: Source ID 112 was not found when attempting to remove it
  GLib.source_remove (self.timer)
/usr/share/system-config-printer/applet.py:358: Warning: Source ID 116 was not found when attempting to remove it
  GLib.source_remove (self.timer)
/usr/share/system-config-printer/applet.py:358: Warning: Source ID 118 was not found when attempting to remove it
  GLib.source_remove (self.timer)
/usr/share/system-config-printer/applet.py:358: Warning: Source ID 122 was not found when attempting to remove it
  GLib.source_remove (self.timer)
/usr/share/system-config-printer/applet.py:358: Warning: Source ID 124 was not found when attempting to remove it
  GLib.source_remove (self.timer)
/usr/share/system-config-printer/applet.py:358: Warning: Source ID 128 was not found when attempting to remove it
  GLib.source_remove (self.timer)
/usr/share/system-config-printer/applet.py:358: Warning: Source ID 130 was not found when attempting to remove it
  GLib.source_remove (self.timer)
/usr/share/system-config-printer/applet.py:358: Warning: Source ID 134 was not found when attempting to remove it
  GLib.source_remove (self.timer)
/usr/share/system-config-printer/applet.py:358: Warning: Source ID 136 was not found when attempting to remove it
  GLib.source_remove (self.timer)
/usr/share/system-config-printer/applet.py:358: Warning: Source ID 137 was not found when attempting to remove it
  GLib.source_remove (self.timer)
/usr/share/system-config-printer/applet.py:358: Warning: Source ID 141 was not found when attempting to remove it
  GLib.source_remove (self.timer)
/usr/share/system-config-printer/applet.py:358: Warning: Source ID 143 was not found when attempting to remove it
  GLib.source_remove (self.timer)
/usr/share/system-config-printer/applet.py:358: Warning: Source ID 144 was not found when attempting to remove it
  GLib.source_remove (self.timer)
/usr/share/system-config-printer/applet.py:358: Warning: Source ID 148 was not found when attempting to remove it
  GLib.source_remove (self.timer)
/usr/lib/ubuntu-release-upgrader/check-new-release-gtk:30: PyGIWarning: Gtk was imported without specifying a version first. Use gi.require_version('Gtk', '3.0') before import to ensure that the right version gets loaded.
  from gi.repository import Gtk
WARNING:root:timeout reached, exiting
/usr/share/system-config-printer/applet.py:358: Warning: Source ID 150 was not found when attempting to remove it
  GLib.source_remove (self.timer)
/usr/share/system-config-printer/applet.py:358: Warning: Source ID 151 was not found when attempting to remove it
  GLib.source_remove (self.timer)
/usr/share/system-config-printer/applet.py:358: Warning: Source ID 157 was not found when attempting to remove it
  GLib.source_remove (self.timer)
/usr/share/system-config-printer/applet.py:358: Warning: Source ID 158 was not found when attempting to remove it
  GLib.source_remove (self.timer)
/usr/share/system-config-printer/applet.py:358: Warning: Source ID 162 was not found when attempting to remove it
  GLib.source_remove (self.timer)
/usr/share/system-config-printer/applet.py:358: Warning: Source ID 164 was not found when attempting to remove it
  GLib.source_remove (self.timer)
/usr/share/system-config-printer/applet.py:358: Warning: Source ID 170 was not found when attempting to remove it
  GLib.source_remove (self.timer)
/usr/share/system-config-printer/applet.py:358: Warning: Source ID 174 was not found when attempting to remove it
  GLib.source_remove (self.timer)
/usr/share/system-config-printer/applet.py:358: Warning: Source ID 176 was not found when attempting to remove it
  GLib.source_remove (self.timer)
/usr/share/system-config-printer/applet.py:358: Warning: Source ID 177 was not found when attempting to remove it
  GLib.source_remove (self.timer)
/usr/share/system-config-printer/applet.py:358: Warning: Source ID 181 was not found when attempting to remove it
  GLib.source_remove (self.timer)
/usr/share/system-config-printer/applet.py:358: Warning: Source ID 185 was not found when attempting to remove it
  GLib.source_remove (self.timer)
/usr/share/system-config-printer/applet.py:358: Warning: Source ID 187 was not found when attempting to remove it
  GLib.source_remove (self.timer)
/usr/share/system-config-printer/applet.py:358: Warning: Source ID 191 was not found when attempting to remove it
  GLib.source_remove (self.timer)
/usr/share/system-config-printer/applet.py:358: Warning: Source ID 193 was not found when attempting to remove it
  GLib.source_remove (self.timer)
/usr/share/system-config-printer/applet.py:358: Warning: Source ID 195 was not found when attempting to remove it
  GLib.source_remove (self.timer)
/usr/share/system-config-printer/applet.py:358: Warning: Source ID 196 was not found when attempting to remove it
  GLib.source_remove (self.timer)
/usr/share/system-config-printer/applet.py:358: Warning: Source ID 200 was not found when attempting to remove it
  GLib.source_remove (self.timer)
/usr/share/system-config-printer/applet.py:358: Warning: Source ID 202 was not found when attempting to remove it
  GLib.source_remove (self.timer)
/usr/share/system-config-printer/applet.py:358: Warning: Source ID 206 was not found when attempting to remove it
  GLib.source_remove (self.timer)
/usr/share/system-config-printer/applet.py:358: Warning: Source ID 208 was not found when attempting to remove it
  GLib.source_remove (self.timer)
/usr/share/system-config-printer/applet.py:358: Warning: Source ID 212 was not found when attempting to remove it
  GLib.source_remove (self.timer)
/usr/share/system-config-printer/applet.py:358: Warning: Source ID 213 was not found when attempting to remove it
  GLib.source_remove (self.timer)
/usr/share/system-config-printer/applet.py:358: Warning: Source ID 217 was not found when attempting to remove it
  GLib.source_remove (self.timer)
/usr/share/system-config-printer/applet.py:358: Warning: Source ID 221 was not found when attempting to remove it
  GLib.source_remove (self.timer)
/usr/share/system-config-printer/applet.py:358: Warning: Source ID 227 was not found when attempting to remove it
  GLib.source_remove (self.timer)
/usr/share/system-config-printer/applet.py:358: Warning: Source ID 231 was not found when attempting to remove it
  GLib.source_remove (self.timer)
/usr/share/system-config-printer/applet.py:358: Warning: Source ID 232 was not found when attempting to remove it
  GLib.source_remove (self.timer)
/usr/share/system-config-printer/applet.py:358: Warning: Source ID 236 was not found when attempting to remove it
  GLib.source_remove (self.timer)
/usr/share/system-config-printer/applet.py:358: Warning: Source ID 238 was not found when attempting to remove it
  GLib.source_remove (self.timer)
/usr/share/system-config-printer/applet.py:358: Warning: Source ID 239 was not found when attempting to remove it
  GLib.source_remove (self.timer)
/usr/share/system-config-printer/applet.py:358: Warning: Source ID 243 was not found when attempting to remove it
  GLib.source_remove (self.timer)
/usr/share/system-config-printer/applet.py:358: Warning: Source ID 245 was not found when attempting to remove it
  GLib.source_remove (self.timer)
/usr/share/system-config-printer/applet.py:358: Warning: Source ID 246 was not found when attempting to remove it
  GLib.source_remove (self.timer)
/usr/share/system-config-printer/applet.py:358: Warning: Source ID 250 was not found when attempting to remove it
  GLib.source_remove (self.timer)
/usr/share/system-config-printer/applet.py:358: Warning: Source ID 252 was not found when attempting to remove it
  GLib.source_remove (self.timer)
/usr/share/system-config-printer/applet.py:358: Warning: Source ID 253 was not found when attempting to remove it
  GLib.source_remove (self.timer)
/usr/share/system-config-printer/applet.py:358: Warning: Source ID 257 was not found when attempting to remove it
  GLib.source_remove (self.timer)
/usr/share/system-config-printer/applet.py:358: Warning: Source ID 259 was not found when attempting to remove it
  GLib.source_remove (self.timer)
/usr/share/system-config-printer/applet.py:358: Warning: Source ID 261 was not found when attempting to remove it
  GLib.source_remove (self.timer)
/usr/share/system-config-printer/applet.py:358: Warning: Source ID 262 was not found when attempting to remove it
  GLib.source_remove (self.timer)
/usr/share/system-config-printer/applet.py:358: Warning: Source ID 266 was not found when attempting to remove it
  GLib.source_remove (self.timer)
/usr/share/system-config-printer/applet.py:358: Warning: Source ID 268 was not found when attempting to remove it
  GLib.source_remove (self.timer)
/usr/share/system-config-printer/applet.py:358: Warning: Source ID 269 was not found when attempting to remove it
  GLib.source_remove (self.timer)
/usr/share/system-config-printer/applet.py:358: Warning: Source ID 273 was not found when attempting to remove it
  GLib.source_remove (self.timer)
/usr/share/system-config-printer/applet.py:358: Warning: Source ID 275 was not found when attempting to remove it
  GLib.source_remove (self.timer)
/usr/share/system-config-printer/applet.py:358: Warning: Source ID 281 was not found when attempting to remove it
  GLib.source_remove (self.timer)
/usr/share/system-config-printer/applet.py:358: Warning: Source ID 285 was not found when attempting to remove it
  GLib.source_remove (self.timer)
/usr/share/system-config-printer/applet.py:358: Warning: Source ID 286 was not found when attempting to remove it
  GLib.source_remove (self.timer)
/usr/share/system-config-printer/applet.py:358: Warning: Source ID 290 was not found when attempting to remove it
  GLib.source_remove (self.timer)
/usr/share/system-config-printer/applet.py:358: Warning: Source ID 292 was not found when attempting to remove it
  GLib.source_remove (self.timer)
/usr/share/system-config-printer/applet.py:358: Warning: Source ID 294 was not found when attempting to remove it
  GLib.source_remove (self.timer)
/usr/share/system-config-printer/applet.py:358: Warning: Source ID 295 was not found when attempting to remove it
  GLib.source_remove (self.timer)
/usr/share/system-config-printer/applet.py:358: Warning: Source ID 299 was not found when attempting to remove it
  GLib.source_remove (self.timer)
/usr/share/system-config-printer/applet.py:358: Warning: Source ID 301 was not found when attempting to remove it
  GLib.source_remove (self.timer)
/usr/share/system-config-printer/applet.py:358: Warning: Source ID 307 was not found when attempting to remove it
  GLib.source_remove (self.timer)
/usr/lib/ubuntu-release-upgrader/check-new-release-gtk:30: PyGIWarning: Gtk was imported without specifying a version first. Use gi.require_version('Gtk', '3.0') before import to ensure that the right version gets loaded.
  from gi.repository import Gtk
WARNING:root:timeout reached, exiting
/usr/share/system-config-printer/applet.py:358: Warning: Source ID 311 was not found when attempting to remove it
  GLib.source_remove (self.timer)
/usr/share/system-config-printer/applet.py:358: Warning: Source ID 313 was not found when attempting to remove it
  GLib.source_remove (self.timer)
/usr/share/system-config-printer/applet.py:358: Warning: Source ID 317 was not found when attempting to remove it
  GLib.source_remove (self.timer)
/usr/share/system-config-printer/applet.py:358: Warning: Source ID 319 was not found when attempting to remove it
  GLib.source_remove (self.timer)
/usr/share/system-config-printer/applet.py:358: Warning: Source ID 320 was not found when attempting to remove it
  GLib.source_remove (self.timer)
/usr/share/system-config-printer/applet.py:358: Warning: Source ID 324 was not found when attempting to remove it
  GLib.source_remove (self.timer)
/usr/share/system-config-printer/applet.py:358: Warning: Source ID 325 was not found when attempting to remove it
  GLib.source_remove (self.timer)
/usr/share/system-config-printer/applet.py:358: Warning: Source ID 329 was not found when attempting to remove it
  GLib.source_remove (self.timer)
/usr/share/system-config-printer/applet.py:358: Warning: Source ID 331 was not found when attempting to remove it
  GLib.source_remove (self.timer)
/usr/share/system-config-printer/applet.py:358: Warning: Source ID 332 was not found when attempting to remove it
  GLib.source_remove (self.timer)
/usr/share/system-config-printer/applet.py:358: Warning: Source ID 336 was not found when attempting to remove it
  GLib.source_remove (self.timer)
/usr/share/system-config-printer/applet.py:358: Warning: Source ID 338 was not found when attempting to remove it
  GLib.source_remove (self.timer)
/usr/share/system-config-printer/applet.py:358: Warning: Source ID 340 was not found when attempting to remove it
  GLib.source_remove (self.timer)
/usr/share/system-config-printer/applet.py:358: Warning: Source ID 346 was not found when attempting to remove it
  GLib.source_remove (self.timer)
/usr/share/system-config-printer/applet.py:358: Warning: Source ID 350 was not found when attempting to remove it
  GLib.source_remove (self.timer)
/usr/share/system-config-printer/applet.py:358: Warning: Source ID 352 was not found when attempting to remove it
  GLib.source_remove (self.timer)
/usr/share/system-config-printer/applet.py:358: Warning: Source ID 353 was not found when attempting to remove it
  GLib.source_remove (self.timer)
/usr/share/system-config-printer/applet.py:358: Warning: Source ID 357 was not found when attempting to remove it
  GLib.source_remove (self.timer)
/usr/share/system-config-printer/applet.py:358: Warning: Source ID 359 was not found when attempting to remove it
  GLib.source_remove (self.timer)
/usr/share/system-config-printer/applet.py:358: Warning: Source ID 360 was not found when attempting to remove it
  GLib.source_remove (self.timer)
/usr/share/system-config-printer/applet.py:358: Warning: Source ID 364 was not found when attempting to remove it
  GLib.source_remove (self.timer)
/usr/share/system-config-printer/applet.py:358: Warning: Source ID 366 was not found when attempting to remove it
  GLib.source_remove (self.timer)
/usr/share/system-config-printer/applet.py:358: Warning: Source ID 367 was not found when attempting to remove it
  GLib.source_remove (self.timer)
/usr/share/system-config-printer/applet.py:358: Warning: Source ID 371 was not found when attempting to remove it
  GLib.source_remove (self.timer)
/usr/share/system-config-printer/applet.py:358: Warning: Source ID 373 was not found when attempting to remove it
  GLib.source_remove (self.timer)
/usr/share/system-config-printer/applet.py:358: Warning: Source ID 374 was not found when attempting to remove it
  GLib.source_remove (self.timer)
/usr/share/system-config-printer/applet.py:358: Warning: Source ID 378 was not found when attempting to remove it
  GLib.source_remove (self.timer)
/usr/share/system-config-printer/applet.py:358: Warning: Source ID 380 was not found when attempting to remove it
  GLib.source_remove (self.timer)
/usr/share/system-config-printer/applet.py:358: Warning: Source ID 381 was not found when attempting to remove it
  GLib.source_remove (self.timer)
/usr/share/system-config-printer/applet.py:358: Warning: Source ID 385 was not found when attempting to remove it
  GLib.source_remove (self.timer)
/usr/share/system-config-printer/applet.py:358: Warning: Source ID 386 was not found when attempting to remove it
  GLib.source_remove (self.timer)
/usr/share/system-config-printer/applet.py:358: Warning: Source ID 392 was not found when attempting to remove it
  GLib.source_remove (self.timer)
/usr/share/system-config-printer/applet.py:358: Warning: Source ID 393 was not found when attempting to remove it
  GLib.source_remove (self.timer)
/usr/share/system-config-printer/applet.py:358: Warning: Source ID 397 was not found when attempting to remove it
  GLib.source_remove (self.timer)
/usr/share/system-config-printer/applet.py:358: Warning: Source ID 399 was not found when attempting to remove it
  GLib.source_remove (self.timer)
/usr/share/system-config-printer/applet.py:358: Warning: Source ID 401 was not found when attempting to remove it
  GLib.source_remove (self.timer)
/usr/share/system-config-printer/applet.py:358: Warning: Source ID 402 was not found when attempting to remove it
  GLib.source_remove (self.timer)
/usr/share/system-config-printer/applet.py:358: Warning: Source ID 406 was not found when attempting to remove it
  GLib.source_remove (self.timer)
/usr/share/system-config-printer/applet.py:358: Warning: Source ID 408 was not found when attempting to remove it
  GLib.source_remove (self.timer)
/usr/share/system-config-printer/applet.py:358: Warning: Source ID 409 was not found when attempting to remove it
  GLib.source_remove (self.timer)
/usr/share/system-config-printer/applet.py:358: Warning: Source ID 413 was not found when attempting to remove it
  GLib.source_remove (self.timer)
/usr/share/system-config-printer/applet.py:358: Warning: Source ID 415 was not found when attempting to remove it
  GLib.source_remove (self.timer)
/usr/share/system-config-printer/applet.py:358: Warning: Source ID 416 was not found when attempting to remove it
  GLib.source_remove (self.timer)
/usr/share/system-config-printer/applet.py:358: Warning: Source ID 420 was not found when attempting to remove it
  GLib.source_remove (self.timer)
/usr/share/system-config-printer/applet.py:358: Warning: Source ID 422 was not found when attempting to remove it
  GLib.source_remove (self.timer)
/usr/share/system-config-printer/applet.py:358: Warning: Source ID 423 was not found when attempting to remove it
  GLib.source_remove (self.timer)
/usr/share/system-config-printer/applet.py:358: Warning: Source ID 427 was not found when attempting to remove it
  GLib.source_remove (self.timer)
/usr/share/system-config-printer/applet.py:358: Warning: Source ID 428 was not found when attempting to remove it
  GLib.source_remove (self.timer)
/usr/share/system-config-printer/applet.py:358: Warning: Source ID 432 was not found when attempting to remove it
  GLib.source_remove (self.timer)
/usr/share/system-config-printer/applet.py:358: Warning: Source ID 434 was not found when attempting to remove it
  GLib.source_remove (self.timer)
/usr/share/system-config-printer/applet.py:358: Warning: Source ID 436 was not found when attempting to remove it
  GLib.source_remove (self.timer)
/usr/share/system-config-printer/applet.py:358: Warning: Source ID 440 was not found when attempting to remove it
  GLib.source_remove (self.timer)
/usr/share/system-config-printer/applet.py:358: Warning: Source ID 442 was not found when attempting to remove it
  GLib.source_remove (self.timer)
/usr/share/system-config-printer/applet.py:358: Warning: Source ID 443 was not found when attempting to remove it
  GLib.source_remove (self.timer)
/usr/share/system-config-printer/applet.py:358: Warning: Source ID 447 was not found when attempting to remove it
  GLib.source_remove (self.timer)
/usr/share/system-config-printer/applet.py:358: Warning: Source ID 449 was not found when attempting to remove it
  GLib.source_remove (self.timer)
xfce4-session-Message: 00:23:38.933: Got disconnected from D-Bus.  Unless this happened during session shutdown, this is probably a bad thing.

(Thunar:1873): GVFS-RemoteVolumeMonitor-WARNING **: 00:23:38.964: Owner of volume monitor org.gtk.vfs.UDisks2VolumeMonitor disconnected from the bus; removing drives/volumes/mounts

(Thunar:1873): GVFS-RemoteVolumeMonitor-WARNING **: 00:23:38.964: Owner of volume monitor org.gtk.vfs.GPhoto2VolumeMonitor disconnected from the bus; removing drives/volumes/mounts

(Thunar:1873): GVFS-RemoteVolumeMonitor-WARNING **: 00:23:38.964: Owner of volume monitor org.gtk.vfs.GoaVolumeMonitor disconnected from the bus; removing drives/volumes/mounts

(Thunar:1873): GVFS-RemoteVolumeMonitor-WARNING **: 00:23:38.964: Owner of volume monitor org.gtk.vfs.MTPVolumeMonitor disconnected from the bus; removing drives/volumes/mounts

(Thunar:1873): GVFS-RemoteVolumeMonitor-WARNING **: 00:23:38.964: Owner of volume monitor org.gtk.vfs.AfcVolumeMonitor disconnected from the bus; removing drives/volumes/mounts

Received signal:15->'Terminated'

Received signal:15->'Terminated'

(tracker-miner-fs:1881): GLib-GObject-WARNING **: 00:23:39.098: g_object_notify: object class 'UpClient' has no property named 'g-name-owner'

(tracker-miner-fs:1881): GLib-GObject-WARNING **: 00:23:39.098: g_object_notify: object class 'UpDevice' has no property named 'g-name-owner'

(tracker-miner-fs:1881): GLib-GIO-CRITICAL **: 00:23:39.098: Error while sending AddMatch() message: The connection is closed

(tracker-miner-fs:1881): GLib-GIO-CRITICAL **: 00:23:39.098: Error while sending AddMatch() message: The connection is closed

(tracker-miner-fs:1881): GLib-GIO-CRITICAL **: 00:23:39.098: Error while sending AddMatch() message: The connection is closed

Received signal:15->'Terminated'

OK


OK

xfce4-session: Fatal IO error 11 (Resource temporarily unavailable) on X server :8.
xfce4-panel: Fatal IO error 11 (Resource temporarily unavailable) on X server :8.0.
xfsettingsd: Fatal IO error 11 (Resource temporarily unavailable) on X server :8.0.
xfdesktop: Fatal IO error 11 (Resource temporarily unavailable) on X server :8.0.
wrapper-1.0: Fatal IO error 11 (Resource temporarily unavailable) on X server :8.0.
wrapper-1.0: Fatal IO error 11 (Resource temporarily unavailable) on X server :8.0.

(xfwm4:60402): Gtk-WARNING **: 00:23:39.967: cannot open display: :8.0
