
Xvnc Free Edition 4.1.1 - built Feb 25 2015 23:02:21
Copyright (C) 2002-2005 RealVNC Ltd.
See http://www.realvnc.com for information on VNC.
Underlying X server release 40300000, The XFree86 Project, Inc


Thu Feb  6 09:40:52 2020
 vncext:      VNC extension running!
 vncext:      Listening for VNC connections on port 5917
 vncext:      created VNC server for screen 0
error opening security policy file /etc/X11/xserver/SecurityPolicy
Could not init font path element /usr/X11R6/lib/X11/fonts/Type1/, removing from list!
Could not init font path element /usr/X11R6/lib/X11/fonts/Speedo/, removing from list!
Could not init font path element /usr/X11R6/lib/X11/fonts/misc/, removing from list!
Could not init font path element /usr/X11R6/lib/X11/fonts/75dpi/, removing from list!
Could not init font path element /usr/X11R6/lib/X11/fonts/100dpi/, removing from list!
Could not init font path element /usr/share/fonts/X11/75dpi/, removing from list!
Could not init font path element /usr/share/fonts/X11/100dpi/, removing from list!
xrdb: No such file or directory
xrdb: can't open file '/home/is28/pavlov28/.Xresources'
/usr/bin/startxfce4: X server already running on display :17
gpg-agent[51978]: WARNING: "--write-env-file" is an obsolete option - it has no effect
gpg-agent: a gpg-agent is already running - not starting a new one

(xfce4-session:51968): xfce4-session-WARNING **: 09:40:55.439: gpg-agent returned no PID in the variables

(xfce4-session:51968): xfce4-session-WARNING **: 09:40:55.445: xfsm_manager_load_session: Something wrong with /home/is28/pavlov28/.cache/sessions/xfce4-session-virt-1:17, Does it exist? Permissions issue?

(xfwm4:51982): xfwm4-WARNING **: 09:40:55.470: The display does not support the XRender extension.

(xfwm4:51982): xfwm4-WARNING **: 09:40:55.470: The display does not support the XComposite extension.

(xfwm4:51982): xfwm4-WARNING **: 09:40:55.470: The display does not support the XDamage extension.

(xfwm4:51982): xfwm4-WARNING **: 09:40:55.470: The display does not support the XFixes extension.

(xfwm4:51982): xfwm4-WARNING **: 09:40:55.470: Compositing manager disabled.
(uint32 1,)

** (light-locker:51992): ERROR **: 09:40:55.529: Environment variable XDG_SESSION_PATH not set. Is LightDM running?

(xfsettingsd:51991): xfsettingsd-CRITICAL **: 09:40:55.570: RANDR extension is too old, version 1.1. Display settings won't be applied.
Xlib:  extension "XInputExtension" missing on display ":17.0".

(xfsettingsd:51991): xfsettingsd-CRITICAL **: 09:40:55.571: XI is not present.

(xfsettingsd:51991): xfsettingsd-CRITICAL **: 09:40:55.571: Failed to initialize the Xkb extension.

(xfsettingsd:51991): xfsettingsd-CRITICAL **: 09:40:55.571: Failed to initialize the Accessibility extension.

(polkit-gnome-authentication-agent-1:51994): GLib-CRITICAL **: 09:40:55.576: g_variant_new_string: assertion 'string != NULL' failed

(polkit-gnome-authentication-agent-1:51994): polkit-gnome-1-WARNING **: 09:40:55.577: Failed to register client: GDBus.Error:org.freedesktop.DBus.Error.ServiceUnknown: The name org.gnome.SessionManager was not provided by any .service files
xfwm4-Message: 09:40:55.593: Unsupported keyboard modifier '<Super>Tab'
xfwm4-Message: 09:40:55.644: Unsupported keyboard modifier '<Super>Tab'

(nm-applet:52080): Gtk-WARNING **: 09:40:55.977: Can't set a parent on widget which has a parent

(nm-applet:52080): Gdk-CRITICAL **: 09:40:56.135: gdk_window_thaw_toplevel_updates: assertion 'window->update_and_descendants_freeze_count > 0' failed
/usr/lib/ubuntu-release-upgrader/check-new-release-gtk:30: PyGIWarning: Gtk was imported without specifying a version first. Use gi.require_version('Gtk', '3.0') before import to ensure that the right version gets loaded.
  from gi.repository import Gtk
WARNING:root:timeout reached, exiting

Thu Feb  6 09:41:17 2020
 Connections: accepted: 0.0.0.0::49736
 SConnection: Client needs protocol version 3.8
 SConnection: Client requests security type VncAuth(2)
/usr/lib/python3/dist-packages/blueman/plugins/applet/AppIndicator.py:8: PyGIWarning: AppIndicator3 was imported without specifying a version first. Use gi.require_version('AppIndicator3', '0.1') before import to ensure that the right version gets loaded.
  from gi.repository import AppIndicator3 as girAppIndicator
ERROR:dbus.proxies:Introspect error on org.bluez:/org/bluez: dbus.exceptions.DBusException: org.freedesktop.DBus.Error.AccessDenied: Rejected send message, 2 matched rules; type="method_call", sender=":1.942" (uid=1280 pid=52042 comm="/usr/bin/python3 /usr/bin/blueman-applet " label="unconfined") interface="org.freedesktop.DBus.Introspectable" member="Introspect" error name="(unset)" requested_reply="0" destination="org.bluez" (bus)
ERROR:dbus.proxies:Introspect error on org.bluez:/: dbus.exceptions.DBusException: org.freedesktop.DBus.Error.AccessDenied: Rejected send message, 2 matched rules; type="method_call", sender=":1.942" (uid=1280 pid=52042 comm="/usr/bin/python3 /usr/bin/blueman-applet " label="unconfined") interface="org.freedesktop.DBus.Introspectable" member="Introspect" error name="(unset)" requested_reply="0" destination="org.bluez" (bus)
ERROR:dbus.proxies:Introspect error on org.bluez:/: dbus.exceptions.DBusException: org.freedesktop.DBus.Error.AccessDenied: Rejected send message, 2 matched rules; type="method_call", sender=":1.942" (uid=1280 pid=52042 comm="/usr/bin/python3 /usr/bin/blueman-applet " label="unconfined") interface="org.freedesktop.DBus.Introspectable" member="Introspect" error name="(unset)" requested_reply="0" destination="org.bluez" (bus)

(wrapper-1.0:52137): Gdk-WARNING **: 09:41:21.079: /build/gtk+2.0-AoeliP/gtk+2.0-2.24.32/gdk/x11/gdkdrawable-x11.c:952 drawable is not a pixmap or window

Thu Feb  6 09:41:21 2020
 VNCSConnST:  Server default pixel format depth 16 (16bpp) little-endian rgb565
 VNCSConnST:  Client pixel format depth 16 (16bpp) little-endian rgb565

(Thunar:51988): Gdk-WARNING **: 09:41:26.788: gdk_window_set_icon_list: icons too large

(Thunar:51988): Gdk-WARNING **: 09:41:34.748: gdk_window_set_icon_list: icons too large
Xlib:  extension "XINERAMA" missing on display ":17.0".
func=xmlSecCheckVersionExt:file=xmlsec.c:line=188:obj=unknown:subj=unknown:error=19:invalid version:mode=abi compatible;expected minor version=2;real minor version=2;expected subminor version=25;real subminor version=26

(soffice:52620): GLib-GObject-WARNING **: 09:42:00.018: ../../../../gobject/gsignal.c:3492: signal name 'selection_changed' is invalid for instance '0x560cba9166a0' of type 'OOoAtkObjCompTxt'
func=xmlSecCheckVersionExt:file=xmlsec.c:line=188:obj=unknown:subj=unknown:error=19:invalid version:mode=abi compatible;expected minor version=2;real minor version=2;expected subminor version=25;real subminor version=26

(gedit:53112): Gtk-WARNING **: 09:48:25.552: Calling org.xfce.Session.Manager.Inhibit failed: GDBus.Error:org.freedesktop.DBus.Error.UnknownMethod: Method "Inhibit" with signature "susu" on interface "org.xfce.Session.Manager" doesn't exist


Thu Feb  6 09:49:36 2020
 XserverDesktop: Added unknown keysym 0x6cb to keycode 255
 XserverDesktop: Added unknown keysym 0x6c1 to keycode 254
xfwm4-Message: 09:49:36.843: Unsupported keyboard modifier '<Super>Tab'

Thu Feb  6 09:49:38 2020
 XserverDesktop: Added unknown keysym 0x6d7 to keycode 253
xfwm4-Message: 09:49:38.499: Unsupported keyboard modifier '<Super>Tab'
 XserverDesktop: Added unknown keysym 0x6d3 to keycode 252
xfwm4-Message: 09:49:38.875: Unsupported keyboard modifier '<Super>Tab'
 XserverDesktop: Added unknown keysym 0x6da to keycode 251
xfwm4-Message: 09:49:39.220: Unsupported keyboard modifier '<Super>Tab'

Thu Feb  6 09:49:39 2020
 XserverDesktop: Added unknown keysym 0x6cf to keycode 250
 XserverDesktop: Added unknown keysym 0xf3 to keycode 249
 XserverDesktop: Added unknown keysym 0x6d4 to keycode 248
xfwm4-Message: 09:49:39.852: Unsupported keyboard modifier '<Super>Tab'

Thu Feb  6 09:49:49 2020
 XserverDesktop: Added unknown keysym 0x6f6 to keycode 247
xfwm4-Message: 09:49:50.076: Unsupported keyboard modifier '<Super>Tab'

Thu Feb  6 09:50:09 2020
 XserverDesktop: Added unknown keysym 0x6f0 to keycode 246
 XserverDesktop: Added unknown keysym 0x6d2 to keycode 245
 XserverDesktop: Added unknown keysym 0x6c9 to keycode 244
xfwm4-Message: 09:50:09.628: Unsupported keyboard modifier '<Super>Tab'
 XserverDesktop: Added unknown keysym 0x6c5 to keycode 243
xfwm4-Message: 09:50:09.923: Unsupported keyboard modifier '<Super>Tab'

Thu Feb  6 09:50:15 2020
 XserverDesktop: Added unknown keysym 0x6e2 to keycode 242
xfwm4-Message: 09:50:15.747: Unsupported keyboard modifier '<Super>Tab'

Thu Feb  6 09:50:24 2020
 XserverDesktop: Added unknown keysym 0x6c6 to keycode 241
 XserverDesktop: Added unknown keysym 0x6d8 to keycode 240
xfwm4-Message: 09:50:24.596: Unsupported keyboard modifier '<Super>Tab'

Thu Feb  6 09:53:33 2020
 XserverDesktop: Added unknown keysym 0x6ec to keycode 239
xfwm4-Message: 09:53:33.333: Unsupported keyboard modifier '<Super>Tab'
 XserverDesktop: Added unknown keysym 0x6e4 to keycode 238
xfwm4-Message: 09:53:33.796: Unsupported keyboard modifier '<Super>Tab'

Thu Feb  6 09:53:42 2020
 XserverDesktop: Added unknown keysym 0x6d9 to keycode 237
xfwm4-Message: 09:53:43.100: Unsupported keyboard modifier '<Super>Tab'

Thu Feb  6 09:53:55 2020
 XserverDesktop: Added unknown keysym 0x6c0 to keycode 236
xfwm4-Message: 09:53:55.484: Unsupported keyboard modifier '<Super>Tab'

Thu Feb  6 09:54:32 2020
 XserverDesktop: Added unknown keysym 0x6dd to keycode 235
xfwm4-Message: 09:54:32.412: Unsupported keyboard modifier '<Super>Tab'

(gedit:55954): Gtk-WARNING **: 09:55:17.988: Calling org.xfce.Session.Manager.Inhibit failed: GDBus.Error:org.freedesktop.DBus.Error.UnknownMethod: Method "Inhibit" with signature "susu" on interface "org.xfce.Session.Manager" doesn't exist


Thu Feb  6 09:56:34 2020
 XserverDesktop: Added unknown keysym 0x6cd to keycode 234
xfwm4-Message: 09:56:34.956: Unsupported keyboard modifier '<Super>Tab'

Thu Feb  6 09:58:05 2020
 XserverDesktop: Added unknown keysym 0x6fe to keycode 233
xfwm4-Message: 09:58:06.014: Unsupported keyboard modifier '<Super>Tab'

(gedit:59129): Gtk-WARNING **: 10:09:31.696: Calling org.xfce.Session.Manager.Inhibit failed: GDBus.Error:org.freedesktop.DBus.Error.UnknownMethod: Method "Inhibit" with signature "susu" on interface "org.xfce.Session.Manager" doesn't exist


(gedit:60387): Gtk-WARNING **: 10:15:04.105: Calling org.xfce.Session.Manager.Inhibit failed: GDBus.Error:org.freedesktop.DBus.Error.UnknownMethod: Method "Inhibit" with signature "susu" on interface "org.xfce.Session.Manager" doesn't exist


Thu Feb  6 10:16:06 2020
 XserverDesktop: Added unknown keysym 0x6ee to keycode 232
xfwm4-Message: 10:16:06.691: Unsupported keyboard modifier '<Super>Tab'

(Thunar:51988): Gdk-WARNING **: 10:21:08.848: gdk_window_set_icon_list: icons too large
Xlib:  extension "XINERAMA" missing on display ":17.0".
func=xmlSecCheckVersionExt:file=xmlsec.c:line=188:obj=unknown:subj=unknown:error=19:invalid version:mode=abi compatible;expected minor version=2;real minor version=2;expected subminor version=25;real subminor version=26

(gedit:61189): Gtk-WARNING **: 10:25:02.325: Calling org.xfce.Session.Manager.Inhibit failed: GDBus.Error:org.freedesktop.DBus.Error.UnknownMethod: Method "Inhibit" with signature "susu" on interface "org.xfce.Session.Manager" doesn't exist


(gedit:62613): Gtk-WARNING **: 10:27:31.835: Calling org.xfce.Session.Manager.Inhibit failed: GDBus.Error:org.freedesktop.DBus.Error.UnknownMethod: Method "Inhibit" with signature "susu" on interface "org.xfce.Session.Manager" doesn't exist


Thu Feb  6 10:37:36 2020
 XserverDesktop: Added unknown keysym 0x6ca to keycode 231
xfwm4-Message: 10:37:36.490: Unsupported keyboard modifier '<Super>Tab'

Thu Feb  6 10:37:38 2020
 XserverDesktop: Added unknown keysym 0x6d1 to keycode 230
xfwm4-Message: 10:37:38.520: Unsupported keyboard modifier '<Super>Tab'

Thu Feb  6 10:39:16 2020
 XserverDesktop: Added unknown keysym 0x1002116 to keycode 229
xfwm4-Message: 10:39:16.912: Unsupported keyboard modifier '<Super>Tab'

Thu Feb  6 10:39:17 2020
 XserverDesktop: Added unknown keysym 0x6db to keycode 228
xfwm4-Message: 10:39:17.388: Unsupported keyboard modifier '<Super>Tab'
 XserverDesktop: Added unknown keysym 0x6c7 to keycode 227
xfwm4-Message: 10:39:17.912: Unsupported keyboard modifier '<Super>Tab'

(Thunar:51988): Gdk-WARNING **: 10:49:02.650: gdk_window_set_icon_list: icons too large

(Thunar:51988): Gdk-WARNING **: 10:49:08.217: gdk_window_set_icon_list: icons too large
AUDIT: Thu Feb  6 10:50:04 2020: 51950 Xvnc4: client 20 rejected from local host
No protocol specified
Unable to init server: Could not connect: Connection refused
Cannot parse arguments: Cannot open display: 
AUDIT: Thu Feb  6 10:50:48 2020: 51950 Xvnc4: client 20 rejected from local host
No protocol specified
Unable to init server: Could not connect: Connection refused
Cannot parse arguments: Cannot open display: 

Thu Feb  6 10:51:26 2020
 Connections: closed: 0.0.0.0::49736 (read: Connection reset by peer (104))
 SMsgWriter:  framebuffer updates 10678
 SMsgWriter:    copyRect rects 4068, bytes 65088
 SMsgWriter:    hextile rects 37924, bytes 76713136
 SMsgWriter:    raw bytes equivalent 965327882, compression ratio 12.583606

** (xfdesktop:51990): WARNING **: 20:30:13.059: Attempt to remove icon 0x5612dd070770 from XfdesktopIconView 0x5612dd070190, but it's not in there.
/usr/share/system-config-printer/applet.py:45: PyGIWarning: Notify was imported without specifying a version first. Use gi.require_version('Notify', '0.7') before import to ensure that the right version gets loaded.
  from gi.repository import Notify
system-config-printer-applet: failed to start NewPrinterNotification service
system-config-printer-applet: failed to start PrinterDriversInstaller service: org.freedesktop.DBus.Error.AccessDenied: Connection ":1.939" is not allowed to own the service "com.redhat.PrinterDriversInstaller" due to security policies in the configuration file
/usr/share/system-config-printer/applet.py:358: Warning: Source ID 10 was not found when attempting to remove it
  GLib.source_remove (self.timer)
/usr/share/system-config-printer/applet.py:358: Warning: Source ID 14 was not found when attempting to remove it
  GLib.source_remove (self.timer)
/usr/share/system-config-printer/applet.py:358: Warning: Source ID 16 was not found when attempting to remove it
  GLib.source_remove (self.timer)
/usr/share/system-config-printer/applet.py:358: Warning: Source ID 17 was not found when attempting to remove it
  GLib.source_remove (self.timer)
/usr/share/system-config-printer/applet.py:358: Warning: Source ID 21 was not found when attempting to remove it
  GLib.source_remove (self.timer)
/usr/share/system-config-printer/applet.py:358: Warning: Source ID 23 was not found when attempting to remove it
  GLib.source_remove (self.timer)
/usr/share/system-config-printer/applet.py:358: Warning: Source ID 24 was not found when attempting to remove it
  GLib.source_remove (self.timer)
/usr/share/system-config-printer/applet.py:358: Warning: Source ID 28 was not found when attempting to remove it
  GLib.source_remove (self.timer)
/usr/share/system-config-printer/applet.py:358: Warning: Source ID 30 was not found when attempting to remove it
  GLib.source_remove (self.timer)
/usr/share/system-config-printer/applet.py:358: Warning: Source ID 31 was not found when attempting to remove it
  GLib.source_remove (self.timer)
/usr/share/system-config-printer/applet.py:358: Warning: Source ID 35 was not found when attempting to remove it
  GLib.source_remove (self.timer)
/usr/share/system-config-printer/applet.py:358: Warning: Source ID 37 was not found when attempting to remove it
  GLib.source_remove (self.timer)
/usr/share/system-config-printer/applet.py:358: Warning: Source ID 38 was not found when attempting to remove it
  GLib.source_remove (self.timer)
/usr/share/system-config-printer/applet.py:358: Warning: Source ID 42 was not found when attempting to remove it
  GLib.source_remove (self.timer)
/usr/share/system-config-printer/applet.py:358: Warning: Source ID 44 was not found when attempting to remove it
  GLib.source_remove (self.timer)
/usr/share/system-config-printer/applet.py:358: Warning: Source ID 45 was not found when attempting to remove it
  GLib.source_remove (self.timer)
/usr/share/system-config-printer/applet.py:358: Warning: Source ID 49 was not found when attempting to remove it
  GLib.source_remove (self.timer)
/usr/share/system-config-printer/applet.py:358: Warning: Source ID 51 was not found when attempting to remove it
  GLib.source_remove (self.timer)
/usr/share/system-config-printer/applet.py:358: Warning: Source ID 52 was not found when attempting to remove it
  GLib.source_remove (self.timer)
/usr/share/system-config-printer/applet.py:358: Warning: Source ID 56 was not found when attempting to remove it
  GLib.source_remove (self.timer)
/usr/share/system-config-printer/applet.py:358: Warning: Source ID 58 was not found when attempting to remove it
  GLib.source_remove (self.timer)
/usr/share/system-config-printer/applet.py:358: Warning: Source ID 59 was not found when attempting to remove it
  GLib.source_remove (self.timer)
/usr/share/system-config-printer/applet.py:358: Warning: Source ID 63 was not found when attempting to remove it
  GLib.source_remove (self.timer)
/usr/share/system-config-printer/applet.py:358: Warning: Source ID 65 was not found when attempting to remove it
  GLib.source_remove (self.timer)
/usr/share/system-config-printer/applet.py:358: Warning: Source ID 66 was not found when attempting to remove it
  GLib.source_remove (self.timer)
/usr/share/system-config-printer/applet.py:358: Warning: Source ID 70 was not found when attempting to remove it
  GLib.source_remove (self.timer)
/usr/share/system-config-printer/applet.py:358: Warning: Source ID 72 was not found when attempting to remove it
  GLib.source_remove (self.timer)
/usr/share/system-config-printer/applet.py:358: Warning: Source ID 73 was not found when attempting to remove it
  GLib.source_remove (self.timer)
/usr/share/system-config-printer/applet.py:358: Warning: Source ID 77 was not found when attempting to remove it
  GLib.source_remove (self.timer)
/usr/share/system-config-printer/applet.py:358: Warning: Source ID 79 was not found when attempting to remove it
  GLib.source_remove (self.timer)
/usr/share/system-config-printer/applet.py:358: Warning: Source ID 80 was not found when attempting to remove it
  GLib.source_remove (self.timer)
/usr/share/system-config-printer/applet.py:358: Warning: Source ID 84 was not found when attempting to remove it
  GLib.source_remove (self.timer)
/usr/share/system-config-printer/applet.py:358: Warning: Source ID 86 was not found when attempting to remove it
  GLib.source_remove (self.timer)
/usr/share/system-config-printer/applet.py:358: Warning: Source ID 87 was not found when attempting to remove it
  GLib.source_remove (self.timer)
/usr/share/system-config-printer/applet.py:358: Warning: Source ID 91 was not found when attempting to remove it
  GLib.source_remove (self.timer)
/usr/share/system-config-printer/applet.py:358: Warning: Source ID 93 was not found when attempting to remove it
  GLib.source_remove (self.timer)
/usr/share/system-config-printer/applet.py:358: Warning: Source ID 94 was not found when attempting to remove it
  GLib.source_remove (self.timer)
/usr/share/system-config-printer/applet.py:358: Warning: Source ID 98 was not found when attempting to remove it
  GLib.source_remove (self.timer)
/usr/share/system-config-printer/applet.py:358: Warning: Source ID 100 was not found when attempting to remove it
  GLib.source_remove (self.timer)
/usr/share/system-config-printer/applet.py:358: Warning: Source ID 101 was not found when attempting to remove it
  GLib.source_remove (self.timer)
/usr/share/system-config-printer/applet.py:358: Warning: Source ID 105 was not found when attempting to remove it
  GLib.source_remove (self.timer)
/usr/share/system-config-printer/applet.py:358: Warning: Source ID 106 was not found when attempting to remove it
  GLib.source_remove (self.timer)
/usr/share/system-config-printer/applet.py:358: Warning: Source ID 108 was not found when attempting to remove it
  GLib.source_remove (self.timer)
/usr/share/system-config-printer/applet.py:358: Warning: Source ID 109 was not found when attempting to remove it
  GLib.source_remove (self.timer)
/usr/share/system-config-printer/applet.py:358: Warning: Source ID 113 was not found when attempting to remove it
  GLib.source_remove (self.timer)
/usr/share/system-config-printer/applet.py:358: Warning: Source ID 115 was not found when attempting to remove it
  GLib.source_remove (self.timer)
/usr/share/system-config-printer/applet.py:358: Warning: Source ID 117 was not found when attempting to remove it
  GLib.source_remove (self.timer)
/usr/share/system-config-printer/applet.py:358: Warning: Source ID 118 was not found when attempting to remove it
  GLib.source_remove (self.timer)
/usr/share/system-config-printer/applet.py:358: Warning: Source ID 122 was not found when attempting to remove it
  GLib.source_remove (self.timer)
/usr/share/system-config-printer/applet.py:358: Warning: Source ID 124 was not found when attempting to remove it
  GLib.source_remove (self.timer)
/usr/share/system-config-printer/applet.py:358: Warning: Source ID 125 was not found when attempting to remove it
  GLib.source_remove (self.timer)
/usr/share/system-config-printer/applet.py:358: Warning: Source ID 129 was not found when attempting to remove it
  GLib.source_remove (self.timer)
xfce4-panel: Fatal IO error 11 (Resource temporarily unavailable) on X server :17.0.
Thunar: Fatal IO error 11 (Resource temporarily unavailable) on X server :17.0.
xfdesktop: Fatal IO error 11 (Resource temporarily unavailable) on X server :17.0.
wrapper-1.0: Fatal IO error 11 (Resource temporarily unavailable) on X server :17.0.
wrapper-1.0: Fatal IO error 11 (Resource temporarily unavailable) on X server :17.0.

(xfce4-panel:51986): libxfce4ui-WARNING **: 09:42:59.152: ICE I/O Error
xfwm4: Fatal IO error 11 (Resource temporarily unavailable) on X server :17.0.
