
Xvnc Free Edition 4.1.1 - built Jul 31 2015 19:10:31
Copyright (C) 2002-2005 RealVNC Ltd.
See http://www.realvnc.com for information on VNC.
Underlying X server release 40300000, The XFree86 Project, Inc


Fri Sep  6 11:32:11 2019
 vncext:      VNC extension running!
 vncext:      Listening for VNC connections on port 5918
 vncext:      created VNC server for screen 0
error opening security policy file /etc/X11/xserver/SecurityPolicy
Could not init font path element /usr/X11R6/lib/X11/fonts/Type1/, removing from list!
Could not init font path element /usr/X11R6/lib/X11/fonts/Speedo/, removing from list!
Could not init font path element /usr/X11R6/lib/X11/fonts/misc/, removing from list!
Could not init font path element /usr/X11R6/lib/X11/fonts/75dpi/, removing from list!
Could not init font path element /usr/X11R6/lib/X11/fonts/100dpi/, removing from list!
Could not init font path element /usr/share/fonts/X11/75dpi/, removing from list!
Could not init font path element /usr/share/fonts/X11/100dpi/, removing from list!
Option "--login" is no longer supported in this version of gnome-terminal; you might want to create a profile with the desired setting, and use the new '--profile' option

(x-window-manager:12537): xfwm4-WARNING **: The display does not support the XRender extension.

(x-window-manager:12537): xfwm4-WARNING **: The display does not support the XComposite extension.

(x-window-manager:12537): xfwm4-WARNING **: The display does not support the XDamage extension.

(x-window-manager:12537): xfwm4-WARNING **: The display does not support the XFixes extension.

(x-window-manager:12537): xfwm4-WARNING **: Compositing manager disabled.

(gnome-terminal:12536): GLib-GIO-CRITICAL **: g_settings_get: the format string may not contain '&' (key 'monospace-font-name' from schema 'org.gnome.desktop.interface'). This call will probably stop working with a future version of glib.

(x-window-manager:12537): GLib-CRITICAL **: g_str_has_prefix: assertion 'prefix != NULL' failed

(x-window-manager:12537): xfwm4-WARNING **: The property '/general/double_click_distance' of type int is not supported

(gnome-terminal:12536): Vte-2.90-WARNING **: Unable to convert characters from текущая to X-VTE-GUNICHAR.
Unhandled value type TerminalEncoding of pspec encoding

(x-window-manager:12537): xfwm4-WARNING **: Failed to connect to session manager: Не удалось подключиться к менеджеру сеансов: SESSION_MANAGER environment variable not defined

Fri Sep  6 11:33:16 2019
 Connections: accepted: 0.0.0.0::50297
 SConnection: Client needs protocol version 3.8
 SConnection: Client requests security type VncAuth(2)

Fri Sep  6 11:33:24 2019
 VNCSConnST:  Server default pixel format depth 16 (16bpp) little-endian rgb565
 VNCSConnST:  Client pixel format depth 16 (16bpp) little-endian rgb565

Fri Sep  6 11:35:51 2019
 XserverDesktop: Added unknown keysym 0x6f2 to keycode 255
 XserverDesktop: Added unknown keysym 0xf3 to keycode 254
 XserverDesktop: Added unknown keysym 0x6c4 to keycode 253

Fri Sep  6 11:35:52 2019
 XserverDesktop: Added unknown keysym 0x6dd to keycode 252

Fri Sep  6 11:48:46 2019
 XserverDesktop: Added unknown keysym 0x6eb to keycode 251

Fri Sep  6 11:48:47 2019
 XserverDesktop: Added unknown keysym 0x6c1 to keycode 250

Fri Sep  6 11:48:53 2019
 XserverDesktop: Added unknown keysym 0x6f7 to keycode 249
 XserverDesktop: Added unknown keysym 0x6d3 to keycode 248

Fri Sep  6 11:48:54 2019
 XserverDesktop: Added unknown keysym 0x6da to keycode 247
 XserverDesktop: Added unknown keysym 0x6cf to keycode 246
 XserverDesktop: Added unknown keysym 0x6d4 to keycode 245

Fri Sep  6 11:49:05 2019
 XserverDesktop: Added unknown keysym 0x6cd to keycode 244

Fri Sep  6 11:49:18 2019
 XserverDesktop: Added unknown keysym 0x6db to keycode 243
 XserverDesktop: Added unknown keysym 0x6c9 to keycode 242
 XserverDesktop: Added unknown keysym 0x6c5 to keycode 241

Fri Sep  6 11:49:55 2019
 XserverDesktop: Added unknown keysym 0x6f0 to keycode 240

Fri Sep  6 11:50:02 2019
 XserverDesktop: Added unknown keysym 0x6c2 to keycode 239

Fri Sep  6 11:50:03 2019
 XserverDesktop: Added unknown keysym 0x6c0 to keycode 238

Fri Sep  6 11:50:18 2019
 XserverDesktop: Added unknown keysym 0x6c6 to keycode 237
 XserverDesktop: Added unknown keysym 0x6d8 to keycode 236

Fri Sep  6 11:52:56 2019
 XserverDesktop: Added unknown keysym 0x6cc to keycode 235

Fri Sep  6 11:52:57 2019
 XserverDesktop: Added unknown keysym 0x6ca to keycode 234

Fri Sep  6 11:56:18 2019
 XserverDesktop: Added unknown keysym 0x6d1 to keycode 233

Fri Sep  6 11:57:03 2019
 XserverDesktop: Added unknown keysym 0x6fe to keycode 232

Fri Sep  6 12:00:34 2019
 XserverDesktop: Added unknown keysym 0x6ee to keycode 231

Fri Sep  6 12:00:39 2019
 XserverDesktop: Added unknown keysym 0x6d9 to keycode 230

Fri Sep  6 12:37:51 2019
 Connections: closed: 0.0.0.0::50297 (read: Connection reset by peer (104))
 SMsgWriter:  framebuffer updates 9462
 SMsgWriter:    copyRect rects 7179, bytes 114864
 SMsgWriter:    hextile rects 85641, bytes 112013423
 SMsgWriter:    raw bytes equivalent 1037752684, compression ratio 9.264539
