
Xvnc Free Edition 4.1.1 - built Feb 25 2015 23:02:21
Copyright (C) 2002-2005 RealVNC Ltd.
See http://www.realvnc.com for information on VNC.
Underlying X server release 40300000, The XFree86 Project, Inc


Fri Oct 11 11:24:20 2019
 vncext:      VNC extension running!
 vncext:      Listening for VNC connections on port 5924
 vncext:      created VNC server for screen 0
error opening security policy file /etc/X11/xserver/SecurityPolicy
Could not init font path element /usr/X11R6/lib/X11/fonts/Type1/, removing from list!
Could not init font path element /usr/X11R6/lib/X11/fonts/Speedo/, removing from list!
Could not init font path element /usr/X11R6/lib/X11/fonts/misc/, removing from list!
Could not init font path element /usr/X11R6/lib/X11/fonts/75dpi/, removing from list!
Could not init font path element /usr/X11R6/lib/X11/fonts/100dpi/, removing from list!
Could not init font path element /usr/share/fonts/X11/75dpi/, removing from list!
Could not init font path element /usr/share/fonts/X11/100dpi/, removing from list!

(x-window-manager:14358): xfwm4-WARNING **: 11:24:23.624: The display does not support the XRender extension.

(x-window-manager:14358): xfwm4-WARNING **: 11:24:23.624: The display does not support the XComposite extension.

(x-window-manager:14358): xfwm4-WARNING **: 11:24:23.624: The display does not support the XDamage extension.

(x-window-manager:14358): xfwm4-WARNING **: 11:24:23.624: The display does not support the XFixes extension.

(x-window-manager:14358): xfwm4-WARNING **: 11:24:23.624: Compositing manager disabled.
xfwm4-Message: 11:24:23.707: Unsupported keyboard modifier '<Super>Tab'

(x-window-manager:14358): xfwm4-WARNING **: 11:24:23.722: Failed to connect to session manager: Failed to connect to the session manager: SESSION_MANAGER environment variable not defined
Failed to connect to session manager: Failed to connect to the session manager: SESSION_MANAGER environment variable not defined

Fri Oct 11 11:24:29 2019
 Connections: accepted: 0.0.0.0::50009
 SConnection: Client needs protocol version 3.8
 SConnection: Client requests security type VncAuth(2)

Fri Oct 11 11:24:32 2019
 VNCSConnST:  Server default pixel format depth 16 (16bpp) little-endian rgb565
 VNCSConnST:  Client pixel format depth 16 (16bpp) little-endian rgb565
 VNCSConnST:  Client pixel format depth 16 (16bpp) little-endian rgb565
AUDIT: Fri Oct 11 11:30:13 2019: 14314 Xvnc4: client 11 rejected from local host
AUDIT: Fri Oct 11 11:30:37 2019: 14314 Xvnc4: client 11 rejected from local host
AUDIT: Fri Oct 11 11:30:38 2019: 14314 Xvnc4: client 11 rejected from local host
AUDIT: Fri Oct 11 11:31:11 2019: 14314 Xvnc4: client 11 rejected from local host

Fri Oct 11 11:53:03 2019
 XserverDesktop: Added unknown keysym 0x6d7 to keycode 255
xfwm4-Message: 11:53:03.727: Unsupported keyboard modifier '<Super>Tab'
 XserverDesktop: Added unknown keysym 0x6d3 to keycode 254

Fri Oct 11 11:53:04 2019
 XserverDesktop: Added unknown keysym 0x6d4 to keycode 253
xfwm4-Message: 11:53:04.302: Unsupported keyboard modifier '<Super>Tab'
 XserverDesktop: Added unknown keysym 0x6d2 to keycode 252
 XserverDesktop: Added unknown keysym 0x6c5 to keycode 251
xfwm4-Message: 11:53:04.823: Unsupported keyboard modifier '<Super>Tab'

Fri Oct 11 11:53:05 2019
 XserverDesktop: Added unknown keysym 0x6de to keycode 250
 XserverDesktop: Added unknown keysym 0x6c1 to keycode 249
xfwm4-Message: 11:53:05.534: Unsupported keyboard modifier '<Super>Tab'

Fri Oct 11 11:53:06 2019
 XserverDesktop: Added unknown keysym 0x6d1 to keycode 248
xfwm4-Message: 11:53:06.622: Unsupported keyboard modifier '<Super>Tab'

Fri Oct 11 11:56:27 2019
 XserverDesktop: Added unknown keysym 0x6cd to keycode 247
xfwm4-Message: 11:56:27.748: Unsupported keyboard modifier '<Super>Tab'

Fri Oct 11 11:56:35 2019
 XserverDesktop: Added unknown keysym 0x6ce to keycode 246
xfwm4-Message: 11:56:35.917: Unsupported keyboard modifier '<Super>Tab'

Fri Oct 11 12:10:57 2019
 XserverDesktop: Added unknown keysym 0x6d0 to keycode 245
 XserverDesktop: Added unknown keysym 0x6c9 to keycode 244
xfwm4-Message: 12:10:58.020: Unsupported keyboard modifier '<Super>Tab'

Fri Oct 11 12:44:27 2019
 Connections: closed: 0.0.0.0::50009 (Clean disconnection)
 SMsgWriter:  framebuffer updates 14583
 SMsgWriter:    copyRect rects 4760, bytes 76160
 SMsgWriter:    hextile rects 2, bytes 30675
 SMsgWriter:    ZRLE rects 46877, bytes 35672754
 SMsgWriter:    raw bytes equivalent 1092050122, compression ratio 30.586701
x-window-manager: Fatal IO error 4 (Interrupted system call) on X server :24.
