
Xvnc Free Edition 4.1.1 - built Feb 25 2015 23:02:21
Copyright (C) 2002-2005 RealVNC Ltd.
See http://www.realvnc.com for information on VNC.
Underlying X server release 40300000, The XFree86 Project, Inc


Fri Sep 13 08:29:35 2019
 vncext:      VNC extension running!
 vncext:      Listening for VNC connections on port 5926
 vncext:      created VNC server for screen 0
error opening security policy file /etc/X11/xserver/SecurityPolicy
Could not init font path element /usr/X11R6/lib/X11/fonts/Type1/, removing from list!
Could not init font path element /usr/X11R6/lib/X11/fonts/Speedo/, removing from list!
Could not init font path element /usr/X11R6/lib/X11/fonts/misc/, removing from list!
Could not init font path element /usr/X11R6/lib/X11/fonts/75dpi/, removing from list!
Could not init font path element /usr/X11R6/lib/X11/fonts/100dpi/, removing from list!
Could not init font path element /usr/share/fonts/X11/75dpi/, removing from list!
Could not init font path element /usr/share/fonts/X11/100dpi/, removing from list!

(x-window-manager:54087): xfwm4-WARNING **: 08:29:38.310: The display does not support the XRender extension.

(x-window-manager:54087): xfwm4-WARNING **: 08:29:38.311: The display does not support the XComposite extension.

(x-window-manager:54087): xfwm4-WARNING **: 08:29:38.311: The display does not support the XDamage extension.

(x-window-manager:54087): xfwm4-WARNING **: 08:29:38.311: The display does not support the XFixes extension.

(x-window-manager:54087): xfwm4-WARNING **: 08:29:38.311: Compositing manager disabled.
xfwm4-Message: 08:29:38.354: Unsupported keyboard modifier '<Super>Tab'

(x-window-manager:54087): xfwm4-WARNING **: 08:29:38.368: Failed to connect to session manager: Failed to connect to the session manager: SESSION_MANAGER environment variable not defined
Failed to connect to session manager: Failed to connect to the session manager: SESSION_MANAGER environment variable not defined

Fri Sep 13 08:29:45 2019
 Connections: accepted: 0.0.0.0::50328
 SConnection: Client needs protocol version 3.8
 SConnection: Client requests security type VncAuth(2)

Fri Sep 13 08:29:49 2019
 VNCSConnST:  Server default pixel format depth 16 (16bpp) little-endian rgb565
 VNCSConnST:  Client pixel format depth 16 (16bpp) little-endian rgb565

Fri Sep 13 08:37:09 2019
 Connections: closed: 0.0.0.0::50328 (Clean disconnection)
 SMsgWriter:  framebuffer updates 1056
 SMsgWriter:    hextile rects 3624, bytes 6252422
 SMsgWriter:    raw bytes equivalent 101343788, compression ratio 16.208725

Fri Sep 13 08:37:13 2019
 Connections: accepted: 0.0.0.0::50381
 SConnection: Client needs protocol version 3.8
 SConnection: Client requests security type VncAuth(2)

Fri Sep 13 08:37:17 2019
 VNCSConnST:  Server default pixel format depth 16 (16bpp) little-endian rgb565
 VNCSConnST:  Client pixel format depth 16 (16bpp) little-endian rgb565
 VNCSConnST:  Client pixel format depth 16 (16bpp) little-endian rgb565

Fri Sep 13 08:37:20 2019
 Connections: closed: 0.0.0.0::50381 (Clean disconnection)
 SMsgWriter:  framebuffer updates 2
 SMsgWriter:    hextile rects 2, bytes 8298
 SMsgWriter:    ZRLE rects 1, bytes 158
 SMsgWriter:    raw bytes equivalent 8294756, compression ratio 980.931410

Fri Sep 13 08:37:23 2019
 Connections: accepted: 0.0.0.0::50383
 SConnection: Client needs protocol version 3.8
 SConnection: Client requests security type VncAuth(2)

Fri Sep 13 08:37:30 2019
 SConnection: AuthFailureException: Authentication failure
 Connections: closed: 0.0.0.0::50383 (Authentication failure)
x-window-manager: Fatal IO error 4 (Interrupted system call) on X server :26.
