
Xvnc Free Edition 4.1.1 - built Feb 25 2015 23:02:21
Copyright (C) 2002-2005 RealVNC Ltd.
See http://www.realvnc.com for information on VNC.
Underlying X server release 40300000, The XFree86 Project, Inc


Fri Nov 22 11:19:38 2019
 vncext:      VNC extension running!
 vncext:      Listening for VNC connections on port 5901
 vncext:      created VNC server for screen 0
error opening security policy file /etc/X11/xserver/SecurityPolicy
Could not init font path element /usr/X11R6/lib/X11/fonts/Type1/, removing from list!
Could not init font path element /usr/X11R6/lib/X11/fonts/Speedo/, removing from list!
Could not init font path element /usr/X11R6/lib/X11/fonts/misc/, removing from list!
Could not init font path element /usr/X11R6/lib/X11/fonts/75dpi/, removing from list!
Could not init font path element /usr/X11R6/lib/X11/fonts/100dpi/, removing from list!
Could not init font path element /usr/share/fonts/X11/75dpi/, removing from list!
Could not init font path element /usr/share/fonts/X11/100dpi/, removing from list!
xrdb: No such file or directory
xrdb: can't open file '/home/is28/maznicyn28/.Xresources'
/usr/bin/startxfce4: X server already running on display :1
gpg-agent[3053]: WARNING: "--write-env-file" is an obsolete option - it has no effect
gpg-agent: a gpg-agent is already running - not starting a new one

(xfce4-session:3043): xfce4-session-WARNING **: 11:19:41.499: gpg-agent returned no PID in the variables

(xfce4-session:3043): xfce4-session-WARNING **: 11:19:41.501: xfsm_manager_load_session: Something wrong with /home/is28/maznicyn28/.cache/sessions/xfce4-session-virt-1:1, Does it exist? Permissions issue?

(xfwm4:3057): xfwm4-WARNING **: 11:19:41.786: The display does not support the XRender extension.

(xfwm4:3057): xfwm4-WARNING **: 11:19:41.786: The display does not support the XComposite extension.

(xfwm4:3057): xfwm4-WARNING **: 11:19:41.786: The display does not support the XDamage extension.

(xfwm4:3057): xfwm4-WARNING **: 11:19:41.786: The display does not support the XFixes extension.

(xfwm4:3057): xfwm4-WARNING **: 11:19:41.786: Compositing manager disabled.

** (light-locker:3069): ERROR **: 11:19:41.789: Environment variable XDG_SESSION_PATH not set. Is LightDM running?

(polkit-gnome-authentication-agent-1:3087): GLib-CRITICAL **: 11:19:41.852: g_variant_new_string: assertion 'string != NULL' failed

(polkit-gnome-authentication-agent-1:3087): polkit-gnome-1-WARNING **: 11:19:41.853: Failed to register client: GDBus.Error:org.freedesktop.DBus.Error.ServiceUnknown: The name org.gnome.SessionManager was not provided by any .service files
xfwm4-Message: 11:19:42.685: Unsupported keyboard modifier '<Super>Tab'

(xfsettingsd:3068): xfsettingsd-CRITICAL **: 11:19:43.920: RANDR extension is too old, version 1.1. Display settings won't be applied.
Xlib:  extension "XInputExtension" missing on display ":1.0".

(xfsettingsd:3068): xfsettingsd-CRITICAL **: 11:19:43.921: XI is not present.

(xfsettingsd:3068): xfsettingsd-CRITICAL **: 11:19:43.921: Failed to initialize the Xkb extension.

(xfsettingsd:3068): xfsettingsd-CRITICAL **: 11:19:43.921: Failed to initialize the Accessibility extension.

(nm-applet:3206): Gtk-WARNING **: 11:19:43.986: Can't set a parent on widget which has a parent
xfwm4-Message: 11:19:44.175: Unsupported keyboard modifier '<Super>Tab'

(nm-applet:3206): Gdk-CRITICAL **: 11:19:44.628: gdk_window_thaw_toplevel_updates: assertion 'window->update_and_descendants_freeze_count > 0' failed
(uint32 1,)

Fri Nov 22 11:19:51 2019
 Connections: accepted: 0.0.0.0::50144
 SConnection: Client needs protocol version 3.8
 SConnection: Client requests security type VncAuth(2)

Fri Nov 22 11:19:55 2019
 VNCSConnST:  Server default pixel format depth 16 (16bpp) little-endian rgb565
 VNCSConnST:  Client pixel format depth 16 (16bpp) little-endian rgb565
/usr/lib/python3/dist-packages/blueman/plugins/applet/AppIndicator.py:8: PyGIWarning: AppIndicator3 was imported without specifying a version first. Use gi.require_version('AppIndicator3', '0.1') before import to ensure that the right version gets loaded.
  from gi.repository import AppIndicator3 as girAppIndicator
ERROR:dbus.proxies:Introspect error on org.bluez:/org/bluez: dbus.exceptions.DBusException: org.freedesktop.DBus.Error.AccessDenied: Rejected send message, 2 matched rules; type="method_call", sender=":1.328" (uid=1278 pid=3177 comm="/usr/bin/python3 /usr/bin/blueman-applet " label="unconfined") interface="org.freedesktop.DBus.Introspectable" member="Introspect" error name="(unset)" requested_reply="0" destination="org.bluez" (bus)
ERROR:dbus.proxies:Introspect error on org.bluez:/: dbus.exceptions.DBusException: org.freedesktop.DBus.Error.AccessDenied: Rejected send message, 2 matched rules; type="method_call", sender=":1.328" (uid=1278 pid=3177 comm="/usr/bin/python3 /usr/bin/blueman-applet " label="unconfined") interface="org.freedesktop.DBus.Introspectable" member="Introspect" error name="(unset)" requested_reply="0" destination="org.bluez" (bus)
ERROR:dbus.proxies:Introspect error on org.bluez:/: dbus.exceptions.DBusException: org.freedesktop.DBus.Error.AccessDenied: Rejected send message, 2 matched rules; type="method_call", sender=":1.328" (uid=1278 pid=3177 comm="/usr/bin/python3 /usr/bin/blueman-applet " label="unconfined") interface="org.freedesktop.DBus.Introspectable" member="Introspect" error name="(unset)" requested_reply="0" destination="org.bluez" (bus)

(wrapper-1.0:3230): Gdk-WARNING **: 11:20:10.042: /build/gtk+2.0-AoeliP/gtk+2.0-2.24.32/gdk/x11/gdkdrawable-x11.c:952 drawable is not a pixmap or window

(Thunar:3063): Gdk-WARNING **: 11:22:07.170: gdk_window_set_icon_list: icons too large
Xlib:  extension "XINERAMA" missing on display ":1.0".
func=xmlSecCheckVersionExt:file=xmlsec.c:line=188:obj=unknown:subj=unknown:error=19:invalid version:mode=abi compatible;expected minor version=2;real minor version=2;expected subminor version=25;real subminor version=26

Fri Nov 22 11:26:14 2019
 Connections: accepted: 0.0.0.0::49296
 SConnection: Client needs protocol version 3.8
 SConnection: Client requests security type VncAuth(2)

Fri Nov 22 11:26:18 2019
 SConnection: AuthFailureException: Authentication failure
 Connections: closed: 0.0.0.0::49296 (Authentication failure)
[Parent 3720, Gecko_IOThread] WARNING: pipe error (56): Connection reset by peer: file /build/firefox-clezVp/firefox-70.0.1+build1/ipc/chromium/src/chrome/common/ipc_channel_posix.cc, line 358
[Parent 3720, Gecko_IOThread] WARNING: pipe error (110): Connection reset by peer: file /build/firefox-clezVp/firefox-70.0.1+build1/ipc/chromium/src/chrome/common/ipc_channel_posix.cc, line 358

(xfce4-session:3043): Gtk-CRITICAL **: 12:46:03.681: IA__gtk_widget_set_visible: assertion 'GTK_IS_WIDGET (widget)' failed

(xfsettingsd:3068): xfconf-CRITICAL **: 12:46:06.341: IA__xfconf_channel_set_bool: assertion 'XFCONF_IS_CHANNEL(channel) && property' failed

(polkit-gnome-authentication-agent-1:3087): polkit-gnome-1-WARNING **: 12:46:06.357: Couldn't open user icon: Failed to open file '/home/adom/.face': No such file or directory

(polkit-gnome-authentication-agent-1:3087): polkit-gnome-1-WARNING **: 12:46:06.375: Couldn't open user icon: Failed to open file '/home/test/.face': No such file or directory
Gtk-Message: 12:46:06.401: GtkDialog mapped without a transient parent. This is discouraged.

(xfce4-session:3043): xfce4-session-WARNING **: 12:46:08.756: Failed to shutdown/restart: Error not set

(xfce4-session:3043): GLib-GObject-CRITICAL **: 12:46:08.756: g_object_unref: assertion 'G_IS_OBJECT (object)' failed

Fri Nov 22 12:46:17 2019
 Connections: closed: 0.0.0.0::50144 (read: Connection reset by peer (104))
 SMsgWriter:  framebuffer updates 17488
 SMsgWriter:    copyRect rects 2670, bytes 42720
 SMsgWriter:    hextile rects 98148, bytes 193040103
 SMsgWriter:    raw bytes equivalent 1728521948, compression ratio 8.954212
