
Xvnc Free Edition 4.1.1 - built Feb 25 2015 23:02:21
Copyright (C) 2002-2005 RealVNC Ltd.
See http://www.realvnc.com for information on VNC.
Underlying X server release 40300000, The XFree86 Project, Inc


Wed Nov 27 11:26:53 2019
 vncext:      VNC extension running!
 vncext:      Listening for VNC connections on port 5918
 vncext:      created VNC server for screen 0
error opening security policy file /etc/X11/xserver/SecurityPolicy
Could not init font path element /usr/X11R6/lib/X11/fonts/Type1/, removing from list!
Could not init font path element /usr/X11R6/lib/X11/fonts/Speedo/, removing from list!
Could not init font path element /usr/X11R6/lib/X11/fonts/misc/, removing from list!
Could not init font path element /usr/X11R6/lib/X11/fonts/75dpi/, removing from list!
Could not init font path element /usr/X11R6/lib/X11/fonts/100dpi/, removing from list!
Could not init font path element /usr/share/fonts/X11/75dpi/, removing from list!
Could not init font path element /usr/share/fonts/X11/100dpi/, removing from list!
xrdb: No such file or directory
xrdb: can't open file '/home/is28/maznicyn28/.Xresources'
/usr/bin/startxfce4: X server already running on display :18
gpg-agent[48407]: WARNING: "--write-env-file" is an obsolete option - it has no effect
gpg-agent: a gpg-agent is already running - not starting a new one

(xfce4-session:48397): xfce4-session-WARNING **: 11:26:56.444: gpg-agent returned no PID in the variables

(xfce4-session:48397): xfce4-session-WARNING **: 11:26:56.445: xfsm_manager_load_session: Something wrong with /home/is28/maznicyn28/.cache/sessions/xfce4-session-virt-1:18, Does it exist? Permissions issue?

(xfwm4:48411): xfwm4-WARNING **: 11:26:56.473: The display does not support the XRender extension.

(xfwm4:48411): xfwm4-WARNING **: 11:26:56.473: The display does not support the XComposite extension.

(xfwm4:48411): xfwm4-WARNING **: 11:26:56.473: The display does not support the XDamage extension.

(xfwm4:48411): xfwm4-WARNING **: 11:26:56.473: The display does not support the XFixes extension.

(xfwm4:48411): xfwm4-WARNING **: 11:26:56.473: Compositing manager disabled.

(xfsettingsd:48420): xfsettingsd-CRITICAL **: 11:26:56.527: RANDR extension is too old, version 1.1. Display settings won't be applied.
Xlib:  extension "XInputExtension" missing on display ":18.0".

(xfsettingsd:48420): xfsettingsd-CRITICAL **: 11:26:56.528: XI is not present.

(xfsettingsd:48420): xfsettingsd-CRITICAL **: 11:26:56.528: Failed to initialize the Xkb extension.

(xfsettingsd:48420): xfsettingsd-CRITICAL **: 11:26:56.528: Failed to initialize the Accessibility extension.
(uint32 1,)

** (light-locker:48421): ERROR **: 11:26:56.573: Environment variable XDG_SESSION_PATH not set. Is LightDM running?
xfwm4-Message: 11:26:56.585: Unsupported keyboard modifier '<Super>Tab'

(polkit-gnome-authentication-agent-1:48423): GLib-CRITICAL **: 11:26:56.606: g_variant_new_string: assertion 'string != NULL' failed

(polkit-gnome-authentication-agent-1:48423): polkit-gnome-1-WARNING **: 11:26:56.613: Failed to register client: GDBus.Error:org.freedesktop.DBus.Error.ServiceUnknown: The name org.gnome.SessionManager was not provided by any .service files
xfwm4-Message: 11:26:56.683: Unsupported keyboard modifier '<Super>Tab'

(nm-applet:48461): Gtk-WARNING **: 11:26:57.043: Can't set a parent on widget which has a parent

(nm-applet:48461): Gdk-CRITICAL **: 11:26:57.189: gdk_window_thaw_toplevel_updates: assertion 'window->update_and_descendants_freeze_count > 0' failed
/usr/lib/python3/dist-packages/blueman/plugins/applet/AppIndicator.py:8: PyGIWarning: AppIndicator3 was imported without specifying a version first. Use gi.require_version('AppIndicator3', '0.1') before import to ensure that the right version gets loaded.
  from gi.repository import AppIndicator3 as girAppIndicator
ERROR:dbus.proxies:Introspect error on org.bluez:/org/bluez: dbus.exceptions.DBusException: org.freedesktop.DBus.Error.AccessDenied: Rejected send message, 2 matched rules; type="method_call", sender=":1.1917" (uid=1278 pid=48455 comm="/usr/bin/python3 /usr/bin/blueman-applet " label="unconfined") interface="org.freedesktop.DBus.Introspectable" member="Introspect" error name="(unset)" requested_reply="0" destination="org.bluez" (bus)
ERROR:dbus.proxies:Introspect error on org.bluez:/: dbus.exceptions.DBusException: org.freedesktop.DBus.Error.AccessDenied: Rejected send message, 2 matched rules; type="method_call", sender=":1.1917" (uid=1278 pid=48455 comm="/usr/bin/python3 /usr/bin/blueman-applet " label="unconfined") interface="org.freedesktop.DBus.Introspectable" member="Introspect" error name="(unset)" requested_reply="0" destination="org.bluez" (bus)
ERROR:dbus.proxies:Introspect error on org.bluez:/: dbus.exceptions.DBusException: org.freedesktop.DBus.Error.AccessDenied: Rejected send message, 2 matched rules; type="method_call", sender=":1.1917" (uid=1278 pid=48455 comm="/usr/bin/python3 /usr/bin/blueman-applet " label="unconfined") interface="org.freedesktop.DBus.Introspectable" member="Introspect" error name="(unset)" requested_reply="0" destination="org.bluez" (bus)

Wed Nov 27 11:27:15 2019
 Connections: accepted: 0.0.0.0::50002
 SConnection: Client needs protocol version 3.8
 SConnection: Client requests security type VncAuth(2)

Wed Nov 27 11:27:19 2019
 SConnection: AuthFailureException: Authentication failure
 Connections: closed: 0.0.0.0::50002 (Authentication failure)

Wed Nov 27 11:27:23 2019
 Connections: accepted: 0.0.0.0::50003
 SConnection: Client needs protocol version 3.8
 SConnection: Client requests security type VncAuth(2)

Wed Nov 27 11:27:27 2019
 VNCSConnST:  Server default pixel format depth 16 (16bpp) little-endian rgb565

Wed Nov 27 11:27:28 2019
 VNCSConnST:  Client pixel format depth 16 (16bpp) little-endian rgb565

(Thunar:48417): Gdk-WARNING **: 11:38:05.868: gdk_window_set_icon_list: icons too large
Xlib:  extension "XINERAMA" missing on display ":18.0".
func=xmlSecCheckVersionExt:file=xmlsec.c:line=188:obj=unknown:subj=unknown:error=19:invalid version:mode=abi compatible;expected minor version=2;real minor version=2;expected subminor version=25;real subminor version=26
