
Xvnc Free Edition 4.1.1 - built Feb 25 2015 23:02:21
Copyright (C) 2002-2005 RealVNC Ltd.
See http://www.realvnc.com for information on VNC.
Underlying X server release 40300000, The XFree86 Project, Inc


Fri Nov  8 11:22:19 2019
 vncext:      VNC extension running!
 vncext:      Listening for VNC connections on port 5915
 vncext:      created VNC server for screen 0
error opening security policy file /etc/X11/xserver/SecurityPolicy
Could not init font path element /usr/X11R6/lib/X11/fonts/Type1/, removing from list!
Could not init font path element /usr/X11R6/lib/X11/fonts/Speedo/, removing from list!
Could not init font path element /usr/X11R6/lib/X11/fonts/misc/, removing from list!
Could not init font path element /usr/X11R6/lib/X11/fonts/75dpi/, removing from list!
Could not init font path element /usr/X11R6/lib/X11/fonts/100dpi/, removing from list!
Could not init font path element /usr/share/fonts/X11/75dpi/, removing from list!
Could not init font path element /usr/share/fonts/X11/100dpi/, removing from list!
xrdb: No such file or directory
xrdb: can't open file '/home/is28/maznicyn28/.Xresources'
/usr/bin/startxfce4: X server already running on display :15
gpg-agent[59105]: WARNING: "--write-env-file" is an obsolete option - it has no effect
gpg-agent: a gpg-agent is already running - not starting a new one

(xfce4-session:59095): xfce4-session-WARNING **: 11:22:22.788: gpg-agent returned no PID in the variables

(xfce4-session:59095): xfce4-session-WARNING **: 11:22:22.790: xfsm_manager_load_session: Something wrong with /home/is28/maznicyn28/.cache/sessions/xfce4-session-virt-1:15, Does it exist? Permissions issue?

(xfwm4:59109): xfwm4-WARNING **: 11:22:22.820: The display does not support the XRender extension.

(xfwm4:59109): xfwm4-WARNING **: 11:22:22.820: The display does not support the XComposite extension.

(xfwm4:59109): xfwm4-WARNING **: 11:22:22.820: The display does not support the XDamage extension.

(xfwm4:59109): xfwm4-WARNING **: 11:22:22.820: The display does not support the XFixes extension.

(xfwm4:59109): xfwm4-WARNING **: 11:22:22.820: Compositing manager disabled.

** (light-locker:59119): ERROR **: 11:22:22.874: Environment variable XDG_SESSION_PATH not set. Is LightDM running?
(uint32 1,)

(polkit-gnome-authentication-agent-1:59121): GLib-CRITICAL **: 11:22:22.906: g_variant_new_string: assertion 'string != NULL' failed

(polkit-gnome-authentication-agent-1:59121): polkit-gnome-1-WARNING **: 11:22:22.907: Failed to register client: GDBus.Error:org.freedesktop.DBus.Error.ServiceUnknown: The name org.gnome.SessionManager was not provided by any .service files
xfwm4-Message: 11:22:22.913: Unsupported keyboard modifier '<Super>Tab'

(xfsettingsd:59118): xfsettingsd-CRITICAL **: 11:22:22.981: RANDR extension is too old, version 1.1. Display settings won't be applied.
Xlib:  extension "XInputExtension" missing on display ":15.0".

(xfsettingsd:59118): xfsettingsd-CRITICAL **: 11:22:22.982: XI is not present.

(xfsettingsd:59118): xfsettingsd-CRITICAL **: 11:22:22.983: Failed to initialize the Xkb extension.

(xfsettingsd:59118): xfsettingsd-CRITICAL **: 11:22:22.984: Failed to initialize the Accessibility extension.
xfwm4-Message: 11:22:23.066: Unsupported keyboard modifier '<Super>Tab'

(nm-applet:59226): Gtk-WARNING **: 11:22:23.250: Can't set a parent on widget which has a parent

(nm-applet:59226): Gdk-CRITICAL **: 11:22:23.392: gdk_window_thaw_toplevel_updates: assertion 'window->update_and_descendants_freeze_count > 0' failed

Fri Nov  8 11:22:38 2019
 Connections: accepted: 0.0.0.0::50168
 SConnection: Client needs protocol version 3.8
 SConnection: Client requests security type VncAuth(2)

Fri Nov  8 11:22:41 2019
 VNCSConnST:  Server default pixel format depth 16 (16bpp) little-endian rgb565
 VNCSConnST:  Client pixel format depth 16 (16bpp) little-endian rgb565
/usr/lib/python3/dist-packages/blueman/plugins/applet/AppIndicator.py:8: PyGIWarning: AppIndicator3 was imported without specifying a version first. Use gi.require_version('AppIndicator3', '0.1') before import to ensure that the right version gets loaded.
  from gi.repository import AppIndicator3 as girAppIndicator
ERROR:dbus.proxies:Introspect error on org.bluez:/org/bluez: dbus.exceptions.DBusException: org.freedesktop.DBus.Error.AccessDenied: Rejected send message, 2 matched rules; type="method_call", sender=":1.2252" (uid=1278 pid=59222 comm="/usr/bin/python3 /usr/bin/blueman-applet " label="unconfined") interface="org.freedesktop.DBus.Introspectable" member="Introspect" error name="(unset)" requested_reply="0" destination="org.bluez" (bus)
ERROR:dbus.proxies:Introspect error on org.bluez:/: dbus.exceptions.DBusException: org.freedesktop.DBus.Error.AccessDenied: Rejected send message, 2 matched rules; type="method_call", sender=":1.2252" (uid=1278 pid=59222 comm="/usr/bin/python3 /usr/bin/blueman-applet " label="unconfined") interface="org.freedesktop.DBus.Introspectable" member="Introspect" error name="(unset)" requested_reply="0" destination="org.bluez" (bus)
ERROR:dbus.proxies:Introspect error on org.bluez:/: dbus.exceptions.DBusException: org.freedesktop.DBus.Error.AccessDenied: Rejected send message, 2 matched rules; type="method_call", sender=":1.2252" (uid=1278 pid=59222 comm="/usr/bin/python3 /usr/bin/blueman-applet " label="unconfined") interface="org.freedesktop.DBus.Introspectable" member="Introspect" error name="(unset)" requested_reply="0" destination="org.bluez" (bus)

(wrapper-1.0:59263): Gdk-WARNING **: 11:22:48.491: /build/gtk+2.0-AoeliP/gtk+2.0-2.24.32/gdk/x11/gdkdrawable-x11.c:952 drawable is not a pixmap or window

(xfce4-terminal:61388): Gdk-CRITICAL **: 11:23:19.752: gdk_window_get_window_type: assertion 'GDK_IS_WINDOW (window)' failed

(gedit:5651): Gtk-WARNING **: 11:36:04.869: Calling org.xfce.Session.Manager.Inhibit failed: GDBus.Error:org.freedesktop.DBus.Error.UnknownMethod: Method "Inhibit" with signature "susu" on interface "org.xfce.Session.Manager" doesn't exist


(Thunar:59115): Gdk-WARNING **: 12:03:08.841: gdk_window_set_icon_list: icons too large

Fri Nov  8 12:05:44 2019
 Connections: closed: 0.0.0.0::50168 (Clean disconnection)
 SMsgWriter:  framebuffer updates 7793
 SMsgWriter:    copyRect rects 4021, bytes 64336
 SMsgWriter:    hextile rects 19920, bytes 41032282
 SMsgWriter:    raw bytes equivalent 590071034, compression ratio 14.380654
