
Xvnc Free Edition 4.1.1 - built Feb 25 2015 23:02:21
Copyright (C) 2002-2005 RealVNC Ltd.
See http://www.realvnc.com for information on VNC.
Underlying X server release 40300000, The XFree86 Project, Inc


Thu Feb 20 09:45:05 2020
 vncext:      VNC extension running!
 vncext:      Listening for VNC connections on port 5904
 vncext:      created VNC server for screen 0
error opening security policy file /etc/X11/xserver/SecurityPolicy
Could not init font path element /usr/X11R6/lib/X11/fonts/Type1/, removing from list!
Could not init font path element /usr/X11R6/lib/X11/fonts/Speedo/, removing from list!
Could not init font path element /usr/X11R6/lib/X11/fonts/misc/, removing from list!
Could not init font path element /usr/X11R6/lib/X11/fonts/75dpi/, removing from list!
Could not init font path element /usr/X11R6/lib/X11/fonts/100dpi/, removing from list!
Could not init font path element /usr/share/fonts/X11/75dpi/, removing from list!
Could not init font path element /usr/share/fonts/X11/100dpi/, removing from list!
xrdb: No such file or directory
xrdb: can't open file '/home/is28/maznicyn28/.Xresources'
/usr/bin/startxfce4: X server already running on display :4
gpg-agent[33864]: WARNING: "--write-env-file" is an obsolete option - it has no effect
gpg-agent: a gpg-agent is already running - not starting a new one

(xfce4-session:33854): xfce4-session-WARNING **: 09:45:08.924: gpg-agent returned no PID in the variables

(xfce4-session:33854): xfce4-session-WARNING **: 09:45:08.925: xfsm_manager_load_session: Something wrong with /home/is28/maznicyn28/.cache/sessions/xfce4-session-virt-1:4, Does it exist? Permissions issue?

(xfwm4:33868): xfwm4-WARNING **: 09:45:08.961: The display does not support the XRender extension.

(xfwm4:33868): xfwm4-WARNING **: 09:45:08.961: The display does not support the XComposite extension.

(xfwm4:33868): xfwm4-WARNING **: 09:45:08.961: The display does not support the XDamage extension.

(xfwm4:33868): xfwm4-WARNING **: 09:45:08.961: The display does not support the XFixes extension.

(xfwm4:33868): xfwm4-WARNING **: 09:45:08.961: Compositing manager disabled.

** (light-locker:33877): ERROR **: 09:45:08.985: Environment variable XDG_SESSION_PATH not set. Is LightDM running?

(polkit-gnome-authentication-agent-1:33879): GLib-CRITICAL **: 09:45:08.998: g_variant_new_string: assertion 'string != NULL' failed

(polkit-gnome-authentication-agent-1:33879): polkit-gnome-1-WARNING **: 09:45:09.001: Failed to register client: GDBus.Error:org.freedesktop.DBus.Error.ServiceUnknown: The name org.gnome.SessionManager was not provided by any .service files
(uint32 1,)

(xfsettingsd:33881): xfsettingsd-CRITICAL **: 09:45:09.115: RANDR extension is too old, version 1.1. Display settings won't be applied.
Xlib:  extension "XInputExtension" missing on display ":4.0".

(xfsettingsd:33881): xfsettingsd-CRITICAL **: 09:45:09.116: XI is not present.

(xfsettingsd:33881): xfsettingsd-CRITICAL **: 09:45:09.117: Failed to initialize the Xkb extension.

(xfsettingsd:33881): xfsettingsd-CRITICAL **: 09:45:09.119: Failed to initialize the Accessibility extension.
xfwm4-Message: 09:45:09.130: Unsupported keyboard modifier '<Super>Tab'
xfwm4-Message: 09:45:09.269: Unsupported keyboard modifier '<Super>Tab'

(nm-applet:33988): Gtk-WARNING **: 09:45:09.380: Can't set a parent on widget which has a parent

(nm-applet:33988): Gdk-CRITICAL **: 09:45:09.554: gdk_window_thaw_toplevel_updates: assertion 'window->update_and_descendants_freeze_count > 0' failed
/usr/lib/python3/dist-packages/blueman/plugins/applet/AppIndicator.py:8: PyGIWarning: AppIndicator3 was imported without specifying a version first. Use gi.require_version('AppIndicator3', '0.1') before import to ensure that the right version gets loaded.
  from gi.repository import AppIndicator3 as girAppIndicator
ERROR:dbus.proxies:Introspect error on org.bluez:/org/bluez: dbus.exceptions.DBusException: org.freedesktop.DBus.Error.AccessDenied: Rejected send message, 2 matched rules; type="method_call", sender=":1.2111" (uid=1278 pid=33976 comm="/usr/bin/python3 /usr/bin/blueman-applet " label="unconfined") interface="org.freedesktop.DBus.Introspectable" member="Introspect" error name="(unset)" requested_reply="0" destination="org.bluez" (bus)
ERROR:dbus.proxies:Introspect error on org.bluez:/: dbus.exceptions.DBusException: org.freedesktop.DBus.Error.AccessDenied: Rejected send message, 2 matched rules; type="method_call", sender=":1.2111" (uid=1278 pid=33976 comm="/usr/bin/python3 /usr/bin/blueman-applet " label="unconfined") interface="org.freedesktop.DBus.Introspectable" member="Introspect" error name="(unset)" requested_reply="0" destination="org.bluez" (bus)
ERROR:dbus.proxies:Introspect error on org.bluez:/: dbus.exceptions.DBusException: org.freedesktop.DBus.Error.AccessDenied: Rejected send message, 2 matched rules; type="method_call", sender=":1.2111" (uid=1278 pid=33976 comm="/usr/bin/python3 /usr/bin/blueman-applet " label="unconfined") interface="org.freedesktop.DBus.Introspectable" member="Introspect" error name="(unset)" requested_reply="0" destination="org.bluez" (bus)

Thu Feb 20 09:45:18 2020
 Connections: accepted: 0.0.0.0::49282
 SConnection: Client needs protocol version 3.8
 SConnection: Client requests security type VncAuth(2)

Thu Feb 20 09:45:20 2020
 VNCSConnST:  Server default pixel format depth 16 (16bpp) little-endian rgb565
 VNCSConnST:  Client pixel format depth 16 (16bpp) little-endian rgb565

(Thunar:33874): Gdk-WARNING **: 09:45:42.326: gdk_window_set_icon_list: icons too large
[2020-02-20T06:50:22Z ERROR audio_thread_priority::rt_linux] setrlimit64: 1

Thu Feb 20 09:54:56 2020
 XserverDesktop: Added unknown keysym 0x6c1 to keycode 255
xfwm4-Message: 09:54:56.602: Unsupported keyboard modifier '<Super>Tab'
QXcbConnection: Failed to initialize XRandr
Qt: XKEYBOARD extension not present on the X server.
Unsupported screen format: depth: 16, red_mask: 3f, blue_mask: f800
Using RGB16 fallback, if this works your X11 server is reporting a bad screen format.

Thu Feb 20 10:47:51 2020
 Connections: closed: 0.0.0.0::49282 (Clean disconnection)
 SMsgWriter:  framebuffer updates 9135
 SMsgWriter:    copyRect rects 1844, bytes 29504
 SMsgWriter:    hextile rects 29674, bytes 73469966
 SMsgWriter:    raw bytes equivalent 784881304, compression ratio 10.683023
/usr/lib/ubuntu-release-upgrader/check-new-release-gtk:30: PyGIWarning: Gtk was imported without specifying a version first. Use gi.require_version('Gtk', '3.0') before import to ensure that the right version gets loaded.
  from gi.repository import Gtk
WARNING:root:timeout reached, exiting

(xfdesktop:33876): libxfce4ui-WARNING **: 09:42:15.202: ICE I/O Error

(xfdesktop:33876): libxfce4ui-WARNING **: 09:42:15.225: Disconnected from session manager.
xfdesktop: Fatal IO error 25 (Inappropriate ioctl for device) on X server :4.0.
xfwm4: Fatal IO error 11 (Resource temporarily unavailable) on X server :4.0.
