
Xvnc Free Edition 4.1.1 - built Feb 25 2015 23:02:21
Copyright (C) 2002-2005 RealVNC Ltd.
See http://www.realvnc.com for information on VNC.
Underlying X server release 40300000, The XFree86 Project, Inc


Thu Feb 13 09:49:11 2020
 vncext:      VNC extension running!
 vncext:      Listening for VNC connections on port 5913
 vncext:      created VNC server for screen 0
error opening security policy file /etc/X11/xserver/SecurityPolicy
Could not init font path element /usr/X11R6/lib/X11/fonts/Type1/, removing from list!
Could not init font path element /usr/X11R6/lib/X11/fonts/Speedo/, removing from list!
Could not init font path element /usr/X11R6/lib/X11/fonts/misc/, removing from list!
Could not init font path element /usr/X11R6/lib/X11/fonts/75dpi/, removing from list!
Could not init font path element /usr/X11R6/lib/X11/fonts/100dpi/, removing from list!
Could not init font path element /usr/share/fonts/X11/75dpi/, removing from list!
Could not init font path element /usr/share/fonts/X11/100dpi/, removing from list!
xrdb: No such file or directory
xrdb: can't open file '/home/is28/maznicyn28/.Xresources'
/usr/bin/startxfce4: X server already running on display :13
gpg-agent[10209]: WARNING: "--write-env-file" is an obsolete option - it has no effect
gpg-agent: a gpg-agent is already running - not starting a new one

(xfce4-session:10194): xfce4-session-WARNING **: 09:49:14.246: gpg-agent returned no PID in the variables

(xfce4-session:10194): xfce4-session-WARNING **: 09:49:14.247: xfsm_manager_load_session: Something wrong with /home/is28/maznicyn28/.cache/sessions/xfce4-session-virt-1:13, Does it exist? Permissions issue?

(xfwm4:10213): xfwm4-WARNING **: 09:49:14.273: The display does not support the XRender extension.

(xfwm4:10213): xfwm4-WARNING **: 09:49:14.273: The display does not support the XComposite extension.

(xfwm4:10213): xfwm4-WARNING **: 09:49:14.273: The display does not support the XDamage extension.

(xfwm4:10213): xfwm4-WARNING **: 09:49:14.273: The display does not support the XFixes extension.

(xfwm4:10213): xfwm4-WARNING **: 09:49:14.273: Compositing manager disabled.

** (light-locker:10224): ERROR **: 09:49:14.313: Environment variable XDG_SESSION_PATH not set. Is LightDM running?
(uint32 1,)

(polkit-gnome-authentication-agent-1:10226): GLib-CRITICAL **: 09:49:14.364: g_variant_new_string: assertion 'string != NULL' failed

(polkit-gnome-authentication-agent-1:10226): polkit-gnome-1-WARNING **: 09:49:14.366: Failed to register client: GDBus.Error:org.freedesktop.DBus.Error.ServiceUnknown: The name org.gnome.SessionManager was not provided by any .service files

(xfsettingsd:10223): xfsettingsd-CRITICAL **: 09:49:14.408: RANDR extension is too old, version 1.1. Display settings won't be applied.
Xlib:  extension "XInputExtension" missing on display ":13.0".

(xfsettingsd:10223): xfsettingsd-CRITICAL **: 09:49:14.408: XI is not present.

(xfsettingsd:10223): xfsettingsd-CRITICAL **: 09:49:14.408: Failed to initialize the Xkb extension.

(xfsettingsd:10223): xfsettingsd-CRITICAL **: 09:49:14.408: Failed to initialize the Accessibility extension.
xfwm4-Message: 09:49:14.479: Unsupported keyboard modifier '<Super>Tab'
xfwm4-Message: 09:49:14.565: Unsupported keyboard modifier '<Super>Tab'

(nm-applet:10331): Gtk-WARNING **: 09:49:14.669: Can't set a parent on widget which has a parent

(nm-applet:10331): Gdk-CRITICAL **: 09:49:14.811: gdk_window_thaw_toplevel_updates: assertion 'window->update_and_descendants_freeze_count > 0' failed

Thu Feb 13 09:49:27 2020
 Connections: accepted: 0.0.0.0::55077
 SConnection: Client needs protocol version 3.8
 SConnection: Client requests security type VncAuth(2)

Thu Feb 13 09:49:32 2020
 SConnection: AuthFailureException: Authentication failure
 Connections: closed: 0.0.0.0::55077 (Authentication failure)

Thu Feb 13 09:49:37 2020
 Connections: accepted: 0.0.0.0::55078
 SConnection: Client needs protocol version 3.8
 SConnection: Client requests security type VncAuth(2)
/usr/lib/python3/dist-packages/blueman/plugins/applet/AppIndicator.py:8: PyGIWarning: AppIndicator3 was imported without specifying a version first. Use gi.require_version('AppIndicator3', '0.1') before import to ensure that the right version gets loaded.
  from gi.repository import AppIndicator3 as girAppIndicator
ERROR:dbus.proxies:Introspect error on org.bluez:/org/bluez: dbus.exceptions.DBusException: org.freedesktop.DBus.Error.AccessDenied: Rejected send message, 2 matched rules; type="method_call", sender=":1.494" (uid=1278 pid=10308 comm="/usr/bin/python3 /usr/bin/blueman-applet " label="unconfined") interface="org.freedesktop.DBus.Introspectable" member="Introspect" error name="(unset)" requested_reply="0" destination="org.bluez" (bus)
ERROR:dbus.proxies:Introspect error on org.bluez:/: dbus.exceptions.DBusException: org.freedesktop.DBus.Error.AccessDenied: Rejected send message, 2 matched rules; type="method_call", sender=":1.494" (uid=1278 pid=10308 comm="/usr/bin/python3 /usr/bin/blueman-applet " label="unconfined") interface="org.freedesktop.DBus.Introspectable" member="Introspect" error name="(unset)" requested_reply="0" destination="org.bluez" (bus)
ERROR:dbus.proxies:Introspect error on org.bluez:/: dbus.exceptions.DBusException: org.freedesktop.DBus.Error.AccessDenied: Rejected send message, 2 matched rules; type="method_call", sender=":1.494" (uid=1278 pid=10308 comm="/usr/bin/python3 /usr/bin/blueman-applet " label="unconfined") interface="org.freedesktop.DBus.Introspectable" member="Introspect" error name="(unset)" requested_reply="0" destination="org.bluez" (bus)

(wrapper-1.0:10388): Gdk-WARNING **: 09:49:39.883: /build/gtk+2.0-AoeliP/gtk+2.0-2.24.32/gdk/x11/gdkdrawable-x11.c:952 drawable is not a pixmap or window

(wrapper-1.0:10388): Gdk-WARNING **: 09:49:39.885: /build/gtk+2.0-AoeliP/gtk+2.0-2.24.32/gdk/x11/gdkdrawable-x11.c:952 drawable is not a pixmap or window

Thu Feb 13 09:49:41 2020
 VNCSConnST:  Server default pixel format depth 16 (16bpp) little-endian rgb565
 VNCSConnST:  Client pixel format depth 16 (16bpp) little-endian rgb565

Thu Feb 13 09:53:22 2020
 XserverDesktop: Added unknown keysym 0x6d7 to keycode 255
xfwm4-Message: 09:53:23.041: Unsupported keyboard modifier '<Super>Tab'

Thu Feb 13 09:53:23 2020
 XserverDesktop: Added unknown keysym 0x6c5 to keycode 254
 XserverDesktop: Added unknown keysym 0x6c4 to keycode 253
 XserverDesktop: Added unknown keysym 0x6c9 to keycode 252
 XserverDesktop: Added unknown keysym 0x6d4 to keycode 251
xfwm4-Message: 09:53:23.881: Unsupported keyboard modifier '<Super>Tab'

Thu Feb 13 09:53:25 2020
 XserverDesktop: Added unknown keysym 0x6d2 to keycode 250
xfwm4-Message: 09:53:25.289: Unsupported keyboard modifier '<Super>Tab'
 XserverDesktop: Added unknown keysym 0x6a3 to keycode 249
xfwm4-Message: 09:53:25.761: Unsupported keyboard modifier '<Super>Tab'
 XserverDesktop: Added unknown keysym 0x6c8 to keycode 248

Thu Feb 13 09:53:26 2020
 XserverDesktop: Added unknown keysym 0x6da to keycode 247
xfwm4-Message: 09:53:26.337: Unsupported keyboard modifier '<Super>Tab'
 XserverDesktop: Added unknown keysym 0x6ce to keycode 246
xfwm4-Message: 09:53:26.945: Unsupported keyboard modifier '<Super>Tab'

Thu Feb 13 09:53:27 2020
 XserverDesktop: Added unknown keysym 0x6de to keycode 245
xfwm4-Message: 09:53:27.377: Unsupported keyboard modifier '<Super>Tab'
 XserverDesktop: Added unknown keysym 0x6cf to keycode 244
xfwm4-Message: 09:53:27.856: Unsupported keyboard modifier '<Super>Tab'

Thu Feb 13 09:53:29 2020
 XserverDesktop: Added unknown keysym 0x6d3 to keycode 243
 XserverDesktop: Added unknown keysym 0x6cc to keycode 242
xfwm4-Message: 09:53:29.721: Unsupported keyboard modifier '<Super>Tab'

Thu Feb 13 09:53:46 2020
 XserverDesktop: Added unknown keysym 0x6d0 to keycode 241
xfwm4-Message: 09:53:46.545: Unsupported keyboard modifier '<Super>Tab'

(Thunar:10219): Gdk-WARNING **: 10:02:01.662: gdk_window_set_icon_list: icons too large

(Thunar:10219): Gdk-WARNING **: 10:03:17.871: gdk_window_set_icon_list: icons too large
Xlib:  extension "XINERAMA" missing on display ":13.0".
func=xmlSecCheckVersionExt:file=xmlsec.c:line=188:obj=unknown:subj=unknown:error=19:invalid version:mode=abi compatible;expected minor version=2;real minor version=2;expected subminor version=25;real subminor version=26
Xlib:  extension "XINERAMA" missing on display ":13.0".
func=xmlSecCheckVersionExt:file=xmlsec.c:line=188:obj=unknown:subj=unknown:error=19:invalid version:mode=abi compatible;expected minor version=2;real minor version=2;expected subminor version=25;real subminor version=26

(Thunar:10219): Gdk-WARNING **: 10:08:09.827: gdk_window_set_icon_list: icons too large

** (inkscape:21200): WARNING **: 10:13:04.178: Failed to create path: invalid data in dc->cal1 or dc->cal2

** (inkscape:21200): WARNING **: 10:13:06.314: Failed to create path: invalid data in dc->cal1 or dc->cal2

(gedit:23625): Gtk-WARNING **: 10:31:26.625: Calling org.xfce.Session.Manager.Inhibit failed: GDBus.Error:org.freedesktop.DBus.Error.UnknownMethod: Method "Inhibit" with signature "susu" on interface "org.xfce.Session.Manager" doesn't exist


Thu Feb 13 10:43:06 2020
 Connections: closed: 0.0.0.0::55078 (Clean disconnection)
 SMsgWriter:  framebuffer updates 12644
 SMsgWriter:    copyRect rects 3062, bytes 48992
 SMsgWriter:    hextile rects 41273, bytes 83983179
 SMsgWriter:    raw bytes equivalent 856096458, compression ratio 10.193666

(x-terminal-emulator:17765): libxfce4ui-WARNING **: 09:44:42.876: ICE I/O Error

(x-terminal-emulator:17765): libxfce4ui-WARNING **: 09:44:42.876: Disconnected from session manager.

(xfdesktop:10221): libxfce4ui-WARNING **: 09:44:42.876: ICE I/O Error

(xfdesktop:10221): libxfce4ui-WARNING **: 09:44:42.876: Disconnected from session manager.

(xfce4-panel:10217): libxfce4ui-WARNING **: 09:44:42.876: ICE I/O Error

(xfce4-panel:10217): libxfce4ui-WARNING **: 09:44:42.877: Disconnected from session manager.
xfwm4: Fatal IO error 11 (Resource temporarily unavailable) on X server :13.0.

(xfsettingsd:10223): libxfce4ui-WARNING **: 09:44:42.877: ICE I/O Error

(xfsettingsd:10223): libxfce4ui-WARNING **: 09:44:42.877: Disconnected from session manager.

Received signal:15->'Terminated'
xfdesktop: Fatal IO error 11 (Resource temporarily unavailable) on X server :13.0.
xfsettingsd: Fatal IO error 11 (Resource temporarily unavailable) on X server :13.0.
xfce4-panel: Fatal IO error 25 (Inappropriate ioctl for device) on X server :13.0.
Gdk-Message: 09:44:42.881: gedit: Fatal IO error 11 (Resource temporarily unavailable) on X server :13.0.


OK

medit: Fatal IO error 11 (Resource temporarily unavailable) on X server :13.0.

Received signal:15->'Terminated'
X IO Error

Received signal:15->'Terminated'

(tracker-miner-fs:10230): GLib-GIO-CRITICAL **: 09:44:42.924: Error while sending AddMatch() message: The connection is closed

(tracker-miner-fs:10230): GLib-GIO-CRITICAL **: 09:44:42.924: Error while sending AddMatch() message: The connection is closed

(tracker-miner-fs:10230): GLib-GIO-CRITICAL **: 09:44:42.924: Error while sending AddMatch() message: The connection is closed

OK

