
Xvnc Free Edition 4.1.1 - built Feb 25 2015 23:02:21
Copyright (C) 2002-2005 RealVNC Ltd.
See http://www.realvnc.com for information on VNC.
Underlying X server release 40300000, The XFree86 Project, Inc


Fri Nov 22 11:00:45 2019
 vncext:      VNC extension running!
 vncext:      Listening for VNC connections on port 5910
 vncext:      created VNC server for screen 0
error opening security policy file /etc/X11/xserver/SecurityPolicy
Could not init font path element /usr/X11R6/lib/X11/fonts/Type1/, removing from list!
Could not init font path element /usr/X11R6/lib/X11/fonts/Speedo/, removing from list!
Could not init font path element /usr/X11R6/lib/X11/fonts/misc/, removing from list!
Could not init font path element /usr/X11R6/lib/X11/fonts/75dpi/, removing from list!
Could not init font path element /usr/X11R6/lib/X11/fonts/100dpi/, removing from list!
Could not init font path element /usr/share/fonts/X11/75dpi/, removing from list!
Could not init font path element /usr/share/fonts/X11/100dpi/, removing from list!
xrdb: No such file or directory
xrdb: can't open file '/home/is28/maznicyn28/.Xresources'
/usr/bin/startxfce4: X server already running on display :10
gpg-agent[5085]: WARNING: "--write-env-file" is an obsolete option - it has no effect
gpg-agent: a gpg-agent is already running - not starting a new one

(xfce4-session:5075): xfce4-session-WARNING **: 11:00:48.493: gpg-agent returned no PID in the variables

(xfce4-session:5075): xfce4-session-WARNING **: 11:00:48.494: xfsm_manager_load_session: Something wrong with /home/is28/maznicyn28/.cache/sessions/xfce4-session-virt-1:10, Does it exist? Permissions issue?

(xfwm4:5089): xfwm4-WARNING **: 11:00:48.522: The display does not support the XRender extension.

(xfwm4:5089): xfwm4-WARNING **: 11:00:48.522: The display does not support the XComposite extension.

(xfwm4:5089): xfwm4-WARNING **: 11:00:48.522: The display does not support the XDamage extension.

(xfwm4:5089): xfwm4-WARNING **: 11:00:48.522: The display does not support the XFixes extension.

(xfwm4:5089): xfwm4-WARNING **: 11:00:48.522: Compositing manager disabled.
(uint32 1,)

(xfsettingsd:5098): xfsettingsd-CRITICAL **: 11:00:48.618: RANDR extension is too old, version 1.1. Display settings won't be applied.
Xlib:  extension "XInputExtension" missing on display ":10.0".

(xfsettingsd:5098): xfsettingsd-CRITICAL **: 11:00:48.621: XI is not present.

(xfsettingsd:5098): xfsettingsd-CRITICAL **: 11:00:48.621: Failed to initialize the Xkb extension.

(xfsettingsd:5098): xfsettingsd-CRITICAL **: 11:00:48.621: Failed to initialize the Accessibility extension.

** (light-locker:5099): ERROR **: 11:00:48.628: Environment variable XDG_SESSION_PATH not set. Is LightDM running?

(polkit-gnome-authentication-agent-1:5101): GLib-CRITICAL **: 11:00:48.641: g_variant_new_string: assertion 'string != NULL' failed

(polkit-gnome-authentication-agent-1:5101): polkit-gnome-1-WARNING **: 11:00:48.643: Failed to register client: GDBus.Error:org.freedesktop.DBus.Error.ServiceUnknown: The name org.gnome.SessionManager was not provided by any .service files
xfwm4-Message: 11:00:48.643: Unsupported keyboard modifier '<Super>Tab'
xfwm4-Message: 11:00:48.721: Unsupported keyboard modifier '<Super>Tab'

(nm-applet:5164): Gtk-WARNING **: 11:00:48.912: Can't set a parent on widget which has a parent

(nm-applet:5164): Gdk-CRITICAL **: 11:00:49.055: gdk_window_thaw_toplevel_updates: assertion 'window->update_and_descendants_freeze_count > 0' failed

Fri Nov 22 11:01:01 2019
 Connections: accepted: 0.0.0.0::50101
 SConnection: Client needs protocol version 3.8
 SConnection: Client requests security type VncAuth(2)

Fri Nov 22 11:01:06 2019
 VNCSConnST:  Server default pixel format depth 16 (16bpp) little-endian rgb565
 VNCSConnST:  Client pixel format depth 16 (16bpp) little-endian rgb565
/usr/lib/python3/dist-packages/blueman/plugins/applet/AppIndicator.py:8: PyGIWarning: AppIndicator3 was imported without specifying a version first. Use gi.require_version('AppIndicator3', '0.1') before import to ensure that the right version gets loaded.
  from gi.repository import AppIndicator3 as girAppIndicator
ERROR:dbus.proxies:Introspect error on org.bluez:/org/bluez: dbus.exceptions.DBusException: org.freedesktop.DBus.Error.AccessDenied: Rejected send message, 2 matched rules; type="method_call", sender=":1.691" (uid=1278 pid=5156 comm="/usr/bin/python3 /usr/bin/blueman-applet " label="unconfined") interface="org.freedesktop.DBus.Introspectable" member="Introspect" error name="(unset)" requested_reply="0" destination="org.bluez" (bus)
ERROR:dbus.proxies:Introspect error on org.bluez:/: dbus.exceptions.DBusException: org.freedesktop.DBus.Error.AccessDenied: Rejected send message, 2 matched rules; type="method_call", sender=":1.691" (uid=1278 pid=5156 comm="/usr/bin/python3 /usr/bin/blueman-applet " label="unconfined") interface="org.freedesktop.DBus.Introspectable" member="Introspect" error name="(unset)" requested_reply="0" destination="org.bluez" (bus)
ERROR:dbus.proxies:Introspect error on org.bluez:/: dbus.exceptions.DBusException: org.freedesktop.DBus.Error.AccessDenied: Rejected send message, 2 matched rules; type="method_call", sender=":1.691" (uid=1278 pid=5156 comm="/usr/bin/python3 /usr/bin/blueman-applet " label="unconfined") interface="org.freedesktop.DBus.Introspectable" member="Introspect" error name="(unset)" requested_reply="0" destination="org.bluez" (bus)

(wrapper-1.0:5245): Gdk-WARNING **: 11:01:14.161: /build/gtk+2.0-AoeliP/gtk+2.0-2.24.32/gdk/x11/gdkdrawable-x11.c:952 drawable is not a pixmap or window
xfwm4: Fatal IO error 4 (Interrupted system call) on X server :10.0.
xfdesktop: Fatal IO error 4 (Interrupted system call) on X server :10.0.
