
Xvnc Free Edition 4.1.1 - built Feb 25 2015 23:02:21
Copyright (C) 2002-2005 RealVNC Ltd.
See http://www.realvnc.com for information on VNC.
Underlying X server release 40300000, The XFree86 Project, Inc


Fri Dec 13 12:35:27 2019
 vncext:      VNC extension running!
 vncext:      Listening for VNC connections on port 5920
 vncext:      created VNC server for screen 0
error opening security policy file /etc/X11/xserver/SecurityPolicy
Could not init font path element /usr/X11R6/lib/X11/fonts/Type1/, removing from list!
Could not init font path element /usr/X11R6/lib/X11/fonts/Speedo/, removing from list!
Could not init font path element /usr/X11R6/lib/X11/fonts/misc/, removing from list!
Could not init font path element /usr/X11R6/lib/X11/fonts/75dpi/, removing from list!
Could not init font path element /usr/X11R6/lib/X11/fonts/100dpi/, removing from list!
Could not init font path element /usr/share/fonts/X11/75dpi/, removing from list!
Could not init font path element /usr/share/fonts/X11/100dpi/, removing from list!
xrdb: No such file or directory
xrdb: can't open file '/home/is28/maznicyn28/.Xresources'
/usr/bin/startxfce4: X server already running on display :20
gpg-agent[32728]: WARNING: "--write-env-file" is an obsolete option - it has no effect
gpg-agent: a gpg-agent is already running - not starting a new one

(xfce4-session:32718): xfce4-session-WARNING **: 12:35:30.115: gpg-agent returned no PID in the variables

(xfce4-session:32718): xfce4-session-WARNING **: 12:35:30.116: xfsm_manager_load_session: Something wrong with /home/is28/maznicyn28/.cache/sessions/xfce4-session-virt-1:20, Does it exist? Permissions issue?

(xfwm4:32732): xfwm4-WARNING **: 12:35:30.141: The display does not support the XRender extension.

(xfwm4:32732): xfwm4-WARNING **: 12:35:30.142: The display does not support the XComposite extension.

(xfwm4:32732): xfwm4-WARNING **: 12:35:30.142: The display does not support the XDamage extension.

(xfwm4:32732): xfwm4-WARNING **: 12:35:30.142: The display does not support the XFixes extension.

(xfwm4:32732): xfwm4-WARNING **: 12:35:30.142: Compositing manager disabled.
(uint32 1,)

** (light-locker:32742): ERROR **: 12:35:30.214: Environment variable XDG_SESSION_PATH not set. Is LightDM running?
xfwm4-Message: 12:35:30.240: Unsupported keyboard modifier '<Super>Tab'

(polkit-gnome-authentication-agent-1:32744): GLib-CRITICAL **: 12:35:30.265: g_variant_new_string: assertion 'string != NULL' failed

(polkit-gnome-authentication-agent-1:32744): polkit-gnome-1-WARNING **: 12:35:30.265: Failed to register client: GDBus.Error:org.freedesktop.DBus.Error.ServiceUnknown: The name org.gnome.SessionManager was not provided by any .service files

(xfsettingsd:32741): xfsettingsd-CRITICAL **: 12:35:30.337: RANDR extension is too old, version 1.1. Display settings won't be applied.
Xlib:  extension "XInputExtension" missing on display ":20.0".

(xfsettingsd:32741): xfsettingsd-CRITICAL **: 12:35:30.337: XI is not present.

(xfsettingsd:32741): xfsettingsd-CRITICAL **: 12:35:30.345: Failed to initialize the Xkb extension.

(xfsettingsd:32741): xfsettingsd-CRITICAL **: 12:35:30.345: Failed to initialize the Accessibility extension.
xfwm4-Message: 12:35:30.426: Unsupported keyboard modifier '<Super>Tab'

(nm-applet:32862): Gtk-WARNING **: 12:35:30.711: Can't set a parent on widget which has a parent

(nm-applet:32862): Gdk-CRITICAL **: 12:35:30.865: gdk_window_thaw_toplevel_updates: assertion 'window->update_and_descendants_freeze_count > 0' failed

Fri Dec 13 12:35:35 2019
 Connections: accepted: 0.0.0.0::52205
 SConnection: Client needs protocol version 3.8
 SConnection: Client requests security type VncAuth(2)

Fri Dec 13 12:35:38 2019
 VNCSConnST:  Server default pixel format depth 16 (16bpp) little-endian rgb565
 VNCSConnST:  Client pixel format depth 16 (16bpp) little-endian rgb565

(Thunar:32738): Gdk-WARNING **: 12:35:43.755: gdk_window_set_icon_list: icons too large
/usr/lib/ubuntu-release-upgrader/check-new-release-gtk:30: PyGIWarning: Gtk was imported without specifying a version first. Use gi.require_version('Gtk', '3.0') before import to ensure that the right version gets loaded.
  from gi.repository import Gtk
WARNING:root:timeout reached, exiting

(Thunar:32738): Gdk-WARNING **: 12:35:53.451: gdk_window_set_icon_list: icons too large
/usr/lib/python3/dist-packages/blueman/plugins/applet/AppIndicator.py:8: PyGIWarning: AppIndicator3 was imported without specifying a version first. Use gi.require_version('AppIndicator3', '0.1') before import to ensure that the right version gets loaded.
  from gi.repository import AppIndicator3 as girAppIndicator
ERROR:dbus.proxies:Introspect error on org.bluez:/org/bluez: dbus.exceptions.DBusException: org.freedesktop.DBus.Error.AccessDenied: Rejected send message, 2 matched rules; type="method_call", sender=":1.3150" (uid=1278 pid=32819 comm="/usr/bin/python3 /usr/bin/blueman-applet " label="unconfined") interface="org.freedesktop.DBus.Introspectable" member="Introspect" error name="(unset)" requested_reply="0" destination="org.bluez" (bus)
ERROR:dbus.proxies:Introspect error on org.bluez:/: dbus.exceptions.DBusException: org.freedesktop.DBus.Error.AccessDenied: Rejected send message, 2 matched rules; type="method_call", sender=":1.3150" (uid=1278 pid=32819 comm="/usr/bin/python3 /usr/bin/blueman-applet " label="unconfined") interface="org.freedesktop.DBus.Introspectable" member="Introspect" error name="(unset)" requested_reply="0" destination="org.bluez" (bus)
ERROR:dbus.proxies:Introspect error on org.bluez:/: dbus.exceptions.DBusException: org.freedesktop.DBus.Error.AccessDenied: Rejected send message, 2 matched rules; type="method_call", sender=":1.3150" (uid=1278 pid=32819 comm="/usr/bin/python3 /usr/bin/blueman-applet " label="unconfined") interface="org.freedesktop.DBus.Introspectable" member="Introspect" error name="(unset)" requested_reply="0" destination="org.bluez" (bus)

(wrapper-1.0:32898): Gdk-WARNING **: 12:35:55.841: /build/gtk+2.0-AoeliP/gtk+2.0-2.24.32/gdk/x11/gdkdrawable-x11.c:952 drawable is not a pixmap or window

Fri Dec 13 12:36:23 2019
 Connections: closed: 0.0.0.0::52205 (Clean disconnection)
 SMsgWriter:  framebuffer updates 263
 SMsgWriter:    copyRect rects 33, bytes 528
 SMsgWriter:    hextile rects 720, bytes 1724403
 SMsgWriter:    raw bytes equivalent 19170886, compression ratio 11.117405
xfwm4: Fatal IO error 4 (Interrupted system call) on X server :20.0.
xfdesktop: Fatal IO error 11 (Resource temporarily unavailable) on X server :20.0.
