
Xvnc Free Edition 4.1.1 - built Feb 25 2015 23:02:21
Copyright (C) 2002-2005 RealVNC Ltd.
See http://www.realvnc.com for information on VNC.
Underlying X server release 40300000, The XFree86 Project, Inc


Fri Sep 13 08:38:00 2019
 vncext:      VNC extension running!
 vncext:      Listening for VNC connections on port 5942
 vncext:      created VNC server for screen 0
error opening security policy file /etc/X11/xserver/SecurityPolicy
Could not init font path element /usr/X11R6/lib/X11/fonts/Type1/, removing from list!
Could not init font path element /usr/X11R6/lib/X11/fonts/Speedo/, removing from list!
Could not init font path element /usr/X11R6/lib/X11/fonts/misc/, removing from list!
Could not init font path element /usr/X11R6/lib/X11/fonts/75dpi/, removing from list!
Could not init font path element /usr/X11R6/lib/X11/fonts/100dpi/, removing from list!
Could not init font path element /usr/share/fonts/X11/75dpi/, removing from list!
Could not init font path element /usr/share/fonts/X11/100dpi/, removing from list!

(x-window-manager:57720): xfwm4-WARNING **: 08:38:03.526: The display does not support the XRender extension.

(x-window-manager:57720): xfwm4-WARNING **: 08:38:03.526: The display does not support the XComposite extension.

(x-window-manager:57720): xfwm4-WARNING **: 08:38:03.526: The display does not support the XDamage extension.

(x-window-manager:57720): xfwm4-WARNING **: 08:38:03.526: The display does not support the XFixes extension.

(x-window-manager:57720): xfwm4-WARNING **: 08:38:03.526: Compositing manager disabled.
xfwm4-Message: 08:38:03.556: Unsupported keyboard modifier '<Super>Tab'

(x-window-manager:57720): xfwm4-WARNING **: 08:38:03.563: Failed to connect to session manager: Failed to connect to the session manager: SESSION_MANAGER environment variable not defined
Failed to connect to session manager: Failed to connect to the session manager: SESSION_MANAGER environment variable not defined

Fri Sep 13 08:38:13 2019
 Connections: accepted: 0.0.0.0::50388
 SConnection: Client needs protocol version 3.8
 SConnection: Client requests security type VncAuth(2)

Fri Sep 13 08:38:17 2019
 SConnection: AuthFailureException: Authentication failure
 Connections: closed: 0.0.0.0::50388 (Authentication failure)

Fri Sep 13 08:38:22 2019
 Connections: accepted: 0.0.0.0::50391
 SConnection: Client needs protocol version 3.8
 SConnection: Client requests security type VncAuth(2)

Fri Sep 13 08:38:27 2019
 VNCSConnST:  Server default pixel format depth 16 (16bpp) little-endian rgb565
 VNCSConnST:  Client pixel format depth 16 (16bpp) little-endian rgb565

Fri Sep 13 08:52:10 2019
 XserverDesktop: Added unknown keysym 0x6f7 to keycode 255
xfwm4-Message: 08:52:10.768: Unsupported keyboard modifier '<Super>Tab'

Fri Sep 13 08:52:11 2019
 XserverDesktop: Added unknown keysym 0x6c5 to keycode 254
xfwm4-Message: 08:52:11.305: Unsupported keyboard modifier '<Super>Tab'
 XserverDesktop: Added unknown keysym 0x6c4 to keycode 253
 XserverDesktop: Added unknown keysym 0x6c9 to keycode 252
xfwm4-Message: 08:52:11.729: Unsupported keyboard modifier '<Super>Tab'
 XserverDesktop: Added unknown keysym 0x6d4 to keycode 251
xfwm4-Message: 08:52:12.040: Unsupported keyboard modifier '<Super>Tab'

Fri Sep 13 08:52:13 2019
 XserverDesktop: Added unknown keysym 0x6c7 to keycode 250
 XserverDesktop: Added unknown keysym 0x6d2 to keycode 249
 XserverDesktop: Added unknown keysym 0x6c1 to keycode 248
xfwm4-Message: 08:52:14.161: Unsupported keyboard modifier '<Super>Tab'

Fri Sep 13 08:52:23 2019
 XserverDesktop: Added unknown keysym 0xf3 to keycode 247
xfwm4-Message: 08:52:23.784: Unsupported keyboard modifier '<Super>Tab'
 XserverDesktop: Added unknown keysym 0x6d3 to keycode 246
xfwm4-Message: 08:52:24.129: Unsupported keyboard modifier '<Super>Tab'

Fri Sep 13 08:52:24 2019
 XserverDesktop: Added unknown keysym 0x6d9 to keycode 245
xfwm4-Message: 08:52:24.393: Unsupported keyboard modifier '<Super>Tab'

Fri Sep 13 08:55:03 2019
 XserverDesktop: Added unknown keysym 0x6cb to keycode 244
xfwm4-Message: 08:55:03.703: Unsupported keyboard modifier '<Super>Tab'
 XserverDesktop: Added unknown keysym 0x6cf to keycode 243

Fri Sep 13 08:55:04 2019
 XserverDesktop: Added unknown keysym 0x6cc to keycode 242
xfwm4-Message: 08:55:04.431: Unsupported keyboard modifier '<Super>Tab'

Fri Sep 13 09:26:56 2019
 XserverDesktop: Added unknown keysym 0x6f0 to keycode 241
 XserverDesktop: Added unknown keysym 0x6ee to keycode 240
xfwm4-Message: 09:26:56.644: Unsupported keyboard modifier '<Super>Tab'

Fri Sep 13 09:27:09 2019
 XserverDesktop: Added unknown keysym 0x6db to keycode 239
xfwm4-Message: 09:27:09.500: Unsupported keyboard modifier '<Super>Tab'

Fri Sep 13 09:28:42 2019
 XserverDesktop: Added unknown keysym 0x6de to keycode 238
xfwm4-Message: 09:28:43.004: Unsupported keyboard modifier '<Super>Tab'

Fri Sep 13 09:28:48 2019
 XserverDesktop: Added unknown keysym 0x6c2 to keycode 237
xfwm4-Message: 09:28:48.931: Unsupported keyboard modifier '<Super>Tab'

Fri Sep 13 09:29:04 2019
 XserverDesktop: Added unknown keysym 0x6c3 to keycode 236
xfwm4-Message: 09:29:04.411: Unsupported keyboard modifier '<Super>Tab'

Fri Sep 13 09:29:13 2019
 XserverDesktop: Added unknown keysym 0x6c6 to keycode 235
xfwm4-Message: 09:29:13.411: Unsupported keyboard modifier '<Super>Tab'

(xfce4-terminal:57719): Gdk-CRITICAL **: 09:35:31.806: gdk_window_get_window_type: assertion 'GDK_IS_WINDOW (window)' failed

Fri Sep 13 09:37:27 2019
 Connections: closed: 0.0.0.0::50391 (Clean disconnection)
 SMsgWriter:  framebuffer updates 11709
 SMsgWriter:    copyRect rects 10647, bytes 170352
 SMsgWriter:    hextile rects 48422, bytes 71007327
 SMsgWriter:    raw bytes equivalent 818555580, compression ratio 11.527762
x-window-manager: Fatal IO error 4 (Interrupted system call) on X server :42.
