
Xvnc Free Edition 4.1.1 - built Jul 31 2015 19:10:31
Copyright (C) 2002-2005 RealVNC Ltd.
See http://www.realvnc.com for information on VNC.
Underlying X server release 40300000, The XFree86 Project, Inc


Fri Sep  6 11:29:46 2019
 vncext:      VNC extension running!
 vncext:      Listening for VNC connections on port 5907
 vncext:      created VNC server for screen 0
error opening security policy file /etc/X11/xserver/SecurityPolicy
Could not init font path element /usr/X11R6/lib/X11/fonts/Type1/, removing from list!
Could not init font path element /usr/X11R6/lib/X11/fonts/Speedo/, removing from list!
Could not init font path element /usr/X11R6/lib/X11/fonts/misc/, removing from list!
Could not init font path element /usr/X11R6/lib/X11/fonts/75dpi/, removing from list!
Could not init font path element /usr/X11R6/lib/X11/fonts/100dpi/, removing from list!
Could not init font path element /usr/share/fonts/X11/75dpi/, removing from list!
Could not init font path element /usr/share/fonts/X11/100dpi/, removing from list!
Option "--login" is no longer supported in this version of gnome-terminal; you might want to create a profile with the desired setting, and use the new '--profile' option

(gnome-terminal:10137): GLib-GIO-CRITICAL **: g_settings_get: the format string may not contain '&' (key 'monospace-font-name' from schema 'org.gnome.desktop.interface'). This call will probably stop working with a future version of glib.

(gnome-terminal:10137): Vte-2.90-WARNING **: Unable to convert characters from текущая to X-VTE-GUNICHAR.
Unhandled value type TerminalEncoding of pspec encoding

(x-window-manager:10138): xfwm4-WARNING **: The display does not support the XRender extension.

(x-window-manager:10138): xfwm4-WARNING **: The display does not support the XComposite extension.

(x-window-manager:10138): xfwm4-WARNING **: The display does not support the XDamage extension.

(x-window-manager:10138): xfwm4-WARNING **: The display does not support the XFixes extension.

(x-window-manager:10138): xfwm4-WARNING **: Compositing manager disabled.

(x-window-manager:10138): xfwm4-WARNING **: Failed to connect to session manager: Не удалось подключиться к менеджеру сеансов: SESSION_MANAGER environment variable not defined

Fri Sep  6 11:31:09 2019
 Connections: accepted: 0.0.0.0::49399
 SConnection: Client needs protocol version 3.8
 SConnection: Client requests security type VncAuth(2)

Fri Sep  6 11:31:13 2019
 VNCSConnST:  Server default pixel format depth 16 (16bpp) little-endian rgb565
 VNCSConnST:  Client pixel format depth 16 (16bpp) little-endian rgb565

Fri Sep  6 11:33:30 2019
 Connections: accepted: 0.0.0.0::50119
 SConnection: Client needs protocol version 3.8
 SConnection: Client requests security type VncAuth(2)

Fri Sep  6 11:33:41 2019
 SConnection: AuthFailureException: Authentication failure
 Connections: closed: 0.0.0.0::50119 (Authentication failure)

Fri Sep  6 11:39:36 2019
 VNCSConnST:  Client pixel format depth 16 (16bpp) little-endian rgb565

Fri Sep  6 11:39:38 2019
 XserverDesktop: Added unknown keysym 0xe2 to keycode 255
 XserverDesktop: Added unknown keysym 0xe0 to keycode 254
 XserverDesktop: Added unknown keysym 0xfb to keycode 253

Fri Sep  6 11:39:39 2019
 XserverDesktop: Added unknown keysym 0xf3 to keycode 252
 XserverDesktop: Added unknown keysym 0xea to keycode 251
 XserverDesktop: Added unknown keysym 0xf6 to keycode 250

Fri Sep  6 11:39:40 2019
 XserverDesktop: Added unknown keysym 0xf7 to keycode 249
 XserverDesktop: Added unknown keysym 0xf1 to keycode 248
 XserverDesktop: Added unknown keysym 0xec to keycode 247

Fri Sep  6 11:39:50 2019
 VNCSConnST:  Client pixel format depth 16 (16bpp) little-endian rgb565

(gnome-terminal:10137): Vte-2.90-WARNING **: Unable to convert characters from текущая to X-VTE-GUNICHAR.

Fri Sep  6 11:51:03 2019
 XserverDesktop: Added unknown keysym 0x6eb to keycode 246
 XserverDesktop: Added unknown keysym 0x6c1 to keycode 245

Fri Sep  6 11:51:04 2019
 XserverDesktop: Added unknown keysym 0x6d7 to keycode 244
 XserverDesktop: Added unknown keysym 0x6d3 to keycode 243

Fri Sep  6 11:51:05 2019
 XserverDesktop: Added unknown keysym 0x6da to keycode 242
 XserverDesktop: Added unknown keysym 0x6cf to keycode 241

Fri Sep  6 11:51:06 2019
 XserverDesktop: Added unknown keysym 0x6d4 to keycode 240

Fri Sep  6 11:51:19 2019
 XserverDesktop: Added unknown keysym 0x6db to keycode 239

Fri Sep  6 11:51:20 2019
 XserverDesktop: Added unknown keysym 0x6c5 to keycode 238

Fri Sep  6 11:51:39 2019
 XserverDesktop: Added unknown keysym 0x6f0 to keycode 237
 XserverDesktop: Added unknown keysym 0x6d2 to keycode 236
 XserverDesktop: Added unknown keysym 0x6c9 to keycode 235

Fri Sep  6 11:51:42 2019
 XserverDesktop: Added unknown keysym 0x6e2 to keycode 234

Fri Sep  6 11:52:48 2019
 XserverDesktop: Added unknown keysym 0x6a3 to keycode 233
 XserverDesktop: Added unknown keysym 0x6cd to keycode 232

Fri Sep  6 11:53:23 2019
 XserverDesktop: Added unknown keysym 0x6fc to keycode 231

Fri Sep  6 11:54:22 2019
 XserverDesktop: Added unknown keysym 0x6cc to keycode 230

Fri Sep  6 11:54:23 2019
 XserverDesktop: Added unknown keysym 0x6d8 to keycode 229

Fri Sep  6 11:54:49 2019
 XserverDesktop: Added unknown keysym 0x6de to keycode 228

Fri Sep  6 11:54:51 2019
 XserverDesktop: Added unknown keysym 0x6c4 to keycode 227

Fri Sep  6 11:54:52 2019
 XserverDesktop: Added unknown keysym 0x6d1 to keycode 226

Fri Sep  6 11:58:26 2019
 XserverDesktop: Added unknown keysym 0x6ee to keycode 225

Fri Sep  6 11:58:33 2019
 XserverDesktop: Added unknown keysym 0x6d9 to keycode 224

Fri Sep  6 12:00:24 2019
 XserverDesktop: Added unknown keysym 0x6c7 to keycode 223

Fri Sep  6 12:36:51 2019
 Connections: closed: 0.0.0.0::49399 (Clean disconnection)
 SMsgWriter:  framebuffer updates 13909
 SMsgWriter:    copyRect rects 11518, bytes 184288
 SMsgWriter:    hextile rects 89053, bytes 177391169
 SMsgWriter:    raw bytes equivalent 1562459326, compression ratio 8.807988
