
Xvnc Free Edition 4.1.1 - built Feb 25 2015 23:02:21
Copyright (C) 2002-2005 RealVNC Ltd.
See http://www.realvnc.com for information on VNC.
Underlying X server release 40300000, The XFree86 Project, Inc


Fri Oct  4 11:53:26 2019
 vncext:      VNC extension running!
 vncext:      Listening for VNC connections on port 5928
 vncext:      created VNC server for screen 0
error opening security policy file /etc/X11/xserver/SecurityPolicy
Could not init font path element /usr/X11R6/lib/X11/fonts/Type1/, removing from list!
Could not init font path element /usr/X11R6/lib/X11/fonts/Speedo/, removing from list!
Could not init font path element /usr/X11R6/lib/X11/fonts/misc/, removing from list!
Could not init font path element /usr/X11R6/lib/X11/fonts/75dpi/, removing from list!
Could not init font path element /usr/X11R6/lib/X11/fonts/100dpi/, removing from list!
Could not init font path element /usr/share/fonts/X11/75dpi/, removing from list!
Could not init font path element /usr/share/fonts/X11/100dpi/, removing from list!

(x-window-manager:14737): xfwm4-WARNING **: 11:53:29.447: The display does not support the XRender extension.

(x-window-manager:14737): xfwm4-WARNING **: 11:53:29.448: The display does not support the XComposite extension.

(x-window-manager:14737): xfwm4-WARNING **: 11:53:29.448: The display does not support the XDamage extension.

(x-window-manager:14737): xfwm4-WARNING **: 11:53:29.448: The display does not support the XFixes extension.

(x-window-manager:14737): xfwm4-WARNING **: 11:53:29.448: Compositing manager disabled.
xfwm4-Message: 11:53:29.517: Unsupported keyboard modifier '<Super>Tab'

(x-window-manager:14737): xfwm4-WARNING **: 11:53:29.526: Failed to connect to session manager: Failed to connect to the session manager: SESSION_MANAGER environment variable not defined
Failed to connect to session manager: Failed to connect to the session manager: SESSION_MANAGER environment variable not defined

Fri Oct  4 11:53:35 2019
 Connections: accepted: 0.0.0.0::61141
 SConnection: Client needs protocol version 3.8
 SConnection: Client requests security type VncAuth(2)

Fri Oct  4 11:53:38 2019
 VNCSConnST:  Server default pixel format depth 16 (16bpp) little-endian rgb565
 VNCSConnST:  Client pixel format depth 16 (16bpp) little-endian rgb565

Fri Oct  4 12:44:15 2019
 Connections: closed: 0.0.0.0::61141 (read: Connection reset by peer (104))
 SMsgWriter:  framebuffer updates 2411
 SMsgWriter:    copyRect rects 727, bytes 11632
 SMsgWriter:    hextile rects 8967, bytes 26194375
 SMsgWriter:    raw bytes equivalent 469689420, compression ratio 17.930927
x-window-manager: Fatal IO error 4 (Interrupted system call) on X server :28.
