
Xvnc Free Edition 4.1.1 - built Feb 25 2015 23:02:21
Copyright (C) 2002-2005 RealVNC Ltd.
See http://www.realvnc.com for information on VNC.
Underlying X server release 40300000, The XFree86 Project, Inc


Fri Nov  8 11:32:28 2019
 vncext:      VNC extension running!
 vncext:      Listening for VNC connections on port 5923
 vncext:      created VNC server for screen 0
error opening security policy file /etc/X11/xserver/SecurityPolicy
Could not init font path element /usr/X11R6/lib/X11/fonts/Type1/, removing from list!
Could not init font path element /usr/X11R6/lib/X11/fonts/Speedo/, removing from list!
Could not init font path element /usr/X11R6/lib/X11/fonts/misc/, removing from list!
Could not init font path element /usr/X11R6/lib/X11/fonts/75dpi/, removing from list!
Could not init font path element /usr/X11R6/lib/X11/fonts/100dpi/, removing from list!
Could not init font path element /usr/share/fonts/X11/75dpi/, removing from list!
Could not init font path element /usr/share/fonts/X11/100dpi/, removing from list!
xrdb: No such file or directory
xrdb: can't open file '/home/is28/sharutin28/.Xresources'
/usr/bin/startxfce4: X server already running on display :23
gpg-agent[4157]: WARNING: "--write-env-file" is an obsolete option - it has no effect
gpg-agent: a gpg-agent is already running - not starting a new one

(xfce4-session:4147): xfce4-session-WARNING **: 11:32:31.659: gpg-agent returned no PID in the variables

(xfce4-session:4147): xfce4-session-WARNING **: 11:32:31.664: xfsm_manager_load_session: Something wrong with /home/is28/sharutin28/.cache/sessions/xfce4-session-virt-1:23, Does it exist? Permissions issue?

(xfwm4:4161): xfwm4-WARNING **: 11:32:31.710: The display does not support the XRender extension.

(xfwm4:4161): xfwm4-WARNING **: 11:32:31.710: The display does not support the XComposite extension.

(xfwm4:4161): xfwm4-WARNING **: 11:32:31.710: The display does not support the XDamage extension.

(xfwm4:4161): xfwm4-WARNING **: 11:32:31.710: The display does not support the XFixes extension.

(xfwm4:4161): xfwm4-WARNING **: 11:32:31.710: Compositing manager disabled.
xfwm4-Message: 11:32:31.884: Unsupported keyboard modifier '<Super>Tab'

** (light-locker:4173): ERROR **: 11:32:31.924: Environment variable XDG_SESSION_PATH not set. Is LightDM running?

(polkit-gnome-authentication-agent-1:4182): GLib-CRITICAL **: 11:32:31.948: g_variant_new_string: assertion 'string != NULL' failed

(polkit-gnome-authentication-agent-1:4182): polkit-gnome-1-WARNING **: 11:32:31.952: Failed to register client: GDBus.Error:org.freedesktop.DBus.Error.ServiceUnknown: The name org.gnome.SessionManager was not provided by any .service files
(uint32 1,)

(xfsettingsd:4170): xfsettingsd-CRITICAL **: 11:32:32.491: RANDR extension is too old, version 1.1. Display settings won't be applied.
Xlib:  extension "XInputExtension" missing on display ":23.0".

(xfsettingsd:4170): xfsettingsd-CRITICAL **: 11:32:32.492: XI is not present.

(xfsettingsd:4170): xfsettingsd-CRITICAL **: 11:32:32.492: Failed to initialize the Xkb extension.

(xfsettingsd:4170): xfsettingsd-CRITICAL **: 11:32:32.492: Failed to initialize the Accessibility extension.

(xfsettingsd:4170): GLib-CRITICAL **: 11:32:32.497: g_str_has_prefix: assertion 'prefix != NULL' failed

(xfsettingsd:4170): GLib-GObject-CRITICAL **: 11:32:32.513: g_value_get_string: assertion 'G_VALUE_HOLDS_STRING (value)' failed

(xfsettingsd:4170): GLib-GObject-CRITICAL **: 11:32:32.527: g_value_get_string: assertion 'G_VALUE_HOLDS_STRING (value)' failed
xfwm4-Message: 11:32:32.619: Unsupported keyboard modifier '<Super>Tab'

(nm-applet:4316): Gtk-WARNING **: 11:32:32.659: Can't set a parent on widget which has a parent

(nm-applet:4316): Gdk-CRITICAL **: 11:32:32.923: gdk_window_thaw_toplevel_updates: assertion 'window->update_and_descendants_freeze_count > 0' failed

Fri Nov  8 11:32:36 2019
 Connections: accepted: 0.0.0.0::59707
 SConnection: Client needs protocol version 3.8
 SConnection: Client requests security type VncAuth(2)

Fri Nov  8 11:32:40 2019
 VNCSConnST:  Server default pixel format depth 16 (16bpp) little-endian rgb565
 VNCSConnST:  Client pixel format depth 16 (16bpp) little-endian rgb565
/usr/lib/ubuntu-release-upgrader/check-new-release-gtk:30: PyGIWarning: Gtk was imported without specifying a version first. Use gi.require_version('Gtk', '3.0') before import to ensure that the right version gets loaded.
  from gi.repository import Gtk
WARNING:root:timeout reached, exiting
/usr/lib/python3/dist-packages/blueman/plugins/applet/AppIndicator.py:8: PyGIWarning: AppIndicator3 was imported without specifying a version first. Use gi.require_version('AppIndicator3', '0.1') before import to ensure that the right version gets loaded.
  from gi.repository import AppIndicator3 as girAppIndicator
ERROR:dbus.proxies:Introspect error on org.bluez:/org/bluez: dbus.exceptions.DBusException: org.freedesktop.DBus.Error.AccessDenied: Rejected send message, 2 matched rules; type="method_call", sender=":1.3395" (uid=1288 pid=4303 comm="/usr/bin/python3 /usr/bin/blueman-applet " label="unconfined") interface="org.freedesktop.DBus.Introspectable" member="Introspect" error name="(unset)" requested_reply="0" destination="org.bluez" (bus)
ERROR:dbus.proxies:Introspect error on org.bluez:/: dbus.exceptions.DBusException: org.freedesktop.DBus.Error.AccessDenied: Rejected send message, 2 matched rules; type="method_call", sender=":1.3395" (uid=1288 pid=4303 comm="/usr/bin/python3 /usr/bin/blueman-applet " label="unconfined") interface="org.freedesktop.DBus.Introspectable" member="Introspect" error name="(unset)" requested_reply="0" destination="org.bluez" (bus)
ERROR:dbus.proxies:Introspect error on org.bluez:/: dbus.exceptions.DBusException: org.freedesktop.DBus.Error.AccessDenied: Rejected send message, 2 matched rules; type="method_call", sender=":1.3395" (uid=1288 pid=4303 comm="/usr/bin/python3 /usr/bin/blueman-applet " label="unconfined") interface="org.freedesktop.DBus.Introspectable" member="Introspect" error name="(unset)" requested_reply="0" destination="org.bluez" (bus)

(wrapper-1.0:4349): Gdk-WARNING **: 11:32:58.718: /build/gtk+2.0-AoeliP/gtk+2.0-2.24.32/gdk/x11/gdkdrawable-x11.c:952 drawable is not a pixmap or window

(wrapper-1.0:4349): Gdk-WARNING **: 11:32:58.719: /build/gtk+2.0-AoeliP/gtk+2.0-2.24.32/gdk/x11/gdkdrawable-x11.c:952 drawable is not a pixmap or window
# Error constructing proxy for org.gnome.Terminal:/org/gnome/Terminal/Factory0: Error calling StartServiceByName for org.gnome.Terminal: Timeout was reached

(Thunar:4167): Gdk-WARNING **: 11:33:31.077: gdk_window_set_icon_list: icons too large
Xlib:  extension "XINERAMA" missing on display ":23.0".
# Error constructing proxy for org.gnome.Terminal:/org/gnome/Terminal/Factory0: Error calling StartServiceByName for org.gnome.Terminal: Timeout was reached
func=xmlSecCheckVersionExt:file=xmlsec.c:line=188:obj=unknown:subj=unknown:error=19:invalid version:mode=abi compatible;expected minor version=2;real minor version=2;expected subminor version=25;real subminor version=26
# Error constructing proxy for org.gnome.Terminal:/org/gnome/Terminal/Factory0: Error calling StartServiceByName for org.gnome.Terminal: Timeout was reached
# Error constructing proxy for org.gnome.Terminal:/org/gnome/Terminal/Factory0: Error calling StartServiceByName for org.gnome.Terminal: Timeout was reached

(Thunar:4167): Gdk-WARNING **: 11:36:31.606: gdk_window_set_icon_list: icons too large

(Thunar:4167): Gdk-WARNING **: 11:37:24.203: gdk_window_set_icon_list: icons too large
func=xmlSecCheckVersionExt:file=xmlsec.c:line=188:obj=unknown:subj=unknown:error=19:invalid version:mode=abi compatible;expected minor version=2;real minor version=2;expected subminor version=25;real subminor version=26
func=xmlSecCheckVersionExt:file=xmlsec.c:line=188:obj=unknown:subj=unknown:error=19:invalid version:mode=abi compatible;expected minor version=2;real minor version=2;expected subminor version=25;real subminor version=26
func=xmlSecCheckVersionExt:file=xmlsec.c:line=188:obj=unknown:subj=unknown:error=19:invalid version:mode=abi compatible;expected minor version=2;real minor version=2;expected subminor version=25;real subminor version=26

(Thunar:4167): Gdk-WARNING **: 11:38:31.019: gdk_window_set_icon_list: icons too large

(gedit:6480): Gtk-WARNING **: 11:40:16.408: Calling org.xfce.Session.Manager.Inhibit failed: GDBus.Error:org.freedesktop.DBus.Error.UnknownMethod: Method "Inhibit" with signature "susu" on interface "org.xfce.Session.Manager" doesn't exist


Fri Nov  8 12:31:33 2019
 Connections: closed: 0.0.0.0::59707 (read: Connection reset by peer (104))
 SMsgWriter:  framebuffer updates 47352
 SMsgWriter:    copyRect rects 905, bytes 14480
 SMsgWriter:    hextile rects 2513285, bytes -1968690065
 SMsgWriter:    raw bytes equivalent 1650641030, compression ratio -0.838446
