
Xvnc Free Edition 4.1.1 - built Feb 25 2015 23:02:21
Copyright (C) 2002-2005 RealVNC Ltd.
See http://www.realvnc.com for information on VNC.
Underlying X server release 40300000, The XFree86 Project, Inc


Thu Feb 27 10:44:04 2020
 vncext:      VNC extension running!
 vncext:      Listening for VNC connections on port 5911
 vncext:      created VNC server for screen 0
error opening security policy file /etc/X11/xserver/SecurityPolicy
Could not init font path element /usr/X11R6/lib/X11/fonts/Type1/, removing from list!
Could not init font path element /usr/X11R6/lib/X11/fonts/Speedo/, removing from list!
Could not init font path element /usr/X11R6/lib/X11/fonts/misc/, removing from list!
Could not init font path element /usr/X11R6/lib/X11/fonts/75dpi/, removing from list!
Could not init font path element /usr/X11R6/lib/X11/fonts/100dpi/, removing from list!
Could not init font path element /usr/share/fonts/X11/75dpi/, removing from list!
Could not init font path element /usr/share/fonts/X11/100dpi/, removing from list!
xrdb: No such file or directory
xrdb: can't open file '/home/is28/sharutin28/.Xresources'
/usr/bin/startxfce4: X server already running on display :11
gpg-agent[32304]: WARNING: "--write-env-file" is an obsolete option - it has no effect
gpg-agent: a gpg-agent is already running - not starting a new one

(xfce4-session:32294): xfce4-session-WARNING **: 10:44:07.681: gpg-agent returned no PID in the variables

(xfce4-session:32294): xfce4-session-WARNING **: 10:44:07.682: xfsm_manager_load_session: Something wrong with /home/is28/sharutin28/.cache/sessions/xfce4-session-virt-1:11, Does it exist? Permissions issue?

(xfwm4:32308): xfwm4-WARNING **: 10:44:07.710: The display does not support the XRender extension.

(xfwm4:32308): xfwm4-WARNING **: 10:44:07.710: The display does not support the XComposite extension.

(xfwm4:32308): xfwm4-WARNING **: 10:44:07.710: The display does not support the XDamage extension.

(xfwm4:32308): xfwm4-WARNING **: 10:44:07.710: The display does not support the XFixes extension.

(xfwm4:32308): xfwm4-WARNING **: 10:44:07.710: Compositing manager disabled.

** (light-locker:32317): ERROR **: 10:44:07.739: Environment variable XDG_SESSION_PATH not set. Is LightDM running?

(polkit-gnome-authentication-agent-1:32319): GLib-CRITICAL **: 10:44:07.757: g_variant_new_string: assertion 'string != NULL' failed

(polkit-gnome-authentication-agent-1:32319): polkit-gnome-1-WARNING **: 10:44:07.759: Failed to register client: GDBus.Error:org.freedesktop.DBus.Error.ServiceUnknown: The name org.gnome.SessionManager was not provided by any .service files
xfwm4-Message: 10:44:07.776: Unsupported keyboard modifier '<Super>Tab'
(uint32 1,)

(xfsettingsd:32322): xfsettingsd-CRITICAL **: 10:44:07.901: RANDR extension is too old, version 1.1. Display settings won't be applied.
Xlib:  extension "XInputExtension" missing on display ":11.0".

(xfsettingsd:32322): xfsettingsd-CRITICAL **: 10:44:07.902: XI is not present.

(xfsettingsd:32322): xfsettingsd-CRITICAL **: 10:44:07.905: Failed to initialize the Xkb extension.

(xfsettingsd:32322): xfsettingsd-CRITICAL **: 10:44:07.905: Failed to initialize the Accessibility extension.
xfwm4-Message: 10:44:07.956: Unsupported keyboard modifier '<Super>Tab'

(nm-applet:32436): Gtk-WARNING **: 10:44:08.250: Can't set a parent on widget which has a parent

(nm-applet:32436): Gdk-CRITICAL **: 10:44:08.388: gdk_window_thaw_toplevel_updates: assertion 'window->update_and_descendants_freeze_count > 0' failed

Thu Feb 27 10:44:10 2020
 Connections: accepted: 0.0.0.0::50733
 SConnection: Client needs protocol version 3.8
 SConnection: Client requests security type VncAuth(2)

Thu Feb 27 10:44:13 2020
 VNCSConnST:  Server default pixel format depth 16 (16bpp) little-endian rgb565
 VNCSConnST:  Client pixel format depth 16 (16bpp) little-endian rgb565
/usr/lib/python3/dist-packages/blueman/plugins/applet/AppIndicator.py:8: PyGIWarning: AppIndicator3 was imported without specifying a version first. Use gi.require_version('AppIndicator3', '0.1') before import to ensure that the right version gets loaded.
  from gi.repository import AppIndicator3 as girAppIndicator
ERROR:dbus.proxies:Introspect error on org.bluez:/org/bluez: dbus.exceptions.DBusException: org.freedesktop.DBus.Error.AccessDenied: Rejected send message, 2 matched rules; type="method_call", sender=":1.1069" (uid=1288 pid=32420 comm="/usr/bin/python3 /usr/bin/blueman-applet " label="unconfined") interface="org.freedesktop.DBus.Introspectable" member="Introspect" error name="(unset)" requested_reply="0" destination="org.bluez" (bus)
ERROR:dbus.proxies:Introspect error on org.bluez:/: dbus.exceptions.DBusException: org.freedesktop.DBus.Error.AccessDenied: Rejected send message, 2 matched rules; type="method_call", sender=":1.1069" (uid=1288 pid=32420 comm="/usr/bin/python3 /usr/bin/blueman-applet " label="unconfined") interface="org.freedesktop.DBus.Introspectable" member="Introspect" error name="(unset)" requested_reply="0" destination="org.bluez" (bus)
ERROR:dbus.proxies:Introspect error on org.bluez:/: dbus.exceptions.DBusException: org.freedesktop.DBus.Error.AccessDenied: Rejected send message, 2 matched rules; type="method_call", sender=":1.1069" (uid=1288 pid=32420 comm="/usr/bin/python3 /usr/bin/blueman-applet " label="unconfined") interface="org.freedesktop.DBus.Introspectable" member="Introspect" error name="(unset)" requested_reply="0" destination="org.bluez" (bus)

(wrapper-1.0:32472): Gdk-WARNING **: 10:44:33.317: /build/gtk+2.0-AoeliP/gtk+2.0-2.24.32/gdk/x11/gdkdrawable-x11.c:952 drawable is not a pixmap or window

Thu Feb 27 10:59:08 2020
 Connections: closed: 0.0.0.0::50733 (read: Connection reset by peer (104))
 SMsgWriter:  framebuffer updates 2380
 SMsgWriter:    copyRect rects 130, bytes 2080
 SMsgWriter:    hextile rects 8671, bytes 17730513
 SMsgWriter:    raw bytes equivalent 159550524, compression ratio 8.998641
ERROR:dbus.proxies:Introspect error on org.bluez:/: dbus.exceptions.DBusException: org.freedesktop.DBus.Error.AccessDenied: Rejected send message, 2 matched rules; type="method_call", sender=":1.1069" (uid=1288 pid=32420 comm="/usr/bin/python3 /usr/bin/blueman-applet " label="unconfined") interface="org.freedesktop.DBus.Introspectable" member="Introspect" error name="(unset)" requested_reply="0" destination="org.bluez" (uid=0 pid=63953 comm="/usr/lib/bluetooth/bluetoothd " label="unconfined")
xfwm4: Fatal IO error 4 (Interrupted system call) on X server :11.0.
xfdesktop: Fatal IO error 11 (Resource temporarily unavailable) on X server :11.0.
