
Xvnc Free Edition 4.1.1 - built Jul 31 2015 19:10:31
Copyright (C) 2002-2005 RealVNC Ltd.
See http://www.realvnc.com for information on VNC.
Underlying X server release 40300000, The XFree86 Project, Inc


Fri Sep  6 11:32:22 2019
 vncext:      VNC extension running!
 vncext:      Listening for VNC connections on port 5923
 vncext:      created VNC server for screen 0
error opening security policy file /etc/X11/xserver/SecurityPolicy
Could not init font path element /usr/X11R6/lib/X11/fonts/Type1/, removing from list!
Could not init font path element /usr/X11R6/lib/X11/fonts/Speedo/, removing from list!
Could not init font path element /usr/X11R6/lib/X11/fonts/misc/, removing from list!
Could not init font path element /usr/X11R6/lib/X11/fonts/75dpi/, removing from list!
Could not init font path element /usr/X11R6/lib/X11/fonts/100dpi/, removing from list!
Could not init font path element /usr/share/fonts/X11/75dpi/, removing from list!
Could not init font path element /usr/share/fonts/X11/100dpi/, removing from list!
Option "--login" is no longer supported in this version of gnome-terminal; you might want to create a profile with the desired setting, and use the new '--profile' option

(gnome-terminal:12831): GLib-GIO-CRITICAL **: g_settings_get: the format string may not contain '&' (key 'monospace-font-name' from schema 'org.gnome.desktop.interface'). This call will probably stop working with a future version of glib.

(gnome-terminal:12831): Vte-2.90-WARNING **: Unable to convert characters from текущая to X-VTE-GUNICHAR.
Unhandled value type TerminalEncoding of pspec encoding

(x-window-manager:12832): xfwm4-WARNING **: The display does not support the XRender extension.

(x-window-manager:12832): xfwm4-WARNING **: The display does not support the XComposite extension.

(x-window-manager:12832): xfwm4-WARNING **: The display does not support the XDamage extension.

(x-window-manager:12832): xfwm4-WARNING **: The display does not support the XFixes extension.

(x-window-manager:12832): xfwm4-WARNING **: Compositing manager disabled.

(x-window-manager:12832): GLib-CRITICAL **: g_str_has_prefix: assertion 'prefix != NULL' failed

(x-window-manager:12832): xfwm4-WARNING **: The property '/general/double_click_distance' of type int is not supported

(x-window-manager:12832): xfwm4-WARNING **: Failed to connect to session manager: Не удалось подключиться к менеджеру сеансов: SESSION_MANAGER environment variable not defined

Fri Sep  6 11:33:08 2019
 Connections: accepted: 0.0.0.0::50198
 SConnection: Client needs protocol version 3.8
 SConnection: Client requests security type VncAuth(2)

Fri Sep  6 11:33:15 2019
 VNCSConnST:  Server default pixel format depth 16 (16bpp) little-endian rgb565
 VNCSConnST:  Client pixel format depth 16 (16bpp) little-endian rgb565

Fri Sep  6 11:35:44 2019
 XserverDesktop: Added unknown keysym 0x6da to keycode 255

Fri Sep  6 11:44:27 2019
 Connections: closed: 0.0.0.0::50198 (Clean disconnection)
 SMsgWriter:  framebuffer updates 1599
 SMsgWriter:    copyRect rects 1292, bytes 20672
 SMsgWriter:    hextile rects 7760, bytes 21665150
 SMsgWriter:    raw bytes equivalent 190891858, compression ratio 8.811010

Fri Sep  6 11:44:37 2019
 Connections: accepted: 0.0.0.0::50240
 SConnection: Client needs protocol version 3.8
 SConnection: Client requests security type VncAuth(2)

Fri Sep  6 11:44:40 2019
 VNCSConnST:  Server default pixel format depth 16 (16bpp) little-endian rgb565
 VNCSConnST:  Client pixel format depth 16 (16bpp) little-endian rgb565
 VNCSConnST:  Client pixel format depth 16 (16bpp) little-endian rgb565

Fri Sep  6 11:50:00 2019
 XserverDesktop: Added unknown keysym 0x6d7 to keycode 254

Fri Sep  6 11:50:01 2019
 XserverDesktop: Added unknown keysym 0x6c5 to keycode 253
 XserverDesktop: Added unknown keysym 0x6c4 to keycode 252
 XserverDesktop: Added unknown keysym 0x6c9 to keycode 251
 XserverDesktop: Added unknown keysym 0x6d4 to keycode 250

Fri Sep  6 11:50:03 2019
 XserverDesktop: Added unknown keysym 0x6cd to keycode 249
 XserverDesktop: Added unknown keysym 0x6d1 to keycode 248

Fri Sep  6 11:50:04 2019
 XserverDesktop: Added unknown keysym 0x6dc to keycode 247

Fri Sep  6 11:51:49 2019
 XserverDesktop: Added unknown keysym 0x6d0 to keycode 246
 XserverDesktop: Added unknown keysym 0x6d2 to keycode 245

Fri Sep  6 11:53:24 2019
 XserverDesktop: Added unknown keysym 0x6cc to keycode 244

Fri Sep  6 11:53:25 2019
 XserverDesktop: Added unknown keysym 0x6db to keycode 243

Fri Sep  6 11:56:02 2019
 XserverDesktop: Added unknown keysym 0x6cf to keycode 242
 XserverDesktop: Added unknown keysym 0x6cb to keycode 241
 XserverDesktop: Added unknown keysym 0x6c1 to keycode 240

Fri Sep  6 11:58:52 2019
 XserverDesktop: Added unknown keysym 0x6f3 to keycode 239
 XserverDesktop: Added unknown keysym 0x6d8 to keycode 238

Fri Sep  6 12:01:02 2019
 XserverDesktop: Added unknown keysym 0x6ee to keycode 237

Fri Sep  6 12:01:05 2019
 XserverDesktop: Added unknown keysym 0xf3 to keycode 236

Fri Sep  6 12:01:06 2019
 XserverDesktop: Added unknown keysym 0x6de to keycode 235

Fri Sep  6 12:37:50 2019
 Connections: closed: 0.0.0.0::50240 (read: Connection reset by peer (104))
 SMsgWriter:  framebuffer updates 8220
 SMsgWriter:    copyRect rects 1303, bytes 20848
 SMsgWriter:    hextile rects 2, bytes 8298
 SMsgWriter:    ZRLE rects 20984, bytes 12638086
 SMsgWriter:    raw bytes equivalent 634174284, compression ratio 50.146689
