
Xvnc Free Edition 4.1.1 - built Feb 25 2015 23:02:21
Copyright (C) 2002-2005 RealVNC Ltd.
See http://www.realvnc.com for information on VNC.
Underlying X server release 40300000, The XFree86 Project, Inc


Fri Dec 13 11:25:14 2019
 vncext:      VNC extension running!
 vncext:      Listening for VNC connections on port 5912
 vncext:      created VNC server for screen 0
error opening security policy file /etc/X11/xserver/SecurityPolicy
Could not init font path element /usr/X11R6/lib/X11/fonts/Type1/, removing from list!
Could not init font path element /usr/X11R6/lib/X11/fonts/Speedo/, removing from list!
Could not init font path element /usr/X11R6/lib/X11/fonts/misc/, removing from list!
Could not init font path element /usr/X11R6/lib/X11/fonts/75dpi/, removing from list!
Could not init font path element /usr/X11R6/lib/X11/fonts/100dpi/, removing from list!
Could not init font path element /usr/share/fonts/X11/75dpi/, removing from list!
Could not init font path element /usr/share/fonts/X11/100dpi/, removing from list!
xrdb: No such file or directory
xrdb: can't open file '/home/is28/makshaev28/.Xresources'
/usr/bin/startxfce4: X server already running on display :12
gpg-agent[22231]: WARNING: "--write-env-file" is an obsolete option - it has no effect
gpg-agent: a gpg-agent is already running - not starting a new one

(xfce4-session:22221): xfce4-session-WARNING **: 11:25:17.919: gpg-agent returned no PID in the variables

(xfce4-session:22221): xfce4-session-WARNING **: 11:25:17.920: xfsm_manager_load_session: Something wrong with /home/is28/makshaev28/.cache/sessions/xfce4-session-virt-1:12, Does it exist? Permissions issue?

(xfwm4:22235): xfwm4-WARNING **: 11:25:17.945: The display does not support the XRender extension.

(xfwm4:22235): xfwm4-WARNING **: 11:25:17.945: The display does not support the XComposite extension.

(xfwm4:22235): xfwm4-WARNING **: 11:25:17.945: The display does not support the XDamage extension.

(xfwm4:22235): xfwm4-WARNING **: 11:25:17.945: The display does not support the XFixes extension.

(xfwm4:22235): xfwm4-WARNING **: 11:25:17.945: Compositing manager disabled.
(uint32 1,)

** (light-locker:22244): ERROR **: 11:25:18.044: Environment variable XDG_SESSION_PATH not set. Is LightDM running?

(polkit-gnome-authentication-agent-1:22247): GLib-CRITICAL **: 11:25:18.074: g_variant_new_string: assertion 'string != NULL' failed

(polkit-gnome-authentication-agent-1:22247): polkit-gnome-1-WARNING **: 11:25:18.075: Failed to register client: GDBus.Error:org.freedesktop.DBus.Error.ServiceUnknown: The name org.gnome.SessionManager was not provided by any .service files

(xfsettingsd:22245): xfsettingsd-CRITICAL **: 11:25:18.096: RANDR extension is too old, version 1.1. Display settings won't be applied.
Xlib:  extension "XInputExtension" missing on display ":12.0".

(xfsettingsd:22245): xfsettingsd-CRITICAL **: 11:25:18.096: XI is not present.

(xfsettingsd:22245): xfsettingsd-CRITICAL **: 11:25:18.100: Failed to initialize the Xkb extension.

(xfsettingsd:22245): xfsettingsd-CRITICAL **: 11:25:18.100: Failed to initialize the Accessibility extension.
xfwm4-Message: 11:25:18.152: Unsupported keyboard modifier '<Super>Tab'
xfwm4-Message: 11:25:18.197: Unsupported keyboard modifier '<Super>Tab'

(nm-applet:22294): Gtk-WARNING **: 11:25:18.362: Can't set a parent on widget which has a parent

(nm-applet:22294): Gdk-CRITICAL **: 11:25:18.501: gdk_window_thaw_toplevel_updates: assertion 'window->update_and_descendants_freeze_count > 0' failed

Fri Dec 13 11:25:32 2019
 Connections: accepted: 0.0.0.0::49271
 SConnection: Client needs protocol version 3.8
 SConnection: Client requests security type VncAuth(2)

Fri Dec 13 11:25:36 2019
 VNCSConnST:  Server default pixel format depth 16 (16bpp) little-endian rgb565
 VNCSConnST:  Client pixel format depth 16 (16bpp) little-endian rgb565
/usr/lib/python3/dist-packages/blueman/plugins/applet/AppIndicator.py:8: PyGIWarning: AppIndicator3 was imported without specifying a version first. Use gi.require_version('AppIndicator3', '0.1') before import to ensure that the right version gets loaded.
  from gi.repository import AppIndicator3 as girAppIndicator
ERROR:dbus.proxies:Introspect error on org.bluez:/org/bluez: dbus.exceptions.DBusException: org.freedesktop.DBus.Error.AccessDenied: Rejected send message, 2 matched rules; type="method_call", sender=":1.2320" (uid=1279 pid=22286 comm="/usr/bin/python3 /usr/bin/blueman-applet " label="unconfined") interface="org.freedesktop.DBus.Introspectable" member="Introspect" error name="(unset)" requested_reply="0" destination="org.bluez" (bus)
ERROR:dbus.proxies:Introspect error on org.bluez:/: dbus.exceptions.DBusException: org.freedesktop.DBus.Error.AccessDenied: Rejected send message, 2 matched rules; type="method_call", sender=":1.2320" (uid=1279 pid=22286 comm="/usr/bin/python3 /usr/bin/blueman-applet " label="unconfined") interface="org.freedesktop.DBus.Introspectable" member="Introspect" error name="(unset)" requested_reply="0" destination="org.bluez" (bus)
ERROR:dbus.proxies:Introspect error on org.bluez:/: dbus.exceptions.DBusException: org.freedesktop.DBus.Error.AccessDenied: Rejected send message, 2 matched rules; type="method_call", sender=":1.2320" (uid=1279 pid=22286 comm="/usr/bin/python3 /usr/bin/blueman-applet " label="unconfined") interface="org.freedesktop.DBus.Introspectable" member="Introspect" error name="(unset)" requested_reply="0" destination="org.bluez" (bus)

(wrapper-1.0:22399): Gdk-WARNING **: 11:25:43.510: /build/gtk+2.0-AoeliP/gtk+2.0-2.24.32/gdk/x11/gdkdrawable-x11.c:952 drawable is not a pixmap or window

(polkit-gnome-authentication-agent-1:22247): polkit-gnome-1-WARNING **: 11:31:04.262: Couldn't open user icon: Failed to open file '/home/adom/.face': No such file or directory

(polkit-gnome-authentication-agent-1:22247): polkit-gnome-1-WARNING **: 11:31:04.268: Couldn't open user icon: Failed to open file '/home/test/.face': No such file or directory
Gtk-Message: 11:31:04.306: GtkDialog mapped without a transient parent. This is discouraged.

(Thunar:22241): Gdk-WARNING **: 11:31:04.612: gdk_window_set_icon_list: icons too large

(Thunar:22241): GLib-GIO-CRITICAL **: 11:31:06.455: g_file_hash: assertion 'G_IS_FILE (file)' failed

(Thunar:22241): GLib-GIO-CRITICAL **: 11:31:06.455: g_file_query_info_async: assertion 'G_IS_FILE (file)' failed

(Thunar:22241): GLib-GObject-CRITICAL **: 11:31:06.455: g_object_unref: assertion 'G_IS_OBJECT (object)' failed
Xlib:  extension "XINERAMA" missing on display ":12.0".
func=xmlSecCheckVersionExt:file=xmlsec.c:line=188:obj=unknown:subj=unknown:error=19:invalid version:mode=abi compatible;expected minor version=2;real minor version=2;expected subminor version=25;real subminor version=26

(soffice:25439): GLib-GObject-WARNING **: 11:31:14.841: ../../../../gobject/gsignal.c:3492: signal name 'selection_changed' is invalid for instance '0x5649b25476a0' of type 'OOoAtkObjCompTxt'
func=xmlSecCheckVersionExt:file=xmlsec.c:line=188:obj=unknown:subj=unknown:error=19:invalid version:mode=abi compatible;expected minor version=2;real minor version=2;expected subminor version=25;real subminor version=26
/usr/lib/ubuntu-release-upgrader/check-new-release-gtk:30: PyGIWarning: Gtk was imported without specifying a version first. Use gi.require_version('Gtk', '3.0') before import to ensure that the right version gets loaded.
  from gi.repository import Gtk
WARNING:root:timeout reached, exiting

(Thunar:22241): Gdk-WARNING **: 12:15:35.147: gdk_window_set_icon_list: icons too large

(Thunar:22241): Gdk-WARNING **: 12:15:40.466: gdk_window_set_icon_list: icons too large

(gedit:29974): Gtk-WARNING **: 12:20:28.133: Calling org.xfce.Session.Manager.Inhibit failed: GDBus.Error:org.freedesktop.DBus.Error.UnknownMethod: Method "Inhibit" with signature "susu" on interface "org.xfce.Session.Manager" doesn't exist


Fri Dec 13 12:43:09 2019
 Connections: closed: 0.0.0.0::49271 (Clean disconnection)
 SMsgWriter:  framebuffer updates 18750
 SMsgWriter:    copyRect rects 1628, bytes 26048
 SMsgWriter:    hextile rects 39814, bytes 87359703
 SMsgWriter:    raw bytes equivalent 936767334, compression ratio 10.723106

(tracker-miner-fs:22250): GLib-GObject-WARNING **: 13:57:39.633: g_object_notify: object class 'UpClient' has no property named 'g-name-owner'

(tracker-miner-fs:22250): GLib-GObject-WARNING **: 13:57:39.633: g_object_notify: object class 'UpDevice' has no property named 'g-name-owner'

(xfdesktop:22243): libxfce4ui-WARNING **: 13:57:39.733: ICE I/O Error

(xfdesktop:22243): libxfce4ui-WARNING **: 13:57:39.733: Disconnected from session manager.
xfwm4: Fatal IO error 4 (Interrupted system call) on X server :12.0.
xfdesktop: Fatal IO error 11 (Resource temporarily unavailable) on X server :12.0.
