
Xvnc Free Edition 4.1.1 - built Feb 25 2015 23:02:21
Copyright (C) 2002-2005 RealVNC Ltd.
See http://www.realvnc.com for information on VNC.
Underlying X server release 40300000, The XFree86 Project, Inc


Fri Dec  6 11:28:05 2019
 vncext:      VNC extension running!
 vncext:      Listening for VNC connections on port 5909
 vncext:      created VNC server for screen 0
error opening security policy file /etc/X11/xserver/SecurityPolicy
Could not init font path element /usr/X11R6/lib/X11/fonts/Type1/, removing from list!
Could not init font path element /usr/X11R6/lib/X11/fonts/Speedo/, removing from list!
Could not init font path element /usr/X11R6/lib/X11/fonts/misc/, removing from list!
Could not init font path element /usr/X11R6/lib/X11/fonts/75dpi/, removing from list!
Could not init font path element /usr/X11R6/lib/X11/fonts/100dpi/, removing from list!
Could not init font path element /usr/share/fonts/X11/75dpi/, removing from list!
Could not init font path element /usr/share/fonts/X11/100dpi/, removing from list!
xrdb: No such file or directory
xrdb: can't open file '/home/is28/makshaev28/.Xresources'
/usr/bin/startxfce4: X server already running on display :9
gpg-agent[22546]: WARNING: "--write-env-file" is an obsolete option - it has no effect
gpg-agent: a gpg-agent is already running - not starting a new one

(xfce4-session:22539): xfce4-session-WARNING **: 11:28:08.443: gpg-agent returned no PID in the variables

(xfce4-session:22539): xfce4-session-WARNING **: 11:28:08.444: xfsm_manager_load_session: Something wrong with /home/is28/makshaev28/.cache/sessions/xfce4-session-virt-1:9, Does it exist? Permissions issue?

(xfwm4:22549): xfwm4-WARNING **: 11:28:08.470: The display does not support the XRender extension.

(xfwm4:22549): xfwm4-WARNING **: 11:28:08.470: The display does not support the XComposite extension.

(xfwm4:22549): xfwm4-WARNING **: 11:28:08.470: The display does not support the XDamage extension.

(xfwm4:22549): xfwm4-WARNING **: 11:28:08.470: The display does not support the XFixes extension.

(xfwm4:22549): xfwm4-WARNING **: 11:28:08.470: Compositing manager disabled.
(uint32 2,)

(xfsettingsd:22558): xfsettingsd-CRITICAL **: 11:28:08.544: RANDR extension is too old, version 1.1. Display settings won't be applied.
Xlib:  extension "XInputExtension" missing on display ":9.0".

(xfsettingsd:22558): xfsettingsd-CRITICAL **: 11:28:08.545: XI is not present.

(xfsettingsd:22558): xfsettingsd-CRITICAL **: 11:28:08.545: Failed to initialize the Xkb extension.

(xfsettingsd:22558): xfsettingsd-CRITICAL **: 11:28:08.545: Failed to initialize the Accessibility extension.
xfwm4-Message: 11:28:08.594: Unsupported keyboard modifier '<Super>Tab'
xfwm4-Message: 11:28:08.634: Unsupported keyboard modifier '<Super>Tab'

** (light-locker:22559): ERROR **: 11:28:08.757: Environment variable XDG_SESSION_PATH not set. Is LightDM running?

(polkit-gnome-authentication-agent-1:22561): GLib-CRITICAL **: 11:28:08.846: g_variant_new_string: assertion 'string != NULL' failed

(polkit-gnome-authentication-agent-1:22561): polkit-gnome-1-WARNING **: 11:28:08.856: Failed to register client: GDBus.Error:org.freedesktop.DBus.Error.ServiceUnknown: The name org.gnome.SessionManager was not provided by any .service files

(nm-applet:22606): Gtk-WARNING **: 11:28:09.277: Can't set a parent on widget which has a parent

(nm-applet:22606): Gdk-CRITICAL **: 11:28:09.428: gdk_window_thaw_toplevel_updates: assertion 'window->update_and_descendants_freeze_count > 0' failed

(tracker-miner-apps:22594): Tracker-CRITICAL **: 11:28:09.540: Could not request DBus name 'org.freedesktop.Tracker1.Miner.Applications': D-Bus service name:'org.freedesktop.Tracker1.Miner.Applications' is already taken, perhaps the application is already running?

(tracker-miner-fs:22563): Tracker-CRITICAL **: 11:28:09.558: Could not request DBus name 'org.freedesktop.Tracker1.Miner.Files': D-Bus service name:'org.freedesktop.Tracker1.Miner.Files' is already taken, perhaps the application is already running?

(tracker-extract:22569): Tracker-CRITICAL **: 11:28:09.573: Could not request DBus name 'org.freedesktop.Tracker1.Miner.Extract': D-Bus service name:'org.freedesktop.Tracker1.Miner.Extract' is already taken, perhaps the application is already running?

Fri Dec  6 11:28:32 2019
 Connections: accepted: 0.0.0.0::50207
 SConnection: Client needs protocol version 3.8
 SConnection: Client requests security type VncAuth(2)
/usr/lib/python3/dist-packages/blueman/plugins/applet/AppIndicator.py:8: PyGIWarning: AppIndicator3 was imported without specifying a version first. Use gi.require_version('AppIndicator3', '0.1') before import to ensure that the right version gets loaded.
  from gi.repository import AppIndicator3 as girAppIndicator
ERROR:dbus.proxies:Introspect error on org.bluez:/org/bluez: dbus.exceptions.DBusException: org.freedesktop.DBus.Error.AccessDenied: Rejected send message, 2 matched rules; type="method_call", sender=":1.12755" (uid=1279 pid=22602 comm="/usr/bin/python3 /usr/bin/blueman-applet " label="unconfined") interface="org.freedesktop.DBus.Introspectable" member="Introspect" error name="(unset)" requested_reply="0" destination="org.bluez" (bus)
ERROR:dbus.proxies:Introspect error on org.bluez:/: dbus.exceptions.DBusException: org.freedesktop.DBus.Error.AccessDenied: Rejected send message, 2 matched rules; type="method_call", sender=":1.12755" (uid=1279 pid=22602 comm="/usr/bin/python3 /usr/bin/blueman-applet " label="unconfined") interface="org.freedesktop.DBus.Introspectable" member="Introspect" error name="(unset)" requested_reply="0" destination="org.bluez" (bus)
ERROR:dbus.proxies:Introspect error on org.bluez:/: dbus.exceptions.DBusException: org.freedesktop.DBus.Error.AccessDenied: Rejected send message, 2 matched rules; type="method_call", sender=":1.12755" (uid=1279 pid=22602 comm="/usr/bin/python3 /usr/bin/blueman-applet " label="unconfined") interface="org.freedesktop.DBus.Introspectable" member="Introspect" error name="(unset)" requested_reply="0" destination="org.bluez" (bus)

(wrapper-1.0:22663): Gdk-WARNING **: 11:28:34.249: /build/gtk+2.0-AoeliP/gtk+2.0-2.24.32/gdk/x11/gdkdrawable-x11.c:952 drawable is not a pixmap or window

Fri Dec  6 11:28:35 2019
 SConnection: AuthFailureException: Authentication failure
 Connections: closed: 0.0.0.0::50207 (Authentication failure)
xfce4-session-Message: 11:48:28.727: Got disconnected from D-Bus.  Unless this happened during session shutdown, this is probably a bad thing.

(xfdesktop:22557): GVFS-RemoteVolumeMonitor-WARNING **: 11:48:28.730: Owner of volume monitor org.gtk.vfs.UDisks2VolumeMonitor disconnected from the bus; removing drives/volumes/mounts

(xfdesktop:22557): GVFS-RemoteVolumeMonitor-WARNING **: 11:48:28.730: Owner of volume monitor org.gtk.vfs.GPhoto2VolumeMonitor disconnected from the bus; removing drives/volumes/mounts

(xfdesktop:22557): GVFS-RemoteVolumeMonitor-WARNING **: 11:48:28.730: Owner of volume monitor org.gtk.vfs.GoaVolumeMonitor disconnected from the bus; removing drives/volumes/mounts

(xfdesktop:22557): GVFS-RemoteVolumeMonitor-WARNING **: 11:48:28.730: Owner of volume monitor org.gtk.vfs.MTPVolumeMonitor disconnected from the bus; removing drives/volumes/mounts

(xfdesktop:22557): GVFS-RemoteVolumeMonitor-WARNING **: 11:48:28.730: Owner of volume monitor org.gtk.vfs.AfcVolumeMonitor disconnected from the bus; removing drives/volumes/mounts

** (xfsettingsd:22558): CRITICAL **: 11:48:28.732: dbus_g_proxy_disconnect_signal: assertion '!DBUS_G_PROXY_DESTROYED (proxy)' failed

** (xfsettingsd:22558): CRITICAL **: 11:48:28.732: dbus_g_proxy_disconnect_signal: assertion '!DBUS_G_PROXY_DESTROYED (proxy)' failed

(xfsettingsd:22558): xfconf-CRITICAL **: 11:48:28.737: IA__xfconf_channel_set_bool: assertion 'XFCONF_IS_CHANNEL(channel) && property' failed

** (xfsettingsd:22558): CRITICAL **: 11:48:28.737: dbus_g_proxy_disconnect_signal: assertion '!DBUS_G_PROXY_DESTROYED (proxy)' failed

** (xfsettingsd:22558): CRITICAL **: 11:48:28.737: dbus_g_proxy_disconnect_signal: assertion '!DBUS_G_PROXY_DESTROYED (proxy)' failed
xfsettingsd: Fatal IO error 4 (Interrupted system call) on X server :9.0.
xfdesktop: Fatal IO error 4 (Interrupted system call) on X server :9.0.

(xfwm4:30246): Gtk-WARNING **: 11:48:28.752: cannot open display: :9.0
xfce4-panel: Cannot open display: :9.0.
Type "xfce4-panel --help" for usage.
