
Xvnc Free Edition 4.1.1 - built Feb 25 2015 23:02:21
Copyright (C) 2002-2005 RealVNC Ltd.
See http://www.realvnc.com for information on VNC.
Underlying X server release 40300000, The XFree86 Project, Inc


Fri Sep 27 11:36:29 2019
 vncext:      VNC extension running!
 vncext:      Listening for VNC connections on port 5930
 vncext:      created VNC server for screen 0
error opening security policy file /etc/X11/xserver/SecurityPolicy
Could not init font path element /usr/X11R6/lib/X11/fonts/Type1/, removing from list!
Could not init font path element /usr/X11R6/lib/X11/fonts/Speedo/, removing from list!
Could not init font path element /usr/X11R6/lib/X11/fonts/misc/, removing from list!
Could not init font path element /usr/X11R6/lib/X11/fonts/75dpi/, removing from list!
Could not init font path element /usr/X11R6/lib/X11/fonts/100dpi/, removing from list!
Could not init font path element /usr/share/fonts/X11/75dpi/, removing from list!
Could not init font path element /usr/share/fonts/X11/100dpi/, removing from list!

(x-window-manager:41834): xfwm4-WARNING **: 11:36:32.848: The display does not support the XRender extension.

(x-window-manager:41834): xfwm4-WARNING **: 11:36:32.848: The display does not support the XComposite extension.

(x-window-manager:41834): xfwm4-WARNING **: 11:36:32.848: The display does not support the XDamage extension.

(x-window-manager:41834): xfwm4-WARNING **: 11:36:32.848: The display does not support the XFixes extension.

(x-window-manager:41834): xfwm4-WARNING **: 11:36:32.848: Compositing manager disabled.
Failed to connect to session manager: Failed to connect to the session manager: SESSION_MANAGER environment variable not defined
xfwm4-Message: 11:36:32.889: Unsupported keyboard modifier '<Super>Tab'

(x-window-manager:41834): xfwm4-WARNING **: 11:36:32.897: Failed to connect to session manager: Failed to connect to the session manager: SESSION_MANAGER environment variable not defined

Fri Sep 27 11:36:41 2019
 Connections: accepted: 0.0.0.0::50492
 SConnection: Client needs protocol version 3.8
 SConnection: Client requests security type VncAuth(2)

Fri Sep 27 11:36:44 2019
 VNCSConnST:  Server default pixel format depth 16 (16bpp) little-endian rgb565
 VNCSConnST:  Client pixel format depth 16 (16bpp) little-endian rgb565
AUDIT: Fri Sep 27 11:38:06 2019: 41822 Xvnc4: client 8 rejected from local host
AUDIT: Fri Sep 27 11:44:45 2019: 41822 Xvnc4: client 9 rejected from local host
AUDIT: Fri Sep 27 11:44:47 2019: 41822 Xvnc4: client 9 rejected from local host

Fri Sep 27 11:49:31 2019
 XserverDesktop: Added unknown keysym 0x6f7 to keycode 255
xfwm4-Message: 11:49:31.415: Unsupported keyboard modifier '<Super>Tab'
 XserverDesktop: Added unknown keysym 0x6c5 to keycode 254
xfwm4-Message: 11:49:31.855: Unsupported keyboard modifier '<Super>Tab'

Fri Sep 27 11:49:33 2019
 XserverDesktop: Added unknown keysym 0x6c4 to keycode 253
 XserverDesktop: Added unknown keysym 0x6c9 to keycode 252
 XserverDesktop: Added unknown keysym 0x6d4 to keycode 251
xfwm4-Message: 11:49:33.607: Unsupported keyboard modifier '<Super>Tab'
 XserverDesktop: Added unknown keysym 0x6de to keycode 250
xfwm4-Message: 11:49:34.047: Unsupported keyboard modifier '<Super>Tab'

Fri Sep 27 11:49:34 2019
 XserverDesktop: Added unknown keysym 0x6d3 to keycode 249
 XserverDesktop: Added unknown keysym 0x6cc to keycode 248
 XserverDesktop: Added unknown keysym 0x6cf to keycode 247
xfwm4-Message: 11:49:34.624: Unsupported keyboard modifier '<Super>Tab'

Fri Sep 27 11:55:16 2019
 XserverDesktop: Added unknown keysym 0x6d0 to keycode 246
xfwm4-Message: 11:55:16.535: Unsupported keyboard modifier '<Super>Tab'
 XserverDesktop: Added unknown keysym 0x6d2 to keycode 245
xfwm4-Message: 11:55:16.815: Unsupported keyboard modifier '<Super>Tab'

Fri Sep 27 11:55:21 2019
 XserverDesktop: Added unknown keysym 0x6f6 to keycode 244
xfwm4-Message: 11:55:21.415: Unsupported keyboard modifier '<Super>Tab'

Fri Sep 27 11:56:51 2019
 XserverDesktop: Added unknown keysym 0x6c6 to keycode 243
xfwm4-Message: 11:56:51.428: Unsupported keyboard modifier '<Super>Tab'

Fri Sep 27 11:56:54 2019
 XserverDesktop: Added unknown keysym 0x6dd to keycode 242
xfwm4-Message: 11:56:54.797: Unsupported keyboard modifier '<Super>Tab'

Fri Sep 27 11:57:11 2019
 XserverDesktop: Added unknown keysym 0x6ce to keycode 241

Fri Sep 27 11:57:12 2019
 XserverDesktop: Added unknown keysym 0x6cd to keycode 240
xfwm4-Message: 11:57:12.332: Unsupported keyboard modifier '<Super>Tab'

Fri Sep 27 11:57:13 2019
 XserverDesktop: Added unknown keysym 0x6d1 to keycode 239
xfwm4-Message: 11:57:13.556: Unsupported keyboard modifier '<Super>Tab'
 XserverDesktop: Added unknown keysym 0x6c3 to keycode 238
 XserverDesktop: Added unknown keysym 0x6c1 to keycode 237
xfwm4-Message: 11:57:14.180: Unsupported keyboard modifier '<Super>Tab'

Fri Sep 27 11:57:15 2019
 XserverDesktop: Added unknown keysym 0x6fc to keycode 236
xfwm4-Message: 11:57:15.676: Unsupported keyboard modifier '<Super>Tab'

Fri Sep 27 11:58:29 2019
 XserverDesktop: Added unknown keysym 0x6ca to keycode 235
xfwm4-Message: 11:58:29.818: Unsupported keyboard modifier '<Super>Tab'

Fri Sep 27 11:58:30 2019
 XserverDesktop: Added unknown keysym 0x6da to keycode 234
xfwm4-Message: 11:58:30.722: Unsupported keyboard modifier '<Super>Tab'

Fri Sep 27 12:01:31 2019
 XserverDesktop: Added unknown keysym 0x6db to keycode 233
xfwm4-Message: 12:01:31.398: Unsupported keyboard modifier '<Super>Tab'

Fri Sep 27 12:02:17 2019
 XserverDesktop: Added unknown keysym 0x6cb to keycode 232
xfwm4-Message: 12:02:18.070: Unsupported keyboard modifier '<Super>Tab'

Fri Sep 27 12:02:19 2019
 XserverDesktop: Added unknown keysym 0x6d8 to keycode 231
xfwm4-Message: 12:02:19.293: Unsupported keyboard modifier '<Super>Tab'

Fri Sep 27 12:27:35 2019
 Connections: closed: 0.0.0.0::50492 (Clean disconnection)
 SMsgWriter:  framebuffer updates 9776
 SMsgWriter:    copyRect rects 2917, bytes 46672
 SMsgWriter:    hextile rects 48424, bytes 81063732
 SMsgWriter:    raw bytes equivalent 833179342, compression ratio 10.278078
x-window-manager: Fatal IO error 4 (Interrupted system call) on X server :30.
