
Xvnc Free Edition 4.1.1 - built Feb 25 2015 23:02:21
Copyright (C) 2002-2005 RealVNC Ltd.
See http://www.realvnc.com for information on VNC.
Underlying X server release 40300000, The XFree86 Project, Inc


Fri Nov 15 11:24:06 2019
 vncext:      VNC extension running!
 vncext:      Listening for VNC connections on port 5914
 vncext:      created VNC server for screen 0
error opening security policy file /etc/X11/xserver/SecurityPolicy
Could not init font path element /usr/X11R6/lib/X11/fonts/Type1/, removing from list!
Could not init font path element /usr/X11R6/lib/X11/fonts/Speedo/, removing from list!
Could not init font path element /usr/X11R6/lib/X11/fonts/misc/, removing from list!
Could not init font path element /usr/X11R6/lib/X11/fonts/75dpi/, removing from list!
Could not init font path element /usr/X11R6/lib/X11/fonts/100dpi/, removing from list!
Could not init font path element /usr/share/fonts/X11/75dpi/, removing from list!
Could not init font path element /usr/share/fonts/X11/100dpi/, removing from list!
xrdb: No such file or directory
xrdb: can't open file '/home/is28/makshaev28/.Xresources'
/usr/bin/startxfce4: X server already running on display :14
gpg-agent[30746]: WARNING: "--write-env-file" is an obsolete option - it has no effect
gpg-agent: a gpg-agent is already running - not starting a new one

(xfce4-session:30736): xfce4-session-WARNING **: 11:24:09.434: gpg-agent returned no PID in the variables

(xfce4-session:30736): xfce4-session-WARNING **: 11:24:09.443: xfsm_manager_load_session: Something wrong with /home/is28/makshaev28/.cache/sessions/xfce4-session-virt-1:14, Does it exist? Permissions issue?

(xfwm4:30750): xfwm4-WARNING **: 11:24:09.469: The display does not support the XRender extension.

(xfwm4:30750): xfwm4-WARNING **: 11:24:09.469: The display does not support the XComposite extension.

(xfwm4:30750): xfwm4-WARNING **: 11:24:09.469: The display does not support the XDamage extension.

(xfwm4:30750): xfwm4-WARNING **: 11:24:09.469: The display does not support the XFixes extension.

(xfwm4:30750): xfwm4-WARNING **: 11:24:09.469: Compositing manager disabled.
(uint32 1,)

** (light-locker:30760): ERROR **: 11:24:09.540: Environment variable XDG_SESSION_PATH not set. Is LightDM running?
xfwm4-Message: 11:24:09.595: Unsupported keyboard modifier '<Super>Tab'

(polkit-gnome-authentication-agent-1:30762): GLib-CRITICAL **: 11:24:09.621: g_variant_new_string: assertion 'string != NULL' failed

(polkit-gnome-authentication-agent-1:30762): polkit-gnome-1-WARNING **: 11:24:09.623: Failed to register client: GDBus.Error:org.freedesktop.DBus.Error.ServiceUnknown: The name org.gnome.SessionManager was not provided by any .service files

(xfsettingsd:30757): xfsettingsd-CRITICAL **: 11:24:09.708: RANDR extension is too old, version 1.1. Display settings won't be applied.
Xlib:  extension "XInputExtension" missing on display ":14.0".

(xfsettingsd:30757): xfsettingsd-CRITICAL **: 11:24:09.710: XI is not present.

(xfsettingsd:30757): xfsettingsd-CRITICAL **: 11:24:09.710: Failed to initialize the Xkb extension.

(xfsettingsd:30757): xfsettingsd-CRITICAL **: 11:24:09.716: Failed to initialize the Accessibility extension.
xfwm4-Message: 11:24:09.852: Unsupported keyboard modifier '<Super>Tab'

(nm-applet:30878): Gtk-WARNING **: 11:24:10.027: Can't set a parent on widget which has a parent

(nm-applet:30878): Gdk-CRITICAL **: 11:24:10.175: gdk_window_thaw_toplevel_updates: assertion 'window->update_and_descendants_freeze_count > 0' failed
/usr/lib/ubuntu-release-upgrader/check-new-release-gtk:30: PyGIWarning: Gtk was imported without specifying a version first. Use gi.require_version('Gtk', '3.0') before import to ensure that the right version gets loaded.
  from gi.repository import Gtk
WARNING:root:timeout reached, exiting
/usr/lib/python3/dist-packages/blueman/plugins/applet/AppIndicator.py:8: PyGIWarning: AppIndicator3 was imported without specifying a version first. Use gi.require_version('AppIndicator3', '0.1') before import to ensure that the right version gets loaded.
  from gi.repository import AppIndicator3 as girAppIndicator
ERROR:dbus.proxies:Introspect error on org.bluez:/org/bluez: dbus.exceptions.DBusException: org.freedesktop.DBus.Error.AccessDenied: Rejected send message, 2 matched rules; type="method_call", sender=":1.3790" (uid=1279 pid=30865 comm="/usr/bin/python3 /usr/bin/blueman-applet " label="unconfined") interface="org.freedesktop.DBus.Introspectable" member="Introspect" error name="(unset)" requested_reply="0" destination="org.bluez" (bus)
ERROR:dbus.proxies:Introspect error on org.bluez:/: dbus.exceptions.DBusException: org.freedesktop.DBus.Error.AccessDenied: Rejected send message, 2 matched rules; type="method_call", sender=":1.3790" (uid=1279 pid=30865 comm="/usr/bin/python3 /usr/bin/blueman-applet " label="unconfined") interface="org.freedesktop.DBus.Introspectable" member="Introspect" error name="(unset)" requested_reply="0" destination="org.bluez" (bus)
ERROR:dbus.proxies:Introspect error on org.bluez:/: dbus.exceptions.DBusException: org.freedesktop.DBus.Error.AccessDenied: Rejected send message, 2 matched rules; type="method_call", sender=":1.3790" (uid=1279 pid=30865 comm="/usr/bin/python3 /usr/bin/blueman-applet " label="unconfined") interface="org.freedesktop.DBus.Introspectable" member="Introspect" error name="(unset)" requested_reply="0" destination="org.bluez" (bus)

Fri Nov 15 11:24:40 2019
 Connections: accepted: 0.0.0.0::50085
 SConnection: Client needs protocol version 3.8
 SConnection: Client requests security type VncAuth(2)

Fri Nov 15 11:24:48 2019
 VNCSConnST:  Server default pixel format depth 16 (16bpp) little-endian rgb565
 VNCSConnST:  Client pixel format depth 16 (16bpp) little-endian rgb565

(polkit-gnome-authentication-agent-1:30762): polkit-gnome-1-WARNING **: 11:26:22.182: Couldn't open user icon: Failed to open file '/home/adom/.face': No such file or directory

(polkit-gnome-authentication-agent-1:30762): polkit-gnome-1-WARNING **: 11:26:22.184: Couldn't open user icon: Failed to open file '/home/test/.face': No such file or directory
Gtk-Message: 11:26:22.212: GtkDialog mapped without a transient parent. This is discouraged.

(polkit-gnome-authentication-agent-1:30762): polkit-gnome-1-WARNING **: 11:28:50.727: Couldn't open user icon: Failed to open file '/home/adom/.face': No such file or directory

(polkit-gnome-authentication-agent-1:30762): polkit-gnome-1-WARNING **: 11:28:50.729: Couldn't open user icon: Failed to open file '/home/test/.face': No such file or directory

(polkit-gnome-authentication-agent-1:30762): polkit-gnome-1-WARNING **: 11:28:50.743: Couldn't open user icon: Failed to open file '/home/adom/.face': No such file or directory

(polkit-gnome-authentication-agent-1:30762): polkit-gnome-1-WARNING **: 11:28:50.744: Couldn't open user icon: Failed to open file '/home/test/.face': No such file or directory
Gtk-Message: 11:28:50.765: GtkDialog mapped without a transient parent. This is discouraged.
Gtk-Message: 11:28:52.053: GtkDialog mapped without a transient parent. This is discouraged.

(Thunar:30756): GLib-GIO-CRITICAL **: 11:28:52.068: g_file_hash: assertion 'G_IS_FILE (file)' failed

(Thunar:30756): GLib-GIO-CRITICAL **: 11:28:52.068: g_file_query_info_async: assertion 'G_IS_FILE (file)' failed

(Thunar:30756): GLib-GObject-CRITICAL **: 11:28:52.068: g_object_unref: assertion 'G_IS_OBJECT (object)' failed

(Thunar:30756): GLib-GIO-CRITICAL **: 11:28:53.422: g_file_hash: assertion 'G_IS_FILE (file)' failed

(Thunar:30756): GLib-GIO-CRITICAL **: 11:28:53.422: g_file_query_info_async: assertion 'G_IS_FILE (file)' failed

(Thunar:30756): GLib-GObject-CRITICAL **: 11:28:53.422: g_object_unref: assertion 'G_IS_OBJECT (object)' failed

(polkit-gnome-authentication-agent-1:30762): polkit-gnome-1-WARNING **: 11:28:55.947: Couldn't open user icon: Failed to open file '/home/adom/.face': No such file or directory

(polkit-gnome-authentication-agent-1:30762): polkit-gnome-1-WARNING **: 11:28:55.949: Couldn't open user icon: Failed to open file '/home/test/.face': No such file or directory
Gtk-Message: 11:28:55.958: GtkDialog mapped without a transient parent. This is discouraged.

(Thunar:30756): GLib-GIO-CRITICAL **: 11:28:56.957: g_file_hash: assertion 'G_IS_FILE (file)' failed

(Thunar:30756): GLib-GIO-CRITICAL **: 11:28:56.957: g_file_query_info_async: assertion 'G_IS_FILE (file)' failed

(Thunar:30756): GLib-GObject-CRITICAL **: 11:28:56.957: g_object_unref: assertion 'G_IS_OBJECT (object)' failed

(Thunar:30756): Gdk-WARNING **: 11:28:57.893: gdk_window_set_icon_list: icons too large
Xlib:  extension "XINERAMA" missing on display ":14.0".
func=xmlSecCheckVersionExt:file=xmlsec.c:line=188:obj=unknown:subj=unknown:error=19:invalid version:mode=abi compatible;expected minor version=2;real minor version=2;expected subminor version=25;real subminor version=26
func=xmlSecCheckVersionExt:file=xmlsec.c:line=188:obj=unknown:subj=unknown:error=19:invalid version:mode=abi compatible;expected minor version=2;real minor version=2;expected subminor version=25;real subminor version=26

(Thunar:30756): Gdk-WARNING **: 11:35:38.542: gdk_window_set_icon_list: icons too large

Fri Nov 15 11:37:24 2019
 XserverDesktop: Added unknown keysym 0x6f3 to keycode 255
 XserverDesktop: Added unknown keysym 0x6d4 to keycode 254
 XserverDesktop: Added unknown keysym 0x6c1 to keycode 253
 XserverDesktop: Added unknown keysym 0x6d2 to keycode 252
xfwm4-Message: 11:37:24.911: Unsupported keyboard modifier '<Super>Tab'

Fri Nov 15 11:37:26 2019
 XserverDesktop: Added unknown keysym 0x6d9 to keycode 251
 XserverDesktop: Added unknown keysym 0x6ca to keycode 250
xfwm4-Message: 11:37:26.942: Unsupported keyboard modifier '<Super>Tab'

Fri Nov 15 11:37:27 2019
 XserverDesktop: Added unknown keysym 0x6cd to keycode 249
xfwm4-Message: 11:37:27.470: Unsupported keyboard modifier '<Super>Tab'
 XserverDesktop: Added unknown keysym 0x6c9 to keycode 248
 XserverDesktop: Added unknown keysym 0x6d7 to keycode 247
xfwm4-Message: 11:37:28.190: Unsupported keyboard modifier '<Super>Tab'

Fri Nov 15 11:37:30 2019
 XserverDesktop: Added unknown keysym 0x6fc to keycode 246
xfwm4-Message: 11:37:31.182: Unsupported keyboard modifier '<Super>Tab'

Fri Nov 15 11:39:24 2019
 XserverDesktop: Added unknown keysym 0x6f6 to keycode 245
xfwm4-Message: 11:39:24.518: Unsupported keyboard modifier '<Super>Tab'

Fri Nov 15 11:57:09 2019
 XserverDesktop: Added unknown keysym 0x6e7 to keycode 244

Fri Nov 15 11:57:10 2019
 XserverDesktop: Added unknown keysym 0x6cc to keycode 243
xfwm4-Message: 11:57:10.377: Unsupported keyboard modifier '<Super>Tab'
 XserverDesktop: Added unknown keysym 0x6ce to keycode 242
xfwm4-Message: 11:57:10.770: Unsupported keyboard modifier '<Super>Tab'

Fri Nov 15 11:57:12 2019
 XserverDesktop: Added unknown keysym 0x6cf to keycode 241

Fri Nov 15 11:57:13 2019
 XserverDesktop: Added unknown keysym 0x6c4 to keycode 240
 XserverDesktop: Added unknown keysym 0xf3 to keycode 239
xfwm4-Message: 11:57:13.402: Unsupported keyboard modifier '<Super>Tab'
 XserverDesktop: Added unknown keysym 0x6d8 to keycode 238
xfwm4-Message: 11:57:13.762: Unsupported keyboard modifier '<Super>Tab'

Fri Nov 15 11:57:38 2019
 Connections: accepted: 0.0.0.0::50074
 SConnection: Client needs protocol version 3.8
 SConnection: Client requests security type VncAuth(2)

Fri Nov 15 11:57:42 2019
 VNCSConnST:  Server default pixel format depth 16 (16bpp) little-endian rgb565
 VNCSConnST:  Client pixel format depth 16 (16bpp) little-endian rgb565

Fri Nov 15 12:05:42 2019
 Connections: closed: 0.0.0.0::50074 (Clean disconnection)
 SMsgWriter:  framebuffer updates 1469
 SMsgWriter:    copyRect rects 904, bytes 14464
 SMsgWriter:    hextile rects 4891, bytes 7993436
 SMsgWriter:    raw bytes equivalent 122376384, compression ratio 15.309610

Fri Nov 15 12:08:43 2019
 XserverDesktop: Added unknown keysym 0x6fa to keycode 237
xfwm4-Message: 12:08:43.311: Unsupported keyboard modifier '<Super>Tab'

Fri Nov 15 12:08:53 2019
 XserverDesktop: Added unknown keysym 0x6c5 to keycode 236
xfwm4-Message: 12:08:54.033: Unsupported keyboard modifier '<Super>Tab'

Fri Nov 15 12:15:12 2019
 XserverDesktop: Added unknown keysym 0x6dd to keycode 235
xfwm4-Message: 12:15:12.598: Unsupported keyboard modifier '<Super>Tab'

Fri Nov 15 12:15:14 2019
 XserverDesktop: Added unknown keysym 0x6d1 to keycode 234
xfwm4-Message: 12:15:14.439: Unsupported keyboard modifier '<Super>Tab'

Fri Nov 15 12:15:28 2019
 XserverDesktop: Added unknown keysym 0x6d0 to keycode 233
xfwm4-Message: 12:15:28.622: Unsupported keyboard modifier '<Super>Tab'

(xfce4-terminal:32231): Gdk-CRITICAL **: 12:17:18.315: gdk_window_get_window_type: assertion 'GDK_IS_WINDOW (window)' failed

Fri Nov 15 12:19:02 2019
 XserverDesktop: Added unknown keysym 0x6c6 to keycode 232
xfwm4-Message: 12:19:03.157: Unsupported keyboard modifier '<Super>Tab'

Fri Nov 15 12:42:51 2019
 Connections: closed: 0.0.0.0::50085 (Clean disconnection)
 SMsgWriter:  framebuffer updates 21828
 SMsgWriter:    copyRect rects 6413, bytes 102608
 SMsgWriter:    hextile rects 59193, bytes 88759231
 SMsgWriter:    raw bytes equivalent 1081731362, compression ratio 12.187255

(xfdesktop:30759): libxfce4ui-WARNING **: 13:43:43.402: ICE I/O Error

(xfdesktop:30759): libxfce4ui-WARNING **: 13:43:43.445: Disconnected from session manager.
xfwm4: Fatal IO error 4 (Interrupted system call) on X server :14.0.
xfdesktop: Fatal IO error 11 (Resource temporarily unavailable) on X server :14.0.
