
Xvnc Free Edition 4.1.1 - built Feb 25 2015 23:02:21
Copyright (C) 2002-2005 RealVNC Ltd.
See http://www.realvnc.com for information on VNC.
Underlying X server release 40300000, The XFree86 Project, Inc


Thu Feb 27 09:44:44 2020
 vncext:      VNC extension running!
 vncext:      Listening for VNC connections on port 5903
 vncext:      created VNC server for screen 0
error opening security policy file /etc/X11/xserver/SecurityPolicy
Could not init font path element /usr/X11R6/lib/X11/fonts/Type1/, removing from list!
Could not init font path element /usr/X11R6/lib/X11/fonts/Speedo/, removing from list!
Could not init font path element /usr/X11R6/lib/X11/fonts/misc/, removing from list!
Could not init font path element /usr/X11R6/lib/X11/fonts/75dpi/, removing from list!
Could not init font path element /usr/X11R6/lib/X11/fonts/100dpi/, removing from list!
Could not init font path element /usr/share/fonts/X11/75dpi/, removing from list!
Could not init font path element /usr/share/fonts/X11/100dpi/, removing from list!
xrdb: No such file or directory
xrdb: can't open file '/home/is28/makshaev28/.Xresources'
/usr/bin/startxfce4: X server already running on display :3
gpg-agent[4050]: WARNING: "--write-env-file" is an obsolete option - it has no effect
gpg-agent: a gpg-agent is already running - not starting a new one

(xfce4-session:4013): xfce4-session-WARNING **: 09:44:48.000: gpg-agent returned no PID in the variables

(xfwm4:4053): xfwm4-WARNING **: 09:44:48.042: The display does not support the XRender extension.

(xfwm4:4053): xfwm4-WARNING **: 09:44:48.042: The display does not support the XComposite extension.

(xfwm4:4053): xfwm4-WARNING **: 09:44:48.042: The display does not support the XDamage extension.

(xfwm4:4053): xfwm4-WARNING **: 09:44:48.042: The display does not support the XFixes extension.

(xfwm4:4053): xfwm4-WARNING **: 09:44:48.042: Compositing manager disabled.
xfwm4-Message: 09:44:48.085: Unsupported keyboard modifier '<Super>Tab'

(xfsettingsd:4059): xfsettingsd-CRITICAL **: 09:44:48.130: RANDR extension is too old, version 1.1. Display settings won't be applied.
Xlib:  extension "XInputExtension" missing on display ":3.0".

(xfsettingsd:4059): xfsettingsd-CRITICAL **: 09:44:48.130: XI is not present.

(xfsettingsd:4059): xfsettingsd-CRITICAL **: 09:44:48.131: Failed to initialize the Xkb extension.

(xfsettingsd:4059): xfsettingsd-CRITICAL **: 09:44:48.131: Failed to initialize the Accessibility extension.
xfwm4-Message: 09:44:48.164: Unsupported keyboard modifier '<Super>Tab'
(uint32 1,)

** (light-locker:4092): ERROR **: 09:44:48.293: Environment variable XDG_SESSION_PATH not set. Is LightDM running?

(polkit-gnome-authentication-agent-1:4094): GLib-CRITICAL **: 09:44:48.300: g_variant_new_string: assertion 'string != NULL' failed

(polkit-gnome-authentication-agent-1:4094): polkit-gnome-1-WARNING **: 09:44:48.301: Failed to register client: GDBus.Error:org.freedesktop.DBus.Error.ServiceUnknown: The name org.gnome.SessionManager was not provided by any .service files

(nm-applet:4179): Gtk-WARNING **: 09:44:48.431: Can't set a parent on widget which has a parent

(nm-applet:4179): Gdk-CRITICAL **: 09:44:48.570: gdk_window_thaw_toplevel_updates: assertion 'window->update_and_descendants_freeze_count > 0' failed

Thu Feb 27 09:44:55 2020
 Connections: accepted: 0.0.0.0::49335
 SConnection: Client needs protocol version 3.8
 SConnection: Client requests security type VncAuth(2)

Thu Feb 27 09:44:57 2020
 VNCSConnST:  Server default pixel format depth 16 (16bpp) little-endian rgb565

Thu Feb 27 09:44:58 2020
 VNCSConnST:  Client pixel format depth 16 (16bpp) little-endian rgb565
/usr/lib/python3/dist-packages/blueman/plugins/applet/AppIndicator.py:8: PyGIWarning: AppIndicator3 was imported without specifying a version first. Use gi.require_version('AppIndicator3', '0.1') before import to ensure that the right version gets loaded.
  from gi.repository import AppIndicator3 as girAppIndicator
ERROR:dbus.proxies:Introspect error on org.bluez:/org/bluez: dbus.exceptions.DBusException: org.freedesktop.DBus.Error.AccessDenied: Rejected send message, 2 matched rules; type="method_call", sender=":1.131" (uid=1279 pid=4166 comm="/usr/bin/python3 /usr/bin/blueman-applet " label="unconfined") interface="org.freedesktop.DBus.Introspectable" member="Introspect" error name="(unset)" requested_reply="0" destination="org.bluez" (bus)
ERROR:dbus.proxies:Introspect error on org.bluez:/: dbus.exceptions.DBusException: org.freedesktop.DBus.Error.AccessDenied: Rejected send message, 2 matched rules; type="method_call", sender=":1.131" (uid=1279 pid=4166 comm="/usr/bin/python3 /usr/bin/blueman-applet " label="unconfined") interface="org.freedesktop.DBus.Introspectable" member="Introspect" error name="(unset)" requested_reply="0" destination="org.bluez" (bus)
ERROR:dbus.proxies:Introspect error on org.bluez:/: dbus.exceptions.DBusException: org.freedesktop.DBus.Error.AccessDenied: Rejected send message, 2 matched rules; type="method_call", sender=":1.131" (uid=1279 pid=4166 comm="/usr/bin/python3 /usr/bin/blueman-applet " label="unconfined") interface="org.freedesktop.DBus.Introspectable" member="Introspect" error name="(unset)" requested_reply="0" destination="org.bluez" (bus)

(wrapper-1.0:4089): Gdk-WARNING **: 09:45:13.786: /build/gtk+2.0-AoeliP/gtk+2.0-2.24.32/gdk/x11/gdkdrawable-x11.c:952 drawable is not a pixmap or window

Thu Feb 27 09:45:35 2020
 XserverDesktop: Added unknown keysym 0x6c5 to keycode 255
 XserverDesktop: Added unknown keysym 0x6d2 to keycode 254
 XserverDesktop: Added unknown keysym 0x6c7 to keycode 253
 XserverDesktop: Added unknown keysym 0x6d4 to keycode 252

Thu Feb 27 09:45:36 2020
 XserverDesktop: Added unknown keysym 0x6c6 to keycode 251
xfwm4-Message: 09:45:36.301: Unsupported keyboard modifier '<Super>Tab'
Xlib:  extension "XInputExtension" missing on display ":3.0".
Xlib:  extension "XInputExtension" missing on display ":3.0".
Xlib:  extension "XInputExtension" missing on display ":3.0".
Xlib:  extension "XInputExtension" missing on display ":3.0".
[8642:8642:0227/094604.058999:ERROR:gl_surface_glx.cc(458)] GLX 1.3 or later is required.
[8642:8642:0227/094604.059044:ERROR:gl_initializer_x11.cc(148)] GLSurfaceGLX::InitializeOneOff failed.
[8642:8642:0227/094604.060193:ERROR:viz_main_impl.cc(161)] Exiting GPU process due to errors during initialization
Xlib:  extension "XInputExtension" missing on display ":3.0".
Xlib:  extension "XInputExtension" missing on display ":3.0".
Xlib:  extension "XInputExtension" missing on display ":3.0".
** Message: 09:46:04.362: Remote error from secret service: org.freedesktop.DBus.Error.UnknownMethod: No such interface 'org.freedesktop.Secret.Collection' on object at path /org/freedesktop/secrets/collection/login
** Message: 09:46:04.378: Remote error from secret service: org.freedesktop.DBus.Error.UnknownMethod: No such interface 'org.freedesktop.Secret.Collection' on object at path /org/freedesktop/secrets/collection/login
[9879:1:0227/094642.907880:ERROR:child_process_sandbox_support_impl_linux.cc(79)] FontService unique font name matching request did not receive a response.
[9879:1:0227/094642.908401:ERROR:child_process_sandbox_support_impl_linux.cc(79)] FontService unique font name matching request did not receive a response.

(Thunar:4055): Gdk-WARNING **: 09:47:41.118: gdk_window_set_icon_list: icons too large

(Thunar:4055): Gdk-WARNING **: 09:47:51.610: gdk_window_set_icon_list: icons too large

(Thunar:4055): Gdk-WARNING **: 09:47:58.213: gdk_window_set_icon_list: icons too large

(Thunar:4055): Gdk-WARNING **: 09:48:00.821: gdk_window_set_icon_list: icons too large

(Thunar:4055): Gdk-WARNING **: 09:48:05.541: gdk_window_set_icon_list: icons too large

(Thunar:4055): Gdk-WARNING **: 10:02:53.228: gdk_window_set_icon_list: icons too large

(Thunar:4055): Gdk-WARNING **: 10:03:05.935: gdk_window_set_icon_list: icons too large

Thu Feb 27 10:06:43 2020
 XserverDesktop: Added unknown keysym 0x6fc to keycode 250
xfwm4-Message: 10:06:43.458: Unsupported keyboard modifier '<Super>Tab'

Thu Feb 27 10:06:46 2020
 XserverDesktop: Added unknown keysym 0x6f7 to keycode 249
xfwm4-Message: 10:06:46.986: Unsupported keyboard modifier '<Super>Tab'

Thu Feb 27 10:06:48 2020
 XserverDesktop: Added unknown keysym 0x6c4 to keycode 248
 XserverDesktop: Added unknown keysym 0x6c9 to keycode 247
xfwm4-Message: 10:06:49.185: Unsupported keyboard modifier '<Super>Tab'

Thu Feb 27 10:06:51 2020
 XserverDesktop: Added unknown keysym 0x6cf to keycode 246
 XserverDesktop: Added unknown keysym 0x6cc to keycode 245
xfwm4-Message: 10:06:52.099: Unsupported keyboard modifier '<Super>Tab'

Thu Feb 27 10:12:08 2020
 XserverDesktop: Added unknown keysym 0x6cb to keycode 244
xfwm4-Message: 10:12:08.685: Unsupported keyboard modifier '<Super>Tab'

Thu Feb 27 10:12:10 2020
 XserverDesktop: Added unknown keysym 0x6ce to keycode 243
 XserverDesktop: Added unknown keysym 0x6c1 to keycode 242
xfwm4-Message: 10:12:10.429: Unsupported keyboard modifier '<Super>Tab'
 XserverDesktop: Added unknown keysym 0x6d9 to keycode 241
xfwm4-Message: 10:12:10.693: Unsupported keyboard modifier '<Super>Tab'

Thu Feb 27 10:12:11 2020
 XserverDesktop: Added unknown keysym 0x6de to keycode 240
xfwm4-Message: 10:12:11.493: Unsupported keyboard modifier '<Super>Tab'

Thu Feb 27 10:27:22 2020
 XserverDesktop: Added unknown keysym 0x6d0 to keycode 239
xfwm4-Message: 10:27:23.063: Unsupported keyboard modifier '<Super>Tab'

Thu Feb 27 10:27:25 2020
 XserverDesktop: Added unknown keysym 0x6d3 to keycode 238
xfwm4-Message: 10:27:26.055: Unsupported keyboard modifier '<Super>Tab'

Thu Feb 27 10:27:26 2020
 XserverDesktop: Added unknown keysym 0xf3 to keycode 237
xfwm4-Message: 10:27:27.143: Unsupported keyboard modifier '<Super>Tab'

Thu Feb 27 10:27:59 2020
 XserverDesktop: Added unknown keysym 0x6cd to keycode 236
xfwm4-Message: 10:27:59.895: Unsupported keyboard modifier '<Super>Tab'

Thu Feb 27 10:28:46 2020
 XserverDesktop: Added unknown keysym 0x6da to keycode 235
xfwm4-Message: 10:28:46.840: Unsupported keyboard modifier '<Super>Tab'

Thu Feb 27 10:28:48 2020
 XserverDesktop: Added unknown keysym 0x6d8 to keycode 234
xfwm4-Message: 10:28:49.064: Unsupported keyboard modifier '<Super>Tab'

(nm-applet:4179): Gtk-CRITICAL **: 10:32:51.315: gtk_widget_destroy: assertion 'GTK_IS_WIDGET (widget)' failed

(nm-applet:4179): Gtk-CRITICAL **: 10:32:51.315: gtk_widget_destroy: assertion 'GTK_IS_WIDGET (widget)' failed

(nm-applet:4179): Gtk-WARNING **: 10:32:51.316: Can't set a parent on widget which has a parent

(nm-applet:4179): Gtk-CRITICAL **: 10:32:56.660: gtk_widget_destroy: assertion 'GTK_IS_WIDGET (widget)' failed

(nm-applet:4179): Gtk-CRITICAL **: 10:32:56.660: gtk_widget_destroy: assertion 'GTK_IS_WIDGET (widget)' failed

(nm-applet:4179): Gtk-WARNING **: 10:32:56.661: Can't set a parent on widget which has a parent

Thu Feb 27 10:35:09 2020
 XserverDesktop: Added unknown keysym 0x6c2 to keycode 233
xfwm4-Message: 10:35:09.324: Unsupported keyboard modifier '<Super>Tab'

Thu Feb 27 10:35:11 2020
 XserverDesktop: Added unknown keysym 0x6c0 to keycode 232
xfwm4-Message: 10:35:12.156: Unsupported keyboard modifier '<Super>Tab'
Fontconfig error: Cannot load default config file: No such file: (null)
[30143:1:0227/103526.040696:ERROR:child_process_sandbox_support_impl_linux.cc(79)] FontService unique font name matching request did not receive a response.
[30143:1:0227/103526.041080:ERROR:child_process_sandbox_support_impl_linux.cc(79)] FontService unique font name matching request did not receive a response.
[30143:1:0227/103526.064848:ERROR:child_process_sandbox_support_impl_linux.cc(79)] FontService unique font name matching request did not receive a response.
[30143:1:0227/103526.065320:ERROR:child_process_sandbox_support_impl_linux.cc(79)] FontService unique font name matching request did not receive a response.
[30086:1:0227/103526.202337:ERROR:child_process_sandbox_support_impl_linux.cc(79)] FontService unique font name matching request did not receive a response.
[30086:1:0227/103526.202713:ERROR:child_process_sandbox_support_impl_linux.cc(79)] FontService unique font name matching request did not receive a response.
[30086:1:0227/103526.203461:ERROR:child_process_sandbox_support_impl_linux.cc(79)] FontService unique font name matching request did not receive a response.
[30086:1:0227/103526.203818:ERROR:child_process_sandbox_support_impl_linux.cc(79)] FontService unique font name matching request did not receive a response.
[30086:1:0227/103526.205738:ERROR:child_process_sandbox_support_impl_linux.cc(79)] FontService unique font name matching request did not receive a response.
[30086:1:0227/103526.206133:ERROR:child_process_sandbox_support_impl_linux.cc(79)] FontService unique font name matching request did not receive a response.
[8645:29969:0227/103526.929741:ERROR:cert_verify_proc_nss.cc(998)] CERT_PKIXVerifyCert for public.advarkads.com failed err=-8179
[8645:8668:0227/103526.929890:ERROR:ssl_client_socket_impl.cc(941)] handshake failed; returned -1, SSL error code 1, net_error -202
[8645:8668:0227/103526.953407:ERROR:ssl_client_socket_impl.cc(941)] handshake failed; returned -1, SSL error code 1, net_error -202
[8645:8668:0227/103526.977031:ERROR:ssl_client_socket_impl.cc(941)] handshake failed; returned -1, SSL error code 1, net_error -202
[8645:8668:0227/103527.000734:ERROR:ssl_client_socket_impl.cc(941)] handshake failed; returned -1, SSL error code 1, net_error -202
[30212:1:0227/103527.492692:ERROR:child_process_sandbox_support_impl_linux.cc(79)] FontService unique font name matching request did not receive a response.
[30212:1:0227/103527.493081:ERROR:child_process_sandbox_support_impl_linux.cc(79)] FontService unique font name matching request did not receive a response.
[30212:1:0227/103527.493671:ERROR:child_process_sandbox_support_impl_linux.cc(79)] FontService unique font name matching request did not receive a response.
[30212:1:0227/103527.494059:ERROR:child_process_sandbox_support_impl_linux.cc(79)] FontService unique font name matching request did not receive a response.
[30278:1:0227/103538.514740:ERROR:child_process_sandbox_support_impl_linux.cc(79)] FontService unique font name matching request did not receive a response.
[30278:1:0227/103538.515167:ERROR:child_process_sandbox_support_impl_linux.cc(79)] FontService unique font name matching request did not receive a response.
[8645:8668:0227/103553.124594:ERROR:ssl_client_socket_impl.cc(941)] handshake failed; returned -1, SSL error code 1, net_error -200
[8645:8668:0227/103659.997512:ERROR:ssl_client_socket_impl.cc(941)] handshake failed; returned -1, SSL error code 1, net_error -202
[8645:8668:0227/103700.020823:ERROR:ssl_client_socket_impl.cc(941)] handshake failed; returned -1, SSL error code 1, net_error -202
[8645:8668:0227/103731.693651:ERROR:broker_posix.cc(40)] Recvmsg error: Connection reset by peer (104)
sh: 1: /usr/lib/chromium-browser/chromium-browser -proxy-server=127.0.0.1:3128 --enable-pinch: not found

Thu Feb 27 10:42:31 2020
 XserverDesktop: Added unknown keysym 0x6e3 to keycode 231
xfwm4-Message: 10:42:32.185: Unsupported keyboard modifier '<Super>Tab'

Thu Feb 27 10:42:34 2020
 XserverDesktop: Added unknown keysym 0x6d1 to keycode 230
xfwm4-Message: 10:42:34.329: Unsupported keyboard modifier '<Super>Tab'

Thu Feb 27 10:47:32 2020
 XserverDesktop: Added unknown keysym 0x6db to keycode 229
xfwm4-Message: 10:47:32.852: Unsupported keyboard modifier '<Super>Tab'

Thu Feb 27 10:52:58 2020
 XserverDesktop: Added unknown keysym 0x6c8 to keycode 228
xfwm4-Message: 10:52:58.871: Unsupported keyboard modifier '<Super>Tab'

Thu Feb 27 10:53:16 2020
 Connections: closed: 0.0.0.0::49335 (Clean disconnection)
 SMsgWriter:  framebuffer updates 17447
 SMsgWriter:    copyRect rects 12885, bytes 206160
 SMsgWriter:    hextile rects 74878, bytes 142792111
 SMsgWriter:    raw bytes equivalent 1164657756, compression ratio 8.156317
ERROR:dbus.proxies:Introspect error on org.bluez:/: dbus.exceptions.DBusException: org.freedesktop.DBus.Error.AccessDenied: Rejected send message, 2 matched rules; type="method_call", sender=":1.131" (uid=1279 pid=4166 comm="/usr/bin/python3 /usr/bin/blueman-applet " label="unconfined") interface="org.freedesktop.DBus.Introspectable" member="Introspect" error name="(unset)" requested_reply="0" destination="org.bluez" (uid=0 pid=63953 comm="/usr/lib/bluetooth/bluetoothd " label="unconfined")
xfwm4: Fatal IO error 11 (Resource temporarily unavailable) on X server :3.0.
xfdesktop: Fatal IO error 11 (Resource temporarily unavailable) on X server :3.0.
