
Xvnc Free Edition 4.1.1 - built Feb 25 2015 23:02:21
Copyright (C) 2002-2005 RealVNC Ltd.
See http://www.realvnc.com for information on VNC.
Underlying X server release 40300000, The XFree86 Project, Inc


Fri Sep 27 12:27:41 2019
 vncext:      VNC extension running!
 vncext:      Listening for VNC connections on port 5934
 vncext:      created VNC server for screen 0
error opening security policy file /etc/X11/xserver/SecurityPolicy
Could not init font path element /usr/X11R6/lib/X11/fonts/Type1/, removing from list!
Could not init font path element /usr/X11R6/lib/X11/fonts/Speedo/, removing from list!
Could not init font path element /usr/X11R6/lib/X11/fonts/misc/, removing from list!
Could not init font path element /usr/X11R6/lib/X11/fonts/75dpi/, removing from list!
Could not init font path element /usr/X11R6/lib/X11/fonts/100dpi/, removing from list!
Could not init font path element /usr/share/fonts/X11/75dpi/, removing from list!
Could not init font path element /usr/share/fonts/X11/100dpi/, removing from list!

(x-window-manager:47234): xfwm4-WARNING **: 12:27:44.961: The display does not support the XRender extension.

(x-window-manager:47234): xfwm4-WARNING **: 12:27:44.961: The display does not support the XComposite extension.

(x-window-manager:47234): xfwm4-WARNING **: 12:27:44.961: The display does not support the XDamage extension.

(x-window-manager:47234): xfwm4-WARNING **: 12:27:44.961: The display does not support the XFixes extension.

(x-window-manager:47234): xfwm4-WARNING **: 12:27:44.961: Compositing manager disabled.
Failed to connect to session manager: Failed to connect to the session manager: SESSION_MANAGER environment variable not defined
xfwm4-Message: 12:27:45.002: Unsupported keyboard modifier '<Super>Tab'

(x-window-manager:47234): xfwm4-WARNING **: 12:27:45.010: Failed to connect to session manager: Failed to connect to the session manager: SESSION_MANAGER environment variable not defined

Fri Sep 27 12:29:01 2019
 Connections: accepted: 0.0.0.0::50666
 SConnection: Client needs protocol version 3.8
 SConnection: Client requests security type VncAuth(2)

Fri Sep 27 12:29:05 2019
 VNCSConnST:  Server default pixel format depth 16 (16bpp) little-endian rgb565
 VNCSConnST:  Client pixel format depth 16 (16bpp) little-endian rgb565

Fri Sep 27 12:32:22 2019
 Connections: closed: 0.0.0.0::50666 (Clean disconnection)
 SMsgWriter:  framebuffer updates 676
 SMsgWriter:    copyRect rects 1087, bytes 17392
 SMsgWriter:    hextile rects 2979, bytes 2564400
 SMsgWriter:    raw bytes equivalent 43561364, compression ratio 16.986961
x-window-manager: Fatal IO error 11 (Resource temporarily unavailable) on X server :34.
