
Xvnc Free Edition 4.1.1 - built Feb 25 2015 23:02:21
Copyright (C) 2002-2005 RealVNC Ltd.
See http://www.realvnc.com for information on VNC.
Underlying X server release 40300000, The XFree86 Project, Inc


Fri Oct 11 11:25:20 2019
 vncext:      VNC extension running!
 vncext:      Listening for VNC connections on port 5931
 vncext:      created VNC server for screen 0
error opening security policy file /etc/X11/xserver/SecurityPolicy
Could not init font path element /usr/X11R6/lib/X11/fonts/Type1/, removing from list!
Could not init font path element /usr/X11R6/lib/X11/fonts/Speedo/, removing from list!
Could not init font path element /usr/X11R6/lib/X11/fonts/misc/, removing from list!
Could not init font path element /usr/X11R6/lib/X11/fonts/75dpi/, removing from list!
Could not init font path element /usr/X11R6/lib/X11/fonts/100dpi/, removing from list!
Could not init font path element /usr/share/fonts/X11/75dpi/, removing from list!
Could not init font path element /usr/share/fonts/X11/100dpi/, removing from list!

(x-window-manager:15776): xfwm4-WARNING **: 11:25:23.417: The display does not support the XRender extension.

(x-window-manager:15776): xfwm4-WARNING **: 11:25:23.417: The display does not support the XComposite extension.

(x-window-manager:15776): xfwm4-WARNING **: 11:25:23.417: The display does not support the XDamage extension.

(x-window-manager:15776): xfwm4-WARNING **: 11:25:23.418: The display does not support the XFixes extension.

(x-window-manager:15776): xfwm4-WARNING **: 11:25:23.418: Compositing manager disabled.
xfwm4-Message: 11:25:23.473: Unsupported keyboard modifier '<Super>Tab'

(x-window-manager:15776): xfwm4-WARNING **: 11:25:23.478: Failed to connect to session manager: Failed to connect to the session manager: SESSION_MANAGER environment variable not defined
Failed to connect to session manager: Failed to connect to the session manager: SESSION_MANAGER environment variable not defined

Fri Oct 11 11:27:25 2019
 Connections: accepted: 0.0.0.0::49979
 SConnection: Client needs protocol version 3.8
 SConnection: Client requests security type VncAuth(2)

Fri Oct 11 11:27:29 2019
 VNCSConnST:  Server default pixel format depth 16 (16bpp) little-endian rgb565
 VNCSConnST:  Client pixel format depth 16 (16bpp) little-endian rgb565

Fri Oct 11 11:28:06 2019
 Connections: closed: 0.0.0.0::49979 (Clean disconnection)
 SMsgWriter:  framebuffer updates 28
 SMsgWriter:    hextile rects 63, bytes 117887
 SMsgWriter:    raw bytes equivalent 9276810, compression ratio 78.692392
x-window-manager: Fatal IO error 11 (Resource temporarily unavailable) on X server :31.
