
Xvnc Free Edition 4.1.1 - built Feb 25 2015 23:02:21
Copyright (C) 2002-2005 RealVNC Ltd.
See http://www.realvnc.com for information on VNC.
Underlying X server release 40300000, The XFree86 Project, Inc


Thu Feb 20 09:45:43 2020
 vncext:      VNC extension running!
 vncext:      Listening for VNC connections on port 5913
 vncext:      created VNC server for screen 0
error opening security policy file /etc/X11/xserver/SecurityPolicy
Could not init font path element /usr/X11R6/lib/X11/fonts/Type1/, removing from list!
Could not init font path element /usr/X11R6/lib/X11/fonts/Speedo/, removing from list!
Could not init font path element /usr/X11R6/lib/X11/fonts/misc/, removing from list!
Could not init font path element /usr/X11R6/lib/X11/fonts/75dpi/, removing from list!
Could not init font path element /usr/X11R6/lib/X11/fonts/100dpi/, removing from list!
Could not init font path element /usr/share/fonts/X11/75dpi/, removing from list!
Could not init font path element /usr/share/fonts/X11/100dpi/, removing from list!
xrdb: No such file or directory
xrdb: can't open file '/home/is28/makshaev28/.Xresources'
/usr/bin/startxfce4: X server already running on display :13
gpg-agent[34510]: WARNING: "--write-env-file" is an obsolete option - it has no effect
gpg-agent: a gpg-agent is already running - not starting a new one

(xfce4-session:34500): xfce4-session-WARNING **: 09:45:46.538: gpg-agent returned no PID in the variables

(xfce4-session:34500): xfce4-session-WARNING **: 09:45:46.539: xfsm_manager_load_session: Something wrong with /home/is28/makshaev28/.cache/sessions/xfce4-session-virt-1:13, Does it exist? Permissions issue?

(xfwm4:34514): xfwm4-WARNING **: 09:45:46.578: The display does not support the XRender extension.

(xfwm4:34514): xfwm4-WARNING **: 09:45:46.579: The display does not support the XComposite extension.

(xfwm4:34514): xfwm4-WARNING **: 09:45:46.579: The display does not support the XDamage extension.

(xfwm4:34514): xfwm4-WARNING **: 09:45:46.579: The display does not support the XFixes extension.

(xfwm4:34514): xfwm4-WARNING **: 09:45:46.579: Compositing manager disabled.

** (light-locker:34523): ERROR **: 09:45:46.611: Environment variable XDG_SESSION_PATH not set. Is LightDM running?
(uint32 1,)

(polkit-gnome-authentication-agent-1:34525): GLib-CRITICAL **: 09:45:46.654: g_variant_new_string: assertion 'string != NULL' failed

(polkit-gnome-authentication-agent-1:34525): polkit-gnome-1-WARNING **: 09:45:46.655: Failed to register client: GDBus.Error:org.freedesktop.DBus.Error.ServiceUnknown: The name org.gnome.SessionManager was not provided by any .service files
xfwm4-Message: 09:45:46.677: Unsupported keyboard modifier '<Super>Tab'

(xfsettingsd:34526): xfsettingsd-CRITICAL **: 09:45:46.757: RANDR extension is too old, version 1.1. Display settings won't be applied.
Xlib:  extension "XInputExtension" missing on display ":13.0".

(xfsettingsd:34526): xfsettingsd-CRITICAL **: 09:45:46.760: XI is not present.

(xfsettingsd:34526): xfsettingsd-CRITICAL **: 09:45:46.760: Failed to initialize the Xkb extension.

(xfsettingsd:34526): xfsettingsd-CRITICAL **: 09:45:46.760: Failed to initialize the Accessibility extension.
xfwm4-Message: 09:45:46.859: Unsupported keyboard modifier '<Super>Tab'

(nm-applet:34636): Gtk-WARNING **: 09:45:47.023: Can't set a parent on widget which has a parent

(nm-applet:34636): Gdk-CRITICAL **: 09:45:47.175: gdk_window_thaw_toplevel_updates: assertion 'window->update_and_descendants_freeze_count > 0' failed

Thu Feb 20 09:45:52 2020
 Connections: accepted: 0.0.0.0::49988
 SConnection: Client needs protocol version 3.8
 SConnection: Client requests security type VncAuth(2)

Thu Feb 20 09:45:56 2020
 VNCSConnST:  Server default pixel format depth 16 (16bpp) little-endian rgb565
 VNCSConnST:  Client pixel format depth 16 (16bpp) little-endian rgb565
/usr/lib/python3/dist-packages/blueman/plugins/applet/AppIndicator.py:8: PyGIWarning: AppIndicator3 was imported without specifying a version first. Use gi.require_version('AppIndicator3', '0.1') before import to ensure that the right version gets loaded.
  from gi.repository import AppIndicator3 as girAppIndicator
ERROR:dbus.proxies:Introspect error on org.bluez:/org/bluez: dbus.exceptions.DBusException: org.freedesktop.DBus.Error.AccessDenied: Rejected send message, 2 matched rules; type="method_call", sender=":1.2140" (uid=1279 pid=34616 comm="/usr/bin/python3 /usr/bin/blueman-applet " label="unconfined") interface="org.freedesktop.DBus.Introspectable" member="Introspect" error name="(unset)" requested_reply="0" destination="org.bluez" (bus)
ERROR:dbus.proxies:Introspect error on org.bluez:/: dbus.exceptions.DBusException: org.freedesktop.DBus.Error.AccessDenied: Rejected send message, 2 matched rules; type="method_call", sender=":1.2140" (uid=1279 pid=34616 comm="/usr/bin/python3 /usr/bin/blueman-applet " label="unconfined") interface="org.freedesktop.DBus.Introspectable" member="Introspect" error name="(unset)" requested_reply="0" destination="org.bluez" (bus)
ERROR:dbus.proxies:Introspect error on org.bluez:/: dbus.exceptions.DBusException: org.freedesktop.DBus.Error.AccessDenied: Rejected send message, 2 matched rules; type="method_call", sender=":1.2140" (uid=1279 pid=34616 comm="/usr/bin/python3 /usr/bin/blueman-applet " label="unconfined") interface="org.freedesktop.DBus.Introspectable" member="Introspect" error name="(unset)" requested_reply="0" destination="org.bluez" (bus)

(wrapper-1.0:34678): Gdk-WARNING **: 09:46:12.221: /build/gtk+2.0-AoeliP/gtk+2.0-2.24.32/gdk/x11/gdkdrawable-x11.c:952 drawable is not a pixmap or window

(Thunar:34520): Gdk-WARNING **: 09:51:44.674: gdk_window_set_icon_list: icons too large

Thu Feb 20 10:01:02 2020
 XserverDesktop: Added unknown keysym 0x6e9 to keycode 255

Thu Feb 20 10:01:03 2020
 XserverDesktop: Added unknown keysym 0x6f8 to keycode 254
xfwm4-Message: 10:01:03.409: Unsupported keyboard modifier '<Super>Tab'

(Thunar:34520): Gdk-WARNING **: 10:01:11.616: gdk_window_set_icon_list: icons too large

Thu Feb 20 10:06:00 2020
 XserverDesktop: Added unknown keysym 0x6eb to keycode 253
 XserverDesktop: Added unknown keysym 0x6c1 to keycode 252
xfwm4-Message: 10:06:00.484: Unsupported keyboard modifier '<Super>Tab'
 XserverDesktop: Added unknown keysym 0x6d2 to keycode 251
xfwm4-Message: 10:06:00.820: Unsupported keyboard modifier '<Super>Tab'

Thu Feb 20 10:06:02 2020
 XserverDesktop: Added unknown keysym 0x6d4 to keycode 250
 XserverDesktop: Added unknown keysym 0x6ce to keycode 249
xfwm4-Message: 10:06:03.076: Unsupported keyboard modifier '<Super>Tab'

Thu Feb 20 10:10:09 2020
 XserverDesktop: Added unknown keysym 0x6d3 to keycode 248
xfwm4-Message: 10:10:09.781: Unsupported keyboard modifier '<Super>Tab'

Thu Feb 20 10:11:16 2020
 XserverDesktop: Added unknown keysym 0x1002116 to keycode 247
xfwm4-Message: 10:11:16.496: Unsupported keyboard modifier '<Super>Tab'
Xlib:  extension "XInputExtension" missing on display ":13.0".
Xlib:  extension "XInputExtension" missing on display ":13.0".
Xlib:  extension "XInputExtension" missing on display ":13.0".
Xlib:  extension "XInputExtension" missing on display ":13.0".
[53963:53963:0220/101437.461741:ERROR:gl_surface_glx.cc(458)] GLX 1.3 or later is required.
[53963:53963:0220/101437.461795:ERROR:gl_initializer_x11.cc(148)] GLSurfaceGLX::InitializeOneOff failed.
[53963:53963:0220/101437.463941:ERROR:viz_main_impl.cc(161)] Exiting GPU process due to errors during initialization
Xlib:  extension "XInputExtension" missing on display ":13.0".
Xlib:  extension "XInputExtension" missing on display ":13.0".
Xlib:  extension "XInputExtension" missing on display ":13.0".
** Message: 10:14:37.837: Remote error from secret service: org.freedesktop.DBus.Error.UnknownMethod: No such interface 'org.freedesktop.Secret.Collection' on object at path /org/freedesktop/secrets/collection/login
** Message: 10:14:37.858: Remote error from secret service: org.freedesktop.DBus.Error.UnknownMethod: No such interface 'org.freedesktop.Secret.Collection' on object at path /org/freedesktop/secrets/collection/login
[2020-02-20T07:14:56Z ERROR audio_thread_priority::rt_linux] setrlimit64: 1

Thu Feb 20 10:18:40 2020
 XserverDesktop: Added unknown keysym 0x6db to keycode 246
xfwm4-Message: 10:18:40.804: Unsupported keyboard modifier '<Super>Tab'
 XserverDesktop: Added unknown keysym 0x6c5 to keycode 245
xfwm4-Message: 10:18:41.084: Unsupported keyboard modifier '<Super>Tab'

Thu Feb 20 10:21:33 2020
 XserverDesktop: Added unknown keysym 0x6da to keycode 244
xfwm4-Message: 10:21:33.295: Unsupported keyboard modifier '<Super>Tab'

Thu Feb 20 10:23:29 2020
 XserverDesktop: Added unknown keysym 0x6e2 to keycode 243
xfwm4-Message: 10:23:30.096: Unsupported keyboard modifier '<Super>Tab'

Thu Feb 20 10:39:37 2020
 XserverDesktop: Added unknown keysym 0x6d7 to keycode 242

Thu Feb 20 10:39:38 2020
 XserverDesktop: Added unknown keysym 0xf3 to keycode 241
 XserverDesktop: Added unknown keysym 0x6c4 to keycode 240
xfwm4-Message: 10:39:38.419: Unsupported keyboard modifier '<Super>Tab'
QXcbConnection: Failed to initialize XRandr
Qt: XKEYBOARD extension not present on the X server.
Unsupported screen format: depth: 16, red_mask: 3f, blue_mask: f800
Using RGB16 fallback, if this works your X11 server is reporting a bad screen format.

Thu Feb 20 10:48:36 2020
 Connections: closed: 0.0.0.0::49988 (Clean disconnection)
 SMsgWriter:  framebuffer updates 14895
 SMsgWriter:    copyRect rects 6900, bytes 110400
 SMsgWriter:    hextile rects 52653, bytes 87151644
 SMsgWriter:    raw bytes equivalent 780835174, compression ratio 8.959500
/usr/lib/ubuntu-release-upgrader/check-new-release-gtk:30: PyGIWarning: Gtk was imported without specifying a version first. Use gi.require_version('Gtk', '3.0') before import to ensure that the right version gets loaded.
  from gi.repository import Gtk
WARNING:root:timeout reached, exiting

(xfdesktop:34522): libxfce4ui-WARNING **: 09:42:15.201: ICE I/O Error

(xfdesktop:34522): libxfce4ui-WARNING **: 09:42:15.224: Disconnected from session manager.
xfdesktop: Fatal IO error 25 (Inappropriate ioctl for device) on X server :13.0.
xfwm4: Fatal IO error 4 (Interrupted system call) on X server :13.0.
