
Xvnc Free Edition 4.1.1 - built Feb 25 2015 23:02:21
Copyright (C) 2002-2005 RealVNC Ltd.
See http://www.realvnc.com for information on VNC.
Underlying X server release 40300000, The XFree86 Project, Inc


Fri Oct 11 11:28:12 2019
 vncext:      VNC extension running!
 vncext:      Listening for VNC connections on port 5937
 vncext:      created VNC server for screen 0
error opening security policy file /etc/X11/xserver/SecurityPolicy
Could not init font path element /usr/X11R6/lib/X11/fonts/Type1/, removing from list!
Could not init font path element /usr/X11R6/lib/X11/fonts/Speedo/, removing from list!
Could not init font path element /usr/X11R6/lib/X11/fonts/misc/, removing from list!
Could not init font path element /usr/X11R6/lib/X11/fonts/75dpi/, removing from list!
Could not init font path element /usr/X11R6/lib/X11/fonts/100dpi/, removing from list!
Could not init font path element /usr/share/fonts/X11/75dpi/, removing from list!
Could not init font path element /usr/share/fonts/X11/100dpi/, removing from list!

(x-window-manager:18448): xfwm4-WARNING **: 11:28:15.484: The display does not support the XRender extension.

(x-window-manager:18448): xfwm4-WARNING **: 11:28:15.484: The display does not support the XComposite extension.

(x-window-manager:18448): xfwm4-WARNING **: 11:28:15.484: The display does not support the XDamage extension.

(x-window-manager:18448): xfwm4-WARNING **: 11:28:15.484: The display does not support the XFixes extension.

(x-window-manager:18448): xfwm4-WARNING **: 11:28:15.484: Compositing manager disabled.
Failed to connect to session manager: Failed to connect to the session manager: SESSION_MANAGER environment variable not defined
xfwm4-Message: 11:28:15.701: Unsupported keyboard modifier '<Super>Tab'

(x-window-manager:18448): xfwm4-WARNING **: 11:28:15.718: Failed to connect to session manager: Failed to connect to the session manager: SESSION_MANAGER environment variable not defined

Fri Oct 11 11:28:20 2019
 Connections: accepted: 0.0.0.0::49982
 SConnection: Client needs protocol version 3.8
 SConnection: Client requests security type VncAuth(2)

Fri Oct 11 11:28:30 2019
 VNCSConnST:  Server default pixel format depth 16 (16bpp) little-endian rgb565
 VNCSConnST:  Client pixel format depth 16 (16bpp) little-endian rgb565

Fri Oct 11 11:44:27 2019
 XserverDesktop: Added unknown keysym 0x6da to keycode 255
 XserverDesktop: Added unknown keysym 0x6ce to keycode 254
 XserverDesktop: Added unknown keysym 0x6c5 to keycode 253

Fri Oct 11 11:44:28 2019
 XserverDesktop: Added unknown keysym 0x6d2 to keycode 252
xfwm4-Message: 11:44:28.287: Unsupported keyboard modifier '<Super>Tab'
AUDIT: Fri Oct 11 12:09:51 2019: 18421 Xvnc4: client 9 rejected from local host

Fri Oct 11 12:44:47 2019
 Connections: closed: 0.0.0.0::49982 (Clean disconnection)
 SMsgWriter:  framebuffer updates 9389
 SMsgWriter:    copyRect rects 350, bytes 5600
 SMsgWriter:    hextile rects 26606, bytes 75052640
 SMsgWriter:    raw bytes equivalent 847090112, compression ratio 11.286613
x-window-manager: Fatal IO error 4 (Interrupted system call) on X server :37.
