
Xvnc Free Edition 4.1.1 - built Feb 25 2015 23:02:21
Copyright (C) 2002-2005 RealVNC Ltd.
See http://www.realvnc.com for information on VNC.
Underlying X server release 40300000, The XFree86 Project, Inc


Thu Mar 12 09:47:20 2020
 vncext:      VNC extension running!
 vncext:      Listening for VNC connections on port 5908
 vncext:      created VNC server for screen 0
error opening security policy file /etc/X11/xserver/SecurityPolicy
Could not init font path element /usr/X11R6/lib/X11/fonts/Type1/, removing from list!
Could not init font path element /usr/X11R6/lib/X11/fonts/Speedo/, removing from list!
Could not init font path element /usr/X11R6/lib/X11/fonts/misc/, removing from list!
Could not init font path element /usr/X11R6/lib/X11/fonts/75dpi/, removing from list!
Could not init font path element /usr/X11R6/lib/X11/fonts/100dpi/, removing from list!
Could not init font path element /usr/share/fonts/X11/75dpi/, removing from list!
Could not init font path element /usr/share/fonts/X11/100dpi/, removing from list!
xrdb: No such file or directory
xrdb: can't open file '/home/is28/makshaev28/.Xresources'
/usr/bin/startxfce4: X server already running on display :8
gpg-agent[6684]: WARNING: "--write-env-file" is an obsolete option - it has no effect
gpg-agent: a gpg-agent is already running - not starting a new one

(xfce4-session:6661): xfce4-session-WARNING **: 09:47:23.918: gpg-agent returned no PID in the variables

(xfce4-session:6661): xfce4-session-WARNING **: 09:47:23.921: xfsm_manager_load_session: Something wrong with /home/is28/makshaev28/.cache/sessions/xfce4-session-virt-1:8, Does it exist? Permissions issue?

(xfwm4:6688): xfwm4-WARNING **: 09:47:23.952: The display does not support the XRender extension.

(xfwm4:6688): xfwm4-WARNING **: 09:47:23.952: The display does not support the XComposite extension.

(xfwm4:6688): xfwm4-WARNING **: 09:47:23.952: The display does not support the XDamage extension.

(xfwm4:6688): xfwm4-WARNING **: 09:47:23.952: The display does not support the XFixes extension.

(xfwm4:6688): xfwm4-WARNING **: 09:47:23.952: Compositing manager disabled.

** (light-locker:6697): ERROR **: 09:47:24.042: Environment variable XDG_SESSION_PATH not set. Is LightDM running?
(uint32 1,)

(xfsettingsd:6700): xfsettingsd-CRITICAL **: 09:47:24.058: RANDR extension is too old, version 1.1. Display settings won't be applied.
Xlib:  extension "XInputExtension" missing on display ":8.0".

(xfsettingsd:6700): xfsettingsd-CRITICAL **: 09:47:24.058: XI is not present.

(xfsettingsd:6700): xfsettingsd-CRITICAL **: 09:47:24.058: Failed to initialize the Xkb extension.

(xfsettingsd:6700): xfsettingsd-CRITICAL **: 09:47:24.058: Failed to initialize the Accessibility extension.

(polkit-gnome-authentication-agent-1:6699): GLib-CRITICAL **: 09:47:24.068: g_variant_new_string: assertion 'string != NULL' failed

(polkit-gnome-authentication-agent-1:6699): polkit-gnome-1-WARNING **: 09:47:24.069: Failed to register client: GDBus.Error:org.freedesktop.DBus.Error.ServiceUnknown: The name org.gnome.SessionManager was not provided by any .service files

(xfsettingsd:6700): xfsettingsd-WARNING **: 09:47:24.128: Failed to get the _NET_NUMBER_OF_DESKTOPS property.
xfwm4-Message: 09:47:24.148: Unsupported keyboard modifier '<Super>Tab'
xfwm4-Message: 09:47:24.204: Unsupported keyboard modifier '<Super>Tab'

(nm-applet:6758): Gtk-WARNING **: 09:47:24.280: Can't set a parent on widget which has a parent

(nm-applet:6758): Gdk-CRITICAL **: 09:47:24.416: gdk_window_thaw_toplevel_updates: assertion 'window->update_and_descendants_freeze_count > 0' failed
/usr/lib/python3/dist-packages/blueman/plugins/applet/AppIndicator.py:8: PyGIWarning: AppIndicator3 was imported without specifying a version first. Use gi.require_version('AppIndicator3', '0.1') before import to ensure that the right version gets loaded.
  from gi.repository import AppIndicator3 as girAppIndicator
ERROR:dbus.proxies:Introspect error on org.bluez:/org/bluez: dbus.exceptions.DBusException: org.freedesktop.DBus.Error.AccessDenied: Rejected send message, 2 matched rules; type="method_call", sender=":1.301" (uid=1279 pid=6749 comm="/usr/bin/python3 /usr/bin/blueman-applet " label="unconfined") interface="org.freedesktop.DBus.Introspectable" member="Introspect" error name="(unset)" requested_reply="0" destination="org.bluez" (bus)
ERROR:dbus.proxies:Introspect error on org.bluez:/: dbus.exceptions.DBusException: org.freedesktop.DBus.Error.AccessDenied: Rejected send message, 2 matched rules; type="method_call", sender=":1.301" (uid=1279 pid=6749 comm="/usr/bin/python3 /usr/bin/blueman-applet " label="unconfined") interface="org.freedesktop.DBus.Introspectable" member="Introspect" error name="(unset)" requested_reply="0" destination="org.bluez" (bus)
ERROR:dbus.proxies:Introspect error on org.bluez:/: dbus.exceptions.DBusException: org.freedesktop.DBus.Error.AccessDenied: Rejected send message, 2 matched rules; type="method_call", sender=":1.301" (uid=1279 pid=6749 comm="/usr/bin/python3 /usr/bin/blueman-applet " label="unconfined") interface="org.freedesktop.DBus.Introspectable" member="Introspect" error name="(unset)" requested_reply="0" destination="org.bluez" (bus)

(wrapper-1.0:6849): Gdk-WARNING **: 09:47:28.603: /build/gtk+2.0-AoeliP/gtk+2.0-2.24.32/gdk/x11/gdkdrawable-x11.c:952 drawable is not a pixmap or window

(wrapper-1.0:6849): Gdk-WARNING **: 09:47:28.603: /build/gtk+2.0-AoeliP/gtk+2.0-2.24.32/gdk/x11/gdkdrawable-x11.c:952 drawable is not a pixmap or window

Thu Mar 12 09:47:39 2020
 Connections: accepted: 0.0.0.0::49282
 SConnection: Client needs protocol version 3.8
 SConnection: Client requests security type VncAuth(2)

Thu Mar 12 09:47:45 2020
 VNCSConnST:  Server default pixel format depth 16 (16bpp) little-endian rgb565
 VNCSConnST:  Client pixel format depth 16 (16bpp) little-endian rgb565

(Thunar:6694): Gdk-WARNING **: 09:47:51.206: gdk_window_set_icon_list: icons too large

(Thunar:6694): Gdk-WARNING **: 09:48:31.249: gdk_window_set_icon_list: icons too large

Thu Mar 12 09:56:26 2020
 XserverDesktop: Added unknown keysym 0x6de to keycode 255
xfwm4-Message: 09:56:26.647: Unsupported keyboard modifier '<Super>Tab'
 XserverDesktop: Added unknown keysym 0x6c9 to keycode 254
xfwm4-Message: 09:56:27.063: Unsupported keyboard modifier '<Super>Tab'

Thu Mar 12 09:56:27 2020
 XserverDesktop: Added unknown keysym 0x6d3 to keycode 253
 XserverDesktop: Added unknown keysym 0x6cc to keycode 252
 XserverDesktop: Added unknown keysym 0x6cf to keycode 251
xfwm4-Message: 09:56:27.990: Unsupported keyboard modifier '<Super>Tab'

(Thunar:6694): Gdk-WARNING **: 09:58:38.903: gdk_window_set_icon_list: icons too large
Xlib:  extension "XInputExtension" missing on display ":8.0".
Xlib:  extension "XInputExtension" missing on display ":8.0".
Xlib:  extension "XInputExtension" missing on display ":8.0".
Xlib:  extension "XInputExtension" missing on display ":8.0".
[15856:15856:0312/100117.770535:ERROR:gl_surface_glx.cc(458)] GLX 1.3 or later is required.
[15856:15856:0312/100117.770589:ERROR:gl_initializer_x11.cc(148)] GLSurfaceGLX::InitializeOneOff failed.
[15856:15856:0312/100117.772079:ERROR:viz_main_impl.cc(161)] Exiting GPU process due to errors during initialization
Xlib:  extension "XInputExtension" missing on display ":8.0".
Xlib:  extension "XInputExtension" missing on display ":8.0".
Xlib:  extension "XInputExtension" missing on display ":8.0".
** Message: 10:01:18.124: Remote error from secret service: org.freedesktop.DBus.Error.UnknownMethod: No such interface 'org.freedesktop.Secret.Collection' on object at path /org/freedesktop/secrets/collection/login
** Message: 10:01:18.146: Remote error from secret service: org.freedesktop.DBus.Error.UnknownMethod: No such interface 'org.freedesktop.Secret.Collection' on object at path /org/freedesktop/secrets/collection/login
Fontconfig error: Cannot load default config file: No such file: (null)
[16304:1:0312/100217.765693:ERROR:child_process_sandbox_support_impl_linux.cc(79)] FontService unique font name matching request did not receive a response.
[16304:1:0312/100217.766296:ERROR:child_process_sandbox_support_impl_linux.cc(79)] FontService unique font name matching request did not receive a response.
[16304:1:0312/100217.783367:ERROR:child_process_sandbox_support_impl_linux.cc(79)] FontService unique font name matching request did not receive a response.
[16304:1:0312/100217.783867:ERROR:child_process_sandbox_support_impl_linux.cc(79)] FontService unique font name matching request did not receive a response.
[15859:15862:0312/100218.516552:ERROR:cert_verify_proc_nss.cc(998)] CERT_PKIXVerifyCert for public.advarkads.com failed err=-8179
[15859:15863:0312/100218.516785:ERROR:ssl_client_socket_impl.cc(941)] handshake failed; returned -1, SSL error code 1, net_error -202
[15859:15863:0312/100218.540295:ERROR:ssl_client_socket_impl.cc(941)] handshake failed; returned -1, SSL error code 1, net_error -202
[15859:15863:0312/100218.564347:ERROR:ssl_client_socket_impl.cc(941)] handshake failed; returned -1, SSL error code 1, net_error -202
[15859:15863:0312/100218.590179:ERROR:ssl_client_socket_impl.cc(941)] handshake failed; returned -1, SSL error code 1, net_error -202
[16216:1:0312/100218.871084:ERROR:child_process_sandbox_support_impl_linux.cc(79)] FontService unique font name matching request did not receive a response.
[16216:1:0312/100218.871620:ERROR:child_process_sandbox_support_impl_linux.cc(79)] FontService unique font name matching request did not receive a response.
[16216:1:0312/100218.872312:ERROR:child_process_sandbox_support_impl_linux.cc(79)] FontService unique font name matching request did not receive a response.
[16216:1:0312/100218.872718:ERROR:child_process_sandbox_support_impl_linux.cc(79)] FontService unique font name matching request did not receive a response.
[16216:1:0312/100218.873583:ERROR:child_process_sandbox_support_impl_linux.cc(79)] FontService unique font name matching request did not receive a response.
[16216:1:0312/100218.874195:ERROR:child_process_sandbox_support_impl_linux.cc(79)] FontService unique font name matching request did not receive a response.
[16343:1:0312/100219.033879:ERROR:child_process_sandbox_support_impl_linux.cc(79)] FontService unique font name matching request did not receive a response.
[16343:1:0312/100219.034345:ERROR:child_process_sandbox_support_impl_linux.cc(79)] FontService unique font name matching request did not receive a response.
[16343:1:0312/100219.035081:ERROR:child_process_sandbox_support_impl_linux.cc(79)] FontService unique font name matching request did not receive a response.
[16343:1:0312/100219.035777:ERROR:child_process_sandbox_support_impl_linux.cc(79)] FontService unique font name matching request did not receive a response.
[16438:1:0312/100223.145940:ERROR:child_process_sandbox_support_impl_linux.cc(79)] FontService unique font name matching request did not receive a response.
[16438:1:0312/100223.146354:ERROR:child_process_sandbox_support_impl_linux.cc(79)] FontService unique font name matching request did not receive a response.
[16879:1:0312/100235.103602:ERROR:child_process_sandbox_support_impl_linux.cc(79)] FontService unique font name matching request did not receive a response.
[16879:1:0312/100235.104766:ERROR:child_process_sandbox_support_impl_linux.cc(79)] FontService unique font name matching request did not receive a response.
[16934:1:0312/100243.574962:ERROR:child_process_sandbox_support_impl_linux.cc(79)] FontService unique font name matching request did not receive a response.
[16934:1:0312/100243.575481:ERROR:child_process_sandbox_support_impl_linux.cc(79)] FontService unique font name matching request did not receive a response.
[16934:1:0312/100243.576077:ERROR:child_process_sandbox_support_impl_linux.cc(79)] FontService unique font name matching request did not receive a response.
[16934:1:0312/100243.576954:ERROR:child_process_sandbox_support_impl_linux.cc(79)] FontService unique font name matching request did not receive a response.
[16934:1:0312/100243.673446:ERROR:child_process_sandbox_support_impl_linux.cc(79)] FontService unique font name matching request did not receive a response.
[16934:1:0312/100243.675975:ERROR:child_process_sandbox_support_impl_linux.cc(79)] FontService unique font name matching request did not receive a response.
[16934:1:0312/100243.680774:ERROR:child_process_sandbox_support_impl_linux.cc(79)] FontService unique font name matching request did not receive a response.
[16934:1:0312/100243.686857:ERROR:child_process_sandbox_support_impl_linux.cc(79)] FontService unique font name matching request did not receive a response.
Fontconfig error: Cannot load default config file: No such file: (null)
[17435:1:0312/100311.133393:ERROR:child_process_sandbox_support_impl_linux.cc(79)] FontService unique font name matching request did not receive a response.
[17435:1:0312/100311.134705:ERROR:child_process_sandbox_support_impl_linux.cc(79)] FontService unique font name matching request did not receive a response.
[15859:15863:0312/100410.636946:ERROR:ssl_client_socket_impl.cc(941)] handshake failed; returned -1, SSL error code 1, net_error -202
[15859:15863:0312/100410.673770:ERROR:ssl_client_socket_impl.cc(941)] handshake failed; returned -1, SSL error code 1, net_error -202
[15859:15863:0312/100410.710844:ERROR:ssl_client_socket_impl.cc(941)] handshake failed; returned -1, SSL error code 1, net_error -202
[15859:15863:0312/100410.752904:ERROR:ssl_client_socket_impl.cc(941)] handshake failed; returned -1, SSL error code 1, net_error -202
[18044:1:0312/100414.123892:ERROR:child_process_sandbox_support_impl_linux.cc(79)] FontService unique font name matching request did not receive a response.
[18044:1:0312/100414.124311:ERROR:child_process_sandbox_support_impl_linux.cc(79)] FontService unique font name matching request did not receive a response.
[18804:1:0312/100511.052630:ERROR:child_process_sandbox_support_impl_linux.cc(79)] FontService unique font name matching request did not receive a response.
[18804:1:0312/100511.053659:ERROR:child_process_sandbox_support_impl_linux.cc(79)] FontService unique font name matching request did not receive a response.
[18804:1:0312/100511.054093:ERROR:child_process_sandbox_support_impl_linux.cc(79)] FontService unique font name matching request did not receive a response.
[18804:1:0312/100511.054493:ERROR:child_process_sandbox_support_impl_linux.cc(79)] FontService unique font name matching request did not receive a response.
[18804:1:0312/100511.057634:ERROR:child_process_sandbox_support_impl_linux.cc(79)] FontService unique font name matching request did not receive a response.
[16280:1:0312/100531.081746:ERROR:child_process_sandbox_support_impl_linux.cc(79)] FontService unique font name matching request did not receive a response.
[16280:1:0312/100531.083401:ERROR:child_process_sandbox_support_impl_linux.cc(79)] FontService unique font name matching request did not receive a response.

(Thunar:6694): Gdk-WARNING **: 10:05:34.595: gdk_window_set_icon_list: icons too large
Xlib:  extension "XINERAMA" missing on display ":8.0".
func=xmlSecCheckVersionExt:file=xmlsec.c:line=188:obj=unknown:subj=unknown:error=19:invalid version:mode=abi compatible;expected minor version=2;real minor version=2;expected subminor version=25;real subminor version=26

(soffice:19320): GLib-GObject-WARNING **: 10:05:49.221: ../../../../gobject/gsignal.c:3492: signal name 'selection_changed' is invalid for instance '0x561d963666a0' of type 'OOoAtkObjCompTxt'
func=xmlSecCheckVersionExt:file=xmlsec.c:line=188:obj=unknown:subj=unknown:error=19:invalid version:mode=abi compatible;expected minor version=2;real minor version=2;expected subminor version=25;real subminor version=26
[16142:1:0312/100553.108085:ERROR:child_process_sandbox_support_impl_linux.cc(79)] FontService unique font name matching request did not receive a response.
[16142:1:0312/100553.108566:ERROR:child_process_sandbox_support_impl_linux.cc(79)] FontService unique font name matching request did not receive a response.
[19424:1:0312/100658.726956:ERROR:child_process_sandbox_support_impl_linux.cc(79)] FontService unique font name matching request did not receive a response.
[19424:1:0312/100658.727986:ERROR:child_process_sandbox_support_impl_linux.cc(79)] FontService unique font name matching request did not receive a response.
[19424:1:0312/100700.159602:ERROR:child_process_sandbox_support_impl_linux.cc(79)] FontService unique font name matching request did not receive a response.
[19424:1:0312/100700.160808:ERROR:child_process_sandbox_support_impl_linux.cc(79)] FontService unique font name matching request did not receive a response.
[19424:1:0312/100700.259511:ERROR:child_process_sandbox_support_impl_linux.cc(79)] FontService unique font name matching request did not receive a response.
[19424:1:0312/100700.259855:ERROR:child_process_sandbox_support_impl_linux.cc(79)] FontService unique font name matching request did not receive a response.
[19424:1:0312/100700.500700:ERROR:child_process_sandbox_support_impl_linux.cc(79)] FontService unique font name matching request did not receive a response.
[19424:1:0312/100700.501332:ERROR:child_process_sandbox_support_impl_linux.cc(79)] FontService unique font name matching request did not receive a response.
[19647:1:0312/100700.712882:ERROR:child_process_sandbox_support_impl_linux.cc(79)] FontService unique font name matching request did not receive a response.
[19647:1:0312/100700.717078:ERROR:child_process_sandbox_support_impl_linux.cc(79)] FontService unique font name matching request did not receive a response.
[19647:1:0312/100700.718803:ERROR:child_process_sandbox_support_impl_linux.cc(79)] FontService unique font name matching request did not receive a response.
[19647:1:0312/100700.719322:ERROR:child_process_sandbox_support_impl_linux.cc(79)] FontService unique font name matching request did not receive a response.

(Thunar:6694): Gdk-WARNING **: 10:16:25.482: gdk_window_set_icon_list: icons too large

(Thunar:6694): Gdk-WARNING **: 10:28:57.346: gdk_window_set_icon_list: icons too large

(Thunar:6694): Gdk-WARNING **: 10:29:11.265: gdk_window_set_icon_list: icons too large

(Thunar:6694): Gdk-WARNING **: 10:30:10.090: gdk_window_set_icon_list: icons too large

(geany:10628): Geany-CRITICAL **: 10:32:25.074: document_get_notebook_child: assertion 'doc != NULL' failed

Thu Mar 12 10:41:43 2020
 XserverDesktop: Added unknown keysym 0x6d9 to keycode 250
xfwm4-Message: 10:41:43.706: Unsupported keyboard modifier '<Super>Tab'
 XserverDesktop: Added unknown keysym 0x6c5 to keycode 249
xfwm4-Message: 10:41:44.091: Unsupported keyboard modifier '<Super>Tab'

Thu Mar 12 10:44:54 2020
 XserverDesktop: Added unknown keysym 0x6e2 to keycode 248
xfwm4-Message: 10:44:55.252: Unsupported keyboard modifier '<Super>Tab'

Thu Mar 12 10:45:00 2020
 XserverDesktop: Added unknown keysym 0xf3 to keycode 247
xfwm4-Message: 10:45:01.117: Unsupported keyboard modifier '<Super>Tab'

Thu Mar 12 10:45:02 2020
 XserverDesktop: Added unknown keysym 0x6ce to keycode 246
xfwm4-Message: 10:45:02.597: Unsupported keyboard modifier '<Super>Tab'

Thu Mar 12 10:45:04 2020
 XserverDesktop: Added unknown keysym 0x6cd to keycode 245
xfwm4-Message: 10:45:04.396: Unsupported keyboard modifier '<Super>Tab'
 XserverDesktop: Added unknown keysym 0x6c1 to keycode 244
xfwm4-Message: 10:45:04.917: Unsupported keyboard modifier '<Super>Tab'

Thu Mar 12 10:45:07 2020
 XserverDesktop: Added unknown keysym 0x6d0 to keycode 243
 XserverDesktop: Added unknown keysym 0x6d2 to keycode 242
xfwm4-Message: 10:45:07.493: Unsupported keyboard modifier '<Super>Tab'

Thu Mar 12 10:45:08 2020
 XserverDesktop: Added unknown keysym 0x6c6 to keycode 241
xfwm4-Message: 10:45:08.877: Unsupported keyboard modifier '<Super>Tab'

Thu Mar 12 10:45:19 2020
 XserverDesktop: Added unknown keysym 0x6d7 to keycode 240
xfwm4-Message: 10:45:19.421: Unsupported keyboard modifier '<Super>Tab'
 XserverDesktop: Added unknown keysym 0x6db to keycode 239
xfwm4-Message: 10:45:20.196: Unsupported keyboard modifier '<Super>Tab'

Thu Mar 12 10:45:20 2020
 XserverDesktop: Added unknown keysym 0x6c0 to keycode 238
 XserverDesktop: Added unknown keysym 0x6dd to keycode 237
xfwm4-Message: 10:45:20.830: Unsupported keyboard modifier '<Super>Tab'
 XserverDesktop: Added unknown keysym 0x6c8 to keycode 236
xfwm4-Message: 10:45:21.088: Unsupported keyboard modifier '<Super>Tab'

Thu Mar 12 10:45:42 2020
 XserverDesktop: Added unknown keysym 0x6fc to keycode 235
xfwm4-Message: 10:45:42.717: Unsupported keyboard modifier '<Super>Tab'

Thu Mar 12 10:57:48 2020
 Connections: closed: 0.0.0.0::49282 (Clean disconnection)
 SMsgWriter:  framebuffer updates 22744
 SMsgWriter:    copyRect rects 6369, bytes 101904
 SMsgWriter:    hextile rects 153463, bytes 371496412
 SMsgWriter:    raw bytes equivalent -1997897662, compression ratio -5.377973

(tracker-miner-fs:6702): Tracker-WARNING **: 22:01:25.367:   Could not create file:'/home/is28/makshaev28/.cache/tracker/last-crawl.txt' failed, Failed to create file “/home/is28/makshaev28/.cache/tracker/last-crawl.txt.WKSRH0”: No such file or directory

(tracker-miner-fs:6702): Tracker-WARNING **: 22:01:25.367:   Could not create file:'/home/is28/makshaev28/.cache/tracker/last-crawl.txt' failed, Failed to create file “/home/is28/makshaev28/.cache/tracker/last-crawl.txt.7ESRH0”: No such file or directory

(tracker-miner-fs:6702): Tracker-WARNING **: 22:01:25.408:   Could not create file:'/home/is28/makshaev28/.cache/tracker/last-crawl.txt' failed, Failed to create file “/home/is28/makshaev28/.cache/tracker/last-crawl.txt.G9GVH0”: No such file or directory

(tracker-miner-fs:6702): Tracker-WARNING **: 22:01:25.408:   Could not create file:'/home/is28/makshaev28/.cache/tracker/last-crawl.txt' failed, Failed to create file “/home/is28/makshaev28/.cache/tracker/last-crawl.txt.6AHVH0”: No such file or directory

(tracker-miner-fs:6702): Tracker-WARNING **: 22:01:25.461:   Could not create file:'/home/is28/makshaev28/.cache/tracker/last-crawl.txt' failed, Failed to create file “/home/is28/makshaev28/.cache/tracker/last-crawl.txt.7NZTH0”: No such file or directory

(tracker-miner-fs:6702): Tracker-WARNING **: 22:01:25.461:   Could not create file:'/home/is28/makshaev28/.cache/tracker/last-crawl.txt' failed, Failed to create file “/home/is28/makshaev28/.cache/tracker/last-crawl.txt.VPZTH0”: No such file or directory

(tracker-miner-fs:6702): Tracker-WARNING **: 22:01:25.502:   Could not create file:'/home/is28/makshaev28/.cache/tracker/last-crawl.txt' failed, Failed to create file “/home/is28/makshaev28/.cache/tracker/last-crawl.txt.44UUH0”: No such file or directory

(tracker-miner-fs:6702): Tracker-WARNING **: 22:01:25.502:   Could not create file:'/home/is28/makshaev28/.cache/tracker/last-crawl.txt' failed, Failed to create file “/home/is28/makshaev28/.cache/tracker/last-crawl.txt.I6UUH0”: No such file or directory

(tracker-miner-fs:6702): Tracker-WARNING **: 22:03:29.837:   Could not create file:'/home/is28/makshaev28/.cache/tracker/last-crawl.txt' failed, Failed to create file “/home/is28/makshaev28/.cache/tracker/last-crawl.txt.XWV4H0”: No such file or directory

(tracker-miner-fs:6702): Tracker-WARNING **: 22:03:29.837:   Could not create file:'/home/is28/makshaev28/.cache/tracker/last-crawl.txt' failed, Failed to create file “/home/is28/makshaev28/.cache/tracker/last-crawl.txt.XJV4H0”: No such file or directory

(tracker-miner-fs:6702): Tracker-WARNING **: 22:03:29.842:   Could not create file:'/home/is28/makshaev28/.cache/tracker/last-crawl.txt' failed, Failed to create file “/home/is28/makshaev28/.cache/tracker/last-crawl.txt.6WR4H0”: No such file or directory

(tracker-miner-fs:6702): Tracker-WARNING **: 22:03:29.842:   Could not create file:'/home/is28/makshaev28/.cache/tracker/last-crawl.txt' failed, Failed to create file “/home/is28/makshaev28/.cache/tracker/last-crawl.txt.9XR4H0”: No such file or directory

(tracker-miner-fs:6702): Tracker-WARNING **: 22:03:29.861:   Could not create file:'/home/is28/makshaev28/.cache/tracker/last-crawl.txt' failed, Failed to create file “/home/is28/makshaev28/.cache/tracker/last-crawl.txt.7GM2H0”: No such file or directory

(tracker-miner-fs:6702): Tracker-WARNING **: 22:03:29.861:   Could not create file:'/home/is28/makshaev28/.cache/tracker/last-crawl.txt' failed, Failed to create file “/home/is28/makshaev28/.cache/tracker/last-crawl.txt.KIM2H0”: No such file or directory

(tracker-miner-fs:6702): Tracker-WARNING **: 22:03:29.866:   Could not create file:'/home/is28/makshaev28/.cache/tracker/last-crawl.txt' failed, Failed to create file “/home/is28/makshaev28/.cache/tracker/last-crawl.txt.EQI2H0”: No such file or directory

(tracker-miner-fs:6702): Tracker-WARNING **: 22:03:29.866:   Could not create file:'/home/is28/makshaev28/.cache/tracker/last-crawl.txt' failed, Failed to create file “/home/is28/makshaev28/.cache/tracker/last-crawl.txt.KRI2H0”: No such file or directory
