
Xvnc Free Edition 4.1.1 - built Feb 25 2015 23:02:21
Copyright (C) 2002-2005 RealVNC Ltd.
See http://www.realvnc.com for information on VNC.
Underlying X server release 40300000, The XFree86 Project, Inc


Fri Sep 20 08:49:47 2019
 vncext:      VNC extension running!
 vncext:      Listening for VNC connections on port 5932
 vncext:      created VNC server for screen 0
error opening security policy file /etc/X11/xserver/SecurityPolicy
Could not init font path element /usr/X11R6/lib/X11/fonts/Type1/, removing from list!
Could not init font path element /usr/X11R6/lib/X11/fonts/Speedo/, removing from list!
Could not init font path element /usr/X11R6/lib/X11/fonts/misc/, removing from list!
Could not init font path element /usr/X11R6/lib/X11/fonts/75dpi/, removing from list!
Could not init font path element /usr/X11R6/lib/X11/fonts/100dpi/, removing from list!
Could not init font path element /usr/share/fonts/X11/75dpi/, removing from list!
Could not init font path element /usr/share/fonts/X11/100dpi/, removing from list!

(x-window-manager:52520): xfwm4-WARNING **: 08:49:50.698: The display does not support the XRender extension.

(x-window-manager:52520): xfwm4-WARNING **: 08:49:50.698: The display does not support the XComposite extension.

(x-window-manager:52520): xfwm4-WARNING **: 08:49:50.698: The display does not support the XDamage extension.

(x-window-manager:52520): xfwm4-WARNING **: 08:49:50.698: The display does not support the XFixes extension.

(x-window-manager:52520): xfwm4-WARNING **: 08:49:50.698: Compositing manager disabled.
Failed to connect to session manager: Failed to connect to the session manager: SESSION_MANAGER environment variable not defined
xfwm4-Message: 08:49:50.743: Unsupported keyboard modifier '<Super>Tab'

(x-window-manager:52520): xfwm4-WARNING **: 08:49:50.751: Failed to connect to session manager: Failed to connect to the session manager: SESSION_MANAGER environment variable not defined

Fri Sep 20 08:49:55 2019
 Connections: accepted: 0.0.0.0::50036
 SConnection: Client needs protocol version 3.8
 SConnection: Client requests security type VncAuth(2)

Fri Sep 20 08:49:59 2019
 VNCSConnST:  Server default pixel format depth 16 (16bpp) little-endian rgb565
 VNCSConnST:  Client pixel format depth 16 (16bpp) little-endian rgb565

Fri Sep 20 08:50:56 2019
 XserverDesktop: Added unknown keysym 0x6f7 to keycode 255
xfwm4-Message: 08:50:57.041: Unsupported keyboard modifier '<Super>Tab'

Fri Sep 20 08:50:58 2019
 XserverDesktop: Added unknown keysym 0x6c5 to keycode 254
 XserverDesktop: Added unknown keysym 0x6c4 to keycode 253
 XserverDesktop: Added unknown keysym 0x6c9 to keycode 252
xfwm4-Message: 08:50:59.209: Unsupported keyboard modifier '<Super>Tab'

Fri Sep 20 08:50:59 2019
 XserverDesktop: Added unknown keysym 0x6d4 to keycode 251
xfwm4-Message: 08:50:59.856: Unsupported keyboard modifier '<Super>Tab'

Fri Sep 20 08:51:00 2019
 XserverDesktop: Added unknown keysym 0x6d2 to keycode 250
xfwm4-Message: 08:51:00.608: Unsupported keyboard modifier '<Super>Tab'
 XserverDesktop: Added unknown keysym 0x6c8 to keycode 249
xfwm4-Message: 08:51:00.865: Unsupported keyboard modifier '<Super>Tab'

Fri Sep 20 08:51:01 2019
 XserverDesktop: Added unknown keysym 0x6da to keycode 248
xfwm4-Message: 08:51:01.401: Unsupported keyboard modifier '<Super>Tab'
 XserverDesktop: Added unknown keysym 0x6ce to keycode 247
 XserverDesktop: Added unknown keysym 0x6c1 to keycode 246

Fri Sep 20 08:51:02 2019
 XserverDesktop: Added unknown keysym 0x6de to keycode 245
 XserverDesktop: Added unknown keysym 0x6cf to keycode 244
xfwm4-Message: 08:51:02.552: Unsupported keyboard modifier '<Super>Tab'
 XserverDesktop: Added unknown keysym 0x6d3 to keycode 243
 XserverDesktop: Added unknown keysym 0x6cc to keycode 242
xfwm4-Message: 08:51:03.216: Unsupported keyboard modifier '<Super>Tab'

Fri Sep 20 08:51:05 2019
 XserverDesktop: Added unknown keysym 0x6f6 to keycode 241
xfwm4-Message: 08:51:05.816: Unsupported keyboard modifier '<Super>Tab'

Fri Sep 20 08:58:20 2019
 XserverDesktop: Added unknown keysym 0x6d8 to keycode 240
xfwm4-Message: 08:58:20.709: Unsupported keyboard modifier '<Super>Tab'

Fri Sep 20 08:58:21 2019
 XserverDesktop: Added unknown keysym 0x6c7 to keycode 239
xfwm4-Message: 08:58:21.334: Unsupported keyboard modifier '<Super>Tab'
 XserverDesktop: Added unknown keysym 0xf3 to keycode 238
xfwm4-Message: 08:58:21.886: Unsupported keyboard modifier '<Super>Tab'

Fri Sep 20 08:59:19 2019
 XserverDesktop: Added unknown keysym 0x6fc to keycode 237
xfwm4-Message: 08:59:20.076: Unsupported keyboard modifier '<Super>Tab'

Fri Sep 20 12:42:13 2019
 Connections: accepted: 0.0.0.0::59295
 SConnection: Client needs protocol version 3.8
 SConnection: Client requests security type VncAuth(2)

Fri Sep 20 12:42:18 2019
 VNCSConnST:  Server default pixel format depth 16 (16bpp) little-endian rgb565
 VNCSConnST:  Client pixel format depth 16 (16bpp) little-endian rgb565

Fri Sep 20 12:42:48 2019
 Connections: closed: 0.0.0.0::59295 (Clean disconnection)
 SMsgWriter:  framebuffer updates 53
 SMsgWriter:    hextile rects 316, bytes 830793
 SMsgWriter:    raw bytes equivalent 10655942, compression ratio 12.826230

Fri Sep 20 12:43:01 2019
 Connections: closed: 0.0.0.0::50036 (Clean disconnection)
 SMsgWriter:  framebuffer updates 6796
 SMsgWriter:    copyRect rects 4652, bytes 74432
 SMsgWriter:    hextile rects 24668, bytes 50172953
 SMsgWriter:    raw bytes equivalent 702393132, compression ratio 13.999438
x-window-manager: Fatal IO error 11 (Resource temporarily unavailable) on X server :32.
