
Xvnc Free Edition 4.1.1 - built Feb 25 2015 23:02:21
Copyright (C) 2002-2005 RealVNC Ltd.
See http://www.realvnc.com for information on VNC.
Underlying X server release 40300000, The XFree86 Project, Inc


Thu Mar  5 09:49:56 2020
 vncext:      VNC extension running!
 vncext:      Listening for VNC connections on port 5915
 vncext:      created VNC server for screen 0
error opening security policy file /etc/X11/xserver/SecurityPolicy
Could not init font path element /usr/X11R6/lib/X11/fonts/Type1/, removing from list!
Could not init font path element /usr/X11R6/lib/X11/fonts/Speedo/, removing from list!
Could not init font path element /usr/X11R6/lib/X11/fonts/misc/, removing from list!
Could not init font path element /usr/X11R6/lib/X11/fonts/75dpi/, removing from list!
Could not init font path element /usr/X11R6/lib/X11/fonts/100dpi/, removing from list!
Could not init font path element /usr/share/fonts/X11/75dpi/, removing from list!
Could not init font path element /usr/share/fonts/X11/100dpi/, removing from list!
xrdb: No such file or directory
xrdb: can't open file '/home/is28/makshaev28/.Xresources'
/usr/bin/startxfce4: X server already running on display :15
gpg-agent[14296]: WARNING: "--write-env-file" is an obsolete option - it has no effect
gpg-agent: a gpg-agent is already running - not starting a new one

(xfce4-session:14286): xfce4-session-WARNING **: 09:49:59.397: gpg-agent returned no PID in the variables

(xfce4-session:14286): xfce4-session-WARNING **: 09:49:59.399: xfsm_manager_load_session: Something wrong with /home/is28/makshaev28/.cache/sessions/xfce4-session-virt-1:15, Does it exist? Permissions issue?

(xfwm4:14300): xfwm4-WARNING **: 09:49:59.422: The display does not support the XRender extension.

(xfwm4:14300): xfwm4-WARNING **: 09:49:59.422: The display does not support the XComposite extension.

(xfwm4:14300): xfwm4-WARNING **: 09:49:59.422: The display does not support the XDamage extension.

(xfwm4:14300): xfwm4-WARNING **: 09:49:59.422: The display does not support the XFixes extension.

(xfwm4:14300): xfwm4-WARNING **: 09:49:59.422: Compositing manager disabled.
(uint32 1,)

(xfsettingsd:14315): xfsettingsd-CRITICAL **: 09:49:59.507: RANDR extension is too old, version 1.1. Display settings won't be applied.
Xlib:  extension "XInputExtension" missing on display ":15.0".

(xfsettingsd:14315): xfsettingsd-CRITICAL **: 09:49:59.507: XI is not present.

(xfsettingsd:14315): xfsettingsd-CRITICAL **: 09:49:59.508: Failed to initialize the Xkb extension.

(xfsettingsd:14315): xfsettingsd-CRITICAL **: 09:49:59.510: Failed to initialize the Accessibility extension.

** (light-locker:14309): ERROR **: 09:49:59.529: Environment variable XDG_SESSION_PATH not set. Is LightDM running?
xfwm4-Message: 09:49:59.534: Unsupported keyboard modifier '<Super>Tab'

(polkit-gnome-authentication-agent-1:14311): GLib-CRITICAL **: 09:49:59.551: g_variant_new_string: assertion 'string != NULL' failed

(polkit-gnome-authentication-agent-1:14311): polkit-gnome-1-WARNING **: 09:49:59.551: Failed to register client: GDBus.Error:org.freedesktop.DBus.Error.ServiceUnknown: The name org.gnome.SessionManager was not provided by any .service files
xfwm4-Message: 09:49:59.625: Unsupported keyboard modifier '<Super>Tab'

(nm-applet:14365): Gtk-WARNING **: 09:49:59.922: Can't set a parent on widget which has a parent

(nm-applet:14365): Gdk-CRITICAL **: 09:50:00.064: gdk_window_thaw_toplevel_updates: assertion 'window->update_and_descendants_freeze_count > 0' failed

Thu Mar  5 09:50:22 2020
 Connections: accepted: 0.0.0.0::49897
 SConnection: Client needs protocol version 3.8
 SConnection: Client requests security type VncAuth(2)
/usr/lib/python3/dist-packages/blueman/plugins/applet/AppIndicator.py:8: PyGIWarning: AppIndicator3 was imported without specifying a version first. Use gi.require_version('AppIndicator3', '0.1') before import to ensure that the right version gets loaded.
  from gi.repository import AppIndicator3 as girAppIndicator
ERROR:dbus.proxies:Introspect error on org.bluez:/org/bluez: dbus.exceptions.DBusException: org.freedesktop.DBus.Error.AccessDenied: Rejected send message, 2 matched rules; type="method_call", sender=":1.622" (uid=1279 pid=14352 comm="/usr/bin/python3 /usr/bin/blueman-applet " label="unconfined") interface="org.freedesktop.DBus.Introspectable" member="Introspect" error name="(unset)" requested_reply="0" destination="org.bluez" (bus)
ERROR:dbus.proxies:Introspect error on org.bluez:/: dbus.exceptions.DBusException: org.freedesktop.DBus.Error.AccessDenied: Rejected send message, 2 matched rules; type="method_call", sender=":1.622" (uid=1279 pid=14352 comm="/usr/bin/python3 /usr/bin/blueman-applet " label="unconfined") interface="org.freedesktop.DBus.Introspectable" member="Introspect" error name="(unset)" requested_reply="0" destination="org.bluez" (bus)
ERROR:dbus.proxies:Introspect error on org.bluez:/: dbus.exceptions.DBusException: org.freedesktop.DBus.Error.AccessDenied: Rejected send message, 2 matched rules; type="method_call", sender=":1.622" (uid=1279 pid=14352 comm="/usr/bin/python3 /usr/bin/blueman-applet " label="unconfined") interface="org.freedesktop.DBus.Introspectable" member="Introspect" error name="(unset)" requested_reply="0" destination="org.bluez" (bus)

(wrapper-1.0:14457): Gdk-WARNING **: 09:50:25.055: /build/gtk+2.0-AoeliP/gtk+2.0-2.24.32/gdk/x11/gdkdrawable-x11.c:952 drawable is not a pixmap or window

Thu Mar  5 09:50:27 2020
 VNCSConnST:  Server default pixel format depth 16 (16bpp) little-endian rgb565
 VNCSConnST:  Client pixel format depth 16 (16bpp) little-endian rgb565

(Thunar:14306): Gdk-WARNING **: 09:54:44.730: gdk_window_set_icon_list: icons too large

(Thunar:14306): Gdk-WARNING **: 10:01:43.574: gdk_window_set_icon_list: icons too large

Thu Mar  5 10:04:40 2020
 XserverDesktop: Added unknown keysym 0x6ce to keycode 255
 XserverDesktop: Added unknown keysym 0x6cf to keycode 254
 XserverDesktop: Added unknown keysym 0x6cd to keycode 253
xfwm4-Message: 10:04:41.081: Unsupported keyboard modifier '<Super>Tab'

Thu Mar  5 10:04:41 2020
 XserverDesktop: Added unknown keysym 0x6d2 to keycode 252
xfwm4-Message: 10:04:41.537: Unsupported keyboard modifier '<Super>Tab'

Thu Mar  5 10:04:42 2020
 XserverDesktop: Added unknown keysym 0x6c5 to keycode 251
xfwm4-Message: 10:04:42.297: Unsupported keyboard modifier '<Super>Tab'
 XserverDesktop: Added unknown keysym 0x6c4 to keycode 250
xfwm4-Message: 10:04:42.817: Unsupported keyboard modifier '<Super>Tab'

Thu Mar  5 10:04:43 2020
 XserverDesktop: Added unknown keysym 0x6d1 to keycode 249
xfwm4-Message: 10:04:43.257: Unsupported keyboard modifier '<Super>Tab'
 XserverDesktop: Added unknown keysym 0x6d7 to keycode 248
xfwm4-Message: 10:04:43.992: Unsupported keyboard modifier '<Super>Tab'

Thu Mar  5 10:04:44 2020
 XserverDesktop: Added unknown keysym 0x6c7 to keycode 247
xfwm4-Message: 10:04:44.337: Unsupported keyboard modifier '<Super>Tab'
 XserverDesktop: Added unknown keysym 0x6cb to keycode 246
xfwm4-Message: 10:04:45.138: Unsupported keyboard modifier '<Super>Tab'

Thu Mar  5 10:04:45 2020
 XserverDesktop: Added unknown keysym 0xf3 to keycode 245
xfwm4-Message: 10:04:45.961: Unsupported keyboard modifier '<Super>Tab'

Thu Mar  5 10:07:50 2020
 XserverDesktop: Added unknown keysym 0x6c0 to keycode 244
xfwm4-Message: 10:07:51.091: Unsupported keyboard modifier '<Super>Tab'

(Thunar:14306): Gdk-WARNING **: 10:26:01.934: gdk_window_set_icon_list: icons too large

Thu Mar  5 10:31:23 2020
 XserverDesktop: Added unknown keysym 0x6c6 to keycode 243
xfwm4-Message: 10:31:23.970: Unsupported keyboard modifier '<Super>Tab'

Thu Mar  5 10:31:43 2020
 XserverDesktop: Added unknown keysym 0x6cc to keycode 242
 XserverDesktop: Added unknown keysym 0x6c9 to keycode 241
xfwm4-Message: 10:31:43.602: Unsupported keyboard modifier '<Super>Tab'

Thu Mar  5 10:34:16 2020
 XserverDesktop: Added unknown keysym 0x6fc to keycode 240
xfwm4-Message: 10:34:16.908: Unsupported keyboard modifier '<Super>Tab'

(Thunar:14306): Gdk-WARNING **: 10:47:33.459: gdk_window_set_icon_list: icons too large

(Thunar:14306): Gdk-WARNING **: 10:50:02.101: gdk_window_set_icon_list: icons too large

Thu Mar  5 10:54:04 2020
 Connections: closed: 0.0.0.0::49897 (Clean disconnection)
 SMsgWriter:  framebuffer updates 16537
 SMsgWriter:    copyRect rects 4321, bytes 69136
 SMsgWriter:    hextile rects 51294, bytes 97767976
 SMsgWriter:    raw bytes equivalent 867848326, compression ratio 8.876611
/usr/lib/ubuntu-release-upgrader/check-new-release-gtk:30: PyGIWarning: Gtk was imported without specifying a version first. Use gi.require_version('Gtk', '3.0') before import to ensure that the right version gets loaded.
  from gi.repository import Gtk
WARNING:root:timeout reached, exiting
xfwm4: Fatal IO error 11 (Resource temporarily unavailable) on X server :15.0.
xfdesktop: Fatal IO error 11 (Resource temporarily unavailable) on X server :15.0.
