
Xvnc Free Edition 4.1.1 - built Feb 25 2015 23:02:21
Copyright (C) 2002-2005 RealVNC Ltd.
See http://www.realvnc.com for information on VNC.
Underlying X server release 40300000, The XFree86 Project, Inc


Fri Nov  8 11:22:54 2019
 vncext:      VNC extension running!
 vncext:      Listening for VNC connections on port 5906
 vncext:      created VNC server for screen 0
error opening security policy file /etc/X11/xserver/SecurityPolicy
Could not init font path element /usr/X11R6/lib/X11/fonts/Type1/, removing from list!
Could not init font path element /usr/X11R6/lib/X11/fonts/Speedo/, removing from list!
Could not init font path element /usr/X11R6/lib/X11/fonts/misc/, removing from list!
Could not init font path element /usr/X11R6/lib/X11/fonts/75dpi/, removing from list!
Could not init font path element /usr/X11R6/lib/X11/fonts/100dpi/, removing from list!
Could not init font path element /usr/share/fonts/X11/75dpi/, removing from list!
Could not init font path element /usr/share/fonts/X11/100dpi/, removing from list!
xrdb: No such file or directory
xrdb: can't open file '/home/is28/makshaev28/.Xresources'
/usr/bin/startxfce4: X server already running on display :6
gpg-agent[60566]: WARNING: "--write-env-file" is an obsolete option - it has no effect
gpg-agent: a gpg-agent is already running - not starting a new one

(xfce4-session:60533): xfce4-session-WARNING **: 11:22:58.005: gpg-agent returned no PID in the variables

(xfce4-session:60533): xfce4-session-WARNING **: 11:22:58.007: xfsm_manager_load_session: Something wrong with /home/is28/makshaev28/.cache/sessions/xfce4-session-virt-1:6, Does it exist? Permissions issue?

(xfwm4:60570): xfwm4-WARNING **: 11:22:58.033: The display does not support the XRender extension.

(xfwm4:60570): xfwm4-WARNING **: 11:22:58.033: The display does not support the XComposite extension.

(xfwm4:60570): xfwm4-WARNING **: 11:22:58.033: The display does not support the XDamage extension.

(xfwm4:60570): xfwm4-WARNING **: 11:22:58.033: The display does not support the XFixes extension.

(xfwm4:60570): xfwm4-WARNING **: 11:22:58.033: Compositing manager disabled.
xfwm4-Message: 11:22:58.076: Unsupported keyboard modifier '<Super>Tab'

** (light-locker:60579): ERROR **: 11:22:58.125: Environment variable XDG_SESSION_PATH not set. Is LightDM running?
(uint32 1,)

(xfsettingsd:60581): xfsettingsd-CRITICAL **: 11:22:58.193: RANDR extension is too old, version 1.1. Display settings won't be applied.
Xlib:  extension "XInputExtension" missing on display ":6.0".

(xfsettingsd:60581): xfsettingsd-CRITICAL **: 11:22:58.193: XI is not present.

(xfsettingsd:60581): xfsettingsd-CRITICAL **: 11:22:58.193: Failed to initialize the Xkb extension.

(xfsettingsd:60581): xfsettingsd-CRITICAL **: 11:22:58.200: Failed to initialize the Accessibility extension.

(polkit-gnome-authentication-agent-1:60582): GLib-CRITICAL **: 11:22:58.385: g_variant_new_string: assertion 'string != NULL' failed
xfwm4-Message: 11:22:58.386: Unsupported keyboard modifier '<Super>Tab'

(polkit-gnome-authentication-agent-1:60582): polkit-gnome-1-WARNING **: 11:22:58.388: Failed to register client: GDBus.Error:org.freedesktop.DBus.Error.ServiceUnknown: The name org.gnome.SessionManager was not provided by any .service files

(nm-applet:60655): Gtk-WARNING **: 11:22:58.795: Can't set a parent on widget which has a parent

(nm-applet:60655): Gdk-CRITICAL **: 11:22:58.938: gdk_window_thaw_toplevel_updates: assertion 'window->update_and_descendants_freeze_count > 0' failed

Fri Nov  8 11:23:03 2019
 Connections: accepted: 0.0.0.0::49359
 SConnection: Client needs protocol version 3.8
 SConnection: Client requests security type VncAuth(2)

Fri Nov  8 11:23:08 2019
 VNCSConnST:  Server default pixel format depth 16 (16bpp) little-endian rgb565
 VNCSConnST:  Client pixel format depth 16 (16bpp) little-endian rgb565
/usr/lib/python3/dist-packages/blueman/plugins/applet/AppIndicator.py:8: PyGIWarning: AppIndicator3 was imported without specifying a version first. Use gi.require_version('AppIndicator3', '0.1') before import to ensure that the right version gets loaded.
  from gi.repository import AppIndicator3 as girAppIndicator
ERROR:dbus.proxies:Introspect error on org.bluez:/org/bluez: dbus.exceptions.DBusException: org.freedesktop.DBus.Error.AccessDenied: Rejected send message, 2 matched rules; type="method_call", sender=":1.2430" (uid=1279 pid=60643 comm="/usr/bin/python3 /usr/bin/blueman-applet " label="unconfined") interface="org.freedesktop.DBus.Introspectable" member="Introspect" error name="(unset)" requested_reply="0" destination="org.bluez" (bus)
ERROR:dbus.proxies:Introspect error on org.bluez:/: dbus.exceptions.DBusException: org.freedesktop.DBus.Error.AccessDenied: Rejected send message, 2 matched rules; type="method_call", sender=":1.2430" (uid=1279 pid=60643 comm="/usr/bin/python3 /usr/bin/blueman-applet " label="unconfined") interface="org.freedesktop.DBus.Introspectable" member="Introspect" error name="(unset)" requested_reply="0" destination="org.bluez" (bus)
ERROR:dbus.proxies:Introspect error on org.bluez:/: dbus.exceptions.DBusException: org.freedesktop.DBus.Error.AccessDenied: Rejected send message, 2 matched rules; type="method_call", sender=":1.2430" (uid=1279 pid=60643 comm="/usr/bin/python3 /usr/bin/blueman-applet " label="unconfined") interface="org.freedesktop.DBus.Introspectable" member="Introspect" error name="(unset)" requested_reply="0" destination="org.bluez" (bus)

(wrapper-1.0:60727): Gdk-WARNING **: 11:23:23.946: /build/gtk+2.0-AoeliP/gtk+2.0-2.24.32/gdk/x11/gdkdrawable-x11.c:952 drawable is not a pixmap or window

(Thunar:60576): Gdk-WARNING **: 11:24:18.472: gdk_window_set_icon_list: icons too large
Xlib:  extension "XINERAMA" missing on display ":6.0".
func=xmlSecCheckVersionExt:file=xmlsec.c:line=188:obj=unknown:subj=unknown:error=19:invalid version:mode=abi compatible;expected minor version=2;real minor version=2;expected subminor version=25;real subminor version=26

(soffice:64762): GLib-GObject-WARNING **: 11:24:27.488: ../../../../gobject/gsignal.c:3492: signal name 'selection_changed' is invalid for instance '0x5651fad396a0' of type 'OOoAtkObjCompTxt'
func=xmlSecCheckVersionExt:file=xmlsec.c:line=188:obj=unknown:subj=unknown:error=19:invalid version:mode=abi compatible;expected minor version=2;real minor version=2;expected subminor version=25;real subminor version=26
Xlib:  extension "XINERAMA" missing on display ":6.0".
func=xmlSecCheckVersionExt:file=xmlsec.c:line=188:obj=unknown:subj=unknown:error=19:invalid version:mode=abi compatible;expected minor version=2;real minor version=2;expected subminor version=25;real subminor version=26

(Thunar:60576): Gdk-WARNING **: 11:25:36.508: gdk_window_set_icon_list: icons too large
func=xmlSecCheckVersionExt:file=xmlsec.c:line=188:obj=unknown:subj=unknown:error=19:invalid version:mode=abi compatible;expected minor version=2;real minor version=2;expected subminor version=25;real subminor version=26

Fri Nov  8 11:34:27 2019
 XserverDesktop: Added unknown keysym 0x6f6 to keycode 255
xfwm4-Message: 11:34:27.446: Unsupported keyboard modifier '<Super>Tab'

Fri Nov  8 11:34:34 2019
 XserverDesktop: Added unknown keysym 0x6f3 to keycode 254
 XserverDesktop: Added unknown keysym 0x6d4 to keycode 253

Fri Nov  8 11:34:35 2019
 XserverDesktop: Added unknown keysym 0x6c1 to keycode 252
 XserverDesktop: Added unknown keysym 0x6d2 to keycode 251
xfwm4-Message: 11:34:35.448: Unsupported keyboard modifier '<Super>Tab'

Fri Nov  8 11:34:39 2019
 XserverDesktop: Added unknown keysym 0x6d9 to keycode 250
 XserverDesktop: Added unknown keysym 0x6ca to keycode 249
 XserverDesktop: Added unknown keysym 0x6cd to keycode 248
xfwm4-Message: 11:34:39.616: Unsupported keyboard modifier '<Super>Tab'
 XserverDesktop: Added unknown keysym 0x6c9 to keycode 247
xfwm4-Message: 11:34:40.176: Unsupported keyboard modifier '<Super>Tab'

Fri Nov  8 11:34:40 2019
 XserverDesktop: Added unknown keysym 0x6d7 to keycode 246
xfwm4-Message: 11:34:40.488: Unsupported keyboard modifier '<Super>Tab'

Fri Nov  8 11:34:59 2019
 XserverDesktop: Added unknown keysym 0x6ee to keycode 245
 XserverDesktop: Added unknown keysym 0x6cf to keycode 244
xfwm4-Message: 11:34:59.872: Unsupported keyboard modifier '<Super>Tab'

Fri Nov  8 11:35:01 2019
 XserverDesktop: Added unknown keysym 0x6e5 to keycode 243
xfwm4-Message: 11:35:01.608: Unsupported keyboard modifier '<Super>Tab'

Fri Nov  8 11:36:05 2019
 XserverDesktop: Added unknown keysym 0x6d0 to keycode 242
xfwm4-Message: 11:36:06.038: Unsupported keyboard modifier '<Super>Tab'

Fri Nov  8 11:36:06 2019
 XserverDesktop: Added unknown keysym 0x6cc to keycode 241
xfwm4-Message: 11:36:06.454: Unsupported keyboard modifier '<Super>Tab'

Fri Nov  8 11:36:07 2019
 XserverDesktop: Added unknown keysym 0x6c4 to keycode 240
xfwm4-Message: 11:36:07.518: Unsupported keyboard modifier '<Super>Tab'
 XserverDesktop: Added unknown keysym 0x6de to keycode 239
xfwm4-Message: 11:36:07.798: Unsupported keyboard modifier '<Super>Tab'

(Thunar:60576): Gdk-WARNING **: 11:38:19.874: gdk_window_set_icon_list: icons too large

(Thunar:60576): Gdk-WARNING **: 11:38:28.829: gdk_window_set_icon_list: icons too large
func=xmlSecCheckVersionExt:file=xmlsec.c:line=188:obj=unknown:subj=unknown:error=19:invalid version:mode=abi compatible;expected minor version=2;real minor version=2;expected subminor version=25;real subminor version=26

Fri Nov  8 11:51:48 2019
 XserverDesktop: Added unknown keysym 0x6dc to keycode 238
xfwm4-Message: 11:51:48.264: Unsupported keyboard modifier '<Super>Tab'

Fri Nov  8 12:24:52 2019
 XserverDesktop: Added unknown keysym 0x6d1 to keycode 237
xfwm4-Message: 12:24:52.915: Unsupported keyboard modifier '<Super>Tab'

(Thunar:60576): Gdk-WARNING **: 12:32:28.519: gdk_window_set_icon_list: icons too large
func=xmlSecCheckVersionExt:file=xmlsec.c:line=188:obj=unknown:subj=unknown:error=19:invalid version:mode=abi compatible;expected minor version=2;real minor version=2;expected subminor version=25;real subminor version=26
func=xmlSecCheckVersionExt:file=xmlsec.c:line=188:obj=unknown:subj=unknown:error=19:invalid version:mode=abi compatible;expected minor version=2;real minor version=2;expected subminor version=25;real subminor version=26

Fri Nov  8 12:40:48 2019
 Connections: closed: 0.0.0.0::49359 (Clean disconnection)
 SMsgWriter:  framebuffer updates 13410
 SMsgWriter:    copyRect rects 3539, bytes 56624
 SMsgWriter:    hextile rects 59121, bytes 133809309
 SMsgWriter:    raw bytes equivalent 1209759238, compression ratio 9.040920
