
Xvnc Free Edition 4.1.1 - built Feb 25 2015 23:02:21
Copyright (C) 2002-2005 RealVNC Ltd.
See http://www.realvnc.com for information on VNC.
Underlying X server release 40300000, The XFree86 Project, Inc


Fri Oct 18 11:39:31 2019
 vncext:      VNC extension running!
 vncext:      Listening for VNC connections on port 5912
 vncext:      created VNC server for screen 0
error opening security policy file /etc/X11/xserver/SecurityPolicy
Could not init font path element /usr/X11R6/lib/X11/fonts/Type1/, removing from list!
Could not init font path element /usr/X11R6/lib/X11/fonts/Speedo/, removing from list!
Could not init font path element /usr/X11R6/lib/X11/fonts/misc/, removing from list!
Could not init font path element /usr/X11R6/lib/X11/fonts/75dpi/, removing from list!
Could not init font path element /usr/X11R6/lib/X11/fonts/100dpi/, removing from list!
Could not init font path element /usr/share/fonts/X11/75dpi/, removing from list!
Could not init font path element /usr/share/fonts/X11/100dpi/, removing from list!

(x-window-manager:5862): xfwm4-WARNING **: 11:39:34.585: The display does not support the XRender extension.

(x-window-manager:5862): xfwm4-WARNING **: 11:39:34.585: The display does not support the XComposite extension.

(x-window-manager:5862): xfwm4-WARNING **: 11:39:34.585: The display does not support the XDamage extension.

(x-window-manager:5862): xfwm4-WARNING **: 11:39:34.585: The display does not support the XFixes extension.

(x-window-manager:5862): xfwm4-WARNING **: 11:39:34.585: Compositing manager disabled.
xfwm4-Message: 11:39:34.639: Unsupported keyboard modifier '<Super>Tab'

(x-window-manager:5862): xfwm4-WARNING **: 11:39:34.655: Failed to connect to session manager: Failed to connect to the session manager: SESSION_MANAGER environment variable not defined
Failed to connect to session manager: Failed to connect to the session manager: SESSION_MANAGER environment variable not defined

Fri Oct 18 11:39:42 2019
 Connections: accepted: 0.0.0.0::50308
 SConnection: Client needs protocol version 3.8
 SConnection: Client requests security type VncAuth(2)

Fri Oct 18 11:39:48 2019
 VNCSConnST:  Server default pixel format depth 16 (16bpp) little-endian rgb565
 VNCSConnST:  Client pixel format depth 16 (16bpp) little-endian rgb565

Fri Oct 18 12:06:36 2019
 Connections: closed: 0.0.0.0::50308 (Clean disconnection)
 SMsgWriter:  framebuffer updates 3914
 SMsgWriter:    copyRect rects 3803, bytes 60848
 SMsgWriter:    hextile rects 9485, bytes 15225899
 SMsgWriter:    raw bytes equivalent 296525132, compression ratio 19.475049

Fri Oct 18 12:06:39 2019
 Connections: accepted: 0.0.0.0::50360
 SConnection: Client needs protocol version 3.8
 SConnection: Client requests security type VncAuth(2)

Fri Oct 18 12:06:44 2019
 VNCSConnST:  Server default pixel format depth 16 (16bpp) little-endian rgb565
 VNCSConnST:  Client pixel format depth 16 (16bpp) little-endian rgb565
 VNCSConnST:  Client pixel format depth 16 (16bpp) little-endian rgb565

Fri Oct 18 12:07:13 2019
 Connections: closed: 0.0.0.0::50360 (Clean disconnection)
 SMsgWriter:  framebuffer updates 3
 SMsgWriter:    hextile rects 2, bytes 8294
 SMsgWriter:    ZRLE rects 2, bytes 310
 SMsgWriter:    raw bytes equivalent 12441948, compression ratio 1446.065551

Fri Oct 18 12:07:23 2019
 Connections: accepted: 0.0.0.0::50364
 SConnection: Client needs protocol version 3.8
 SConnection: Client requests security type VncAuth(2)

Fri Oct 18 12:07:26 2019
 VNCSConnST:  Server default pixel format depth 16 (16bpp) little-endian rgb565

Fri Oct 18 12:07:27 2019
 VNCSConnST:  Client pixel format depth 16 (16bpp) little-endian rgb565
 VNCSConnST:  Client pixel format depth 16 (16bpp) little-endian rgb565

Fri Oct 18 12:07:29 2019
 Connections: accepted: 0.0.0.0::50365
 SConnection: Client needs protocol version 3.8
 SConnection: Client requests security type VncAuth(2)

Fri Oct 18 12:07:36 2019
 VNCSConnST:  Server default pixel format depth 16 (16bpp) little-endian rgb565
 VNCSConnST:  Client pixel format depth 16 (16bpp) little-endian rgb565
 VNCSConnST:  Client pixel format depth 16 (16bpp) little-endian rgb565

Fri Oct 18 12:08:11 2019
 Connections: closed: 0.0.0.0::50365 (read: Connection reset by peer (104))
 SMsgWriter:  framebuffer updates 3
 SMsgWriter:    hextile rects 2, bytes 8294
 SMsgWriter:    ZRLE rects 2, bytes 310
 SMsgWriter:    raw bytes equivalent 12441948, compression ratio 1446.065551
 Connections: closed: 0.0.0.0::50364 (read: Connection reset by peer (104))
 SMsgWriter:  framebuffer updates 218
 SMsgWriter:    hextile rects 2, bytes 8294
 SMsgWriter:    ZRLE rects 432, bytes 10738
 SMsgWriter:    raw bytes equivalent 12584608, compression ratio 661.234132
x-window-manager: Fatal IO error 4 (Interrupted system call) on X server :12.
