
Xvnc Free Edition 4.1.1 - built Feb 25 2015 23:02:21
Copyright (C) 2002-2005 RealVNC Ltd.
See http://www.realvnc.com for information on VNC.
Underlying X server release 40300000, The XFree86 Project, Inc


Fri Oct 18 11:25:17 2019
 vncext:      VNC extension running!
 vncext:      Listening for VNC connections on port 5930
 vncext:      created VNC server for screen 0
error opening security policy file /etc/X11/xserver/SecurityPolicy
Could not init font path element /usr/X11R6/lib/X11/fonts/Type1/, removing from list!
Could not init font path element /usr/X11R6/lib/X11/fonts/Speedo/, removing from list!
Could not init font path element /usr/X11R6/lib/X11/fonts/misc/, removing from list!
Could not init font path element /usr/X11R6/lib/X11/fonts/75dpi/, removing from list!
Could not init font path element /usr/X11R6/lib/X11/fonts/100dpi/, removing from list!
Could not init font path element /usr/share/fonts/X11/75dpi/, removing from list!
Could not init font path element /usr/share/fonts/X11/100dpi/, removing from list!

(x-window-manager:63173): xfwm4-WARNING **: 11:25:20.236: The display does not support the XRender extension.

(x-window-manager:63173): xfwm4-WARNING **: 11:25:20.236: The display does not support the XComposite extension.

(x-window-manager:63173): xfwm4-WARNING **: 11:25:20.236: The display does not support the XDamage extension.

(x-window-manager:63173): xfwm4-WARNING **: 11:25:20.236: The display does not support the XFixes extension.

(x-window-manager:63173): xfwm4-WARNING **: 11:25:20.236: Compositing manager disabled.
xfwm4-Message: 11:25:20.740: Unsupported keyboard modifier '<Super>Tab'

(x-window-manager:63173): xfwm4-WARNING **: 11:25:20.746: Failed to connect to session manager: Failed to connect to the session manager: SESSION_MANAGER environment variable not defined
Failed to connect to session manager: Failed to connect to the session manager: SESSION_MANAGER environment variable not defined

Fri Oct 18 11:25:30 2019
 Connections: accepted: 0.0.0.0::49391
 SConnection: Client needs protocol version 3.8
 SConnection: Client requests security type VncAuth(2)

Fri Oct 18 11:25:34 2019
 VNCSConnST:  Server default pixel format depth 16 (16bpp) little-endian rgb565
 VNCSConnST:  Client pixel format depth 16 (16bpp) little-endian rgb565

Fri Oct 18 11:30:54 2019
 Connections: closed: 0.0.0.0::49391 (Clean disconnection)
 SMsgWriter:  framebuffer updates 907
 SMsgWriter:    copyRect rects 745, bytes 11920
 SMsgWriter:    hextile rects 3406, bytes 7552379
 SMsgWriter:    raw bytes equivalent 90085382, compression ratio 11.928080

Fri Oct 18 11:31:00 2019
 Connections: accepted: 0.0.0.0::50247
 SConnection: Client needs protocol version 3.8
 SConnection: Client requests security type VncAuth(2)

Fri Oct 18 11:31:05 2019
 VNCSConnST:  Server default pixel format depth 16 (16bpp) little-endian rgb565
 VNCSConnST:  Client pixel format depth 16 (16bpp) little-endian rgb565
x-window-manager: Fatal IO error 4 (Interrupted system call) on X server :30.
