
Xvnc Free Edition 4.1.1 - built Feb 25 2015 23:02:21
Copyright (C) 2002-2005 RealVNC Ltd.
See http://www.realvnc.com for information on VNC.
Underlying X server release 40300000, The XFree86 Project, Inc


Fri Oct  4 11:42:03 2019
 vncext:      VNC extension running!
 vncext:      Listening for VNC connections on port 5925
 vncext:      created VNC server for screen 0
error opening security policy file /etc/X11/xserver/SecurityPolicy
Could not init font path element /usr/X11R6/lib/X11/fonts/Type1/, removing from list!
Could not init font path element /usr/X11R6/lib/X11/fonts/Speedo/, removing from list!
Could not init font path element /usr/X11R6/lib/X11/fonts/misc/, removing from list!
Could not init font path element /usr/X11R6/lib/X11/fonts/75dpi/, removing from list!
Could not init font path element /usr/X11R6/lib/X11/fonts/100dpi/, removing from list!
Could not init font path element /usr/share/fonts/X11/75dpi/, removing from list!
Could not init font path element /usr/share/fonts/X11/100dpi/, removing from list!

(x-window-manager:12506): xfwm4-WARNING **: 11:42:06.503: The display does not support the XRender extension.

(x-window-manager:12506): xfwm4-WARNING **: 11:42:06.504: The display does not support the XComposite extension.

(x-window-manager:12506): xfwm4-WARNING **: 11:42:06.504: The display does not support the XDamage extension.

(x-window-manager:12506): xfwm4-WARNING **: 11:42:06.504: The display does not support the XFixes extension.

(x-window-manager:12506): xfwm4-WARNING **: 11:42:06.504: Compositing manager disabled.
xfwm4-Message: 11:42:06.566: Unsupported keyboard modifier '<Super>Tab'

(x-window-manager:12506): xfwm4-WARNING **: 11:42:06.605: Failed to connect to session manager: Failed to connect to the session manager: SESSION_MANAGER environment variable not defined
Failed to connect to session manager: Failed to connect to the session manager: SESSION_MANAGER environment variable not defined

Fri Oct  4 11:42:15 2019
 Connections: accepted: 0.0.0.0::50187
 SConnection: Client needs protocol version 3.8
 SConnection: Client requests security type VncAuth(2)

Fri Oct  4 11:42:18 2019
 SConnection: AuthFailureException: Authentication failure
 Connections: closed: 0.0.0.0::50187 (Authentication failure)

Fri Oct  4 11:42:22 2019
 Connections: accepted: 0.0.0.0::50188
 SConnection: Client needs protocol version 3.8
 SConnection: Client requests security type VncAuth(2)

Fri Oct  4 11:42:27 2019
 SConnection: AuthFailureException: Authentication failure
 Connections: closed: 0.0.0.0::50188 (Authentication failure)

Fri Oct  4 11:42:31 2019
 Connections: accepted: 0.0.0.0::50189
 SConnection: Client needs protocol version 3.8
 SConnection: Client requests security type VncAuth(2)

Fri Oct  4 11:42:33 2019
 SConnection: AuthFailureException: Authentication failure
 Connections: closed: 0.0.0.0::50189 (Authentication failure)

Fri Oct  4 11:42:37 2019
 Connections: accepted: 0.0.0.0::50190
 SConnection: Client needs protocol version 3.8
 SConnection: Client requests security type VncAuth(2)

Fri Oct  4 11:42:42 2019
 SConnection: AuthFailureException: Authentication failure
 Connections: closed: 0.0.0.0::50190 (Authentication failure)

Fri Oct  4 11:42:45 2019
 Connections: accepted: 0.0.0.0::50191
 SConnection: Client needs protocol version 3.8
 SConnection: Client requests security type VncAuth(2)

Fri Oct  4 11:42:55 2019
 SConnection: AuthFailureException: Authentication failure
 Connections: closed: 0.0.0.0::50191 (Authentication failure)

Fri Oct  4 11:42:59 2019
 Connections: accepted: 0.0.0.0::50192
 SConnection: Client needs protocol version 3.8
 SConnection: Client requests security type VncAuth(2)

Fri Oct  4 11:43:11 2019
 SConnection: AuthFailureException: Authentication failure
 Connections: closed: 0.0.0.0::50192 (Authentication failure)

Fri Oct  4 11:43:59 2019
 Connections: accepted: 0.0.0.0::50214
 SConnection: Client needs protocol version 3.8
 SConnection: Client requests security type VncAuth(2)

Fri Oct  4 11:44:04 2019
 VNCSConnST:  Server default pixel format depth 16 (16bpp) little-endian rgb565
 VNCSConnST:  Client pixel format depth 16 (16bpp) little-endian rgb565

Fri Oct  4 11:59:08 2019
 XserverDesktop: Added unknown keysym 0x6eb to keycode 255
xfwm4-Message: 11:59:08.300: Unsupported keyboard modifier '<Super>Tab'
 XserverDesktop: Added unknown keysym 0x6c9 to keycode 254
 XserverDesktop: Added unknown keysym 0x6d2 to keycode 253
xfwm4-Message: 11:59:08.835: Unsupported keyboard modifier '<Super>Tab'
 XserverDesktop: Added unknown keysym 0x6cc to keycode 252
xfwm4-Message: 11:59:09.164: Unsupported keyboard modifier '<Super>Tab'

Fri Oct  4 12:00:40 2019
 XserverDesktop: Added unknown keysym 0x6d3 to keycode 251
xfwm4-Message: 12:00:40.675: Unsupported keyboard modifier '<Super>Tab'

Fri Oct  4 12:00:41 2019
 XserverDesktop: Added unknown keysym 0x6cd to keycode 250
xfwm4-Message: 12:00:41.867: Unsupported keyboard modifier '<Super>Tab'

Fri Oct  4 12:00:58 2019
 XserverDesktop: Added unknown keysym 0x6c4 to keycode 249
xfwm4-Message: 12:00:59.123: Unsupported keyboard modifier '<Super>Tab'

Fri Oct  4 12:00:59 2019
 XserverDesktop: Added unknown keysym 0x6c6 to keycode 248
xfwm4-Message: 12:00:59.963: Unsupported keyboard modifier '<Super>Tab'

Fri Oct  4 12:04:06 2019
 XserverDesktop: Added unknown keysym 0x6f0 to keycode 247
xfwm4-Message: 12:04:07.168: Unsupported keyboard modifier '<Super>Tab'

Fri Oct  4 12:04:07 2019
 XserverDesktop: Added unknown keysym 0x6cf to keycode 246
xfwm4-Message: 12:04:07.576: Unsupported keyboard modifier '<Super>Tab'
 XserverDesktop: Added unknown keysym 0x6c1 to keycode 245
xfwm4-Message: 12:04:07.856: Unsupported keyboard modifier '<Super>Tab'

Fri Oct  4 12:04:27 2019
 XserverDesktop: Added unknown keysym 0x6d4 to keycode 244

Fri Oct  4 12:04:28 2019
 XserverDesktop: Added unknown keysym 0x6d8 to keycode 243
 XserverDesktop: Added unknown keysym 0xf3 to keycode 242
xfwm4-Message: 12:04:28.528: Unsupported keyboard modifier '<Super>Tab'

Fri Oct  4 12:11:57 2019
 XserverDesktop: Added unknown keysym 0x6c5 to keycode 241
xfwm4-Message: 12:11:57.547: Unsupported keyboard modifier '<Super>Tab'

Fri Oct  4 12:13:11 2019
 XserverDesktop: Added unknown keysym 0x6c0 to keycode 240
xfwm4-Message: 12:13:11.891: Unsupported keyboard modifier '<Super>Tab'

Fri Oct  4 12:14:17 2019
 XserverDesktop: Added unknown keysym 0x6fe to keycode 239
xfwm4-Message: 12:14:17.442: Unsupported keyboard modifier '<Super>Tab'

Fri Oct  4 12:14:18 2019
 XserverDesktop: Added unknown keysym 0x6da to keycode 238
xfwm4-Message: 12:14:18.338: Unsupported keyboard modifier '<Super>Tab'

Fri Oct  4 12:14:21 2019
 XserverDesktop: Added unknown keysym 0x6d7 to keycode 237
xfwm4-Message: 12:14:21.586: Unsupported keyboard modifier '<Super>Tab'

Fri Oct  4 12:14:22 2019
 XserverDesktop: Added unknown keysym 0x6c2 to keycode 236
xfwm4-Message: 12:14:22.289: Unsupported keyboard modifier '<Super>Tab'

Fri Oct  4 12:15:57 2019
 XserverDesktop: Added unknown keysym 0x6dd to keycode 235
xfwm4-Message: 12:15:57.472: Unsupported keyboard modifier '<Super>Tab'

Fri Oct  4 12:18:16 2019
 XserverDesktop: Added unknown keysym 0x6ee to keycode 234
xfwm4-Message: 12:18:16.552: Unsupported keyboard modifier '<Super>Tab'

Fri Oct  4 12:18:26 2019
 XserverDesktop: Added unknown keysym 0x6d9 to keycode 233
xfwm4-Message: 12:18:27.254: Unsupported keyboard modifier '<Super>Tab'

Fri Oct  4 12:18:47 2019
 XserverDesktop: Added unknown keysym 0x6db to keycode 232
xfwm4-Message: 12:18:47.742: Unsupported keyboard modifier '<Super>Tab'

Fri Oct  4 12:18:48 2019
 XserverDesktop: Added unknown keysym 0x6d1 to keycode 231
xfwm4-Message: 12:18:48.374: Unsupported keyboard modifier '<Super>Tab'

Fri Oct  4 12:22:26 2019
 XserverDesktop: Added unknown keysym 0x6c7 to keycode 230
xfwm4-Message: 12:22:26.844: Unsupported keyboard modifier '<Super>Tab'

Fri Oct  4 12:45:46 2019
 Connections: closed: 0.0.0.0::50214 (Clean disconnection)
 SMsgWriter:  framebuffer updates 14679
 SMsgWriter:    copyRect rects 29734, bytes 475744
 SMsgWriter:    hextile rects 53428, bytes 73546467
 SMsgWriter:    raw bytes equivalent 902115840, compression ratio 12.265930
x-window-manager: Fatal IO error 11 (Resource temporarily unavailable) on X server :25.
