
Xvnc Free Edition 4.1.1 - built Feb 25 2015 23:02:21
Copyright (C) 2002-2005 RealVNC Ltd.
See http://www.realvnc.com for information on VNC.
Underlying X server release 40300000, The XFree86 Project, Inc


Fri Sep 27 11:23:34 2019
 vncext:      VNC extension running!
 vncext:      Listening for VNC connections on port 5921
 vncext:      created VNC server for screen 0
error opening security policy file /etc/X11/xserver/SecurityPolicy
Could not init font path element /usr/X11R6/lib/X11/fonts/Type1/, removing from list!
Could not init font path element /usr/X11R6/lib/X11/fonts/Speedo/, removing from list!
Could not init font path element /usr/X11R6/lib/X11/fonts/misc/, removing from list!
Could not init font path element /usr/X11R6/lib/X11/fonts/75dpi/, removing from list!
Could not init font path element /usr/X11R6/lib/X11/fonts/100dpi/, removing from list!
Could not init font path element /usr/share/fonts/X11/75dpi/, removing from list!
Could not init font path element /usr/share/fonts/X11/100dpi/, removing from list!

(x-window-manager:34841): xfwm4-WARNING **: 11:23:37.708: The display does not support the XRender extension.

(x-window-manager:34841): xfwm4-WARNING **: 11:23:37.709: The display does not support the XComposite extension.

(x-window-manager:34841): xfwm4-WARNING **: 11:23:37.709: The display does not support the XDamage extension.

(x-window-manager:34841): xfwm4-WARNING **: 11:23:37.709: The display does not support the XFixes extension.

(x-window-manager:34841): xfwm4-WARNING **: 11:23:37.709: Compositing manager disabled.
Failed to connect to session manager: Failed to connect to the session manager: SESSION_MANAGER environment variable not defined
xfwm4-Message: 11:23:37.796: Unsupported keyboard modifier '<Super>Tab'

(x-window-manager:34841): xfwm4-WARNING **: 11:23:37.803: Failed to connect to session manager: Failed to connect to the session manager: SESSION_MANAGER environment variable not defined

Fri Sep 27 11:23:45 2019
 Connections: accepted: 0.0.0.0::50396
 SConnection: Client needs protocol version 3.8
 SConnection: Client requests security type VncAuth(2)

Fri Sep 27 11:23:49 2019
 SConnection: AuthFailureException: Authentication failure
 Connections: closed: 0.0.0.0::50396 (Authentication failure)

Fri Sep 27 11:23:53 2019
 Connections: accepted: 0.0.0.0::50397
 SConnection: Client needs protocol version 3.8
 SConnection: Client requests security type VncAuth(2)

Fri Sep 27 11:23:56 2019
 VNCSConnST:  Server default pixel format depth 16 (16bpp) little-endian rgb565
 VNCSConnST:  Client pixel format depth 16 (16bpp) little-endian rgb565

Fri Sep 27 11:43:26 2019
 XserverDesktop: Added unknown keysym 0x6f7 to keycode 255
xfwm4-Message: 11:43:26.481: Unsupported keyboard modifier '<Super>Tab'

Fri Sep 27 11:43:33 2019
 XserverDesktop: Added unknown keysym 0x6c5 to keycode 254
 XserverDesktop: Added unknown keysym 0x6c4 to keycode 253
 XserverDesktop: Added unknown keysym 0x6c9 to keycode 252

Fri Sep 27 11:43:34 2019
 XserverDesktop: Added unknown keysym 0x6d4 to keycode 251
xfwm4-Message: 11:43:34.264: Unsupported keyboard modifier '<Super>Tab'

Fri Sep 27 11:43:38 2019
 XserverDesktop: Added unknown keysym 0x6de to keycode 250
xfwm4-Message: 11:43:38.896: Unsupported keyboard modifier '<Super>Tab'
 XserverDesktop: Added unknown keysym 0x6d3 to keycode 249

Fri Sep 27 11:43:39 2019
 XserverDesktop: Added unknown keysym 0x6cc to keycode 248
 XserverDesktop: Added unknown keysym 0x6cf to keycode 247
xfwm4-Message: 11:43:39.464: Unsupported keyboard modifier '<Super>Tab'

Fri Sep 27 11:43:41 2019
 XserverDesktop: Added unknown keysym 0x6d2 to keycode 246
xfwm4-Message: 11:43:41.473: Unsupported keyboard modifier '<Super>Tab'
 XserverDesktop: Added unknown keysym 0x6c2 to keycode 245
 XserverDesktop: Added unknown keysym 0x6ce to keycode 244
xfwm4-Message: 11:43:41.993: Unsupported keyboard modifier '<Super>Tab'

Fri Sep 27 11:43:53 2019
 XserverDesktop: Added unknown keysym 0x6a3 to keycode 243
xfwm4-Message: 11:43:54.016: Unsupported keyboard modifier '<Super>Tab'

Fri Sep 27 11:43:54 2019
 XserverDesktop: Added unknown keysym 0x6c8 to keycode 242
xfwm4-Message: 11:43:54.288: Unsupported keyboard modifier '<Super>Tab'
 XserverDesktop: Added unknown keysym 0x6da to keycode 241
xfwm4-Message: 11:43:54.612: Unsupported keyboard modifier '<Super>Tab'
 XserverDesktop: Added unknown keysym 0x6c1 to keycode 240
xfwm4-Message: 11:43:55.088: Unsupported keyboard modifier '<Super>Tab'

Fri Sep 27 11:45:19 2019
 XserverDesktop: Added unknown keysym 0xf3 to keycode 239
xfwm4-Message: 11:45:20.208: Unsupported keyboard modifier '<Super>Tab'

Fri Sep 27 11:45:25 2019
 XserverDesktop: Added unknown keysym 0x6cd to keycode 238
xfwm4-Message: 11:45:25.383: Unsupported keyboard modifier '<Super>Tab'

Fri Sep 27 11:47:53 2019
 XserverDesktop: Added unknown keysym 0x6c3 to keycode 237
xfwm4-Message: 11:47:53.365: Unsupported keyboard modifier '<Super>Tab'
 XserverDesktop: Added unknown keysym 0x6c6 to keycode 236
xfwm4-Message: 11:47:53.669: Unsupported keyboard modifier '<Super>Tab'

Fri Sep 27 12:42:34 2019
 Connections: closed: 0.0.0.0::50397 (Clean disconnection)
 SMsgWriter:  framebuffer updates 12205
 SMsgWriter:    copyRect rects 14406, bytes 230496
 SMsgWriter:    hextile rects 33941, bytes 61854786
 SMsgWriter:    raw bytes equivalent 865274668, compression ratio 13.988807
x-window-manager: Fatal IO error 4 (Interrupted system call) on X server :21.
