
Xvnc Free Edition 4.1.1 - built Feb 25 2015 23:02:21
Copyright (C) 2002-2005 RealVNC Ltd.
See http://www.realvnc.com for information on VNC.
Underlying X server release 40300000, The XFree86 Project, Inc


Fri Sep 20 08:39:22 2019
 vncext:      VNC extension running!
 vncext:      Listening for VNC connections on port 5929
 vncext:      created VNC server for screen 0
error opening security policy file /etc/X11/xserver/SecurityPolicy
Could not init font path element /usr/X11R6/lib/X11/fonts/Type1/, removing from list!
Could not init font path element /usr/X11R6/lib/X11/fonts/Speedo/, removing from list!
Could not init font path element /usr/X11R6/lib/X11/fonts/misc/, removing from list!
Could not init font path element /usr/X11R6/lib/X11/fonts/75dpi/, removing from list!
Could not init font path element /usr/X11R6/lib/X11/fonts/100dpi/, removing from list!
Could not init font path element /usr/share/fonts/X11/75dpi/, removing from list!
Could not init font path element /usr/share/fonts/X11/100dpi/, removing from list!

(x-window-manager:49848): xfwm4-WARNING **: 08:39:25.796: The display does not support the XRender extension.

(x-window-manager:49848): xfwm4-WARNING **: 08:39:25.796: The display does not support the XComposite extension.

(x-window-manager:49848): xfwm4-WARNING **: 08:39:25.796: The display does not support the XDamage extension.

(x-window-manager:49848): xfwm4-WARNING **: 08:39:25.796: The display does not support the XFixes extension.

(x-window-manager:49848): xfwm4-WARNING **: 08:39:25.796: Compositing manager disabled.
Failed to connect to session manager: Failed to connect to the session manager: SESSION_MANAGER environment variable not defined
xfwm4-Message: 08:39:25.918: Unsupported keyboard modifier '<Super>Tab'

(x-window-manager:49848): xfwm4-WARNING **: 08:39:25.924: Failed to connect to session manager: Failed to connect to the session manager: SESSION_MANAGER environment variable not defined

Fri Sep 20 08:39:36 2019
 Connections: accepted: 0.0.0.0::49331
 SConnection: Client needs protocol version 3.8
 SConnection: Client requests security type VncAuth(2)

Fri Sep 20 08:39:46 2019
 VNCSConnST:  Server default pixel format depth 16 (16bpp) little-endian rgb565
 VNCSConnST:  Client pixel format depth 16 (16bpp) little-endian rgb565

Fri Sep 20 08:49:51 2019
 XserverDesktop: Added unknown keysym 0x6de to keycode 255
 XserverDesktop: Added unknown keysym 0x6c9 to keycode 254
 XserverDesktop: Added unknown keysym 0x6d3 to keycode 253
 XserverDesktop: Added unknown keysym 0x6cc to keycode 252
 XserverDesktop: Added unknown keysym 0x6cf to keycode 251
xfwm4-Message: 08:49:52.200: Unsupported keyboard modifier '<Super>Tab'

Fri Sep 20 08:51:05 2019
 XserverDesktop: Added unknown keysym 0x6d1 to keycode 250
xfwm4-Message: 08:51:06.239: Unsupported keyboard modifier '<Super>Tab'

Fri Sep 20 08:51:12 2019
 XserverDesktop: Added unknown keysym 0x6da to keycode 249
xfwm4-Message: 08:51:12.871: Unsupported keyboard modifier '<Super>Tab'

Fri Sep 20 08:51:13 2019
 XserverDesktop: Added unknown keysym 0x6ce to keycode 248
xfwm4-Message: 08:51:13.375: Unsupported keyboard modifier '<Super>Tab'
 XserverDesktop: Added unknown keysym 0x6c5 to keycode 247
 XserverDesktop: Added unknown keysym 0x6d2 to keycode 246
xfwm4-Message: 08:51:14.103: Unsupported keyboard modifier '<Super>Tab'

Fri Sep 20 08:51:14 2019
 XserverDesktop: Added unknown keysym 0x6dd to keycode 245
xfwm4-Message: 08:51:14.455: Unsupported keyboard modifier '<Super>Tab'
 XserverDesktop: Added unknown keysym 0x6d4 to keycode 244
xfwm4-Message: 08:51:14.871: Unsupported keyboard modifier '<Super>Tab'

Fri Sep 20 09:12:29 2019
 XserverDesktop: Added unknown keysym 0x6c0 to keycode 243
xfwm4-Message: 09:12:30.064: Unsupported keyboard modifier '<Super>Tab'

Fri Sep 20 12:39:16 2019
 XserverDesktop: Added unknown keysym 0x6d0 to keycode 242
xfwm4-Message: 12:39:16.757: Unsupported keyboard modifier '<Super>Tab'
 XserverDesktop: Added unknown keysym 0x6d7 to keycode 241
xfwm4-Message: 12:39:17.197: Unsupported keyboard modifier '<Super>Tab'

Fri Sep 20 12:43:10 2019
 Connections: closed: 0.0.0.0::49331 (Clean disconnection)
 SMsgWriter:  framebuffer updates 11722
 SMsgWriter:    copyRect rects 12164, bytes 194624
 SMsgWriter:    hextile rects 46662, bytes 81262256
 SMsgWriter:    raw bytes equivalent 899332920, compression ratio 11.067043
x-window-manager: Fatal IO error 11 (Resource temporarily unavailable) on X server :29.
