
Xvnc Free Edition 4.1.1 - built Jul 31 2015 19:10:31
Copyright (C) 2002-2005 RealVNC Ltd.
See http://www.realvnc.com for information on VNC.
Underlying X server release 40300000, The XFree86 Project, Inc


Fri Sep  6 11:32:34 2019
 vncext:      VNC extension running!
 vncext:      Listening for VNC connections on port 5930
 vncext:      created VNC server for screen 0
error opening security policy file /etc/X11/xserver/SecurityPolicy
Could not init font path element /usr/X11R6/lib/X11/fonts/Type1/, removing from list!
Could not init font path element /usr/X11R6/lib/X11/fonts/Speedo/, removing from list!
Could not init font path element /usr/X11R6/lib/X11/fonts/misc/, removing from list!
Could not init font path element /usr/X11R6/lib/X11/fonts/75dpi/, removing from list!
Could not init font path element /usr/X11R6/lib/X11/fonts/100dpi/, removing from list!
Could not init font path element /usr/share/fonts/X11/75dpi/, removing from list!
Could not init font path element /usr/share/fonts/X11/100dpi/, removing from list!
Option "--login" is no longer supported in this version of gnome-terminal; you might want to create a profile with the desired setting, and use the new '--profile' option

(gnome-terminal:13348): GLib-GIO-CRITICAL **: g_settings_get: the format string may not contain '&' (key 'monospace-font-name' from schema 'org.gnome.desktop.interface'). This call will probably stop working with a future version of glib.

(gnome-terminal:13348): Vte-2.90-WARNING **: Unable to convert characters from текущая to X-VTE-GUNICHAR.
Unhandled value type TerminalEncoding of pspec encoding

(x-window-manager:13349): xfwm4-WARNING **: The display does not support the XRender extension.

(x-window-manager:13349): xfwm4-WARNING **: The display does not support the XComposite extension.

(x-window-manager:13349): xfwm4-WARNING **: The display does not support the XDamage extension.

(x-window-manager:13349): xfwm4-WARNING **: The display does not support the XFixes extension.

(x-window-manager:13349): xfwm4-WARNING **: Compositing manager disabled.

(x-window-manager:13349): GLib-CRITICAL **: g_str_has_prefix: assertion 'prefix != NULL' failed

(x-window-manager:13349): xfwm4-WARNING **: The property '/general/double_click_distance' of type int is not supported

(x-window-manager:13349): xfwm4-WARNING **: Failed to connect to session manager: Не удалось подключиться к менеджеру сеансов: SESSION_MANAGER environment variable not defined

Fri Sep  6 11:33:03 2019
 Connections: accepted: 0.0.0.0::49381
 SConnection: Client needs protocol version 3.8
 SConnection: Client requests security type VncAuth(2)

Fri Sep  6 11:33:09 2019
 VNCSConnST:  Server default pixel format depth 16 (16bpp) little-endian rgb565
 VNCSConnST:  Client pixel format depth 16 (16bpp) little-endian rgb565

Fri Sep  6 11:48:22 2019
 Connections: closed: 0.0.0.0::49381 (Clean disconnection)
 SMsgWriter:  framebuffer updates 1506
 SMsgWriter:    copyRect rects 1408, bytes 22528
 SMsgWriter:    hextile rects 15987, bytes 46069809
 SMsgWriter:    raw bytes equivalent 350803776, compression ratio 7.614613

Fri Sep  6 11:50:34 2019
 Connections: accepted: 0.0.0.0::49411
 SConnection: Client needs protocol version 3.8
 SConnection: Client requests security type VncAuth(2)

Fri Sep  6 11:50:38 2019
 SConnection: AuthFailureException: Authentication failure
 Connections: closed: 0.0.0.0::49411 (Authentication failure)

Fri Sep  6 11:50:46 2019
 Connections: accepted: 0.0.0.0::49413
 SConnection: Client needs protocol version 3.8
 SConnection: Client requests security type VncAuth(2)

Fri Sep  6 11:50:49 2019
 VNCSConnST:  Server default pixel format depth 16 (16bpp) little-endian rgb565
 VNCSConnST:  Client pixel format depth 16 (16bpp) little-endian rgb565

Fri Sep  6 11:50:55 2019
 Connections: closed: 0.0.0.0::49413 (Clean disconnection)
 SMsgWriter:  framebuffer updates 19
 SMsgWriter:    hextile rects 557, bytes 1474693
 SMsgWriter:    raw bytes equivalent 11878164, compression ratio 8.054669

Fri Sep  6 11:50:59 2019
 Connections: accepted: 0.0.0.0::49414
 SConnection: Client needs protocol version 3.8
 SConnection: Client requests security type VncAuth(2)

Fri Sep  6 11:51:05 2019
 VNCSConnST:  Server default pixel format depth 16 (16bpp) little-endian rgb565
 VNCSConnST:  Client pixel format depth 16 (16bpp) little-endian rgb565

Fri Sep  6 11:52:23 2019
 Connections: accepted: 0.0.0.0::49417
 SConnection: Client needs protocol version 3.8
 SConnection: Client requests security type VncAuth(2)

Fri Sep  6 11:52:28 2019
 VNCSConnST:  Server default pixel format depth 16 (16bpp) little-endian rgb565
 VNCSConnST:  Client pixel format depth 16 (16bpp) little-endian rgb565

Fri Sep  6 11:54:46 2019
 Connections: closed: 0.0.0.0::49417 (Clean disconnection)
 SMsgWriter:  framebuffer updates 596
 SMsgWriter:    copyRect rects 1053, bytes 16848
 SMsgWriter:    hextile rects 2770, bytes 1595314
 SMsgWriter:    raw bytes equivalent 31849064, compression ratio 19.964135

Fri Sep  6 11:54:57 2019
 Connections: accepted: 0.0.0.0::49445
 SConnection: Client needs protocol version 3.8
 SConnection: Client requests security type VncAuth(2)

Fri Sep  6 11:55:00 2019
 VNCSConnST:  Server default pixel format depth 16 (16bpp) little-endian rgb565
 VNCSConnST:  Client pixel format depth 16 (16bpp) little-endian rgb565

Fri Sep  6 11:58:30 2019
 XserverDesktop: Added unknown keysym 0x6eb to keycode 255

Fri Sep  6 11:58:31 2019
 XserverDesktop: Added unknown keysym 0x6c9 to keycode 254
 XserverDesktop: Added unknown keysym 0x6d2 to keycode 253

Fri Sep  6 11:58:32 2019
 XserverDesktop: Added unknown keysym 0x6cc to keycode 252

Fri Sep  6 11:58:33 2019
 XserverDesktop: Added unknown keysym 0x6d7 to keycode 251

Fri Sep  6 11:58:51 2019
 XserverDesktop: Added unknown keysym 0x6da to keycode 250

Fri Sep  6 11:59:05 2019
 XserverDesktop: Added unknown keysym 0x6f0 to keycode 249

Fri Sep  6 11:59:06 2019
 XserverDesktop: Added unknown keysym 0x6c5 to keycode 248
 XserverDesktop: Added unknown keysym 0x6d4 to keycode 247

Fri Sep  6 11:59:16 2019
 XserverDesktop: Added unknown keysym 0x6c2 to keycode 246

Fri Sep  6 12:11:50 2019
 XserverDesktop: Added unknown keysym 0x6c1 to keycode 245

Fri Sep  6 12:11:54 2019
 XserverDesktop: Added unknown keysym 0x6d3 to keycode 244

Fri Sep  6 12:11:56 2019
 XserverDesktop: Added unknown keysym 0x6cf to keycode 243

Fri Sep  6 12:11:57 2019
 XserverDesktop: Added unknown keysym 0xf3 to keycode 242

Fri Sep  6 12:28:55 2019
 Connections: closed: 0.0.0.0::49414 (Clean disconnection)
 SMsgWriter:  framebuffer updates 7728
 SMsgWriter:    copyRect rects 2373, bytes 37968
 SMsgWriter:    hextile rects 20268, bytes 24057313
 SMsgWriter:    raw bytes equivalent 419464232, compression ratio 17.436038

Fri Sep  6 12:28:56 2019
 Connections: closed: 0.0.0.0::49445 (Clean disconnection)
 SMsgWriter:  framebuffer updates 18883
 SMsgWriter:    copyRect rects 2096, bytes 33536
 SMsgWriter:    hextile rects 44361, bytes 20878352
 SMsgWriter:    raw bytes equivalent 357078222, compression ratio 17.102797

Fri Sep  6 12:29:00 2019
 Connections: accepted: 0.0.0.0::49486
 SConnection: Client needs protocol version 3.8
 SConnection: Client requests security type VncAuth(2)

Fri Sep  6 12:29:04 2019
 VNCSConnST:  Server default pixel format depth 16 (16bpp) little-endian rgb565
 VNCSConnST:  Client pixel format depth 16 (16bpp) little-endian rgb565
 VNCSConnST:  Client pixel format depth 16 (16bpp) little-endian rgb565

Fri Sep  6 12:29:22 2019
 XserverDesktop: Added unknown keysym 0x6d1 to keycode 241

Fri Sep  6 12:29:23 2019
 Connections: closed: 0.0.0.0::49486 (Clean disconnection)
 SMsgWriter:  framebuffer updates 2
 SMsgWriter:    hextile rects 2, bytes 8298
 SMsgWriter:    ZRLE rects 1, bytes 158
 SMsgWriter:    raw bytes equivalent 8294756, compression ratio 980.931410

Fri Sep  6 12:29:26 2019
 Connections: accepted: 0.0.0.0::49487
 SConnection: Client needs protocol version 3.8
 SConnection: Client requests security type VncAuth(2)

Fri Sep  6 12:29:29 2019
 VNCSConnST:  Server default pixel format depth 16 (16bpp) little-endian rgb565
 VNCSConnST:  Client pixel format depth 16 (16bpp) little-endian rgb565
 VNCSConnST:  Client pixel format depth 16 (16bpp) little-endian rgb565

Fri Sep  6 12:30:51 2019
 Connections: closed: 0.0.0.0::49487 (Clean disconnection)
 SMsgWriter:  framebuffer updates 5
 SMsgWriter:    hextile rects 2, bytes 8298
 SMsgWriter:    ZRLE rects 5, bytes 562
 SMsgWriter:    raw bytes equivalent 16589844, compression ratio 1872.442889

Fri Sep  6 12:33:45 2019
 Connections: accepted: 0.0.0.0::49509
 SConnection: Client needs protocol version 3.8
 SConnection: Client requests security type VncAuth(2)

Fri Sep  6 12:33:49 2019
 VNCSConnST:  Server default pixel format depth 16 (16bpp) little-endian rgb565
 VNCSConnST:  Client pixel format depth 16 (16bpp) little-endian rgb565
 VNCSConnST:  Client pixel format depth 16 (16bpp) little-endian rgb565

Fri Sep  6 12:34:05 2019
 Connections: closed: 0.0.0.0::49509 (Clean disconnection)
 SMsgWriter:  framebuffer updates 3
 SMsgWriter:    hextile rects 2, bytes 8298
 SMsgWriter:    ZRLE rects 3, bytes 258
 SMsgWriter:    raw bytes equivalent 8295420, compression ratio 969.544180
